servers : 10.0.0.6:11212
threads count: 12
concurrency: 12
run time: 360s
windows size: 1k
set proportion: set_prop=0.00
get proportion: get_prop=1.00
[1;1H[2J
Get Statistics
Type     Time(s)  Ops          TPS(ops/s)   Net(M/s)   Get_miss   Min(us)  Max(us)    Avg(us)    Std_dev    Geo_dist  
Period   10       28346        2834         0.4        0          362      117863     4248       5895.60    2334.76
Global   10       28346        2834         0.4        0          362      117863     4248       5895.60    2334.76

Total Statistics
Type     Time(s)  Ops          TPS(ops/s)   Net(M/s)   Get_miss   Min(us)  Max(us)    Avg(us)    Std_dev    Geo_dist  
Period   10       28346        2834         0.4        0          362      117863     4248       5895.60    2334.76
Global   10       28346        2834         0.4        0          362      117863     4248       5895.60    2334.76

[1;1H[2J
Get Statistics
Type     Time(s)  Ops          TPS(ops/s)   Net(M/s)   Get_miss   Min(us)  Max(us)    Avg(us)    Std_dev    Geo_dist  
Period   10       29902        2990         0.4        0          372      122469     3991       4836.99    2263.62
Global   20       58248        2912         0.4        0          362      122469     4116       5379.78    2297.97

Total Statistics
Type     Time(s)  Ops          TPS(ops/s)   Net(M/s)   Get_miss   Min(us)  Max(us)    Avg(us)    Std_dev    Geo_dist  
Period   10       29902        2990         0.4        0          372      122469     3991       4836.99    2263.62
Global   20       58248        2912         0.4        0          362      122469     4116       5379.78    2297.97

[1;1H[2J
Get Statistics
Type     Time(s)  Ops          TPS(ops/s)   Net(M/s)   Get_miss   Min(us)  Max(us)    Avg(us)    Std_dev    Geo_dist  
Period   10       29354        2935         0.4        0          348      127404     4135       5536.04    2327.91
Global   30       87602        2920         0.4        0          348      127404     4123       5432.14    2307.96

Total Statistics
Type     Time(s)  Ops          TPS(ops/s)   Net(M/s)   Get_miss   Min(us)  Max(us)    Avg(us)    Std_dev    Geo_dist  
Period   10       29354        2935         0.4        0          348      127404     4135       5536.04    2327.91
Global   30       87602        2920         0.4        0          348      127404     4123       5432.14    2307.96

[1;1H[2J
Get Statistics
Type     Time(s)  Ops          TPS(ops/s)   Net(M/s)   Get_miss   Min(us)  Max(us)    Avg(us)    Std_dev    Geo_dist  
Period   10       29178        2917         0.4        0          323      206543     4129       6509.61    2231.69
Global   40       116780       2919         0.4        0          323      206543     4124       5720.73    2288.66

Total Statistics
Type     Time(s)  Ops          TPS(ops/s)   Net(M/s)   Get_miss   Min(us)  Max(us)    Avg(us)    Std_dev    Geo_dist  
Period   10       29179        2917         0.4        0          323      206543     4129       6509.45    2231.62
Global   40       116781       2919         0.4        0          323      206543     4124       5720.69    2288.64

[1;1H[2J
Get Statistics
Type     Time(s)  Ops          TPS(ops/s)   Net(M/s)   Get_miss   Min(us)  Max(us)    Avg(us)    Std_dev    Geo_dist  
Period   10       29517        2951         0.4        0          343      211902     4079       6291.13    2243.75
Global   50       146297       2925         0.4        0          323      211902     4115       5840.25    2279.63

Total Statistics
Type     Time(s)  Ops          TPS(ops/s)   Net(M/s)   Get_miss   Min(us)  Max(us)    Avg(us)    Std_dev    Geo_dist  
Period   10       29516        2951         0.4        0          343      211902     4079       6291.28    2244.34
Global   50       146297       2925         0.4        0          323      211902     4115       5840.25    2279.63

[1;1H[2J
Get Statistics
Type     Time(s)  Ops          TPS(ops/s)   Net(M/s)   Get_miss   Min(us)  Max(us)    Avg(us)    Std_dev    Geo_dist  
Period   10       30497        3049         0.4        0          356      409621     3948       9017.55    2108.49
Global   60       176794       2946         0.4        0          323      409621     4086       6500.54    2249.15

Total Statistics
Type     Time(s)  Ops          TPS(ops/s)   Net(M/s)   Get_miss   Min(us)  Max(us)    Avg(us)    Std_dev    Geo_dist  
Period   10       30497        3049         0.4        0          356      409621     3948       9017.55    2108.49
Global   60       176794       2946         0.4        0          323      409621     4086       6500.54    2249.15

[1;1H[2J
Get Statistics
Type     Time(s)  Ops          TPS(ops/s)   Net(M/s)   Get_miss   Min(us)  Max(us)    Avg(us)    Std_dev    Geo_dist  
Period   10       28011        2801         0.4        0          328      1336000    4302       27606.00   2000.58
Global   70       204805       2925         0.4        0          323      1336000    4116       11861.98   2213.41

Total Statistics
Type     Time(s)  Ops          TPS(ops/s)   Net(M/s)   Get_miss   Min(us)  Max(us)    Avg(us)    Std_dev    Geo_dist  
Period   10       28011        2801         0.4        0          328      1336000    4302       27606.00   2000.58
Global   70       204805       2925         0.4        0          323      1336000    4116       11861.98   2213.41

[1;1H[2J
Get Statistics
Type     Time(s)  Ops          TPS(ops/s)   Net(M/s)   Get_miss   Min(us)  Max(us)    Avg(us)    Std_dev    Geo_dist  
Period   10       26809        2680         0.4        0          326      477062     4491       11064.16   2405.08
Global   80       231614       2895         0.4        0          323      1336000    4159       11773.14   2234.79

Total Statistics
Type     Time(s)  Ops          TPS(ops/s)   Net(M/s)   Get_miss   Min(us)  Max(us)    Avg(us)    Std_dev    Geo_dist  
Period   10       26809        2680         0.4        0          326      477062     4491       11064.16   2405.08
Global   80       231614       2895         0.4        0          323      1336000    4159       11773.14   2234.79

[1;1H[2J
Get Statistics
Type     Time(s)  Ops          TPS(ops/s)   Net(M/s)   Get_miss   Min(us)  Max(us)    Avg(us)    Std_dev    Geo_dist  
Period   10       29677        2967         0.4        0          330      156763     4060       6107.22    2209.90
Global   90       261291       2903         0.4        0          323      1336000    4148       11273.82   2231.95

Total Statistics
Type     Time(s)  Ops          TPS(ops/s)   Net(M/s)   Get_miss   Min(us)  Max(us)    Avg(us)    Std_dev    Geo_dist  
Period   10       29677        2967         0.4        0          330      156763     4060       6107.22    2209.90
Global   90       261291       2903         0.4        0          323      1336000    4148       11273.82   2231.95

[1;1H[2J
Get Statistics
Type     Time(s)  Ops          TPS(ops/s)   Net(M/s)   Get_miss   Min(us)  Max(us)    Avg(us)    Std_dev    Geo_dist  
Period   10       28043        2804         0.4        0          339      142341     4304       5977.46    2423.79
Global   100      289334       2893         0.4        0          323      1336000    4163       10874.11   2249.86

Total Statistics
Type     Time(s)  Ops          TPS(ops/s)   Net(M/s)   Get_miss   Min(us)  Max(us)    Avg(us)    Std_dev    Geo_dist  
Period   10       28043        2804         0.4        0          339      142341     4304       5977.46    2423.79
Global   100      289334       2893         0.4        0          323      1336000    4163       10874.11   2249.86

[1;1H[2J
Get Statistics
Type     Time(s)  Ops          TPS(ops/s)   Net(M/s)   Get_miss   Min(us)  Max(us)    Avg(us)    Std_dev    Geo_dist  
Period   10       30474        3047         0.4        0          352      75404      3949       4454.56    2210.82
Global   110      319808       2907         0.4        0          323      1336000    4143       10434.09   2246.11

Total Statistics
Type     Time(s)  Ops          TPS(ops/s)   Net(M/s)   Get_miss   Min(us)  Max(us)    Avg(us)    Std_dev    Geo_dist  
Period   10       30474        3047         0.4        0          352      75404      3949       4454.56    2210.82
Global   110      319808       2907         0.4        0          323      1336000    4143       10434.09   2246.11

[1;1H[2J
Get Statistics
Type     Time(s)  Ops          TPS(ops/s)   Net(M/s)   Get_miss   Min(us)  Max(us)    Avg(us)    Std_dev    Geo_dist  
Period   10       30367        3036         0.4        0          325      225213     3965       6504.25    2133.92
Global   120      350175       2918         0.4        0          323      1336000    4127       10154.05   2236.15

Total Statistics
Type     Time(s)  Ops          TPS(ops/s)   Net(M/s)   Get_miss   Min(us)  Max(us)    Avg(us)    Std_dev    Geo_dist  
Period   10       30367        3036         0.4        0          325      225213     3965       6504.25    2133.92
Global   120      350175       2918         0.4        0          323      1336000    4127       10154.05   2236.15

[1;1H[2J
Get Statistics
Type     Time(s)  Ops          TPS(ops/s)   Net(M/s)   Get_miss   Min(us)  Max(us)    Avg(us)    Std_dev    Geo_dist  
Period   10       26531        2653         0.4        0          358      492578     4540       11713.13   2368.33
Global   130      376706       2897         0.4        0          323      1336000    4156       10272.17   2245.21

Total Statistics
Type     Time(s)  Ops          TPS(ops/s)   Net(M/s)   Get_miss   Min(us)  Max(us)    Avg(us)    Std_dev    Geo_dist  
Period   10       26531        2653         0.4        0          358      492578     4540       11713.13   2368.33
Global   130      376706       2897         0.4        0          323      1336000    4156       10272.17   2245.21

[1;1H[2J
Get Statistics
Type     Time(s)  Ops          TPS(ops/s)   Net(M/s)   Get_miss   Min(us)  Max(us)    Avg(us)    Std_dev    Geo_dist  
Period   10       26838        2683         0.4        0          379      149312     4484       6381.72    2558.06
Global   140      403544       2882         0.4        0          323      1336000    4178       10060.49   2264.78

Total Statistics
Type     Time(s)  Ops          TPS(ops/s)   Net(M/s)   Get_miss   Min(us)  Max(us)    Avg(us)    Std_dev    Geo_dist  
Period   10       26838        2683         0.4        0          379      149312     4484       6381.72    2558.06
Global   140      403544       2882         0.4        0          323      1336000    4178       10060.49   2264.78

[1;1H[2J
Get Statistics
Type     Time(s)  Ops          TPS(ops/s)   Net(M/s)   Get_miss   Min(us)  Max(us)    Avg(us)    Std_dev    Geo_dist  
Period   10       29946        2994         0.4        0          380      136469     4022       5451.60    2216.77
Global   150      433490       2889         0.4        0          323      1336000    4167       9812.13    2261.43

Total Statistics
Type     Time(s)  Ops          TPS(ops/s)   Net(M/s)   Get_miss   Min(us)  Max(us)    Avg(us)    Std_dev    Geo_dist  
Period   10       29946        2994         0.4        0          380      136469     4022       5451.60    2216.77
Global   150      433490       2889         0.4        0          323      1336000    4167       9812.13    2261.43

[1;1H[2J
Get Statistics
Type     Time(s)  Ops          TPS(ops/s)   Net(M/s)   Get_miss   Min(us)  Max(us)    Avg(us)    Std_dev    Geo_dist  
Period   10       29904        2990         0.4        0          307      181764     4027       5698.55    2190.71
Global   160      463394       2896         0.4        0          307      1336000    4158       9600.07    2256.80

Total Statistics
Type     Time(s)  Ops          TPS(ops/s)   Net(M/s)   Get_miss   Min(us)  Max(us)    Avg(us)    Std_dev    Geo_dist  
Period   10       29904        2990         0.4        0          307      181764     4027       5698.55    2190.71
Global   160      463394       2896         0.4        0          307      1336000    4158       9600.07    2256.80

[1;1H[2J
Get Statistics
Type     Time(s)  Ops          TPS(ops/s)   Net(M/s)   Get_miss   Min(us)  Max(us)    Avg(us)    Std_dev    Geo_dist  
Period   10       29512        2951         0.4        0          370      126802     4079       5354.85    2231.65
Global   170      492906       2899         0.4        0          307      1336000    4154       9399.70    2255.28

Total Statistics
Type     Time(s)  Ops          TPS(ops/s)   Net(M/s)   Get_miss   Min(us)  Max(us)    Avg(us)    Std_dev    Geo_dist  
Period   10       29512        2951         0.4        0          370      126802     4079       5354.85    2231.65
Global   170      492906       2899         0.4        0          307      1336000    4154       9399.70    2255.28

[1;1H[2J
Get Statistics
Type     Time(s)  Ops          TPS(ops/s)   Net(M/s)   Get_miss   Min(us)  Max(us)    Avg(us)    Std_dev    Geo_dist  
Period   10       29343        2934         0.4        0          373      65881      4102       4265.44    2343.52
Global   180      522249       2901         0.4        0          307      1336000    4151       9187.66    2260.15

Total Statistics
Type     Time(s)  Ops          TPS(ops/s)   Net(M/s)   Get_miss   Min(us)  Max(us)    Avg(us)    Std_dev    Geo_dist  
Period   10       29343        2934         0.4        0          373      65881      4102       4265.44    2343.52
Global   180      522249       2901         0.4        0          307      1336000    4151       9187.66    2260.15

[1;1H[2J
Get Statistics
Type     Time(s)  Ops          TPS(ops/s)   Net(M/s)   Get_miss   Min(us)  Max(us)    Avg(us)    Std_dev    Geo_dist  
Period   10       30550        3055         0.4        0          371      66445      3941       4303.97    2187.66
Global   190      552799       2909         0.4        0          307      1336000    4139       8987.62    2256.08

Total Statistics
Type     Time(s)  Ops          TPS(ops/s)   Net(M/s)   Get_miss   Min(us)  Max(us)    Avg(us)    Std_dev    Geo_dist  
Period   10       30550        3055         0.4        0          371      66445      3941       4303.97    2187.66
Global   190      552799       2909         0.4        0          307      1336000    4139       8987.62    2256.08

[1;1H[2J
Get Statistics
Type     Time(s)  Ops          TPS(ops/s)   Net(M/s)   Get_miss   Min(us)  Max(us)    Avg(us)    Std_dev    Geo_dist  
Period   10       27502        2750         0.4        0          393      178345     4380       7042.37    2443.88
Global   200      580301       2901         0.4        0          307      1336000    4150       8905.36    2264.65

Total Statistics
Type     Time(s)  Ops          TPS(ops/s)   Net(M/s)   Get_miss   Min(us)  Max(us)    Avg(us)    Std_dev    Geo_dist  
Period   10       27502        2750         0.4        0          393      178345     4380       7042.37    2443.88
Global   200      580301       2901         0.4        0          307      1336000    4150       8905.36    2264.65

[1;1H[2J
Get Statistics
Type     Time(s)  Ops          TPS(ops/s)   Net(M/s)   Get_miss   Min(us)  Max(us)    Avg(us)    Std_dev    Geo_dist  
Period   10       29896        2989         0.4        0          360      373217     4026       9594.22    2025.37
Global   210      610197       2905         0.4        0          307      1336000    4144       8940.35    2252.29

Total Statistics
Type     Time(s)  Ops          TPS(ops/s)   Net(M/s)   Get_miss   Min(us)  Max(us)    Avg(us)    Std_dev    Geo_dist  
Period   10       29896        2989         0.4        0          360      373217     4026       9594.22    2025.37
Global   210      610197       2905         0.4        0          307      1336000    4144       8940.35    2252.29

[1;1H[2J
Get Statistics
Type     Time(s)  Ops          TPS(ops/s)   Net(M/s)   Get_miss   Min(us)  Max(us)    Avg(us)    Std_dev    Geo_dist  
Period   10       27685        2768         0.4        0          356      485604     4351       13353.98   2096.91
Global   220      637882       2899         0.4        0          307      1336000    4153       9176.16    2245.31

Total Statistics
Type     Time(s)  Ops          TPS(ops/s)   Net(M/s)   Get_miss   Min(us)  Max(us)    Avg(us)    Std_dev    Geo_dist  
Period   10       27685        2768         0.4        0          356      485604     4351       13353.98   2096.91
Global   220      637882       2899         0.4        0          307      1336000    4153       9176.16    2245.31

[1;1H[2J
Get Statistics
Type     Time(s)  Ops          TPS(ops/s)   Net(M/s)   Get_miss   Min(us)  Max(us)    Avg(us)    Std_dev    Geo_dist  
Period   10       32814        3281         0.4        0          365      88225      3667       4444.17    1970.26
Global   230      670696       2916         0.5        0          307      1336000    4130       9002.95    2231.01

Total Statistics
Type     Time(s)  Ops          TPS(ops/s)   Net(M/s)   Get_miss   Min(us)  Max(us)    Avg(us)    Std_dev    Geo_dist  
Period   10       32814        3281         0.4        0          365      88225      3667       4444.17    1970.26
Global   230      670696       2916         0.5        0          307      1336000    4130       9002.95    2231.01

[1;1H[2J
Get Statistics
Type     Time(s)  Ops          TPS(ops/s)   Net(M/s)   Get_miss   Min(us)  Max(us)    Avg(us)    Std_dev    Geo_dist  
Period   10       30815        3081         0.4        0          358      127693     3902       4607.17    2204.24
Global   240      701511       2922         0.4        0          307      1336000    4119       8856.37    2229.82

Total Statistics
Type     Time(s)  Ops          TPS(ops/s)   Net(M/s)   Get_miss   Min(us)  Max(us)    Avg(us)    Std_dev    Geo_dist  
Period   10       30815        3081         0.4        0          358      127693     3902       4607.17    2204.24
Global   240      701511       2922         0.4        0          307      1336000    4119       8856.37    2229.82

[1;1H[2J
Get Statistics
Type     Time(s)  Ops          TPS(ops/s)   Net(M/s)   Get_miss   Min(us)  Max(us)    Avg(us)    Std_dev    Geo_dist  
Period   10       29909        2990         0.4        0          412      147400     4033       4896.85    2345.13
Global   250      731420       2925         0.4        0          307      1336000    4116       8729.52    2234.42

Total Statistics
Type     Time(s)  Ops          TPS(ops/s)   Net(M/s)   Get_miss   Min(us)  Max(us)    Avg(us)    Std_dev    Geo_dist  
Period   10       29909        2990         0.4        0          412      147400     4033       4896.85    2345.13
Global   250      731420       2925         0.4        0          307      1336000    4116       8729.52    2234.42

[1;1H[2J
Get Statistics
Type     Time(s)  Ops          TPS(ops/s)   Net(M/s)   Get_miss   Min(us)  Max(us)    Avg(us)    Std_dev    Geo_dist  
Period   10       30272        3027         0.4        0          365      137424     3977       4947.79    2251.39
Global   260      761692       2929         0.4        0          307      1336000    4110       8611.24    2235.10

Total Statistics
Type     Time(s)  Ops          TPS(ops/s)   Net(M/s)   Get_miss   Min(us)  Max(us)    Avg(us)    Std_dev    Geo_dist  
Period   10       30272        3027         0.4        0          365      137424     3977       4947.79    2251.39
Global   260      761692       2929         0.4        0          307      1336000    4110       8611.24    2235.10

[1;1H[2J
Get Statistics
Type     Time(s)  Ops          TPS(ops/s)   Net(M/s)   Get_miss   Min(us)  Max(us)    Avg(us)    Std_dev    Geo_dist  
Period   10       30781        3078         0.4        0          374      127972     3910       5163.01    2139.78
Global   270      792473       2935         0.4        0          307      1336000    4103       8503.16    2231.32

Total Statistics
Type     Time(s)  Ops          TPS(ops/s)   Net(M/s)   Get_miss   Min(us)  Max(us)    Avg(us)    Std_dev    Geo_dist  
Period   10       30781        3078         0.4        0          374      127972     3910       5163.01    2139.78
Global   270      792473       2935         0.4        0          307      1336000    4103       8503.16    2231.32

[1;1H[2J
Get Statistics
Type     Time(s)  Ops          TPS(ops/s)   Net(M/s)   Get_miss   Min(us)  Max(us)    Avg(us)    Std_dev    Geo_dist  
Period   10       30174        3017         0.4        0          401      46986      3992       3983.52    2321.39
Global   280      822647       2938         0.4        0          307      1336000    4099       8380.55    2234.56

Total Statistics
Type     Time(s)  Ops          TPS(ops/s)   Net(M/s)   Get_miss   Min(us)  Max(us)    Avg(us)    Std_dev    Geo_dist  
Period   10       30176        3017         0.4        0          401      46986      3992       3983.27    2321.25
Global   280      822649       2938         0.4        0          307      1336000    4099       8380.54    2234.55

[1;1H[2J
Get Statistics
Type     Time(s)  Ops          TPS(ops/s)   Net(M/s)   Get_miss   Min(us)  Max(us)    Avg(us)    Std_dev    Geo_dist  
Period   10       28670        2867         0.4        0          362      178722     4198       5672.78    2413.78
Global   290      851317       2935         0.4        0          307      1336000    4102       8303.92    2240.41

Total Statistics
Type     Time(s)  Ops          TPS(ops/s)   Net(M/s)   Get_miss   Min(us)  Max(us)    Avg(us)    Std_dev    Geo_dist  
Period   10       28668        2866         0.4        0          362      178722     4199       5672.35    2415.09
Global   290      851317       2935         0.4        0          307      1336000    4102       8303.92    2240.41

[1;1H[2J
Get Statistics
Type     Time(s)  Ops          TPS(ops/s)   Net(M/s)   Get_miss   Min(us)  Max(us)    Avg(us)    Std_dev    Geo_dist  
Period   10       27119        2711         0.4        0          358      375594     4441       9829.99    2508.22
Global   300      878436       2928         0.4        0          307      1336000    4112       8355.63    2248.23

Total Statistics
Type     Time(s)  Ops          TPS(ops/s)   Net(M/s)   Get_miss   Min(us)  Max(us)    Avg(us)    Std_dev    Geo_dist  
Period   10       27119        2711         0.4        0          358      375594     4441       9829.99    2508.22
Global   300      878436       2928         0.4        0          307      1336000    4112       8355.63    2248.23

[1;1H[2J
Get Statistics
Type     Time(s)  Ops          TPS(ops/s)   Net(M/s)   Get_miss   Min(us)  Max(us)    Avg(us)    Std_dev    Geo_dist  
Period   10       30621        3062         0.4        0          342      77109      3932       4262.23    2224.06
Global   310      909057       2932         0.4        0          307      1336000    4106       8250.90    2247.41

Total Statistics
Type     Time(s)  Ops          TPS(ops/s)   Net(M/s)   Get_miss   Min(us)  Max(us)    Avg(us)    Std_dev    Geo_dist  
Period   10       30621        3062         0.4        0          342      77109      3932       4262.23    2224.06
Global   310      909057       2932         0.4        0          307      1336000    4106       8250.90    2247.41

[1;1H[2J
Get Statistics
Type     Time(s)  Ops          TPS(ops/s)   Net(M/s)   Get_miss   Min(us)  Max(us)    Avg(us)    Std_dev    Geo_dist  
Period   10       30204        3020         0.4        0          333      279512     3987       7327.65    2161.82
Global   320      939261       2935         0.4        0          307      1336000    4102       8222.93    2244.61

Total Statistics
Type     Time(s)  Ops          TPS(ops/s)   Net(M/s)   Get_miss   Min(us)  Max(us)    Avg(us)    Std_dev    Geo_dist  
Period   10       30204        3020         0.4        0          333      279512     3987       7327.65    2161.82
Global   320      939261       2935         0.4        0          307      1336000    4102       8222.93    2244.61

[1;1H[2J
Get Statistics
Type     Time(s)  Ops          TPS(ops/s)   Net(M/s)   Get_miss   Min(us)  Max(us)    Avg(us)    Std_dev    Geo_dist  
Period   10       30624        3062         0.4        0          365      147861     3931       4615.72    2219.33
Global   330      969885       2939         0.4        0          307      1336000    4097       8133.38    2243.81

Total Statistics
Type     Time(s)  Ops          TPS(ops/s)   Net(M/s)   Get_miss   Min(us)  Max(us)    Avg(us)    Std_dev    Geo_dist  
Period   10       30624        3062         0.4        0          365      147861     3931       4615.72    2219.33
Global   330      969885       2939         0.4        0          307      1336000    4097       8133.38    2243.81

[1;1H[2J
Get Statistics
Type     Time(s)  Ops          TPS(ops/s)   Net(M/s)   Get_miss   Min(us)  Max(us)    Avg(us)    Std_dev    Geo_dist  
Period   10       27448        2744         0.4        0          355      490820     4387       12263.34   2354.97
Global   340      997333       2933         0.4        0          307      1336000    4105       8274.79    2246.79

Total Statistics
Type     Time(s)  Ops          TPS(ops/s)   Net(M/s)   Get_miss   Min(us)  Max(us)    Avg(us)    Std_dev    Geo_dist  
Period   10       27448        2744         0.4        0          355      490820     4387       12263.34   2354.97
Global   340      997333       2933         0.4        0          307      1336000    4105       8274.79    2246.79

[1;1H[2J
Get Statistics
Type     Time(s)  Ops          TPS(ops/s)   Net(M/s)   Get_miss   Min(us)  Max(us)    Avg(us)    Std_dev    Geo_dist  
Period   10       29482        2948         0.4        0          344      368740     4081       8357.74    2130.54
Global   350      1026815      2933         0.4        0          307      1336000    4104       8277.34    2243.37

Total Statistics
Type     Time(s)  Ops          TPS(ops/s)   Net(M/s)   Get_miss   Min(us)  Max(us)    Avg(us)    Std_dev    Geo_dist  
Period   10       29482        2948         0.4        0          344      368740     4081       8357.74    2130.54
Global   350      1026815      2933         0.4        0          307      1336000    4104       8277.34    2243.37

[1;1H[2J
Get Statistics
Type     Time(s)  Ops          TPS(ops/s)   Net(M/s)   Get_miss   Min(us)  Max(us)    Avg(us)    Std_dev    Geo_dist  
Period   10       30186        3018         0.4        0          380      77787      3993       4188.70    2301.48
Global   360      1057001      2936         0.4        0          307      1336000    4101       8188.87    2245.01

Total Statistics
Type     Time(s)  Ops          TPS(ops/s)   Net(M/s)   Get_miss   Min(us)  Max(us)    Avg(us)    Std_dev    Geo_dist  
Period   10       30186        3018         0.4        0          380      77787      3993       4188.70    2301.48
Global   360      1057001      2936         0.4        0          307      1336000    4101       8188.87    2245.01

Get Statistics (1057013 events)
   Min:       307
   Max:   1336000
   Avg:      4101
   Geo:   2245.05
   Std:   8188.89
   Log2 Dist:
       8:        0     5331   372762   259761
      12:    22706   222571   162070     9870
      16:      775      737      291      127
      20:        0       12

Total Statistics (1057013 events)
   Min:       307
   Max:   1336000
   Avg:      4101
   Geo:   2245.05
   Std:   8188.89
   Log2 Dist:
       8:        0     5331   372762   259761
      12:    22706   222571   162070     9870
      16:      775      737      291      127
      20:        0       12

cmd_get: 1057025
cmd_set: 12288
get_misses: 0
written_bytes: 25220366
read_bytes: 174505449
object_bytes: 1769472

Run time: 361.5s Ops: 1069313 TPS: 2958 Net_rate: 0.5M/s
