[INFO ] 2016-11-08 17:18:34.588 [main] UniformHasher - Hasher initialised.
[INFO ] 2016-11-08 17:18:34.598 [main] MiddlewareMain - Starting middleware...
[INFO ] 2016-11-08 17:18:34.598 [main] MiddlewareMain - [load balancer IP]: 10.0.0.6
[INFO ] 2016-11-08 17:18:34.599 [main] MiddlewareMain - [load balancer port]: 11212
[INFO ] 2016-11-08 17:18:34.599 [main] MiddlewareMain - [number of read threads per component]: 16
[INFO ] 2016-11-08 17:18:34.599 [main] MiddlewareMain - [replication factor]: 1
[INFO ] 2016-11-08 17:18:34.599 [main] MiddlewareMain - [memcached addresses]: [10.0.0.12:11211, 10.0.0.4:11211, 10.0.0.11:11211, 10.0.0.8:11211, 10.0.0.5:11211]
[INFO ] 2016-11-08 17:18:34.631 [main] WriteWorker - c0w0 connected to server /10.0.0.12:11211.
[INFO ] 2016-11-08 17:18:34.640 [pool-2-thread-1] WriteWorker - c0w0 started; writing to machines: [0].
[INFO ] 2016-11-08 17:18:34.659 [pool-2-thread-2] ReadWorker - c0r0 started.
[INFO ] 2016-11-08 17:18:34.661 [pool-2-thread-3] ReadWorker - c0r1 started.
[INFO ] 2016-11-08 17:18:34.661 [pool-2-thread-4] ReadWorker - c0r2 started.
[INFO ] 2016-11-08 17:18:34.662 [pool-2-thread-5] ReadWorker - c0r3 started.
[INFO ] 2016-11-08 17:18:34.662 [pool-2-thread-6] ReadWorker - c0r4 started.
[INFO ] 2016-11-08 17:18:34.670 [pool-2-thread-7] ReadWorker - c0r5 started.
[INFO ] 2016-11-08 17:18:34.671 [pool-2-thread-8] ReadWorker - c0r6 started.
[INFO ] 2016-11-08 17:18:34.671 [pool-2-thread-9] ReadWorker - c0r7 started.
[INFO ] 2016-11-08 17:18:34.672 [pool-2-thread-10] ReadWorker - c0r8 started.
[INFO ] 2016-11-08 17:18:34.673 [pool-2-thread-11] ReadWorker - c0r9 started.
[INFO ] 2016-11-08 17:18:34.674 [pool-2-thread-12] ReadWorker - c0r10 started.
[INFO ] 2016-11-08 17:18:34.675 [pool-2-thread-14] ReadWorker - c0r12 started.
[INFO ] 2016-11-08 17:18:34.681 [pool-2-thread-13] ReadWorker - c0r11 started.
[INFO ] 2016-11-08 17:18:34.682 [pool-2-thread-15] ReadWorker - c0r13 started.
[INFO ] 2016-11-08 17:18:34.684 [main] MiddlewareComponent - MiddlewareComponent #0 initialised.
[INFO ] 2016-11-08 17:18:34.683 [pool-2-thread-16] ReadWorker - c0r14 started.
[INFO ] 2016-11-08 17:18:34.684 [pool-2-thread-17] ReadWorker - c0r15 started.
[INFO ] 2016-11-08 17:18:34.685 [main] WriteWorker - c1w0 connected to server /10.0.0.4:11211.
[INFO ] 2016-11-08 17:18:34.687 [pool-2-thread-19] ReadWorker - c1r0 started.
[INFO ] 2016-11-08 17:18:34.687 [pool-2-thread-20] ReadWorker - c1r1 started.
[INFO ] 2016-11-08 17:18:34.686 [pool-2-thread-18] WriteWorker - c1w0 started; writing to machines: [1].
[INFO ] 2016-11-08 17:18:34.696 [pool-2-thread-21] ReadWorker - c1r2 started.
[INFO ] 2016-11-08 17:18:34.696 [pool-2-thread-22] ReadWorker - c1r3 started.
[INFO ] 2016-11-08 17:18:34.698 [pool-2-thread-23] ReadWorker - c1r4 started.
[INFO ] 2016-11-08 17:18:34.698 [pool-2-thread-24] ReadWorker - c1r5 started.
[INFO ] 2016-11-08 17:18:34.706 [pool-2-thread-25] ReadWorker - c1r6 started.
[INFO ] 2016-11-08 17:18:34.707 [pool-2-thread-26] ReadWorker - c1r7 started.
[INFO ] 2016-11-08 17:18:34.708 [pool-2-thread-27] ReadWorker - c1r8 started.
[INFO ] 2016-11-08 17:18:34.709 [pool-2-thread-28] ReadWorker - c1r9 started.
[INFO ] 2016-11-08 17:18:34.710 [pool-2-thread-29] ReadWorker - c1r10 started.
[INFO ] 2016-11-08 17:18:34.719 [pool-2-thread-30] ReadWorker - c1r11 started.
[INFO ] 2016-11-08 17:18:34.719 [pool-2-thread-31] ReadWorker - c1r12 started.
[INFO ] 2016-11-08 17:18:34.720 [pool-2-thread-32] ReadWorker - c1r13 started.
[INFO ] 2016-11-08 17:18:34.721 [pool-2-thread-33] ReadWorker - c1r14 started.
[INFO ] 2016-11-08 17:18:34.722 [main] MiddlewareComponent - MiddlewareComponent #1 initialised.
[INFO ] 2016-11-08 17:18:34.723 [pool-2-thread-34] ReadWorker - c1r15 started.
[INFO ] 2016-11-08 17:18:34.723 [main] WriteWorker - c2w0 connected to server /10.0.0.11:11211.
[INFO ] 2016-11-08 17:18:34.787 [pool-2-thread-36] ReadWorker - c2r0 started.
[INFO ] 2016-11-08 17:18:34.794 [pool-2-thread-37] ReadWorker - c2r1 started.
[INFO ] 2016-11-08 17:18:34.793 [pool-2-thread-35] WriteWorker - c2w0 started; writing to machines: [2].
[INFO ] 2016-11-08 17:18:34.794 [pool-2-thread-38] ReadWorker - c2r2 started.
[INFO ] 2016-11-08 17:18:34.795 [pool-2-thread-39] ReadWorker - c2r3 started.
[INFO ] 2016-11-08 17:18:34.796 [pool-2-thread-40] ReadWorker - c2r4 started.
[INFO ] 2016-11-08 17:18:34.797 [pool-2-thread-41] ReadWorker - c2r5 started.
[INFO ] 2016-11-08 17:18:34.805 [pool-2-thread-42] ReadWorker - c2r6 started.
[INFO ] 2016-11-08 17:18:34.806 [pool-2-thread-43] ReadWorker - c2r7 started.
[INFO ] 2016-11-08 17:18:34.807 [pool-2-thread-44] ReadWorker - c2r8 started.
[INFO ] 2016-11-08 17:18:34.808 [pool-2-thread-45] ReadWorker - c2r9 started.
[INFO ] 2016-11-08 17:18:34.809 [pool-2-thread-46] ReadWorker - c2r10 started.
[INFO ] 2016-11-08 17:18:34.817 [pool-2-thread-47] ReadWorker - c2r11 started.
[INFO ] 2016-11-08 17:18:34.818 [pool-2-thread-48] ReadWorker - c2r12 started.
[INFO ] 2016-11-08 17:18:34.819 [pool-2-thread-49] ReadWorker - c2r13 started.
[INFO ] 2016-11-08 17:18:34.821 [pool-2-thread-50] ReadWorker - c2r14 started.
[INFO ] 2016-11-08 17:18:34.822 [main] MiddlewareComponent - MiddlewareComponent #2 initialised.
[INFO ] 2016-11-08 17:18:34.822 [pool-2-thread-51] ReadWorker - c2r15 started.
[INFO ] 2016-11-08 17:18:34.830 [main] WriteWorker - c3w0 connected to server /10.0.0.8:11211.
[INFO ] 2016-11-08 17:18:34.831 [pool-2-thread-52] WriteWorker - c3w0 started; writing to machines: [3].
[INFO ] 2016-11-08 17:18:34.831 [pool-2-thread-53] ReadWorker - c3r0 started.
[INFO ] 2016-11-08 17:18:34.832 [pool-2-thread-54] ReadWorker - c3r1 started.
[INFO ] 2016-11-08 17:18:34.833 [pool-2-thread-55] ReadWorker - c3r2 started.
[INFO ] 2016-11-08 17:18:34.834 [pool-2-thread-56] ReadWorker - c3r3 started.
[INFO ] 2016-11-08 17:18:34.834 [pool-2-thread-57] ReadWorker - c3r4 started.
[INFO ] 2016-11-08 17:18:34.835 [pool-2-thread-58] ReadWorker - c3r5 started.
[INFO ] 2016-11-08 17:18:34.835 [pool-2-thread-59] ReadWorker - c3r6 started.
[INFO ] 2016-11-08 17:18:34.843 [pool-2-thread-60] ReadWorker - c3r7 started.
[INFO ] 2016-11-08 17:18:34.844 [pool-2-thread-61] ReadWorker - c3r8 started.
[INFO ] 2016-11-08 17:18:34.845 [pool-2-thread-62] ReadWorker - c3r9 started.
[INFO ] 2016-11-08 17:18:34.847 [pool-2-thread-64] ReadWorker - c3r11 started.
[INFO ] 2016-11-08 17:18:34.848 [pool-2-thread-65] ReadWorker - c3r12 started.
[INFO ] 2016-11-08 17:18:34.848 [pool-2-thread-66] ReadWorker - c3r13 started.
[INFO ] 2016-11-08 17:18:34.849 [pool-2-thread-67] ReadWorker - c3r14 started.
[INFO ] 2016-11-08 17:18:34.846 [pool-2-thread-63] ReadWorker - c3r10 started.
[INFO ] 2016-11-08 17:18:34.857 [main] MiddlewareComponent - MiddlewareComponent #3 initialised.
[INFO ] 2016-11-08 17:18:34.857 [pool-2-thread-68] ReadWorker - c3r15 started.
[INFO ] 2016-11-08 17:18:34.858 [main] WriteWorker - c4w0 connected to server /10.0.0.5:11211.
[INFO ] 2016-11-08 17:18:34.859 [pool-2-thread-69] WriteWorker - c4w0 started; writing to machines: [4].
[INFO ] 2016-11-08 17:18:34.860 [pool-2-thread-70] ReadWorker - c4r0 started.
[INFO ] 2016-11-08 17:18:34.860 [pool-2-thread-71] ReadWorker - c4r1 started.
[INFO ] 2016-11-08 17:18:34.861 [pool-2-thread-72] ReadWorker - c4r2 started.
[INFO ] 2016-11-08 17:18:34.863 [pool-2-thread-74] ReadWorker - c4r4 started.
[INFO ] 2016-11-08 17:18:34.865 [pool-2-thread-75] ReadWorker - c4r5 started.
[INFO ] 2016-11-08 17:18:34.865 [pool-2-thread-76] ReadWorker - c4r6 started.
[INFO ] 2016-11-08 17:18:34.866 [pool-2-thread-78] ReadWorker - c4r8 started.
[INFO ] 2016-11-08 17:18:34.867 [pool-2-thread-79] ReadWorker - c4r9 started.
[INFO ] 2016-11-08 17:18:34.867 [pool-2-thread-80] ReadWorker - c4r10 started.
[INFO ] 2016-11-08 17:18:34.868 [pool-2-thread-81] ReadWorker - c4r11 started.
[INFO ] 2016-11-08 17:18:34.869 [pool-2-thread-82] ReadWorker - c4r12 started.
[INFO ] 2016-11-08 17:18:34.869 [pool-2-thread-83] ReadWorker - c4r13 started.
[INFO ] 2016-11-08 17:18:34.866 [pool-2-thread-77] ReadWorker - c4r7 started.
[INFO ] 2016-11-08 17:18:34.869 [pool-2-thread-73] ReadWorker - c4r3 started.
[INFO ] 2016-11-08 17:18:34.877 [pool-2-thread-84] ReadWorker - c4r14 started.
[INFO ] 2016-11-08 17:18:34.878 [main] MiddlewareComponent - MiddlewareComponent #4 initialised.
[INFO ] 2016-11-08 17:18:34.878 [pool-2-thread-85] ReadWorker - c4r15 started.
[INFO ] 2016-11-08 17:18:34.879 [main] MiddlewareMain - Middleware initialised.
[INFO ] 2016-11-08 17:18:34.879 [pool-2-thread-86] LoadBalancer - Load balancer started.
[INFO ] 2016-11-08 17:19:01.100 [pool-2-thread-86] LoadBalancer - Processed      0 reads and   1000 writes so far.
[INFO ] 2016-11-08 17:19:05.696 [pool-2-thread-86] LoadBalancer - Processed    976 reads and   1024 writes so far.
[INFO ] 2016-11-08 17:19:10.152 [pool-2-thread-86] LoadBalancer - Processed   1976 reads and   1024 writes so far.
[INFO ] 2016-11-08 17:19:14.888 [pool-2-thread-86] LoadBalancer - Processed   2976 reads and   1024 writes so far.
[INFO ] 2016-11-08 17:19:19.484 [pool-2-thread-86] LoadBalancer - Processed   3976 reads and   1024 writes so far.
[INFO ] 2016-11-08 17:19:24.228 [pool-2-thread-86] LoadBalancer - Processed   4976 reads and   1024 writes so far.
[INFO ] 2016-11-08 17:19:29.008 [pool-2-thread-86] LoadBalancer - Processed   5976 reads and   1024 writes so far.
[INFO ] 2016-11-08 17:19:33.926 [pool-2-thread-86] LoadBalancer - Processed   6976 reads and   1024 writes so far.
[INFO ] 2016-11-08 17:19:38.815 [pool-2-thread-86] LoadBalancer - Processed   7976 reads and   1024 writes so far.
[INFO ] 2016-11-08 17:19:44.206 [pool-2-thread-86] LoadBalancer - Processed   8976 reads and   1024 writes so far.
[INFO ] 2016-11-08 17:19:50.066 [pool-2-thread-86] LoadBalancer - Processed   9976 reads and   1024 writes so far.
[INFO ] 2016-11-08 17:19:56.189 [pool-2-thread-86] LoadBalancer - Processed  10976 reads and   1024 writes so far.
[INFO ] 2016-11-08 17:20:02.697 [pool-2-thread-86] LoadBalancer - Processed  11976 reads and   1024 writes so far.
[INFO ] 2016-11-08 17:20:09.677 [pool-2-thread-86] LoadBalancer - Processed  12976 reads and   1024 writes so far.
[INFO ] 2016-11-08 17:20:17.317 [pool-2-thread-86] LoadBalancer - Processed  13976 reads and   1024 writes so far.
[INFO ] 2016-11-08 17:20:24.889 [pool-2-thread-86] LoadBalancer - Processed  14976 reads and   1024 writes so far.
[INFO ] 2016-11-08 17:20:32.669 [pool-2-thread-86] LoadBalancer - Processed  15976 reads and   1024 writes so far.
[INFO ] 2016-11-08 17:20:40.341 [pool-2-thread-86] LoadBalancer - Processed  16976 reads and   1024 writes so far.
[INFO ] 2016-11-08 17:20:47.997 [pool-2-thread-86] LoadBalancer - Processed  17976 reads and   1024 writes so far.
[INFO ] 2016-11-08 17:20:55.577 [pool-2-thread-86] LoadBalancer - Processed  18976 reads and   1024 writes so far.
[INFO ] 2016-11-08 17:21:03.217 [pool-2-thread-86] LoadBalancer - Processed  19976 reads and   1024 writes so far.
[INFO ] 2016-11-08 17:21:10.841 [pool-2-thread-86] LoadBalancer - Processed  20976 reads and   1024 writes so far.
[INFO ] 2016-11-08 17:21:18.505 [pool-2-thread-86] LoadBalancer - Processed  21976 reads and   1024 writes so far.
[INFO ] 2016-11-08 17:21:26.133 [pool-2-thread-86] LoadBalancer - Processed  22976 reads and   1024 writes so far.
[INFO ] 2016-11-08 17:21:33.921 [pool-2-thread-86] LoadBalancer - Processed  23976 reads and   1024 writes so far.
[INFO ] 2016-11-08 17:21:41.625 [pool-2-thread-86] LoadBalancer - Processed  24976 reads and   1024 writes so far.
[INFO ] 2016-11-08 17:21:49.305 [pool-2-thread-86] LoadBalancer - Processed  25976 reads and   1024 writes so far.
[INFO ] 2016-11-08 17:21:56.985 [pool-2-thread-86] LoadBalancer - Processed  26976 reads and   1024 writes so far.
[INFO ] 2016-11-08 17:22:04.666 [pool-2-thread-86] LoadBalancer - Processed  27976 reads and   1024 writes so far.
[INFO ] 2016-11-08 17:22:12.310 [pool-2-thread-86] LoadBalancer - Processed  28976 reads and   1024 writes so far.
[INFO ] 2016-11-08 17:22:20.014 [pool-2-thread-86] LoadBalancer - Processed  29976 reads and   1024 writes so far.
[INFO ] 2016-11-08 17:22:27.642 [pool-2-thread-86] LoadBalancer - Processed  30976 reads and   1024 writes so far.
[INFO ] 2016-11-08 17:22:35.346 [pool-2-thread-86] LoadBalancer - Processed  31976 reads and   1024 writes so far.
[INFO ] 2016-11-08 17:22:42.998 [pool-2-thread-86] LoadBalancer - Processed  32976 reads and   1024 writes so far.
[INFO ] 2016-11-08 17:22:50.763 [pool-2-thread-86] LoadBalancer - Processed  33976 reads and   1024 writes so far.
[INFO ] 2016-11-08 17:22:58.430 [pool-2-thread-86] LoadBalancer - Processed  34976 reads and   1024 writes so far.
[INFO ] 2016-11-08 17:23:06.098 [pool-2-thread-86] LoadBalancer - Processed  35976 reads and   1024 writes so far.
[INFO ] 2016-11-08 17:23:13.798 [pool-2-thread-86] LoadBalancer - Processed  36976 reads and   1024 writes so far.
[INFO ] 2016-11-08 17:23:21.374 [pool-2-thread-86] LoadBalancer - Processed  37976 reads and   1024 writes so far.
[INFO ] 2016-11-08 17:23:29.082 [pool-2-thread-86] LoadBalancer - Processed  38976 reads and   1024 writes so far.
[INFO ] 2016-11-08 17:23:36.766 [pool-2-thread-86] LoadBalancer - Processed  39976 reads and   1024 writes so far.
[INFO ] 2016-11-08 17:23:44.590 [pool-2-thread-86] LoadBalancer - Processed  40976 reads and   1024 writes so far.
[INFO ] 2016-11-08 17:23:52.306 [pool-2-thread-86] LoadBalancer - Processed  41976 reads and   1024 writes so far.
[INFO ] 2016-11-08 17:24:00.034 [pool-2-thread-86] LoadBalancer - Processed  42976 reads and   1024 writes so far.
[INFO ] 2016-11-08 17:24:07.750 [pool-2-thread-86] LoadBalancer - Processed  43976 reads and   1024 writes so far.
[INFO ] 2016-11-08 17:24:15.482 [pool-2-thread-86] LoadBalancer - Processed  44976 reads and   1024 writes so far.
[INFO ] 2016-11-08 17:24:23.095 [pool-2-thread-86] LoadBalancer - Processed  45976 reads and   1024 writes so far.
[INFO ] 2016-11-08 17:24:30.683 [pool-2-thread-86] LoadBalancer - Processed  46976 reads and   1024 writes so far.
[INFO ] 2016-11-08 17:24:38.443 [pool-2-thread-86] LoadBalancer - Processed  47976 reads and   1024 writes so far.
[INFO ] 2016-11-08 17:24:46.163 [pool-2-thread-86] LoadBalancer - Processed  48976 reads and   1024 writes so far.
[INFO ] 2016-11-08 17:24:53.775 [pool-2-thread-86] LoadBalancer - Processed  49976 reads and   1024 writes so far.
[INFO ] 2016-11-08 17:25:01.519 [pool-2-thread-86] LoadBalancer - Processed  50976 reads and   1024 writes so far.
