servers : 10.0.0.6:11212
threads count: 48
concurrency: 48
run time: 360s
windows size: 1k
set proportion: set_prop=0.00
get proportion: get_prop=1.00
[1;1H[2J
Get Statistics
Type     Time(s)  Ops          TPS(ops/s)   Net(M/s)   Get_miss   Min(us)  Max(us)    Avg(us)    Std_dev    Geo_dist  
Period   10       23201        2320         0.3        0          316      120219     20690      22645.84   11703.44
Global   10       23201        2320         0.3        0          316      120219     20690      22645.84   11703.44

Total Statistics
Type     Time(s)  Ops          TPS(ops/s)   Net(M/s)   Get_miss   Min(us)  Max(us)    Avg(us)    Std_dev    Geo_dist  
Period   10       23201        2320         0.3        0          316      120219     20690      22645.84   11703.44
Global   10       23201        2320         0.3        0          316      120219     20690      22645.84   11703.44

[1;1H[2J
Get Statistics
Type     Time(s)  Ops          TPS(ops/s)   Net(M/s)   Get_miss   Min(us)  Max(us)    Avg(us)    Std_dev    Geo_dist  
Period   10       21405        2140         0.3        0          347      262333     22548      26546.53   12902.54
Global   20       44606        2230         0.3        0          316      262333     21582      24611.86   12264.26

Total Statistics
Type     Time(s)  Ops          TPS(ops/s)   Net(M/s)   Get_miss   Min(us)  Max(us)    Avg(us)    Std_dev    Geo_dist  
Period   10       21405        2140         0.3        0          347      262333     22548      26546.53   12902.54
Global   20       44606        2230         0.3        0          316      262333     21582      24611.86   12264.26

[1;1H[2J
Get Statistics
Type     Time(s)  Ops          TPS(ops/s)   Net(M/s)   Get_miss   Min(us)  Max(us)    Avg(us)    Std_dev    Geo_dist  
Period   10       22907        2290         0.3        0          338      155986     21033      24037.69   11413.13
Global   30       67513        2250         0.3        0          316      262333     21396      24419.52   11968.59

Total Statistics
Type     Time(s)  Ops          TPS(ops/s)   Net(M/s)   Get_miss   Min(us)  Max(us)    Avg(us)    Std_dev    Geo_dist  
Period   10       22907        2290         0.3        0          338      155986     21033      24037.69   11413.13
Global   30       67513        2250         0.3        0          316      262333     21396      24419.52   11968.59

[1;1H[2J
Get Statistics
Type     Time(s)  Ops          TPS(ops/s)   Net(M/s)   Get_miss   Min(us)  Max(us)    Avg(us)    Std_dev    Geo_dist  
Period   10       23998        2399         0.3        0          367      118729     20067      21522.80   11627.23
Global   40       91511        2287         0.3        0          316      262333     21047      23701.68   11878.11

Total Statistics
Type     Time(s)  Ops          TPS(ops/s)   Net(M/s)   Get_miss   Min(us)  Max(us)    Avg(us)    Std_dev    Geo_dist  
Period   10       23998        2399         0.3        0          367      118729     20067      21522.80   11627.23
Global   40       91511        2287         0.3        0          316      262333     21047      23701.68   11878.11

[1;1H[2J
Get Statistics
Type     Time(s)  Ops          TPS(ops/s)   Net(M/s)   Get_miss   Min(us)  Max(us)    Avg(us)    Std_dev    Geo_dist  
Period   10       23662        2366         0.3        0          359      118447     20384      22607.39   11527.93
Global   50       115173       2303         0.3        0          316      262333     20911      23482.27   11805.31

Total Statistics
Type     Time(s)  Ops          TPS(ops/s)   Net(M/s)   Get_miss   Min(us)  Max(us)    Avg(us)    Std_dev    Geo_dist  
Period   10       23662        2366         0.3        0          359      118447     20384      22607.39   11527.93
Global   50       115173       2303         0.3        0          316      262333     20911      23482.27   11805.31

[1;1H[2J
Get Statistics
Type     Time(s)  Ops          TPS(ops/s)   Net(M/s)   Get_miss   Min(us)  Max(us)    Avg(us)    Std_dev    Geo_dist  
Period   10       23017        2301         0.3        0          334      187284     20934      22564.20   12291.01
Global   60       138190       2303         0.3        0          316      262333     20915      23331.63   11884.86

Total Statistics
Type     Time(s)  Ops          TPS(ops/s)   Net(M/s)   Get_miss   Min(us)  Max(us)    Avg(us)    Std_dev    Geo_dist  
Period   10       23017        2301         0.3        0          334      187284     20934      22564.20   12291.01
Global   60       138190       2303         0.3        0          316      262333     20915      23331.63   11884.86

[1;1H[2J
Get Statistics
Type     Time(s)  Ops          TPS(ops/s)   Net(M/s)   Get_miss   Min(us)  Max(us)    Avg(us)    Std_dev    Geo_dist  
Period   10       23846        2384         0.3        0          338      133490     20203      20555.24   12195.18
Global   70       162036       2314         0.3        0          316      262333     20810      22945.66   11930.02

Total Statistics
Type     Time(s)  Ops          TPS(ops/s)   Net(M/s)   Get_miss   Min(us)  Max(us)    Avg(us)    Std_dev    Geo_dist  
Period   10       23846        2384         0.3        0          338      133490     20203      20555.24   12195.18
Global   70       162036       2314         0.3        0          316      262333     20810      22945.66   11930.02

[1;1H[2J
Get Statistics
Type     Time(s)  Ops          TPS(ops/s)   Net(M/s)   Get_miss   Min(us)  Max(us)    Avg(us)    Std_dev    Geo_dist  
Period   10       23672        2367         0.3        0          360      193317     20360      21962.23   12235.83
Global   80       185708       2321         0.3        0          316      262333     20753      22822.77   11968.58

Total Statistics
Type     Time(s)  Ops          TPS(ops/s)   Net(M/s)   Get_miss   Min(us)  Max(us)    Avg(us)    Std_dev    Geo_dist  
Period   10       23672        2367         0.3        0          360      193317     20360      21962.23   12235.83
Global   80       185708       2321         0.3        0          316      262333     20753      22822.77   11968.58

[1;1H[2J
Get Statistics
Type     Time(s)  Ops          TPS(ops/s)   Net(M/s)   Get_miss   Min(us)  Max(us)    Avg(us)    Std_dev    Geo_dist  
Period   10       23985        2398         0.3        0          337      144246     20065      21583.52   11928.82
Global   90       209693       2329         0.3        0          316      262333     20674      22685.74   11964.02

Total Statistics
Type     Time(s)  Ops          TPS(ops/s)   Net(M/s)   Get_miss   Min(us)  Max(us)    Avg(us)    Std_dev    Geo_dist  
Period   10       23985        2398         0.3        0          337      144246     20065      21583.52   11928.82
Global   90       209693       2329         0.3        0          316      262333     20674      22685.74   11964.02

[1;1H[2J
Get Statistics
Type     Time(s)  Ops          TPS(ops/s)   Net(M/s)   Get_miss   Min(us)  Max(us)    Avg(us)    Std_dev    Geo_dist  
Period   10       22067        2206         0.3        0          323      306059     21874      25178.49   12696.29
Global   100      231760       2317         0.3        0          316      306059     20788      22937.64   12031.89

Total Statistics
Type     Time(s)  Ops          TPS(ops/s)   Net(M/s)   Get_miss   Min(us)  Max(us)    Avg(us)    Std_dev    Geo_dist  
Period   10       22067        2206         0.3        0          323      306059     21874      25178.49   12696.29
Global   100      231760       2317         0.3        0          316      306059     20788      22937.64   12031.89

[1;1H[2J
Get Statistics
Type     Time(s)  Ops          TPS(ops/s)   Net(M/s)   Get_miss   Min(us)  Max(us)    Avg(us)    Std_dev    Geo_dist  
Period   10       22297        2229         0.3        0          359      256073     21596      22970.02   13079.19
Global   110      254057       2309         0.3        0          316      306059     20859      22941.50   12120.34

Total Statistics
Type     Time(s)  Ops          TPS(ops/s)   Net(M/s)   Get_miss   Min(us)  Max(us)    Avg(us)    Std_dev    Geo_dist  
Period   10       22297        2229         0.3        0          359      256073     21596      22970.02   13079.19
Global   110      254057       2309         0.3        0          316      306059     20859      22941.50   12120.34

[1;1H[2J
Get Statistics
Type     Time(s)  Ops          TPS(ops/s)   Net(M/s)   Get_miss   Min(us)  Max(us)    Avg(us)    Std_dev    Geo_dist  
Period   10       21343        2134         0.3        0          347      131617     22593      23365.72   13285.75
Global   120      275400       2295         0.3        0          316      306059     20993      22979.64   12206.88

Total Statistics
Type     Time(s)  Ops          TPS(ops/s)   Net(M/s)   Get_miss   Min(us)  Max(us)    Avg(us)    Std_dev    Geo_dist  
Period   10       21343        2134         0.3        0          347      131617     22593      23365.72   13285.75
Global   120      275400       2295         0.3        0          316      306059     20993      22979.64   12206.88

[1;1H[2J
Get Statistics
Type     Time(s)  Ops          TPS(ops/s)   Net(M/s)   Get_miss   Min(us)  Max(us)    Avg(us)    Std_dev    Geo_dist  
Period   10       22140        2214         0.3        0          397      126440     21760      20253.02   13901.06
Global   130      297540       2288         0.3        0          316      306059     21050      22788.91   12325.51

Total Statistics
Type     Time(s)  Ops          TPS(ops/s)   Net(M/s)   Get_miss   Min(us)  Max(us)    Avg(us)    Std_dev    Geo_dist  
Period   10       22140        2214         0.3        0          397      126440     21760      20253.02   13901.06
Global   130      297540       2288         0.3        0          316      306059     21050      22788.91   12325.51

[1;1H[2J
Get Statistics
Type     Time(s)  Ops          TPS(ops/s)   Net(M/s)   Get_miss   Min(us)  Max(us)    Avg(us)    Std_dev    Geo_dist  
Period   10       21686        2168         0.3        0          354      229378     22169      24832.21   13133.69
Global   140      319226       2280         0.3        0          316      306059     21126      22935.19   12378.80

Total Statistics
Type     Time(s)  Ops          TPS(ops/s)   Net(M/s)   Get_miss   Min(us)  Max(us)    Avg(us)    Std_dev    Geo_dist  
Period   10       21686        2168         0.3        0          354      229378     22169      24832.21   13133.69
Global   140      319226       2280         0.3        0          316      306059     21126      22935.19   12378.80

[1;1H[2J
Get Statistics
Type     Time(s)  Ops          TPS(ops/s)   Net(M/s)   Get_miss   Min(us)  Max(us)    Avg(us)    Std_dev    Geo_dist  
Period   10       22140        2214         0.3        0          363      111115     21810      21191.06   13850.48
Global   150      341366       2275         0.3        0          316      306059     21171      22826.11   12469.32

Total Statistics
Type     Time(s)  Ops          TPS(ops/s)   Net(M/s)   Get_miss   Min(us)  Max(us)    Avg(us)    Std_dev    Geo_dist  
Period   10       22140        2214         0.3        0          363      111115     21810      21191.06   13850.48
Global   150      341366       2275         0.3        0          316      306059     21171      22826.11   12469.32

[1;1H[2J
Get Statistics
Type     Time(s)  Ops          TPS(ops/s)   Net(M/s)   Get_miss   Min(us)  Max(us)    Avg(us)    Std_dev    Geo_dist  
Period   10       22690        2269         0.3        0          384      204313     21248      20798.55   13463.45
Global   160      364056       2275         0.3        0          316      306059     21176      22704.83   12529.07

Total Statistics
Type     Time(s)  Ops          TPS(ops/s)   Net(M/s)   Get_miss   Min(us)  Max(us)    Avg(us)    Std_dev    Geo_dist  
Period   10       22690        2269         0.3        0          384      204313     21248      20798.55   13463.45
Global   160      364056       2275         0.3        0          316      306059     21176      22704.83   12529.07

[1;1H[2J
Get Statistics
Type     Time(s)  Ops          TPS(ops/s)   Net(M/s)   Get_miss   Min(us)  Max(us)    Avg(us)    Std_dev    Geo_dist  
Period   10       21926        2192         0.3        0          372      164211     21940      21755.74   13242.27
Global   170      385982       2270         0.3        0          316      306059     21219      22653.02   12568.54

Total Statistics
Type     Time(s)  Ops          TPS(ops/s)   Net(M/s)   Get_miss   Min(us)  Max(us)    Avg(us)    Std_dev    Geo_dist  
Period   10       21926        2192         0.3        0          372      164211     21940      21755.74   13242.27
Global   170      385982       2270         0.3        0          316      306059     21219      22653.02   12568.54

[1;1H[2J
Get Statistics
Type     Time(s)  Ops          TPS(ops/s)   Net(M/s)   Get_miss   Min(us)  Max(us)    Avg(us)    Std_dev    Geo_dist  
Period   10       21572        2157         0.3        0          369      225047     22375      23767.93   13281.66
Global   180      407554       2264         0.3        0          316      306059     21280      22715.02   12605.31

Total Statistics
Type     Time(s)  Ops          TPS(ops/s)   Net(M/s)   Get_miss   Min(us)  Max(us)    Avg(us)    Std_dev    Geo_dist  
Period   10       21572        2157         0.3        0          369      225047     22375      23767.93   13281.66
Global   180      407554       2264         0.3        0          316      306059     21280      22715.02   12605.31

[1;1H[2J
Get Statistics
Type     Time(s)  Ops          TPS(ops/s)   Net(M/s)   Get_miss   Min(us)  Max(us)    Avg(us)    Std_dev    Geo_dist  
Period   10       22595        2259         0.3        0          386      138468     21288      21392.59   13013.46
Global   190      430149       2263         0.3        0          316      306059     21281      22646.91   12626.42

Total Statistics
Type     Time(s)  Ops          TPS(ops/s)   Net(M/s)   Get_miss   Min(us)  Max(us)    Avg(us)    Std_dev    Geo_dist  
Period   10       22595        2259         0.3        0          386      138468     21288      21392.59   13013.46
Global   190      430149       2263         0.3        0          316      306059     21281      22646.91   12626.42

[1;1H[2J
Get Statistics
Type     Time(s)  Ops          TPS(ops/s)   Net(M/s)   Get_miss   Min(us)  Max(us)    Avg(us)    Std_dev    Geo_dist  
Period   10       21851        2185         0.3        0          381      156084     22057      21301.01   14005.47
Global   200      452000       2260         0.3        0          316      306059     21318      22584.77   12689.85

Total Statistics
Type     Time(s)  Ops          TPS(ops/s)   Net(M/s)   Get_miss   Min(us)  Max(us)    Avg(us)    Std_dev    Geo_dist  
Period   10       21851        2185         0.3        0          381      156084     22057      21301.01   14005.47
Global   200      452000       2260         0.3        0          316      306059     21318      22584.77   12689.85

[1;1H[2J
Get Statistics
Type     Time(s)  Ops          TPS(ops/s)   Net(M/s)   Get_miss   Min(us)  Max(us)    Avg(us)    Std_dev    Geo_dist  
Period   10       22167        2216         0.3        0          369      221401     21695      25100.13   12439.82
Global   210      474167       2257         0.3        0          316      306059     21336      22708.32   12678.05

Total Statistics
Type     Time(s)  Ops          TPS(ops/s)   Net(M/s)   Get_miss   Min(us)  Max(us)    Avg(us)    Std_dev    Geo_dist  
Period   10       22167        2216         0.3        0          369      221401     21695      25100.13   12439.82
Global   210      474167       2257         0.3        0          316      306059     21336      22708.32   12678.05

[1;1H[2J
Get Statistics
Type     Time(s)  Ops          TPS(ops/s)   Net(M/s)   Get_miss   Min(us)  Max(us)    Avg(us)    Std_dev    Geo_dist  
Period   10       22457        2245         0.3        0          410      120593     21521      22792.10   12652.81
Global   220      496624       2257         0.3        0          316      306059     21344      22712.47   12676.91

Total Statistics
Type     Time(s)  Ops          TPS(ops/s)   Net(M/s)   Get_miss   Min(us)  Max(us)    Avg(us)    Std_dev    Geo_dist  
Period   10       22457        2245         0.3        0          410      120593     21521      22792.10   12652.81
Global   220      496624       2257         0.3        0          316      306059     21344      22712.47   12676.91

[1;1H[2J
Get Statistics
Type     Time(s)  Ops          TPS(ops/s)   Net(M/s)   Get_miss   Min(us)  Max(us)    Avg(us)    Std_dev    Geo_dist  
Period   10       22509        2250         0.3        0          326      144969     21446      22673.49   12499.35
Global   230      519133       2257         0.3        0          316      306059     21349      22710.23   12669.16

Total Statistics
Type     Time(s)  Ops          TPS(ops/s)   Net(M/s)   Get_miss   Min(us)  Max(us)    Avg(us)    Std_dev    Geo_dist  
Period   10       22509        2250         0.3        0          326      144969     21446      22673.49   12499.35
Global   230      519133       2257         0.3        0          316      306059     21349      22710.23   12669.16

[1;1H[2J
Get Statistics
Type     Time(s)  Ops          TPS(ops/s)   Net(M/s)   Get_miss   Min(us)  Max(us)    Avg(us)    Std_dev    Geo_dist  
Period   10       21230        2123         0.3        0          389      149384     22685      25416.68   12553.51
Global   240      540363       2251         0.3        0          316      306059     21401      22824.53   12664.60

Total Statistics
Type     Time(s)  Ops          TPS(ops/s)   Net(M/s)   Get_miss   Min(us)  Max(us)    Avg(us)    Std_dev    Geo_dist  
Period   10       21230        2123         0.3        0          389      149384     22685      25416.68   12553.51
Global   240      540363       2251         0.3        0          316      306059     21401      22824.53   12664.60

[1;1H[2J
Get Statistics
Type     Time(s)  Ops          TPS(ops/s)   Net(M/s)   Get_miss   Min(us)  Max(us)    Avg(us)    Std_dev    Geo_dist  
Period   10       23483        2348         0.3        0          382      117400     20531      21028.77   12026.15
Global   250      563846       2255         0.3        0          316      306059     21365      22752.99   12637.34

Total Statistics
Type     Time(s)  Ops          TPS(ops/s)   Net(M/s)   Get_miss   Min(us)  Max(us)    Avg(us)    Std_dev    Geo_dist  
Period   10       23483        2348         0.3        0          382      117400     20531      21028.77   12026.15
Global   250      563846       2255         0.3        0          316      306059     21365      22752.99   12637.34

[1;1H[2J
Get Statistics
Type     Time(s)  Ops          TPS(ops/s)   Net(M/s)   Get_miss   Min(us)  Max(us)    Avg(us)    Std_dev    Geo_dist  
Period   10       21461        2146         0.3        0          331      145219     22473      23205.19   13239.16
Global   260      585307       2251         0.3        0          316      306059     21405      22771.25   12658.92

Total Statistics
Type     Time(s)  Ops          TPS(ops/s)   Net(M/s)   Get_miss   Min(us)  Max(us)    Avg(us)    Std_dev    Geo_dist  
Period   10       21461        2146         0.3        0          331      145219     22473      23205.19   13239.16
Global   260      585307       2251         0.3        0          316      306059     21405      22771.25   12658.92

[1;1H[2J
Get Statistics
Type     Time(s)  Ops          TPS(ops/s)   Net(M/s)   Get_miss   Min(us)  Max(us)    Avg(us)    Std_dev    Geo_dist  
Period   10       21828        2182         0.3        0          367      221951     22072      26079.01   12318.57
Global   270      607135       2248         0.3        0          316      306059     21429      22898.75   12646.52

Total Statistics
Type     Time(s)  Ops          TPS(ops/s)   Net(M/s)   Get_miss   Min(us)  Max(us)    Avg(us)    Std_dev    Geo_dist  
Period   10       21828        2182         0.3        0          367      221951     22072      26079.01   12318.57
Global   270      607135       2248         0.3        0          316      306059     21429      22898.75   12646.52

[1;1H[2J
Get Statistics
Type     Time(s)  Ops          TPS(ops/s)   Net(M/s)   Get_miss   Min(us)  Max(us)    Avg(us)    Std_dev    Geo_dist  
Period   10       21081        2108         0.3        0          374      273438     22841      23547.97   13846.48
Global   280      628216       2243         0.3        0          316      306059     21477      22921.65   12685.05

Total Statistics
Type     Time(s)  Ops          TPS(ops/s)   Net(M/s)   Get_miss   Min(us)  Max(us)    Avg(us)    Std_dev    Geo_dist  
Period   10       21081        2108         0.3        0          374      273438     22841      23547.97   13846.48
Global   280      628216       2243         0.3        0          316      306059     21477      22921.65   12685.05

[1;1H[2J
Get Statistics
Type     Time(s)  Ops          TPS(ops/s)   Net(M/s)   Get_miss   Min(us)  Max(us)    Avg(us)    Std_dev    Geo_dist  
Period   10       22111        2211         0.3        0          301      159544     21830      22398.83   13095.26
Global   290      650327       2242         0.3        0          301      306059     21489      22904.14   12698.78

Total Statistics
Type     Time(s)  Ops          TPS(ops/s)   Net(M/s)   Get_miss   Min(us)  Max(us)    Avg(us)    Std_dev    Geo_dist  
Period   10       22111        2211         0.3        0          301      159544     21830      22398.83   13095.26
Global   290      650327       2242         0.3        0          301      306059     21489      22904.14   12698.78

[1;1H[2J
Get Statistics
Type     Time(s)  Ops          TPS(ops/s)   Net(M/s)   Get_miss   Min(us)  Max(us)    Avg(us)    Std_dev    Geo_dist  
Period   10       21145        2114         0.3        0          319      277059     22776      22822.38   14348.48
Global   300      671472       2238         0.3        0          301      306059     21529      22903.15   12747.72

Total Statistics
Type     Time(s)  Ops          TPS(ops/s)   Net(M/s)   Get_miss   Min(us)  Max(us)    Avg(us)    Std_dev    Geo_dist  
Period   10       21145        2114         0.3        0          319      277059     22776      22822.38   14348.48
Global   300      671472       2238         0.3        0          301      306059     21529      22903.15   12747.72

[1;1H[2J
Get Statistics
Type     Time(s)  Ops          TPS(ops/s)   Net(M/s)   Get_miss   Min(us)  Max(us)    Avg(us)    Std_dev    Geo_dist  
Period   10       21200        2120         0.3        0          343      258070     22722      25012.92   13430.32
Global   310      692672       2234         0.3        0          301      306059     21566      22971.04   12768.09

Total Statistics
Type     Time(s)  Ops          TPS(ops/s)   Net(M/s)   Get_miss   Min(us)  Max(us)    Avg(us)    Std_dev    Geo_dist  
Period   10       21200        2120         0.3        0          343      258070     22722      25012.92   13430.32
Global   310      692672       2234         0.3        0          301      306059     21566      22971.04   12768.09

[1;1H[2J
Get Statistics
Type     Time(s)  Ops          TPS(ops/s)   Net(M/s)   Get_miss   Min(us)  Max(us)    Avg(us)    Std_dev    Geo_dist  
Period   10       20921        2092         0.3        0          328      130350     23036      24662.15   13235.16
Global   320      713593       2229         0.3        0          301      306059     21609      23023.80   12781.54

Total Statistics
Type     Time(s)  Ops          TPS(ops/s)   Net(M/s)   Get_miss   Min(us)  Max(us)    Avg(us)    Std_dev    Geo_dist  
Period   10       20921        2092         0.3        0          328      130350     23036      24662.15   13235.16
Global   320      713593       2229         0.3        0          301      306059     21609      23023.80   12781.54

[1;1H[2J
Get Statistics
Type     Time(s)  Ops          TPS(ops/s)   Net(M/s)   Get_miss   Min(us)  Max(us)    Avg(us)    Std_dev    Geo_dist  
Period   10       21963        2196         0.3        0          355      113185     21932      23628.58   12713.53
Global   330      735556       2228         0.3        0          301      306059     21619      23041.80   12779.51

Total Statistics
Type     Time(s)  Ops          TPS(ops/s)   Net(M/s)   Get_miss   Min(us)  Max(us)    Avg(us)    Std_dev    Geo_dist  
Period   10       21963        2196         0.3        0          355      113185     21932      23628.58   12713.53
Global   330      735556       2228         0.3        0          301      306059     21619      23041.80   12779.51

[1;1H[2J
Get Statistics
Type     Time(s)  Ops          TPS(ops/s)   Net(M/s)   Get_miss   Min(us)  Max(us)    Avg(us)    Std_dev    Geo_dist  
Period   10       21184        2118         0.3        0          342      224588     22723      27092.27   12027.85
Global   340      756740       2225         0.3        0          301      306059     21650      23165.43   12757.84

Total Statistics
Type     Time(s)  Ops          TPS(ops/s)   Net(M/s)   Get_miss   Min(us)  Max(us)    Avg(us)    Std_dev    Geo_dist  
Period   10       21185        2118         0.3        0          342      224588     22722      27092.11   12027.75
Global   340      756741       2225         0.3        0          301      306059     21649      23166.34   12757.83

[1;1H[2J
Get Statistics
Type     Time(s)  Ops          TPS(ops/s)   Net(M/s)   Get_miss   Min(us)  Max(us)    Avg(us)    Std_dev    Geo_dist  
Period   10       21674        2167         0.3        0          365      134218     22264      22401.12   13573.35
Global   350      778414       2224         0.3        0          301      306059     21667      23144.79   12780.02

Total Statistics
Type     Time(s)  Ops          TPS(ops/s)   Net(M/s)   Get_miss   Min(us)  Max(us)    Avg(us)    Std_dev    Geo_dist  
Period   10       21673        2167         0.3        0          365      134218     22265      22401.16   13579.31
Global   350      778414       2224         0.3        0          301      306059     21667      23144.79   12780.02

[1;1H[2J
Get Statistics
Type     Time(s)  Ops          TPS(ops/s)   Net(M/s)   Get_miss   Min(us)  Max(us)    Avg(us)    Std_dev    Geo_dist  
Period   10       21040        2104         0.3        0          359      280477     22860      26891.73   12801.53
Global   360      799454       2220         0.3        0          301      306059     21698      23252.28   12780.58

Total Statistics
Type     Time(s)  Ops          TPS(ops/s)   Net(M/s)   Get_miss   Min(us)  Max(us)    Avg(us)    Std_dev    Geo_dist  
Period   10       21040        2104         0.3        0          359      280477     22860      26891.73   12801.53
Global   360      799454       2220         0.3        0          301      306059     21698      23252.28   12780.58

Get Statistics (799502 events)
   Min:       301
   Max:    306059
   Avg:     21701
   Geo:  12781.38
   Std:  23255.14
   Log2 Dist:
       8:        0     1290     7823    29516
      12:    85210   124538   261802   113519
      16:   117421    57190     1121       72

Total Statistics (799502 events)
   Min:       301
   Max:    306059
   Avg:     21701
   Geo:  12781.38
   Std:  23255.14
   Log2 Dist:
       8:        0     1290     7823    29516
      12:    85210   124538   261802   113519
      16:   117421    57190     1121       72

cmd_get: 799550
cmd_set: 49152
get_misses: 0
written_bytes: 25453364
read_bytes: 132311046
object_bytes: 7077888

Run time: 361.5s Ops: 848702 TPS: 2348 Net_rate: 0.4M/s
