servers : 10.0.0.6:11212
threads count: 72
concurrency: 72
run time: 360s
windows size: 1k
set proportion: set_prop=0.00
get proportion: get_prop=1.00
[1;1H[2J
Get Statistics
Type     Time(s)  Ops          TPS(ops/s)   Net(M/s)   Get_miss   Min(us)  Max(us)    Avg(us)    Std_dev    Geo_dist  
Period   10       66138        6613         0.9        0          631      106402     10962      6893.33    9352.34
Global   10       66138        6613         0.9        0          631      106402     10962      6893.22    9351.03

Total Statistics
Type     Time(s)  Ops          TPS(ops/s)   Net(M/s)   Get_miss   Min(us)  Max(us)    Avg(us)    Std_dev    Geo_dist  
Period   10       66140        6614         0.9        0          631      106402     10962      6893.07    9351.05
Global   10       66140        6614         0.9        0          631      106402     10962      6893.07    9351.05

[1;1H[2J
Get Statistics
Type     Time(s)  Ops          TPS(ops/s)   Net(M/s)   Get_miss   Min(us)  Max(us)    Avg(us)    Std_dev    Geo_dist  
Period   10       58953        5895         0.9        0          603      208955     12306      10044.90   10325.01
Global   20       125091       6254         0.8        0          603      208955     11596      8550.58    9799.48

Total Statistics
Type     Time(s)  Ops          TPS(ops/s)   Net(M/s)   Get_miss   Min(us)  Max(us)    Avg(us)    Std_dev    Geo_dist  
Period   10       58951        5895         0.9        0          603      208955     12306      10045.33   10328.25
Global   20       125091       6254         0.8        0          603      208955     11596      8550.58    9799.48

[1;1H[2J
Get Statistics
Type     Time(s)  Ops          TPS(ops/s)   Net(M/s)   Get_miss   Min(us)  Max(us)    Avg(us)    Std_dev    Geo_dist  
Period   10       62610        6261         0.9        0          558      1049032    11535      35751.31   8721.97
Global   30       187701       6256         0.9        0          558      1049032    11575      21796.35   9426.03

Total Statistics
Type     Time(s)  Ops          TPS(ops/s)   Net(M/s)   Get_miss   Min(us)  Max(us)    Avg(us)    Std_dev    Geo_dist  
Period   10       62610        6261         0.9        0          558      1049032    11535      35751.31   8721.97
Global   30       187701       6256         0.9        0          558      1049032    11575      21796.35   9426.03

[1;1H[2J
Get Statistics
Type     Time(s)  Ops          TPS(ops/s)   Net(M/s)   Get_miss   Min(us)  Max(us)    Avg(us)    Std_dev    Geo_dist  
Period   10       65400        6540         0.9        0          515      168931     11134      9820.41    9179.24
Global   40       253101       6327         0.9        0          515      1049032    11461      19423.69   9361.63

Total Statistics
Type     Time(s)  Ops          TPS(ops/s)   Net(M/s)   Get_miss   Min(us)  Max(us)    Avg(us)    Std_dev    Geo_dist  
Period   10       65400        6540         0.9        0          515      168931     11134      9820.41    9179.24
Global   40       253101       6327         0.9        0          515      1049032    11461      19423.69   9361.63

[1;1H[2J
Get Statistics
Type     Time(s)  Ops          TPS(ops/s)   Net(M/s)   Get_miss   Min(us)  Max(us)    Avg(us)    Std_dev    Geo_dist  
Period   10       64471        6447         0.9        0          442      79677      11212      6251.72    9513.94
Global   50       317572       6351         0.9        0          442      1049032    11410      17568.21   9392.35

Total Statistics
Type     Time(s)  Ops          TPS(ops/s)   Net(M/s)   Get_miss   Min(us)  Max(us)    Avg(us)    Std_dev    Geo_dist  
Period   10       64471        6447         0.9        0          442      79677      11212      6251.72    9513.94
Global   50       317572       6351         0.9        0          442      1049032    11410      17568.21   9392.35

[1;1H[2J
Get Statistics
Type     Time(s)  Ops          TPS(ops/s)   Net(M/s)   Get_miss   Min(us)  Max(us)    Avg(us)    Std_dev    Geo_dist  
Period   10       66016        6601         0.9        0          669      318662     10943      12209.68   9010.33
Global   60       383588       6393         0.9        0          442      1049032    11330      16769.10   9325.47

Total Statistics
Type     Time(s)  Ops          TPS(ops/s)   Net(M/s)   Get_miss   Min(us)  Max(us)    Avg(us)    Std_dev    Geo_dist  
Period   10       66016        6601         0.9        0          669      318662     10943      12209.68   9010.33
Global   60       383588       6393         0.9        0          442      1049032    11330      16769.10   9325.47

[1;1H[2J
Get Statistics
Type     Time(s)  Ops          TPS(ops/s)   Net(M/s)   Get_miss   Min(us)  Max(us)    Avg(us)    Std_dev    Geo_dist  
Period   10       66533        6653         0.9        0          598      260871     10867      9823.95    8927.48
Global   70       450121       6430         0.9        0          442      1049032    11262      15934.86   9265.55

Total Statistics
Type     Time(s)  Ops          TPS(ops/s)   Net(M/s)   Get_miss   Min(us)  Max(us)    Avg(us)    Std_dev    Geo_dist  
Period   10       66533        6653         0.9        0          598      260871     10867      9823.95    8927.48
Global   70       450121       6430         0.9        0          442      1049032    11262      15934.86   9265.55

[1;1H[2J
Get Statistics
Type     Time(s)  Ops          TPS(ops/s)   Net(M/s)   Get_miss   Min(us)  Max(us)    Avg(us)    Std_dev    Geo_dist  
Period   10       57219        5721         0.9        0          635      1298047    12624      45264.28   9350.34
Global   80       507340       6341         0.8        0          442      1298047    11415      21367.10   9275.07

Total Statistics
Type     Time(s)  Ops          TPS(ops/s)   Net(M/s)   Get_miss   Min(us)  Max(us)    Avg(us)    Std_dev    Geo_dist  
Period   10       57219        5721         0.9        0          635      1298047    12624      45264.28   9350.34
Global   80       507340       6341         0.8        0          442      1298047    11415      21367.10   9275.07

[1;1H[2J
Get Statistics
Type     Time(s)  Ops          TPS(ops/s)   Net(M/s)   Get_miss   Min(us)  Max(us)    Avg(us)    Std_dev    Geo_dist  
Period   10       60295        6029         0.9        0          542      971707     11990      34172.75   9135.02
Global   90       567635       6307         0.8        0          442      1298047    11476      23067.97   9260.09

Total Statistics
Type     Time(s)  Ops          TPS(ops/s)   Net(M/s)   Get_miss   Min(us)  Max(us)    Avg(us)    Std_dev    Geo_dist  
Period   10       60295        6029         0.9        0          542      971707     11990      34172.75   9135.02
Global   90       567635       6307         0.8        0          442      1298047    11476      23067.97   9260.09

[1;1H[2J
Get Statistics
Type     Time(s)  Ops          TPS(ops/s)   Net(M/s)   Get_miss   Min(us)  Max(us)    Avg(us)    Std_dev    Geo_dist  
Period   10       63424        6342         0.9        0          617      344977     11401      12700.75   9218.06
Global   100      631059       6310         0.9        0          442      1298047    11469      22245.22   9255.86

Total Statistics
Type     Time(s)  Ops          TPS(ops/s)   Net(M/s)   Get_miss   Min(us)  Max(us)    Avg(us)    Std_dev    Geo_dist  
Period   10       63424        6342         0.9        0          617      344977     11401      12700.75   9218.06
Global   100      631059       6310         0.9        0          442      1298047    11469      22245.22   9255.86

[1;1H[2J
Get Statistics
Type     Time(s)  Ops          TPS(ops/s)   Net(M/s)   Get_miss   Min(us)  Max(us)    Avg(us)    Std_dev    Geo_dist  
Period   10       66691        6669         0.9        0          602      230186     10834      12238.25   8760.24
Global   110      697750       6343         0.9        0          442      1298047    11408      21492.07   9207.30

Total Statistics
Type     Time(s)  Ops          TPS(ops/s)   Net(M/s)   Get_miss   Min(us)  Max(us)    Avg(us)    Std_dev    Geo_dist  
Period   10       66691        6669         0.9        0          602      230186     10834      12238.25   8760.24
Global   110      697750       6343         0.9        0          442      1298047    11408      21492.07   9207.30

[1;1H[2J
Get Statistics
Type     Time(s)  Ops          TPS(ops/s)   Net(M/s)   Get_miss   Min(us)  Max(us)    Avg(us)    Std_dev    Geo_dist  
Period   10       64862        6486         0.9        0          559      340949     11136      14180.02   9009.47
Global   120      762612       6355         0.9        0          442      1298047    11385      20969.67   9190.31

Total Statistics
Type     Time(s)  Ops          TPS(ops/s)   Net(M/s)   Get_miss   Min(us)  Max(us)    Avg(us)    Std_dev    Geo_dist  
Period   10       64863        6486         0.9        0          559      340949     11136      14179.94   9009.53
Global   120      762613       6355         0.9        0          442      1298047    11385      20969.65   9190.31

[1;1H[2J
Get Statistics
Type     Time(s)  Ops          TPS(ops/s)   Net(M/s)   Get_miss   Min(us)  Max(us)    Avg(us)    Std_dev    Geo_dist  
Period   10       57624        5762         0.9        0          571      1106463    12546      40542.65   9007.42
Global   130      820236       6309         0.8        0          442      1298047    11466      22899.99   9177.44

Total Statistics
Type     Time(s)  Ops          TPS(ops/s)   Net(M/s)   Get_miss   Min(us)  Max(us)    Avg(us)    Std_dev    Geo_dist  
Period   10       57623        5762         0.9        0          571      1106463    12546      40543.03   9008.84
Global   130      820236       6309         0.8        0          442      1298047    11466      22899.99   9177.44

[1;1H[2J
Get Statistics
Type     Time(s)  Ops          TPS(ops/s)   Net(M/s)   Get_miss   Min(us)  Max(us)    Avg(us)    Std_dev    Geo_dist  
Period   10       66078        6607         0.9        0          576      273893     10943      10295.11   8899.94
Global   140      886314       6330         0.9        0          442      1298047    11427      22208.86   9156.46

Total Statistics
Type     Time(s)  Ops          TPS(ops/s)   Net(M/s)   Get_miss   Min(us)  Max(us)    Avg(us)    Std_dev    Geo_dist  
Period   10       66078        6607         0.9        0          576      273893     10943      10295.11   8899.94
Global   140      886314       6330         0.9        0          442      1298047    11427      22208.86   9156.46

[1;1H[2J
Get Statistics
Type     Time(s)  Ops          TPS(ops/s)   Net(M/s)   Get_miss   Min(us)  Max(us)    Avg(us)    Std_dev    Geo_dist  
Period   10       66922        6692         0.9        0          722      256804     10796      10628.77   8843.23
Global   150      953236       6354         0.9        0          442      1298047    11383      21599.91   9134.11

Total Statistics
Type     Time(s)  Ops          TPS(ops/s)   Net(M/s)   Get_miss   Min(us)  Max(us)    Avg(us)    Std_dev    Geo_dist  
Period   10       66922        6692         0.9        0          722      256804     10796      10628.77   8843.23
Global   150      953236       6354         0.9        0          442      1298047    11383      21599.91   9134.11

[1;1H[2J
Get Statistics
Type     Time(s)  Ops          TPS(ops/s)   Net(M/s)   Get_miss   Min(us)  Max(us)    Avg(us)    Std_dev    Geo_dist  
Period   10       60337        6033         0.9        0          440      388216     11986      20743.63   9048.31
Global   160      1013573      6334         0.8        0          440      1298047    11419      21550.30   9128.98

Total Statistics
Type     Time(s)  Ops          TPS(ops/s)   Net(M/s)   Get_miss   Min(us)  Max(us)    Avg(us)    Std_dev    Geo_dist  
Period   10       60338        6033         0.9        0          440      388216     11986      20743.71   9048.48
Global   160      1013574      6334         0.8        0          440      1298047    11419      21550.30   9128.99

[1;1H[2J
Get Statistics
Type     Time(s)  Ops          TPS(ops/s)   Net(M/s)   Get_miss   Min(us)  Max(us)    Avg(us)    Std_dev    Geo_dist  
Period   10       63038        6303         0.9        0          505      248421     11454      13812.14   9173.47
Global   170      1076611      6333         0.9        0          440      1298047    11421      21175.33   9131.67

Total Statistics
Type     Time(s)  Ops          TPS(ops/s)   Net(M/s)   Get_miss   Min(us)  Max(us)    Avg(us)    Std_dev    Geo_dist  
Period   10       63037        6303         0.9        0          505      248421     11454      13812.26   9173.44
Global   170      1076611      6333         0.9        0          440      1298047    11421      21175.33   9131.67

[1;1H[2J
Get Statistics
Type     Time(s)  Ops          TPS(ops/s)   Net(M/s)   Get_miss   Min(us)  Max(us)    Avg(us)    Std_dev    Geo_dist  
Period   10       61559        6155         0.9        0          560      257807     11746      13540.70   9442.25
Global   180      1138170      6323         0.8        0          440      1298047    11439      20833.99   9148.20

Total Statistics
Type     Time(s)  Ops          TPS(ops/s)   Net(M/s)   Get_miss   Min(us)  Max(us)    Avg(us)    Std_dev    Geo_dist  
Period   10       61559        6155         0.9        0          560      257807     11746      13540.70   9442.25
Global   180      1138170      6323         0.8        0          440      1298047    11439      20833.99   9148.20

[1;1H[2J
Get Statistics
Type     Time(s)  Ops          TPS(ops/s)   Net(M/s)   Get_miss   Min(us)  Max(us)    Avg(us)    Std_dev    Geo_dist  
Period   10       63202        6320         0.9        0          658      551791     11434      22151.95   8848.33
Global   190      1201372      6323         0.9        0          440      1298047    11438      20905.79   9132.18

Total Statistics
Type     Time(s)  Ops          TPS(ops/s)   Net(M/s)   Get_miss   Min(us)  Max(us)    Avg(us)    Std_dev    Geo_dist  
Period   10       63202        6320         0.9        0          658      551791     11434      22151.95   8848.33
Global   190      1201372      6323         0.9        0          440      1298047    11438      20905.79   9132.18

[1;1H[2J
Get Statistics
Type     Time(s)  Ops          TPS(ops/s)   Net(M/s)   Get_miss   Min(us)  Max(us)    Avg(us)    Std_dev    Geo_dist  
Period   10       63626        6362         0.9        0          589      175986     11358      10904.68   9243.36
Global   200      1264998      6324         0.9        0          440      1298047    11434      20519.51   9137.74

Total Statistics
Type     Time(s)  Ops          TPS(ops/s)   Net(M/s)   Get_miss   Min(us)  Max(us)    Avg(us)    Std_dev    Geo_dist  
Period   10       63626        6362         0.9        0          589      175986     11358      10904.68   9243.36
Global   200      1264998      6324         0.9        0          440      1298047    11434      20519.51   9137.74

[1;1H[2J
Get Statistics
Type     Time(s)  Ops          TPS(ops/s)   Net(M/s)   Get_miss   Min(us)  Max(us)    Avg(us)    Std_dev    Geo_dist  
Period   10       58844        5884         0.9        0          790      260347     12287      16975.05   9323.05
Global   210      1323842      6304         0.8        0          440      1298047    11472      20375.76   9145.89

Total Statistics
Type     Time(s)  Ops          TPS(ops/s)   Net(M/s)   Get_miss   Min(us)  Max(us)    Avg(us)    Std_dev    Geo_dist  
Period   10       58845        5884         0.9        0          790      260347     12286      16975.60   9323.06
Global   210      1323843      6304         0.8        0          440      1298047    11472      20375.75   9145.89

[1;1H[2J
Get Statistics
Type     Time(s)  Ops          TPS(ops/s)   Net(M/s)   Get_miss   Min(us)  Max(us)    Avg(us)    Std_dev    Geo_dist  
Period   10       58738        5873         0.9        0          671      483732     12309      25163.22   9185.75
Global   220      1382580      6284         0.8        0          440      1298047    11508      20602.23   9147.64

Total Statistics
Type     Time(s)  Ops          TPS(ops/s)   Net(M/s)   Get_miss   Min(us)  Max(us)    Avg(us)    Std_dev    Geo_dist  
Period   10       58737        5873         0.9        0          671      483732     12309      25163.45   9185.74
Global   220      1382580      6284         0.8        0          440      1298047    11508      20602.23   9147.64

[1;1H[2J
Get Statistics
Type     Time(s)  Ops          TPS(ops/s)   Net(M/s)   Get_miss   Min(us)  Max(us)    Avg(us)    Std_dev    Geo_dist  
Period   10       65094        6509         0.9        0          695      235334     11102      13019.00   8811.07
Global   230      1447674      6294         0.9        0          440      1298047    11490      20322.13   9132.24

Total Statistics
Type     Time(s)  Ops          TPS(ops/s)   Net(M/s)   Get_miss   Min(us)  Max(us)    Avg(us)    Std_dev    Geo_dist  
Period   10       65094        6509         0.9        0          695      235334     11102      13019.00   8811.07
Global   230      1447674      6294         0.9        0          440      1298047    11490      20322.13   9132.24

[1;1H[2J
Get Statistics
Type     Time(s)  Ops          TPS(ops/s)   Net(M/s)   Get_miss   Min(us)  Max(us)    Avg(us)    Std_dev    Geo_dist  
Period   10       57220        5722         0.9        0          699      315879     12628      16555.77   9766.12
Global   240      1504894      6270         0.8        0          440      1298047    11533      20193.10   9155.57

Total Statistics
Type     Time(s)  Ops          TPS(ops/s)   Net(M/s)   Get_miss   Min(us)  Max(us)    Avg(us)    Std_dev    Geo_dist  
Period   10       57220        5722         0.9        0          699      315879     12628      16555.77   9766.12
Global   240      1504894      6270         0.8        0          440      1298047    11533      20193.10   9155.57

[1;1H[2J
Get Statistics
Type     Time(s)  Ops          TPS(ops/s)   Net(M/s)   Get_miss   Min(us)  Max(us)    Avg(us)    Std_dev    Geo_dist  
Period   10       63276        6327         0.9        0          361      214206     11425      14384.58   8905.05
Global   250      1568170      6272         0.9        0          361      1298047    11528      19991.80   9145.33

Total Statistics
Type     Time(s)  Ops          TPS(ops/s)   Net(M/s)   Get_miss   Min(us)  Max(us)    Avg(us)    Std_dev    Geo_dist  
Period   10       63276        6327         0.9        0          361      214206     11425      14384.58   8905.05
Global   250      1568170      6272         0.9        0          361      1298047    11528      19991.80   9145.33

[1;1H[2J
Get Statistics
Type     Time(s)  Ops          TPS(ops/s)   Net(M/s)   Get_miss   Min(us)  Max(us)    Avg(us)    Std_dev    Geo_dist  
Period   10       66659        6665         0.9        0          613      254116     10841      10862.88   8784.89
Global   260      1634829      6287         0.9        0          361      1298047    11500      19702.93   9130.35

Total Statistics
Type     Time(s)  Ops          TPS(ops/s)   Net(M/s)   Get_miss   Min(us)  Max(us)    Avg(us)    Std_dev    Geo_dist  
Period   10       66659        6665         0.9        0          613      254116     10841      10862.88   8784.89
Global   260      1634829      6287         0.9        0          361      1298047    11500      19702.93   9130.35

[1;1H[2J
Get Statistics
Type     Time(s)  Ops          TPS(ops/s)   Net(M/s)   Get_miss   Min(us)  Max(us)    Avg(us)    Std_dev    Geo_dist  
Period   10       60606        6060         0.9        0          473      231139     11928      13787.02   9315.04
Global   270      1695435      6279         0.8        0          361      1298047    11516      19522.12   9136.88

Total Statistics
Type     Time(s)  Ops          TPS(ops/s)   Net(M/s)   Get_miss   Min(us)  Max(us)    Avg(us)    Std_dev    Geo_dist  
Period   10       60607        6060         0.9        0          473      231139     11927      13787.69   9314.85
Global   270      1695436      6279         0.8        0          361      1298047    11516      19522.11   9136.88

[1;1H[2J
Get Statistics
Type     Time(s)  Ops          TPS(ops/s)   Net(M/s)   Get_miss   Min(us)  Max(us)    Avg(us)    Std_dev    Geo_dist  
Period   10       58791        5879         0.9        0          679      672147     12282      25302.46   9260.39
Global   280      1754226      6265         0.8        0          361      1298047    11541      19744.13   9141.04

Total Statistics
Type     Time(s)  Ops          TPS(ops/s)   Net(M/s)   Get_miss   Min(us)  Max(us)    Avg(us)    Std_dev    Geo_dist  
Period   10       58790        5879         0.9        0          679      672147     12282      25302.73   9260.60
Global   280      1754226      6265         0.8        0          361      1298047    11541      19744.13   9141.04

[1;1H[2J
Get Statistics
Type     Time(s)  Ops          TPS(ops/s)   Net(M/s)   Get_miss   Min(us)  Max(us)    Avg(us)    Std_dev    Geo_dist  
Period   10       47667        4766         0.9        0          535      869643     14300      47721.31   9323.19
Global   290      1801893      6213         0.7        0          361      1298047    11614      20975.15   9145.81

Total Statistics
Type     Time(s)  Ops          TPS(ops/s)   Net(M/s)   Get_miss   Min(us)  Max(us)    Avg(us)    Std_dev    Geo_dist  
Period   10       47667        4766         0.9        0          535      869643     14300      47721.31   9323.19
Global   290      1801893      6213         0.7        0          361      1298047    11614      20975.15   9145.81

[1;1H[2J
Get Statistics
Type     Time(s)  Ops          TPS(ops/s)   Net(M/s)   Get_miss   Min(us)  Max(us)    Avg(us)    Std_dev    Geo_dist  
Period   10       51463        5146         0.8        0          708      4419673    14850      96056.79   8816.48
Global   300      1853356      6177         0.7        0          361      4419673    11704      26157.65   9136.50

Total Statistics
Type     Time(s)  Ops          TPS(ops/s)   Net(M/s)   Get_miss   Min(us)  Max(us)    Avg(us)    Std_dev    Geo_dist  
Period   10       51463        5146         0.8        0          708      4419673    14850      96056.79   8816.48
Global   300      1853356      6177         0.7        0          361      4419673    11704      26157.65   9136.50

[1;1H[2J
Get Statistics
Type     Time(s)  Ops          TPS(ops/s)   Net(M/s)   Get_miss   Min(us)  Max(us)    Avg(us)    Std_dev    Geo_dist  
Period   10       57932        5793         0.8        0          625      1771444    12467      41408.46   9133.74
Global   310      1911288      6165         0.8        0          361      4419673    11727      26748.36   9136.42

Total Statistics
Type     Time(s)  Ops          TPS(ops/s)   Net(M/s)   Get_miss   Min(us)  Max(us)    Avg(us)    Std_dev    Geo_dist  
Period   10       57932        5793         0.8        0          625      1771444    12467      41408.46   9133.74
Global   310      1911288      6165         0.8        0          361      4419673    11727      26748.36   9136.42

[1;1H[2J
Get Statistics
Type     Time(s)  Ops          TPS(ops/s)   Net(M/s)   Get_miss   Min(us)  Max(us)    Avg(us)    Std_dev    Geo_dist  
Period   10       67676        6767         0.8        0          514      236606     10687      12594.51   8602.70
Global   320      1978964      6184         0.9        0          361      4419673    11692      26390.42   9117.63

Total Statistics
Type     Time(s)  Ops          TPS(ops/s)   Net(M/s)   Get_miss   Min(us)  Max(us)    Avg(us)    Std_dev    Geo_dist  
Period   10       67676        6767         0.8        0          514      236606     10687      12594.51   8602.70
Global   320      1978964      6184         0.9        0          361      4419673    11692      26390.42   9117.63

[1;1H[2J
Get Statistics
Type     Time(s)  Ops          TPS(ops/s)   Net(M/s)   Get_miss   Min(us)  Max(us)    Avg(us)    Std_dev    Geo_dist  
Period   10       58711        5871         0.8        0          563      336018     12310      16919.13   9446.48
Global   330      2037675      6174         0.8        0          361      4419673    11710      26165.65   9126.94

Total Statistics
Type     Time(s)  Ops          TPS(ops/s)   Net(M/s)   Get_miss   Min(us)  Max(us)    Avg(us)    Std_dev    Geo_dist  
Period   10       58711        5871         0.8        0          563      336018     12310      16919.13   9446.48
Global   330      2037675      6174         0.8        0          361      4419673    11710      26165.65   9126.94

[1;1H[2J
Get Statistics
Type     Time(s)  Ops          TPS(ops/s)   Net(M/s)   Get_miss   Min(us)  Max(us)    Avg(us)    Std_dev    Geo_dist  
Period   10       65188        6518         0.8        0          550      157396     11084      9632.16    9095.50
Global   340      2102863      6184         0.9        0          361      4419673    11690      25813.16   9125.97

Total Statistics
Type     Time(s)  Ops          TPS(ops/s)   Net(M/s)   Get_miss   Min(us)  Max(us)    Avg(us)    Std_dev    Geo_dist  
Period   10       65188        6518         0.8        0          550      157396     11084      9632.16    9095.50
Global   340      2102863      6184         0.9        0          361      4419673    11690      25813.16   9125.97

[1;1H[2J
Get Statistics
Type     Time(s)  Ops          TPS(ops/s)   Net(M/s)   Get_miss   Min(us)  Max(us)    Avg(us)    Std_dev    Geo_dist  
Period   10       57748        5774         0.8        0          442      654713     12097      20994.58   8954.33
Global   350      2160611      6173         0.8        0          361      4419673    11701      25696.15   9121.34

Total Statistics
Type     Time(s)  Ops          TPS(ops/s)   Net(M/s)   Get_miss   Min(us)  Max(us)    Avg(us)    Std_dev    Geo_dist  
Period   10       57748        5774         0.8        0          442      654713     12097      20994.58   8954.33
Global   350      2160611      6173         0.8        0          361      4419673    11701      25696.15   9121.34

[1;1H[2J
Get Statistics
Type     Time(s)  Ops          TPS(ops/s)   Net(M/s)   Get_miss   Min(us)  Max(us)    Avg(us)    Std_dev    Geo_dist  
Period   10       64379        6437         0.8        0          430      688900     11602      19278.53   9173.21
Global   360      2224990      6180         0.9        0          361      4419673    11698      25533.20   9122.83

Total Statistics
Type     Time(s)  Ops          TPS(ops/s)   Net(M/s)   Get_miss   Min(us)  Max(us)    Avg(us)    Std_dev    Geo_dist  
Period   10       64379        6437         0.8        0          430      688900     11602      19278.53   9173.21
Global   360      2224990      6180         0.9        0          361      4419673    11698      25533.20   9122.83

Get Statistics (2225062 events)
   Min:       361
   Max:   4419673
   Avg:     11698
   Geo:   9122.88
   Std:  25532.78
   Log2 Dist:
       8:        0       10     1711    63152
      12:   251033   128419   1507608   240458
      16:    17468     7890     5673      849
      20:      506      213       71        1

Total Statistics (2225062 events)
   Min:       361
   Max:   4419673
   Avg:     11698
   Geo:   9122.88
   Std:  25532.78
   Log2 Dist:
       8:        0       10     1711    63152
      12:   251033   128419   1507608   240458
      16:    17468     7890     5673      849
      20:      506      213       71        1

cmd_get: 2225134
cmd_set: 73728
get_misses: 0
written_bytes: 60747844
read_bytes: 367725054
object_bytes: 10616832

Run time: 361.6s Ops: 2298862 TPS: 6357 Net_rate: 1.1M/s
