servers : 10.0.0.6:11212
threads count: 24
concurrency: 24
run time: 360s
windows size: 1k
set proportion: set_prop=0.00
get proportion: get_prop=1.00
[1;1H[2J
Get Statistics
Type     Time(s)  Ops          TPS(ops/s)   Net(M/s)   Get_miss   Min(us)  Max(us)    Avg(us)    Std_dev    Geo_dist  
Period   10       52924        5292         0.7        0          320      60296      4564       4750.05    2736.27
Global   10       52924        5292         0.7        0          320      60296      4564       4750.05    2736.27

Total Statistics
Type     Time(s)  Ops          TPS(ops/s)   Net(M/s)   Get_miss   Min(us)  Max(us)    Avg(us)    Std_dev    Geo_dist  
Period   10       52924        5292         0.7        0          320      60296      4564       4750.05    2736.27
Global   10       52924        5292         0.7        0          320      60296      4564       4750.05    2736.27

[1;1H[2J
Get Statistics
Type     Time(s)  Ops          TPS(ops/s)   Net(M/s)   Get_miss   Min(us)  Max(us)    Avg(us)    Std_dev    Geo_dist  
Period   10       46430        4643         0.7        0          366      931225     5207       18892.51   2899.72
Global   20       99354        4967         0.6        0          320      931225     4865       13375.86   2811.47

Total Statistics
Type     Time(s)  Ops          TPS(ops/s)   Net(M/s)   Get_miss   Min(us)  Max(us)    Avg(us)    Std_dev    Geo_dist  
Period   10       46430        4643         0.7        0          366      931225     5207       18892.51   2899.72
Global   20       99354        4967         0.6        0          320      931225     4865       13375.86   2811.47

[1;1H[2J
Get Statistics
Type     Time(s)  Ops          TPS(ops/s)   Net(M/s)   Get_miss   Min(us)  Max(us)    Avg(us)    Std_dev    Geo_dist  
Period   10       52361        5236         0.7        0          371      123874     4619       4855.01    2848.19
Global   30       151715       5057         0.7        0          320      931225     4780       11194.41   2824.09

Total Statistics
Type     Time(s)  Ops          TPS(ops/s)   Net(M/s)   Get_miss   Min(us)  Max(us)    Avg(us)    Std_dev    Geo_dist  
Period   10       52361        5236         0.7        0          371      123874     4619       4855.01    2848.19
Global   30       151715       5057         0.7        0          320      931225     4780       11194.41   2824.09

[1;1H[2J
Get Statistics
Type     Time(s)  Ops          TPS(ops/s)   Net(M/s)   Get_miss   Min(us)  Max(us)    Avg(us)    Std_dev    Geo_dist  
Period   10       42253        4225         0.7        0          418      722226     5467       17341.36   2937.90
Global   40       193968       4849         0.6        0          320      931225     4930       12790.64   2848.50

Total Statistics
Type     Time(s)  Ops          TPS(ops/s)   Net(M/s)   Get_miss   Min(us)  Max(us)    Avg(us)    Std_dev    Geo_dist  
Period   10       42253        4225         0.7        0          418      722226     5467       17341.36   2937.90
Global   40       193968       4849         0.6        0          320      931225     4930       12790.64   2848.50

[1;1H[2J
Get Statistics
Type     Time(s)  Ops          TPS(ops/s)   Net(M/s)   Get_miss   Min(us)  Max(us)    Avg(us)    Std_dev    Geo_dist  
Period   10       52582        5258         0.7        0          405      763097     4803       12849.50   2761.31
Global   50       246550       4931         0.7        0          320      931225     4903       12803.26   2829.67

Total Statistics
Type     Time(s)  Ops          TPS(ops/s)   Net(M/s)   Get_miss   Min(us)  Max(us)    Avg(us)    Std_dev    Geo_dist  
Period   10       52582        5258         0.7        0          405      763097     4803       12849.50   2761.31
Global   50       246550       4931         0.7        0          320      931225     4903       12803.26   2829.67

[1;1H[2J
Get Statistics
Type     Time(s)  Ops          TPS(ops/s)   Net(M/s)   Get_miss   Min(us)  Max(us)    Avg(us)    Std_dev    Geo_dist  
Period   10       47366        4736         0.7        0          341      664045     5083       18595.70   2787.73
Global   60       293916       4898         0.7        0          320      931225     4932       13900.98   2822.87

Total Statistics
Type     Time(s)  Ops          TPS(ops/s)   Net(M/s)   Get_miss   Min(us)  Max(us)    Avg(us)    Std_dev    Geo_dist  
Period   10       47366        4736         0.7        0          341      664045     5083       18595.70   2787.73
Global   60       293916       4898         0.7        0          320      931225     4932       13900.98   2822.87

[1;1H[2J
Get Statistics
Type     Time(s)  Ops          TPS(ops/s)   Net(M/s)   Get_miss   Min(us)  Max(us)    Avg(us)    Std_dev    Geo_dist  
Period   10       53878        5387         0.7        0          308      73492      4474       4568.75    2763.79
Global   70       347794       4968         0.7        0          308      931225     4861       12905.95   2813.64

Total Statistics
Type     Time(s)  Ops          TPS(ops/s)   Net(M/s)   Get_miss   Min(us)  Max(us)    Avg(us)    Std_dev    Geo_dist  
Period   10       53878        5387         0.7        0          308      73492      4474       4568.75    2763.79
Global   70       347794       4968         0.7        0          308      931225     4861       12905.95   2813.64

[1;1H[2J
Get Statistics
Type     Time(s)  Ops          TPS(ops/s)   Net(M/s)   Get_miss   Min(us)  Max(us)    Avg(us)    Std_dev    Geo_dist  
Period   10       52343        5234         0.7        0          353      287360     4607       7617.26    2750.42
Global   80       400137       5001         0.7        0          308      931225     4828       12343.82   2805.29

Total Statistics
Type     Time(s)  Ops          TPS(ops/s)   Net(M/s)   Get_miss   Min(us)  Max(us)    Avg(us)    Std_dev    Geo_dist  
Period   10       52344        5234         0.7        0          353      287360     4607       7617.16    2750.35
Global   80       400138       5001         0.7        0          308      931225     4828       12343.80   2805.28

[1;1H[2J
Get Statistics
Type     Time(s)  Ops          TPS(ops/s)   Net(M/s)   Get_miss   Min(us)  Max(us)    Avg(us)    Std_dev    Geo_dist  
Period   10       51311        5131         0.7        0          333      355060     4705       8280.21    2789.97
Global   90       451448       5016         0.7        0          308      931225     4814       11951.82   2803.58

Total Statistics
Type     Time(s)  Ops          TPS(ops/s)   Net(M/s)   Get_miss   Min(us)  Max(us)    Avg(us)    Std_dev    Geo_dist  
Period   10       51310        5131         0.7        0          333      355060     4706       8279.74    2790.40
Global   90       451448       5016         0.7        0          308      931225     4814       11951.82   2803.58

[1;1H[2J
Get Statistics
Type     Time(s)  Ops          TPS(ops/s)   Net(M/s)   Get_miss   Min(us)  Max(us)    Avg(us)    Std_dev    Geo_dist  
Period   10       52833        5283         0.7        0          342      144333     4556       4687.80    2833.48
Global   100      504281       5042         0.7        0          308      931225     4787       11410.01   2806.70

Total Statistics
Type     Time(s)  Ops          TPS(ops/s)   Net(M/s)   Get_miss   Min(us)  Max(us)    Avg(us)    Std_dev    Geo_dist  
Period   10       52833        5283         0.7        0          342      144333     4556       4687.80    2833.48
Global   100      504281       5042         0.7        0          308      931225     4787       11410.01   2806.70

[1;1H[2J
Get Statistics
Type     Time(s)  Ops          TPS(ops/s)   Net(M/s)   Get_miss   Min(us)  Max(us)    Avg(us)    Std_dev    Geo_dist  
Period   10       53421        5342         0.7        0          416      58237      4506       4191.97    2837.70
Global   110      557702       5070         0.7        0          308      931225     4760       10927.43   2809.66

Total Statistics
Type     Time(s)  Ops          TPS(ops/s)   Net(M/s)   Get_miss   Min(us)  Max(us)    Avg(us)    Std_dev    Geo_dist  
Period   10       53421        5342         0.7        0          416      58237      4506       4191.97    2837.70
Global   110      557702       5070         0.7        0          308      931225     4760       10927.43   2809.66

[1;1H[2J
Get Statistics
Type     Time(s)  Ops          TPS(ops/s)   Net(M/s)   Get_miss   Min(us)  Max(us)    Avg(us)    Std_dev    Geo_dist  
Period   10       50011        5001         0.7        0          426      134171     4817       5403.54    2932.03
Global   120      607713       5064         0.7        0          308      931225     4765       10582.17   2819.53

Total Statistics
Type     Time(s)  Ops          TPS(ops/s)   Net(M/s)   Get_miss   Min(us)  Max(us)    Avg(us)    Std_dev    Geo_dist  
Period   10       50011        5001         0.7        0          426      134171     4817       5403.54    2932.03
Global   120      607713       5064         0.7        0          308      931225     4765       10582.17   2819.53

[1;1H[2J
Get Statistics
Type     Time(s)  Ops          TPS(ops/s)   Net(M/s)   Get_miss   Min(us)  Max(us)    Avg(us)    Std_dev    Geo_dist  
Period   10       51441        5144         0.7        0          376      136418     4678       4857.40    2897.93
Global   130      659154       5070         0.7        0          308      931225     4758       10251.19   2825.57

Total Statistics
Type     Time(s)  Ops          TPS(ops/s)   Net(M/s)   Get_miss   Min(us)  Max(us)    Avg(us)    Std_dev    Geo_dist  
Period   10       51441        5144         0.7        0          376      136418     4678       4857.40    2897.93
Global   130      659154       5070         0.7        0          308      931225     4758       10251.19   2825.57

[1;1H[2J
Get Statistics
Type     Time(s)  Ops          TPS(ops/s)   Net(M/s)   Get_miss   Min(us)  Max(us)    Avg(us)    Std_dev    Geo_dist  
Period   10       52847        5284         0.7        0          430      78028      4560       4692.28    2826.56
Global   140      712001       5085         0.7        0          308      931225     4743       9946.19    2825.64

Total Statistics
Type     Time(s)  Ops          TPS(ops/s)   Net(M/s)   Get_miss   Min(us)  Max(us)    Avg(us)    Std_dev    Geo_dist  
Period   10       52847        5284         0.7        0          430      78028      4560       4692.28    2826.56
Global   140      712001       5085         0.7        0          308      931225     4743       9946.19    2825.64

[1;1H[2J
Get Statistics
Type     Time(s)  Ops          TPS(ops/s)   Net(M/s)   Get_miss   Min(us)  Max(us)    Avg(us)    Std_dev    Geo_dist  
Period   10       53171        5317         0.7        0          381      116285     4529       4621.56    2874.09
Global   150      765172       5101         0.7        0          308      931225     4728       9671.65    2828.98

Total Statistics
Type     Time(s)  Ops          TPS(ops/s)   Net(M/s)   Get_miss   Min(us)  Max(us)    Avg(us)    Std_dev    Geo_dist  
Period   10       53171        5317         0.7        0          381      116285     4529       4621.56    2874.09
Global   150      765172       5101         0.7        0          308      931225     4728       9671.65    2828.98

[1;1H[2J
Get Statistics
Type     Time(s)  Ops          TPS(ops/s)   Net(M/s)   Get_miss   Min(us)  Max(us)    Avg(us)    Std_dev    Geo_dist  
Period   10       49367        4936         0.7        0          392      179699     4878       6411.12    2936.80
Global   160      814539       5090         0.7        0          308      931225     4737       9506.04    2835.40

Total Statistics
Type     Time(s)  Ops          TPS(ops/s)   Net(M/s)   Get_miss   Min(us)  Max(us)    Avg(us)    Std_dev    Geo_dist  
Period   10       49367        4936         0.7        0          392      179699     4878       6411.12    2936.80
Global   160      814539       5090         0.7        0          308      931225     4737       9506.04    2835.40

[1;1H[2J
Get Statistics
Type     Time(s)  Ops          TPS(ops/s)   Net(M/s)   Get_miss   Min(us)  Max(us)    Avg(us)    Std_dev    Geo_dist  
Period   10       51902        5190         0.7        0          454      57740      4638       4587.37    2853.91
Global   170      866441       5096         0.7        0          308      931225     4731       9285.12    2836.51

Total Statistics
Type     Time(s)  Ops          TPS(ops/s)   Net(M/s)   Get_miss   Min(us)  Max(us)    Avg(us)    Std_dev    Geo_dist  
Period   10       51902        5190         0.7        0          454      57740      4638       4587.37    2853.91
Global   170      866441       5096         0.7        0          308      931225     4731       9285.12    2836.51

[1;1H[2J
Get Statistics
Type     Time(s)  Ops          TPS(ops/s)   Net(M/s)   Get_miss   Min(us)  Max(us)    Avg(us)    Std_dev    Geo_dist  
Period   10       52142        5214         0.7        0          376      59281      4619       4320.12    2907.48
Global   180      918583       5103         0.7        0          308      931225     4725       9076.14    2840.49

Total Statistics
Type     Time(s)  Ops          TPS(ops/s)   Net(M/s)   Get_miss   Min(us)  Max(us)    Avg(us)    Std_dev    Geo_dist  
Period   10       52142        5214         0.7        0          376      59281      4619       4320.12    2907.48
Global   180      918583       5103         0.7        0          308      931225     4725       9076.14    2840.49

[1;1H[2J
Get Statistics
Type     Time(s)  Ops          TPS(ops/s)   Net(M/s)   Get_miss   Min(us)  Max(us)    Avg(us)    Std_dev    Geo_dist  
Period   10       51204        5120         0.7        0          399      77989      4702       4246.09    2991.38
Global   190      969787       5104         0.7        0          308      931225     4724       8886.89    2848.26

Total Statistics
Type     Time(s)  Ops          TPS(ops/s)   Net(M/s)   Get_miss   Min(us)  Max(us)    Avg(us)    Std_dev    Geo_dist  
Period   10       51204        5120         0.7        0          399      77989      4702       4246.09    2991.38
Global   190      969787       5104         0.7        0          308      931225     4724       8886.89    2848.26

[1;1H[2J
Get Statistics
Type     Time(s)  Ops          TPS(ops/s)   Net(M/s)   Get_miss   Min(us)  Max(us)    Avg(us)    Std_dev    Geo_dist  
Period   10       51352        5135         0.7        0          364      236556     4692       6549.03    2853.34
Global   200      1021139      5105         0.7        0          308      931225     4722       8784.40    2848.52

Total Statistics
Type     Time(s)  Ops          TPS(ops/s)   Net(M/s)   Get_miss   Min(us)  Max(us)    Avg(us)    Std_dev    Geo_dist  
Period   10       51352        5135         0.7        0          364      236556     4692       6549.03    2853.34
Global   200      1021139      5105         0.7        0          308      931225     4722       8784.40    2848.52

[1;1H[2J
Get Statistics
Type     Time(s)  Ops          TPS(ops/s)   Net(M/s)   Get_miss   Min(us)  Max(us)    Avg(us)    Std_dev    Geo_dist  
Period   10       52811        5281         0.7        0          338      54585      4558       4250.19    2873.76
Global   210      1073950      5114         0.7        0          308      931225     4714       8617.43    2849.76

Total Statistics
Type     Time(s)  Ops          TPS(ops/s)   Net(M/s)   Get_miss   Min(us)  Max(us)    Avg(us)    Std_dev    Geo_dist  
Period   10       52811        5281         0.7        0          338      54585      4558       4250.19    2873.76
Global   210      1073950      5114         0.7        0          308      931225     4714       8617.43    2849.76

[1;1H[2J
Get Statistics
Type     Time(s)  Ops          TPS(ops/s)   Net(M/s)   Get_miss   Min(us)  Max(us)    Avg(us)    Std_dev    Geo_dist  
Period   10       50583        5058         0.7        0          413      87526      4761       4891.03    2962.94
Global   220      1124533      5111         0.7        0          308      931225     4716       8485.10    2854.75

Total Statistics
Type     Time(s)  Ops          TPS(ops/s)   Net(M/s)   Get_miss   Min(us)  Max(us)    Avg(us)    Std_dev    Geo_dist  
Period   10       50583        5058         0.7        0          413      87526      4761       4891.03    2962.94
Global   220      1124533      5111         0.7        0          308      931225     4716       8485.10    2854.75

[1;1H[2J
Get Statistics
Type     Time(s)  Ops          TPS(ops/s)   Net(M/s)   Get_miss   Min(us)  Max(us)    Avg(us)    Std_dev    Geo_dist  
Period   10       50808        5080         0.7        0          414      346409     4739       8824.91    2826.24
Global   230      1175341      5110         0.7        0          308      931225     4717       8500.07    2853.51

Total Statistics
Type     Time(s)  Ops          TPS(ops/s)   Net(M/s)   Get_miss   Min(us)  Max(us)    Avg(us)    Std_dev    Geo_dist  
Period   10       50808        5080         0.7        0          414      346409     4739       8824.91    2826.24
Global   230      1175341      5110         0.7        0          308      931225     4717       8500.07    2853.51

[1;1H[2J
Get Statistics
Type     Time(s)  Ops          TPS(ops/s)   Net(M/s)   Get_miss   Min(us)  Max(us)    Avg(us)    Std_dev    Geo_dist  
Period   10       53754        5375         0.7        0          416      28551      4483       3998.18    2842.92
Global   240      1229095      5121         0.7        0          308      931225     4707       8354.07    2853.05

Total Statistics
Type     Time(s)  Ops          TPS(ops/s)   Net(M/s)   Get_miss   Min(us)  Max(us)    Avg(us)    Std_dev    Geo_dist  
Period   10       53754        5375         0.7        0          416      28551      4483       3998.18    2842.92
Global   240      1229095      5121         0.7        0          308      931225     4707       8354.07    2853.05

[1;1H[2J
Get Statistics
Type     Time(s)  Ops          TPS(ops/s)   Net(M/s)   Get_miss   Min(us)  Max(us)    Avg(us)    Std_dev    Geo_dist  
Period   10       48550        4855         0.7        0          383      653073     4958       14885.10   2894.95
Global   250      1277645      5110         0.7        0          308      931225     4716       8692.82    2854.63

Total Statistics
Type     Time(s)  Ops          TPS(ops/s)   Net(M/s)   Get_miss   Min(us)  Max(us)    Avg(us)    Std_dev    Geo_dist  
Period   10       48550        4855         0.7        0          383      653073     4958       14885.10   2894.95
Global   250      1277645      5110         0.7        0          308      931225     4716       8692.82    2854.63

[1;1H[2J
Get Statistics
Type     Time(s)  Ops          TPS(ops/s)   Net(M/s)   Get_miss   Min(us)  Max(us)    Avg(us)    Std_dev    Geo_dist  
Period   10       52640        5264         0.7        0          400      40976      4573       4325.91    2831.45
Global   260      1330285      5116         0.7        0          308      931225     4711       8562.12    2853.71

Total Statistics
Type     Time(s)  Ops          TPS(ops/s)   Net(M/s)   Get_miss   Min(us)  Max(us)    Avg(us)    Std_dev    Geo_dist  
Period   10       52640        5264         0.7        0          400      40976      4573       4325.91    2831.45
Global   260      1330285      5116         0.7        0          308      931225     4711       8562.12    2853.71

[1;1H[2J
Get Statistics
Type     Time(s)  Ops          TPS(ops/s)   Net(M/s)   Get_miss   Min(us)  Max(us)    Avg(us)    Std_dev    Geo_dist  
Period   10       50570        5057         0.7        0          443      257558     4700       7065.56    2861.94
Global   270      1380855      5114         0.7        0          308      931225     4710       8512.29    2854.01

Total Statistics
Type     Time(s)  Ops          TPS(ops/s)   Net(M/s)   Get_miss   Min(us)  Max(us)    Avg(us)    Std_dev    Geo_dist  
Period   10       50570        5057         0.7        0          443      257558     4700       7065.56    2861.94
Global   270      1380855      5114         0.7        0          308      931225     4710       8512.29    2854.01

[1;1H[2J
Get Statistics
Type     Time(s)  Ops          TPS(ops/s)   Net(M/s)   Get_miss   Min(us)  Max(us)    Avg(us)    Std_dev    Geo_dist  
Period   10       51036        5103         0.7        0          337      588274     4780       11433.70   2787.26
Global   280      1431891      5113         0.7        0          308      931225     4713       8633.15    2851.61

Total Statistics
Type     Time(s)  Ops          TPS(ops/s)   Net(M/s)   Get_miss   Min(us)  Max(us)    Avg(us)    Std_dev    Geo_dist  
Period   10       51036        5103         0.7        0          337      588274     4780       11433.70   2787.26
Global   280      1431891      5113         0.7        0          308      931225     4713       8633.15    2851.61

[1;1H[2J
Get Statistics
Type     Time(s)  Ops          TPS(ops/s)   Net(M/s)   Get_miss   Min(us)  Max(us)    Avg(us)    Std_dev    Geo_dist  
Period   10       46902        4690         0.7        0          343      260948     5136       9304.48    2959.64
Global   290      1478793      5099         0.6        0          308      931225     4726       8655.78    2854.97

Total Statistics
Type     Time(s)  Ops          TPS(ops/s)   Net(M/s)   Get_miss   Min(us)  Max(us)    Avg(us)    Std_dev    Geo_dist  
Period   10       46902        4690         0.7        0          343      260948     5136       9304.48    2959.64
Global   290      1478793      5099         0.6        0          308      931225     4726       8655.78    2854.97

[1;1H[2J
Get Statistics
Type     Time(s)  Ops          TPS(ops/s)   Net(M/s)   Get_miss   Min(us)  Max(us)    Avg(us)    Std_dev    Geo_dist  
Period   10       51341        5134         0.7        0          375      47476      4689       4234.67    2946.66
Global   300      1530134      5100         0.7        0          308      931225     4725       8544.48    2858.00

Total Statistics
Type     Time(s)  Ops          TPS(ops/s)   Net(M/s)   Get_miss   Min(us)  Max(us)    Avg(us)    Std_dev    Geo_dist  
Period   10       51341        5134         0.7        0          375      47476      4689       4234.67    2946.66
Global   300      1530134      5100         0.7        0          308      931225     4725       8544.48    2858.00

[1;1H[2J
Get Statistics
Type     Time(s)  Ops          TPS(ops/s)   Net(M/s)   Get_miss   Min(us)  Max(us)    Avg(us)    Std_dev    Geo_dist  
Period   10       52729        5272         0.7        0          360      37695      4569       4203.30    2836.51
Global   310      1582863      5106         0.7        0          308      931225     4720       8435.85    2857.28

Total Statistics
Type     Time(s)  Ops          TPS(ops/s)   Net(M/s)   Get_miss   Min(us)  Max(us)    Avg(us)    Std_dev    Geo_dist  
Period   10       52729        5272         0.7        0          360      37695      4569       4203.30    2836.51
Global   310      1582863      5106         0.7        0          308      931225     4720       8435.85    2857.28

[1;1H[2J
Get Statistics
Type     Time(s)  Ops          TPS(ops/s)   Net(M/s)   Get_miss   Min(us)  Max(us)    Avg(us)    Std_dev    Geo_dist  
Period   10       53737        5373         0.7        0          375      117633     4480       4875.47    2731.02
Global   320      1636600      5114         0.7        0          308      931225     4712       8343.28    2853.04

Total Statistics
Type     Time(s)  Ops          TPS(ops/s)   Net(M/s)   Get_miss   Min(us)  Max(us)    Avg(us)    Std_dev    Geo_dist  
Period   10       53737        5373         0.7        0          375      117633     4480       4875.47    2731.02
Global   320      1636600      5114         0.7        0          308      931225     4712       8343.28    2853.04

[1;1H[2J
Get Statistics
Type     Time(s)  Ops          TPS(ops/s)   Net(M/s)   Get_miss   Min(us)  Max(us)    Avg(us)    Std_dev    Geo_dist  
Period   10       49327        4932         0.7        0          390      247155     4883       8343.60    2791.32
Global   330      1685927      5108         0.7        0          308      931225     4717       8343.34    2851.22

Total Statistics
Type     Time(s)  Ops          TPS(ops/s)   Net(M/s)   Get_miss   Min(us)  Max(us)    Avg(us)    Std_dev    Geo_dist  
Period   10       49328        4932         0.7        0          390      247155     4883       8343.56    2791.38
Global   330      1685928      5108         0.7        0          308      931225     4717       8343.34    2851.22

[1;1H[2J
Get Statistics
Type     Time(s)  Ops          TPS(ops/s)   Net(M/s)   Get_miss   Min(us)  Max(us)    Avg(us)    Std_dev    Geo_dist  
Period   10       54679        5467         0.7        0          358      43657      4404       4249.77    2693.45
Global   340      1740606      5119         0.8        0          308      931225     4707       8246.00    2846.14

Total Statistics
Type     Time(s)  Ops          TPS(ops/s)   Net(M/s)   Get_miss   Min(us)  Max(us)    Avg(us)    Std_dev    Geo_dist  
Period   10       54678        5467         0.7        0          358      43657      4404       4249.85    2693.84
Global   340      1740606      5119         0.8        0          308      931225     4707       8246.00    2846.14

[1;1H[2J
Get Statistics
Type     Time(s)  Ops          TPS(ops/s)   Net(M/s)   Get_miss   Min(us)  Max(us)    Avg(us)    Std_dev    Geo_dist  
Period   10       51322        5132         0.7        0          398      227308     4693       6038.35    2866.67
Global   350      1791928      5119         0.7        0          308      931225     4707       8190.82    2846.73

Total Statistics
Type     Time(s)  Ops          TPS(ops/s)   Net(M/s)   Get_miss   Min(us)  Max(us)    Avg(us)    Std_dev    Geo_dist  
Period   10       51322        5132         0.7        0          398      227308     4693       6038.35    2866.67
Global   350      1791928      5119         0.7        0          308      931225     4707       8190.82    2846.73

[1;1H[2J
Get Statistics
Type     Time(s)  Ops          TPS(ops/s)   Net(M/s)   Get_miss   Min(us)  Max(us)    Avg(us)    Std_dev    Geo_dist  
Period   10       48307        4830         0.7        0          371      282656     4986       10132.03   2857.59
Global   360      1840235      5111         0.7        0          308      931225     4714       8247.92    2847.01

Total Statistics
Type     Time(s)  Ops          TPS(ops/s)   Net(M/s)   Get_miss   Min(us)  Max(us)    Avg(us)    Std_dev    Geo_dist  
Period   10       48307        4830         0.7        0          371      282656     4986       10132.03   2857.59
Global   360      1840235      5111         0.7        0          308      931225     4714       8247.92    2847.01

Get Statistics (1840259 events)
   Min:       308
   Max:    931225
   Avg:      4714
   Geo:   2847.05
   Std:   8247.90
   Log2 Dist:
       8:        0     1383   276626   705000
      12:    78116   392132   359346    24440
      16:     1716      821      387      185
      20:      107

Total Statistics (1840259 events)
   Min:       308
   Max:    931225
   Avg:      4714
   Geo:   2847.05
   Std:   8247.90
   Log2 Dist:
       8:        0     1383   276626   705000
      12:    78116   392132   359346    24440
      16:     1716      821      387      185
      20:      107

cmd_get: 1840283
cmd_set: 24576
get_misses: 0
written_bytes: 44417858
read_bytes: 303839343
object_bytes: 3538944

Run time: 361.7s Ops: 1864859 TPS: 5156 Net_rate: 0.9M/s
