[INFO ] 2016-11-08 11:42:16.002 [main] UniformHasher - Hasher initialised.
[INFO ] 2016-11-08 11:42:16.003 [main] MiddlewareMain - Starting middleware...
[INFO ] 2016-11-08 11:42:16.004 [main] MiddlewareMain - [load balancer IP]: 10.0.0.6
[INFO ] 2016-11-08 11:42:16.004 [main] MiddlewareMain - [load balancer port]: 11212
[INFO ] 2016-11-08 11:42:16.004 [main] MiddlewareMain - [number of read threads per component]: 32
[INFO ] 2016-11-08 11:42:16.004 [main] MiddlewareMain - [replication factor]: 1
[INFO ] 2016-11-08 11:42:16.004 [main] MiddlewareMain - [memcached addresses]: [10.0.0.12:11211, 10.0.0.4:11211, 10.0.0.11:11211, 10.0.0.8:11211, 10.0.0.5:11211]
[INFO ] 2016-11-08 11:42:16.041 [main] WriteWorker - c0w0 connected to server /10.0.0.12:11211.
[INFO ] 2016-11-08 11:42:16.048 [pool-2-thread-1] WriteWorker - c0w0 started; writing to machines: [0].
[INFO ] 2016-11-08 11:42:16.049 [pool-2-thread-2] ReadWorker - c0r0 started.
[INFO ] 2016-11-08 11:42:16.050 [pool-2-thread-3] ReadWorker - c0r1 started.
[INFO ] 2016-11-08 11:42:16.057 [pool-2-thread-4] ReadWorker - c0r2 started.
[INFO ] 2016-11-08 11:42:16.058 [pool-2-thread-5] ReadWorker - c0r3 started.
[INFO ] 2016-11-08 11:42:16.059 [pool-2-thread-6] ReadWorker - c0r4 started.
[INFO ] 2016-11-08 11:42:16.060 [pool-2-thread-7] ReadWorker - c0r5 started.
[INFO ] 2016-11-08 11:42:16.061 [pool-2-thread-8] ReadWorker - c0r6 started.
[INFO ] 2016-11-08 11:42:16.062 [pool-2-thread-10] ReadWorker - c0r8 started.
[INFO ] 2016-11-08 11:42:16.061 [pool-2-thread-9] ReadWorker - c0r7 started.
[INFO ] 2016-11-08 11:42:16.068 [pool-2-thread-11] ReadWorker - c0r9 started.
[INFO ] 2016-11-08 11:42:16.070 [pool-2-thread-12] ReadWorker - c0r10 started.
[INFO ] 2016-11-08 11:42:16.070 [pool-2-thread-13] ReadWorker - c0r11 started.
[INFO ] 2016-11-08 11:42:16.071 [pool-2-thread-14] ReadWorker - c0r12 started.
[INFO ] 2016-11-08 11:42:16.071 [pool-2-thread-15] ReadWorker - c0r13 started.
[INFO ] 2016-11-08 11:42:16.079 [pool-2-thread-16] ReadWorker - c0r14 started.
[INFO ] 2016-11-08 11:42:16.081 [pool-2-thread-17] ReadWorker - c0r15 started.
[INFO ] 2016-11-08 11:42:16.082 [pool-2-thread-18] ReadWorker - c0r16 started.
[INFO ] 2016-11-08 11:42:16.083 [pool-2-thread-19] ReadWorker - c0r17 started.
[INFO ] 2016-11-08 11:42:16.083 [pool-2-thread-20] ReadWorker - c0r18 started.
[INFO ] 2016-11-08 11:42:16.085 [pool-2-thread-22] ReadWorker - c0r20 started.
[INFO ] 2016-11-08 11:42:16.086 [pool-2-thread-23] ReadWorker - c0r21 started.
[INFO ] 2016-11-08 11:42:16.086 [pool-2-thread-24] ReadWorker - c0r22 started.
[INFO ] 2016-11-08 11:42:16.087 [pool-2-thread-25] ReadWorker - c0r23 started.
[INFO ] 2016-11-08 11:42:16.091 [pool-2-thread-21] ReadWorker - c0r19 started.
[INFO ] 2016-11-08 11:42:16.094 [pool-2-thread-26] ReadWorker - c0r24 started.
[INFO ] 2016-11-08 11:42:16.094 [pool-2-thread-27] ReadWorker - c0r25 started.
[INFO ] 2016-11-08 11:42:16.095 [pool-2-thread-28] ReadWorker - c0r26 started.
[INFO ] 2016-11-08 11:42:16.096 [pool-2-thread-29] ReadWorker - c0r27 started.
[INFO ] 2016-11-08 11:42:16.104 [pool-2-thread-30] ReadWorker - c0r28 started.
[INFO ] 2016-11-08 11:42:16.104 [pool-2-thread-31] ReadWorker - c0r29 started.
[INFO ] 2016-11-08 11:42:16.105 [pool-2-thread-32] ReadWorker - c0r30 started.
[INFO ] 2016-11-08 11:42:16.106 [main] MiddlewareComponent - MiddlewareComponent #0 initialised.
[INFO ] 2016-11-08 11:42:16.106 [pool-2-thread-33] ReadWorker - c0r31 started.
[INFO ] 2016-11-08 11:42:16.107 [main] WriteWorker - c1w0 connected to server /10.0.0.4:11211.
[INFO ] 2016-11-08 11:42:16.108 [pool-2-thread-34] WriteWorker - c1w0 started; writing to machines: [1].
[INFO ] 2016-11-08 11:42:16.139 [pool-2-thread-36] ReadWorker - c1r1 started.
[INFO ] 2016-11-08 11:42:16.139 [pool-2-thread-35] ReadWorker - c1r0 started.
[INFO ] 2016-11-08 11:42:16.140 [pool-2-thread-37] ReadWorker - c1r2 started.
[INFO ] 2016-11-08 11:42:16.140 [pool-2-thread-38] ReadWorker - c1r3 started.
[INFO ] 2016-11-08 11:42:16.141 [pool-2-thread-39] ReadWorker - c1r4 started.
[INFO ] 2016-11-08 11:42:16.142 [pool-2-thread-41] ReadWorker - c1r6 started.
[INFO ] 2016-11-08 11:42:16.142 [pool-2-thread-40] ReadWorker - c1r5 started.
[INFO ] 2016-11-08 11:42:16.143 [pool-2-thread-42] ReadWorker - c1r7 started.
[INFO ] 2016-11-08 11:42:16.151 [pool-2-thread-44] ReadWorker - c1r9 started.
[INFO ] 2016-11-08 11:42:16.151 [pool-2-thread-43] ReadWorker - c1r8 started.
[INFO ] 2016-11-08 11:42:16.151 [pool-2-thread-45] ReadWorker - c1r10 started.
[INFO ] 2016-11-08 11:42:16.153 [pool-2-thread-46] ReadWorker - c1r11 started.
[INFO ] 2016-11-08 11:42:16.154 [pool-2-thread-47] ReadWorker - c1r12 started.
[INFO ] 2016-11-08 11:42:16.155 [pool-2-thread-48] ReadWorker - c1r13 started.
[INFO ] 2016-11-08 11:42:16.156 [pool-2-thread-49] ReadWorker - c1r14 started.
[INFO ] 2016-11-08 11:42:16.159 [pool-2-thread-52] ReadWorker - c1r17 started.
[INFO ] 2016-11-08 11:42:16.160 [pool-2-thread-53] ReadWorker - c1r18 started.
[INFO ] 2016-11-08 11:42:16.161 [pool-2-thread-54] ReadWorker - c1r19 started.
[INFO ] 2016-11-08 11:42:16.163 [pool-2-thread-55] ReadWorker - c1r20 started.
[INFO ] 2016-11-08 11:42:16.159 [pool-2-thread-50] ReadWorker - c1r15 started.
[INFO ] 2016-11-08 11:42:16.167 [pool-2-thread-51] ReadWorker - c1r16 started.
[INFO ] 2016-11-08 11:42:16.171 [pool-2-thread-56] ReadWorker - c1r21 started.
[INFO ] 2016-11-08 11:42:16.172 [pool-2-thread-57] ReadWorker - c1r22 started.
[INFO ] 2016-11-08 11:42:16.172 [pool-2-thread-58] ReadWorker - c1r23 started.
[INFO ] 2016-11-08 11:42:16.173 [pool-2-thread-59] ReadWorker - c1r24 started.
[INFO ] 2016-11-08 11:42:16.174 [pool-2-thread-60] ReadWorker - c1r25 started.
[INFO ] 2016-11-08 11:42:16.177 [pool-2-thread-62] ReadWorker - c1r27 started.
[INFO ] 2016-11-08 11:42:16.181 [pool-2-thread-63] ReadWorker - c1r28 started.
[INFO ] 2016-11-08 11:42:16.182 [pool-2-thread-64] ReadWorker - c1r29 started.
[INFO ] 2016-11-08 11:42:16.175 [pool-2-thread-61] ReadWorker - c1r26 started.
[INFO ] 2016-11-08 11:42:16.182 [pool-2-thread-65] ReadWorker - c1r30 started.
[INFO ] 2016-11-08 11:42:16.183 [main] MiddlewareComponent - MiddlewareComponent #1 initialised.
[INFO ] 2016-11-08 11:42:16.183 [pool-2-thread-66] ReadWorker - c1r31 started.
[INFO ] 2016-11-08 11:42:16.184 [main] WriteWorker - c2w0 connected to server /10.0.0.11:11211.
[INFO ] 2016-11-08 11:42:16.191 [pool-2-thread-67] WriteWorker - c2w0 started; writing to machines: [2].
[INFO ] 2016-11-08 11:42:16.192 [pool-2-thread-68] ReadWorker - c2r0 started.
[INFO ] 2016-11-08 11:42:16.193 [pool-2-thread-69] ReadWorker - c2r1 started.
[INFO ] 2016-11-08 11:42:16.194 [pool-2-thread-70] ReadWorker - c2r2 started.
[INFO ] 2016-11-08 11:42:16.195 [pool-2-thread-71] ReadWorker - c2r3 started.
[INFO ] 2016-11-08 11:42:16.195 [pool-2-thread-72] ReadWorker - c2r4 started.
[INFO ] 2016-11-08 11:42:16.196 [pool-2-thread-73] ReadWorker - c2r5 started.
[INFO ] 2016-11-08 11:42:16.197 [pool-2-thread-74] ReadWorker - c2r6 started.
[INFO ] 2016-11-08 11:42:16.198 [pool-2-thread-75] ReadWorker - c2r7 started.
[INFO ] 2016-11-08 11:42:16.206 [pool-2-thread-76] ReadWorker - c2r8 started.
[INFO ] 2016-11-08 11:42:16.207 [pool-2-thread-77] ReadWorker - c2r9 started.
[INFO ] 2016-11-08 11:42:16.208 [pool-2-thread-78] ReadWorker - c2r10 started.
[INFO ] 2016-11-08 11:42:16.209 [pool-2-thread-79] ReadWorker - c2r11 started.
[INFO ] 2016-11-08 11:42:16.211 [pool-2-thread-81] ReadWorker - c2r13 started.
[INFO ] 2016-11-08 11:42:16.212 [pool-2-thread-82] ReadWorker - c2r14 started.
[INFO ] 2016-11-08 11:42:16.212 [pool-2-thread-83] ReadWorker - c2r15 started.
[INFO ] 2016-11-08 11:42:16.214 [pool-2-thread-84] ReadWorker - c2r16 started.
[INFO ] 2016-11-08 11:42:16.210 [pool-2-thread-80] ReadWorker - c2r12 started.
[INFO ] 2016-11-08 11:42:16.222 [pool-2-thread-85] ReadWorker - c2r17 started.
[INFO ] 2016-11-08 11:42:16.223 [pool-2-thread-86] ReadWorker - c2r18 started.
[INFO ] 2016-11-08 11:42:16.224 [pool-2-thread-87] ReadWorker - c2r19 started.
[INFO ] 2016-11-08 11:42:16.226 [pool-2-thread-89] ReadWorker - c2r21 started.
[INFO ] 2016-11-08 11:42:16.227 [pool-2-thread-90] ReadWorker - c2r22 started.
[INFO ] 2016-11-08 11:42:16.228 [pool-2-thread-91] ReadWorker - c2r23 started.
[INFO ] 2016-11-08 11:42:16.229 [pool-2-thread-92] ReadWorker - c2r24 started.
[INFO ] 2016-11-08 11:42:16.225 [pool-2-thread-88] ReadWorker - c2r20 started.
[INFO ] 2016-11-08 11:42:16.236 [pool-2-thread-93] ReadWorker - c2r25 started.
[INFO ] 2016-11-08 11:42:16.237 [pool-2-thread-94] ReadWorker - c2r26 started.
[INFO ] 2016-11-08 11:42:16.238 [pool-2-thread-95] ReadWorker - c2r27 started.
[INFO ] 2016-11-08 11:42:16.239 [pool-2-thread-96] ReadWorker - c2r28 started.
[INFO ] 2016-11-08 11:42:16.239 [pool-2-thread-97] ReadWorker - c2r29 started.
[INFO ] 2016-11-08 11:42:16.240 [pool-2-thread-98] ReadWorker - c2r30 started.
[INFO ] 2016-11-08 11:42:16.240 [main] MiddlewareComponent - MiddlewareComponent #2 initialised.
[INFO ] 2016-11-08 11:42:16.241 [pool-2-thread-99] ReadWorker - c2r31 started.
[INFO ] 2016-11-08 11:42:16.249 [main] WriteWorker - c3w0 connected to server /10.0.0.8:11211.
[INFO ] 2016-11-08 11:42:16.249 [pool-2-thread-100] WriteWorker - c3w0 started; writing to machines: [3].
[INFO ] 2016-11-08 11:42:16.250 [pool-2-thread-101] ReadWorker - c3r0 started.
[INFO ] 2016-11-08 11:42:16.250 [pool-2-thread-102] ReadWorker - c3r1 started.
[INFO ] 2016-11-08 11:42:16.251 [pool-2-thread-103] ReadWorker - c3r2 started.
[INFO ] 2016-11-08 11:42:16.251 [pool-2-thread-104] ReadWorker - c3r3 started.
[INFO ] 2016-11-08 11:42:16.252 [pool-2-thread-105] ReadWorker - c3r4 started.
[INFO ] 2016-11-08 11:42:16.253 [pool-2-thread-106] ReadWorker - c3r5 started.
[INFO ] 2016-11-08 11:42:16.254 [pool-2-thread-108] ReadWorker - c3r7 started.
[INFO ] 2016-11-08 11:42:16.254 [pool-2-thread-107] ReadWorker - c3r6 started.
[INFO ] 2016-11-08 11:42:16.262 [pool-2-thread-110] ReadWorker - c3r9 started.
[INFO ] 2016-11-08 11:42:16.263 [pool-2-thread-111] ReadWorker - c3r10 started.
[INFO ] 2016-11-08 11:42:16.262 [pool-2-thread-109] ReadWorker - c3r8 started.
[INFO ] 2016-11-08 11:42:16.263 [pool-2-thread-112] ReadWorker - c3r11 started.
[INFO ] 2016-11-08 11:42:16.264 [pool-2-thread-114] ReadWorker - c3r13 started.
[INFO ] 2016-11-08 11:42:16.265 [pool-2-thread-115] ReadWorker - c3r14 started.
[INFO ] 2016-11-08 11:42:16.266 [pool-2-thread-113] ReadWorker - c3r12 started.
[INFO ] 2016-11-08 11:42:16.266 [pool-2-thread-116] ReadWorker - c3r15 started.
[INFO ] 2016-11-08 11:42:16.271 [pool-2-thread-117] ReadWorker - c3r16 started.
[INFO ] 2016-11-08 11:42:16.271 [pool-2-thread-118] ReadWorker - c3r17 started.
[INFO ] 2016-11-08 11:42:16.276 [pool-2-thread-119] ReadWorker - c3r18 started.
[INFO ] 2016-11-08 11:42:16.276 [pool-2-thread-120] ReadWorker - c3r19 started.
[INFO ] 2016-11-08 11:42:16.277 [pool-2-thread-121] ReadWorker - c3r20 started.
[INFO ] 2016-11-08 11:42:16.278 [pool-2-thread-122] ReadWorker - c3r21 started.
[INFO ] 2016-11-08 11:42:16.278 [pool-2-thread-123] ReadWorker - c3r22 started.
[INFO ] 2016-11-08 11:42:16.279 [pool-2-thread-124] ReadWorker - c3r23 started.
[INFO ] 2016-11-08 11:42:16.287 [pool-2-thread-125] ReadWorker - c3r24 started.
[INFO ] 2016-11-08 11:42:16.288 [pool-2-thread-126] ReadWorker - c3r25 started.
[INFO ] 2016-11-08 11:42:16.288 [pool-2-thread-127] ReadWorker - c3r26 started.
[INFO ] 2016-11-08 11:42:16.289 [pool-2-thread-128] ReadWorker - c3r27 started.
[INFO ] 2016-11-08 11:42:16.290 [pool-2-thread-129] ReadWorker - c3r28 started.
[INFO ] 2016-11-08 11:42:16.291 [pool-2-thread-130] ReadWorker - c3r29 started.
[INFO ] 2016-11-08 11:42:16.299 [pool-2-thread-131] ReadWorker - c3r30 started.
[INFO ] 2016-11-08 11:42:16.300 [main] MiddlewareComponent - MiddlewareComponent #3 initialised.
[INFO ] 2016-11-08 11:42:16.300 [pool-2-thread-132] ReadWorker - c3r31 started.
[INFO ] 2016-11-08 11:42:16.301 [main] WriteWorker - c4w0 connected to server /10.0.0.5:11211.
[INFO ] 2016-11-08 11:42:16.302 [pool-2-thread-133] WriteWorker - c4w0 started; writing to machines: [4].
[INFO ] 2016-11-08 11:42:16.303 [pool-2-thread-134] ReadWorker - c4r0 started.
[INFO ] 2016-11-08 11:42:16.303 [pool-2-thread-135] ReadWorker - c4r1 started.
[INFO ] 2016-11-08 11:42:16.304 [pool-2-thread-136] ReadWorker - c4r2 started.
[INFO ] 2016-11-08 11:42:16.305 [pool-2-thread-138] ReadWorker - c4r4 started.
[INFO ] 2016-11-08 11:42:16.305 [pool-2-thread-139] ReadWorker - c4r5 started.
[INFO ] 2016-11-08 11:42:16.304 [pool-2-thread-137] ReadWorker - c4r3 started.
[INFO ] 2016-11-08 11:42:16.313 [pool-2-thread-140] ReadWorker - c4r6 started.
[INFO ] 2016-11-08 11:42:16.313 [pool-2-thread-141] ReadWorker - c4r7 started.
[INFO ] 2016-11-08 11:42:16.314 [pool-2-thread-142] ReadWorker - c4r8 started.
[INFO ] 2016-11-08 11:42:16.315 [pool-2-thread-143] ReadWorker - c4r9 started.
[INFO ] 2016-11-08 11:42:16.317 [pool-2-thread-145] ReadWorker - c4r11 started.
[INFO ] 2016-11-08 11:42:16.317 [pool-2-thread-146] ReadWorker - c4r12 started.
[INFO ] 2016-11-08 11:42:16.318 [pool-2-thread-147] ReadWorker - c4r13 started.
[INFO ] 2016-11-08 11:42:16.319 [pool-2-thread-148] ReadWorker - c4r14 started.
[INFO ] 2016-11-08 11:42:16.319 [pool-2-thread-149] ReadWorker - c4r15 started.
[INFO ] 2016-11-08 11:42:16.315 [pool-2-thread-144] ReadWorker - c4r10 started.
[INFO ] 2016-11-08 11:42:16.327 [pool-2-thread-150] ReadWorker - c4r16 started.
[INFO ] 2016-11-08 11:42:16.328 [pool-2-thread-151] ReadWorker - c4r17 started.
[INFO ] 2016-11-08 11:42:16.328 [pool-2-thread-152] ReadWorker - c4r18 started.
[INFO ] 2016-11-08 11:42:16.330 [pool-2-thread-154] ReadWorker - c4r20 started.
[INFO ] 2016-11-08 11:42:16.331 [pool-2-thread-155] ReadWorker - c4r21 started.
[INFO ] 2016-11-08 11:42:16.332 [pool-2-thread-156] ReadWorker - c4r22 started.
[INFO ] 2016-11-08 11:42:16.332 [pool-2-thread-157] ReadWorker - c4r23 started.
[INFO ] 2016-11-08 11:42:16.333 [pool-2-thread-158] ReadWorker - c4r24 started.
[INFO ] 2016-11-08 11:42:16.334 [pool-2-thread-159] ReadWorker - c4r25 started.
[INFO ] 2016-11-08 11:42:16.329 [pool-2-thread-153] ReadWorker - c4r19 started.
[INFO ] 2016-11-08 11:42:16.342 [pool-2-thread-160] ReadWorker - c4r26 started.
[INFO ] 2016-11-08 11:42:16.342 [pool-2-thread-161] ReadWorker - c4r27 started.
[INFO ] 2016-11-08 11:42:16.343 [pool-2-thread-162] ReadWorker - c4r28 started.
[INFO ] 2016-11-08 11:42:16.351 [pool-2-thread-163] ReadWorker - c4r29 started.
[INFO ] 2016-11-08 11:42:16.351 [pool-2-thread-164] ReadWorker - c4r30 started.
[INFO ] 2016-11-08 11:42:16.352 [main] MiddlewareComponent - MiddlewareComponent #4 initialised.
[INFO ] 2016-11-08 11:42:16.354 [pool-2-thread-165] ReadWorker - c4r31 started.
[INFO ] 2016-11-08 11:42:16.354 [main] MiddlewareMain - Middleware initialised.
[INFO ] 2016-11-08 11:42:16.354 [pool-2-thread-166] LoadBalancer - Load balancer started.
[INFO ] 2016-11-08 11:42:43.941 [pool-2-thread-166] LoadBalancer - Processed      0 reads and   1000 writes so far.
[INFO ] 2016-11-08 11:42:51.013 [pool-2-thread-166] LoadBalancer - Processed    976 reads and   1024 writes so far.
[INFO ] 2016-11-08 11:42:58.633 [pool-2-thread-166] LoadBalancer - Processed   1976 reads and   1024 writes so far.
[INFO ] 2016-11-08 11:43:06.257 [pool-2-thread-166] LoadBalancer - Processed   2976 reads and   1024 writes so far.
[INFO ] 2016-11-08 11:43:14.015 [pool-2-thread-166] LoadBalancer - Processed   3976 reads and   1024 writes so far.
[INFO ] 2016-11-08 11:43:21.781 [pool-2-thread-166] LoadBalancer - Processed   4976 reads and   1024 writes so far.
[INFO ] 2016-11-08 11:43:29.513 [pool-2-thread-166] LoadBalancer - Processed   5976 reads and   1024 writes so far.
[INFO ] 2016-11-08 11:43:37.193 [pool-2-thread-166] LoadBalancer - Processed   6976 reads and   1024 writes so far.
[INFO ] 2016-11-08 11:43:44.833 [pool-2-thread-166] LoadBalancer - Processed   7976 reads and   1024 writes so far.
[INFO ] 2016-11-08 11:43:52.194 [pool-2-thread-166] LoadBalancer - Processed   8976 reads and   1024 writes so far.
[INFO ] 2016-11-08 11:43:59.798 [pool-2-thread-166] LoadBalancer - Processed   9976 reads and   1024 writes so far.
[INFO ] 2016-11-08 11:44:07.362 [pool-2-thread-166] LoadBalancer - Processed  10976 reads and   1024 writes so far.
[INFO ] 2016-11-08 11:44:15.099 [pool-2-thread-166] LoadBalancer - Processed  11976 reads and   1024 writes so far.
[INFO ] 2016-11-08 11:44:22.730 [pool-2-thread-166] LoadBalancer - Processed  12976 reads and   1024 writes so far.
[INFO ] 2016-11-08 11:44:30.390 [pool-2-thread-166] LoadBalancer - Processed  13976 reads and   1024 writes so far.
[INFO ] 2016-11-08 11:44:37.958 [pool-2-thread-166] LoadBalancer - Processed  14976 reads and   1024 writes so far.
[INFO ] 2016-11-08 11:44:45.402 [pool-2-thread-166] LoadBalancer - Processed  15976 reads and   1024 writes so far.
[INFO ] 2016-11-08 11:44:53.094 [pool-2-thread-166] LoadBalancer - Processed  16976 reads and   1024 writes so far.
[INFO ] 2016-11-08 11:45:00.866 [pool-2-thread-166] LoadBalancer - Processed  17976 reads and   1024 writes so far.
[INFO ] 2016-11-08 11:45:08.606 [pool-2-thread-166] LoadBalancer - Processed  18976 reads and   1024 writes so far.
[INFO ] 2016-11-08 11:45:16.278 [pool-2-thread-166] LoadBalancer - Processed  19976 reads and   1024 writes so far.
[INFO ] 2016-11-08 11:45:23.947 [pool-2-thread-166] LoadBalancer - Processed  20976 reads and   1024 writes so far.
[INFO ] 2016-11-08 11:45:31.590 [pool-2-thread-166] LoadBalancer - Processed  21976 reads and   1024 writes so far.
[INFO ] 2016-11-08 11:45:39.130 [pool-2-thread-166] LoadBalancer - Processed  22976 reads and   1024 writes so far.
[INFO ] 2016-11-08 11:45:46.834 [pool-2-thread-166] LoadBalancer - Processed  23976 reads and   1024 writes so far.
[INFO ] 2016-11-08 11:45:54.494 [pool-2-thread-166] LoadBalancer - Processed  24976 reads and   1024 writes so far.
[INFO ] 2016-11-08 11:46:02.218 [pool-2-thread-166] LoadBalancer - Processed  25976 reads and   1024 writes so far.
[INFO ] 2016-11-08 11:46:09.800 [pool-2-thread-166] LoadBalancer - Processed  26976 reads and   1024 writes so far.
[INFO ] 2016-11-08 11:46:17.535 [pool-2-thread-166] LoadBalancer - Processed  27976 reads and   1024 writes so far.
[INFO ] 2016-11-08 11:46:25.199 [pool-2-thread-166] LoadBalancer - Processed  28976 reads and   1024 writes so far.
[INFO ] 2016-11-08 11:46:32.915 [pool-2-thread-166] LoadBalancer - Processed  29976 reads and   1024 writes so far.
[INFO ] 2016-11-08 11:46:40.643 [pool-2-thread-166] LoadBalancer - Processed  30976 reads and   1024 writes so far.
[INFO ] 2016-11-08 11:46:48.107 [pool-2-thread-166] LoadBalancer - Processed  31976 reads and   1024 writes so far.
[INFO ] 2016-11-08 11:46:55.707 [pool-2-thread-166] LoadBalancer - Processed  32976 reads and   1024 writes so far.
[INFO ] 2016-11-08 11:47:03.547 [pool-2-thread-166] LoadBalancer - Processed  33976 reads and   1024 writes so far.
[INFO ] 2016-11-08 11:47:11.031 [pool-2-thread-166] LoadBalancer - Processed  34976 reads and   1024 writes so far.
[INFO ] 2016-11-08 11:47:16.679 [pool-2-thread-166] LoadBalancer - Processed  35976 reads and   1024 writes so far.
[INFO ] 2016-11-08 11:47:20.871 [pool-2-thread-166] LoadBalancer - Processed  36976 reads and   1024 writes so far.
[INFO ] 2016-11-08 11:47:24.835 [pool-2-thread-166] LoadBalancer - Processed  37976 reads and   1024 writes so far.
[INFO ] 2016-11-08 11:47:28.819 [pool-2-thread-166] LoadBalancer - Processed  38976 reads and   1024 writes so far.
[INFO ] 2016-11-08 11:47:32.839 [pool-2-thread-166] LoadBalancer - Processed  39976 reads and   1024 writes so far.
[INFO ] 2016-11-08 11:47:36.847 [pool-2-thread-166] LoadBalancer - Processed  40976 reads and   1024 writes so far.
[INFO ] 2016-11-08 11:47:40.847 [pool-2-thread-166] LoadBalancer - Processed  41976 reads and   1024 writes so far.
[INFO ] 2016-11-08 11:47:44.863 [pool-2-thread-166] LoadBalancer - Processed  42976 reads and   1024 writes so far.
[INFO ] 2016-11-08 11:47:48.847 [pool-2-thread-166] LoadBalancer - Processed  43976 reads and   1024 writes so far.
[INFO ] 2016-11-08 11:47:52.839 [pool-2-thread-166] LoadBalancer - Processed  44976 reads and   1024 writes so far.
[INFO ] 2016-11-08 11:47:56.851 [pool-2-thread-166] LoadBalancer - Processed  45976 reads and   1024 writes so far.
[INFO ] 2016-11-08 11:48:00.767 [pool-2-thread-166] LoadBalancer - Processed  46976 reads and   1024 writes so far.
[INFO ] 2016-11-08 11:48:04.675 [pool-2-thread-166] LoadBalancer - Processed  47976 reads and   1024 writes so far.
[INFO ] 2016-11-08 11:48:08.603 [pool-2-thread-166] LoadBalancer - Processed  48976 reads and   1024 writes so far.
[INFO ] 2016-11-08 11:48:12.628 [pool-2-thread-166] LoadBalancer - Processed  49976 reads and   1024 writes so far.
[INFO ] 2016-11-08 11:48:16.539 [pool-2-thread-166] LoadBalancer - Processed  50976 reads and   1024 writes so far.
[INFO ] 2016-11-08 11:48:21.019 [pool-2-thread-166] LoadBalancer - Processed  51976 reads and   1024 writes so far.
[INFO ] 2016-11-08 11:48:24.991 [pool-2-thread-166] LoadBalancer - Processed  52976 reads and   1024 writes so far.
[INFO ] 2016-11-08 11:48:28.975 [pool-2-thread-166] LoadBalancer - Processed  53976 reads and   1024 writes so far.
[INFO ] 2016-11-08 11:48:32.971 [pool-2-thread-166] LoadBalancer - Processed  54976 reads and   1024 writes so far.
[INFO ] 2016-11-08 11:48:37.036 [pool-2-thread-166] LoadBalancer - Processed  55976 reads and   1024 writes so far.
[INFO ] 2016-11-08 11:48:41.132 [pool-2-thread-166] LoadBalancer - Processed  56976 reads and   1024 writes so far.
[INFO ] 2016-11-08 11:48:45.172 [pool-2-thread-166] LoadBalancer - Processed  57976 reads and   1024 writes so far.
