servers : 10.0.0.6:11212
threads count: 1
concurrency: 1
run time: 360s
windows size: 1k
set proportion: set_prop=0.00
get proportion: get_prop=1.00
[1;1H[2J
Get Statistics
Type     Time(s)  Ops          TPS(ops/s)   Net(M/s)   Get_miss   Min(us)  Max(us)    Avg(us)    Std_dev    Geo_dist  
Period   10       1414         141          0.0        0          688      27992      7094       2317.03    6250.61
Global   10       1414         141          0.0        0          688      27992      7094       2317.03    6250.61

Total Statistics
Type     Time(s)  Ops          TPS(ops/s)   Net(M/s)   Get_miss   Min(us)  Max(us)    Avg(us)    Std_dev    Geo_dist  
Period   10       1414         141          0.0        0          688      27992      7094       2317.03    6250.61
Global   10       1414         141          0.0        0          688      27992      7094       2317.03    6250.61

[1;1H[2J
Get Statistics
Type     Time(s)  Ops          TPS(ops/s)   Net(M/s)   Get_miss   Min(us)  Max(us)    Avg(us)    Std_dev    Geo_dist  
Period   10       1313         131          0.0        0          708      16952      7643       1575.06    7254.23
Global   20       2727         136          0.0        0          688      27992      7358       2014.19    6715.20

Total Statistics
Type     Time(s)  Ops          TPS(ops/s)   Net(M/s)   Get_miss   Min(us)  Max(us)    Avg(us)    Std_dev    Geo_dist  
Period   10       1313         131          0.0        0          708      16952      7643       1575.06    7254.23
Global   20       2727         136          0.0        0          688      27992      7358       2014.19    6715.20

[1;1H[2J
Get Statistics
Type     Time(s)  Ops          TPS(ops/s)   Net(M/s)   Get_miss   Min(us)  Max(us)    Avg(us)    Std_dev    Geo_dist  
Period   10       1300         130          0.0        0          745      53922      7723       2037.33    7316.03
Global   30       4027         134          0.0        0          688      53922      7476       2028.00    6903.56

Total Statistics
Type     Time(s)  Ops          TPS(ops/s)   Net(M/s)   Get_miss   Min(us)  Max(us)    Avg(us)    Std_dev    Geo_dist  
Period   10       1300         130          0.0        0          745      53922      7723       2037.33    7316.03
Global   30       4027         134          0.0        0          688      53922      7476       2028.00    6903.56

[1;1H[2J
Get Statistics
Type     Time(s)  Ops          TPS(ops/s)   Net(M/s)   Get_miss   Min(us)  Max(us)    Avg(us)    Std_dev    Geo_dist  
Period   10       1288         128          0.0        0          749      19722      7788       1361.41    7520.89
Global   40       5315         132          0.0        0          688      53922      7551       1895.22    7048.35

Total Statistics
Type     Time(s)  Ops          TPS(ops/s)   Net(M/s)   Get_miss   Min(us)  Max(us)    Avg(us)    Std_dev    Geo_dist  
Period   10       1288         128          0.0        0          749      19722      7788       1361.41    7520.89
Global   40       5315         132          0.0        0          688      53922      7551       1895.22    7048.35

[1;1H[2J
Get Statistics
Type     Time(s)  Ops          TPS(ops/s)   Net(M/s)   Get_miss   Min(us)  Max(us)    Avg(us)    Std_dev    Geo_dist  
Period   10       1310         131          0.0        0          725      19179      7664       1540.45    7283.56
Global   50       6625         132          0.0        0          688      53922      7574       1828.26    7094.24

Total Statistics
Type     Time(s)  Ops          TPS(ops/s)   Net(M/s)   Get_miss   Min(us)  Max(us)    Avg(us)    Std_dev    Geo_dist  
Period   10       1310         131          0.0        0          725      19179      7664       1540.45    7283.56
Global   50       6625         132          0.0        0          688      53922      7574       1828.26    7094.24

[1;1H[2J
Get Statistics
Type     Time(s)  Ops          TPS(ops/s)   Net(M/s)   Get_miss   Min(us)  Max(us)    Avg(us)    Std_dev    Geo_dist  
Period   10       1310         131          0.0        0          647      31160      7657       1919.78    7165.80
Global   60       7935         132          0.0        0          647      53922      7587       1846.71    7106.01

Total Statistics
Type     Time(s)  Ops          TPS(ops/s)   Net(M/s)   Get_miss   Min(us)  Max(us)    Avg(us)    Std_dev    Geo_dist  
Period   10       1310         131          0.0        0          647      31160      7657       1919.78    7165.80
Global   60       7935         132          0.0        0          647      53922      7587       1846.71    7106.01

[1;1H[2J
Get Statistics
Type     Time(s)  Ops          TPS(ops/s)   Net(M/s)   Get_miss   Min(us)  Max(us)    Avg(us)    Std_dev    Geo_dist  
Period   10       1359         135          0.0        0          566      19248      7384       1929.58    6750.52
Global   70       9294         132          0.0        0          566      53922      7558       1857.55    7052.88

Total Statistics
Type     Time(s)  Ops          TPS(ops/s)   Net(M/s)   Get_miss   Min(us)  Max(us)    Avg(us)    Std_dev    Geo_dist  
Period   10       1359         135          0.0        0          566      19248      7384       1929.58    6750.52
Global   70       9294         132          0.0        0          566      53922      7558       1857.55    7052.88

[1;1H[2J
Get Statistics
Type     Time(s)  Ops          TPS(ops/s)   Net(M/s)   Get_miss   Min(us)  Max(us)    Avg(us)    Std_dev    Geo_dist  
Period   10       1320         132          0.0        0          547      40812      7602       2005.52    7076.51
Global   80       10614        132          0.0        0          547      53922      7563       1878.45    7055.82

Total Statistics
Type     Time(s)  Ops          TPS(ops/s)   Net(M/s)   Get_miss   Min(us)  Max(us)    Avg(us)    Std_dev    Geo_dist  
Period   10       1320         132          0.0        0          547      40812      7602       2005.52    7076.51
Global   80       10614        132          0.0        0          547      53922      7563       1878.45    7055.82

[1;1H[2J
Get Statistics
Type     Time(s)  Ops          TPS(ops/s)   Net(M/s)   Get_miss   Min(us)  Max(us)    Avg(us)    Std_dev    Geo_dist  
Period   10       1302         130          0.0        0          567      14225      7708       1390.91    7385.28
Global   90       11916        132          0.0        0          547      53922      7579       1831.37    7091.09

Total Statistics
Type     Time(s)  Ops          TPS(ops/s)   Net(M/s)   Get_miss   Min(us)  Max(us)    Avg(us)    Std_dev    Geo_dist  
Period   10       1302         130          0.0        0          567      14225      7708       1390.91    7385.28
Global   90       11916        132          0.0        0          547      53922      7579       1831.37    7091.09

[1;1H[2J
Get Statistics
Type     Time(s)  Ops          TPS(ops/s)   Net(M/s)   Get_miss   Min(us)  Max(us)    Avg(us)    Std_dev    Geo_dist  
Period   10       1313         131          0.0        0          723      18481      7646       1572.63    7234.64
Global   100      13229        132          0.0        0          547      53922      7586       1805.93    7105.21

Total Statistics
Type     Time(s)  Ops          TPS(ops/s)   Net(M/s)   Get_miss   Min(us)  Max(us)    Avg(us)    Std_dev    Geo_dist  
Period   10       1313         131          0.0        0          723      18481      7646       1572.63    7234.64
Global   100      13229        132          0.0        0          547      53922      7586       1805.93    7105.21

[1;1H[2J
Get Statistics
Type     Time(s)  Ops          TPS(ops/s)   Net(M/s)   Get_miss   Min(us)  Max(us)    Avg(us)    Std_dev    Geo_dist  
Period   10       1311         131          0.0        0          761      49336      7653       1930.41    7235.72
Global   110      14540        132          0.0        0          547      53922      7592       1817.71    7116.88

Total Statistics
Type     Time(s)  Ops          TPS(ops/s)   Net(M/s)   Get_miss   Min(us)  Max(us)    Avg(us)    Std_dev    Geo_dist  
Period   10       1311         131          0.0        0          761      49336      7653       1930.41    7235.72
Global   110      14540        132          0.0        0          547      53922      7592       1817.71    7116.88

[1;1H[2J
Get Statistics
Type     Time(s)  Ops          TPS(ops/s)   Net(M/s)   Get_miss   Min(us)  Max(us)    Avg(us)    Std_dev    Geo_dist  
Period   10       1349         134          0.0        0          763      13381      7438       1901.45    6831.32
Global   120      15889        132          0.0        0          547      53922      7579       1825.10    7092.18

Total Statistics
Type     Time(s)  Ops          TPS(ops/s)   Net(M/s)   Get_miss   Min(us)  Max(us)    Avg(us)    Std_dev    Geo_dist  
Period   10       1349         134          0.0        0          763      13381      7438       1901.45    6831.32
Global   120      15889        132          0.0        0          547      53922      7579       1825.10    7092.18

[1;1H[2J
Get Statistics
Type     Time(s)  Ops          TPS(ops/s)   Net(M/s)   Get_miss   Min(us)  Max(us)    Avg(us)    Std_dev    Geo_dist  
Period   10       1303         130          0.0        0          637      49590      7702       1914.15    7302.78
Global   130      17192        132          0.0        0          547      53922      7588       1833.57    7107.92

Total Statistics
Type     Time(s)  Ops          TPS(ops/s)   Net(M/s)   Get_miss   Min(us)  Max(us)    Avg(us)    Std_dev    Geo_dist  
Period   10       1303         130          0.0        0          637      49590      7702       1914.15    7302.78
Global   130      17192        132          0.0        0          547      53922      7588       1833.57    7107.92

[1;1H[2J
Get Statistics
Type     Time(s)  Ops          TPS(ops/s)   Net(M/s)   Get_miss   Min(us)  Max(us)    Avg(us)    Std_dev    Geo_dist  
Period   10       1294         129          0.0        0          706      18076      7755       1311.72    7484.50
Global   140      18486        132          0.0        0          547      53922      7600       1801.13    7133.65

Total Statistics
Type     Time(s)  Ops          TPS(ops/s)   Net(M/s)   Get_miss   Min(us)  Max(us)    Avg(us)    Std_dev    Geo_dist  
Period   10       1294         129          0.0        0          706      18076      7755       1311.72    7484.50
Global   140      18486        132          0.0        0          547      53922      7600       1801.13    7133.65

[1;1H[2J
Get Statistics
Type     Time(s)  Ops          TPS(ops/s)   Net(M/s)   Get_miss   Min(us)  Max(us)    Avg(us)    Std_dev    Geo_dist  
Period   10       1309         130          0.0        0          520      18828      7669       1482.51    7308.99
Global   150      19795        131          0.0        0          520      53922      7604       1784.27    7145.12

Total Statistics
Type     Time(s)  Ops          TPS(ops/s)   Net(M/s)   Get_miss   Min(us)  Max(us)    Avg(us)    Std_dev    Geo_dist  
Period   10       1309         130          0.0        0          520      18828      7669       1482.51    7308.99
Global   150      19795        131          0.0        0          520      53922      7604       1784.27    7145.12

[1;1H[2J
Get Statistics
Type     Time(s)  Ops          TPS(ops/s)   Net(M/s)   Get_miss   Min(us)  Max(us)    Avg(us)    Std_dev    Geo_dist  
Period   10       1305         130          0.0        0          554      49699      7688       1907.82    7263.79
Global   160      21100        131          0.0        0          520      53922      7610       1788.81    7152.40

Total Statistics
Type     Time(s)  Ops          TPS(ops/s)   Net(M/s)   Get_miss   Min(us)  Max(us)    Avg(us)    Std_dev    Geo_dist  
Period   10       1305         130          0.0        0          554      49699      7688       1907.82    7263.79
Global   160      21100        131          0.0        0          520      53922      7610       1788.81    7152.40

[1;1H[2J
Get Statistics
Type     Time(s)  Ops          TPS(ops/s)   Net(M/s)   Get_miss   Min(us)  Max(us)    Avg(us)    Std_dev    Geo_dist  
Period   10       1324         132          0.0        0          622      17901      7582       1692.96    7092.38
Global   170      22424        131          0.0        0          520      53922      7608       1784.75    7148.84

Total Statistics
Type     Time(s)  Ops          TPS(ops/s)   Net(M/s)   Get_miss   Min(us)  Max(us)    Avg(us)    Std_dev    Geo_dist  
Period   10       1324         132          0.0        0          622      17901      7582       1692.96    7092.38
Global   170      22424        131          0.0        0          520      53922      7608       1784.75    7148.84

[1;1H[2J
Get Statistics
Type     Time(s)  Ops          TPS(ops/s)   Net(M/s)   Get_miss   Min(us)  Max(us)    Avg(us)    Std_dev    Geo_dist  
Period   10       1308         130          0.0        0          661      19330      7669       1606.59    7250.49
Global   180      23732        131          0.0        0          520      53922      7611       1776.97    7154.41

Total Statistics
Type     Time(s)  Ops          TPS(ops/s)   Net(M/s)   Get_miss   Min(us)  Max(us)    Avg(us)    Std_dev    Geo_dist  
Period   10       1308         130          0.0        0          661      19330      7669       1606.59    7250.49
Global   180      23732        131          0.0        0          520      53922      7611       1776.97    7154.41

[1;1H[2J
Get Statistics
Type     Time(s)  Ops          TPS(ops/s)   Net(M/s)   Get_miss   Min(us)  Max(us)    Avg(us)    Std_dev    Geo_dist  
Period   10       1315         131          0.0        0          562      12295      7635       1557.16    7193.55
Global   190      25047        131          0.0        0          520      53922      7613       1762.89    7156.46

Total Statistics
Type     Time(s)  Ops          TPS(ops/s)   Net(M/s)   Get_miss   Min(us)  Max(us)    Avg(us)    Std_dev    Geo_dist  
Period   10       1315         131          0.0        0          562      12295      7635       1557.16    7193.55
Global   190      25047        131          0.0        0          520      53922      7613       1762.89    7156.46

[1;1H[2J
Get Statistics
Type     Time(s)  Ops          TPS(ops/s)   Net(M/s)   Get_miss   Min(us)  Max(us)    Avg(us)    Std_dev    Geo_dist  
Period   10       1310         131          0.0        0          565      17310      7657       1569.40    7237.22
Global   200      26357        131          0.0        0          520      53922      7615       1754.59    7160.45

Total Statistics
Type     Time(s)  Ops          TPS(ops/s)   Net(M/s)   Get_miss   Min(us)  Max(us)    Avg(us)    Std_dev    Geo_dist  
Period   10       1310         131          0.0        0          565      17310      7657       1569.40    7237.22
Global   200      26357        131          0.0        0          520      53922      7615       1754.59    7160.45

[1;1H[2J
Get Statistics
Type     Time(s)  Ops          TPS(ops/s)   Net(M/s)   Get_miss   Min(us)  Max(us)    Avg(us)    Std_dev    Geo_dist  
Period   10       1306         130          0.0        0          616      15836      7684       1536.09    7302.19
Global   210      27663        131          0.0        0          520      53922      7618       1746.05    7167.08

Total Statistics
Type     Time(s)  Ops          TPS(ops/s)   Net(M/s)   Get_miss   Min(us)  Max(us)    Avg(us)    Std_dev    Geo_dist  
Period   10       1306         130          0.0        0          616      15836      7684       1536.09    7302.19
Global   210      27663        131          0.0        0          520      53922      7618       1746.05    7167.08

[1;1H[2J
Get Statistics
Type     Time(s)  Ops          TPS(ops/s)   Net(M/s)   Get_miss   Min(us)  Max(us)    Avg(us)    Std_dev    Geo_dist  
Period   10       1306         130          0.0        0          648      18706      7687       1629.01    7267.49
Global   220      28969        131          0.0        0          520      53922      7621       1741.46    7171.58

Total Statistics
Type     Time(s)  Ops          TPS(ops/s)   Net(M/s)   Get_miss   Min(us)  Max(us)    Avg(us)    Std_dev    Geo_dist  
Period   10       1306         130          0.0        0          648      18706      7687       1629.01    7267.49
Global   220      28969        131          0.0        0          520      53922      7621       1741.46    7171.58

[1;1H[2J
Get Statistics
Type     Time(s)  Ops          TPS(ops/s)   Net(M/s)   Get_miss   Min(us)  Max(us)    Avg(us)    Std_dev    Geo_dist  
Period   10       1299         129          0.0        0          406      18732      7726       1508.98    7318.46
Global   230      30268        131          0.0        0          406      53922      7626       1730.06    7177.82

Total Statistics
Type     Time(s)  Ops          TPS(ops/s)   Net(M/s)   Get_miss   Min(us)  Max(us)    Avg(us)    Std_dev    Geo_dist  
Period   10       1299         129          0.0        0          406      18732      7726       1508.98    7318.46
Global   230      30268        131          0.0        0          406      53922      7626       1730.06    7177.82

[1;1H[2J
Get Statistics
Type     Time(s)  Ops          TPS(ops/s)   Net(M/s)   Get_miss   Min(us)  Max(us)    Avg(us)    Std_dev    Geo_dist  
Period   10       1333         133          0.0        0          571      16805      7527       1866.67    6929.25
Global   240      31601        131          0.0        0          406      53922      7621       1739.74    7167.16

Total Statistics
Type     Time(s)  Ops          TPS(ops/s)   Net(M/s)   Get_miss   Min(us)  Max(us)    Avg(us)    Std_dev    Geo_dist  
Period   10       1333         133          0.0        0          571      16805      7527       1866.67    6929.25
Global   240      31601        131          0.0        0          406      53922      7621       1739.74    7167.16

[1;1H[2J
Get Statistics
Type     Time(s)  Ops          TPS(ops/s)   Net(M/s)   Get_miss   Min(us)  Max(us)    Avg(us)    Std_dev    Geo_dist  
Period   10       1316         131          0.0        0          431      17570      7627       1780.09    7084.78
Global   250      32917        131          0.0        0          406      53922      7622       1738.01    7163.85

Total Statistics
Type     Time(s)  Ops          TPS(ops/s)   Net(M/s)   Get_miss   Min(us)  Max(us)    Avg(us)    Std_dev    Geo_dist  
Period   10       1316         131          0.0        0          431      17570      7627       1780.09    7084.78
Global   250      32917        131          0.0        0          406      53922      7622       1738.01    7163.85

[1;1H[2J
Get Statistics
Type     Time(s)  Ops          TPS(ops/s)   Net(M/s)   Get_miss   Min(us)  Max(us)    Avg(us)    Std_dev    Geo_dist  
Period   10       1291         129          0.0        0          498      14237      7773       1956.37    7219.41
Global   260      34208        131          0.0        0          406      53922      7627       1750.00    7165.93

Total Statistics
Type     Time(s)  Ops          TPS(ops/s)   Net(M/s)   Get_miss   Min(us)  Max(us)    Avg(us)    Std_dev    Geo_dist  
Period   10       1291         129          0.0        0          498      14237      7773       1956.37    7219.41
Global   260      34208        131          0.0        0          406      53922      7627       1750.00    7165.93

[1;1H[2J
Get Statistics
Type     Time(s)  Ops          TPS(ops/s)   Net(M/s)   Get_miss   Min(us)  Max(us)    Avg(us)    Std_dev    Geo_dist  
Period   10       1473         147          0.0        0          518      17166      6813       2388.06    6043.73
Global   270      35681        132          0.0        0          406      53922      7594       1785.61    7115.73

Total Statistics
Type     Time(s)  Ops          TPS(ops/s)   Net(M/s)   Get_miss   Min(us)  Max(us)    Avg(us)    Std_dev    Geo_dist  
Period   10       1473         147          0.0        0          518      17166      6813       2388.06    6043.73
Global   270      35681        132          0.0        0          406      53922      7594       1785.61    7115.73

[1;1H[2J
Get Statistics
Type     Time(s)  Ops          TPS(ops/s)   Net(M/s)   Get_miss   Min(us)  Max(us)    Avg(us)    Std_dev    Geo_dist  
Period   10       2436         243          0.0        0          732      15425      4118       1393.82    3883.98
Global   280      38117        136          0.0        0          406      53922      7372       1956.89    6845.66

Total Statistics
Type     Time(s)  Ops          TPS(ops/s)   Net(M/s)   Get_miss   Min(us)  Max(us)    Avg(us)    Std_dev    Geo_dist  
Period   10       2436         243          0.0        0          732      15425      4118       1393.82    3883.98
Global   280      38117        136          0.0        0          406      53922      7372       1956.89    6845.66

[1;1H[2J
Get Statistics
Type     Time(s)  Ops          TPS(ops/s)   Net(M/s)   Get_miss   Min(us)  Max(us)    Avg(us)    Std_dev    Geo_dist  
Period   10       2499         249          0.0        0          715      79809      4014       2126.08    3759.48
Global   290      40616        140          0.0        0          406      79809      7165       2128.04    6597.82

Total Statistics
Type     Time(s)  Ops          TPS(ops/s)   Net(M/s)   Get_miss   Min(us)  Max(us)    Avg(us)    Std_dev    Geo_dist  
Period   10       2499         249          0.0        0          715      79809      4014       2126.08    3759.48
Global   290      40616        140          0.0        0          406      79809      7165       2128.04    6597.82

[1;1H[2J
Get Statistics
Type     Time(s)  Ops          TPS(ops/s)   Net(M/s)   Get_miss   Min(us)  Max(us)    Avg(us)    Std_dev    Geo_dist  
Period   10       2509         250          0.0        0          753      14599      3998       991.76     3868.54
Global   300      43125        143          0.0        0          406      79809      6981       2206.42    6396.04

Total Statistics
Type     Time(s)  Ops          TPS(ops/s)   Net(M/s)   Get_miss   Min(us)  Max(us)    Avg(us)    Std_dev    Geo_dist  
Period   10       2509         250          0.0        0          753      14599      3998       991.76     3868.54
Global   300      43125        143          0.0        0          406      79809      6981       2206.42    6396.04

[1;1H[2J
Get Statistics
Type     Time(s)  Ops          TPS(ops/s)   Net(M/s)   Get_miss   Min(us)  Max(us)    Avg(us)    Std_dev    Geo_dist  
Period   10       2517         251          0.0        0          419      17627      3998       1097.01    3834.54
Global   310      45642        147          0.0        0          406      79809      6816       2266.41    6218.10

Total Statistics
Type     Time(s)  Ops          TPS(ops/s)   Net(M/s)   Get_miss   Min(us)  Max(us)    Avg(us)    Std_dev    Geo_dist  
Period   10       2517         251          0.0        0          419      17627      3998       1097.01    3834.54
Global   310      45642        147          0.0        0          406      79809      6816       2266.41    6218.10

[1;1H[2J
Get Statistics
Type     Time(s)  Ops          TPS(ops/s)   Net(M/s)   Get_miss   Min(us)  Max(us)    Avg(us)    Std_dev    Geo_dist  
Period   10       2567         256          0.0        0          446      14409      3908       979.87     3747.64
Global   320      48209        150          0.0        0          406      79809      6661       2311.41    6052.69

Total Statistics
Type     Time(s)  Ops          TPS(ops/s)   Net(M/s)   Get_miss   Min(us)  Max(us)    Avg(us)    Std_dev    Geo_dist  
Period   10       2567         256          0.0        0          446      14409      3908       979.87     3747.64
Global   320      48209        150          0.0        0          406      79809      6661       2311.41    6052.69

[1;1H[2J
Get Statistics
Type     Time(s)  Ops          TPS(ops/s)   Net(M/s)   Get_miss   Min(us)  Max(us)    Avg(us)    Std_dev    Geo_dist  
Period   10       2531         253          0.0        0          451      13502      3963       1162.97    3754.09
Global   330      50740        153          0.0        0          406      79809      6527       2341.14    5910.18

Total Statistics
Type     Time(s)  Ops          TPS(ops/s)   Net(M/s)   Get_miss   Min(us)  Max(us)    Avg(us)    Std_dev    Geo_dist  
Period   10       2531         253          0.0        0          451      13502      3963       1162.97    3754.09
Global   330      50740        153          0.0        0          406      79809      6527       2341.14    5910.18

[1;1H[2J
Get Statistics
Type     Time(s)  Ops          TPS(ops/s)   Net(M/s)   Get_miss   Min(us)  Max(us)    Avg(us)    Std_dev    Geo_dist  
Period   10       2401         240          0.0        0          482      15999      4178       1529.63    3857.33
Global   340      53141        156          0.0        0          406      79809      6421       2361.21    5797.33

Total Statistics
Type     Time(s)  Ops          TPS(ops/s)   Net(M/s)   Get_miss   Min(us)  Max(us)    Avg(us)    Std_dev    Geo_dist  
Period   10       2401         240          0.0        0          482      15999      4178       1529.63    3857.33
Global   340      53141        156          0.0        0          406      79809      6421       2361.21    5797.33

[1;1H[2J
Get Statistics
Type     Time(s)  Ops          TPS(ops/s)   Net(M/s)   Get_miss   Min(us)  Max(us)    Avg(us)    Std_dev    Geo_dist  
Period   10       2500         250          0.0        0          477      13820      4012       1206.56    3807.02
Global   350      55641        158          0.0        0          406      79809      6313       2374.08    5688.81

Total Statistics
Type     Time(s)  Ops          TPS(ops/s)   Net(M/s)   Get_miss   Min(us)  Max(us)    Avg(us)    Std_dev    Geo_dist  
Period   10       2500         250          0.0        0          477      13820      4012       1206.56    3807.02
Global   350      55641        158          0.0        0          406      79809      6313       2374.08    5688.81

[1;1H[2J
Get Statistics
Type     Time(s)  Ops          TPS(ops/s)   Net(M/s)   Get_miss   Min(us)  Max(us)    Avg(us)    Std_dev    Geo_dist  
Period   10       2470         247          0.0        0          431      15661      4060       1311.79    3821.31
Global   360      58111        161          0.0        0          406      79809      6217       2383.13    5593.41

Total Statistics
Type     Time(s)  Ops          TPS(ops/s)   Net(M/s)   Get_miss   Min(us)  Max(us)    Avg(us)    Std_dev    Geo_dist  
Period   10       2470         247          0.0        0          431      15661      4060       1311.79    3821.31
Global   360      58111        161          0.0        0          406      79809      6217       2383.13    5593.41

Get Statistics (58112 events)
   Min:       406
   Max:     79809
   Avg:      6217
   Geo:   5593.43
   Std:   2383.15
   Log2 Dist:
       8:        0       23     1548     1487
      12:    13584    33316     8117       30
      16:        6        1

Total Statistics (58112 events)
   Min:       406
   Max:     79809
   Avg:      6217
   Geo:   5593.43
   Std:   2383.15
   Log2 Dist:
       8:        0       23     1548     1487
      12:    13584    33316     8117       30
      16:        6        1

cmd_get: 58113
cmd_set: 1024
get_misses: 0
written_bytes: 1442304
read_bytes: 9596672
object_bytes: 147456

Run time: 361.5s Ops: 59137 TPS: 164 Net_rate: 0.0M/s
