type,flag,timeCreated,timeEnqueued,timeDequeued,timeForwarded,timeReceived,timeReturned
SET,STORED,1478605350015,1478605350015,1478605350016,1478605350016,1478605350017,1478605350029
SET,STORED,1478605351435,1478605351435,1478605351444,1478605351444,1478605351444,1478605351444
SET,STORED,1478605352905,1478605352905,1478605352908,1478605352908,1478605352908,1478605352908
SET,STORED,1478605354304,1478605354304,1478605354313,1478605354313,1478605354313,1478605354313
SET,STORED,1478605355726,1478605355726,1478605355728,1478605355728,1478605355729,1478605355729
SET,STORED,1478605357329,1478605357329,1478605357333,1478605357333,1478605357338,1478605357338
SET,STORED,1478605358666,1478605358673,1478605358676,1478605358676,1478605358683,1478605358683
SET,STORED,1478605360005,1478605360005,1478605360012,1478605360012,1478605360015,1478605360015
SET,STORED,1478605361361,1478605361361,1478605361364,1478605361364,1478605361371,1478605361371
SET,STORED,1478605362669,1478605362669,1478605362676,1478605362676,1478605362677,1478605362677
SET,STORED,1478605363949,1478605363949,1478605363960,1478605363960,1478605363961,1478605363961
GET,GET_SUCCESS,1478605364270,1478605364270,1478605364271,1478605364271,1478605364278,1478605364278
GET,GET_SUCCESS,1478605364958,1478605364958,1478605364958,1478605364958,1478605364958,1478605364958
GET,GET_SUCCESS,1478605365549,1478605365549,1478605365549,1478605365549,1478605365549,1478605365549
GET,GET_SUCCESS,1478605366181,1478605366181,1478605366181,1478605366181,1478605366182,1478605366182
GET,GET_SUCCESS,1478605366857,1478605366857,1478605366857,1478605366857,1478605366857,1478605366857
GET,GET_SUCCESS,1478605367565,1478605367565,1478605367565,1478605367565,1478605367565,1478605367565
GET,GET_SUCCESS,1478605368281,1478605368281,1478605368281,1478605368281,1478605368281,1478605368281
GET,GET_SUCCESS,1478605369005,1478605369005,1478605369005,1478605369005,1478605369006,1478605369006
GET,GET_SUCCESS,1478605369741,1478605369741,1478605369741,1478605369741,1478605369742,1478605369742
GET,GET_SUCCESS,1478605370445,1478605370445,1478605370445,1478605370445,1478605370445,1478605370445
GET,GET_SUCCESS,1478605371189,1478605371189,1478605371189,1478605371189,1478605371190,1478605371190
GET,GET_SUCCESS,1478605371909,1478605371909,1478605371909,1478605371909,1478605371909,1478605371909
GET,GET_SUCCESS,1478605372656,1478605372656,1478605372656,1478605372656,1478605372656,1478605372656
GET,GET_SUCCESS,1478605373441,1478605373441,1478605373441,1478605373441,1478605373441,1478605373441
GET,GET_SUCCESS,1478605374210,1478605374210,1478605374210,1478605374210,1478605374211,1478605374211
GET,GET_SUCCESS,1478605374945,1478605374945,1478605374945,1478605374945,1478605374946,1478605374946
GET,GET_SUCCESS,1478605375729,1478605375729,1478605375729,1478605375729,1478605375730,1478605375730
GET,GET_SUCCESS,1478605376505,1478605376505,1478605376505,1478605376505,1478605376506,1478605376506
GET,GET_SUCCESS,1478605377301,1478605377301,1478605377301,1478605377301,1478605377301,1478605377301
GET,GET_SUCCESS,1478605378061,1478605378061,1478605378061,1478605378061,1478605378061,1478605378062
GET,GET_SUCCESS,1478605378818,1478605378818,1478605378818,1478605378818,1478605378818,1478605378818
GET,GET_SUCCESS,1478605379537,1478605379537,1478605379537,1478605379537,1478605379538,1478605379538
GET,GET_SUCCESS,1478605380321,1478605380321,1478605380321,1478605380321,1478605380322,1478605380322
GET,GET_SUCCESS,1478605381101,1478605381101,1478605381101,1478605381101,1478605381101,1478605381101
GET,GET_SUCCESS,1478605381849,1478605381849,1478605381849,1478605381849,1478605381849,1478605381849
GET,GET_SUCCESS,1478605382605,1478605382605,1478605382605,1478605382605,1478605382606,1478605382606
GET,GET_SUCCESS,1478605383373,1478605383373,1478605383373,1478605383373,1478605383374,1478605383374
GET,GET_SUCCESS,1478605384137,1478605384137,1478605384137,1478605384137,1478605384138,1478605384138
GET,GET_SUCCESS,1478605384909,1478605384909,1478605384909,1478605384909,1478605384910,1478605384910
GET,GET_SUCCESS,1478605385673,1478605385673,1478605385673,1478605385673,1478605385673,1478605385673
GET,GET_SUCCESS,1478605386449,1478605386449,1478605386449,1478605386449,1478605386450,1478605386450
GET,GET_SUCCESS,1478605387217,1478605387217,1478605387217,1478605387217,1478605387217,1478605387217
GET,GET_SUCCESS,1478605387961,1478605387961,1478605387961,1478605387961,1478605387962,1478605387962
GET,GET_SUCCESS,1478605388717,1478605388717,1478605388717,1478605388717,1478605388718,1478605388718
GET,GET_SUCCESS,1478605389501,1478605389501,1478605389501,1478605389501,1478605389501,1478605389502
GET,GET_SUCCESS,1478605390269,1478605390269,1478605390269,1478605390269,1478605390269,1478605390270
GET,GET_SUCCESS,1478605391029,1478605391029,1478605391029,1478605391029,1478605391076,1478605391076
GET,GET_SUCCESS,1478605391861,1478605391861,1478605391861,1478605391861,1478605391862,1478605391862
GET,GET_SUCCESS,1478605392645,1478605392645,1478605392645,1478605392645,1478605392646,1478605392646
GET,GET_SUCCESS,1478605393429,1478605393429,1478605393429,1478605393429,1478605393430,1478605393430
GET,GET_SUCCESS,1478605394189,1478605394189,1478605394189,1478605394189,1478605394190,1478605394190
GET,GET_SUCCESS,1478605394973,1478605394973,1478605394973,1478605394973,1478605394974,1478605394974
GET,GET_SUCCESS,1478605395757,1478605395757,1478605395757,1478605395757,1478605395758,1478605395758
GET,GET_SUCCESS,1478605396541,1478605396541,1478605396541,1478605396541,1478605396542,1478605396542
GET,GET_SUCCESS,1478605397317,1478605397317,1478605397317,1478605397317,1478605397318,1478605397318
GET,GET_SUCCESS,1478605398086,1478605398086,1478605398086,1478605398086,1478605398087,1478605398087
GET,GET_SUCCESS,1478605398885,1478605398885,1478605398885,1478605398885,1478605398886,1478605398886
GET,GET_SUCCESS,1478605399653,1478605399653,1478605399653,1478605399653,1478605399654,1478605399654
GET,GET_SUCCESS,1478605400413,1478605400413,1478605400413,1478605400413,1478605400414,1478605400414
GET,GET_SUCCESS,1478605401189,1478605401189,1478605401189,1478605401189,1478605401190,1478605401190
GET,GET_SUCCESS,1478605401981,1478605401981,1478605401981,1478605401981,1478605401982,1478605401982
GET,GET_SUCCESS,1478605402745,1478605402745,1478605402745,1478605402745,1478605402746,1478605402746
GET,GET_SUCCESS,1478605403537,1478605403537,1478605403537,1478605403537,1478605403538,1478605403538
GET,GET_SUCCESS,1478605404313,1478605404313,1478605404313,1478605404313,1478605404314,1478605404314
GET,GET_SUCCESS,1478605405097,1478605405097,1478605405097,1478605405097,1478605405097,1478605405098
GET,GET_SUCCESS,1478605405865,1478605405865,1478605405865,1478605405865,1478605405866,1478605405866
GET,GET_SUCCESS,1478605406633,1478605406633,1478605406633,1478605406633,1478605406634,1478605406634
GET,GET_SUCCESS,1478605407397,1478605407397,1478605407397,1478605407397,1478605407398,1478605407398
GET,GET_SUCCESS,1478605408161,1478605408161,1478605408161,1478605408161,1478605408162,1478605408162
GET,GET_SUCCESS,1478605408930,1478605408930,1478605408930,1478605408930,1478605408931,1478605408931
GET,GET_SUCCESS,1478605409705,1478605409705,1478605409705,1478605409705,1478605409706,1478605409706
GET,GET_SUCCESS,1478605410493,1478605410493,1478605410493,1478605410493,1478605410493,1478605410494
GET,GET_SUCCESS,1478605411245,1478605411245,1478605411245,1478605411245,1478605411246,1478605411246
GET,GET_SUCCESS,1478605412021,1478605412021,1478605412021,1478605412021,1478605412022,1478605412022
GET,GET_SUCCESS,1478605412797,1478605412797,1478605412797,1478605412797,1478605412798,1478605412798
GET,GET_SUCCESS,1478605413541,1478605413541,1478605413541,1478605413541,1478605413542,1478605413542
GET,GET_SUCCESS,1478605414285,1478605414285,1478605414285,1478605414285,1478605414286,1478605414286
GET,GET_SUCCESS,1478605415088,1478605415088,1478605415088,1478605415088,1478605415089,1478605415089
GET,GET_SUCCESS,1478605415857,1478605415857,1478605415857,1478605415857,1478605415858,1478605415858
GET,GET_SUCCESS,1478605416601,1478605416601,1478605416601,1478605416601,1478605416602,1478605416602
GET,GET_SUCCESS,1478605417369,1478605417369,1478605417369,1478605417369,1478605417370,1478605417370
GET,GET_SUCCESS,1478605418129,1478605418129,1478605418129,1478605418129,1478605418130,1478605418130
GET,GET_SUCCESS,1478605418865,1478605418865,1478605418865,1478605418865,1478605418866,1478605418866
GET,GET_SUCCESS,1478605419626,1478605419626,1478605419626,1478605419626,1478605419627,1478605419627
GET,GET_SUCCESS,1478605420369,1478605420369,1478605420369,1478605420369,1478605420370,1478605420370
GET,GET_SUCCESS,1478605421140,1478605421140,1478605421140,1478605421140,1478605421140,1478605421141
GET,GET_SUCCESS,1478605421889,1478605421889,1478605421889,1478605421889,1478605421890,1478605421890
GET,GET_SUCCESS,1478605422649,1478605422649,1478605422649,1478605422649,1478605422650,1478605422650
GET,GET_SUCCESS,1478605423456,1478605423456,1478605423456,1478605423456,1478605423456,1478605423456
GET,GET_SUCCESS,1478605424233,1478605424233,1478605424233,1478605424233,1478605424234,1478605424234
GET,GET_SUCCESS,1478605425009,1478605425009,1478605425009,1478605425009,1478605425010,1478605425010
GET,GET_SUCCESS,1478605425793,1478605425793,1478605425793,1478605425793,1478605425794,1478605425794
GET,GET_SUCCESS,1478605426537,1478605426537,1478605426537,1478605426537,1478605426538,1478605426538
GET,GET_SUCCESS,1478605427305,1478605427305,1478605427305,1478605427305,1478605427306,1478605427306
GET,GET_SUCCESS,1478605428101,1478605428101,1478605428101,1478605428101,1478605428102,1478605428102
GET,GET_SUCCESS,1478605428869,1478605428869,1478605428869,1478605428869,1478605428870,1478605428870
GET,GET_SUCCESS,1478605429622,1478605429622,1478605429623,1478605429623,1478605429623,1478605429623
GET,GET_SUCCESS,1478605430262,1478605430262,1478605430262,1478605430262,1478605430263,1478605430263
GET,GET_SUCCESS,1478605430973,1478605430973,1478605430973,1478605430973,1478605430974,1478605430974
GET,GET_SUCCESS,1478605431693,1478605431693,1478605431693,1478605431693,1478605431694,1478605431694
GET,GET_SUCCESS,1478605432377,1478605432377,1478605432377,1478605432377,1478605432378,1478605432378
GET,GET_SUCCESS,1478605433097,1478605433097,1478605433097,1478605433097,1478605433098,1478605433098
GET,GET_SUCCESS,1478605433841,1478605433841,1478605433841,1478605433841,1478605433842,1478605433842
GET,GET_SUCCESS,1478605434593,1478605434593,1478605434593,1478605434593,1478605434594,1478605434594
GET,GET_SUCCESS,1478605435362,1478605435362,1478605435362,1478605435362,1478605435363,1478605435363
GET,GET_SUCCESS,1478605436133,1478605436133,1478605436133,1478605436133,1478605436134,1478605436134
GET,GET_SUCCESS,1478605436877,1478605436877,1478605436877,1478605436877,1478605436878,1478605436878
GET,GET_SUCCESS,1478605437645,1478605437645,1478605437645,1478605437645,1478605437646,1478605437646
GET,GET_SUCCESS,1478605438433,1478605438433,1478605438433,1478605438433,1478605438434,1478605438434
GET,GET_SUCCESS,1478605439189,1478605439189,1478605439189,1478605439189,1478605439190,1478605439190
GET,GET_SUCCESS,1478605439989,1478605439989,1478605439993,1478605439993,1478605439994,1478605439994
GET,GET_SUCCESS,1478605440721,1478605440721,1478605440721,1478605440721,1478605440721,1478605440721
GET,GET_SUCCESS,1478605441457,1478605441457,1478605441457,1478605441457,1478605441458,1478605441458
GET,GET_SUCCESS,1478605442219,1478605442219,1478605442219,1478605442219,1478605442219,1478605442219
GET,GET_SUCCESS,1478605442961,1478605442961,1478605442961,1478605442961,1478605442962,1478605442962
GET,GET_SUCCESS,1478605443713,1478605443713,1478605443713,1478605443713,1478605443714,1478605443714
GET,GET_SUCCESS,1478605444481,1478605444481,1478605444481,1478605444481,1478605444482,1478605444482
GET,GET_SUCCESS,1478605445273,1478605445273,1478605445273,1478605445273,1478605445274,1478605445274
GET,GET_SUCCESS,1478605446025,1478605446025,1478605446025,1478605446025,1478605446026,1478605446026
GET,GET_SUCCESS,1478605446785,1478605446785,1478605446785,1478605446785,1478605446786,1478605446786
GET,GET_SUCCESS,1478605447537,1478605447537,1478605447537,1478605447537,1478605447538,1478605447538
GET,GET_SUCCESS,1478605448321,1478605448321,1478605448321,1478605448321,1478605448322,1478605448322
GET,GET_SUCCESS,1478605449089,1478605449089,1478605449089,1478605449089,1478605449090,1478605449090
GET,GET_SUCCESS,1478605449873,1478605449873,1478605449873,1478605449873,1478605449874,1478605449874
GET,GET_SUCCESS,1478605450625,1478605450625,1478605450625,1478605450625,1478605450626,1478605450626
GET,GET_SUCCESS,1478605451393,1478605451393,1478605451393,1478605451393,1478605451394,1478605451394
GET,GET_SUCCESS,1478605452169,1478605452169,1478605452169,1478605452169,1478605452170,1478605452171
GET,GET_SUCCESS,1478605452929,1478605452929,1478605452929,1478605452929,1478605452930,1478605452930
GET,GET_SUCCESS,1478605453733,1478605453733,1478605453733,1478605453733,1478605453734,1478605453734
GET,GET_SUCCESS,1478605454505,1478605454505,1478605454505,1478605454505,1478605454506,1478605454506
GET,GET_SUCCESS,1478605455297,1478605455297,1478605455298,1478605455298,1478605455298,1478605455298
GET,GET_SUCCESS,1478605456073,1478605456073,1478605456073,1478605456073,1478605456074,1478605456074
GET,GET_SUCCESS,1478605456813,1478605456813,1478605456813,1478605456813,1478605456814,1478605456814
GET,GET_SUCCESS,1478605457549,1478605457549,1478605457549,1478605457549,1478605457550,1478605457550
GET,GET_SUCCESS,1478605458342,1478605458342,1478605458342,1478605458342,1478605458342,1478605458342
GET,GET_SUCCESS,1478605459085,1478605459085,1478605459085,1478605459085,1478605459086,1478605459086
GET,GET_SUCCESS,1478605459833,1478605459833,1478605459833,1478605459834,1478605459834,1478605459834
GET,GET_SUCCESS,1478605460581,1478605460581,1478605460581,1478605460581,1478605460583,1478605460583
GET,GET_SUCCESS,1478605461361,1478605461361,1478605461362,1478605461362,1478605461362,1478605461362
GET,GET_SUCCESS,1478605462145,1478605462145,1478605462146,1478605462146,1478605462146,1478605462146
GET,GET_SUCCESS,1478605462934,1478605462934,1478605462934,1478605462934,1478605462934,1478605462934
GET,GET_SUCCESS,1478605463670,1478605463670,1478605463670,1478605463670,1478605463670,1478605463670
GET,GET_SUCCESS,1478605464454,1478605464454,1478605464454,1478605464454,1478605464455,1478605464455
GET,GET_SUCCESS,1478605465214,1478605465214,1478605465214,1478605465214,1478605465215,1478605465215
GET,GET_SUCCESS,1478605465950,1478605465950,1478605465950,1478605465950,1478605465950,1478605465950
GET,GET_SUCCESS,1478605466742,1478605466742,1478605466742,1478605466742,1478605466742,1478605466742
GET,GET_SUCCESS,1478605467534,1478605467534,1478605467534,1478605467534,1478605467534,1478605467534
GET,GET_SUCCESS,1478605468270,1478605468270,1478605468270,1478605468270,1478605468270,1478605468270
GET,GET_SUCCESS,1478605469039,1478605469039,1478605469039,1478605469039,1478605469039,1478605469039
GET,GET_SUCCESS,1478605469806,1478605469806,1478605469806,1478605469806,1478605469806,1478605469806
GET,GET_SUCCESS,1478605470582,1478605470582,1478605470582,1478605470582,1478605470582,1478605470582
GET,GET_SUCCESS,1478605471366,1478605471366,1478605471366,1478605471366,1478605471366,1478605471366
GET,GET_SUCCESS,1478605472114,1478605472114,1478605472114,1478605472114,1478605472116,1478605472116
GET,GET_SUCCESS,1478605472890,1478605472890,1478605472890,1478605472890,1478605472890,1478605472890
GET,GET_SUCCESS,1478605473650,1478605473650,1478605473650,1478605473650,1478605473650,1478605473650
GET,GET_SUCCESS,1478605474418,1478605474418,1478605474418,1478605474418,1478605474418,1478605474418
GET,GET_SUCCESS,1478605475186,1478605475186,1478605475186,1478605475186,1478605475186,1478605475186
GET,GET_SUCCESS,1478605475927,1478605475927,1478605475927,1478605475927,1478605475927,1478605475927
GET,GET_SUCCESS,1478605476670,1478605476670,1478605476670,1478605476670,1478605476670,1478605476670
GET,GET_SUCCESS,1478605477394,1478605477394,1478605477394,1478605477394,1478605477394,1478605477394
GET,GET_SUCCESS,1478605478150,1478605478150,1478605478150,1478605478150,1478605478150,1478605478150
GET,GET_SUCCESS,1478605478926,1478605478926,1478605478926,1478605478926,1478605478926,1478605478926
GET,GET_SUCCESS,1478605479622,1478605479622,1478605479622,1478605479622,1478605479622,1478605479622
GET,GET_SUCCESS,1478605480290,1478605480290,1478605480290,1478605480290,1478605480290,1478605480290
GET,GET_SUCCESS,1478605481042,1478605481042,1478605481042,1478605481042,1478605481043,1478605481043
GET,GET_SUCCESS,1478605481826,1478605481826,1478605481826,1478605481826,1478605481826,1478605481826
GET,GET_SUCCESS,1478605482590,1478605482590,1478605482590,1478605482590,1478605482590,1478605482590
GET,GET_SUCCESS,1478605483350,1478605483350,1478605483350,1478605483350,1478605483350,1478605483350
GET,GET_SUCCESS,1478605484114,1478605484114,1478605484114,1478605484114,1478605484114,1478605484114
GET,GET_SUCCESS,1478605484842,1478605484842,1478605484842,1478605484842,1478605484842,1478605484842
GET,GET_SUCCESS,1478605485586,1478605485586,1478605485586,1478605485586,1478605485587,1478605485587
GET,GET_SUCCESS,1478605486350,1478605486350,1478605486350,1478605486350,1478605486350,1478605486350
GET,GET_SUCCESS,1478605487126,1478605487126,1478605487126,1478605487126,1478605487126,1478605487126
GET,GET_SUCCESS,1478605487878,1478605487878,1478605487878,1478605487878,1478605487879,1478605487879
GET,GET_SUCCESS,1478605488638,1478605488638,1478605488638,1478605488638,1478605488638,1478605488638
GET,GET_SUCCESS,1478605489438,1478605489438,1478605489438,1478605489438,1478605489438,1478605489438
GET,GET_SUCCESS,1478605490190,1478605490190,1478605490190,1478605490190,1478605490190,1478605490190
GET,GET_SUCCESS,1478605490910,1478605490910,1478605490910,1478605490910,1478605490910,1478605490910
GET,GET_SUCCESS,1478605491686,1478605491686,1478605491686,1478605491686,1478605491687,1478605491687
GET,GET_SUCCESS,1478605492514,1478605492514,1478605492514,1478605492514,1478605492515,1478605492515
GET,GET_SUCCESS,1478605493294,1478605493294,1478605493294,1478605493294,1478605493294,1478605493294
GET,GET_SUCCESS,1478605494082,1478605494082,1478605494082,1478605494082,1478605494082,1478605494082
GET,GET_SUCCESS,1478605494858,1478605494858,1478605494858,1478605494858,1478605494858,1478605494858
GET,GET_SUCCESS,1478605495634,1478605495634,1478605495634,1478605495634,1478605495634,1478605495634
GET,GET_SUCCESS,1478605496410,1478605496410,1478605496410,1478605496410,1478605496410,1478605496410
GET,GET_SUCCESS,1478605497182,1478605497182,1478605497182,1478605497182,1478605497182,1478605497182
GET,GET_SUCCESS,1478605497946,1478605497946,1478605497946,1478605497946,1478605497947,1478605497947
GET,GET_SUCCESS,1478605498718,1478605498718,1478605498718,1478605498718,1478605498719,1478605498719
GET,GET_SUCCESS,1478605499490,1478605499490,1478605499490,1478605499490,1478605499491,1478605499491
GET,GET_SUCCESS,1478605500274,1478605500274,1478605500274,1478605500274,1478605500274,1478605500274
GET,GET_SUCCESS,1478605501058,1478605501058,1478605501058,1478605501058,1478605501058,1478605501058
GET,GET_SUCCESS,1478605501834,1478605501834,1478605501834,1478605501834,1478605501834,1478605501834
GET,GET_SUCCESS,1478605502626,1478605502626,1478605502626,1478605502626,1478605502627,1478605502627
GET,GET_SUCCESS,1478605503378,1478605503378,1478605503378,1478605503378,1478605503379,1478605503379
GET,GET_SUCCESS,1478605504170,1478605504170,1478605504170,1478605504170,1478605504170,1478605504170
GET,GET_SUCCESS,1478605504946,1478605504946,1478605504946,1478605504946,1478605504947,1478605504947
GET,GET_SUCCESS,1478605505698,1478605505698,1478605505698,1478605505698,1478605505698,1478605505698
GET,GET_SUCCESS,1478605506490,1478605506490,1478605506490,1478605506490,1478605506490,1478605506490
GET,GET_SUCCESS,1478605507266,1478605507266,1478605507266,1478605507266,1478605507266,1478605507266
GET,GET_SUCCESS,1478605508038,1478605508038,1478605508038,1478605508038,1478605508038,1478605508038
GET,GET_SUCCESS,1478605508798,1478605508798,1478605508798,1478605508798,1478605508798,1478605508798
GET,GET_SUCCESS,1478605509582,1478605509582,1478605509582,1478605509582,1478605509583,1478605509583
GET,GET_SUCCESS,1478605510330,1478605510330,1478605510330,1478605510330,1478605510331,1478605510331
GET,GET_SUCCESS,1478605511098,1478605511098,1478605511098,1478605511098,1478605511098,1478605511098
GET,GET_SUCCESS,1478605511862,1478605511862,1478605511862,1478605511862,1478605511863,1478605511863
GET,GET_SUCCESS,1478605512622,1478605512622,1478605512622,1478605512622,1478605512623,1478605512623
GET,GET_SUCCESS,1478605513374,1478605513374,1478605513374,1478605513374,1478605513374,1478605513374
GET,GET_SUCCESS,1478605514150,1478605514150,1478605514150,1478605514150,1478605514150,1478605514150
GET,GET_SUCCESS,1478605514918,1478605514918,1478605514918,1478605514918,1478605514918,1478605514918
GET,GET_SUCCESS,1478605515702,1478605515702,1478605515702,1478605515702,1478605515702,1478605515702
GET,GET_SUCCESS,1478605516462,1478605516462,1478605516462,1478605516462,1478605516462,1478605516462
GET,GET_SUCCESS,1478605517222,1478605517222,1478605517222,1478605517222,1478605517222,1478605517222
GET,GET_SUCCESS,1478605517990,1478605517990,1478605517990,1478605517990,1478605517990,1478605517990
GET,GET_SUCCESS,1478605518766,1478605518766,1478605518766,1478605518766,1478605518766,1478605518766
GET,GET_SUCCESS,1478605519581,1478605519581,1478605519581,1478605519581,1478605519582,1478605519582
GET,GET_SUCCESS,1478605520346,1478605520346,1478605520346,1478605520346,1478605520346,1478605520346
GET,GET_SUCCESS,1478605521130,1478605521130,1478605521130,1478605521130,1478605521131,1478605521131
GET,GET_SUCCESS,1478605521882,1478605521882,1478605521882,1478605521882,1478605521883,1478605521883
GET,GET_SUCCESS,1478605522642,1478605522642,1478605522642,1478605522642,1478605522643,1478605522643
GET,GET_SUCCESS,1478605523394,1478605523394,1478605523394,1478605523394,1478605523395,1478605523395
GET,GET_SUCCESS,1478605524138,1478605524138,1478605524138,1478605524138,1478605524139,1478605524139
GET,GET_SUCCESS,1478605524914,1478605524914,1478605524914,1478605524914,1478605524915,1478605524915
GET,GET_SUCCESS,1478605525658,1478605525658,1478605525658,1478605525658,1478605525658,1478605525658
GET,GET_SUCCESS,1478605526438,1478605526438,1478605526438,1478605526438,1478605526439,1478605526439
GET,GET_SUCCESS,1478605527186,1478605527186,1478605527186,1478605527186,1478605527187,1478605527187
GET,GET_SUCCESS,1478605527970,1478605527970,1478605527970,1478605527970,1478605527971,1478605527971
GET,GET_SUCCESS,1478605528710,1478605528710,1478605528710,1478605528710,1478605528711,1478605528711
GET,GET_SUCCESS,1478605529486,1478605529486,1478605529486,1478605529486,1478605529487,1478605529487
GET,GET_SUCCESS,1478605530242,1478605530242,1478605530242,1478605530242,1478605530243,1478605530243
GET,GET_SUCCESS,1478605531014,1478605531014,1478605531014,1478605531014,1478605531015,1478605531015
GET,GET_SUCCESS,1478605531782,1478605531782,1478605531782,1478605531782,1478605531782,1478605531782
GET,GET_SUCCESS,1478605532518,1478605532518,1478605532518,1478605532518,1478605532519,1478605532519
GET,GET_SUCCESS,1478605533270,1478605533270,1478605533270,1478605533270,1478605533271,1478605533271
GET,GET_SUCCESS,1478605534034,1478605534034,1478605534034,1478605534034,1478605534035,1478605534035
GET,GET_SUCCESS,1478605534766,1478605534766,1478605534766,1478605534766,1478605534767,1478605534767
GET,GET_SUCCESS,1478605535494,1478605535494,1478605535494,1478605535494,1478605535495,1478605535495
GET,GET_SUCCESS,1478605536272,1478605536272,1478605536272,1478605536272,1478605536272,1478605536272
GET,GET_SUCCESS,1478605537006,1478605537006,1478605537006,1478605537006,1478605537007,1478605537007
GET,GET_SUCCESS,1478605537790,1478605537790,1478605537790,1478605537790,1478605537791,1478605537791
GET,GET_SUCCESS,1478605538550,1478605538550,1478605538550,1478605538550,1478605538551,1478605538551
GET,GET_SUCCESS,1478605539310,1478605539310,1478605539310,1478605539310,1478605539311,1478605539311
GET,GET_SUCCESS,1478605540078,1478605540078,1478605540078,1478605540078,1478605540079,1478605540079
GET,GET_SUCCESS,1478605540831,1478605540831,1478605540831,1478605540831,1478605540832,1478605540832
GET,GET_SUCCESS,1478605541634,1478605541634,1478605541634,1478605541634,1478605541635,1478605541635
GET,GET_SUCCESS,1478605542406,1478605542406,1478605542406,1478605542406,1478605542407,1478605542407
GET,GET_SUCCESS,1478605543182,1478605543182,1478605543182,1478605543182,1478605543183,1478605543183
GET,GET_SUCCESS,1478605543966,1478605543966,1478605543966,1478605543966,1478605543967,1478605543967
GET,GET_SUCCESS,1478605544762,1478605544762,1478605544762,1478605544762,1478605544763,1478605544763
GET,GET_SUCCESS,1478605545498,1478605545498,1478605545498,1478605545498,1478605545499,1478605545499
GET,GET_SUCCESS,1478605546266,1478605546266,1478605546266,1478605546266,1478605546267,1478605546267
GET,GET_SUCCESS,1478605547018,1478605547018,1478605547018,1478605547018,1478605547019,1478605547019
GET,GET_SUCCESS,1478605547794,1478605547794,1478605547794,1478605547794,1478605547795,1478605547795
GET,GET_SUCCESS,1478605548578,1478605548578,1478605548578,1478605548578,1478605548579,1478605548579
GET,GET_SUCCESS,1478605549378,1478605549378,1478605549378,1478605549378,1478605549379,1478605549379
GET,GET_SUCCESS,1478605550134,1478605550134,1478605550134,1478605550134,1478605550135,1478605550135
GET,GET_SUCCESS,1478605550902,1478605550902,1478605550902,1478605550902,1478605550903,1478605550903
GET,GET_SUCCESS,1478605551670,1478605551670,1478605551670,1478605551670,1478605551671,1478605551671
GET,GET_SUCCESS,1478605552434,1478605552434,1478605552434,1478605552434,1478605552435,1478605552435
GET,GET_SUCCESS,1478605553202,1478605553202,1478605553202,1478605553202,1478605553203,1478605553203
GET,GET_SUCCESS,1478605553958,1478605553958,1478605553958,1478605553958,1478605553959,1478605553959
GET,GET_SUCCESS,1478605554694,1478605554694,1478605554694,1478605554694,1478605554695,1478605554695
GET,GET_SUCCESS,1478605555446,1478605555446,1478605555446,1478605555446,1478605555447,1478605555447
GET,GET_SUCCESS,1478605556218,1478605556218,1478605556218,1478605556218,1478605556219,1478605556219
GET,GET_SUCCESS,1478605556970,1478605556970,1478605556970,1478605556970,1478605556971,1478605556971
GET,GET_SUCCESS,1478605557750,1478605557750,1478605557750,1478605557750,1478605557751,1478605557751
GET,GET_SUCCESS,1478605558518,1478605558518,1478605558518,1478605558518,1478605558519,1478605558519
GET,GET_SUCCESS,1478605559294,1478605559294,1478605559294,1478605559294,1478605559295,1478605559295
GET,GET_SUCCESS,1478605560086,1478605560086,1478605560086,1478605560086,1478605560087,1478605560087
GET,GET_SUCCESS,1478605560830,1478605560830,1478605560830,1478605560830,1478605560831,1478605560831
GET,GET_SUCCESS,1478605561618,1478605561618,1478605561618,1478605561618,1478605561619,1478605561619
GET,GET_SUCCESS,1478605562410,1478605562410,1478605562410,1478605562410,1478605562411,1478605562411
GET,GET_SUCCESS,1478605563150,1478605563150,1478605563150,1478605563150,1478605563151,1478605563151
GET,GET_SUCCESS,1478605563862,1478605563862,1478605563862,1478605563862,1478605563863,1478605563863
GET,GET_SUCCESS,1478605564638,1478605564638,1478605564638,1478605564638,1478605564639,1478605564639
GET,GET_SUCCESS,1478605565410,1478605565410,1478605565410,1478605565410,1478605565411,1478605565411
GET,GET_SUCCESS,1478605566170,1478605566170,1478605566170,1478605566170,1478605566171,1478605566171
GET,GET_SUCCESS,1478605566930,1478605566930,1478605566930,1478605566930,1478605566931,1478605566931
GET,GET_SUCCESS,1478605567690,1478605567690,1478605567690,1478605567690,1478605567691,1478605567691
GET,GET_SUCCESS,1478605568478,1478605568478,1478605568478,1478605568478,1478605568480,1478605568480
GET,GET_SUCCESS,1478605569246,1478605569246,1478605569246,1478605569246,1478605569247,1478605569247
GET,GET_SUCCESS,1478605569994,1478605569994,1478605569994,1478605569994,1478605569995,1478605569995
GET,GET_SUCCESS,1478605570766,1478605570766,1478605570766,1478605570766,1478605570767,1478605570767
GET,GET_SUCCESS,1478605571522,1478605571522,1478605571522,1478605571522,1478605571523,1478605571523
GET,GET_SUCCESS,1478605572290,1478605572290,1478605572290,1478605572290,1478605572291,1478605572291
GET,GET_SUCCESS,1478605573074,1478605573074,1478605573074,1478605573074,1478605573075,1478605573075
GET,GET_SUCCESS,1478605573846,1478605573846,1478605573846,1478605573846,1478605573847,1478605573847
GET,GET_SUCCESS,1478605574630,1478605574630,1478605574630,1478605574630,1478605574631,1478605574631
GET,GET_SUCCESS,1478605575398,1478605575398,1478605575398,1478605575398,1478605575399,1478605575399
GET,GET_SUCCESS,1478605576178,1478605576178,1478605576178,1478605576178,1478605576179,1478605576179
GET,GET_SUCCESS,1478605576958,1478605576958,1478605576958,1478605576958,1478605576959,1478605576959
GET,GET_SUCCESS,1478605577734,1478605577734,1478605577734,1478605577734,1478605577735,1478605577735
GET,GET_SUCCESS,1478605578486,1478605578486,1478605578486,1478605578486,1478605578487,1478605578487
GET,GET_SUCCESS,1478605579262,1478605579262,1478605579262,1478605579262,1478605579263,1478605579263
GET,GET_SUCCESS,1478605580022,1478605580022,1478605580022,1478605580022,1478605580023,1478605580023
GET,GET_SUCCESS,1478605580774,1478605580774,1478605580774,1478605580774,1478605580775,1478605580775
GET,GET_SUCCESS,1478605581554,1478605581554,1478605581554,1478605581554,1478605581555,1478605581555
GET,GET_SUCCESS,1478605582322,1478605582322,1478605582322,1478605582322,1478605582323,1478605582323
GET,GET_SUCCESS,1478605583110,1478605583110,1478605583110,1478605583110,1478605583111,1478605583111
GET,GET_SUCCESS,1478605583862,1478605583862,1478605583862,1478605583862,1478605583863,1478605583863
GET,GET_SUCCESS,1478605584630,1478605584630,1478605584630,1478605584630,1478605584631,1478605584631
GET,GET_SUCCESS,1478605585386,1478605585386,1478605585386,1478605585386,1478605585387,1478605585387
GET,GET_SUCCESS,1478605586134,1478605586134,1478605586134,1478605586134,1478605586135,1478605586135
GET,GET_SUCCESS,1478605586906,1478605586906,1478605586906,1478605586906,1478605586907,1478605586907
GET,GET_SUCCESS,1478605587650,1478605587650,1478605587650,1478605587650,1478605587651,1478605587651
GET,GET_SUCCESS,1478605588410,1478605588410,1478605588410,1478605588410,1478605588411,1478605588411
GET,GET_SUCCESS,1478605589206,1478605589206,1478605589206,1478605589206,1478605589207,1478605589207
GET,GET_SUCCESS,1478605589978,1478605589978,1478605589978,1478605589978,1478605589979,1478605589979
GET,GET_SUCCESS,1478605590774,1478605590774,1478605590774,1478605590774,1478605590775,1478605590775
GET,GET_SUCCESS,1478605591546,1478605591546,1478605591546,1478605591546,1478605591547,1478605591547
GET,GET_SUCCESS,1478605592334,1478605592334,1478605592334,1478605592334,1478605592335,1478605592335
GET,GET_SUCCESS,1478605593106,1478605593106,1478605593106,1478605593107,1478605593107,1478605593107
GET,GET_SUCCESS,1478605593902,1478605593903,1478605593903,1478605593903,1478605593903,1478605593903
GET,GET_SUCCESS,1478605594654,1478605594654,1478605594654,1478605594655,1478605594655,1478605594655
GET,GET_SUCCESS,1478605595430,1478605595430,1478605595431,1478605595431,1478605595431,1478605595431
GET,GET_SUCCESS,1478605596199,1478605596199,1478605596199,1478605596199,1478605596199,1478605596199
GET,GET_SUCCESS,1478605596979,1478605596979,1478605596979,1478605596979,1478605596979,1478605596979
GET,GET_SUCCESS,1478605597739,1478605597739,1478605597739,1478605597739,1478605597739,1478605597739
GET,GET_SUCCESS,1478605598503,1478605598503,1478605598503,1478605598503,1478605598503,1478605598503
GET,GET_SUCCESS,1478605599263,1478605599263,1478605599263,1478605599263,1478605599263,1478605599263
GET,GET_SUCCESS,1478605600055,1478605600055,1478605600055,1478605600055,1478605600055,1478605600055
GET,GET_SUCCESS,1478605600823,1478605600823,1478605600823,1478605600823,1478605600823,1478605600823
GET,GET_SUCCESS,1478605601580,1478605601580,1478605601580,1478605601580,1478605601581,1478605601581
GET,GET_SUCCESS,1478605602286,1478605602286,1478605602287,1478605602287,1478605602287,1478605602287
GET,GET_SUCCESS,1478605602982,1478605602982,1478605602983,1478605602983,1478605602983,1478605602983
GET,GET_SUCCESS,1478605603707,1478605603707,1478605603707,1478605603707,1478605603707,1478605603707
GET,GET_SUCCESS,1478605604463,1478605604463,1478605604463,1478605604463,1478605604464,1478605604464
GET,GET_SUCCESS,1478605605227,1478605605227,1478605605227,1478605605227,1478605605229,1478605605229
GET,GET_SUCCESS,1478605606007,1478605606007,1478605606007,1478605606007,1478605606007,1478605606007
GET,GET_SUCCESS,1478605606719,1478605606719,1478605606719,1478605606719,1478605606719,1478605606719
GET,GET_SUCCESS,1478605607515,1478605607515,1478605607515,1478605607515,1478605607515,1478605607515
GET,GET_SUCCESS,1478605608303,1478605608303,1478605608303,1478605608303,1478605608303,1478605608303
GET,GET_SUCCESS,1478605609023,1478605609023,1478605609023,1478605609023,1478605609023,1478605609023
GET,GET_SUCCESS,1478605609771,1478605609771,1478605609771,1478605609771,1478605609772,1478605609772
GET,GET_SUCCESS,1478605610539,1478605610539,1478605610539,1478605610539,1478605610539,1478605610539
GET,GET_SUCCESS,1478605611291,1478605611291,1478605611291,1478605611291,1478605611291,1478605611291
GET,GET_SUCCESS,1478605612031,1478605612031,1478605612031,1478605612031,1478605612031,1478605612031
GET,GET_SUCCESS,1478605612791,1478605612791,1478605612791,1478605612791,1478605612791,1478605612791
GET,GET_SUCCESS,1478605613579,1478605613579,1478605613579,1478605613579,1478605613580,1478605613580
GET,GET_SUCCESS,1478605614375,1478605614375,1478605614375,1478605614375,1478605614375,1478605614375
GET,GET_SUCCESS,1478605615155,1478605615155,1478605615155,1478605615155,1478605615155,1478605615155
GET,GET_SUCCESS,1478605615899,1478605615899,1478605615899,1478605615899,1478605615899,1478605615899
GET,GET_SUCCESS,1478605616675,1478605616675,1478605616675,1478605616675,1478605616675,1478605616675
GET,GET_SUCCESS,1478605617391,1478605617391,1478605617391,1478605617391,1478605617392,1478605617392
GET,GET_SUCCESS,1478605618139,1478605618139,1478605618139,1478605618139,1478605618140,1478605618140
GET,GET_SUCCESS,1478605618907,1478605618907,1478605618907,1478605618907,1478605618907,1478605618907
GET,GET_SUCCESS,1478605619651,1478605619651,1478605619651,1478605619651,1478605619651,1478605619651
GET,GET_SUCCESS,1478605620647,1478605620647,1478605620647,1478605620647,1478605620647,1478605620647
GET,GET_SUCCESS,1478605621419,1478605621419,1478605621419,1478605621419,1478605621419,1478605621419
GET,GET_SUCCESS,1478605622191,1478605622191,1478605622191,1478605622191,1478605622191,1478605622191
GET,GET_SUCCESS,1478605622967,1478605622967,1478605622967,1478605622967,1478605622967,1478605622967
GET,GET_SUCCESS,1478605623739,1478605623739,1478605623739,1478605623739,1478605623739,1478605623739
GET,GET_SUCCESS,1478605624511,1478605624511,1478605624511,1478605624511,1478605624511,1478605624511
GET,GET_SUCCESS,1478605625255,1478605625255,1478605625255,1478605625255,1478605625255,1478605625255
GET,GET_SUCCESS,1478605626008,1478605626008,1478605626008,1478605626008,1478605626008,1478605626008
GET,GET_SUCCESS,1478605626743,1478605626743,1478605626743,1478605626743,1478605626744,1478605626744
GET,GET_SUCCESS,1478605627390,1478605627390,1478605627390,1478605627390,1478605627390,1478605627390
GET,GET_SUCCESS,1478605628143,1478605628143,1478605628143,1478605628143,1478605628143,1478605628143
GET,GET_SUCCESS,1478605628883,1478605628883,1478605628883,1478605628883,1478605628883,1478605628883
GET,GET_SUCCESS,1478605629675,1478605629675,1478605629675,1478605629675,1478605629676,1478605629676
GET,GET_SUCCESS,1478605630451,1478605630451,1478605630451,1478605630451,1478605630451,1478605630451
GET,GET_SUCCESS,1478605631223,1478605631223,1478605631223,1478605631223,1478605631223,1478605631223
GET,GET_SUCCESS,1478605631967,1478605631967,1478605631967,1478605631967,1478605631968,1478605631968
GET,GET_SUCCESS,1478605632671,1478605632671,1478605632671,1478605632671,1478605632672,1478605632672
GET,GET_SUCCESS,1478605633376,1478605633376,1478605633376,1478605633376,1478605633376,1478605633376
GET,GET_SUCCESS,1478605634063,1478605634063,1478605634063,1478605634063,1478605634063,1478605634063
GET,GET_SUCCESS,1478605634595,1478605634595,1478605634595,1478605634595,1478605634595,1478605634595
GET,GET_SUCCESS,1478605635007,1478605635007,1478605635007,1478605635007,1478605635007,1478605635007
GET,GET_SUCCESS,1478605635435,1478605635435,1478605635435,1478605635435,1478605635435,1478605635435
GET,GET_SUCCESS,1478605635891,1478605635891,1478605635891,1478605635891,1478605635892,1478605635892
GET,GET_SUCCESS,1478605636363,1478605636363,1478605636363,1478605636363,1478605636363,1478605636363
GET,GET_SUCCESS,1478605636775,1478605636775,1478605636775,1478605636775,1478605636775,1478605636775
GET,GET_SUCCESS,1478605637167,1478605637167,1478605637167,1478605637167,1478605637167,1478605637167
GET,GET_SUCCESS,1478605637655,1478605637655,1478605637655,1478605637655,1478605637656,1478605637656
GET,GET_SUCCESS,1478605638167,1478605638167,1478605638167,1478605638167,1478605638167,1478605638167
GET,GET_SUCCESS,1478605638571,1478605638571,1478605638571,1478605638571,1478605638578,1478605638578
GET,GET_SUCCESS,1478605638987,1478605638987,1478605638987,1478605638987,1478605638987,1478605638987
GET,GET_SUCCESS,1478605639383,1478605639383,1478605639383,1478605639383,1478605639384,1478605639384
GET,GET_SUCCESS,1478605639783,1478605639783,1478605639783,1478605639783,1478605639783,1478605639783
GET,GET_SUCCESS,1478605640171,1478605640171,1478605640171,1478605640171,1478605640172,1478605640172
GET,GET_SUCCESS,1478605640559,1478605640559,1478605640559,1478605640559,1478605640559,1478605640559
GET,GET_SUCCESS,1478605640983,1478605640983,1478605640983,1478605640983,1478605640983,1478605640983
GET,GET_SUCCESS,1478605641391,1478605641391,1478605641391,1478605641391,1478605641392,1478605641392
GET,GET_SUCCESS,1478605641811,1478605641811,1478605641811,1478605641811,1478605641811,1478605641811
GET,GET_SUCCESS,1478605642211,1478605642211,1478605642211,1478605642211,1478605642211,1478605642211
GET,GET_SUCCESS,1478605642607,1478605642607,1478605642607,1478605642607,1478605642608,1478605642608
GET,GET_SUCCESS,1478605643011,1478605643011,1478605643011,1478605643011,1478605643012,1478605643012
GET,GET_SUCCESS,1478605643407,1478605643407,1478605643407,1478605643407,1478605643407,1478605643407
GET,GET_SUCCESS,1478605643787,1478605643787,1478605643787,1478605643787,1478605643787,1478605643787
GET,GET_SUCCESS,1478605644164,1478605644164,1478605644164,1478605644164,1478605644165,1478605644165
GET,GET_SUCCESS,1478605644543,1478605644543,1478605644543,1478605644543,1478605644543,1478605644543
GET,GET_SUCCESS,1478605644939,1478605644939,1478605644939,1478605644939,1478605644939,1478605644939
GET,GET_SUCCESS,1478605645331,1478605645331,1478605645331,1478605645331,1478605645331,1478605645331
GET,GET_SUCCESS,1478605645711,1478605645711,1478605645711,1478605645711,1478605645712,1478605645712
GET,GET_SUCCESS,1478605646091,1478605646091,1478605646091,1478605646091,1478605646091,1478605646091
GET,GET_SUCCESS,1478605646479,1478605646479,1478605646479,1478605646479,1478605646479,1478605646479
GET,GET_SUCCESS,1478605646895,1478605646895,1478605646895,1478605646895,1478605646896,1478605646896
GET,GET_SUCCESS,1478605647287,1478605647287,1478605647287,1478605647287,1478605647287,1478605647287
GET,GET_SUCCESS,1478605647707,1478605647707,1478605647707,1478605647707,1478605647707,1478605647707
GET,GET_SUCCESS,1478605648095,1478605648095,1478605648095,1478605648095,1478605648095,1478605648096
GET,GET_SUCCESS,1478605648459,1478605648459,1478605648459,1478605648459,1478605648460,1478605648460
GET,GET_SUCCESS,1478605648919,1478605648919,1478605648919,1478605648919,1478605648920,1478605648920
GET,GET_SUCCESS,1478605649323,1478605649323,1478605649323,1478605649323,1478605649324,1478605649324
GET,GET_SUCCESS,1478605649751,1478605649751,1478605649751,1478605649751,1478605649751,1478605649751
GET,GET_SUCCESS,1478605650155,1478605650155,1478605650155,1478605650155,1478605650155,1478605650155
GET,GET_SUCCESS,1478605650567,1478605650567,1478605650567,1478605650567,1478605650568,1478605650568
GET,GET_SUCCESS,1478605650943,1478605650943,1478605650943,1478605650943,1478605650944,1478605650944
GET,GET_SUCCESS,1478605651356,1478605651356,1478605651356,1478605651356,1478605651356,1478605651356
GET,GET_SUCCESS,1478605651775,1478605651775,1478605651775,1478605651775,1478605651775,1478605651775
GET,GET_SUCCESS,1478605652175,1478605652175,1478605652175,1478605652175,1478605652175,1478605652175
GET,GET_SUCCESS,1478605652551,1478605652551,1478605652551,1478605652551,1478605652551,1478605652551
GET,GET_SUCCESS,1478605652935,1478605652935,1478605652935,1478605652935,1478605652936,1478605652936
GET,GET_SUCCESS,1478605653343,1478605653343,1478605653343,1478605653343,1478605653343,1478605653343
GET,GET_SUCCESS,1478605653755,1478605653755,1478605653755,1478605653755,1478605653755,1478605653755
GET,GET_SUCCESS,1478605654167,1478605654167,1478605654167,1478605654167,1478605654167,1478605654167
GET,GET_SUCCESS,1478605654575,1478605654575,1478605654575,1478605654575,1478605654575,1478605654575
GET,GET_SUCCESS,1478605654979,1478605654979,1478605654979,1478605654979,1478605654979,1478605654979
GET,GET_SUCCESS,1478605655371,1478605655371,1478605655371,1478605655371,1478605655372,1478605655372
GET,GET_SUCCESS,1478605655767,1478605655767,1478605655767,1478605655767,1478605655768,1478605655768
GET,GET_SUCCESS,1478605656155,1478605656155,1478605656155,1478605656155,1478605656156,1478605656156
GET,GET_SUCCESS,1478605656551,1478605656551,1478605656551,1478605656551,1478605656551,1478605656552
GET,GET_SUCCESS,1478605656939,1478605656939,1478605656939,1478605656939,1478605656940,1478605656940
GET,GET_SUCCESS,1478605657331,1478605657331,1478605657331,1478605657331,1478605657332,1478605657332
GET,GET_SUCCESS,1478605657727,1478605657727,1478605657727,1478605657727,1478605657728,1478605657728
GET,GET_SUCCESS,1478605658131,1478605658131,1478605658131,1478605658131,1478605658131,1478605658131
GET,GET_SUCCESS,1478605658523,1478605658523,1478605658523,1478605658523,1478605658524,1478605658524
GET,GET_SUCCESS,1478605658907,1478605658907,1478605658907,1478605658907,1478605658908,1478605658908
GET,GET_SUCCESS,1478605659307,1478605659307,1478605659307,1478605659307,1478605659308,1478605659308
GET,GET_SUCCESS,1478605659723,1478605659723,1478605659723,1478605659723,1478605659724,1478605659724
GET,GET_SUCCESS,1478605660123,1478605660123,1478605660123,1478605660123,1478605660124,1478605660124
GET,GET_SUCCESS,1478605660523,1478605660523,1478605660523,1478605660523,1478605660524,1478605660524
GET,GET_SUCCESS,1478605660943,1478605660943,1478605660943,1478605660943,1478605660944,1478605660944
GET,GET_SUCCESS,1478605661339,1478605661339,1478605661339,1478605661339,1478605661347,1478605661347
GET,GET_SUCCESS,1478605661755,1478605661755,1478605661755,1478605661755,1478605661755,1478605661755
GET,GET_SUCCESS,1478605662159,1478605662159,1478605662159,1478605662159,1478605662159,1478605662159
GET,GET_SUCCESS,1478605662571,1478605662571,1478605662571,1478605662571,1478605662572,1478605662572
GET,GET_SUCCESS,1478605662971,1478605662971,1478605662971,1478605662971,1478605662972,1478605662972
GET,GET_SUCCESS,1478605663367,1478605663367,1478605663367,1478605663367,1478605663368,1478605663368
GET,GET_SUCCESS,1478605663783,1478605663783,1478605663783,1478605663783,1478605663783,1478605663783
GET,GET_SUCCESS,1478605664191,1478605664191,1478605664191,1478605664191,1478605664192,1478605664192
GET,GET_SUCCESS,1478605664571,1478605664571,1478605664571,1478605664571,1478605664572,1478605664572
GET,GET_SUCCESS,1478605664963,1478605664963,1478605664963,1478605664963,1478605664964,1478605664964
GET,GET_SUCCESS,1478605665373,1478605665373,1478605665373,1478605665373,1478605665374,1478605665374
GET,GET_SUCCESS,1478605665791,1478605665791,1478605665791,1478605665791,1478605665792,1478605665792
GET,GET_SUCCESS,1478605666191,1478605666191,1478605666191,1478605666191,1478605666192,1478605666192
GET,GET_SUCCESS,1478605666575,1478605666575,1478605666575,1478605666575,1478605666576,1478605666576
GET,GET_SUCCESS,1478605666971,1478605666971,1478605666971,1478605666971,1478605666972,1478605666972
GET,GET_SUCCESS,1478605667359,1478605667359,1478605667359,1478605667359,1478605667359,1478605667359
GET,GET_SUCCESS,1478605667735,1478605667735,1478605667735,1478605667735,1478605667736,1478605667736
GET,GET_SUCCESS,1478605668143,1478605668143,1478605668143,1478605668143,1478605668143,1478605668143
GET,GET_SUCCESS,1478605668555,1478605668555,1478605668555,1478605668555,1478605668555,1478605668555
GET,GET_SUCCESS,1478605668947,1478605668947,1478605668947,1478605668947,1478605668948,1478605668948
GET,GET_SUCCESS,1478605669347,1478605669347,1478605669347,1478605669347,1478605669348,1478605669348
GET,GET_SUCCESS,1478605669732,1478605669732,1478605669732,1478605669732,1478605669733,1478605669733
GET,GET_SUCCESS,1478605670131,1478605670131,1478605670131,1478605670131,1478605670132,1478605670132
GET,GET_SUCCESS,1478605670535,1478605670535,1478605670535,1478605670535,1478605670536,1478605670536
GET,GET_SUCCESS,1478605670947,1478605670947,1478605670947,1478605670947,1478605670948,1478605670948
GET,GET_SUCCESS,1478605671347,1478605671347,1478605671347,1478605671347,1478605671348,1478605671348
GET,GET_SUCCESS,1478605671739,1478605671739,1478605671739,1478605671739,1478605671740,1478605671740
GET,GET_SUCCESS,1478605672147,1478605672147,1478605672147,1478605672147,1478605672148,1478605672148
GET,GET_SUCCESS,1478605672539,1478605672539,1478605672539,1478605672539,1478605672539,1478605672539
GET,GET_SUCCESS,1478605672935,1478605672935,1478605672935,1478605672935,1478605672936,1478605672936
GET,GET_SUCCESS,1478605673327,1478605673327,1478605673327,1478605673327,1478605673327,1478605673327
GET,GET_SUCCESS,1478605673727,1478605673727,1478605673727,1478605673727,1478605673728,1478605673728
GET,GET_SUCCESS,1478605674127,1478605674127,1478605674127,1478605674127,1478605674128,1478605674128
GET,GET_SUCCESS,1478605674599,1478605674599,1478605674599,1478605674599,1478605674600,1478605674600
GET,GET_SUCCESS,1478605674991,1478605674991,1478605674991,1478605674991,1478605674992,1478605674992
GET,GET_SUCCESS,1478605675387,1478605675387,1478605675387,1478605675387,1478605675388,1478605675388
GET,GET_SUCCESS,1478605675775,1478605675775,1478605675775,1478605675775,1478605675776,1478605675776
GET,GET_SUCCESS,1478605676151,1478605676151,1478605676151,1478605676151,1478605676152,1478605676152
GET,GET_SUCCESS,1478605676557,1478605676557,1478605676557,1478605676557,1478605676557,1478605676557
GET,GET_SUCCESS,1478605676955,1478605676955,1478605676955,1478605676955,1478605676956,1478605676956
GET,GET_SUCCESS,1478605677343,1478605677343,1478605677343,1478605677343,1478605677344,1478605677344
GET,GET_SUCCESS,1478605677723,1478605677723,1478605677723,1478605677723,1478605677723,1478605677723
GET,GET_SUCCESS,1478605678111,1478605678111,1478605678111,1478605678111,1478605678112,1478605678112
GET,GET_SUCCESS,1478605678503,1478605678503,1478605678503,1478605678503,1478605678504,1478605678504
GET,GET_SUCCESS,1478605678899,1478605678899,1478605678899,1478605678899,1478605678900,1478605678900
GET,GET_SUCCESS,1478605679283,1478605679283,1478605679283,1478605679283,1478605679284,1478605679284
GET,GET_SUCCESS,1478605679679,1478605679679,1478605679679,1478605679679,1478605679679,1478605679679
GET,GET_SUCCESS,1478605680075,1478605680075,1478605680075,1478605680075,1478605680076,1478605680076
GET,GET_SUCCESS,1478605680459,1478605680459,1478605680459,1478605680459,1478605680460,1478605680460
GET,GET_SUCCESS,1478605680867,1478605680867,1478605680867,1478605680867,1478605680868,1478605680868
GET,GET_SUCCESS,1478605681259,1478605681259,1478605681259,1478605681259,1478605681260,1478605681260
GET,GET_SUCCESS,1478605681643,1478605681643,1478605681643,1478605681643,1478605681644,1478605681644
GET,GET_SUCCESS,1478605682027,1478605682027,1478605682027,1478605682027,1478605682028,1478605682028
GET,GET_SUCCESS,1478605682399,1478605682399,1478605682399,1478605682399,1478605682400,1478605682400
GET,GET_SUCCESS,1478605682795,1478605682795,1478605682795,1478605682795,1478605682796,1478605682796
GET,GET_SUCCESS,1478605683183,1478605683183,1478605683183,1478605683183,1478605683184,1478605683184
GET,GET_SUCCESS,1478605683589,1478605683589,1478605683589,1478605683589,1478605683589,1478605683589
GET,GET_SUCCESS,1478605683991,1478605683991,1478605683991,1478605683991,1478605683992,1478605683992
GET,GET_SUCCESS,1478605684371,1478605684371,1478605684371,1478605684371,1478605684372,1478605684372
GET,GET_SUCCESS,1478605684779,1478605684779,1478605684779,1478605684779,1478605684780,1478605684780
GET,GET_SUCCESS,1478605685167,1478605685167,1478605685167,1478605685167,1478605685168,1478605685168
GET,GET_SUCCESS,1478605685551,1478605685551,1478605685551,1478605685551,1478605685552,1478605685552
GET,GET_SUCCESS,1478605685943,1478605685943,1478605685943,1478605685943,1478605685944,1478605685944
GET,GET_SUCCESS,1478605686347,1478605686347,1478605686347,1478605686347,1478605686348,1478605686348
GET,GET_SUCCESS,1478605686751,1478605686751,1478605686751,1478605686751,1478605686752,1478605686752
GET,GET_SUCCESS,1478605687147,1478605687147,1478605687147,1478605687147,1478605687148,1478605687148
GET,GET_SUCCESS,1478605687544,1478605687544,1478605687544,1478605687544,1478605687544,1478605687544
GET,GET_SUCCESS,1478605687943,1478605687943,1478605687943,1478605687943,1478605687944,1478605687944
GET,GET_SUCCESS,1478605688316,1478605688316,1478605688316,1478605688316,1478605688317,1478605688317
GET,GET_SUCCESS,1478605688695,1478605688695,1478605688695,1478605688695,1478605688696,1478605688696
GET,GET_SUCCESS,1478605689108,1478605689108,1478605689108,1478605689108,1478605689108,1478605689108
GET,GET_SUCCESS,1478605689512,1478605689512,1478605689512,1478605689512,1478605689513,1478605689513
GET,GET_SUCCESS,1478605689879,1478605689879,1478605689879,1478605689879,1478605689881,1478605689881
GET,GET_SUCCESS,1478605690295,1478605690295,1478605690295,1478605690295,1478605690296,1478605690296
GET,GET_SUCCESS,1478605690699,1478605690699,1478605690699,1478605690699,1478605690700,1478605690700
GET,GET_SUCCESS,1478605691099,1478605691099,1478605691099,1478605691099,1478605691100,1478605691100
GET,GET_SUCCESS,1478605691519,1478605691519,1478605691519,1478605691519,1478605691520,1478605691520
GET,GET_SUCCESS,1478605691915,1478605691915,1478605691915,1478605691915,1478605691916,1478605691916
GET,GET_SUCCESS,1478605692323,1478605692323,1478605692323,1478605692323,1478605692324,1478605692324
GET,GET_SUCCESS,1478605692720,1478605692720,1478605692720,1478605692720,1478605692720,1478605692720
GET,GET_SUCCESS,1478605693111,1478605693111,1478605693111,1478605693111,1478605693112,1478605693112
GET,GET_SUCCESS,1478605693495,1478605693495,1478605693495,1478605693495,1478605693496,1478605693496
GET,GET_SUCCESS,1478605693875,1478605693875,1478605693875,1478605693875,1478605693876,1478605693876
GET,GET_SUCCESS,1478605694271,1478605694271,1478605694271,1478605694271,1478605694272,1478605694272
GET,GET_SUCCESS,1478605694675,1478605694675,1478605694675,1478605694675,1478605694676,1478605694676
GET,GET_SUCCESS,1478605695079,1478605695079,1478605695079,1478605695079,1478605695080,1478605695080
GET,GET_SUCCESS,1478605695467,1478605695467,1478605695467,1478605695467,1478605695468,1478605695468
GET,GET_SUCCESS,1478605695863,1478605695863,1478605695863,1478605695863,1478605695864,1478605695864
GET,GET_SUCCESS,1478605696259,1478605696259,1478605696259,1478605696259,1478605696260,1478605696260
GET,GET_SUCCESS,1478605696635,1478605696635,1478605696635,1478605696635,1478605696636,1478605696636
GET,GET_SUCCESS,1478605697027,1478605697027,1478605697027,1478605697027,1478605697028,1478605697028
GET,GET_SUCCESS,1478605697434,1478605697434,1478605697434,1478605697434,1478605697435,1478605697435
GET,GET_SUCCESS,1478605698187,1478605698187,1478605698188,1478605698188,1478605698188,1478605698188
GET,GET_SUCCESS,1478605698811,1478605698811,1478605698811,1478605698811,1478605698812,1478605698812
GET,GET_SUCCESS,1478605699195,1478605699195,1478605699195,1478605699195,1478605699196,1478605699196
GET,GET_SUCCESS,1478605699571,1478605699571,1478605699571,1478605699571,1478605699572,1478605699572
GET,GET_SUCCESS,1478605699959,1478605699959,1478605699959,1478605699959,1478605699960,1478605699960
GET,GET_SUCCESS,1478605700343,1478605700343,1478605700343,1478605700343,1478605700344,1478605700344
GET,GET_SUCCESS,1478605700719,1478605700719,1478605700719,1478605700719,1478605700720,1478605700720
GET,GET_SUCCESS,1478605701123,1478605701123,1478605701123,1478605701123,1478605701124,1478605701124
GET,GET_SUCCESS,1478605701499,1478605701499,1478605701499,1478605701499,1478605701500,1478605701500
GET,GET_SUCCESS,1478605701875,1478605701875,1478605701875,1478605701875,1478605701876,1478605701876
GET,GET_SUCCESS,1478605702287,1478605702287,1478605702287,1478605702287,1478605702288,1478605702288
GET,GET_SUCCESS,1478605702693,1478605702693,1478605702693,1478605702693,1478605702693,1478605702693
GET,GET_SUCCESS,1478605703112,1478605703112,1478605703112,1478605703112,1478605703113,1478605703113
GET,GET_SUCCESS,1478605703511,1478605703511,1478605703511,1478605703511,1478605703512,1478605703512
GET,GET_SUCCESS,1478605703915,1478605703915,1478605703915,1478605703915,1478605703916,1478605703916
GET,GET_SUCCESS,1478605704303,1478605704303,1478605704303,1478605704303,1478605704304,1478605704304
GET,GET_SUCCESS,1478605704691,1478605704691,1478605704691,1478605704691,1478605704692,1478605704692
GET,GET_SUCCESS,1478605705091,1478605705091,1478605705091,1478605705091,1478605705092,1478605705092
GET,GET_SUCCESS,1478605705503,1478605705503,1478605705503,1478605705503,1478605705504,1478605705504
GET,GET_SUCCESS,1478605705903,1478605705903,1478605705903,1478605705903,1478605705904,1478605705904
GET,GET_SUCCESS,1478605706307,1478605706307,1478605706307,1478605706307,1478605706308,1478605706308
GET,GET_SUCCESS,1478605706719,1478605706719,1478605706719,1478605706719,1478605706720,1478605706720
GET,GET_SUCCESS,1478605707135,1478605707135,1478605707135,1478605707135,1478605707136,1478605707136
GET,GET_SUCCESS,1478605707519,1478605707519,1478605707519,1478605707519,1478605707520,1478605707520
GET,GET_SUCCESS,1478605707895,1478605707895,1478605707895,1478605707895,1478605707896,1478605707896
GET,GET_SUCCESS,1478605708311,1478605708311,1478605708311,1478605708311,1478605708312,1478605708312
GET,GET_SUCCESS,1478605708695,1478605708695,1478605708695,1478605708695,1478605708696,1478605708696
GET,GET_SUCCESS,1478605709071,1478605709071,1478605709071,1478605709071,1478605709072,1478605709072
GET,GET_SUCCESS,1478605709484,1478605709484,1478605709484,1478605709484,1478605709484,1478605709484
GET,GET_SUCCESS,1478605709903,1478605709903,1478605709903,1478605709903,1478605709904,1478605709904
GET,GET_SUCCESS,1478605710299,1478605710299,1478605710299,1478605710299,1478605710300,1478605710300
GET,GET_SUCCESS,1478605710687,1478605710687,1478605710687,1478605710687,1478605710688,1478605710688
GET,GET_SUCCESS,1478605711075,1478605711075,1478605711075,1478605711075,1478605711076,1478605711076
GET,GET_SUCCESS,1478605711495,1478605711495,1478605711495,1478605711495,1478605711496,1478605711496
GET,GET_SUCCESS,1478605711887,1478605711887,1478605711887,1478605711887,1478605711888,1478605711888
GET,GET_SUCCESS,1478605712291,1478605712291,1478605712291,1478605712291,1478605712292,1478605712292
GET,GET_SUCCESS,1478605712675,1478605712675,1478605712675,1478605712675,1478605712676,1478605712676
GET,GET_SUCCESS,1478605713067,1478605713067,1478605713067,1478605713067,1478605713068,1478605713068
GET,GET_SUCCESS,1478605713488,1478605713488,1478605713488,1478605713488,1478605713490,1478605713490
GET,GET_SUCCESS,1478605713899,1478605713899,1478605713899,1478605713899,1478605713900,1478605713900
GET,GET_SUCCESS,1478605714287,1478605714287,1478605714287,1478605714287,1478605714288,1478605714288
GET,GET_SUCCESS,1478605714691,1478605714691,1478605714691,1478605714691,1478605714692,1478605714692
GET,GET_SUCCESS,1478605715115,1478605715115,1478605715115,1478605715115,1478605715116,1478605715116
GET,GET_SUCCESS,1478605715543,1478605715543,1478605715543,1478605715543,1478605715544,1478605715544
GET,GET_SUCCESS,1478605715943,1478605715943,1478605715943,1478605715943,1478605715944,1478605715944
GET,GET_SUCCESS,1478605716343,1478605716343,1478605716343,1478605716343,1478605716344,1478605716344
GET,GET_SUCCESS,1478605716747,1478605716747,1478605716747,1478605716747,1478605716748,1478605716748
GET,GET_SUCCESS,1478605717135,1478605717135,1478605717135,1478605717135,1478605717136,1478605717136
GET,GET_SUCCESS,1478605717547,1478605717547,1478605717547,1478605717547,1478605717548,1478605717548
GET,GET_SUCCESS,1478605717943,1478605717943,1478605717943,1478605717943,1478605717944,1478605717944
GET,GET_SUCCESS,1478605718347,1478605718347,1478605718347,1478605718348,1478605718348,1478605718348
GET,GET_SUCCESS,1478605718740,1478605718740,1478605718740,1478605718740,1478605718740,1478605718740
GET,GET_SUCCESS,1478605719127,1478605719127,1478605719127,1478605719127,1478605719128,1478605719128
GET,GET_SUCCESS,1478605719523,1478605719523,1478605719523,1478605719523,1478605719524,1478605719524
GET,GET_SUCCESS,1478605719927,1478605719927,1478605719927,1478605719927,1478605719928,1478605719928
GET,GET_SUCCESS,1478605720327,1478605720327,1478605720327,1478605720328,1478605720329,1478605720329
GET,GET_SUCCESS,1478605720761,1478605720761,1478605720761,1478605720761,1478605720761,1478605720761
GET,GET_SUCCESS,1478605721231,1478605721231,1478605721232,1478605721232,1478605721232,1478605721232
GET,GET_SUCCESS,1478605721655,1478605721655,1478605721655,1478605721655,1478605721656,1478605721656
GET,GET_SUCCESS,1478605722071,1478605722071,1478605722071,1478605722071,1478605722072,1478605722072
GET,GET_SUCCESS,1478605722479,1478605722479,1478605722479,1478605722479,1478605722480,1478605722480
GET,GET_SUCCESS,1478605722871,1478605722871,1478605722871,1478605722872,1478605722872,1478605722872
GET,GET_SUCCESS,1478605723271,1478605723271,1478605723271,1478605723271,1478605723272,1478605723272
GET,GET_SUCCESS,1478605723675,1478605723675,1478605723675,1478605723675,1478605723676,1478605723676
GET,GET_SUCCESS,1478605724068,1478605724068,1478605724068,1478605724068,1478605724068,1478605724068
GET,GET_SUCCESS,1478605724459,1478605724459,1478605724459,1478605724459,1478605724460,1478605724460
GET,GET_SUCCESS,1478605724855,1478605724855,1478605724855,1478605724855,1478605724856,1478605724856
GET,GET_SUCCESS,1478605725268,1478605725268,1478605725268,1478605725268,1478605725268,1478605725268
GET,GET_SUCCESS,1478605725691,1478605725691,1478605725691,1478605725691,1478605725692,1478605725692
