servers : 10.0.0.6:11212
threads count: 192
concurrency: 192
run time: 600s
windows size: 1k
set proportion: set_prop=0.00
get proportion: get_prop=1.00
[1;1H[2J
Get Statistics
Type     Time(s)  Ops          TPS(ops/s)   Net(M/s)   Get_miss   Min(us)  Max(us)    Avg(us)    Std_dev    Geo_dist  
Period   10       56145        5614         0.8        0          1034     501864     34271      41486.82   23138.15
Global   10       56145        5614         0.8        0          1034     501864     34271      41486.82   23138.15

Total Statistics
Type     Time(s)  Ops          TPS(ops/s)   Net(M/s)   Get_miss   Min(us)  Max(us)    Avg(us)    Std_dev    Geo_dist  
Period   10       56145        5614         0.8        0          1034     501864     34271      41486.82   23138.15
Global   10       56145        5614         0.8        0          1034     501864     34271      41486.82   23138.15

[1;1H[2J
Get Statistics
Type     Time(s)  Ops          TPS(ops/s)   Net(M/s)   Get_miss   Min(us)  Max(us)    Avg(us)    Std_dev    Geo_dist  
Period   10       58826        5882         0.8        0          818      318320     32213      32787.00   22534.06
Global   20       114971       5748         0.8        0          818      501864     33218      37303.95   22827.07

Total Statistics
Type     Time(s)  Ops          TPS(ops/s)   Net(M/s)   Get_miss   Min(us)  Max(us)    Avg(us)    Std_dev    Geo_dist  
Period   10       58826        5882         0.8        0          818      318320     32213      32787.00   22534.06
Global   20       114971       5748         0.8        0          818      501864     33218      37303.95   22827.07

[1;1H[2J
Get Statistics
Type     Time(s)  Ops          TPS(ops/s)   Net(M/s)   Get_miss   Min(us)  Max(us)    Avg(us)    Std_dev    Geo_dist  
Period   10       59965        5996         0.8        0          999      347481     32674      35093.47   21841.06
Global   30       174936       5831         0.8        0          818      501864     33032      36561.68   22484.17

Total Statistics
Type     Time(s)  Ops          TPS(ops/s)   Net(M/s)   Get_miss   Min(us)  Max(us)    Avg(us)    Std_dev    Geo_dist  
Period   10       59965        5996         0.8        0          999      347481     32674      35093.47   21841.06
Global   30       174936       5831         0.8        0          818      501864     33032      36561.68   22484.17

[1;1H[2J
Get Statistics
Type     Time(s)  Ops          TPS(ops/s)   Net(M/s)   Get_miss   Min(us)  Max(us)    Avg(us)    Std_dev    Geo_dist  
Period   10       61369        6136         0.8        0          816      288844     31428      31864.63   21366.77
Global   40       236305       5907         0.8        0          816      501864     32615      35409.12   22188.48

Total Statistics
Type     Time(s)  Ops          TPS(ops/s)   Net(M/s)   Get_miss   Min(us)  Max(us)    Avg(us)    Std_dev    Geo_dist  
Period   10       61369        6136         0.8        0          816      288844     31428      31864.63   21366.77
Global   40       236305       5907         0.8        0          816      501864     32615      35409.12   22188.48

[1;1H[2J
Get Statistics
Type     Time(s)  Ops          TPS(ops/s)   Net(M/s)   Get_miss   Min(us)  Max(us)    Avg(us)    Std_dev    Geo_dist  
Period   10       55092        5509         0.8        0          727      574013     34950      40826.78   24305.33
Global   50       291397       5827         0.8        0          727      574013     33056      36506.89   22574.05

Total Statistics
Type     Time(s)  Ops          TPS(ops/s)   Net(M/s)   Get_miss   Min(us)  Max(us)    Avg(us)    Std_dev    Geo_dist  
Period   10       55092        5509         0.8        0          727      574013     34950      40826.78   24305.33
Global   50       291397       5827         0.8        0          727      574013     33056      36506.89   22574.05

[1;1H[2J
Get Statistics
Type     Time(s)  Ops          TPS(ops/s)   Net(M/s)   Get_miss   Min(us)  Max(us)    Avg(us)    Std_dev    Geo_dist  
Period   10       54945        5494         0.8        0          915      584758     34879      45487.62   22384.11
Global   60       346342       5772         0.8        0          727      584758     33346      38078.32   22543.81

Total Statistics
Type     Time(s)  Ops          TPS(ops/s)   Net(M/s)   Get_miss   Min(us)  Max(us)    Avg(us)    Std_dev    Geo_dist  
Period   10       54945        5494         0.8        0          915      584758     34879      45487.62   22384.11
Global   60       346342       5772         0.8        0          727      584758     33346      38078.32   22543.81

[1;1H[2J
Get Statistics
Type     Time(s)  Ops          TPS(ops/s)   Net(M/s)   Get_miss   Min(us)  Max(us)    Avg(us)    Std_dev    Geo_dist  
Period   10       62122        6212         0.8        0          1030     294258     31177      29243.56   21695.11
Global   70       408464       5835         0.9        0          727      584758     33016      36879.72   22412.62

Total Statistics
Type     Time(s)  Ops          TPS(ops/s)   Net(M/s)   Get_miss   Min(us)  Max(us)    Avg(us)    Std_dev    Geo_dist  
Period   10       62122        6212         0.8        0          1030     294258     31177      29243.56   21695.11
Global   70       408464       5835         0.9        0          727      584758     33016      36879.72   22412.62

[1;1H[2J
Get Statistics
Type     Time(s)  Ops          TPS(ops/s)   Net(M/s)   Get_miss   Min(us)  Max(us)    Avg(us)    Std_dev    Geo_dist  
Period   10       57784        5778         0.8        0          1010     308650     33448      33137.37   22667.55
Global   80       466248       5828         0.8        0          727      584758     33069      36437.53   22444.06

Total Statistics
Type     Time(s)  Ops          TPS(ops/s)   Net(M/s)   Get_miss   Min(us)  Max(us)    Avg(us)    Std_dev    Geo_dist  
Period   10       57784        5778         0.8        0          1010     308650     33448      33137.37   22667.55
Global   80       466248       5828         0.8        0          727      584758     33069      36437.53   22444.06

[1;1H[2J
Get Statistics
Type     Time(s)  Ops          TPS(ops/s)   Net(M/s)   Get_miss   Min(us)  Max(us)    Avg(us)    Std_dev    Geo_dist  
Period   10       57131        5713         0.8        0          912      415195     33710      38598.68   22526.79
Global   90       523379       5815         0.8        0          727      584758     33139      36680.10   22453.07

Total Statistics
Type     Time(s)  Ops          TPS(ops/s)   Net(M/s)   Get_miss   Min(us)  Max(us)    Avg(us)    Std_dev    Geo_dist  
Period   10       57131        5713         0.8        0          912      415195     33710      38598.68   22526.79
Global   90       523379       5815         0.8        0          727      584758     33139      36680.10   22453.07

[1;1H[2J
Get Statistics
Type     Time(s)  Ops          TPS(ops/s)   Net(M/s)   Get_miss   Min(us)  Max(us)    Avg(us)    Std_dev    Geo_dist  
Period   10       62714        6271         0.8        0          877      277828     30738      29562.30   21312.73
Global   100      586093       5860         0.9        0          727      584758     32882      35993.51   22328.19

Total Statistics
Type     Time(s)  Ops          TPS(ops/s)   Net(M/s)   Get_miss   Min(us)  Max(us)    Avg(us)    Std_dev    Geo_dist  
Period   10       62714        6271         0.8        0          877      277828     30738      29562.30   21312.73
Global   100      586093       5860         0.9        0          727      584758     32882      35993.51   22328.19

[1;1H[2J
Get Statistics
Type     Time(s)  Ops          TPS(ops/s)   Net(M/s)   Get_miss   Min(us)  Max(us)    Avg(us)    Std_dev    Geo_dist  
Period   10       56961        5696         0.8        0          878      340272     33854      36536.50   22598.62
Global   110      643054       5845         0.8        0          727      584758     32968      36043.06   22352.02

Total Statistics
Type     Time(s)  Ops          TPS(ops/s)   Net(M/s)   Get_miss   Min(us)  Max(us)    Avg(us)    Std_dev    Geo_dist  
Period   10       56963        5696         0.8        0          878      340272     33853      36536.29   22598.03
Global   110      643056       5845         0.8        0          727      584758     32968      36042.96   22351.97

[1;1H[2J
Get Statistics
Type     Time(s)  Ops          TPS(ops/s)   Net(M/s)   Get_miss   Min(us)  Max(us)    Avg(us)    Std_dev    Geo_dist  
Period   10       57371        5737         0.8        0          1186     559020     33592      41487.15   23186.03
Global   120      700425       5836         0.8        0          727      584758     33019      36519.98   22419.78

Total Statistics
Type     Time(s)  Ops          TPS(ops/s)   Net(M/s)   Get_miss   Min(us)  Max(us)    Avg(us)    Std_dev    Geo_dist  
Period   10       57369        5736         0.8        0          1186     559020     33593      41487.52   23190.47
Global   120      700425       5836         0.8        0          727      584758     33019      36519.98   22419.78

[1;1H[2J
Get Statistics
Type     Time(s)  Ops          TPS(ops/s)   Net(M/s)   Get_miss   Min(us)  Max(us)    Avg(us)    Std_dev    Geo_dist  
Period   10       58885        5888         0.8        0          865      266831     32740      32422.36   22869.23
Global   130      759310       5840         0.8        0          727      584758     32998      36218.27   22454.32

Total Statistics
Type     Time(s)  Ops          TPS(ops/s)   Net(M/s)   Get_miss   Min(us)  Max(us)    Avg(us)    Std_dev    Geo_dist  
Period   10       58885        5888         0.8        0          865      266831     32740      32422.36   22869.23
Global   130      759310       5840         0.8        0          727      584758     32998      36218.27   22454.32

[1;1H[2J
Get Statistics
Type     Time(s)  Ops          TPS(ops/s)   Net(M/s)   Get_miss   Min(us)  Max(us)    Avg(us)    Std_dev    Geo_dist  
Period   10       65847        6584         0.8        0          656      262103     29252      22784.10   21663.83
Global   140      825157       5893         0.9        0          656      584758     32699      35348.90   22390.19

Total Statistics
Type     Time(s)  Ops          TPS(ops/s)   Net(M/s)   Get_miss   Min(us)  Max(us)    Avg(us)    Std_dev    Geo_dist  
Period   10       65847        6584         0.8        0          656      262103     29252      22784.10   21663.83
Global   140      825157       5893         0.9        0          656      584758     32699      35348.90   22390.19

[1;1H[2J
Get Statistics
Type     Time(s)  Ops          TPS(ops/s)   Net(M/s)   Get_miss   Min(us)  Max(us)    Avg(us)    Std_dev    Geo_dist  
Period   10       60702        6070         0.8        0          1019     387342     31388      33060.18   21201.46
Global   150      885859       5905         0.8        0          656      584758     32609      35198.51   22306.65

Total Statistics
Type     Time(s)  Ops          TPS(ops/s)   Net(M/s)   Get_miss   Min(us)  Max(us)    Avg(us)    Std_dev    Geo_dist  
Period   10       60702        6070         0.8        0          1019     387342     31388      33060.18   21201.46
Global   150      885859       5905         0.8        0          656      584758     32609      35198.51   22306.65

[1;1H[2J
Get Statistics
Type     Time(s)  Ops          TPS(ops/s)   Net(M/s)   Get_miss   Min(us)  Max(us)    Avg(us)    Std_dev    Geo_dist  
Period   10       61600        6160         0.8        0          884      397338     31672      34536.46   21708.72
Global   160      947459       5921         0.8        0          656      584758     32548      35156.66   22267.28

Total Statistics
Type     Time(s)  Ops          TPS(ops/s)   Net(M/s)   Get_miss   Min(us)  Max(us)    Avg(us)    Std_dev    Geo_dist  
Period   10       61600        6160         0.8        0          884      397338     31672      34536.46   21708.72
Global   160      947459       5921         0.8        0          656      584758     32548      35156.66   22267.28

[1;1H[2J
Get Statistics
Type     Time(s)  Ops          TPS(ops/s)   Net(M/s)   Get_miss   Min(us)  Max(us)    Avg(us)    Std_dev    Geo_dist  
Period   10       58406        5840         0.8        0          942      736169     32993      46042.41   22584.30
Global   170      1005865      5916         0.8        0          656      736169     32574      35879.16   22285.57

Total Statistics
Type     Time(s)  Ops          TPS(ops/s)   Net(M/s)   Get_miss   Min(us)  Max(us)    Avg(us)    Std_dev    Geo_dist  
Period   10       58406        5840         0.8        0          942      736169     32993      46042.41   22584.30
Global   170      1005865      5916         0.8        0          656      736169     32574      35879.16   22285.57

[1;1H[2J
Get Statistics
Type     Time(s)  Ops          TPS(ops/s)   Net(M/s)   Get_miss   Min(us)  Max(us)    Avg(us)    Std_dev    Geo_dist  
Period   10       63080        6308         0.8        0          935      263248     30524      29588.60   21032.62
Global   180      1068945      5938         0.9        0          656      736169     32453      35542.17   22209.60

Total Statistics
Type     Time(s)  Ops          TPS(ops/s)   Net(M/s)   Get_miss   Min(us)  Max(us)    Avg(us)    Std_dev    Geo_dist  
Period   10       63080        6308         0.8        0          935      263248     30524      29588.60   21032.62
Global   180      1068945      5938         0.9        0          656      736169     32453      35542.17   22209.60

[1;1H[2J
Get Statistics
Type     Time(s)  Ops          TPS(ops/s)   Net(M/s)   Get_miss   Min(us)  Max(us)    Avg(us)    Std_dev    Geo_dist  
Period   10       60331        6033         0.8        0          1010     280054     31980      29282.72   23033.51
Global   190      1129276      5943         0.8        0          656      736169     32428      35235.79   22252.86

Total Statistics
Type     Time(s)  Ops          TPS(ops/s)   Net(M/s)   Get_miss   Min(us)  Max(us)    Avg(us)    Std_dev    Geo_dist  
Period   10       60331        6033         0.8        0          1010     280054     31980      29282.72   23033.51
Global   190      1129276      5943         0.8        0          656      736169     32428      35235.79   22252.86

[1;1H[2J
Get Statistics
Type     Time(s)  Ops          TPS(ops/s)   Net(M/s)   Get_miss   Min(us)  Max(us)    Avg(us)    Std_dev    Geo_dist  
Period   10       56422        5642         0.8        0          700      417387     34184      35394.43   23669.22
Global   200      1185698      5928         0.8        0          656      736169     32511      35245.84   22318.30

Total Statistics
Type     Time(s)  Ops          TPS(ops/s)   Net(M/s)   Get_miss   Min(us)  Max(us)    Avg(us)    Std_dev    Geo_dist  
Period   10       56422        5642         0.8        0          700      417387     34184      35394.43   23669.22
Global   200      1185698      5928         0.8        0          656      736169     32511      35245.84   22318.30

[1;1H[2J
Get Statistics
Type     Time(s)  Ops          TPS(ops/s)   Net(M/s)   Get_miss   Min(us)  Max(us)    Avg(us)    Std_dev    Geo_dist  
Period   10       62910        6291         0.8        0          801      336161     30637      28262.94   22371.82
Global   210      1248608      5945         0.9        0          656      736169     32417      34929.43   22320.99

Total Statistics
Type     Time(s)  Ops          TPS(ops/s)   Net(M/s)   Get_miss   Min(us)  Max(us)    Avg(us)    Std_dev    Geo_dist  
Period   10       62910        6291         0.8        0          801      336161     30637      28262.94   22371.82
Global   210      1248608      5945         0.9        0          656      736169     32417      34929.43   22320.99

[1;1H[2J
Get Statistics
Type     Time(s)  Ops          TPS(ops/s)   Net(M/s)   Get_miss   Min(us)  Max(us)    Avg(us)    Std_dev    Geo_dist  
Period   10       58016        5801         0.8        0          1027     367387     32718      30294.21   23611.02
Global   220      1306624      5939         0.8        0          656      736169     32430      34737.13   22376.74

Total Statistics
Type     Time(s)  Ops          TPS(ops/s)   Net(M/s)   Get_miss   Min(us)  Max(us)    Avg(us)    Std_dev    Geo_dist  
Period   10       58016        5801         0.8        0          1027     367387     32718      30294.21   23611.02
Global   220      1306624      5939         0.8        0          656      736169     32430      34737.13   22376.74

[1;1H[2J
Get Statistics
Type     Time(s)  Ops          TPS(ops/s)   Net(M/s)   Get_miss   Min(us)  Max(us)    Avg(us)    Std_dev    Geo_dist  
Period   10       54471        5447         0.8        0          1128     1679864    35947      70727.48   23211.59
Global   230      1361095      5917         0.7        0          656      1679864    32571      36864.99   22409.57

Total Statistics
Type     Time(s)  Ops          TPS(ops/s)   Net(M/s)   Get_miss   Min(us)  Max(us)    Avg(us)    Std_dev    Geo_dist  
Period   10       54471        5447         0.8        0          1128     1679864    35947      70727.48   23211.59
Global   230      1361095      5917         0.7        0          656      1679864    32571      36864.99   22409.57

[1;1H[2J
Get Statistics
Type     Time(s)  Ops          TPS(ops/s)   Net(M/s)   Get_miss   Min(us)  Max(us)    Avg(us)    Std_dev    Geo_dist  
Period   10       61930        6193         0.8        0          1042     314003     31246      33519.20   21285.38
Global   240      1423025      5929         0.9        0          656      1679864    32513      36727.01   22359.43

Total Statistics
Type     Time(s)  Ops          TPS(ops/s)   Net(M/s)   Get_miss   Min(us)  Max(us)    Avg(us)    Std_dev    Geo_dist  
Period   10       61930        6193         0.8        0          1042     314003     31246      33519.20   21285.38
Global   240      1423025      5929         0.9        0          656      1679864    32513      36727.01   22359.43

[1;1H[2J
Get Statistics
Type     Time(s)  Ops          TPS(ops/s)   Net(M/s)   Get_miss   Min(us)  Max(us)    Avg(us)    Std_dev    Geo_dist  
Period   10       53463        5346         0.8        0          1061     400750     36187      44141.26   23229.30
Global   250      1476488      5905         0.7        0          656      1679864    32646      37027.77   22390.35

Total Statistics
Type     Time(s)  Ops          TPS(ops/s)   Net(M/s)   Get_miss   Min(us)  Max(us)    Avg(us)    Std_dev    Geo_dist  
Period   10       53463        5346         0.8        0          1061     400750     36187      44141.26   23229.30
Global   250      1476488      5905         0.7        0          656      1679864    32646      37027.77   22390.35

[1;1H[2J
Get Statistics
Type     Time(s)  Ops          TPS(ops/s)   Net(M/s)   Get_miss   Min(us)  Max(us)    Avg(us)    Std_dev    Geo_dist  
Period   10       62066        6206         0.8        0          820      320386     31165      30523.15   21521.80
Global   260      1538554      5917         0.9        0          656      1679864    32587      36788.12   22354.65

Total Statistics
Type     Time(s)  Ops          TPS(ops/s)   Net(M/s)   Get_miss   Min(us)  Max(us)    Avg(us)    Std_dev    Geo_dist  
Period   10       62067        6206         0.8        0          820      320386     31166      30522.62   21522.17
Global   260      1538555      5917         0.9        0          656      1679864    32587      36788.14   22354.66

[1;1H[2J
Get Statistics
Type     Time(s)  Ops          TPS(ops/s)   Net(M/s)   Get_miss   Min(us)  Max(us)    Avg(us)    Std_dev    Geo_dist  
Period   10       63093        6309         0.8        0          893      289253     30676      31243.89   21055.27
Global   270      1601647      5932         0.9        0          656      1679864    32511      36588.18   22302.13

Total Statistics
Type     Time(s)  Ops          TPS(ops/s)   Net(M/s)   Get_miss   Min(us)  Max(us)    Avg(us)    Std_dev    Geo_dist  
Period   10       63092        6309         0.8        0          893      289253     30676      31244.38   21058.59
Global   270      1601647      5932         0.9        0          656      1679864    32511      36588.18   22302.13

[1;1H[2J
Get Statistics
Type     Time(s)  Ops          TPS(ops/s)   Net(M/s)   Get_miss   Min(us)  Max(us)    Avg(us)    Std_dev    Geo_dist  
Period   10       61279        6127         0.8        0          1059     445042     31563      31321.39   22276.94
Global   280      1662926      5939         0.8        0          656      1679864    32476      36408.11   22301.20

Total Statistics
Type     Time(s)  Ops          TPS(ops/s)   Net(M/s)   Get_miss   Min(us)  Max(us)    Avg(us)    Std_dev    Geo_dist  
Period   10       61279        6127         0.8        0          1059     445042     31563      31321.39   22276.94
Global   280      1662926      5939         0.8        0          656      1679864    32476      36408.11   22301.20

[1;1H[2J
Get Statistics
Type     Time(s)  Ops          TPS(ops/s)   Net(M/s)   Get_miss   Min(us)  Max(us)    Avg(us)    Std_dev    Geo_dist  
Period   10       58498        5849         0.8        0          1119     341678     32937      37260.82   22398.94
Global   290      1721424      5935         0.8        0          656      1679864    32492      36437.20   22304.51

Total Statistics
Type     Time(s)  Ops          TPS(ops/s)   Net(M/s)   Get_miss   Min(us)  Max(us)    Avg(us)    Std_dev    Geo_dist  
Period   10       58498        5849         0.8        0          1119     341678     32937      37260.82   22398.94
Global   290      1721424      5935         0.8        0          656      1679864    32492      36437.20   22304.51

[1;1H[2J
Get Statistics
Type     Time(s)  Ops          TPS(ops/s)   Net(M/s)   Get_miss   Min(us)  Max(us)    Avg(us)    Std_dev    Geo_dist  
Period   10       55691        5569         0.8        0          791      753320     33961      46677.58   22563.50
Global   300      1777115      5923         0.8        0          656      1679864    32538      36802.29   22312.59

Total Statistics
Type     Time(s)  Ops          TPS(ops/s)   Net(M/s)   Get_miss   Min(us)  Max(us)    Avg(us)    Std_dev    Geo_dist  
Period   10       55691        5569         0.8        0          791      753320     33961      46677.58   22563.50
Global   300      1777115      5923         0.8        0          656      1679864    32538      36802.29   22312.59

[1;1H[2J
Get Statistics
Type     Time(s)  Ops          TPS(ops/s)   Net(M/s)   Get_miss   Min(us)  Max(us)    Avg(us)    Std_dev    Geo_dist  
Period   10       58472        5847         0.8        0          887      1019557    33587      47400.36   21444.86
Global   310      1835587      5921         0.8        0          656      1679864    32571      37187.29   22284.41

Total Statistics
Type     Time(s)  Ops          TPS(ops/s)   Net(M/s)   Get_miss   Min(us)  Max(us)    Avg(us)    Std_dev    Geo_dist  
Period   10       58472        5847         0.8        0          887      1019557    33587      47400.36   21444.86
Global   310      1835587      5921         0.8        0          656      1679864    32571      37187.29   22284.41

[1;1H[2J
Get Statistics
Type     Time(s)  Ops          TPS(ops/s)   Net(M/s)   Get_miss   Min(us)  Max(us)    Avg(us)    Std_dev    Geo_dist  
Period   10       58417        5841         0.8        0          842      276065     33008      35298.56   22312.56
Global   320      1894004      5918         0.8        0          656      1679864    32585      37130.09   22285.28

Total Statistics
Type     Time(s)  Ops          TPS(ops/s)   Net(M/s)   Get_miss   Min(us)  Max(us)    Avg(us)    Std_dev    Geo_dist  
Period   10       58417        5841         0.8        0          842      276065     33008      35298.56   22312.56
Global   320      1894004      5918         0.8        0          656      1679864    32585      37130.09   22285.28

[1;1H[2J
Get Statistics
Type     Time(s)  Ops          TPS(ops/s)   Net(M/s)   Get_miss   Min(us)  Max(us)    Avg(us)    Std_dev    Geo_dist  
Period   10       60578        6057         0.8        0          845      252100     31800      30145.77   22497.95
Global   330      1954582      5922         0.8        0          656      1679864    32561      36933.41   22291.84

Total Statistics
Type     Time(s)  Ops          TPS(ops/s)   Net(M/s)   Get_miss   Min(us)  Max(us)    Avg(us)    Std_dev    Geo_dist  
Period   10       60578        6057         0.8        0          845      252100     31800      30145.77   22497.95
Global   330      1954582      5922         0.8        0          656      1679864    32561      36933.41   22291.84

[1;1H[2J
Get Statistics
Type     Time(s)  Ops          TPS(ops/s)   Net(M/s)   Get_miss   Min(us)  Max(us)    Avg(us)    Std_dev    Geo_dist  
Period   10       64715        6471         0.8        0          1015     341666     29777      28820.89   21111.81
Global   340      2019297      5939         0.9        0          656      1679864    32471      36705.20   22253.02

Total Statistics
Type     Time(s)  Ops          TPS(ops/s)   Net(M/s)   Get_miss   Min(us)  Max(us)    Avg(us)    Std_dev    Geo_dist  
Period   10       64715        6471         0.8        0          1015     341666     29777      28820.89   21111.81
Global   340      2019297      5939         0.9        0          656      1679864    32471      36705.20   22253.02

[1;1H[2J
Get Statistics
Type     Time(s)  Ops          TPS(ops/s)   Net(M/s)   Get_miss   Min(us)  Max(us)    Avg(us)    Std_dev    Geo_dist  
Period   10       55423        5542         0.8        0          1039     856409     34809      59231.86   22537.38
Global   350      2074720      5927         0.8        0          656      1679864    32534      37484.78   22260.57

Total Statistics
Type     Time(s)  Ops          TPS(ops/s)   Net(M/s)   Get_miss   Min(us)  Max(us)    Avg(us)    Std_dev    Geo_dist  
Period   10       55423        5542         0.8        0          1039     856409     34809      59231.86   22537.38
Global   350      2074720      5927         0.8        0          656      1679864    32534      37484.78   22260.57

[1;1H[2J
Get Statistics
Type     Time(s)  Ops          TPS(ops/s)   Net(M/s)   Get_miss   Min(us)  Max(us)    Avg(us)    Std_dev    Geo_dist  
Period   10       60145        6014         0.8        0          1036     210960     31990      30005.39   22926.16
Global   360      2134865      5930         0.8        0          656      1679864    32518      37295.29   22279.05

Total Statistics
Type     Time(s)  Ops          TPS(ops/s)   Net(M/s)   Get_miss   Min(us)  Max(us)    Avg(us)    Std_dev    Geo_dist  
Period   10       60145        6014         0.8        0          1036     210960     31990      30005.39   22926.16
Global   360      2134865      5930         0.8        0          656      1679864    32518      37295.29   22279.05

[1;1H[2J
Get Statistics
Type     Time(s)  Ops          TPS(ops/s)   Net(M/s)   Get_miss   Min(us)  Max(us)    Avg(us)    Std_dev    Geo_dist  
Period   10       57224        5722         0.8        0          824      479499     33625      40505.75   22139.09
Global   370      2192089      5924         0.8        0          656      1679864    32547      37382.93   22275.39

Total Statistics
Type     Time(s)  Ops          TPS(ops/s)   Net(M/s)   Get_miss   Min(us)  Max(us)    Avg(us)    Std_dev    Geo_dist  
Period   10       57224        5722         0.8        0          824      479499     33625      40505.75   22139.09
Global   370      2192089      5924         0.8        0          656      1679864    32547      37382.93   22275.39

[1;1H[2J
Get Statistics
Type     Time(s)  Ops          TPS(ops/s)   Net(M/s)   Get_miss   Min(us)  Max(us)    Avg(us)    Std_dev    Geo_dist  
Period   10       57849        5784         0.8        0          765      563280     33208      41390.70   22457.16
Global   380      2249938      5920         0.8        0          656      1679864    32564      37491.47   22280.04

Total Statistics
Type     Time(s)  Ops          TPS(ops/s)   Net(M/s)   Get_miss   Min(us)  Max(us)    Avg(us)    Std_dev    Geo_dist  
Period   10       57849        5784         0.8        0          765      563280     33208      41390.70   22457.16
Global   380      2249938      5920         0.8        0          656      1679864    32564      37491.47   22280.04

[1;1H[2J
Get Statistics
Type     Time(s)  Ops          TPS(ops/s)   Net(M/s)   Get_miss   Min(us)  Max(us)    Avg(us)    Std_dev    Geo_dist  
Period   10       62848        6284         0.8        0          983      453535     30855      36825.87   21559.74
Global   390      2312786      5930         0.9        0          656      1679864    32518      37474.18   22260.15

Total Statistics
Type     Time(s)  Ops          TPS(ops/s)   Net(M/s)   Get_miss   Min(us)  Max(us)    Avg(us)    Std_dev    Geo_dist  
Period   10       62848        6284         0.8        0          983      453535     30855      36825.87   21559.74
Global   390      2312786      5930         0.9        0          656      1679864    32518      37474.18   22260.15

[1;1H[2J
Get Statistics
Type     Time(s)  Ops          TPS(ops/s)   Net(M/s)   Get_miss   Min(us)  Max(us)    Avg(us)    Std_dev    Geo_dist  
Period   10       63368        6336         0.8        0          817      207522     30444      27146.38   21601.47
Global   400      2376154      5940         0.9        0          656      1679864    32463      37237.17   22242.33

Total Statistics
Type     Time(s)  Ops          TPS(ops/s)   Net(M/s)   Get_miss   Min(us)  Max(us)    Avg(us)    Std_dev    Geo_dist  
Period   10       63368        6336         0.8        0          817      207522     30444      27146.38   21601.47
Global   400      2376154      5940         0.9        0          656      1679864    32463      37237.17   22242.33

[1;1H[2J
Get Statistics
Type     Time(s)  Ops          TPS(ops/s)   Net(M/s)   Get_miss   Min(us)  Max(us)    Avg(us)    Std_dev    Geo_dist  
Period   10       60390        6039         0.8        0          852      495384     31705      38039.64   21034.38
Global   410      2436544      5942         0.8        0          656      1679864    32444      37257.64   22211.57

Total Statistics
Type     Time(s)  Ops          TPS(ops/s)   Net(M/s)   Get_miss   Min(us)  Max(us)    Avg(us)    Std_dev    Geo_dist  
Period   10       60390        6039         0.8        0          852      495384     31705      38039.64   21034.38
Global   410      2436544      5942         0.8        0          656      1679864    32444      37257.64   22211.57

[1;1H[2J
Get Statistics
Type     Time(s)  Ops          TPS(ops/s)   Net(M/s)   Get_miss   Min(us)  Max(us)    Avg(us)    Std_dev    Geo_dist  
Period   10       59756        5975         0.8        0          785      369408     32426      33823.68   22295.56
Global   420      2496300      5943         0.8        0          656      1679864    32443      37179.63   22213.57

Total Statistics
Type     Time(s)  Ops          TPS(ops/s)   Net(M/s)   Get_miss   Min(us)  Max(us)    Avg(us)    Std_dev    Geo_dist  
Period   10       59756        5975         0.8        0          785      369408     32426      33823.68   22295.56
Global   420      2496300      5943         0.8        0          656      1679864    32443      37179.63   22213.57

[1;1H[2J
Get Statistics
Type     Time(s)  Ops          TPS(ops/s)   Net(M/s)   Get_miss   Min(us)  Max(us)    Avg(us)    Std_dev    Geo_dist  
Period   10       63202        6320         0.8        0          906      241846     30606      28416.65   21508.43
Global   430      2559502      5952         0.9        0          656      1679864    32398      36989.03   22195.89

Total Statistics
Type     Time(s)  Ops          TPS(ops/s)   Net(M/s)   Get_miss   Min(us)  Max(us)    Avg(us)    Std_dev    Geo_dist  
Period   10       63202        6320         0.8        0          906      241846     30606      28416.65   21508.43
Global   430      2559502      5952         0.9        0          656      1679864    32398      36989.03   22195.89

[1;1H[2J
Get Statistics
Type     Time(s)  Ops          TPS(ops/s)   Net(M/s)   Get_miss   Min(us)  Max(us)    Avg(us)    Std_dev    Geo_dist  
Period   10       61164        6116         0.8        0          936      552237     31561      34180.43   21769.88
Global   440      2620666      5956         0.8        0          656      1679864    32379      36925.66   22185.85

Total Statistics
Type     Time(s)  Ops          TPS(ops/s)   Net(M/s)   Get_miss   Min(us)  Max(us)    Avg(us)    Std_dev    Geo_dist  
Period   10       61164        6116         0.8        0          936      552237     31561      34180.43   21769.88
Global   440      2620666      5956         0.8        0          656      1679864    32379      36925.66   22185.85

[1;1H[2J
Get Statistics
Type     Time(s)  Ops          TPS(ops/s)   Net(M/s)   Get_miss   Min(us)  Max(us)    Avg(us)    Std_dev    Geo_dist  
Period   10       61424        6142         0.8        0          720      306033     31346      30053.96   21979.31
Global   450      2682090      5960         0.8        0          656      1679864    32355      36783.27   22181.10

Total Statistics
Type     Time(s)  Ops          TPS(ops/s)   Net(M/s)   Get_miss   Min(us)  Max(us)    Avg(us)    Std_dev    Geo_dist  
Period   10       61424        6142         0.8        0          720      306033     31346      30053.96   21979.31
Global   450      2682090      5960         0.8        0          656      1679864    32355      36783.27   22181.10

[1;1H[2J
Get Statistics
Type     Time(s)  Ops          TPS(ops/s)   Net(M/s)   Get_miss   Min(us)  Max(us)    Avg(us)    Std_dev    Geo_dist  
Period   10       59766        5976         0.8        0          957      420533     32249      33473.42   22721.70
Global   460      2741856      5960         0.8        0          656      1679864    32353      36714.03   22192.74

Total Statistics
Type     Time(s)  Ops          TPS(ops/s)   Net(M/s)   Get_miss   Min(us)  Max(us)    Avg(us)    Std_dev    Geo_dist  
Period   10       59766        5976         0.8        0          957      420533     32249      33473.42   22721.70
Global   460      2741856      5960         0.8        0          656      1679864    32353      36714.03   22192.74

[1;1H[2J
Get Statistics
Type     Time(s)  Ops          TPS(ops/s)   Net(M/s)   Get_miss   Min(us)  Max(us)    Avg(us)    Std_dev    Geo_dist  
Period   10       60017        6001         0.8        0          1031     246419     32101      30954.59   22778.55
Global   470      2801873      5961         0.8        0          656      1679864    32347      36600.71   22205.13

Total Statistics
Type     Time(s)  Ops          TPS(ops/s)   Net(M/s)   Get_miss   Min(us)  Max(us)    Avg(us)    Std_dev    Geo_dist  
Period   10       60017        6001         0.8        0          1031     246419     32101      30954.59   22778.55
Global   470      2801873      5961         0.8        0          656      1679864    32347      36600.71   22205.13

[1;1H[2J
Get Statistics
Type     Time(s)  Ops          TPS(ops/s)   Net(M/s)   Get_miss   Min(us)  Max(us)    Avg(us)    Std_dev    Geo_dist  
Period   10       60462        6046         0.8        0          978      282644     31927      32024.66   22004.84
Global   480      2862335      5963         0.8        0          656      1679864    32338      36510.13   22200.88

Total Statistics
Type     Time(s)  Ops          TPS(ops/s)   Net(M/s)   Get_miss   Min(us)  Max(us)    Avg(us)    Std_dev    Geo_dist  
Period   10       60462        6046         0.8        0          978      282644     31927      32024.66   22004.84
Global   480      2862335      5963         0.8        0          656      1679864    32338      36510.13   22200.88

[1;1H[2J
Get Statistics
Type     Time(s)  Ops          TPS(ops/s)   Net(M/s)   Get_miss   Min(us)  Max(us)    Avg(us)    Std_dev    Geo_dist  
Period   10       57906        5790         0.8        0          1074     471986     33297      36097.40   22274.29
Global   490      2920241      5959         0.8        0          656      1679864    32357      36502.25   22202.34

Total Statistics
Type     Time(s)  Ops          TPS(ops/s)   Net(M/s)   Get_miss   Min(us)  Max(us)    Avg(us)    Std_dev    Geo_dist  
Period   10       57906        5790         0.8        0          1074     471986     33297      36097.40   22274.29
Global   490      2920241      5959         0.8        0          656      1679864    32357      36502.25   22202.34

[1;1H[2J
Get Statistics
Type     Time(s)  Ops          TPS(ops/s)   Net(M/s)   Get_miss   Min(us)  Max(us)    Avg(us)    Std_dev    Geo_dist  
Period   10       56948        5694         0.8        0          577      398711     33823      38152.80   22757.41
Global   500      2977189      5954         0.8        0          577      1679864    32385      36535.10   22212.83

Total Statistics
Type     Time(s)  Ops          TPS(ops/s)   Net(M/s)   Get_miss   Min(us)  Max(us)    Avg(us)    Std_dev    Geo_dist  
Period   10       56948        5694         0.8        0          577      398711     33823      38152.80   22757.41
Global   500      2977189      5954         0.8        0          577      1679864    32385      36535.10   22212.83

[1;1H[2J
Get Statistics
Type     Time(s)  Ops          TPS(ops/s)   Net(M/s)   Get_miss   Min(us)  Max(us)    Avg(us)    Std_dev    Geo_dist  
Period   10       58495        5849         0.8        0          700      642955     32972      44956.74   21905.57
Global   510      3035684      5952         0.8        0          577      1679864    32397      36715.11   22206.86

Total Statistics
Type     Time(s)  Ops          TPS(ops/s)   Net(M/s)   Get_miss   Min(us)  Max(us)    Avg(us)    Std_dev    Geo_dist  
Period   10       58495        5849         0.8        0          700      642955     32972      44956.74   21905.57
Global   510      3035684      5952         0.8        0          577      1679864    32397      36715.11   22206.86

[1;1H[2J
Get Statistics
Type     Time(s)  Ops          TPS(ops/s)   Net(M/s)   Get_miss   Min(us)  Max(us)    Avg(us)    Std_dev    Geo_dist  
Period   10       55898        5589         0.8        0          841      870630     34479      57210.48   21988.10
Global   520      3091582      5945         0.8        0          577      1679864    32434      37187.67   22202.89

Total Statistics
Type     Time(s)  Ops          TPS(ops/s)   Net(M/s)   Get_miss   Min(us)  Max(us)    Avg(us)    Std_dev    Geo_dist  
Period   10       55898        5589         0.8        0          841      870630     34479      57210.48   21988.10
Global   520      3091582      5945         0.8        0          577      1679864    32434      37187.67   22202.89

[1;1H[2J
Get Statistics
Type     Time(s)  Ops          TPS(ops/s)   Net(M/s)   Get_miss   Min(us)  Max(us)    Avg(us)    Std_dev    Geo_dist  
Period   10       61563        6156         0.8        0          920      301518     31287      31463.06   21117.32
Global   530      3153145      5949         0.8        0          577      1679864    32412      37084.35   22181.17

Total Statistics
Type     Time(s)  Ops          TPS(ops/s)   Net(M/s)   Get_miss   Min(us)  Max(us)    Avg(us)    Std_dev    Geo_dist  
Period   10       61563        6156         0.8        0          920      301518     31287      31463.06   21117.32
Global   530      3153145      5949         0.8        0          577      1679864    32412      37084.35   22181.17

[1;1H[2J
Get Statistics
Type     Time(s)  Ops          TPS(ops/s)   Net(M/s)   Get_miss   Min(us)  Max(us)    Avg(us)    Std_dev    Geo_dist  
Period   10       57047        5704         0.8        0          833      1054466    33623      49920.92   22488.46
Global   540      3210192      5944         0.8        0          577      1679864    32433      37351.77   22186.59

Total Statistics
Type     Time(s)  Ops          TPS(ops/s)   Net(M/s)   Get_miss   Min(us)  Max(us)    Avg(us)    Std_dev    Geo_dist  
Period   10       57047        5704         0.8        0          833      1054466    33623      49920.92   22488.46
Global   540      3210192      5944         0.8        0          577      1679864    32433      37351.77   22186.59

[1;1H[2J
Get Statistics
Type     Time(s)  Ops          TPS(ops/s)   Net(M/s)   Get_miss   Min(us)  Max(us)    Avg(us)    Std_dev    Geo_dist  
Period   10       52429        5242         0.8        0          626      1770996    36973      71154.30   21882.28
Global   550      3262621      5932         0.7        0          577      1770996    32506      38136.81   22181.67

Total Statistics
Type     Time(s)  Ops          TPS(ops/s)   Net(M/s)   Get_miss   Min(us)  Max(us)    Avg(us)    Std_dev    Geo_dist  
Period   10       52429        5242         0.8        0          626      1770996    36973      71154.30   21882.28
Global   550      3262621      5932         0.7        0          577      1770996    32506      38136.81   22181.67

[1;1H[2J
Get Statistics
Type     Time(s)  Ops          TPS(ops/s)   Net(M/s)   Get_miss   Min(us)  Max(us)    Avg(us)    Std_dev    Geo_dist  
Period   10       57476        5747         0.8        0          1029     377372     33527      41331.65   21513.82
Global   560      3320097      5928         0.8        0          577      1770996    32524      38194.34   22169.93

Total Statistics
Type     Time(s)  Ops          TPS(ops/s)   Net(M/s)   Get_miss   Min(us)  Max(us)    Avg(us)    Std_dev    Geo_dist  
Period   10       57476        5747         0.8        0          1029     377372     33527      41331.65   21513.82
Global   560      3320097      5928         0.8        0          577      1770996    32524      38194.34   22169.93

[1;1H[2J
Get Statistics
Type     Time(s)  Ops          TPS(ops/s)   Net(M/s)   Get_miss   Min(us)  Max(us)    Avg(us)    Std_dev    Geo_dist  
Period   10       61118        6111         0.8        0          833      233709     31452      30935.53   21266.70
Global   570      3381215      5931         0.8        0          577      1770996    32505      38075.35   22153.27

Total Statistics
Type     Time(s)  Ops          TPS(ops/s)   Net(M/s)   Get_miss   Min(us)  Max(us)    Avg(us)    Std_dev    Geo_dist  
Period   10       61118        6111         0.8        0          833      233709     31452      30935.53   21266.70
Global   570      3381215      5931         0.8        0          577      1770996    32505      38075.35   22153.27

[1;1H[2J
Get Statistics
Type     Time(s)  Ops          TPS(ops/s)   Net(M/s)   Get_miss   Min(us)  Max(us)    Avg(us)    Std_dev    Geo_dist  
Period   10       58310        5831         0.8        0          914      435472     33160      39771.38   21465.11
Global   580      3439525      5930         0.8        0          577      1770996    32516      38104.91   22141.42

Total Statistics
Type     Time(s)  Ops          TPS(ops/s)   Net(M/s)   Get_miss   Min(us)  Max(us)    Avg(us)    Std_dev    Geo_dist  
Period   10       58310        5831         0.8        0          914      435472     33160      39771.38   21465.11
Global   580      3439525      5930         0.8        0          577      1770996    32516      38104.91   22141.42

[1;1H[2J
Get Statistics
Type     Time(s)  Ops          TPS(ops/s)   Net(M/s)   Get_miss   Min(us)  Max(us)    Avg(us)    Std_dev    Geo_dist  
Period   10       56782        5678         0.8        0          1176     336506     33922      36477.20   23086.32
Global   590      3496307      5925         0.8        0          577      1770996    32539      38079.30   22156.46

Total Statistics
Type     Time(s)  Ops          TPS(ops/s)   Net(M/s)   Get_miss   Min(us)  Max(us)    Avg(us)    Std_dev    Geo_dist  
Period   10       56782        5678         0.8        0          1176     336506     33922      36477.20   23086.32
Global   590      3496307      5925         0.8        0          577      1770996    32539      38079.30   22156.46

[1;1H[2J
Get Statistics
Type     Time(s)  Ops          TPS(ops/s)   Net(M/s)   Get_miss   Min(us)  Max(us)    Avg(us)    Std_dev    Geo_dist  
Period   10       75059        7505         0.8        0          697      295083     25686      28264.76   17802.74
Global   600      3571366      5952         1.0        0          577      1770996    32395      37911.90   22054.81

Total Statistics
Type     Time(s)  Ops          TPS(ops/s)   Net(M/s)   Get_miss   Min(us)  Max(us)    Avg(us)    Std_dev    Geo_dist  
Period   10       75059        7505         0.8        0          697      295083     25686      28264.76   17802.74
Global   600      3571366      5952         1.0        0          577      1770996    32395      37911.90   22054.81

Get Statistics (3571558 events)
   Min:       577
   Max:   1770996
   Avg:     32394
   Geo:  22054.99
   Std:  37911.48
   Log2 Dist:
       8:        0        0      190    13717
      12:    84097    50674   1390633   826872
      16:   819879   317216    56973     9364
      20:     1757      186

Total Statistics (3571558 events)
   Min:       577
   Max:   1770996
   Avg:     32394
   Geo:  22054.99
   Std:  37911.48
   Log2 Dist:
       8:        0        0      190    13717
      12:    84097    50674   1390633   826872
      16:   819879   317216    56973     9364
      20:     1757      186

cmd_get: 3571750
cmd_set: 196608
get_misses: 0
written_bytes: 110031556
read_bytes: 590879934
object_bytes: 28311552

Run time: 602.6s Ops: 3768358 TPS: 6253 Net_rate: 1.1M/s
