servers : 10.0.0.6:11212
threads count: 192
concurrency: 192
run time: 600s
windows size: 1k
set proportion: set_prop=0.00
get proportion: get_prop=1.00
[1;1H[2J
Get Statistics
Type     Time(s)  Ops          TPS(ops/s)   Net(M/s)   Get_miss   Min(us)  Max(us)    Avg(us)    Std_dev    Geo_dist  
Period   10       61058        6105         0.8        0          1046     462522     31090      35839.90   22259.25
Global   10       61058        6105         0.8        0          1046     462522     31090      35839.90   22259.25

Total Statistics
Type     Time(s)  Ops          TPS(ops/s)   Net(M/s)   Get_miss   Min(us)  Max(us)    Avg(us)    Std_dev    Geo_dist  
Period   10       61058        6105         0.8        0          1046     462522     31090      35839.90   22259.25
Global   10       61058        6105         0.8        0          1046     462522     31090      35839.90   22259.25

[1;1H[2J
Get Statistics
Type     Time(s)  Ops          TPS(ops/s)   Net(M/s)   Get_miss   Min(us)  Max(us)    Avg(us)    Std_dev    Geo_dist  
Period   10       59195        5919         0.8        0          727      363546     32999      37140.95   22398.82
Global   20       120253       6012         0.8        0          727      462522     32030      36498.22   22327.84

Total Statistics
Type     Time(s)  Ops          TPS(ops/s)   Net(M/s)   Get_miss   Min(us)  Max(us)    Avg(us)    Std_dev    Geo_dist  
Period   10       59195        5919         0.8        0          727      363546     32999      37140.95   22398.82
Global   20       120253       6012         0.8        0          727      462522     32030      36498.22   22327.84

[1;1H[2J
Get Statistics
Type     Time(s)  Ops          TPS(ops/s)   Net(M/s)   Get_miss   Min(us)  Max(us)    Avg(us)    Std_dev    Geo_dist  
Period   10       60961        6096         0.8        0          876      316372     31312      30834.63   21576.46
Global   30       181214       6040         0.8        0          727      462522     31788      34698.31   22072.20

Total Statistics
Type     Time(s)  Ops          TPS(ops/s)   Net(M/s)   Get_miss   Min(us)  Max(us)    Avg(us)    Std_dev    Geo_dist  
Period   10       60961        6096         0.8        0          876      316372     31312      30834.63   21576.46
Global   30       181214       6040         0.8        0          727      462522     31788      34698.31   22072.20

[1;1H[2J
Get Statistics
Type     Time(s)  Ops          TPS(ops/s)   Net(M/s)   Get_miss   Min(us)  Max(us)    Avg(us)    Std_dev    Geo_dist  
Period   10       59941        5994         0.8        0          875      370703     32480      33792.17   21970.59
Global   40       241155       6028         0.8        0          727      462522     31960      34476.54   22046.90

Total Statistics
Type     Time(s)  Ops          TPS(ops/s)   Net(M/s)   Get_miss   Min(us)  Max(us)    Avg(us)    Std_dev    Geo_dist  
Period   10       59941        5994         0.8        0          875      370703     32480      33792.17   21970.59
Global   40       241155       6028         0.8        0          727      462522     31960      34476.54   22046.90

[1;1H[2J
Get Statistics
Type     Time(s)  Ops          TPS(ops/s)   Net(M/s)   Get_miss   Min(us)  Max(us)    Avg(us)    Std_dev    Geo_dist  
Period   10       58450        5845         0.8        0          705      356268     32811      28215.90   23868.34
Global   50       299605       5992         0.8        0          705      462522     32126      33349.24   22390.99

Total Statistics
Type     Time(s)  Ops          TPS(ops/s)   Net(M/s)   Get_miss   Min(us)  Max(us)    Avg(us)    Std_dev    Geo_dist  
Period   10       58450        5845         0.8        0          705      356268     32811      28215.90   23868.34
Global   50       299605       5992         0.8        0          705      462522     32126      33349.24   22390.99

[1;1H[2J
Get Statistics
Type     Time(s)  Ops          TPS(ops/s)   Net(M/s)   Get_miss   Min(us)  Max(us)    Avg(us)    Std_dev    Geo_dist  
Period   10       54761        5476         0.8        0          912      584889     35376      48037.43   22662.04
Global   60       354366       5906         0.8        0          705      584889     32628      36031.83   22432.66

Total Statistics
Type     Time(s)  Ops          TPS(ops/s)   Net(M/s)   Get_miss   Min(us)  Max(us)    Avg(us)    Std_dev    Geo_dist  
Period   10       54761        5476         0.8        0          912      584889     35376      48037.43   22662.04
Global   60       354366       5906         0.8        0          705      584889     32628      36031.83   22432.66

[1;1H[2J
Get Statistics
Type     Time(s)  Ops          TPS(ops/s)   Net(M/s)   Get_miss   Min(us)  Max(us)    Avg(us)    Std_dev    Geo_dist  
Period   10       56692        5669         0.8        0          908      547127     33981      39877.41   22454.90
Global   70       411058       5872         0.8        0          705      584889     32815      36588.80   22435.73

Total Statistics
Type     Time(s)  Ops          TPS(ops/s)   Net(M/s)   Get_miss   Min(us)  Max(us)    Avg(us)    Std_dev    Geo_dist  
Period   10       56692        5669         0.8        0          908      547127     33981      39877.41   22454.90
Global   70       411058       5872         0.8        0          705      584889     32815      36588.80   22435.73

[1;1H[2J
Get Statistics
Type     Time(s)  Ops          TPS(ops/s)   Net(M/s)   Get_miss   Min(us)  Max(us)    Avg(us)    Std_dev    Geo_dist  
Period   10       61084        6108         0.8        0          1015     281678     31569      28890.63   22150.25
Global   80       472142       5901         0.8        0          705      584889     32654      35688.73   22398.59

Total Statistics
Type     Time(s)  Ops          TPS(ops/s)   Net(M/s)   Get_miss   Min(us)  Max(us)    Avg(us)    Std_dev    Geo_dist  
Period   10       61084        6108         0.8        0          1015     281678     31569      28890.63   22150.25
Global   80       472142       5901         0.8        0          705      584889     32654      35688.73   22398.59

[1;1H[2J
Get Statistics
Type     Time(s)  Ops          TPS(ops/s)   Net(M/s)   Get_miss   Min(us)  Max(us)    Avg(us)    Std_dev    Geo_dist  
Period   10       54908        5490         0.8        0          842      416005     35109      38891.55   23192.14
Global   90       527050       5856         0.8        0          705      584889     32910      36043.23   22479.97

Total Statistics
Type     Time(s)  Ops          TPS(ops/s)   Net(M/s)   Get_miss   Min(us)  Max(us)    Avg(us)    Std_dev    Geo_dist  
Period   10       54908        5490         0.8        0          842      416005     35109      38891.55   23192.14
Global   90       527050       5856         0.8        0          705      584889     32910      36043.23   22479.97

[1;1H[2J
Get Statistics
Type     Time(s)  Ops          TPS(ops/s)   Net(M/s)   Get_miss   Min(us)  Max(us)    Avg(us)    Std_dev    Geo_dist  
Period   10       61895        6189         0.8        0          831      356685     31138      32897.15   21518.06
Global   100      588945       5889         0.8        0          705      584889     32723      35730.44   22376.89

Total Statistics
Type     Time(s)  Ops          TPS(ops/s)   Net(M/s)   Get_miss   Min(us)  Max(us)    Avg(us)    Std_dev    Geo_dist  
Period   10       61895        6189         0.8        0          831      356685     31138      32897.15   21518.06
Global   100      588945       5889         0.8        0          705      584889     32723      35730.44   22376.89

[1;1H[2J
Get Statistics
Type     Time(s)  Ops          TPS(ops/s)   Net(M/s)   Get_miss   Min(us)  Max(us)    Avg(us)    Std_dev    Geo_dist  
Period   10       57091        5709         0.8        0          835      335983     33607      35971.67   22425.71
Global   110      646036       5873         0.8        0          705      584889     32801      35752.78   22381.20

Total Statistics
Type     Time(s)  Ops          TPS(ops/s)   Net(M/s)   Get_miss   Min(us)  Max(us)    Avg(us)    Std_dev    Geo_dist  
Period   10       57091        5709         0.8        0          835      335983     33607      35971.67   22425.71
Global   110      646036       5873         0.8        0          705      584889     32801      35752.78   22381.20

[1;1H[2J
Get Statistics
Type     Time(s)  Ops          TPS(ops/s)   Net(M/s)   Get_miss   Min(us)  Max(us)    Avg(us)    Std_dev    Geo_dist  
Period   10       58016        5801         0.8        0          949      562628     33351      38746.88   23314.07
Global   120      704052       5867         0.8        0          705      584889     32847      36008.59   22456.64

Total Statistics
Type     Time(s)  Ops          TPS(ops/s)   Net(M/s)   Get_miss   Min(us)  Max(us)    Avg(us)    Std_dev    Geo_dist  
Period   10       58016        5801         0.8        0          949      562628     33351      38746.88   23314.07
Global   120      704052       5867         0.8        0          705      584889     32847      36008.59   22456.64

[1;1H[2J
Get Statistics
Type     Time(s)  Ops          TPS(ops/s)   Net(M/s)   Get_miss   Min(us)  Max(us)    Avg(us)    Std_dev    Geo_dist  
Period   10       59049        5904         0.8        0          1068     376602     32687      34301.20   22668.56
Global   130      763101       5870         0.8        0          705      584889     32834      35879.94   22472.97

Total Statistics
Type     Time(s)  Ops          TPS(ops/s)   Net(M/s)   Get_miss   Min(us)  Max(us)    Avg(us)    Std_dev    Geo_dist  
Period   10       59049        5904         0.8        0          1068     376602     32687      34301.20   22668.56
Global   130      763101       5870         0.8        0          705      584889     32834      35879.94   22472.97

[1;1H[2J
Get Statistics
Type     Time(s)  Ops          TPS(ops/s)   Net(M/s)   Get_miss   Min(us)  Max(us)    Avg(us)    Std_dev    Geo_dist  
Period   10       64003        6400         0.8        0          726      269079     30096      26105.02   22079.92
Global   140      827104       5907         0.9        0          705      584889     32622      35228.22   22442.31

Total Statistics
Type     Time(s)  Ops          TPS(ops/s)   Net(M/s)   Get_miss   Min(us)  Max(us)    Avg(us)    Std_dev    Geo_dist  
Period   10       64003        6400         0.8        0          726      269079     30096      26105.02   22079.92
Global   140      827104       5907         0.9        0          705      584889     32622      35228.22   22442.31

[1;1H[2J
Get Statistics
Type     Time(s)  Ops          TPS(ops/s)   Net(M/s)   Get_miss   Min(us)  Max(us)    Avg(us)    Std_dev    Geo_dist  
Period   10       60264        6026         0.8        0          1097     357369     32000      33024.62   21710.27
Global   150      887368       5915         0.8        0          705      584889     32580      35083.05   22391.82

Total Statistics
Type     Time(s)  Ops          TPS(ops/s)   Net(M/s)   Get_miss   Min(us)  Max(us)    Avg(us)    Std_dev    Geo_dist  
Period   10       60264        6026         0.8        0          1097     357369     32000      33024.62   21710.27
Global   150      887368       5915         0.8        0          705      584889     32580      35083.05   22391.82

[1;1H[2J
Get Statistics
Type     Time(s)  Ops          TPS(ops/s)   Net(M/s)   Get_miss   Min(us)  Max(us)    Avg(us)    Std_dev    Geo_dist  
Period   10       62281        6228         0.8        0          837      396159     30943      33679.80   21098.06
Global   160      949649       5935         0.9        0          705      584889     32473      34994.74   22304.59

Total Statistics
Type     Time(s)  Ops          TPS(ops/s)   Net(M/s)   Get_miss   Min(us)  Max(us)    Avg(us)    Std_dev    Geo_dist  
Period   10       62281        6228         0.8        0          837      396159     30943      33679.80   21098.06
Global   160      949649       5935         0.9        0          705      584889     32473      34994.74   22304.59

[1;1H[2J
Get Statistics
Type     Time(s)  Ops          TPS(ops/s)   Net(M/s)   Get_miss   Min(us)  Max(us)    Avg(us)    Std_dev    Geo_dist  
Period   10       61272        6127         0.8        0          776      262706     31487      26870.98   23051.18
Global   170      1010921      5946         0.8        0          705      584889     32413      34557.78   22349.14

Total Statistics
Type     Time(s)  Ops          TPS(ops/s)   Net(M/s)   Get_miss   Min(us)  Max(us)    Avg(us)    Std_dev    Geo_dist  
Period   10       61272        6127         0.8        0          776      262706     31487      26870.98   23051.18
Global   170      1010921      5946         0.8        0          705      584889     32413      34557.78   22349.14

[1;1H[2J
Get Statistics
Type     Time(s)  Ops          TPS(ops/s)   Net(M/s)   Get_miss   Min(us)  Max(us)    Avg(us)    Std_dev    Geo_dist  
Period   10       58931        5893         0.8        0          887      730879     32844      48072.11   21422.60
Global   180      1069852      5943         0.8        0          705      730879     32437      35436.45   22297.08

Total Statistics
Type     Time(s)  Ops          TPS(ops/s)   Net(M/s)   Get_miss   Min(us)  Max(us)    Avg(us)    Std_dev    Geo_dist  
Period   10       58931        5893         0.8        0          887      730879     32844      48072.11   21422.60
Global   180      1069852      5943         0.8        0          705      730879     32437      35436.45   22297.08

[1;1H[2J
Get Statistics
Type     Time(s)  Ops          TPS(ops/s)   Net(M/s)   Get_miss   Min(us)  Max(us)    Avg(us)    Std_dev    Geo_dist  
Period   10       60507        6050         0.8        0          1062     278819     31980      28575.79   23052.29
Global   190      1130359      5949         0.8        0          705      730879     32412      35103.82   22336.87

Total Statistics
Type     Time(s)  Ops          TPS(ops/s)   Net(M/s)   Get_miss   Min(us)  Max(us)    Avg(us)    Std_dev    Geo_dist  
Period   10       60507        6050         0.8        0          1062     278819     31980      28575.79   23052.29
Global   190      1130359      5949         0.8        0          705      730879     32412      35103.82   22336.87

[1;1H[2J
Get Statistics
Type     Time(s)  Ops          TPS(ops/s)   Net(M/s)   Get_miss   Min(us)  Max(us)    Avg(us)    Std_dev    Geo_dist  
Period   10       57585        5758         0.8        0          837      426840     33381      34511.05   23073.82
Global   200      1187944      5939         0.8        0          705      730879     32459      35075.90   22372.05

Total Statistics
Type     Time(s)  Ops          TPS(ops/s)   Net(M/s)   Get_miss   Min(us)  Max(us)    Avg(us)    Std_dev    Geo_dist  
Period   10       57585        5758         0.8        0          837      426840     33381      34511.05   23073.82
Global   200      1187944      5939         0.8        0          705      730879     32459      35075.90   22372.05

[1;1H[2J
Get Statistics
Type     Time(s)  Ops          TPS(ops/s)   Net(M/s)   Get_miss   Min(us)  Max(us)    Avg(us)    Std_dev    Geo_dist  
Period   10       61294        6129         0.8        0          794      293942     31788      30936.15   22729.89
Global   210      1249238      5948         0.8        0          705      730879     32426      34884.60   22389.47

Total Statistics
Type     Time(s)  Ops          TPS(ops/s)   Net(M/s)   Get_miss   Min(us)  Max(us)    Avg(us)    Std_dev    Geo_dist  
Period   10       61294        6129         0.8        0          794      293942     31788      30936.15   22729.89
Global   210      1249238      5948         0.8        0          705      730879     32426      34884.60   22389.47

[1;1H[2J
Get Statistics
Type     Time(s)  Ops          TPS(ops/s)   Net(M/s)   Get_miss   Min(us)  Max(us)    Avg(us)    Std_dev    Geo_dist  
Period   10       62143        6214         0.8        0          768      268711     31108      26237.47   23079.81
Global   220      1311381      5960         0.9        0          705      730879     32364      34524.46   22421.71

Total Statistics
Type     Time(s)  Ops          TPS(ops/s)   Net(M/s)   Get_miss   Min(us)  Max(us)    Avg(us)    Std_dev    Geo_dist  
Period   10       62143        6214         0.8        0          768      268711     31108      26237.47   23079.81
Global   220      1311381      5960         0.9        0          705      730879     32364      34524.46   22421.71

[1;1H[2J
Get Statistics
Type     Time(s)  Ops          TPS(ops/s)   Net(M/s)   Get_miss   Min(us)  Max(us)    Avg(us)    Std_dev    Geo_dist  
Period   10       51382        5138         0.8        0          1145     1112458    37693      72946.05   23884.75
Global   230      1362763      5925         0.7        0          705      1112458    32565      36723.94   22475.22

Total Statistics
Type     Time(s)  Ops          TPS(ops/s)   Net(M/s)   Get_miss   Min(us)  Max(us)    Avg(us)    Std_dev    Geo_dist  
Period   10       51382        5138         0.8        0          1145     1112458    37693      72946.05   23884.75
Global   230      1362763      5925         0.7        0          705      1112458    32565      36723.94   22475.22

[1;1H[2J
Get Statistics
Type     Time(s)  Ops          TPS(ops/s)   Net(M/s)   Get_miss   Min(us)  Max(us)    Avg(us)    Std_dev    Geo_dist  
Period   10       63575        6357         0.8        0          906      288107     30440      30023.05   21491.59
Global   240      1426338      5943         0.9        0          705      1112458    32470      36454.39   22430.43

Total Statistics
Type     Time(s)  Ops          TPS(ops/s)   Net(M/s)   Get_miss   Min(us)  Max(us)    Avg(us)    Std_dev    Geo_dist  
Period   10       63576        6357         0.8        0          906      288107     30440      30023.47   21491.93
Global   240      1426339      5943         0.9        0          705      1112458    32470      36454.40   22430.44

[1;1H[2J
Get Statistics
Type     Time(s)  Ops          TPS(ops/s)   Net(M/s)   Get_miss   Min(us)  Max(us)    Avg(us)    Std_dev    Geo_dist  
Period   10       51384        5138         0.8        0          1218     399071     37640      46539.08   23834.72
Global   250      1477722      5910         0.7        0          705      1112458    32650      36863.38   22478.01

Total Statistics
Type     Time(s)  Ops          TPS(ops/s)   Net(M/s)   Get_miss   Min(us)  Max(us)    Avg(us)    Std_dev    Geo_dist  
Period   10       51383        5138         0.8        0          1218     399071     37640      46539.74   23830.53
Global   250      1477722      5910         0.7        0          705      1112458    32650      36863.38   22478.01

[1;1H[2J
Get Statistics
Type     Time(s)  Ops          TPS(ops/s)   Net(M/s)   Get_miss   Min(us)  Max(us)    Avg(us)    Std_dev    Geo_dist  
Period   10       61401        6140         0.8        0          905      320509     31505      31113.93   21926.19
Global   260      1539123      5919         0.8        0          705      1112458    32604      36652.26   22455.73

Total Statistics
Type     Time(s)  Ops          TPS(ops/s)   Net(M/s)   Get_miss   Min(us)  Max(us)    Avg(us)    Std_dev    Geo_dist  
Period   10       61401        6140         0.8        0          905      320509     31505      31113.93   21926.19
Global   260      1539123      5919         0.8        0          705      1112458    32604      36652.26   22455.73

[1;1H[2J
Get Statistics
Type     Time(s)  Ops          TPS(ops/s)   Net(M/s)   Get_miss   Min(us)  Max(us)    Avg(us)    Std_dev    Geo_dist  
Period   10       63275        6327         0.8        0          878      245244     30574      29971.57   21026.62
Global   270      1602398      5934         0.9        0          705      1112458    32524      36413.70   22397.50

Total Statistics
Type     Time(s)  Ops          TPS(ops/s)   Net(M/s)   Get_miss   Min(us)  Max(us)    Avg(us)    Std_dev    Geo_dist  
Period   10       63275        6327         0.8        0          878      245244     30574      29971.57   21026.62
Global   270      1602398      5934         0.9        0          705      1112458    32524      36413.70   22397.50

[1;1H[2J
Get Statistics
Type     Time(s)  Ops          TPS(ops/s)   Net(M/s)   Get_miss   Min(us)  Max(us)    Avg(us)    Std_dev    Geo_dist  
Period   10       63029        6302         0.8        0          719      293940     30625      29341.58   21794.50
Global   280      1665427      5947         0.9        0          705      1112458    32452      36173.16   22374.38

Total Statistics
Type     Time(s)  Ops          TPS(ops/s)   Net(M/s)   Get_miss   Min(us)  Max(us)    Avg(us)    Std_dev    Geo_dist  
Period   10       63029        6302         0.8        0          719      293940     30625      29341.58   21794.50
Global   280      1665427      5947         0.9        0          705      1112458    32452      36173.16   22374.38

[1;1H[2J
Get Statistics
Type     Time(s)  Ops          TPS(ops/s)   Net(M/s)   Get_miss   Min(us)  Max(us)    Avg(us)    Std_dev    Geo_dist  
Period   10       56654        5665         0.8        0          892      454738     34023      40365.01   22936.31
Global   290      1722081      5938         0.8        0          705      1112458    32504      36319.55   22392.64

Total Statistics
Type     Time(s)  Ops          TPS(ops/s)   Net(M/s)   Get_miss   Min(us)  Max(us)    Avg(us)    Std_dev    Geo_dist  
Period   10       56654        5665         0.8        0          892      454738     34023      40365.01   22936.31
Global   290      1722081      5938         0.8        0          705      1112458    32504      36319.55   22392.64

[1;1H[2J
Get Statistics
Type     Time(s)  Ops          TPS(ops/s)   Net(M/s)   Get_miss   Min(us)  Max(us)    Avg(us)    Std_dev    Geo_dist  
Period   10       58883        5888         0.8        0          1036     308516     32735      34292.92   22618.96
Global   300      1780964      5936         0.8        0          705      1112458    32512      36254.04   22400.09

Total Statistics
Type     Time(s)  Ops          TPS(ops/s)   Net(M/s)   Get_miss   Min(us)  Max(us)    Avg(us)    Std_dev    Geo_dist  
Period   10       58883        5888         0.8        0          1036     308516     32735      34292.92   22618.96
Global   300      1780964      5936         0.8        0          705      1112458    32512      36254.04   22400.09

[1;1H[2J
Get Statistics
Type     Time(s)  Ops          TPS(ops/s)   Net(M/s)   Get_miss   Min(us)  Max(us)    Avg(us)    Std_dev    Geo_dist  
Period   10       53394        5339         0.8        0          772      995421     36120      60006.44   21845.19
Global   310      1834358      5917         0.7        0          705      1112458    32617      37165.51   22383.74

Total Statistics
Type     Time(s)  Ops          TPS(ops/s)   Net(M/s)   Get_miss   Min(us)  Max(us)    Avg(us)    Std_dev    Geo_dist  
Period   10       53394        5339         0.8        0          772      995421     36120      60006.44   21845.19
Global   310      1834358      5917         0.7        0          705      1112458    32617      37165.51   22383.74

[1;1H[2J
Get Statistics
Type     Time(s)  Ops          TPS(ops/s)   Net(M/s)   Get_miss   Min(us)  Max(us)    Avg(us)    Std_dev    Geo_dist  
Period   10       60568        6056         0.8        0          795      271514     31571      32615.40   21743.43
Global   320      1894926      5921         0.8        0          705      1112458    32583      37029.68   22362.98

Total Statistics
Type     Time(s)  Ops          TPS(ops/s)   Net(M/s)   Get_miss   Min(us)  Max(us)    Avg(us)    Std_dev    Geo_dist  
Period   10       60568        6056         0.8        0          795      271514     31571      32615.40   21743.43
Global   320      1894926      5921         0.8        0          705      1112458    32583      37029.68   22362.98

[1;1H[2J
Get Statistics
Type     Time(s)  Ops          TPS(ops/s)   Net(M/s)   Get_miss   Min(us)  Max(us)    Avg(us)    Std_dev    Geo_dist  
Period   10       59039        5903         0.8        0          1062     224410     32940      31384.01   23278.82
Global   330      1953965      5921         0.8        0          705      1112458    32594      36871.62   22390.12

Total Statistics
Type     Time(s)  Ops          TPS(ops/s)   Net(M/s)   Get_miss   Min(us)  Max(us)    Avg(us)    Std_dev    Geo_dist  
Period   10       59039        5903         0.8        0          1062     224410     32940      31384.01   23278.82
Global   330      1953965      5921         0.8        0          705      1112458    32594      36871.62   22390.12

[1;1H[2J
Get Statistics
Type     Time(s)  Ops          TPS(ops/s)   Net(M/s)   Get_miss   Min(us)  Max(us)    Avg(us)    Std_dev    Geo_dist  
Period   10       63367        6336         0.8        0          812      340127     30426      31089.43   21078.87
Global   340      2017332      5933         0.9        0          705      1112458    32526      36705.70   22347.72

Total Statistics
Type     Time(s)  Ops          TPS(ops/s)   Net(M/s)   Get_miss   Min(us)  Max(us)    Avg(us)    Std_dev    Geo_dist  
Period   10       63367        6336         0.8        0          812      340127     30426      31089.43   21078.87
Global   340      2017332      5933         0.9        0          705      1112458    32526      36705.70   22347.72

[1;1H[2J
Get Statistics
Type     Time(s)  Ops          TPS(ops/s)   Net(M/s)   Get_miss   Min(us)  Max(us)    Avg(us)    Std_dev    Geo_dist  
Period   10       54865        5486         0.8        0          938      855151     35118      59164.86   23099.28
Global   350      2072197      5920         0.8        0          705      1112458    32594      37477.06   22367.30

Total Statistics
Type     Time(s)  Ops          TPS(ops/s)   Net(M/s)   Get_miss   Min(us)  Max(us)    Avg(us)    Std_dev    Geo_dist  
Period   10       54865        5486         0.8        0          938      855151     35118      59164.86   23099.28
Global   350      2072197      5920         0.8        0          705      1112458    32594      37477.06   22367.30

[1;1H[2J
Get Statistics
Type     Time(s)  Ops          TPS(ops/s)   Net(M/s)   Get_miss   Min(us)  Max(us)    Avg(us)    Std_dev    Geo_dist  
Period   10       58310        5831         0.8        0          1094     214272     33057      30934.70   23679.97
Global   360      2130507      5918         0.8        0          705      1112458    32607      37313.06   22402.24

Total Statistics
Type     Time(s)  Ops          TPS(ops/s)   Net(M/s)   Get_miss   Min(us)  Max(us)    Avg(us)    Std_dev    Geo_dist  
Period   10       58310        5831         0.8        0          1094     214272     33057      30934.70   23679.97
Global   360      2130507      5918         0.8        0          705      1112458    32607      37313.06   22402.24

[1;1H[2J
Get Statistics
Type     Time(s)  Ops          TPS(ops/s)   Net(M/s)   Get_miss   Min(us)  Max(us)    Avg(us)    Std_dev    Geo_dist  
Period   10       59580        5958         0.8        0          906      351501     32250      33496.42   22317.13
Global   370      2190087      5919         0.8        0          705      1112458    32597      37214.70   22399.92

Total Statistics
Type     Time(s)  Ops          TPS(ops/s)   Net(M/s)   Get_miss   Min(us)  Max(us)    Avg(us)    Std_dev    Geo_dist  
Period   10       59580        5958         0.8        0          906      351501     32250      33496.42   22317.13
Global   370      2190087      5919         0.8        0          705      1112458    32597      37214.70   22399.92

[1;1H[2J
Get Statistics
Type     Time(s)  Ops          TPS(ops/s)   Net(M/s)   Get_miss   Min(us)  Max(us)    Avg(us)    Std_dev    Geo_dist  
Period   10       56537        5653         0.8        0          772      560475     34170      46622.24   22045.23
Global   380      2246624      5912         0.8        0          705      1112458    32637      37480.85   22390.92

Total Statistics
Type     Time(s)  Ops          TPS(ops/s)   Net(M/s)   Get_miss   Min(us)  Max(us)    Avg(us)    Std_dev    Geo_dist  
Period   10       56537        5653         0.8        0          772      560475     34170      46622.24   22045.23
Global   380      2246624      5912         0.8        0          705      1112458    32637      37480.85   22390.92

[1;1H[2J
Get Statistics
Type     Time(s)  Ops          TPS(ops/s)   Net(M/s)   Get_miss   Min(us)  Max(us)    Avg(us)    Std_dev    Geo_dist  
Period   10       60935        6093         0.8        0          749      456245     31550      37679.22   22044.31
Global   390      2307559      5916         0.8        0          705      1112458    32608      37486.76   22381.70

Total Statistics
Type     Time(s)  Ops          TPS(ops/s)   Net(M/s)   Get_miss   Min(us)  Max(us)    Avg(us)    Std_dev    Geo_dist  
Period   10       60935        6093         0.8        0          749      456245     31550      37679.22   22044.31
Global   390      2307559      5916         0.8        0          705      1112458    32608      37486.76   22381.70

[1;1H[2J
Get Statistics
Type     Time(s)  Ops          TPS(ops/s)   Net(M/s)   Get_miss   Min(us)  Max(us)    Avg(us)    Std_dev    Geo_dist  
Period   10       63585        6358         0.8        0          1021     201724     30419      27098.69   21614.63
Global   400      2371144      5927         0.9        0          705      1112458    32550      37247.08   22360.78

Total Statistics
Type     Time(s)  Ops          TPS(ops/s)   Net(M/s)   Get_miss   Min(us)  Max(us)    Avg(us)    Std_dev    Geo_dist  
Period   10       63585        6358         0.8        0          1021     201724     30419      27098.69   21614.63
Global   400      2371144      5927         0.9        0          705      1112458    32550      37247.08   22360.78

[1;1H[2J
Get Statistics
Type     Time(s)  Ops          TPS(ops/s)   Net(M/s)   Get_miss   Min(us)  Max(us)    Avg(us)    Std_dev    Geo_dist  
Period   10       62174        6217         0.8        0          911      483706     30947      32510.92   21460.01
Global   410      2433318      5934         0.9        0          705      1112458    32509      37134.47   22337.30

Total Statistics
Type     Time(s)  Ops          TPS(ops/s)   Net(M/s)   Get_miss   Min(us)  Max(us)    Avg(us)    Std_dev    Geo_dist  
Period   10       62174        6217         0.8        0          911      483706     30947      32510.92   21460.01
Global   410      2433318      5934         0.9        0          705      1112458    32509      37134.47   22337.30

[1;1H[2J
Get Statistics
Type     Time(s)  Ops          TPS(ops/s)   Net(M/s)   Get_miss   Min(us)  Max(us)    Avg(us)    Std_dev    Geo_dist  
Period   10       58940        5894         0.8        0          658      407755     32764      35866.52   22113.24
Global   420      2492258      5933         0.8        0          658      1112458    32515      37105.03   22331.97

Total Statistics
Type     Time(s)  Ops          TPS(ops/s)   Net(M/s)   Get_miss   Min(us)  Max(us)    Avg(us)    Std_dev    Geo_dist  
Period   10       58940        5894         0.8        0          658      407755     32764      35866.52   22113.24
Global   420      2492258      5933         0.8        0          658      1112458    32515      37105.03   22331.97

[1;1H[2J
Get Statistics
Type     Time(s)  Ops          TPS(ops/s)   Net(M/s)   Get_miss   Min(us)  Max(us)    Avg(us)    Std_dev    Geo_dist  
Period   10       60798        6079         0.8        0          1088     369011     31707      32103.90   21821.59
Global   430      2553056      5937         0.8        0          658      1112458    32495      36994.66   22319.68

Total Statistics
Type     Time(s)  Ops          TPS(ops/s)   Net(M/s)   Get_miss   Min(us)  Max(us)    Avg(us)    Std_dev    Geo_dist  
Period   10       60798        6079         0.8        0          1088     369011     31707      32103.90   21821.59
Global   430      2553056      5937         0.8        0          658      1112458    32495      36994.66   22319.68

[1;1H[2J
Get Statistics
Type     Time(s)  Ops          TPS(ops/s)   Net(M/s)   Get_miss   Min(us)  Max(us)    Avg(us)    Std_dev    Geo_dist  
Period   10       62214        6221         0.8        0          963      548777     30955      31689.01   21950.81
Global   440      2615270      5943         0.9        0          658      1112458    32459      36877.49   22310.84

Total Statistics
Type     Time(s)  Ops          TPS(ops/s)   Net(M/s)   Get_miss   Min(us)  Max(us)    Avg(us)    Std_dev    Geo_dist  
Period   10       62214        6221         0.8        0          963      548777     30954      31689.94   21947.44
Global   440      2615270      5943         0.9        0          658      1112458    32459      36877.49   22310.84

[1;1H[2J
Get Statistics
Type     Time(s)  Ops          TPS(ops/s)   Net(M/s)   Get_miss   Min(us)  Max(us)    Avg(us)    Std_dev    Geo_dist  
Period   10       60329        6032         0.8        0          993      306227     31960      30985.18   22316.60
Global   450      2675599      5945         0.8        0          658      1112458    32448      36754.89   22310.97

Total Statistics
Type     Time(s)  Ops          TPS(ops/s)   Net(M/s)   Get_miss   Min(us)  Max(us)    Avg(us)    Std_dev    Geo_dist  
Period   10       60329        6032         0.8        0          993      306227     31960      30985.18   22316.60
Global   450      2675599      5945         0.8        0          658      1112458    32448      36754.89   22310.97

[1;1H[2J
Get Statistics
Type     Time(s)  Ops          TPS(ops/s)   Net(M/s)   Get_miss   Min(us)  Max(us)    Avg(us)    Std_dev    Geo_dist  
Period   10       59436        5943         0.8        0          1117     414713     32439      34937.35   22642.42
Global   460      2735035      5945         0.8        0          658      1112458    32447      36717.05   22318.12

Total Statistics
Type     Time(s)  Ops          TPS(ops/s)   Net(M/s)   Get_miss   Min(us)  Max(us)    Avg(us)    Std_dev    Geo_dist  
Period   10       59436        5943         0.8        0          1117     414713     32439      34937.35   22642.42
Global   460      2735035      5945         0.8        0          658      1112458    32447      36717.05   22318.12

[1;1H[2J
Get Statistics
Type     Time(s)  Ops          TPS(ops/s)   Net(M/s)   Get_miss   Min(us)  Max(us)    Avg(us)    Std_dev    Geo_dist  
Period   10       62058        6205         0.8        0          1068     247577     31069      28533.62   22379.10
Global   470      2797093      5951         0.9        0          658      1112458    32417      36555.42   22319.47

Total Statistics
Type     Time(s)  Ops          TPS(ops/s)   Net(M/s)   Get_miss   Min(us)  Max(us)    Avg(us)    Std_dev    Geo_dist  
Period   10       62058        6205         0.8        0          1068     247577     31069      28533.62   22379.10
Global   470      2797093      5951         0.9        0          658      1112458    32417      36555.42   22319.47

[1;1H[2J
Get Statistics
Type     Time(s)  Ops          TPS(ops/s)   Net(M/s)   Get_miss   Min(us)  Max(us)    Avg(us)    Std_dev    Geo_dist  
Period   10       59238        5923         0.8        0          1049     263099     32529      31232.67   22856.78
Global   480      2856331      5950         0.8        0          658      1112458    32419      36453.21   22330.48

Total Statistics
Type     Time(s)  Ops          TPS(ops/s)   Net(M/s)   Get_miss   Min(us)  Max(us)    Avg(us)    Std_dev    Geo_dist  
Period   10       59238        5923         0.8        0          1049     263099     32529      31232.67   22856.78
Global   480      2856331      5950         0.8        0          658      1112458    32419      36453.21   22330.48

[1;1H[2J
Get Statistics
Type     Time(s)  Ops          TPS(ops/s)   Net(M/s)   Get_miss   Min(us)  Max(us)    Avg(us)    Std_dev    Geo_dist  
Period   10       57764        5776         0.8        0          1015     472556     33243      37544.50   21959.17
Global   490      2914095      5947         0.8        0          658      1112458    32435      36475.63   22323.06

Total Statistics
Type     Time(s)  Ops          TPS(ops/s)   Net(M/s)   Get_miss   Min(us)  Max(us)    Avg(us)    Std_dev    Geo_dist  
Period   10       57764        5776         0.8        0          1015     472556     33243      37544.50   21959.17
Global   490      2914095      5947         0.8        0          658      1112458    32435      36475.63   22323.06

[1;1H[2J
Get Statistics
Type     Time(s)  Ops          TPS(ops/s)   Net(M/s)   Get_miss   Min(us)  Max(us)    Avg(us)    Std_dev    Geo_dist  
Period   10       57340        5734         0.8        0          749      398348     33731      36591.49   22943.60
Global   500      2971435      5942         0.8        0          658      1112458    32460      36478.31   22334.88

Total Statistics
Type     Time(s)  Ops          TPS(ops/s)   Net(M/s)   Get_miss   Min(us)  Max(us)    Avg(us)    Std_dev    Geo_dist  
Period   10       57340        5734         0.8        0          749      398348     33731      36591.49   22943.60
Global   500      2971435      5942         0.8        0          658      1112458    32460      36478.31   22334.88

[1;1H[2J
Get Statistics
Type     Time(s)  Ops          TPS(ops/s)   Net(M/s)   Get_miss   Min(us)  Max(us)    Avg(us)    Std_dev    Geo_dist  
Period   10       56348        5634         0.8        0          867      638050     34022      47245.54   22208.73
Global   510      3027783      5936         0.8        0          658      1112458    32489      36708.20   22332.52

Total Statistics
Type     Time(s)  Ops          TPS(ops/s)   Net(M/s)   Get_miss   Min(us)  Max(us)    Avg(us)    Std_dev    Geo_dist  
Period   10       56348        5634         0.8        0          867      638050     34022      47245.54   22208.73
Global   510      3027783      5936         0.8        0          658      1112458    32489      36708.20   22332.52

[1;1H[2J
Get Statistics
Type     Time(s)  Ops          TPS(ops/s)   Net(M/s)   Get_miss   Min(us)  Max(us)    Avg(us)    Std_dev    Geo_dist  
Period   10       62789        6278         0.8        0          774      242590     30823      29251.54   21395.20
Global   520      3090572      5943         0.9        0          658      1112458    32456      36571.84   22313.08

Total Statistics
Type     Time(s)  Ops          TPS(ops/s)   Net(M/s)   Get_miss   Min(us)  Max(us)    Avg(us)    Std_dev    Geo_dist  
Period   10       62789        6278         0.8        0          774      242590     30823      29251.54   21395.20
Global   520      3090572      5943         0.9        0          658      1112458    32456      36571.84   22313.08

[1;1H[2J
Get Statistics
Type     Time(s)  Ops          TPS(ops/s)   Net(M/s)   Get_miss   Min(us)  Max(us)    Avg(us)    Std_dev    Geo_dist  
Period   10       54119        5411         0.8        0          1022     874655     35684      59878.43   22065.92
Global   530      3144691      5933         0.7        0          658      1112458    32511      37099.82   22308.80

Total Statistics
Type     Time(s)  Ops          TPS(ops/s)   Net(M/s)   Get_miss   Min(us)  Max(us)    Avg(us)    Std_dev    Geo_dist  
Period   10       54119        5411         0.8        0          1022     874655     35684      59878.43   22065.92
Global   530      3144691      5933         0.7        0          658      1112458    32511      37099.82   22308.80

[1;1H[2J
Get Statistics
Type     Time(s)  Ops          TPS(ops/s)   Net(M/s)   Get_miss   Min(us)  Max(us)    Avg(us)    Std_dev    Geo_dist  
Period   10       57131        5713         0.8        0          962      1064516    33737      50070.39   22445.82
Global   540      3201822      5929         0.8        0          658      1112458    32533      37370.96   22311.24

Total Statistics
Type     Time(s)  Ops          TPS(ops/s)   Net(M/s)   Get_miss   Min(us)  Max(us)    Avg(us)    Std_dev    Geo_dist  
Period   10       57131        5713         0.8        0          962      1064516    33737      50070.39   22445.82
Global   540      3201822      5929         0.8        0          658      1112458    32533      37370.96   22311.24

[1;1H[2J
Get Statistics
Type     Time(s)  Ops          TPS(ops/s)   Net(M/s)   Get_miss   Min(us)  Max(us)    Avg(us)    Std_dev    Geo_dist  
Period   10       51871        5187         0.8        0          675      1787848    37151      71373.50   22125.15
Global   550      3253693      5915         0.7        0          658      1787848    32607      38155.53   22308.26

Total Statistics
Type     Time(s)  Ops          TPS(ops/s)   Net(M/s)   Get_miss   Min(us)  Max(us)    Avg(us)    Std_dev    Geo_dist  
Period   10       51871        5187         0.8        0          675      1787848    37151      71373.50   22125.15
Global   550      3253693      5915         0.7        0          658      1787848    32607      38155.53   22308.26

[1;1H[2J
Get Statistics
Type     Time(s)  Ops          TPS(ops/s)   Net(M/s)   Get_miss   Min(us)  Max(us)    Avg(us)    Std_dev    Geo_dist  
Period   10       60977        6097         0.8        0          723      377861     31593      35686.67   21088.80
Global   560      3314670      5919         0.8        0          658      1787848    32588      38112.09   22285.20

Total Statistics
Type     Time(s)  Ops          TPS(ops/s)   Net(M/s)   Get_miss   Min(us)  Max(us)    Avg(us)    Std_dev    Geo_dist  
Period   10       60977        6097         0.8        0          723      377861     31593      35686.67   21088.80
Global   560      3314670      5919         0.8        0          658      1787848    32588      38112.09   22285.20

[1;1H[2J
Get Statistics
Type     Time(s)  Ops          TPS(ops/s)   Net(M/s)   Get_miss   Min(us)  Max(us)    Avg(us)    Std_dev    Geo_dist  
Period   10       58640        5864         0.8        0          906      340543     32846      36396.19   21483.32
Global   570      3373310      5918         0.8        0          658      1787848    32593      38082.49   22271.01

Total Statistics
Type     Time(s)  Ops          TPS(ops/s)   Net(M/s)   Get_miss   Min(us)  Max(us)    Avg(us)    Std_dev    Geo_dist  
Period   10       58640        5864         0.8        0          906      340543     32846      36396.19   21483.32
Global   570      3373310      5918         0.8        0          658      1787848    32593      38082.49   22271.01

[1;1H[2J
Get Statistics
Type     Time(s)  Ops          TPS(ops/s)   Net(M/s)   Get_miss   Min(us)  Max(us)    Avg(us)    Std_dev    Geo_dist  
Period   10       58622        5862         0.8        0          680      435191     32948      38565.03   21522.22
Global   580      3431932      5917         0.8        0          658      1787848    32599      38090.86   22258.00

Total Statistics
Type     Time(s)  Ops          TPS(ops/s)   Net(M/s)   Get_miss   Min(us)  Max(us)    Avg(us)    Std_dev    Geo_dist  
Period   10       58622        5862         0.8        0          680      435191     32948      38565.03   21522.22
Global   580      3431932      5917         0.8        0          658      1787848    32599      38090.86   22258.00

[1;1H[2J
Get Statistics
Type     Time(s)  Ops          TPS(ops/s)   Net(M/s)   Get_miss   Min(us)  Max(us)    Avg(us)    Std_dev    Geo_dist  
Period   10       55970        5597         0.8        0          1087     337117     34372      37388.05   23266.62
Global   590      3487902      5911         0.8        0          658      1787848    32627      38080.72   22273.84

Total Statistics
Type     Time(s)  Ops          TPS(ops/s)   Net(M/s)   Get_miss   Min(us)  Max(us)    Avg(us)    Std_dev    Geo_dist  
Period   10       55970        5597         0.8        0          1087     337117     34372      37388.05   23266.62
Global   590      3487902      5911         0.8        0          658      1787848    32627      38080.72   22273.84

[1;1H[2J
Get Statistics
Type     Time(s)  Ops          TPS(ops/s)   Net(M/s)   Get_miss   Min(us)  Max(us)    Avg(us)    Std_dev    Geo_dist  
Period   10       60222        6022         0.8        0          752      294627     32046      32856.95   22243.69
Global   600      3548124      5913         0.8        0          658      1787848    32617      37998.24   22273.32

Total Statistics
Type     Time(s)  Ops          TPS(ops/s)   Net(M/s)   Get_miss   Min(us)  Max(us)    Avg(us)    Std_dev    Geo_dist  
Period   10       60222        6022         0.8        0          752      294627     32046      32856.95   22243.69
Global   600      3548124      5913         0.8        0          658      1787848    32617      37998.24   22273.32

Get Statistics (3548316 events)
   Min:       658
   Max:   1787848
   Avg:     32620
   Geo:  22274.53
   Std:  38002.03
   Log2 Dist:
       8:        0        0      191    12603
      12:    80290    49585   1363106   835903
      16:   818896   319097    57296     9402
      20:     1759      188

Total Statistics (3548316 events)
   Min:       658
   Max:   1787848
   Avg:     32620
   Geo:  22274.53
   Std:  38002.03
   Log2 Dist:
       8:        0        0      191    12603
      12:    80290    49585   1363106   835903
      16:   818896   319097    57296     9402
      20:     1759      188

cmd_get: 3548508
cmd_set: 196608
get_misses: 0
written_bytes: 109520232
read_bytes: 587045004
object_bytes: 28311552

Run time: 602.8s Ops: 3745116 TPS: 6212 Net_rate: 1.1M/s
