servers : 10.0.0.6:11212
threads count: 1
concurrency: 1
run time: 360s
windows size: 1k
set proportion: set_prop=0.00
get proportion: get_prop=1.00
[1;1H[2J
Get Statistics
Type     Time(s)  Ops          TPS(ops/s)   Net(M/s)   Get_miss   Min(us)  Max(us)    Avg(us)    Std_dev    Geo_dist  
Period   10       2028         202          0.0        0          494      35461      4947       2781.79    3953.36
Global   10       2028         202          0.0        0          494      35461      4947       2781.79    3953.36

Total Statistics
Type     Time(s)  Ops          TPS(ops/s)   Net(M/s)   Get_miss   Min(us)  Max(us)    Avg(us)    Std_dev    Geo_dist  
Period   10       2028         202          0.0        0          494      35461      4947       2781.79    3953.36
Global   10       2028         202          0.0        0          494      35461      4947       2781.79    3953.36

[1;1H[2J
Get Statistics
Type     Time(s)  Ops          TPS(ops/s)   Net(M/s)   Get_miss   Min(us)  Max(us)    Avg(us)    Std_dev    Geo_dist  
Period   10       1708         170          0.0        0          657      39428      5875       2387.97    5236.90
Global   20       3736         186          0.0        0          494      39428      5371       2649.97    4495.63

Total Statistics
Type     Time(s)  Ops          TPS(ops/s)   Net(M/s)   Get_miss   Min(us)  Max(us)    Avg(us)    Std_dev    Geo_dist  
Period   10       1708         170          0.0        0          657      39428      5875       2387.97    5236.90
Global   20       3736         186          0.0        0          494      39428      5371       2649.97    4495.63

[1;1H[2J
Get Statistics
Type     Time(s)  Ops          TPS(ops/s)   Net(M/s)   Get_miss   Min(us)  Max(us)    Avg(us)    Std_dev    Geo_dist  
Period   10       1471         147          0.0        0          773      18294      6822       2064.17    6299.11
Global   30       5207         173          0.0        0          494      39428      5781       2582.06    4945.09

Total Statistics
Type     Time(s)  Ops          TPS(ops/s)   Net(M/s)   Get_miss   Min(us)  Max(us)    Avg(us)    Std_dev    Geo_dist  
Period   10       1471         147          0.0        0          773      18294      6822       2064.17    6299.11
Global   30       5207         173          0.0        0          494      39428      5781       2582.06    4945.09

[1;1H[2J
Get Statistics
Type     Time(s)  Ops          TPS(ops/s)   Net(M/s)   Get_miss   Min(us)  Max(us)    Avg(us)    Std_dev    Geo_dist  
Period   10       1408         140          0.0        0          651      27938      7124       2032.51    6566.40
Global   40       6615         165          0.0        0          494      39428      6067       2535.17    5252.76

Total Statistics
Type     Time(s)  Ops          TPS(ops/s)   Net(M/s)   Get_miss   Min(us)  Max(us)    Avg(us)    Std_dev    Geo_dist  
Period   10       1408         140          0.0        0          651      27938      7124       2032.51    6566.40
Global   40       6615         165          0.0        0          494      39428      6067       2535.17    5252.76

[1;1H[2J
Get Statistics
Type     Time(s)  Ops          TPS(ops/s)   Net(M/s)   Get_miss   Min(us)  Max(us)    Avg(us)    Std_dev    Geo_dist  
Period   10       1335         133          0.0        0          624      80067      7518       2924.42    6881.78
Global   50       7950         159          0.0        0          494      80067      6311       2659.48    5496.51

Total Statistics
Type     Time(s)  Ops          TPS(ops/s)   Net(M/s)   Get_miss   Min(us)  Max(us)    Avg(us)    Std_dev    Geo_dist  
Period   10       1335         133          0.0        0          624      80067      7518       2924.42    6881.78
Global   50       7950         159          0.0        0          494      80067      6311       2659.48    5496.51

[1;1H[2J
Get Statistics
Type     Time(s)  Ops          TPS(ops/s)   Net(M/s)   Get_miss   Min(us)  Max(us)    Avg(us)    Std_dev    Geo_dist  
Period   10       1327         132          0.0        0          720      31148      7565       1895.11    7017.82
Global   60       9277         154          0.0        0          494      80067      6490       2602.31    5692.02

Total Statistics
Type     Time(s)  Ops          TPS(ops/s)   Net(M/s)   Get_miss   Min(us)  Max(us)    Avg(us)    Std_dev    Geo_dist  
Period   10       1327         132          0.0        0          720      31148      7565       1895.11    7017.82
Global   60       9277         154          0.0        0          494      80067      6490       2602.31    5692.02

[1;1H[2J
Get Statistics
Type     Time(s)  Ops          TPS(ops/s)   Net(M/s)   Get_miss   Min(us)  Max(us)    Avg(us)    Std_dev    Geo_dist  
Period   10       1289         128          0.0        0          655      32121      7781       1494.96    7484.05
Global   70       10566        150          0.0        0          494      80067      6647       2530.49    5885.29

Total Statistics
Type     Time(s)  Ops          TPS(ops/s)   Net(M/s)   Get_miss   Min(us)  Max(us)    Avg(us)    Std_dev    Geo_dist  
Period   10       1289         128          0.0        0          655      32121      7781       1494.96    7484.05
Global   70       10566        150          0.0        0          494      80067      6647       2530.49    5885.29

[1;1H[2J
Get Statistics
Type     Time(s)  Ops          TPS(ops/s)   Net(M/s)   Get_miss   Min(us)  Max(us)    Avg(us)    Std_dev    Geo_dist  
Period   10       1315         131          0.0        0          740      13172      7635       1527.04    7237.18
Global   80       11881        148          0.0        0          494      80067      6757       2457.61    6021.53

Total Statistics
Type     Time(s)  Ops          TPS(ops/s)   Net(M/s)   Get_miss   Min(us)  Max(us)    Avg(us)    Std_dev    Geo_dist  
Period   10       1315         131          0.0        0          740      13172      7635       1527.04    7237.18
Global   80       11881        148          0.0        0          494      80067      6757       2457.61    6021.53

[1;1H[2J
Get Statistics
Type     Time(s)  Ops          TPS(ops/s)   Net(M/s)   Get_miss   Min(us)  Max(us)    Avg(us)    Std_dev    Geo_dist  
Period   10       1314         131          0.0        0          534      40629      7637       1884.64    7153.07
Global   90       13195        146          0.0        0          494      80067      6844       2422.79    6125.68

Total Statistics
Type     Time(s)  Ops          TPS(ops/s)   Net(M/s)   Get_miss   Min(us)  Max(us)    Avg(us)    Std_dev    Geo_dist  
Period   10       1314         131          0.0        0          534      40629      7637       1884.64    7153.07
Global   90       13195        146          0.0        0          494      80067      6844       2422.79    6125.68

[1;1H[2J
Get Statistics
Type     Time(s)  Ops          TPS(ops/s)   Net(M/s)   Get_miss   Min(us)  Max(us)    Avg(us)    Std_dev    Geo_dist  
Period   10       1296         129          0.0        0          711      63625      7743       2203.19    7341.51
Global   100      14491        144          0.0        0          494      80067      6925       2415.84    6225.68

Total Statistics
Type     Time(s)  Ops          TPS(ops/s)   Net(M/s)   Get_miss   Min(us)  Max(us)    Avg(us)    Std_dev    Geo_dist  
Period   10       1296         129          0.0        0          711      63625      7743       2203.19    7341.51
Global   100      14491        144          0.0        0          494      80067      6925       2415.84    6225.68

[1;1H[2J
Get Statistics
Type     Time(s)  Ops          TPS(ops/s)   Net(M/s)   Get_miss   Min(us)  Max(us)    Avg(us)    Std_dev    Geo_dist  
Period   10       1316         131          0.0        0          573      19791      7623       1756.45    7145.76
Global   110      15807        143          0.0        0          494      80067      6983       2376.08    6297.53

Total Statistics
Type     Time(s)  Ops          TPS(ops/s)   Net(M/s)   Get_miss   Min(us)  Max(us)    Avg(us)    Std_dev    Geo_dist  
Period   10       1316         131          0.0        0          573      19791      7623       1756.45    7145.76
Global   110      15807        143          0.0        0          494      80067      6983       2376.08    6297.53

[1;1H[2J
Get Statistics
Type     Time(s)  Ops          TPS(ops/s)   Net(M/s)   Get_miss   Min(us)  Max(us)    Avg(us)    Std_dev    Geo_dist  
Period   10       1319         131          0.0        0          664      40979      7611       1963.66    7126.94
Global   120      17126        142          0.0        0          494      80067      7031       2353.90    6357.83

Total Statistics
Type     Time(s)  Ops          TPS(ops/s)   Net(M/s)   Get_miss   Min(us)  Max(us)    Avg(us)    Std_dev    Geo_dist  
Period   10       1319         131          0.0        0          664      40979      7611       1963.66    7126.94
Global   120      17126        142          0.0        0          494      80067      7031       2353.90    6357.83

[1;1H[2J
Get Statistics
Type     Time(s)  Ops          TPS(ops/s)   Net(M/s)   Get_miss   Min(us)  Max(us)    Avg(us)    Std_dev    Geo_dist  
Period   10       1320         132          0.0        0          545      11299      7603       1643.50    7138.83
Global   130      18446        141          0.0        0          494      80067      7072       2314.80    6410.76

Total Statistics
Type     Time(s)  Ops          TPS(ops/s)   Net(M/s)   Get_miss   Min(us)  Max(us)    Avg(us)    Std_dev    Geo_dist  
Period   10       1320         132          0.0        0          545      11299      7603       1643.50    7138.83
Global   130      18446        141          0.0        0          494      80067      7072       2314.80    6410.76

[1;1H[2J
Get Statistics
Type     Time(s)  Ops          TPS(ops/s)   Net(M/s)   Get_miss   Min(us)  Max(us)    Avg(us)    Std_dev    Geo_dist  
Period   10       1304         130          0.0        0          731      19063      7696       1440.87    7352.44
Global   140      19750        141          0.0        0          494      80067      7113       2273.39    6469.04

Total Statistics
Type     Time(s)  Ops          TPS(ops/s)   Net(M/s)   Get_miss   Min(us)  Max(us)    Avg(us)    Std_dev    Geo_dist  
Period   10       1304         130          0.0        0          731      19063      7696       1440.87    7352.44
Global   140      19750        141          0.0        0          494      80067      7113       2273.39    6469.04

[1;1H[2J
Get Statistics
Type     Time(s)  Ops          TPS(ops/s)   Net(M/s)   Get_miss   Min(us)  Max(us)    Avg(us)    Std_dev    Geo_dist  
Period   10       1295         129          0.0        0          562      18476      7746       1422.49    7416.38
Global   150      21045        140          0.0        0          494      80067      7152       2235.43    6523.67

Total Statistics
Type     Time(s)  Ops          TPS(ops/s)   Net(M/s)   Get_miss   Min(us)  Max(us)    Avg(us)    Std_dev    Geo_dist  
Period   10       1295         129          0.0        0          562      18476      7746       1422.49    7416.38
Global   150      21045        140          0.0        0          494      80067      7152       2235.43    6523.67

[1;1H[2J
Get Statistics
Type     Time(s)  Ops          TPS(ops/s)   Net(M/s)   Get_miss   Min(us)  Max(us)    Avg(us)    Std_dev    Geo_dist  
Period   10       1321         132          0.0        0          469      30069      7597       1758.02    7110.68
Global   160      22366        139          0.0        0          469      80067      7179       2210.23    6556.95

Total Statistics
Type     Time(s)  Ops          TPS(ops/s)   Net(M/s)   Get_miss   Min(us)  Max(us)    Avg(us)    Std_dev    Geo_dist  
Period   10       1321         132          0.0        0          469      30069      7597       1758.02    7110.68
Global   160      22366        139          0.0        0          469      80067      7179       2210.23    6556.95

[1;1H[2J
Get Statistics
Type     Time(s)  Ops          TPS(ops/s)   Net(M/s)   Get_miss   Min(us)  Max(us)    Avg(us)    Std_dev    Geo_dist  
Period   10       1312         131          0.0        0          693      18058      7650       1587.91    7232.88
Global   170      23678        139          0.0        0          469      80067      7205       2183.36    6592.69

Total Statistics
Type     Time(s)  Ops          TPS(ops/s)   Net(M/s)   Get_miss   Min(us)  Max(us)    Avg(us)    Std_dev    Geo_dist  
Period   10       1312         131          0.0        0          693      18058      7650       1587.91    7232.88
Global   170      23678        139          0.0        0          469      80067      7205       2183.36    6592.69

[1;1H[2J
Get Statistics
Type     Time(s)  Ops          TPS(ops/s)   Net(M/s)   Get_miss   Min(us)  Max(us)    Avg(us)    Std_dev    Geo_dist  
Period   10       1315         131          0.0        0          571      49910      7634       2015.71    7143.67
Global   180      24993        138          0.0        0          469      80067      7227       2178.83    6620.59

Total Statistics
Type     Time(s)  Ops          TPS(ops/s)   Net(M/s)   Get_miss   Min(us)  Max(us)    Avg(us)    Std_dev    Geo_dist  
Period   10       1315         131          0.0        0          571      49910      7634       2015.71    7143.67
Global   180      24993        138          0.0        0          469      80067      7227       2178.83    6620.59

[1;1H[2J
Get Statistics
Type     Time(s)  Ops          TPS(ops/s)   Net(M/s)   Get_miss   Min(us)  Max(us)    Avg(us)    Std_dev    Geo_dist  
Period   10       1309         130          0.0        0          595      46035      7685       1994.58    7200.34
Global   190      26302        138          0.0        0          469      80067      7250       2171.59    6648.31

Total Statistics
Type     Time(s)  Ops          TPS(ops/s)   Net(M/s)   Get_miss   Min(us)  Max(us)    Avg(us)    Std_dev    Geo_dist  
Period   10       1309         130          0.0        0          595      46035      7685       1994.58    7200.34
Global   190      26302        138          0.0        0          469      80067      7250       2171.59    6648.31

[1;1H[2J
Get Statistics
Type     Time(s)  Ops          TPS(ops/s)   Net(M/s)   Get_miss   Min(us)  Max(us)    Avg(us)    Std_dev    Geo_dist  
Period   10       1324         132          0.0        0          654      13188      7607       1595.85    7155.29
Global   200      27626        138          0.0        0          469      80067      7267       2149.22    6671.77

Total Statistics
Type     Time(s)  Ops          TPS(ops/s)   Net(M/s)   Get_miss   Min(us)  Max(us)    Avg(us)    Std_dev    Geo_dist  
Period   10       1324         132          0.0        0          654      13188      7607       1595.85    7155.29
Global   200      27626        138          0.0        0          469      80067      7267       2149.22    6671.77

[1;1H[2J
Get Statistics
Type     Time(s)  Ops          TPS(ops/s)   Net(M/s)   Get_miss   Min(us)  Max(us)    Avg(us)    Std_dev    Geo_dist  
Period   10       1330         133          0.0        0          620      35804      7577       1917.31    7064.21
Global   210      28956        137          0.0        0          469      80067      7281       2140.89    6689.31

Total Statistics
Type     Time(s)  Ops          TPS(ops/s)   Net(M/s)   Get_miss   Min(us)  Max(us)    Avg(us)    Std_dev    Geo_dist  
Period   10       1330         133          0.0        0          620      35804      7577       1917.31    7064.21
Global   210      28956        137          0.0        0          469      80067      7281       2140.89    6689.31

[1;1H[2J
Get Statistics
Type     Time(s)  Ops          TPS(ops/s)   Net(M/s)   Get_miss   Min(us)  Max(us)    Avg(us)    Std_dev    Geo_dist  
Period   10       1323         132          0.0        0          558      31216      7613       1818.71    7116.42
Global   220      30279        137          0.0        0          469      80067      7296       2127.19    6707.42

Total Statistics
Type     Time(s)  Ops          TPS(ops/s)   Net(M/s)   Get_miss   Min(us)  Max(us)    Avg(us)    Std_dev    Geo_dist  
Period   10       1323         132          0.0        0          558      31216      7613       1818.71    7116.42
Global   220      30279        137          0.0        0          469      80067      7296       2127.19    6707.42

[1;1H[2J
Get Statistics
Type     Time(s)  Ops          TPS(ops/s)   Net(M/s)   Get_miss   Min(us)  Max(us)    Avg(us)    Std_dev    Geo_dist  
Period   10       1335         133          0.0        0          560      17261      7547       1697.63    7031.32
Global   230      31614        137          0.0        0          469      80067      7307       2110.01    6720.79

Total Statistics
Type     Time(s)  Ops          TPS(ops/s)   Net(M/s)   Get_miss   Min(us)  Max(us)    Avg(us)    Std_dev    Geo_dist  
Period   10       1335         133          0.0        0          560      17261      7547       1697.63    7031.32
Global   230      31614        137          0.0        0          469      80067      7307       2110.01    6720.79

[1;1H[2J
Get Statistics
Type     Time(s)  Ops          TPS(ops/s)   Net(M/s)   Get_miss   Min(us)  Max(us)    Avg(us)    Std_dev    Geo_dist  
Period   10       1311         131          0.0        0          585      80103      7684       2748.96    7073.90
Global   240      32925        137          0.0        0          469      80103      7322       2140.36    6734.51

Total Statistics
Type     Time(s)  Ops          TPS(ops/s)   Net(M/s)   Get_miss   Min(us)  Max(us)    Avg(us)    Std_dev    Geo_dist  
Period   10       1311         131          0.0        0          585      80103      7684       2748.96    7073.90
Global   240      32925        137          0.0        0          469      80103      7322       2140.36    6734.51

[1;1H[2J
Get Statistics
Type     Time(s)  Ops          TPS(ops/s)   Net(M/s)   Get_miss   Min(us)  Max(us)    Avg(us)    Std_dev    Geo_dist  
Period   10       1344         134          0.0        0          567      18496      7497       1900.20    6886.51
Global   250      34269        137          0.0        0          469      80103      7328       2134.67    6740.41

Total Statistics
Type     Time(s)  Ops          TPS(ops/s)   Net(M/s)   Get_miss   Min(us)  Max(us)    Avg(us)    Std_dev    Geo_dist  
Period   10       1344         134          0.0        0          567      18496      7497       1900.20    6886.51
Global   250      34269        137          0.0        0          469      80103      7328       2134.67    6740.41

[1;1H[2J
Get Statistics
Type     Time(s)  Ops          TPS(ops/s)   Net(M/s)   Get_miss   Min(us)  Max(us)    Avg(us)    Std_dev    Geo_dist  
Period   10       1341         134          0.0        0          619      14963      7516       1821.39    6941.75
Global   260      35610        136          0.0        0          469      80103      7336       2120.80    6747.88

Total Statistics
Type     Time(s)  Ops          TPS(ops/s)   Net(M/s)   Get_miss   Min(us)  Max(us)    Avg(us)    Std_dev    Geo_dist  
Period   10       1341         134          0.0        0          619      14963      7516       1821.39    6941.75
Global   260      35610        136          0.0        0          469      80103      7336       2120.80    6747.88

[1;1H[2J
Get Statistics
Type     Time(s)  Ops          TPS(ops/s)   Net(M/s)   Get_miss   Min(us)  Max(us)    Avg(us)    Std_dev    Geo_dist  
Period   10       1319         131          0.0        0          592      14858      7636       1547.77    7217.64
Global   270      36929        136          0.0        0          469      80103      7346       2106.24    6764.12

Total Statistics
Type     Time(s)  Ops          TPS(ops/s)   Net(M/s)   Get_miss   Min(us)  Max(us)    Avg(us)    Std_dev    Geo_dist  
Period   10       1319         131          0.0        0          592      14858      7636       1547.77    7217.64
Global   270      36929        136          0.0        0          469      80103      7346       2106.24    6764.12

[1;1H[2J
Get Statistics
Type     Time(s)  Ops          TPS(ops/s)   Net(M/s)   Get_miss   Min(us)  Max(us)    Avg(us)    Std_dev    Geo_dist  
Period   10       1302         130          0.0        0          653      19209      7741       1540.44    7376.16
Global   280      38231        136          0.0        0          469      80103      7360       2088.78    6784.10

Total Statistics
Type     Time(s)  Ops          TPS(ops/s)   Net(M/s)   Get_miss   Min(us)  Max(us)    Avg(us)    Std_dev    Geo_dist  
Period   10       1302         130          0.0        0          653      19209      7741       1540.44    7376.16
Global   280      38231        136          0.0        0          469      80103      7360       2088.78    6784.10

[1;1H[2J
Get Statistics
Type     Time(s)  Ops          TPS(ops/s)   Net(M/s)   Get_miss   Min(us)  Max(us)    Avg(us)    Std_dev    Geo_dist  
Period   10       1316         131          0.0        0          704      23838      7656       1716.41    7195.56
Global   290      39547        136          0.0        0          469      80103      7370       2077.59    6797.41

Total Statistics
Type     Time(s)  Ops          TPS(ops/s)   Net(M/s)   Get_miss   Min(us)  Max(us)    Avg(us)    Std_dev    Geo_dist  
Period   10       1316         131          0.0        0          704      23838      7656       1716.41    7195.56
Global   290      39547        136          0.0        0          469      80103      7370       2077.59    6797.41

[1;1H[2J
Get Statistics
Type     Time(s)  Ops          TPS(ops/s)   Net(M/s)   Get_miss   Min(us)  Max(us)    Avg(us)    Std_dev    Geo_dist  
Period   10       1337         133          0.0        0          606      24696      7533       1899.77    6953.73
Global   300      40884        136          0.0        0          469      80103      7375       2073.37    6802.47

Total Statistics
Type     Time(s)  Ops          TPS(ops/s)   Net(M/s)   Get_miss   Min(us)  Max(us)    Avg(us)    Std_dev    Geo_dist  
Period   10       1337         133          0.0        0          606      24696      7533       1899.77    6953.73
Global   300      40884        136          0.0        0          469      80103      7375       2073.37    6802.47

[1;1H[2J
Get Statistics
Type     Time(s)  Ops          TPS(ops/s)   Net(M/s)   Get_miss   Min(us)  Max(us)    Avg(us)    Std_dev    Geo_dist  
Period   10       1342         134          0.0        0          643      17598      7507       1835.89    6932.52
Global   310      42226        136          0.0        0          469      80103      7379       2067.05    6806.56

Total Statistics
Type     Time(s)  Ops          TPS(ops/s)   Net(M/s)   Get_miss   Min(us)  Max(us)    Avg(us)    Std_dev    Geo_dist  
Period   10       1342         134          0.0        0          643      17598      7507       1835.89    6932.52
Global   310      42226        136          0.0        0          469      80103      7379       2067.05    6806.56

[1;1H[2J
Get Statistics
Type     Time(s)  Ops          TPS(ops/s)   Net(M/s)   Get_miss   Min(us)  Max(us)    Avg(us)    Std_dev    Geo_dist  
Period   10       1313         131          0.0        0          683      20870      7677       1683.13    7234.72
Global   320      43539        136          0.0        0          469      80103      7388       2057.09    6819.10

Total Statistics
Type     Time(s)  Ops          TPS(ops/s)   Net(M/s)   Get_miss   Min(us)  Max(us)    Avg(us)    Std_dev    Geo_dist  
Period   10       1313         131          0.0        0          683      20870      7677       1683.13    7234.72
Global   320      43539        136          0.0        0          469      80103      7388       2057.09    6819.10

[1;1H[2J
Get Statistics
Type     Time(s)  Ops          TPS(ops/s)   Net(M/s)   Get_miss   Min(us)  Max(us)    Avg(us)    Std_dev    Geo_dist  
Period   10       1315         131          0.0        0          631      12593      7659       1577.63    7226.81
Global   330      44854        135          0.0        0          469      80103      7396       2044.93    6830.71

Total Statistics
Type     Time(s)  Ops          TPS(ops/s)   Net(M/s)   Get_miss   Min(us)  Max(us)    Avg(us)    Std_dev    Geo_dist  
Period   10       1315         131          0.0        0          631      12593      7659       1577.63    7226.81
Global   330      44854        135          0.0        0          469      80103      7396       2044.93    6830.71

[1;1H[2J
Get Statistics
Type     Time(s)  Ops          TPS(ops/s)   Net(M/s)   Get_miss   Min(us)  Max(us)    Avg(us)    Std_dev    Geo_dist  
Period   10       1295         129          0.0        0          738      20777      7780       1404.39    7479.98
Global   340      46149        135          0.0        0          469      80103      7407       2029.88    6848.14

Total Statistics
Type     Time(s)  Ops          TPS(ops/s)   Net(M/s)   Get_miss   Min(us)  Max(us)    Avg(us)    Std_dev    Geo_dist  
Period   10       1295         129          0.0        0          738      20777      7780       1404.39    7479.98
Global   340      46149        135          0.0        0          469      80103      7407       2029.88    6848.14

[1;1H[2J
Get Statistics
Type     Time(s)  Ops          TPS(ops/s)   Net(M/s)   Get_miss   Min(us)  Max(us)    Avg(us)    Std_dev    Geo_dist  
Period   10       1323         132          0.0        0          660      18356      7616       1695.95    7144.18
Global   350      47472        135          0.0        0          469      80103      7413       2020.95    6856.22

Total Statistics
Type     Time(s)  Ops          TPS(ops/s)   Net(M/s)   Get_miss   Min(us)  Max(us)    Avg(us)    Std_dev    Geo_dist  
Period   10       1323         132          0.0        0          660      18356      7616       1695.95    7144.18
Global   350      47472        135          0.0        0          469      80103      7413       2020.95    6856.22

[1;1H[2J
Get Statistics
Type     Time(s)  Ops          TPS(ops/s)   Net(M/s)   Get_miss   Min(us)  Max(us)    Avg(us)    Std_dev    Geo_dist  
Period   10       1875         187          0.0        0          602      21362      5374       2248.40    4862.35
Global   360      49347        137          0.0        0          469      80103      7335       2068.99    6767.28

Total Statistics
Type     Time(s)  Ops          TPS(ops/s)   Net(M/s)   Get_miss   Min(us)  Max(us)    Avg(us)    Std_dev    Geo_dist  
Period   10       1875         187          0.0        0          602      21362      5374       2248.40    4862.35
Global   360      49347        137          0.0        0          469      80103      7335       2068.99    6767.28

Get Statistics (49348 events)
   Min:       469
   Max:     80103
   Avg:      7335
   Geo:   6767.36
   Std:   2069.39
   Log2 Dist:
       8:        0        2     1595     1253
      12:     1689    35130     9611       57
      16:        9        2

Total Statistics (49348 events)
   Min:       469
   Max:     80103
   Avg:      7335
   Geo:   6767.36
   Std:   2069.39
   Log2 Dist:
       8:        0        2     1595     1253
      12:     1689    35130     9611       57
      16:        9        2

cmd_get: 49349
cmd_set: 1024
get_misses: 0
written_bytes: 1249496
read_bytes: 8150612
object_bytes: 147456

Run time: 362.1s Ops: 50373 TPS: 139 Net_rate: 0.0M/s
