type,flag,timeCreated,timeEnqueued,timeDequeued,timeForwarded,timeReceived,timeReturned
SET,STORED,1478605801010,1478605801010,1478605801012,1478605801012,1478605801014,1478605801034
SET,STORED,1478605802509,1478605802509,1478605802515,1478605802515,1478605802519,1478605802519
SET,STORED,1478605803868,1478605803868,1478605803882,1478605803882,1478605803882,1478605803882
SET,STORED,1478605805304,1478605805304,1478605805311,1478605805311,1478605805312,1478605805312
SET,STORED,1478605806643,1478605806643,1478605806659,1478605806659,1478605806662,1478605806662
SET,STORED,1478605808060,1478605808060,1478605808067,1478605808067,1478605808070,1478605808070
SET,STORED,1478605809392,1478605809392,1478605809402,1478605809402,1478605809402,1478605809402
SET,STORED,1478605810624,1478605810624,1478605810631,1478605810631,1478605810634,1478605810634
SET,STORED,1478605811819,1478605811819,1478605811827,1478605811827,1478605811828,1478605811828
SET,STORED,1478605813258,1478605813258,1478605813274,1478605813274,1478605813278,1478605813278
SET,STORED,1478605814695,1478605814695,1478605814707,1478605814707,1478605814708,1478605814708
GET,GET_SUCCESS,1478605815020,1478605815020,1478605815020,1478605815021,1478605815021,1478605815021
GET,GET_SUCCESS,1478605815524,1478605815524,1478605815524,1478605815524,1478605815526,1478605815526
GET,GET_SUCCESS,1478605815969,1478605815969,1478605815969,1478605815969,1478605815970,1478605815970
GET,GET_SUCCESS,1478605816388,1478605816388,1478605816388,1478605816388,1478605816389,1478605816389
GET,GET_SUCCESS,1478605816943,1478605816943,1478605816943,1478605816943,1478605816944,1478605816944
GET,GET_SUCCESS,1478605817356,1478605817356,1478605817356,1478605817356,1478605817357,1478605817357
GET,GET_SUCCESS,1478605817880,1478605817880,1478605817880,1478605817880,1478605817881,1478605817881
GET,GET_SUCCESS,1478605818392,1478605818392,1478605818392,1478605818392,1478605818393,1478605818393
GET,GET_SUCCESS,1478605818884,1478605818884,1478605818884,1478605818884,1478605818885,1478605818885
GET,GET_SUCCESS,1478605819436,1478605819436,1478605819436,1478605819436,1478605819437,1478605819437
GET,GET_SUCCESS,1478605819924,1478605819924,1478605819924,1478605819924,1478605819925,1478605819925
GET,GET_SUCCESS,1478605820408,1478605820408,1478605820408,1478605820408,1478605820409,1478605820409
GET,GET_SUCCESS,1478605820792,1478605820792,1478605820792,1478605820792,1478605820792,1478605820792
GET,GET_SUCCESS,1478605821236,1478605821236,1478605821236,1478605821236,1478605821237,1478605821237
GET,GET_SUCCESS,1478605821744,1478605821744,1478605821744,1478605821744,1478605821746,1478605821746
GET,GET_SUCCESS,1478605822252,1478605822252,1478605822252,1478605822252,1478605822253,1478605822253
GET,GET_SUCCESS,1478605822752,1478605822752,1478605822752,1478605822752,1478605822753,1478605822753
GET,GET_SUCCESS,1478605823296,1478605823296,1478605823296,1478605823296,1478605823297,1478605823297
GET,GET_SUCCESS,1478605823812,1478605823812,1478605823812,1478605823812,1478605823813,1478605823813
GET,GET_SUCCESS,1478605824332,1478605824332,1478605824332,1478605824332,1478605824333,1478605824333
GET,GET_SUCCESS,1478605824896,1478605824896,1478605824896,1478605824896,1478605824897,1478605824897
GET,GET_SUCCESS,1478605825504,1478605825504,1478605825504,1478605825504,1478605825505,1478605825505
GET,GET_SUCCESS,1478605826132,1478605826132,1478605826132,1478605826132,1478605826133,1478605826133
GET,GET_SUCCESS,1478605826668,1478605826668,1478605826668,1478605826668,1478605826669,1478605826669
GET,GET_SUCCESS,1478605827228,1478605827228,1478605827228,1478605827228,1478605827229,1478605827229
GET,GET_SUCCESS,1478605827790,1478605827790,1478605827790,1478605827790,1478605827790,1478605827790
GET,GET_SUCCESS,1478605828404,1478605828404,1478605828404,1478605828404,1478605828405,1478605828405
GET,GET_SUCCESS,1478605828968,1478605828968,1478605828968,1478605828968,1478605828969,1478605828969
GET,GET_SUCCESS,1478605829564,1478605829564,1478605829564,1478605829564,1478605829565,1478605829565
GET,GET_SUCCESS,1478605830124,1478605830124,1478605830124,1478605830124,1478605830125,1478605830125
GET,GET_SUCCESS,1478605830728,1478605830728,1478605830728,1478605830728,1478605830729,1478605830729
GET,GET_SUCCESS,1478605831308,1478605831308,1478605831308,1478605831308,1478605831309,1478605831309
GET,GET_SUCCESS,1478605831868,1478605831868,1478605831868,1478605831868,1478605831869,1478605831869
GET,GET_SUCCESS,1478605832428,1478605832428,1478605832428,1478605832428,1478605832429,1478605832429
GET,GET_SUCCESS,1478605833028,1478605833028,1478605833028,1478605833028,1478605833029,1478605833029
GET,GET_SUCCESS,1478605833572,1478605833572,1478605833572,1478605833572,1478605833573,1478605833573
GET,GET_SUCCESS,1478605834216,1478605834216,1478605834216,1478605834216,1478605834217,1478605834217
GET,GET_SUCCESS,1478605834872,1478605834872,1478605834872,1478605834872,1478605834873,1478605834873
GET,GET_SUCCESS,1478605835508,1478605835508,1478605835508,1478605835508,1478605835509,1478605835509
GET,GET_SUCCESS,1478605836124,1478605836124,1478605836124,1478605836124,1478605836125,1478605836125
GET,GET_SUCCESS,1478605836784,1478605836784,1478605836784,1478605836784,1478605836785,1478605836785
GET,GET_SUCCESS,1478605837428,1478605837428,1478605837428,1478605837428,1478605837430,1478605837430
GET,GET_SUCCESS,1478605838064,1478605838064,1478605838064,1478605838064,1478605838065,1478605838065
GET,GET_SUCCESS,1478605838716,1478605838716,1478605838716,1478605838716,1478605838717,1478605838717
GET,GET_SUCCESS,1478605839416,1478605839416,1478605839416,1478605839416,1478605839418,1478605839418
GET,GET_SUCCESS,1478605840120,1478605840120,1478605840120,1478605840120,1478605840121,1478605840121
GET,GET_SUCCESS,1478605840848,1478605840848,1478605840848,1478605840848,1478605840849,1478605840849
GET,GET_SUCCESS,1478605841568,1478605841568,1478605841568,1478605841568,1478605841569,1478605841569
GET,GET_SUCCESS,1478605842272,1478605842272,1478605842272,1478605842272,1478605842273,1478605842273
GET,GET_SUCCESS,1478605842980,1478605842980,1478605842980,1478605842980,1478605842981,1478605842981
GET,GET_SUCCESS,1478605843705,1478605843705,1478605843705,1478605843705,1478605843706,1478605843706
GET,GET_SUCCESS,1478605844388,1478605844388,1478605844388,1478605844388,1478605844389,1478605844389
GET,GET_SUCCESS,1478605845096,1478605845096,1478605845096,1478605845096,1478605845097,1478605845097
GET,GET_SUCCESS,1478605845732,1478605845732,1478605845732,1478605845732,1478605845733,1478605845733
GET,GET_SUCCESS,1478605846400,1478605846400,1478605846400,1478605846400,1478605846401,1478605846401
GET,GET_SUCCESS,1478605847112,1478605847112,1478605847112,1478605847112,1478605847113,1478605847113
GET,GET_SUCCESS,1478605847836,1478605847836,1478605847836,1478605847836,1478605847837,1478605847837
GET,GET_SUCCESS,1478605848548,1478605848548,1478605848548,1478605848548,1478605848549,1478605848549
GET,GET_SUCCESS,1478605849252,1478605849252,1478605849252,1478605849252,1478605849253,1478605849253
GET,GET_SUCCESS,1478605849916,1478605849916,1478605849916,1478605849916,1478605849917,1478605849917
GET,GET_SUCCESS,1478605850620,1478605850620,1478605850620,1478605850620,1478605850621,1478605850621
GET,GET_SUCCESS,1478605851384,1478605851384,1478605851384,1478605851384,1478605851385,1478605851385
GET,GET_SUCCESS,1478605852120,1478605852120,1478605852120,1478605852120,1478605852121,1478605852121
GET,GET_SUCCESS,1478605852888,1478605852888,1478605852888,1478605852888,1478605852889,1478605852889
GET,GET_SUCCESS,1478605853608,1478605853608,1478605853608,1478605853609,1478605853609,1478605853609
GET,GET_SUCCESS,1478605854344,1478605854345,1478605854345,1478605854345,1478605854345,1478605854345
GET,GET_SUCCESS,1478605855068,1478605855068,1478605855068,1478605855069,1478605855069,1478605855069
GET,GET_SUCCESS,1478605855808,1478605855808,1478605855808,1478605855809,1478605855809,1478605855809
GET,GET_SUCCESS,1478605856549,1478605856549,1478605856549,1478605856549,1478605856549,1478605856549
GET,GET_SUCCESS,1478605857288,1478605857288,1478605857288,1478605857289,1478605857289,1478605857289
GET,GET_SUCCESS,1478605858084,1478605858084,1478605858085,1478605858085,1478605858085,1478605858085
GET,GET_SUCCESS,1478605858800,1478605858800,1478605858801,1478605858801,1478605858801,1478605858801
GET,GET_SUCCESS,1478605859557,1478605859557,1478605859557,1478605859557,1478605859557,1478605859557
GET,GET_SUCCESS,1478605860301,1478605860301,1478605860301,1478605860301,1478605860301,1478605860301
GET,GET_SUCCESS,1478605861040,1478605861041,1478605861041,1478605861041,1478605861041,1478605861041
GET,GET_SUCCESS,1478605861833,1478605861833,1478605861833,1478605861833,1478605861833,1478605861833
GET,GET_SUCCESS,1478605862585,1478605862585,1478605862585,1478605862585,1478605862585,1478605862585
GET,GET_SUCCESS,1478605863342,1478605863342,1478605863342,1478605863342,1478605863342,1478605863342
GET,GET_SUCCESS,1478605864133,1478605864133,1478605864133,1478605864133,1478605864133,1478605864133
GET,GET_SUCCESS,1478605864866,1478605864866,1478605864866,1478605864866,1478605864866,1478605864866
GET,GET_SUCCESS,1478605865605,1478605865605,1478605865605,1478605865605,1478605865606,1478605865606
GET,GET_SUCCESS,1478605866353,1478605866353,1478605866353,1478605866353,1478605866353,1478605866353
GET,GET_SUCCESS,1478605867097,1478605867097,1478605867097,1478605867097,1478605867097,1478605867097
GET,GET_SUCCESS,1478605867845,1478605867845,1478605867845,1478605867845,1478605867845,1478605867845
GET,GET_SUCCESS,1478605868605,1478605868605,1478605868605,1478605868605,1478605868605,1478605868605
GET,GET_SUCCESS,1478605869381,1478605869381,1478605869381,1478605869381,1478605869381,1478605869381
GET,GET_SUCCESS,1478605870105,1478605870105,1478605870105,1478605870105,1478605870105,1478605870105
GET,GET_SUCCESS,1478605870881,1478605870881,1478605870881,1478605870881,1478605870881,1478605870881
GET,GET_SUCCESS,1478605871633,1478605871633,1478605871633,1478605871633,1478605871633,1478605871633
GET,GET_SUCCESS,1478605872393,1478605872393,1478605872393,1478605872393,1478605872393,1478605872393
GET,GET_SUCCESS,1478605873165,1478605873165,1478605873165,1478605873165,1478605873165,1478605873165
GET,GET_SUCCESS,1478605873925,1478605873925,1478605873925,1478605873925,1478605873925,1478605873925
GET,GET_SUCCESS,1478605874669,1478605874669,1478605874669,1478605874669,1478605874669,1478605874669
GET,GET_SUCCESS,1478605875437,1478605875437,1478605875437,1478605875437,1478605875441,1478605875441
GET,GET_SUCCESS,1478605876209,1478605876209,1478605876209,1478605876209,1478605876209,1478605876209
GET,GET_SUCCESS,1478605876993,1478605876993,1478605876993,1478605876993,1478605876993,1478605876993
GET,GET_SUCCESS,1478605877777,1478605877777,1478605877777,1478605877777,1478605877777,1478605877777
GET,GET_SUCCESS,1478605878537,1478605878537,1478605878537,1478605878537,1478605878537,1478605878537
GET,GET_SUCCESS,1478605879329,1478605879329,1478605879329,1478605879329,1478605879329,1478605879329
GET,GET_SUCCESS,1478605880105,1478605880105,1478605880105,1478605880105,1478605880105,1478605880105
GET,GET_SUCCESS,1478605880934,1478605880934,1478605880934,1478605880934,1478605880935,1478605880935
GET,GET_SUCCESS,1478605881709,1478605881709,1478605881709,1478605881709,1478605881709,1478605881709
GET,GET_SUCCESS,1478605882469,1478605882469,1478605882469,1478605882469,1478605882469,1478605882469
GET,GET_SUCCESS,1478605883237,1478605883237,1478605883237,1478605883237,1478605883237,1478605883237
GET,GET_SUCCESS,1478605884029,1478605884029,1478605884029,1478605884029,1478605884029,1478605884029
GET,GET_SUCCESS,1478605884801,1478605884801,1478605884801,1478605884801,1478605884801,1478605884801
GET,GET_SUCCESS,1478605885561,1478605885561,1478605885561,1478605885561,1478605885561,1478605885561
GET,GET_SUCCESS,1478605886305,1478605886305,1478605886305,1478605886305,1478605886306,1478605886306
GET,GET_SUCCESS,1478605887089,1478605887089,1478605887089,1478605887089,1478605887089,1478605887089
GET,GET_SUCCESS,1478605887841,1478605887841,1478605887841,1478605887841,1478605887841,1478605887841
GET,GET_SUCCESS,1478605888609,1478605888609,1478605888609,1478605888609,1478605888609,1478605888609
GET,GET_SUCCESS,1478605889377,1478605889377,1478605889377,1478605889377,1478605889378,1478605889378
GET,GET_SUCCESS,1478605890161,1478605890161,1478605890161,1478605890161,1478605890161,1478605890161
GET,GET_SUCCESS,1478605890929,1478605890929,1478605890929,1478605890929,1478605890930,1478605890930
GET,GET_SUCCESS,1478605891661,1478605891661,1478605891661,1478605891661,1478605891661,1478605891661
GET,GET_SUCCESS,1478605892437,1478605892437,1478605892437,1478605892437,1478605892437,1478605892437
GET,GET_SUCCESS,1478605893181,1478605893181,1478605893181,1478605893181,1478605893181,1478605893181
GET,GET_SUCCESS,1478605893933,1478605893933,1478605893933,1478605893933,1478605893934,1478605893934
GET,GET_SUCCESS,1478605894717,1478605894717,1478605894717,1478605894717,1478605894717,1478605894717
GET,GET_SUCCESS,1478605895477,1478605895477,1478605895477,1478605895477,1478605895477,1478605895477
GET,GET_SUCCESS,1478605896253,1478605896253,1478605896253,1478605896253,1478605896253,1478605896253
GET,GET_SUCCESS,1478605897056,1478605897056,1478605897056,1478605897056,1478605897056,1478605897056
GET,GET_SUCCESS,1478605897837,1478605897837,1478605897837,1478605897837,1478605897837,1478605897837
GET,GET_SUCCESS,1478605898550,1478605898550,1478605898550,1478605898550,1478605898551,1478605898551
GET,GET_SUCCESS,1478605899317,1478605899317,1478605899317,1478605899317,1478605899318,1478605899318
GET,GET_SUCCESS,1478605900093,1478605900093,1478605900093,1478605900093,1478605900093,1478605900093
GET,GET_SUCCESS,1478605900797,1478605900797,1478605900797,1478605900797,1478605900798,1478605900798
GET,GET_SUCCESS,1478605901557,1478605901557,1478605901557,1478605901557,1478605901557,1478605901557
GET,GET_SUCCESS,1478605902309,1478605902309,1478605902309,1478605902309,1478605902310,1478605902310
GET,GET_SUCCESS,1478605903101,1478605903101,1478605903101,1478605903101,1478605903101,1478605903101
GET,GET_SUCCESS,1478605903893,1478605903893,1478605903893,1478605903893,1478605903893,1478605903894
GET,GET_SUCCESS,1478605904669,1478605904669,1478605904669,1478605904669,1478605904669,1478605904669
GET,GET_SUCCESS,1478605905413,1478605905413,1478605905413,1478605905413,1478605905413,1478605905413
GET,GET_SUCCESS,1478605906189,1478605906189,1478605906189,1478605906189,1478605906190,1478605906190
GET,GET_SUCCESS,1478605906965,1478605906965,1478605906965,1478605906965,1478605906966,1478605906966
GET,GET_SUCCESS,1478605907733,1478605907733,1478605907733,1478605907733,1478605907733,1478605907733
GET,GET_SUCCESS,1478605908493,1478605908493,1478605908493,1478605908493,1478605908493,1478605908493
GET,GET_SUCCESS,1478605909253,1478605909253,1478605909253,1478605909253,1478605909254,1478605909254
GET,GET_SUCCESS,1478605910006,1478605910006,1478605910006,1478605910006,1478605910007,1478605910007
GET,GET_SUCCESS,1478605910789,1478605910789,1478605910789,1478605910789,1478605910790,1478605910790
GET,GET_SUCCESS,1478605911549,1478605911549,1478605911549,1478605911549,1478605911549,1478605911549
GET,GET_SUCCESS,1478605912349,1478605912349,1478605912349,1478605912349,1478605912350,1478605912350
GET,GET_SUCCESS,1478605913173,1478605913173,1478605913173,1478605913173,1478605913173,1478605913173
GET,GET_SUCCESS,1478605913965,1478605913965,1478605913965,1478605913965,1478605913966,1478605913966
GET,GET_SUCCESS,1478605914733,1478605914733,1478605914733,1478605914733,1478605914733,1478605914733
GET,GET_SUCCESS,1478605915485,1478605915485,1478605915485,1478605915485,1478605915486,1478605915486
GET,GET_SUCCESS,1478605916233,1478605916233,1478605916233,1478605916233,1478605916233,1478605916233
GET,GET_SUCCESS,1478605917009,1478605917009,1478605917009,1478605917009,1478605917010,1478605917010
GET,GET_SUCCESS,1478605917793,1478605917793,1478605917793,1478605917793,1478605917793,1478605917793
GET,GET_SUCCESS,1478605918569,1478605918569,1478605918569,1478605918569,1478605918570,1478605918570
GET,GET_SUCCESS,1478605919313,1478605919313,1478605919313,1478605919313,1478605919313,1478605919313
GET,GET_SUCCESS,1478605920065,1478605920065,1478605920065,1478605920065,1478605920066,1478605920066
GET,GET_SUCCESS,1478605920813,1478605920813,1478605920813,1478605920813,1478605920814,1478605920814
GET,GET_SUCCESS,1478605921597,1478605921597,1478605921597,1478605921597,1478605921597,1478605921597
GET,GET_SUCCESS,1478605922357,1478605922357,1478605922357,1478605922357,1478605922358,1478605922358
GET,GET_SUCCESS,1478605923109,1478605923109,1478605923109,1478605923109,1478605923110,1478605923110
GET,GET_SUCCESS,1478605923845,1478605923845,1478605923845,1478605923845,1478605923846,1478605923846
GET,GET_SUCCESS,1478605924621,1478605924621,1478605924621,1478605924621,1478605924621,1478605924621
GET,GET_SUCCESS,1478605925401,1478605925401,1478605925401,1478605925401,1478605925402,1478605925402
GET,GET_SUCCESS,1478605926169,1478605926169,1478605926169,1478605926169,1478605926169,1478605926169
GET,GET_SUCCESS,1478605926889,1478605926889,1478605926889,1478605926889,1478605926890,1478605926890
GET,GET_SUCCESS,1478605927673,1478605927673,1478605927673,1478605927673,1478605927674,1478605927674
GET,GET_SUCCESS,1478605928449,1478605928449,1478605928449,1478605928449,1478605928449,1478605928449
GET,GET_SUCCESS,1478605929225,1478605929225,1478605929225,1478605929225,1478605929225,1478605929225
GET,GET_SUCCESS,1478605929985,1478605929985,1478605929985,1478605929985,1478605929986,1478605929986
GET,GET_SUCCESS,1478605930753,1478605930753,1478605930753,1478605930753,1478605930754,1478605930754
GET,GET_SUCCESS,1478605931513,1478605931513,1478605931513,1478605931513,1478605931513,1478605931513
GET,GET_SUCCESS,1478605932289,1478605932289,1478605932289,1478605932289,1478605932290,1478605932290
GET,GET_SUCCESS,1478605933041,1478605933041,1478605933041,1478605933041,1478605933042,1478605933042
GET,GET_SUCCESS,1478605933804,1478605933804,1478605933804,1478605933804,1478605933804,1478605933804
GET,GET_SUCCESS,1478605934553,1478605934553,1478605934553,1478605934553,1478605934554,1478605934554
GET,GET_SUCCESS,1478605935289,1478605935289,1478605935289,1478605935289,1478605935290,1478605935290
GET,GET_SUCCESS,1478605936053,1478605936053,1478605936053,1478605936053,1478605936054,1478605936054
GET,GET_SUCCESS,1478605936797,1478605936797,1478605936797,1478605936797,1478605936797,1478605936797
GET,GET_SUCCESS,1478605937565,1478605937565,1478605937565,1478605937565,1478605937566,1478605937566
GET,GET_SUCCESS,1478605938333,1478605938333,1478605938333,1478605938333,1478605938334,1478605938334
GET,GET_SUCCESS,1478605939077,1478605939077,1478605939077,1478605939077,1478605939078,1478605939078
GET,GET_SUCCESS,1478605939845,1478605939845,1478605939845,1478605939845,1478605939846,1478605939846
GET,GET_SUCCESS,1478605940605,1478605940605,1478605940605,1478605940605,1478605940606,1478605940606
GET,GET_SUCCESS,1478605941373,1478605941373,1478605941373,1478605941373,1478605941374,1478605941374
GET,GET_SUCCESS,1478605942149,1478605942149,1478605942149,1478605942149,1478605942150,1478605942150
GET,GET_SUCCESS,1478605942917,1478605942917,1478605942917,1478605942917,1478605942918,1478605942918
GET,GET_SUCCESS,1478605943669,1478605943669,1478605943669,1478605943669,1478605943670,1478605943670
GET,GET_SUCCESS,1478605944436,1478605944436,1478605944436,1478605944436,1478605944436,1478605944436
GET,GET_SUCCESS,1478605945189,1478605945189,1478605945189,1478605945189,1478605945190,1478605945190
GET,GET_SUCCESS,1478605945973,1478605945973,1478605945973,1478605945973,1478605945974,1478605945974
GET,GET_SUCCESS,1478605946749,1478605946749,1478605946749,1478605946749,1478605946750,1478605946750
GET,GET_SUCCESS,1478605947517,1478605947517,1478605947517,1478605947517,1478605947518,1478605947518
GET,GET_SUCCESS,1478605948295,1478605948295,1478605948295,1478605948295,1478605948295,1478605948295
GET,GET_SUCCESS,1478605949085,1478605949085,1478605949085,1478605949085,1478605949086,1478605949086
GET,GET_SUCCESS,1478605949853,1478605949853,1478605949853,1478605949853,1478605949854,1478605949854
GET,GET_SUCCESS,1478605950613,1478605950613,1478605950613,1478605950613,1478605950614,1478605950614
GET,GET_SUCCESS,1478605951365,1478605951365,1478605951365,1478605951365,1478605951366,1478605951366
GET,GET_SUCCESS,1478605952125,1478605952125,1478605952125,1478605952125,1478605952126,1478605952126
GET,GET_SUCCESS,1478605952885,1478605952885,1478605952885,1478605952885,1478605952886,1478605952886
GET,GET_SUCCESS,1478605953629,1478605953629,1478605953629,1478605953629,1478605953630,1478605953630
GET,GET_SUCCESS,1478605954413,1478605954413,1478605954413,1478605954413,1478605954414,1478605954414
GET,GET_SUCCESS,1478605955189,1478605955189,1478605955189,1478605955189,1478605955190,1478605955190
GET,GET_SUCCESS,1478605955949,1478605955949,1478605955949,1478605955949,1478605955950,1478605955950
GET,GET_SUCCESS,1478605956717,1478605956717,1478605956717,1478605956717,1478605956718,1478605956718
GET,GET_SUCCESS,1478605957493,1478605957493,1478605957493,1478605957493,1478605957494,1478605957494
GET,GET_SUCCESS,1478605958257,1478605958257,1478605958257,1478605958257,1478605958258,1478605958258
GET,GET_SUCCESS,1478605959021,1478605959021,1478605959021,1478605959021,1478605959022,1478605959022
GET,GET_SUCCESS,1478605959797,1478605959797,1478605959797,1478605959797,1478605959798,1478605959798
GET,GET_SUCCESS,1478605960589,1478605960589,1478605960589,1478605960589,1478605960590,1478605960590
GET,GET_SUCCESS,1478605961373,1478605961373,1478605961373,1478605961373,1478605961374,1478605961374
GET,GET_SUCCESS,1478605962165,1478605962165,1478605962165,1478605962165,1478605962166,1478605962166
GET,GET_SUCCESS,1478605962945,1478605962945,1478605962945,1478605962945,1478605962946,1478605962946
GET,GET_SUCCESS,1478605963714,1478605963714,1478605963714,1478605963714,1478605963715,1478605963715
GET,GET_SUCCESS,1478605964481,1478605964481,1478605964481,1478605964481,1478605964483,1478605964483
GET,GET_SUCCESS,1478605965265,1478605965265,1478605965265,1478605965265,1478605965266,1478605965266
GET,GET_SUCCESS,1478605966033,1478605966033,1478605966033,1478605966033,1478605966034,1478605966034
GET,GET_SUCCESS,1478605966769,1478605966769,1478605966769,1478605966769,1478605966770,1478605966770
GET,GET_SUCCESS,1478605967505,1478605967505,1478605967505,1478605967505,1478605967506,1478605967506
GET,GET_SUCCESS,1478605968289,1478605968289,1478605968289,1478605968289,1478605968291,1478605968291
GET,GET_SUCCESS,1478605969057,1478605969057,1478605969057,1478605969057,1478605969058,1478605969058
GET,GET_SUCCESS,1478605969809,1478605969809,1478605969809,1478605969809,1478605969810,1478605969810
GET,GET_SUCCESS,1478605970569,1478605970569,1478605970569,1478605970569,1478605970570,1478605970570
GET,GET_SUCCESS,1478605971297,1478605971297,1478605971297,1478605971297,1478605971298,1478605971298
GET,GET_SUCCESS,1478605972073,1478605972073,1478605972073,1478605972073,1478605972074,1478605972074
GET,GET_SUCCESS,1478605972866,1478605972866,1478605972866,1478605972866,1478605972867,1478605972867
GET,GET_SUCCESS,1478605973609,1478605973609,1478605973609,1478605973609,1478605973610,1478605973610
GET,GET_SUCCESS,1478605974361,1478605974361,1478605974361,1478605974361,1478605974362,1478605974362
GET,GET_SUCCESS,1478605975137,1478605975137,1478605975137,1478605975137,1478605975138,1478605975138
GET,GET_SUCCESS,1478605975921,1478605975921,1478605975921,1478605975921,1478605975922,1478605975922
GET,GET_SUCCESS,1478605976697,1478605976697,1478605976697,1478605976697,1478605976698,1478605976698
GET,GET_SUCCESS,1478605977450,1478605977450,1478605977450,1478605977450,1478605977451,1478605977451
GET,GET_SUCCESS,1478605978203,1478605978203,1478605978203,1478605978203,1478605978204,1478605978204
GET,GET_SUCCESS,1478605978981,1478605978981,1478605978981,1478605978981,1478605978982,1478605978982
GET,GET_SUCCESS,1478605979753,1478605979753,1478605979753,1478605979753,1478605979754,1478605979754
GET,GET_SUCCESS,1478605980533,1478605980533,1478605980533,1478605980533,1478605980534,1478605980534
GET,GET_SUCCESS,1478605981277,1478605981277,1478605981277,1478605981277,1478605981278,1478605981278
GET,GET_SUCCESS,1478605982021,1478605982021,1478605982021,1478605982021,1478605982022,1478605982022
GET,GET_SUCCESS,1478605982781,1478605982781,1478605982781,1478605982781,1478605982782,1478605982782
GET,GET_SUCCESS,1478605983553,1478605983553,1478605983553,1478605983553,1478605983554,1478605983554
GET,GET_SUCCESS,1478605984329,1478605984329,1478605984329,1478605984329,1478605984330,1478605984330
GET,GET_SUCCESS,1478605985105,1478605985105,1478605985105,1478605985105,1478605985106,1478605985106
GET,GET_SUCCESS,1478605985873,1478605985873,1478605985873,1478605985873,1478605985874,1478605985874
GET,GET_SUCCESS,1478605986665,1478605986665,1478605986665,1478605986665,1478605986666,1478605986666
GET,GET_SUCCESS,1478605987417,1478605987417,1478605987417,1478605987417,1478605987418,1478605987418
GET,GET_SUCCESS,1478605988167,1478605988167,1478605988167,1478605988167,1478605988167,1478605988167
GET,GET_SUCCESS,1478605988921,1478605988921,1478605988922,1478605988922,1478605988922,1478605988922
GET,GET_SUCCESS,1478605989705,1478605989705,1478605989705,1478605989705,1478605989706,1478605989706
GET,GET_SUCCESS,1478605990457,1478605990457,1478605990457,1478605990458,1478605990458,1478605990458
GET,GET_SUCCESS,1478605991229,1478605991229,1478605991229,1478605991230,1478605991230,1478605991230
GET,GET_SUCCESS,1478605992005,1478605992005,1478605992005,1478605992006,1478605992006,1478605992006
GET,GET_SUCCESS,1478605992766,1478605992766,1478605992766,1478605992766,1478605992766,1478605992766
GET,GET_SUCCESS,1478605993505,1478605993505,1478605993505,1478605993505,1478605993506,1478605993506
GET,GET_SUCCESS,1478605994269,1478605994269,1478605994269,1478605994270,1478605994270,1478605994270
GET,GET_SUCCESS,1478605995045,1478605995045,1478605995046,1478605995046,1478605995046,1478605995046
GET,GET_SUCCESS,1478605995789,1478605995789,1478605995790,1478605995790,1478605995790,1478605995790
GET,GET_SUCCESS,1478605996533,1478605996533,1478605996534,1478605996534,1478605996534,1478605996534
GET,GET_SUCCESS,1478605997310,1478605997310,1478605997310,1478605997310,1478605997310,1478605997310
GET,GET_SUCCESS,1478605998070,1478605998070,1478605998070,1478605998070,1478605998070,1478605998070
GET,GET_SUCCESS,1478605998814,1478605998814,1478605998814,1478605998814,1478605998814,1478605998814
GET,GET_SUCCESS,1478605999598,1478605999598,1478605999598,1478605999598,1478605999598,1478605999598
GET,GET_SUCCESS,1478606000370,1478606000370,1478606000370,1478606000370,1478606000371,1478606000371
GET,GET_SUCCESS,1478606001130,1478606001130,1478606001130,1478606001130,1478606001130,1478606001130
GET,GET_SUCCESS,1478606001898,1478606001898,1478606001898,1478606001898,1478606001898,1478606001898
GET,GET_SUCCESS,1478606002718,1478606002718,1478606002718,1478606002718,1478606002718,1478606002718
GET,GET_SUCCESS,1478606003518,1478606003518,1478606003518,1478606003518,1478606003518,1478606003518
GET,GET_SUCCESS,1478606004266,1478606004266,1478606004266,1478606004266,1478606004266,1478606004266
GET,GET_SUCCESS,1478606005012,1478606005012,1478606005012,1478606005012,1478606005012,1478606005012
GET,GET_SUCCESS,1478606005790,1478606005790,1478606005790,1478606005790,1478606005790,1478606005790
GET,GET_SUCCESS,1478606006550,1478606006550,1478606006550,1478606006550,1478606006550,1478606006550
GET,GET_SUCCESS,1478606007342,1478606007342,1478606007342,1478606007342,1478606007342,1478606007342
GET,GET_SUCCESS,1478606008110,1478606008110,1478606008110,1478606008110,1478606008110,1478606008110
GET,GET_SUCCESS,1478606008874,1478606008874,1478606008874,1478606008874,1478606008874,1478606008874
GET,GET_SUCCESS,1478606009634,1478606009634,1478606009634,1478606009634,1478606009634,1478606009634
GET,GET_SUCCESS,1478606010290,1478606010290,1478606010290,1478606010290,1478606010290,1478606010290
GET,GET_SUCCESS,1478606011050,1478606011050,1478606011050,1478606011050,1478606011050,1478606011050
GET,GET_SUCCESS,1478606011838,1478606011838,1478606011838,1478606011838,1478606011838,1478606011838
GET,GET_SUCCESS,1478606012598,1478606012598,1478606012598,1478606012598,1478606012598,1478606012598
GET,GET_SUCCESS,1478606013346,1478606013346,1478606013346,1478606013346,1478606013346,1478606013346
GET,GET_SUCCESS,1478606014138,1478606014138,1478606014138,1478606014138,1478606014139,1478606014139
GET,GET_SUCCESS,1478606014906,1478606014906,1478606014906,1478606014906,1478606014906,1478606014906
GET,GET_SUCCESS,1478606015682,1478606015682,1478606015682,1478606015682,1478606015682,1478606015682
GET,GET_SUCCESS,1478606016446,1478606016446,1478606016446,1478606016446,1478606016447,1478606016447
GET,GET_SUCCESS,1478606017214,1478606017214,1478606017214,1478606017214,1478606017215,1478606017215
GET,GET_SUCCESS,1478606017974,1478606017974,1478606017974,1478606017974,1478606017975,1478606017975
GET,GET_SUCCESS,1478606018746,1478606018746,1478606018746,1478606018746,1478606018746,1478606018746
GET,GET_SUCCESS,1478606019522,1478606019522,1478606019522,1478606019522,1478606019522,1478606019522
GET,GET_SUCCESS,1478606020262,1478606020262,1478606020262,1478606020262,1478606020262,1478606020262
GET,GET_SUCCESS,1478606021030,1478606021030,1478606021030,1478606021030,1478606021031,1478606021031
GET,GET_SUCCESS,1478606021774,1478606021774,1478606021774,1478606021774,1478606021774,1478606021774
GET,GET_SUCCESS,1478606022522,1478606022522,1478606022522,1478606022522,1478606022522,1478606022522
GET,GET_SUCCESS,1478606023298,1478606023298,1478606023298,1478606023298,1478606023298,1478606023298
GET,GET_SUCCESS,1478606024066,1478606024066,1478606024066,1478606024066,1478606024067,1478606024067
GET,GET_SUCCESS,1478606024810,1478606024810,1478606024810,1478606024810,1478606024810,1478606024810
GET,GET_SUCCESS,1478606025558,1478606025558,1478606025558,1478606025558,1478606025559,1478606025559
GET,GET_SUCCESS,1478606026274,1478606026274,1478606026274,1478606026274,1478606026274,1478606026274
GET,GET_SUCCESS,1478606027050,1478606027050,1478606027050,1478606027050,1478606027050,1478606027050
GET,GET_SUCCESS,1478606027810,1478606027810,1478606027810,1478606027810,1478606027810,1478606027810
GET,GET_SUCCESS,1478606028606,1478606028606,1478606028606,1478606028606,1478606028606,1478606028606
GET,GET_SUCCESS,1478606029374,1478606029374,1478606029374,1478606029374,1478606029374,1478606029374
GET,GET_SUCCESS,1478606030135,1478606030135,1478606030135,1478606030135,1478606030136,1478606030136
GET,GET_SUCCESS,1478606030894,1478606030894,1478606030894,1478606030894,1478606030894,1478606030894
GET,GET_SUCCESS,1478606031662,1478606031662,1478606031662,1478606031662,1478606031662,1478606031662
GET,GET_SUCCESS,1478606032454,1478606032454,1478606032454,1478606032454,1478606032455,1478606032455
GET,GET_SUCCESS,1478606033198,1478606033198,1478606033198,1478606033198,1478606033199,1478606033199
GET,GET_SUCCESS,1478606033966,1478606033966,1478606033966,1478606033966,1478606033966,1478606033966
GET,GET_SUCCESS,1478606034730,1478606034730,1478606034730,1478606034730,1478606034730,1478606034730
GET,GET_SUCCESS,1478606035458,1478606035458,1478606035458,1478606035458,1478606035459,1478606035459
GET,GET_SUCCESS,1478606036194,1478606036194,1478606036194,1478606036194,1478606036194,1478606036194
GET,GET_SUCCESS,1478606036946,1478606036946,1478606036946,1478606036946,1478606036946,1478606036946
GET,GET_SUCCESS,1478606037730,1478606037730,1478606037730,1478606037730,1478606037730,1478606037730
GET,GET_SUCCESS,1478606038474,1478606038474,1478606038474,1478606038474,1478606038474,1478606038474
GET,GET_SUCCESS,1478606039214,1478606039214,1478606039214,1478606039214,1478606039214,1478606039214
GET,GET_SUCCESS,1478606039998,1478606039998,1478606039998,1478606039998,1478606039999,1478606039999
GET,GET_SUCCESS,1478606040730,1478606040730,1478606040730,1478606040730,1478606040730,1478606040730
GET,GET_SUCCESS,1478606041474,1478606041474,1478606041474,1478606041474,1478606041474,1478606041474
GET,GET_SUCCESS,1478606042226,1478606042226,1478606042226,1478606042226,1478606042226,1478606042226
GET,GET_SUCCESS,1478606042986,1478606042986,1478606042986,1478606042986,1478606042986,1478606042986
GET,GET_SUCCESS,1478606043698,1478606043698,1478606043698,1478606043698,1478606043699,1478606043699
GET,GET_SUCCESS,1478606044474,1478606044474,1478606044474,1478606044474,1478606044474,1478606044474
GET,GET_SUCCESS,1478606045234,1478606045234,1478606045234,1478606045234,1478606045234,1478606045234
GET,GET_SUCCESS,1478606046010,1478606046010,1478606046010,1478606046010,1478606046010,1478606046010
GET,GET_SUCCESS,1478606046898,1478606046898,1478606046898,1478606046898,1478606046899,1478606046899
GET,GET_SUCCESS,1478606047654,1478606047654,1478606047654,1478606047654,1478606047654,1478606047654
GET,GET_SUCCESS,1478606048478,1478606048478,1478606048478,1478606048478,1478606048478,1478606048478
GET,GET_SUCCESS,1478606049242,1478606049242,1478606049242,1478606049242,1478606049242,1478606049242
GET,GET_SUCCESS,1478606049986,1478606049986,1478606049986,1478606049986,1478606049986,1478606049986
GET,GET_SUCCESS,1478606050754,1478606050754,1478606050754,1478606050754,1478606050754,1478606050754
GET,GET_SUCCESS,1478606051482,1478606051482,1478606051482,1478606051482,1478606051483,1478606051483
GET,GET_SUCCESS,1478606052218,1478606052218,1478606052218,1478606052218,1478606052218,1478606052218
GET,GET_SUCCESS,1478606052978,1478606052978,1478606052978,1478606052978,1478606052979,1478606052979
GET,GET_SUCCESS,1478606053774,1478606053774,1478606053774,1478606053774,1478606053774,1478606053774
GET,GET_SUCCESS,1478606054534,1478606054534,1478606054534,1478606054534,1478606054534,1478606054534
GET,GET_SUCCESS,1478606055278,1478606055278,1478606055278,1478606055278,1478606055278,1478606055278
GET,GET_SUCCESS,1478606056022,1478606056022,1478606056022,1478606056022,1478606056022,1478606056022
GET,GET_SUCCESS,1478606056770,1478606056770,1478606056770,1478606056770,1478606056771,1478606056771
GET,GET_SUCCESS,1478606057542,1478606057542,1478606057542,1478606057542,1478606057543,1478606057543
GET,GET_SUCCESS,1478606058294,1478606058294,1478606058294,1478606058294,1478606058294,1478606058294
GET,GET_SUCCESS,1478606059058,1478606059058,1478606059058,1478606059058,1478606059059,1478606059059
GET,GET_SUCCESS,1478606059826,1478606059826,1478606059826,1478606059826,1478606059826,1478606059826
GET,GET_SUCCESS,1478606060566,1478606060566,1478606060566,1478606060566,1478606060566,1478606060566
GET,GET_SUCCESS,1478606061342,1478606061342,1478606061342,1478606061342,1478606061343,1478606061343
GET,GET_SUCCESS,1478606062118,1478606062118,1478606062118,1478606062118,1478606062118,1478606062118
GET,GET_SUCCESS,1478606062874,1478606062874,1478606062874,1478606062874,1478606062874,1478606062874
GET,GET_SUCCESS,1478606063578,1478606063578,1478606063578,1478606063578,1478606063578,1478606063578
GET,GET_SUCCESS,1478606064322,1478606064322,1478606064322,1478606064322,1478606064322,1478606064322
GET,GET_SUCCESS,1478606065034,1478606065034,1478606065034,1478606065034,1478606065035,1478606065035
GET,GET_SUCCESS,1478606065762,1478606065762,1478606065762,1478606065762,1478606065763,1478606065763
GET,GET_SUCCESS,1478606066498,1478606066498,1478606066498,1478606066498,1478606066499,1478606066499
GET,GET_SUCCESS,1478606067214,1478606067214,1478606067214,1478606067214,1478606067214,1478606067215
GET,GET_SUCCESS,1478606067930,1478606067930,1478606067930,1478606067930,1478606067931,1478606067931
GET,GET_SUCCESS,1478606068650,1478606068650,1478606068650,1478606068650,1478606068651,1478606068651
GET,GET_SUCCESS,1478606069354,1478606069354,1478606069354,1478606069354,1478606069355,1478606069355
GET,GET_SUCCESS,1478606070110,1478606070110,1478606070110,1478606070110,1478606070111,1478606070111
GET,GET_SUCCESS,1478606070890,1478606070890,1478606070890,1478606070890,1478606070891,1478606070891
GET,GET_SUCCESS,1478606071642,1478606071642,1478606071642,1478606071642,1478606071644,1478606071644
GET,GET_SUCCESS,1478606072426,1478606072426,1478606072426,1478606072426,1478606072426,1478606072426
GET,GET_SUCCESS,1478606073194,1478606073194,1478606073194,1478606073194,1478606073194,1478606073194
GET,GET_SUCCESS,1478606073978,1478606073978,1478606073978,1478606073978,1478606073979,1478606073979
GET,GET_SUCCESS,1478606074762,1478606074762,1478606074762,1478606074762,1478606074763,1478606074763
GET,GET_SUCCESS,1478606075526,1478606075526,1478606075526,1478606075526,1478606075527,1478606075527
GET,GET_SUCCESS,1478606076302,1478606076302,1478606076302,1478606076302,1478606076303,1478606076303
GET,GET_SUCCESS,1478606077050,1478606077050,1478606077050,1478606077050,1478606077051,1478606077051
GET,GET_SUCCESS,1478606077826,1478606077826,1478606077826,1478606077826,1478606077827,1478606077827
GET,GET_SUCCESS,1478606078586,1478606078586,1478606078586,1478606078586,1478606078587,1478606078587
GET,GET_SUCCESS,1478606079354,1478606079354,1478606079354,1478606079354,1478606079355,1478606079355
GET,GET_SUCCESS,1478606080150,1478606080150,1478606080150,1478606080150,1478606080151,1478606080151
GET,GET_SUCCESS,1478606080934,1478606080934,1478606080934,1478606080934,1478606080935,1478606080935
GET,GET_SUCCESS,1478606081706,1478606081706,1478606081706,1478606081706,1478606081707,1478606081707
GET,GET_SUCCESS,1478606082458,1478606082458,1478606082458,1478606082458,1478606082459,1478606082459
GET,GET_SUCCESS,1478606083182,1478606083182,1478606083182,1478606083182,1478606083183,1478606083183
GET,GET_SUCCESS,1478606083918,1478606083918,1478606083918,1478606083918,1478606083919,1478606083919
GET,GET_SUCCESS,1478606084690,1478606084690,1478606084690,1478606084690,1478606084691,1478606084691
GET,GET_SUCCESS,1478606085458,1478606085458,1478606085458,1478606085458,1478606085459,1478606085459
GET,GET_SUCCESS,1478606086210,1478606086210,1478606086210,1478606086210,1478606086211,1478606086211
GET,GET_SUCCESS,1478606086978,1478606086978,1478606086978,1478606086978,1478606086979,1478606086979
GET,GET_SUCCESS,1478606087783,1478606087783,1478606087783,1478606087783,1478606087784,1478606087784
GET,GET_SUCCESS,1478606088574,1478606088574,1478606088574,1478606088574,1478606088575,1478606088575
GET,GET_SUCCESS,1478606089342,1478606089342,1478606089342,1478606089342,1478606089346,1478606089346
GET,GET_SUCCESS,1478606090082,1478606090082,1478606090082,1478606090082,1478606090083,1478606090083
GET,GET_SUCCESS,1478606090850,1478606090850,1478606090850,1478606090850,1478606090851,1478606090851
GET,GET_SUCCESS,1478606091634,1478606091634,1478606091634,1478606091634,1478606091635,1478606091635
GET,GET_SUCCESS,1478606092446,1478606092446,1478606092446,1478606092446,1478606092447,1478606092447
GET,GET_SUCCESS,1478606093198,1478606093198,1478606093198,1478606093198,1478606093199,1478606093199
GET,GET_SUCCESS,1478606093958,1478606093958,1478606093958,1478606093958,1478606093959,1478606093959
GET,GET_SUCCESS,1478606094742,1478606094742,1478606094742,1478606094742,1478606094743,1478606094743
GET,GET_SUCCESS,1478606095510,1478606095510,1478606095510,1478606095510,1478606095511,1478606095511
GET,GET_SUCCESS,1478606096278,1478606096278,1478606096278,1478606096278,1478606096279,1478606096279
GET,GET_SUCCESS,1478606097062,1478606097062,1478606097062,1478606097062,1478606097063,1478606097063
GET,GET_SUCCESS,1478606097838,1478606097838,1478606097838,1478606097838,1478606097839,1478606097839
GET,GET_SUCCESS,1478606098614,1478606098614,1478606098614,1478606098614,1478606098615,1478606098615
GET,GET_SUCCESS,1478606099350,1478606099350,1478606099350,1478606099350,1478606099351,1478606099351
GET,GET_SUCCESS,1478606100078,1478606100078,1478606100078,1478606100078,1478606100079,1478606100079
GET,GET_SUCCESS,1478606100870,1478606100870,1478606100870,1478606100870,1478606100871,1478606100871
GET,GET_SUCCESS,1478606101630,1478606101630,1478606101630,1478606101630,1478606101631,1478606101631
GET,GET_SUCCESS,1478606102422,1478606102422,1478606102422,1478606102422,1478606102423,1478606102423
GET,GET_SUCCESS,1478606103202,1478606103202,1478606103203,1478606103203,1478606103203,1478606103203
GET,GET_SUCCESS,1478606103970,1478606103970,1478606103970,1478606103970,1478606103971,1478606103971
GET,GET_SUCCESS,1478606104726,1478606104726,1478606104726,1478606104726,1478606104727,1478606104727
GET,GET_SUCCESS,1478606105478,1478606105478,1478606105478,1478606105478,1478606105479,1478606105479
GET,GET_SUCCESS,1478606106242,1478606106242,1478606106242,1478606106242,1478606106243,1478606106243
GET,GET_SUCCESS,1478606107006,1478606107006,1478606107006,1478606107006,1478606107007,1478606107007
GET,GET_SUCCESS,1478606107762,1478606107762,1478606107762,1478606107762,1478606107763,1478606107763
GET,GET_SUCCESS,1478606108546,1478606108546,1478606108546,1478606108546,1478606108547,1478606108547
GET,GET_SUCCESS,1478606109334,1478606109334,1478606109334,1478606109334,1478606109335,1478606109335
GET,GET_SUCCESS,1478606110114,1478606110114,1478606110114,1478606110114,1478606110115,1478606110115
GET,GET_SUCCESS,1478606110834,1478606110834,1478606110834,1478606110834,1478606110835,1478606110835
GET,GET_SUCCESS,1478606111562,1478606111562,1478606111562,1478606111562,1478606111563,1478606111563
GET,GET_SUCCESS,1478606112282,1478606112282,1478606112282,1478606112282,1478606112283,1478606112283
GET,GET_SUCCESS,1478606113030,1478606113030,1478606113030,1478606113030,1478606113031,1478606113031
GET,GET_SUCCESS,1478606113790,1478606113790,1478606113790,1478606113790,1478606113791,1478606113791
GET,GET_SUCCESS,1478606114522,1478606114522,1478606114522,1478606114522,1478606114523,1478606114523
GET,GET_SUCCESS,1478606115274,1478606115274,1478606115274,1478606115274,1478606115275,1478606115275
GET,GET_SUCCESS,1478606116058,1478606116058,1478606116058,1478606116058,1478606116059,1478606116059
GET,GET_SUCCESS,1478606116786,1478606116786,1478606116786,1478606116786,1478606116787,1478606116787
GET,GET_SUCCESS,1478606117522,1478606117522,1478606117522,1478606117522,1478606117523,1478606117523
GET,GET_SUCCESS,1478606118238,1478606118238,1478606118238,1478606118238,1478606118239,1478606118239
GET,GET_SUCCESS,1478606118962,1478606118962,1478606118962,1478606118963,1478606118963,1478606118963
GET,GET_SUCCESS,1478606119714,1478606119714,1478606119714,1478606119714,1478606119715,1478606119715
GET,GET_SUCCESS,1478606120466,1478606120466,1478606120466,1478606120466,1478606120467,1478606120467
GET,GET_SUCCESS,1478606121238,1478606121238,1478606121238,1478606121238,1478606121239,1478606121239
GET,GET_SUCCESS,1478606121994,1478606121994,1478606121994,1478606121994,1478606121995,1478606121995
GET,GET_SUCCESS,1478606122734,1478606122734,1478606122734,1478606122734,1478606122735,1478606122735
GET,GET_SUCCESS,1478606123518,1478606123518,1478606123518,1478606123518,1478606123519,1478606123519
GET,GET_SUCCESS,1478606124266,1478606124266,1478606124266,1478606124266,1478606124267,1478606124267
GET,GET_SUCCESS,1478606125050,1478606125050,1478606125051,1478606125051,1478606125051,1478606125051
GET,GET_SUCCESS,1478606125822,1478606125822,1478606125822,1478606125822,1478606125823,1478606125823
GET,GET_SUCCESS,1478606126570,1478606126570,1478606126570,1478606126570,1478606126571,1478606126571
GET,GET_SUCCESS,1478606127314,1478606127314,1478606127315,1478606127315,1478606127315,1478606127315
GET,GET_SUCCESS,1478606128078,1478606128078,1478606128079,1478606128079,1478606128079,1478606128079
GET,GET_SUCCESS,1478606128870,1478606128871,1478606128871,1478606128871,1478606128871,1478606128871
GET,GET_SUCCESS,1478606129662,1478606129662,1478606129663,1478606129663,1478606129663,1478606129663
GET,GET_SUCCESS,1478606130422,1478606130422,1478606130423,1478606130423,1478606130424,1478606130424
GET,GET_SUCCESS,1478606131183,1478606131183,1478606131183,1478606131183,1478606131183,1478606131183
GET,GET_SUCCESS,1478606131946,1478606131947,1478606131947,1478606131947,1478606131947,1478606131947
GET,GET_SUCCESS,1478606132695,1478606132695,1478606132695,1478606132695,1478606132695,1478606132695
GET,GET_SUCCESS,1478606133439,1478606133439,1478606133439,1478606133439,1478606133439,1478606133439
GET,GET_SUCCESS,1478606134239,1478606134239,1478606134239,1478606134239,1478606134239,1478606134239
GET,GET_SUCCESS,1478606135007,1478606135007,1478606135007,1478606135007,1478606135007,1478606135007
GET,GET_SUCCESS,1478606135783,1478606135783,1478606135783,1478606135783,1478606135783,1478606135783
GET,GET_SUCCESS,1478606136539,1478606136539,1478606136539,1478606136539,1478606136539,1478606136539
GET,GET_SUCCESS,1478606137299,1478606137299,1478606137299,1478606137299,1478606137299,1478606137299
GET,GET_SUCCESS,1478606138067,1478606138067,1478606138067,1478606138067,1478606138067,1478606138067
GET,GET_SUCCESS,1478606138815,1478606138815,1478606138815,1478606138815,1478606138815,1478606138815
GET,GET_SUCCESS,1478606139587,1478606139587,1478606139587,1478606139587,1478606139587,1478606139587
GET,GET_SUCCESS,1478606140340,1478606140340,1478606140340,1478606140340,1478606140341,1478606140341
GET,GET_SUCCESS,1478606141115,1478606141115,1478606141115,1478606141115,1478606141115,1478606141115
GET,GET_SUCCESS,1478606141883,1478606141883,1478606141884,1478606141884,1478606141884,1478606141884
GET,GET_SUCCESS,1478606142655,1478606142655,1478606142655,1478606142655,1478606142655,1478606142655
GET,GET_SUCCESS,1478606143459,1478606143459,1478606143459,1478606143459,1478606143459,1478606143459
GET,GET_SUCCESS,1478606144243,1478606144243,1478606144243,1478606144243,1478606144243,1478606144243
GET,GET_SUCCESS,1478606144991,1478606144991,1478606144991,1478606144991,1478606144991,1478606144991
GET,GET_SUCCESS,1478606145747,1478606145747,1478606145747,1478606145747,1478606145747,1478606145747
GET,GET_SUCCESS,1478606146507,1478606146507,1478606146507,1478606146507,1478606146507,1478606146507
GET,GET_SUCCESS,1478606147260,1478606147260,1478606147260,1478606147260,1478606147261,1478606147261
GET,GET_SUCCESS,1478606148015,1478606148015,1478606148015,1478606148015,1478606148015,1478606148015
GET,GET_SUCCESS,1478606148803,1478606148803,1478606148803,1478606148803,1478606148803,1478606148803
GET,GET_SUCCESS,1478606149595,1478606149595,1478606149595,1478606149595,1478606149595,1478606149595
GET,GET_SUCCESS,1478606150351,1478606150351,1478606150351,1478606150351,1478606150351,1478606150351
GET,GET_SUCCESS,1478606151131,1478606151131,1478606151131,1478606151131,1478606151131,1478606151131
GET,GET_SUCCESS,1478606151915,1478606151915,1478606151915,1478606151915,1478606151915,1478606151915
GET,GET_SUCCESS,1478606152691,1478606152691,1478606152691,1478606152691,1478606152692,1478606152692
GET,GET_SUCCESS,1478606153479,1478606153479,1478606153479,1478606153479,1478606153479,1478606153479
GET,GET_SUCCESS,1478606154259,1478606154259,1478606154259,1478606154259,1478606154259,1478606154259
GET,GET_SUCCESS,1478606155051,1478606155051,1478606155051,1478606155051,1478606155051,1478606155051
GET,GET_SUCCESS,1478606155839,1478606155839,1478606155839,1478606155839,1478606155839,1478606155839
GET,GET_SUCCESS,1478606156611,1478606156611,1478606156611,1478606156611,1478606156611,1478606156611
GET,GET_SUCCESS,1478606157395,1478606157395,1478606157395,1478606157395,1478606157396,1478606157396
GET,GET_SUCCESS,1478606158123,1478606158123,1478606158123,1478606158123,1478606158124,1478606158124
GET,GET_SUCCESS,1478606158851,1478606158851,1478606158851,1478606158851,1478606158851,1478606158851
GET,GET_SUCCESS,1478606159611,1478606159611,1478606159611,1478606159611,1478606159611,1478606159611
GET,GET_SUCCESS,1478606160371,1478606160371,1478606160371,1478606160371,1478606160371,1478606160371
GET,GET_SUCCESS,1478606161131,1478606161131,1478606161131,1478606161131,1478606161131,1478606161131
GET,GET_SUCCESS,1478606161911,1478606161911,1478606161911,1478606161911,1478606161911,1478606161911
GET,GET_SUCCESS,1478606162659,1478606162659,1478606162659,1478606162659,1478606162660,1478606162660
GET,GET_SUCCESS,1478606163435,1478606163435,1478606163435,1478606163435,1478606163435,1478606163435
GET,GET_SUCCESS,1478606164203,1478606164203,1478606164203,1478606164203,1478606164203,1478606164203
GET,GET_SUCCESS,1478606164999,1478606164999,1478606164999,1478606164999,1478606164999,1478606164999
GET,GET_SUCCESS,1478606165767,1478606165767,1478606165767,1478606165767,1478606165767,1478606165767
GET,GET_SUCCESS,1478606166535,1478606166535,1478606166535,1478606166535,1478606166535,1478606166535
GET,GET_SUCCESS,1478606167295,1478606167295,1478606167295,1478606167295,1478606167296,1478606167296
GET,GET_SUCCESS,1478606168071,1478606168071,1478606168071,1478606168071,1478606168071,1478606168071
GET,GET_SUCCESS,1478606168835,1478606168835,1478606168835,1478606168835,1478606168836,1478606168836
GET,GET_SUCCESS,1478606169599,1478606169599,1478606169599,1478606169599,1478606169599,1478606169599
GET,GET_SUCCESS,1478606170355,1478606170355,1478606170355,1478606170355,1478606170356,1478606170356
GET,GET_SUCCESS,1478606171063,1478606171063,1478606171063,1478606171063,1478606171063,1478606171063
GET,GET_SUCCESS,1478606171567,1478606171567,1478606171567,1478606171567,1478606171567,1478606171567
GET,GET_SUCCESS,1478606172239,1478606172239,1478606172239,1478606172239,1478606172239,1478606172239
GET,GET_SUCCESS,1478606172723,1478606172723,1478606172723,1478606172723,1478606172723,1478606172723
GET,GET_SUCCESS,1478606173187,1478606173187,1478606173187,1478606173187,1478606173187,1478606173187
GET,GET_SUCCESS,1478606173643,1478606173643,1478606173643,1478606173643,1478606173643,1478606173643
GET,GET_SUCCESS,1478606174163,1478606174163,1478606174163,1478606174163,1478606174163,1478606174163
GET,GET_SUCCESS,1478606174587,1478606174587,1478606174587,1478606174587,1478606174587,1478606174587
GET,GET_SUCCESS,1478606175011,1478606175011,1478606175011,1478606175011,1478606175011,1478606175011
GET,GET_SUCCESS,1478606175419,1478606175419,1478606175419,1478606175419,1478606175419,1478606175419
GET,GET_SUCCESS,1478606175803,1478606175803,1478606175803,1478606175803,1478606175803,1478606175803
GET,GET_SUCCESS,1478606176223,1478606176223,1478606176223,1478606176223,1478606176223,1478606176223
GET,GET_SUCCESS,1478606176607,1478606176607,1478606176607,1478606176607,1478606176607,1478606176607
GET,GET_SUCCESS,1478606176991,1478606176991,1478606176991,1478606176991,1478606176991,1478606176991
