servers : 10.0.0.6:11212
threads count: 72
concurrency: 72
run time: 360s
windows size: 1k
set proportion: set_prop=0.00
get proportion: get_prop=1.00
[1;1H[2J
Get Statistics
Type     Time(s)  Ops          TPS(ops/s)   Net(M/s)   Get_miss   Min(us)  Max(us)    Avg(us)    Std_dev    Geo_dist  
Period   10       57351        5735         0.8        0          494      1563872    12599      55323.53   8736.09
Global   10       57351        5735         0.8        0          494      1563872    12599      55323.53   8736.09

Total Statistics
Type     Time(s)  Ops          TPS(ops/s)   Net(M/s)   Get_miss   Min(us)  Max(us)    Avg(us)    Std_dev    Geo_dist  
Period   10       57351        5735         0.8        0          494      1563872    12599      55323.53   8736.09
Global   10       57351        5735         0.8        0          494      1563872    12599      55323.53   8736.09

[1;1H[2J
Get Statistics
Type     Time(s)  Ops          TPS(ops/s)   Net(M/s)   Get_miss   Min(us)  Max(us)    Avg(us)    Std_dev    Geo_dist  
Period   10       58679        5867         0.8        0          596      972522     12315      35011.28   9151.85
Global   20       116030       5801         0.8        0          494      1563872    12455      46181.72   8943.93

Total Statistics
Type     Time(s)  Ops          TPS(ops/s)   Net(M/s)   Get_miss   Min(us)  Max(us)    Avg(us)    Std_dev    Geo_dist  
Period   10       58679        5867         0.8        0          596      972522     12315      35011.28   9151.85
Global   20       116030       5801         0.8        0          494      1563872    12455      46181.72   8943.93

[1;1H[2J
Get Statistics
Type     Time(s)  Ops          TPS(ops/s)   Net(M/s)   Get_miss   Min(us)  Max(us)    Avg(us)    Std_dev    Geo_dist  
Period   10       59963        5996         0.8        0          567      1054196    12061      36316.57   9237.08
Global   30       175993       5866         0.8        0          494      1563872    12321      43075.28   9042.75

Total Statistics
Type     Time(s)  Ops          TPS(ops/s)   Net(M/s)   Get_miss   Min(us)  Max(us)    Avg(us)    Std_dev    Geo_dist  
Period   10       59963        5996         0.8        0          567      1054196    12061      36316.57   9237.08
Global   30       175993       5866         0.8        0          494      1563872    12321      43075.28   9042.75

[1;1H[2J
Get Statistics
Type     Time(s)  Ops          TPS(ops/s)   Net(M/s)   Get_miss   Min(us)  Max(us)    Avg(us)    Std_dev    Geo_dist  
Period   10       54043        5404         0.8        0          697      1399037    13375      53160.90   9084.52
Global   40       230036       5750         0.7        0          494      1563872    12569      45647.39   9052.55

Total Statistics
Type     Time(s)  Ops          TPS(ops/s)   Net(M/s)   Get_miss   Min(us)  Max(us)    Avg(us)    Std_dev    Geo_dist  
Period   10       54043        5404         0.8        0          697      1399037    13375      53160.90   9084.52
Global   40       230036       5750         0.7        0          494      1563872    12569      45647.39   9052.55

[1;1H[2J
Get Statistics
Type     Time(s)  Ops          TPS(ops/s)   Net(M/s)   Get_miss   Min(us)  Max(us)    Avg(us)    Std_dev    Geo_dist  
Period   10       61861        6186         0.8        0          588      248295     11679      13730.08   9339.18
Global   50       291897       5837         0.8        0          494      1563872    12380      41014.46   9112.55

Total Statistics
Type     Time(s)  Ops          TPS(ops/s)   Net(M/s)   Get_miss   Min(us)  Max(us)    Avg(us)    Std_dev    Geo_dist  
Period   10       61861        6186         0.8        0          588      248295     11679      13730.08   9339.18
Global   50       291897       5837         0.8        0          494      1563872    12380      41014.46   9112.55

[1;1H[2J
Get Statistics
Type     Time(s)  Ops          TPS(ops/s)   Net(M/s)   Get_miss   Min(us)  Max(us)    Avg(us)    Std_dev    Geo_dist  
Period   10       46554        4655         0.8        0          685      1445569    15533      63020.82   9578.38
Global   60       338451       5640         0.6        0          494      1563872    12814      44701.89   9175.26

Total Statistics
Type     Time(s)  Ops          TPS(ops/s)   Net(M/s)   Get_miss   Min(us)  Max(us)    Avg(us)    Std_dev    Geo_dist  
Period   10       46554        4655         0.8        0          685      1445569    15533      63020.82   9578.38
Global   60       338451       5640         0.6        0          494      1563872    12814      44701.89   9175.26

[1;1H[2J
Get Statistics
Type     Time(s)  Ops          TPS(ops/s)   Net(M/s)   Get_miss   Min(us)  Max(us)    Avg(us)    Std_dev    Geo_dist  
Period   10       64311        6431         0.8        0          482      136297     11262      7098.68    9472.96
Global   70       402762       5753         0.9        0          482      1563872    12566      41079.93   9222.16

Total Statistics
Type     Time(s)  Ops          TPS(ops/s)   Net(M/s)   Get_miss   Min(us)  Max(us)    Avg(us)    Std_dev    Geo_dist  
Period   10       64311        6431         0.8        0          482      136297     11262      7098.68    9472.96
Global   70       402762       5753         0.9        0          482      1563872    12566      41079.93   9222.16

[1;1H[2J
Get Statistics
Type     Time(s)  Ops          TPS(ops/s)   Net(M/s)   Get_miss   Min(us)  Max(us)    Avg(us)    Std_dev    Geo_dist  
Period   10       55437        5543         0.8        0          474      1223802    13078      46683.24   9169.70
Global   80       458199       5727         0.8        0          474      1563872    12628      41798.09   9215.79

Total Statistics
Type     Time(s)  Ops          TPS(ops/s)   Net(M/s)   Get_miss   Min(us)  Max(us)    Avg(us)    Std_dev    Geo_dist  
Period   10       55437        5543         0.8        0          474      1223802    13078      46683.24   9169.70
Global   80       458199       5727         0.8        0          474      1563872    12628      41798.09   9215.79

[1;1H[2J
Get Statistics
Type     Time(s)  Ops          TPS(ops/s)   Net(M/s)   Get_miss   Min(us)  Max(us)    Avg(us)    Std_dev    Geo_dist  
Period   10       63265        6326         0.8        0          569      255093     11471      12181.30   9438.65
Global   90       521464       5794         0.9        0          474      1563872    12487      39411.69   9242.55

Total Statistics
Type     Time(s)  Ops          TPS(ops/s)   Net(M/s)   Get_miss   Min(us)  Max(us)    Avg(us)    Std_dev    Geo_dist  
Period   10       63267        6326         0.8        0          569      255093     11471      12181.20   9438.78
Global   90       521466       5794         0.9        0          474      1563872    12487      39411.62   9242.56

[1;1H[2J
Get Statistics
Type     Time(s)  Ops          TPS(ops/s)   Net(M/s)   Get_miss   Min(us)  Max(us)    Avg(us)    Std_dev    Geo_dist  
Period   10       60177        6017         0.8        0          570      723877     12064      28677.29   8898.14
Global   100      581641       5816         0.8        0          474      1563872    12444      38440.33   9206.61

Total Statistics
Type     Time(s)  Ops          TPS(ops/s)   Net(M/s)   Get_miss   Min(us)  Max(us)    Avg(us)    Std_dev    Geo_dist  
Period   10       60175        6017         0.8        0          570      723877     12065      28677.43   8900.83
Global   100      581641       5816         0.8        0          474      1563872    12444      38440.33   9206.61

[1;1H[2J
Get Statistics
Type     Time(s)  Ops          TPS(ops/s)   Net(M/s)   Get_miss   Min(us)  Max(us)    Avg(us)    Std_dev    Geo_dist  
Period   10       56950        5695         0.8        0          726      301367     12740      15527.79   10201.15
Global   110      638591       5805         0.8        0          474      1563872    12470      36978.37   9291.22

Total Statistics
Type     Time(s)  Ops          TPS(ops/s)   Net(M/s)   Get_miss   Min(us)  Max(us)    Avg(us)    Std_dev    Geo_dist  
Period   10       56950        5695         0.8        0          726      301367     12740      15527.79   10201.15
Global   110      638591       5805         0.8        0          474      1563872    12470      36978.37   9291.22

[1;1H[2J
Get Statistics
Type     Time(s)  Ops          TPS(ops/s)   Net(M/s)   Get_miss   Min(us)  Max(us)    Avg(us)    Std_dev    Geo_dist  
Period   10       60121        6012         0.8        0          761      305403     11871      12279.10   9682.90
Global   120      698712       5822         0.8        0          474      1563872    12419      35534.90   9324.29

Total Statistics
Type     Time(s)  Ops          TPS(ops/s)   Net(M/s)   Get_miss   Min(us)  Max(us)    Avg(us)    Std_dev    Geo_dist  
Period   10       60121        6012         0.8        0          761      305403     11871      12279.10   9682.90
Global   120      698712       5822         0.8        0          474      1563872    12419      35534.90   9324.29

[1;1H[2J
Get Statistics
Type     Time(s)  Ops          TPS(ops/s)   Net(M/s)   Get_miss   Min(us)  Max(us)    Avg(us)    Std_dev    Geo_dist  
Period   10       59560        5956         0.8        0          804      509076     12384      23661.84   9399.26
Global   130      758272       5832         0.8        0          474      1563872    12416      34749.50   9330.15

Total Statistics
Type     Time(s)  Ops          TPS(ops/s)   Net(M/s)   Get_miss   Min(us)  Max(us)    Avg(us)    Std_dev    Geo_dist  
Period   10       59560        5956         0.8        0          804      509076     12384      23661.84   9399.26
Global   130      758272       5832         0.8        0          474      1563872    12416      34749.50   9330.15

[1;1H[2J
Get Statistics
Type     Time(s)  Ops          TPS(ops/s)   Net(M/s)   Get_miss   Min(us)  Max(us)    Avg(us)    Std_dev    Geo_dist  
Period   10       56237        5623         0.8        0          580      1020299    12898      37013.35   9384.31
Global   140      814509       5817         0.8        0          474      1563872    12449      34910.82   9333.88

Total Statistics
Type     Time(s)  Ops          TPS(ops/s)   Net(M/s)   Get_miss   Min(us)  Max(us)    Avg(us)    Std_dev    Geo_dist  
Period   10       56237        5623         0.8        0          580      1020299    12898      37013.35   9384.31
Global   140      814509       5817         0.8        0          474      1563872    12449      34910.82   9333.88

[1;1H[2J
Get Statistics
Type     Time(s)  Ops          TPS(ops/s)   Net(M/s)   Get_miss   Min(us)  Max(us)    Avg(us)    Std_dev    Geo_dist  
Period   10       54976        5497         0.8        0          628      1105438    13193      37826.55   9509.98
Global   150      869485       5796         0.8        0          474      1563872    12496      35102.81   9344.92

Total Statistics
Type     Time(s)  Ops          TPS(ops/s)   Net(M/s)   Get_miss   Min(us)  Max(us)    Avg(us)    Std_dev    Geo_dist  
Period   10       54976        5497         0.8        0          628      1105438    13193      37826.55   9509.98
Global   150      869485       5796         0.8        0          474      1563872    12496      35102.81   9344.92

[1;1H[2J
Get Statistics
Type     Time(s)  Ops          TPS(ops/s)   Net(M/s)   Get_miss   Min(us)  Max(us)    Avg(us)    Std_dev    Geo_dist  
Period   10       57832        5783         0.8        0          564      298100     12556      18530.67   9534.70
Global   160      927317       5795         0.8        0          474      1563872    12500      34304.07   9356.64

Total Statistics
Type     Time(s)  Ops          TPS(ops/s)   Net(M/s)   Get_miss   Min(us)  Max(us)    Avg(us)    Std_dev    Geo_dist  
Period   10       57832        5783         0.8        0          564      298100     12556      18530.67   9534.70
Global   160      927317       5795         0.8        0          474      1563872    12500      34304.07   9356.64

[1;1H[2J
Get Statistics
Type     Time(s)  Ops          TPS(ops/s)   Net(M/s)   Get_miss   Min(us)  Max(us)    Avg(us)    Std_dev    Geo_dist  
Period   10       61238        6123         0.8        0          699      687009     11837      25080.35   9311.03
Global   170      988555       5815         0.8        0          474      1563872    12459      33806.23   9353.81

Total Statistics
Type     Time(s)  Ops          TPS(ops/s)   Net(M/s)   Get_miss   Min(us)  Max(us)    Avg(us)    Std_dev    Geo_dist  
Period   10       61238        6123         0.8        0          699      687009     11837      25080.35   9311.03
Global   170      988555       5815         0.8        0          474      1563872    12459      33806.23   9353.81

[1;1H[2J
Get Statistics
Type     Time(s)  Ops          TPS(ops/s)   Net(M/s)   Get_miss   Min(us)  Max(us)    Avg(us)    Std_dev    Geo_dist  
Period   10       58575        5857         0.8        0          697      220737     12393      13431.18   10100.07
Global   180      1047130      5817         0.8        0          474      1563872    12455      33000.45   9394.06

Total Statistics
Type     Time(s)  Ops          TPS(ops/s)   Net(M/s)   Get_miss   Min(us)  Max(us)    Avg(us)    Std_dev    Geo_dist  
Period   10       58575        5857         0.8        0          697      220737     12393      13431.18   10100.07
Global   180      1047130      5817         0.8        0          474      1563872    12455      33000.45   9394.06

[1;1H[2J
Get Statistics
Type     Time(s)  Ops          TPS(ops/s)   Net(M/s)   Get_miss   Min(us)  Max(us)    Avg(us)    Std_dev    Geo_dist  
Period   10       49405        4940         0.8        0          614      1123025    14695      48457.12   9791.87
Global   190      1096535      5771         0.7        0          474      1563872    12556      33852.17   9411.63

Total Statistics
Type     Time(s)  Ops          TPS(ops/s)   Net(M/s)   Get_miss   Min(us)  Max(us)    Avg(us)    Std_dev    Geo_dist  
Period   10       49406        4940         0.8        0          614      1123025    14695      48456.61   9791.90
Global   190      1096536      5771         0.7        0          474      1563872    12556      33852.16   9411.63

[1;1H[2J
Get Statistics
Type     Time(s)  Ops          TPS(ops/s)   Net(M/s)   Get_miss   Min(us)  Max(us)    Avg(us)    Std_dev    Geo_dist  
Period   10       63338        6333         0.8        0          519      247747     11450      12720.32   9307.36
Global   200      1159873      5799         0.9        0          474      1563872    12496      33049.66   9405.98

Total Statistics
Type     Time(s)  Ops          TPS(ops/s)   Net(M/s)   Get_miss   Min(us)  Max(us)    Avg(us)    Std_dev    Geo_dist  
Period   10       63337        6333         0.8        0          519      247747     11450      12720.50   9308.71
Global   200      1159873      5799         0.9        0          474      1563872    12496      33049.66   9405.98

[1;1H[2J
Get Statistics
Type     Time(s)  Ops          TPS(ops/s)   Net(M/s)   Get_miss   Min(us)  Max(us)    Avg(us)    Std_dev    Geo_dist  
Period   10       59987        5998         0.8        0          667      189446     12092      12014.65   9767.29
Global   210      1219860      5808         0.8        0          474      1563872    12476      32336.91   9423.44

Total Statistics
Type     Time(s)  Ops          TPS(ops/s)   Net(M/s)   Get_miss   Min(us)  Max(us)    Avg(us)    Std_dev    Geo_dist  
Period   10       59987        5998         0.8        0          667      189446     12092      12014.65   9767.29
Global   210      1219860      5808         0.8        0          474      1563872    12476      32336.91   9423.44

[1;1H[2J
Get Statistics
Type     Time(s)  Ops          TPS(ops/s)   Net(M/s)   Get_miss   Min(us)  Max(us)    Avg(us)    Std_dev    Geo_dist  
Period   10       58652        5865         0.8        0          766      273867     12377      13643.29   10000.89
Global   220      1278512      5811         0.8        0          474      1563872    12471      31721.54   9449.18

Total Statistics
Type     Time(s)  Ops          TPS(ops/s)   Net(M/s)   Get_miss   Min(us)  Max(us)    Avg(us)    Std_dev    Geo_dist  
Period   10       58653        5865         0.8        0          766      273867     12377      13643.15   10000.90
Global   220      1278513      5811         0.8        0          474      1563872    12471      31721.53   9449.18

[1;1H[2J
Get Statistics
Type     Time(s)  Ops          TPS(ops/s)   Net(M/s)   Get_miss   Min(us)  Max(us)    Avg(us)    Std_dev    Geo_dist  
Period   10       54942        5494         0.8        0          655      1263643    13202      46678.73   9466.43
Global   230      1333454      5797         0.8        0          474      1563872    12501      32474.53   9449.96

Total Statistics
Type     Time(s)  Ops          TPS(ops/s)   Net(M/s)   Get_miss   Min(us)  Max(us)    Avg(us)    Std_dev    Geo_dist  
Period   10       54940        5494         0.8        0          655      1263643    13202      46679.60   9466.40
Global   230      1333453      5797         0.8        0          474      1563872    12502      32474.16   9450.02

[1;1H[2J
Get Statistics
Type     Time(s)  Ops          TPS(ops/s)   Net(M/s)   Get_miss   Min(us)  Max(us)    Avg(us)    Std_dev    Geo_dist  
Period   10       45001        4500         0.8        0          746      2526557    16119      101397.00  9530.98
Global   240      1378455      5743         0.6        0          474      2526557    12620      36826.56   9452.59

Total Statistics
Type     Time(s)  Ops          TPS(ops/s)   Net(M/s)   Get_miss   Min(us)  Max(us)    Avg(us)    Std_dev    Geo_dist  
Period   10       45002        4500         0.8        0          746      2526557    16119      101395.85  9529.04
Global   240      1378455      5743         0.6        0          474      2526557    12620      36826.56   9452.59

[1;1H[2J
Get Statistics
Type     Time(s)  Ops          TPS(ops/s)   Net(M/s)   Get_miss   Min(us)  Max(us)    Avg(us)    Std_dev    Geo_dist  
Period   10       61053        6105         0.8        0          830      208014     11890      12566.81   9604.33
Global   250      1439508      5758         0.8        0          474      2526557    12589      36130.27   9458.98

Total Statistics
Type     Time(s)  Ops          TPS(ops/s)   Net(M/s)   Get_miss   Min(us)  Max(us)    Avg(us)    Std_dev    Geo_dist  
Period   10       61053        6105         0.8        0          830      208014     11890      12566.81   9604.33
Global   250      1439508      5758         0.8        0          474      2526557    12589      36130.27   9458.98

[1;1H[2J
Get Statistics
Type     Time(s)  Ops          TPS(ops/s)   Net(M/s)   Get_miss   Min(us)  Max(us)    Avg(us)    Std_dev    Geo_dist  
Period   10       48847        4884         0.8        0          700      1014225    14854      56051.86   9495.32
Global   260      1488355      5724         0.7        0          474      2526557    12663      36957.21   9460.17

Total Statistics
Type     Time(s)  Ops          TPS(ops/s)   Net(M/s)   Get_miss   Min(us)  Max(us)    Avg(us)    Std_dev    Geo_dist  
Period   10       48847        4884         0.8        0          700      1014225    14854      56051.86   9495.32
Global   260      1488355      5724         0.7        0          474      2526557    12663      36957.21   9460.17

[1;1H[2J
Get Statistics
Type     Time(s)  Ops          TPS(ops/s)   Net(M/s)   Get_miss   Min(us)  Max(us)    Avg(us)    Std_dev    Geo_dist  
Period   10       62313        6231         0.8        0          659      181946     11638      10231.35   9527.08
Global   270      1550668      5743         0.9        0          474      2526557    12622      36265.58   9462.85

Total Statistics
Type     Time(s)  Ops          TPS(ops/s)   Net(M/s)   Get_miss   Min(us)  Max(us)    Avg(us)    Std_dev    Geo_dist  
Period   10       62315        6231         0.8        0          659      181946     11640      10236.70   9527.63
Global   270      1550670      5743         0.9        0          474      2526557    12622      36265.64   9462.87

[1;1H[2J
Get Statistics
Type     Time(s)  Ops          TPS(ops/s)   Net(M/s)   Get_miss   Min(us)  Max(us)    Avg(us)    Std_dev    Geo_dist  
Period   10       60166        6016         0.8        0          643      741984     12066      24566.06   9417.26
Global   280      1610834      5752         0.8        0          474      2526557    12601      35897.53   9461.20

Total Statistics
Type     Time(s)  Ops          TPS(ops/s)   Net(M/s)   Get_miss   Min(us)  Max(us)    Avg(us)    Std_dev    Geo_dist  
Period   10       60166        6016         0.8        0          643      741984     12066      24566.20   9418.44
Global   280      1610836      5752         0.8        0          474      2526557    12601      35897.51   9461.21

[1;1H[2J
Get Statistics
Type     Time(s)  Ops          TPS(ops/s)   Net(M/s)   Get_miss   Min(us)  Max(us)    Avg(us)    Std_dev    Geo_dist  
Period   10       41261        4126         0.8        0          823      955258     14199      43431.77   9595.11
Global   290      1652095      5696         0.6        0          474      2526557    12641      36105.66   9464.63

Total Statistics
Type     Time(s)  Ops          TPS(ops/s)   Net(M/s)   Get_miss   Min(us)  Max(us)    Avg(us)    Std_dev    Geo_dist  
Period   10       41259        4125         0.8        0          823      955258     14200      43432.61   9599.38
Global   290      1652095      5696         0.6        0          474      2526557    12641      36105.66   9464.63

[1;1H[2J
Get Statistics
Type     Time(s)  Ops          TPS(ops/s)   Net(M/s)   Get_miss   Min(us)  Max(us)    Avg(us)    Std_dev    Geo_dist  
Period   10       64223        6422         0.8        0          573      2184780    13462      73948.57   8914.59
Global   300      1716318      5721         0.9        0          474      2526557    12672      38203.07   9443.45

Total Statistics
Type     Time(s)  Ops          TPS(ops/s)   Net(M/s)   Get_miss   Min(us)  Max(us)    Avg(us)    Std_dev    Geo_dist  
Period   10       64223        6422         0.8        0          573      2184780    13462      73948.57   8914.59
Global   300      1716318      5721         0.9        0          474      2526557    12672      38203.07   9443.45

[1;1H[2J
Get Statistics
Type     Time(s)  Ops          TPS(ops/s)   Net(M/s)   Get_miss   Min(us)  Max(us)    Avg(us)    Std_dev    Geo_dist  
Period   10       55789        5578         0.8        0          465      630889     12963      22646.66   9743.81
Global   310      1772107      5716         0.8        0          465      2526557    12681      37811.11   9452.77

Total Statistics
Type     Time(s)  Ops          TPS(ops/s)   Net(M/s)   Get_miss   Min(us)  Max(us)    Avg(us)    Std_dev    Geo_dist  
Period   10       55789        5578         0.8        0          465      630889     12963      22646.66   9743.81
Global   310      1772107      5716         0.8        0          465      2526557    12681      37811.11   9452.77

[1;1H[2J
Get Statistics
Type     Time(s)  Ops          TPS(ops/s)   Net(M/s)   Get_miss   Min(us)  Max(us)    Avg(us)    Std_dev    Geo_dist  
Period   10       58574        5857         0.8        0          763      490765     12347      20908.61   9568.11
Global   320      1830681      5720         0.8        0          465      2526557    12670      37388.97   9456.43

Total Statistics
Type     Time(s)  Ops          TPS(ops/s)   Net(M/s)   Get_miss   Min(us)  Max(us)    Avg(us)    Std_dev    Geo_dist  
Period   10       58574        5857         0.8        0          763      490765     12347      20908.61   9568.11
Global   320      1830681      5720         0.8        0          465      2526557    12670      37388.97   9456.43

[1;1H[2J
Get Statistics
Type     Time(s)  Ops          TPS(ops/s)   Net(M/s)   Get_miss   Min(us)  Max(us)    Avg(us)    Std_dev    Geo_dist  
Period   10       55999        5599         0.8        0          796      364377     12538      20107.67   9551.44
Global   330      1886680      5717         0.8        0          465      2526557    12666      36992.51   9459.24

Total Statistics
Type     Time(s)  Ops          TPS(ops/s)   Net(M/s)   Get_miss   Min(us)  Max(us)    Avg(us)    Std_dev    Geo_dist  
Period   10       55999        5599         0.8        0          796      364377     12538      20107.67   9551.44
Global   330      1886680      5717         0.8        0          465      2526557    12666      36992.51   9459.24

[1;1H[2J
Get Statistics
Type     Time(s)  Ops          TPS(ops/s)   Net(M/s)   Get_miss   Min(us)  Max(us)    Avg(us)    Std_dev    Geo_dist  
Period   10       54270        5427         0.8        0          639      510638     13688      25504.56   10124.27
Global   340      1940950      5708         0.7        0          465      2526557    12695      36720.41   9477.23

Total Statistics
Type     Time(s)  Ops          TPS(ops/s)   Net(M/s)   Get_miss   Min(us)  Max(us)    Avg(us)    Std_dev    Geo_dist  
Period   10       54270        5427         0.8        0          639      510638     13688      25504.56   10124.27
Global   340      1940950      5708         0.7        0          465      2526557    12695      36720.41   9477.23

[1;1H[2J
Get Statistics
Type     Time(s)  Ops          TPS(ops/s)   Net(M/s)   Get_miss   Min(us)  Max(us)    Avg(us)    Std_dev    Geo_dist  
Period   10       52138        5213         0.8        0          604      147645     11459      9090.94    9420.29
Global   350      1993088      5694         0.7        0          465      2526557    12663      36267.17   9475.73

Total Statistics
Type     Time(s)  Ops          TPS(ops/s)   Net(M/s)   Get_miss   Min(us)  Max(us)    Avg(us)    Std_dev    Geo_dist  
Period   10       52138        5213         0.8        0          604      147645     11459      9090.94    9420.29
Global   350      1993088      5694         0.7        0          465      2526557    12663      36267.17   9475.73

[1;1H[2J
Get Statistics
Type     Time(s)  Ops          TPS(ops/s)   Net(M/s)   Get_miss   Min(us)  Max(us)    Avg(us)    Std_dev    Geo_dist  
Period   10       62066        6206         0.8        0          653      1844305    13676      63168.01   9410.67
Global   360      2055154      5708         0.9        0          465      2526557    12693      37364.87   9473.76

Total Statistics
Type     Time(s)  Ops          TPS(ops/s)   Net(M/s)   Get_miss   Min(us)  Max(us)    Avg(us)    Std_dev    Geo_dist  
Period   10       62066        6206         0.8        0          653      1844305    13676      63168.01   9410.67
Global   360      2055154      5708         0.9        0          465      2526557    12693      37364.87   9473.76

Get Statistics (2055226 events)
   Min:       465
   Max:   2526557
   Avg:     12693
   Geo:   9473.77
   Std:  37364.19
   Log2 Dist:
       8:        0        5     1427    59835
      12:   218737    93609   1392011   255825
      16:    17698     8510     4449     1651
      20:      764      561      144

Total Statistics (2055226 events)
   Min:       465
   Max:   2526557
   Avg:     12693
   Geo:   9473.77
   Std:  37364.19
   Log2 Dist:
       8:        0        5     1427    59835
      12:   218737    93609   1392011   255825
      16:    17698     8510     4449     1651
      20:      764      561      144

cmd_get: 2055298
cmd_set: 73728
get_misses: 0
written_bytes: 57011452
read_bytes: 339702114
object_bytes: 10616832

Run time: 362.4s Ops: 2129026 TPS: 5875 Net_rate: 1.0M/s
