servers : 10.0.0.6:11212
threads count: 72
concurrency: 72
run time: 360s
windows size: 1k
set proportion: set_prop=0.00
get proportion: get_prop=1.00
[1;1H[2J
Get Statistics
Type     Time(s)  Ops          TPS(ops/s)   Net(M/s)   Get_miss   Min(us)  Max(us)    Avg(us)    Std_dev    Geo_dist  
Period   10       54373        5437         0.7        0          644      1563544    13279      56670.04   9456.40
Global   10       54373        5437         0.7        0          644      1563544    13279      56670.04   9456.40

Total Statistics
Type     Time(s)  Ops          TPS(ops/s)   Net(M/s)   Get_miss   Min(us)  Max(us)    Avg(us)    Std_dev    Geo_dist  
Period   10       54374        5437         0.7        0          644      1563544    13280      56669.29   9456.49
Global   10       54374        5437         0.7        0          644      1563544    13280      56669.29   9456.49

[1;1H[2J
Get Statistics
Type     Time(s)  Ops          TPS(ops/s)   Net(M/s)   Get_miss   Min(us)  Max(us)    Avg(us)    Std_dev    Geo_dist  
Period   10       57070        5707         0.8        0          591      979095     12665      35484.54   9441.03
Global   20       111443       5572         0.8        0          591      1563544    12965      47029.39   9449.35

Total Statistics
Type     Time(s)  Ops          TPS(ops/s)   Net(M/s)   Get_miss   Min(us)  Max(us)    Avg(us)    Std_dev    Geo_dist  
Period   10       57069        5706         0.8        0          591      979095     12665      35484.83   9440.94
Global   20       111443       5572         0.8        0          591      1563544    12965      47029.39   9449.35

[1;1H[2J
Get Statistics
Type     Time(s)  Ops          TPS(ops/s)   Net(M/s)   Get_miss   Min(us)  Max(us)    Avg(us)    Std_dev    Geo_dist  
Period   10       57600        5760         0.8        0          559      1054346    12553      37962.51   9411.42
Global   30       169043       5634         0.8        0          559      1563544    12824      44150.06   9436.41

Total Statistics
Type     Time(s)  Ops          TPS(ops/s)   Net(M/s)   Get_miss   Min(us)  Max(us)    Avg(us)    Std_dev    Geo_dist  
Period   10       57600        5760         0.8        0          559      1054346    12553      37962.51   9411.42
Global   30       169043       5634         0.8        0          559      1563544    12824      44150.06   9436.41

[1;1H[2J
Get Statistics
Type     Time(s)  Ops          TPS(ops/s)   Net(M/s)   Get_miss   Min(us)  Max(us)    Avg(us)    Std_dev    Geo_dist  
Period   10       54180        5418         0.8        0          538      1398981    13327      52519.81   9227.28
Global   40       223223       5580         0.7        0          538      1563544    12946      46321.14   9385.22

Total Statistics
Type     Time(s)  Ops          TPS(ops/s)   Net(M/s)   Get_miss   Min(us)  Max(us)    Avg(us)    Std_dev    Geo_dist  
Period   10       54180        5418         0.8        0          538      1398981    13327      52519.81   9227.28
Global   40       223223       5580         0.7        0          538      1563544    12946      46321.14   9385.22

[1;1H[2J
Get Statistics
Type     Time(s)  Ops          TPS(ops/s)   Net(M/s)   Get_miss   Min(us)  Max(us)    Avg(us)    Std_dev    Geo_dist  
Period   10       57817        5781         0.8        0          530      370297     12022      14139.44   9717.83
Global   50       281040       5620         0.8        0          530      1563544    12756      41779.17   9452.70

Total Statistics
Type     Time(s)  Ops          TPS(ops/s)   Net(M/s)   Get_miss   Min(us)  Max(us)    Avg(us)    Std_dev    Geo_dist  
Period   10       57817        5781         0.8        0          530      370297     12022      14139.44   9716.26
Global   50       281040       5620         0.8        0          530      1563544    12756      41779.17   9452.70

[1;1H[2J
Get Statistics
Type     Time(s)  Ops          TPS(ops/s)   Net(M/s)   Get_miss   Min(us)  Max(us)    Avg(us)    Std_dev    Geo_dist  
Period   10       47790        4779         0.8        0          853      1444729    15709      62642.42   9756.70
Global   60       328830       5480         0.7        0          530      1563544    13185      45422.41   9496.29

Total Statistics
Type     Time(s)  Ops          TPS(ops/s)   Net(M/s)   Get_miss   Min(us)  Max(us)    Avg(us)    Std_dev    Geo_dist  
Period   10       47790        4779         0.8        0          853      1444729    15709      62642.42   9756.70
Global   60       328830       5480         0.7        0          530      1563544    13185      45422.41   9496.29

[1;1H[2J
Get Statistics
Type     Time(s)  Ops          TPS(ops/s)   Net(M/s)   Get_miss   Min(us)  Max(us)    Avg(us)    Std_dev    Geo_dist  
Period   10       62878        6287         0.8        0          644      108817     11498      6665.71    9739.64
Global   70       391708       5595         0.9        0          530      1563544    12915      41707.32   9534.94

Total Statistics
Type     Time(s)  Ops          TPS(ops/s)   Net(M/s)   Get_miss   Min(us)  Max(us)    Avg(us)    Std_dev    Geo_dist  
Period   10       62878        6287         0.8        0          644      108817     11498      6665.71    9739.64
Global   70       391708       5595         0.9        0          530      1563544    12915      41707.32   9534.94

[1;1H[2J
Get Statistics
Type     Time(s)  Ops          TPS(ops/s)   Net(M/s)   Get_miss   Min(us)  Max(us)    Avg(us)    Std_dev    Geo_dist  
Period   10       51173        5117         0.8        0          513      1222813    14130      48800.81   9814.09
Global   80       442881       5536         0.7        0          513      1563544    13055      42589.18   9566.78

Total Statistics
Type     Time(s)  Ops          TPS(ops/s)   Net(M/s)   Get_miss   Min(us)  Max(us)    Avg(us)    Std_dev    Geo_dist  
Period   10       51173        5117         0.8        0          513      1222813    14130      48800.81   9814.09
Global   80       442881       5536         0.7        0          513      1563544    13055      42589.18   9566.78

[1;1H[2J
Get Statistics
Type     Time(s)  Ops          TPS(ops/s)   Net(M/s)   Get_miss   Min(us)  Max(us)    Avg(us)    Std_dev    Geo_dist  
Period   10       64259        6425         0.8        0          722      253197     11256      11516.84   9318.41
Global   90       507140       5634         0.9        0          513      1563544    12827      40014.68   9534.95

Total Statistics
Type     Time(s)  Ops          TPS(ops/s)   Net(M/s)   Get_miss   Min(us)  Max(us)    Avg(us)    Std_dev    Geo_dist  
Period   10       64260        6426         0.8        0          722      253197     11256      11516.75   9318.44
Global   90       507141       5634         0.9        0          513      1563544    12827      40014.64   9534.95

[1;1H[2J
Get Statistics
Type     Time(s)  Ops          TPS(ops/s)   Net(M/s)   Get_miss   Min(us)  Max(us)    Avg(us)    Std_dev    Geo_dist  
Period   10       58636        5863         0.8        0          673      724081     12276      28996.32   9130.52
Global   100      565776       5657         0.8        0          513      1563544    12770      39017.86   9492.37

Total Statistics
Type     Time(s)  Ops          TPS(ops/s)   Net(M/s)   Get_miss   Min(us)  Max(us)    Avg(us)    Std_dev    Geo_dist  
Period   10       58635        5863         0.8        0          673      724081     12276      28996.58   9130.48
Global   100      565776       5657         0.8        0          513      1563544    12770      39017.86   9492.37

[1;1H[2J
Get Statistics
Type     Time(s)  Ops          TPS(ops/s)   Net(M/s)   Get_miss   Min(us)  Max(us)    Avg(us)    Std_dev    Geo_dist  
Period   10       55540        5554         0.8        0          492      300579     13061      16078.48   10264.25
Global   110      621316       5648         0.8        0          492      1563544    12796      37542.26   9558.94

Total Statistics
Type     Time(s)  Ops          TPS(ops/s)   Net(M/s)   Get_miss   Min(us)  Max(us)    Avg(us)    Std_dev    Geo_dist  
Period   10       55540        5554         0.8        0          492      300579     13061      16078.48   10264.25
Global   110      621316       5648         0.8        0          492      1563544    12796      37542.26   9558.94

[1;1H[2J
Get Statistics
Type     Time(s)  Ops          TPS(ops/s)   Net(M/s)   Get_miss   Min(us)  Max(us)    Avg(us)    Std_dev    Geo_dist  
Period   10       59748        5974         0.8        0          695      422059     12099      18090.37   9582.24
Global   120      681064       5675         0.8        0          492      1563544    12735      36256.32   9560.98

Total Statistics
Type     Time(s)  Ops          TPS(ops/s)   Net(M/s)   Get_miss   Min(us)  Max(us)    Avg(us)    Std_dev    Geo_dist  
Period   10       59748        5974         0.8        0          695      422059     12099      18090.37   9582.24
Global   120      681064       5675         0.8        0          492      1563544    12735      36256.32   9560.98

[1;1H[2J
Get Statistics
Type     Time(s)  Ops          TPS(ops/s)   Net(M/s)   Get_miss   Min(us)  Max(us)    Avg(us)    Std_dev    Geo_dist  
Period   10       57734        5773         0.8        0          642      508750     12516      19685.51   9867.34
Global   130      738798       5683         0.8        0          492      1563544    12718      35243.14   9584.58

Total Statistics
Type     Time(s)  Ops          TPS(ops/s)   Net(M/s)   Get_miss   Min(us)  Max(us)    Avg(us)    Std_dev    Geo_dist  
Period   10       57734        5773         0.8        0          642      508750     12516      19685.51   9867.34
Global   130      738798       5683         0.8        0          492      1563544    12718      35243.14   9584.58

[1;1H[2J
Get Statistics
Type     Time(s)  Ops          TPS(ops/s)   Net(M/s)   Get_miss   Min(us)  Max(us)    Avg(us)    Std_dev    Geo_dist  
Period   10       55536        5553         0.8        0          401      1019539    12879      37216.68   9436.09
Global   140      794334       5673         0.8        0          401      1563544    12729      35384.79   9574.12

Total Statistics
Type     Time(s)  Ops          TPS(ops/s)   Net(M/s)   Get_miss   Min(us)  Max(us)    Avg(us)    Std_dev    Geo_dist  
Period   10       55536        5553         0.8        0          401      1019539    12879      37216.68   9436.09
Global   140      794334       5673         0.8        0          401      1563544    12729      35384.79   9574.12

[1;1H[2J
Get Statistics
Type     Time(s)  Ops          TPS(ops/s)   Net(M/s)   Get_miss   Min(us)  Max(us)    Avg(us)    Std_dev    Geo_dist  
Period   10       54235        5423         0.8        0          607      1105178    13478      39212.86   9826.52
Global   150      848569       5657         0.7        0          401      1563544    12777      35642.16   9590.06

Total Statistics
Type     Time(s)  Ops          TPS(ops/s)   Net(M/s)   Get_miss   Min(us)  Max(us)    Avg(us)    Std_dev    Geo_dist  
Period   10       54235        5423         0.8        0          607      1105178    13478      39212.86   9826.52
Global   150      848569       5657         0.7        0          401      1563544    12777      35642.16   9590.06

[1;1H[2J
Get Statistics
Type     Time(s)  Ops          TPS(ops/s)   Net(M/s)   Get_miss   Min(us)  Max(us)    Avg(us)    Std_dev    Geo_dist  
Period   10       56033        5603         0.8        0          787      299273     12903      18932.70   9894.36
Global   160      904602       5653         0.8        0          401      1563544    12785      34840.68   9608.63

Total Statistics
Type     Time(s)  Ops          TPS(ops/s)   Net(M/s)   Get_miss   Min(us)  Max(us)    Avg(us)    Std_dev    Geo_dist  
Period   10       56033        5603         0.8        0          787      299273     12903      18932.70   9894.36
Global   160      904602       5653         0.8        0          401      1563544    12785      34840.68   9608.63

[1;1H[2J
Get Statistics
Type     Time(s)  Ops          TPS(ops/s)   Net(M/s)   Get_miss   Min(us)  Max(us)    Avg(us)    Std_dev    Geo_dist  
Period   10       59786        5978         0.8        0          594      689842     12093      25230.40   9556.18
Global   170      964388       5672         0.8        0          401      1563544    12742      34323.66   9605.37

Total Statistics
Type     Time(s)  Ops          TPS(ops/s)   Net(M/s)   Get_miss   Min(us)  Max(us)    Avg(us)    Std_dev    Geo_dist  
Period   10       59786        5978         0.8        0          594      689842     12093      25230.40   9556.18
Global   170      964388       5672         0.8        0          401      1563544    12742      34323.66   9605.37

[1;1H[2J
Get Statistics
Type     Time(s)  Ops          TPS(ops/s)   Net(M/s)   Get_miss   Min(us)  Max(us)    Avg(us)    Std_dev    Geo_dist  
Period   10       55169        5516         0.8        0          606      222195     13095      14359.51   10582.24
Global   180      1019557      5664         0.8        0          401      1563544    12761      33548.94   9655.84

Total Statistics
Type     Time(s)  Ops          TPS(ops/s)   Net(M/s)   Get_miss   Min(us)  Max(us)    Avg(us)    Std_dev    Geo_dist  
Period   10       55169        5516         0.8        0          606      222195     13095      14359.51   10582.24
Global   180      1019557      5664         0.8        0          401      1563544    12761      33548.94   9655.84

[1;1H[2J
Get Statistics
Type     Time(s)  Ops          TPS(ops/s)   Net(M/s)   Get_miss   Min(us)  Max(us)    Avg(us)    Std_dev    Geo_dist  
Period   10       49414        4941         0.8        0          838      1123258    14621      48321.94   9791.69
Global   190      1068971      5626         0.7        0          401      1563544    12847      34374.27   9662.08

Total Statistics
Type     Time(s)  Ops          TPS(ops/s)   Net(M/s)   Get_miss   Min(us)  Max(us)    Avg(us)    Std_dev    Geo_dist  
Period   10       49414        4941         0.8        0          838      1123258    14621      48321.94   9791.69
Global   190      1068971      5626         0.7        0          401      1563544    12847      34374.27   9662.08

[1;1H[2J
Get Statistics
Type     Time(s)  Ops          TPS(ops/s)   Net(M/s)   Get_miss   Min(us)  Max(us)    Avg(us)    Std_dev    Geo_dist  
Period   10       62588        6258         0.8        0          430      247226     11548      13016.43   9382.39
Global   200      1131559      5657         0.9        0          401      1563544    12775      33551.42   9646.39

Total Statistics
Type     Time(s)  Ops          TPS(ops/s)   Net(M/s)   Get_miss   Min(us)  Max(us)    Avg(us)    Std_dev    Geo_dist  
Period   10       62588        6258         0.8        0          430      247226     11548      13016.43   9382.39
Global   200      1131559      5657         0.9        0          401      1563544    12775      33551.42   9646.39

[1;1H[2J
Get Statistics
Type     Time(s)  Ops          TPS(ops/s)   Net(M/s)   Get_miss   Min(us)  Max(us)    Avg(us)    Std_dev    Geo_dist  
Period   10       57147        5714         0.8        0          536      188845     12669      12417.12   10200.68
Global   210      1188706      5660         0.8        0          401      1563544    12770      32847.99   9672.34

Total Statistics
Type     Time(s)  Ops          TPS(ops/s)   Net(M/s)   Get_miss   Min(us)  Max(us)    Avg(us)    Std_dev    Geo_dist  
Period   10       57147        5714         0.8        0          536      188845     12669      12417.12   10200.68
Global   210      1188706      5660         0.8        0          401      1563544    12770      32847.99   9672.34

[1;1H[2J
Get Statistics
Type     Time(s)  Ops          TPS(ops/s)   Net(M/s)   Get_miss   Min(us)  Max(us)    Avg(us)    Std_dev    Geo_dist  
Period   10       58751        5875         0.8        0          743      274635     12350      13538.11   10011.22
Global   220      1247457      5670         0.8        0          401      1563544    12750      32199.67   9688.04

Total Statistics
Type     Time(s)  Ops          TPS(ops/s)   Net(M/s)   Get_miss   Min(us)  Max(us)    Avg(us)    Std_dev    Geo_dist  
Period   10       58751        5875         0.8        0          743      274635     12350      13538.11   10011.22
Global   220      1247457      5670         0.8        0          401      1563544    12750      32199.67   9688.04

[1;1H[2J
Get Statistics
Type     Time(s)  Ops          TPS(ops/s)   Net(M/s)   Get_miss   Min(us)  Max(us)    Avg(us)    Std_dev    Geo_dist  
Period   10       54250        5425         0.8        0          614      1263266    13216      46574.95   9478.81
Global   230      1301707      5659         0.7        0          401      1563544    12770      32924.24   9679.23

Total Statistics
Type     Time(s)  Ops          TPS(ops/s)   Net(M/s)   Get_miss   Min(us)  Max(us)    Avg(us)    Std_dev    Geo_dist  
Period   10       54250        5425         0.8        0          614      1263266    13216      46574.95   9478.81
Global   230      1301707      5659         0.7        0          401      1563544    12770      32924.24   9679.23

[1;1H[2J
Get Statistics
Type     Time(s)  Ops          TPS(ops/s)   Net(M/s)   Get_miss   Min(us)  Max(us)    Avg(us)    Std_dev    Geo_dist  
Period   10       43656        4365         0.8        0          610      2526332    16823      103148.30  9864.15
Global   240      1345363      5605         0.6        0          401      2526332    12901      37344.31   9685.17

Total Statistics
Type     Time(s)  Ops          TPS(ops/s)   Net(M/s)   Get_miss   Min(us)  Max(us)    Avg(us)    Std_dev    Geo_dist  
Period   10       43656        4365         0.8        0          610      2526332    16823      103148.30  9864.15
Global   240      1345363      5605         0.6        0          401      2526332    12901      37344.31   9685.17

[1;1H[2J
Get Statistics
Type     Time(s)  Ops          TPS(ops/s)   Net(M/s)   Get_miss   Min(us)  Max(us)    Avg(us)    Std_dev    Geo_dist  
Period   10       61403        6140         0.8        0          564      214326     11812      11298.94   9724.62
Global   250      1406766      5627         0.8        0          401      2526332    12854      36596.91   9686.89

Total Statistics
Type     Time(s)  Ops          TPS(ops/s)   Net(M/s)   Get_miss   Min(us)  Max(us)    Avg(us)    Std_dev    Geo_dist  
Period   10       61403        6140         0.8        0          564      214326     11812      11298.94   9724.62
Global   250      1406766      5627         0.8        0          401      2526332    12854      36596.91   9686.89

[1;1H[2J
Get Statistics
Type     Time(s)  Ops          TPS(ops/s)   Net(M/s)   Get_miss   Min(us)  Max(us)    Avg(us)    Std_dev    Geo_dist  
Period   10       47006        4700         0.8        0          586      1014532    15437      57352.73   9797.73
Global   260      1453772      5591         0.6        0          401      2526332    12937      37451.36   9690.46

Total Statistics
Type     Time(s)  Ops          TPS(ops/s)   Net(M/s)   Get_miss   Min(us)  Max(us)    Avg(us)    Std_dev    Geo_dist  
Period   10       47006        4700         0.8        0          586      1014532    15437      57352.73   9797.73
Global   260      1453772      5591         0.6        0          401      2526332    12937      37451.36   9690.46

[1;1H[2J
Get Statistics
Type     Time(s)  Ops          TPS(ops/s)   Net(M/s)   Get_miss   Min(us)  Max(us)    Avg(us)    Std_dev    Geo_dist  
Period   10       61395        6139         0.8        0          711      181808     11826      10243.65   9670.75
Global   270      1515167      5611         0.8        0          401      2526332    12892      36743.30   9689.66

Total Statistics
Type     Time(s)  Ops          TPS(ops/s)   Net(M/s)   Get_miss   Min(us)  Max(us)    Avg(us)    Std_dev    Geo_dist  
Period   10       61395        6139         0.8        0          711      181808     11826      10243.56   9669.30
Global   270      1515167      5611         0.8        0          401      2526332    12892      36743.30   9689.66

[1;1H[2J
Get Statistics
Type     Time(s)  Ops          TPS(ops/s)   Net(M/s)   Get_miss   Min(us)  Max(us)    Avg(us)    Std_dev    Geo_dist  
Period   10       60334        6033         0.8        0          717      748662     12024      24788.06   9467.86
Global   280      1575501      5626         0.8        0          401      2526332    12859      36358.22   9681.07

Total Statistics
Type     Time(s)  Ops          TPS(ops/s)   Net(M/s)   Get_miss   Min(us)  Max(us)    Avg(us)    Std_dev    Geo_dist  
Period   10       60335        6033         0.8        0          717      748662     12024      24787.83   9467.85
Global   280      1575502      5626         0.8        0          401      2526332    12859      36358.21   9681.07

[1;1H[2J
Get Statistics
Type     Time(s)  Ops          TPS(ops/s)   Net(M/s)   Get_miss   Min(us)  Max(us)    Avg(us)    Std_dev    Geo_dist  
Period   10       38429        3842         0.8        0          748      2185035    18881      103154.31  10061.35
Global   290      1613930      5565         0.5        0          401      2526332    13002      39302.13   9690.01

Total Statistics
Type     Time(s)  Ops          TPS(ops/s)   Net(M/s)   Get_miss   Min(us)  Max(us)    Avg(us)    Std_dev    Geo_dist  
Period   10       38428        3842         0.8        0          748      2185035    18882      103155.52  10063.76
Global   290      1613930      5565         0.5        0          401      2526332    13002      39302.13   9690.01

[1;1H[2J
Get Statistics
Type     Time(s)  Ops          TPS(ops/s)   Net(M/s)   Get_miss   Min(us)  Max(us)    Avg(us)    Std_dev    Geo_dist  
Period   10       64737        6473         0.8        0          621      449723     11209      16693.38   9054.53
Global   300      1678667      5595         0.9        0          401      2526332    12933      38677.52   9664.69

Total Statistics
Type     Time(s)  Ops          TPS(ops/s)   Net(M/s)   Get_miss   Min(us)  Max(us)    Avg(us)    Std_dev    Geo_dist  
Period   10       64737        6473         0.8        0          621      449723     11209      16693.38   9054.53
Global   300      1678667      5595         0.9        0          401      2526332    12933      38677.52   9664.69

[1;1H[2J
Get Statistics
Type     Time(s)  Ops          TPS(ops/s)   Net(M/s)   Get_miss   Min(us)  Max(us)    Avg(us)    Std_dev    Geo_dist  
Period   10       54053        5405         0.8        0          607      555637     13424      22351.38   10098.36
Global   310      1732720      5589         0.7        0          401      2526332    12948      38273.80   9677.94

Total Statistics
Type     Time(s)  Ops          TPS(ops/s)   Net(M/s)   Get_miss   Min(us)  Max(us)    Avg(us)    Std_dev    Geo_dist  
Period   10       54053        5405         0.8        0          607      555637     13424      22351.38   10098.36
Global   310      1732720      5589         0.7        0          401      2526332    12948      38273.80   9677.94

[1;1H[2J
Get Statistics
Type     Time(s)  Ops          TPS(ops/s)   Net(M/s)   Get_miss   Min(us)  Max(us)    Avg(us)    Std_dev    Geo_dist  
Period   10       57932        5793         0.8        0          846      490869     12529      20827.32   9809.97
Global   320      1790652      5595         0.8        0          401      2526332    12935      37835.38   9682.18

Total Statistics
Type     Time(s)  Ops          TPS(ops/s)   Net(M/s)   Get_miss   Min(us)  Max(us)    Avg(us)    Std_dev    Geo_dist  
Period   10       57932        5793         0.8        0          846      490869     12529      20827.32   9809.97
Global   320      1790652      5595         0.8        0          401      2526332    12935      37835.38   9682.18

[1;1H[2J
Get Statistics
Type     Time(s)  Ops          TPS(ops/s)   Net(M/s)   Get_miss   Min(us)  Max(us)    Avg(us)    Std_dev    Geo_dist  
Period   10       51556        5155         0.8        0          834      496856     14066      28361.41   9941.85
Global   330      1842208      5582         0.7        0          401      2526332    12967      37603.05   9689.35

Total Statistics
Type     Time(s)  Ops          TPS(ops/s)   Net(M/s)   Get_miss   Min(us)  Max(us)    Avg(us)    Std_dev    Geo_dist  
Period   10       51559        5155         0.8        0          834      496856     14066      28360.51   9941.90
Global   330      1842211      5582         0.7        0          401      2526332    12967      37603.02   9689.36

[1;1H[2J
Get Statistics
Type     Time(s)  Ops          TPS(ops/s)   Net(M/s)   Get_miss   Min(us)  Max(us)    Avg(us)    Std_dev    Geo_dist  
Period   10       56738        5673         0.8        0          573      483376     12792      17842.71   10125.66
Global   340      1898946      5585         0.8        0          401      2526332    12961      37165.50   9702.26

Total Statistics
Type     Time(s)  Ops          TPS(ops/s)   Net(M/s)   Get_miss   Min(us)  Max(us)    Avg(us)    Std_dev    Geo_dist  
Period   10       56735        5673         0.8        0          573      483376     12792      17843.19   10127.19
Global   340      1898946      5585         0.8        0          401      2526332    12961      37165.50   9702.26

[1;1H[2J
Get Statistics
Type     Time(s)  Ops          TPS(ops/s)   Net(M/s)   Get_miss   Min(us)  Max(us)    Avg(us)    Std_dev    Geo_dist  
Period   10       50599        5059         0.8        0          615      1844500    14343      69142.23   9756.50
Global   350      1949545      5570         0.7        0          401      2526332    12997      38334.65   9703.66

Total Statistics
Type     Time(s)  Ops          TPS(ops/s)   Net(M/s)   Get_miss   Min(us)  Max(us)    Avg(us)    Std_dev    Geo_dist  
Period   10       50599        5059         0.8        0          615      1844500    14343      69142.23   9756.50
Global   350      1949545      5570         0.7        0          401      2526332    12997      38334.65   9703.66

[1;1H[2J
Get Statistics
Type     Time(s)  Ops          TPS(ops/s)   Net(M/s)   Get_miss   Min(us)  Max(us)    Avg(us)    Std_dev    Geo_dist  
Period   10       68610        6861         0.8        0          438      231217     10574      12355.65   8070.80
Global   360      2018155      5605         0.9        0          401      2526332    12915      37748.63   9643.07

Total Statistics
Type     Time(s)  Ops          TPS(ops/s)   Net(M/s)   Get_miss   Min(us)  Max(us)    Avg(us)    Std_dev    Geo_dist  
Period   10       68610        6861         0.8        0          438      231217     10574      12355.65   8070.80
Global   360      2018155      5605         0.9        0          401      2526332    12915      37748.63   9643.07

Get Statistics (2018227 events)
   Min:       401
   Max:   2526332
   Avg:     12915
   Geo:   9642.61
   Std:  37747.89
   Log2 Dist:
       8:        0        6     1639    56653
      12:   207746    82545   1365905   269527
      16:    18169     8458     4455     1658
      20:      747      575      144

Total Statistics (2018227 events)
   Min:       401
   Max:   2526332
   Avg:     12915
   Geo:   9642.61
   Std:  37747.89
   Log2 Dist:
       8:        0        6     1639    56653
      12:   207746    82545   1365905   269527
      16:    18169     8458     4455     1658
      20:      747      575      144

cmd_get: 2018299
cmd_set: 73728
get_misses: 0
written_bytes: 56197474
read_bytes: 333597279
object_bytes: 10616832

Run time: 362.1s Ops: 2092027 TPS: 5778 Net_rate: 1.0M/s
