servers : 10.0.0.6:11212
threads count: 48
concurrency: 48
run time: 360s
windows size: 1k
set proportion: set_prop=0.00
get proportion: get_prop=1.00
[1;1H[2J
Get Statistics
Type     Time(s)  Ops          TPS(ops/s)   Net(M/s)   Get_miss   Min(us)  Max(us)    Avg(us)    Std_dev    Geo_dist  
Period   10       64779        6477         0.9        0          383      83902      7434       5225.93    5752.04
Global   10       64779        6477         0.9        0          383      83902      7434       5225.93    5752.04

Total Statistics
Type     Time(s)  Ops          TPS(ops/s)   Net(M/s)   Get_miss   Min(us)  Max(us)    Avg(us)    Std_dev    Geo_dist  
Period   10       64779        6477         0.9        0          383      83902      7434       5225.93    5752.04
Global   10       64779        6477         0.9        0          383      83902      7434       5225.93    5752.04

[1;1H[2J
Get Statistics
Type     Time(s)  Ops          TPS(ops/s)   Net(M/s)   Get_miss   Min(us)  Max(us)    Avg(us)    Std_dev    Geo_dist  
Period   10       53035        5303         0.8        0          483      1187953    9083       37893.14   5970.49
Global   20       117814       5890         0.7        0          383      1187953    8176       25730.65   5849.37

Total Statistics
Type     Time(s)  Ops          TPS(ops/s)   Net(M/s)   Get_miss   Min(us)  Max(us)    Avg(us)    Std_dev    Geo_dist  
Period   10       53035        5303         0.8        0          483      1187953    9083       37893.14   5970.49
Global   20       117814       5890         0.7        0          383      1187953    8176       25730.65   5849.37

[1;1H[2J
Get Statistics
Type     Time(s)  Ops          TPS(ops/s)   Net(M/s)   Get_miss   Min(us)  Max(us)    Avg(us)    Std_dev    Geo_dist  
Period   10       56768        5676         0.8        0          491      920813     8416       26526.74   5999.05
Global   30       174582       5819         0.8        0          383      1187953    8254       25992.36   5897.63

Total Statistics
Type     Time(s)  Ops          TPS(ops/s)   Net(M/s)   Get_miss   Min(us)  Max(us)    Avg(us)    Std_dev    Geo_dist  
Period   10       56768        5676         0.8        0          491      920813     8416       26526.74   5999.05
Global   30       174582       5819         0.8        0          383      1187953    8254       25992.36   5897.63

[1;1H[2J
Get Statistics
Type     Time(s)  Ops          TPS(ops/s)   Net(M/s)   Get_miss   Min(us)  Max(us)    Avg(us)    Std_dev    Geo_dist  
Period   10       60390        6039         0.8        0          411      494154     8045       11535.61   5930.83
Global   40       234972       5874         0.8        0          383      1187953    8200       23155.54   5906.14

Total Statistics
Type     Time(s)  Ops          TPS(ops/s)   Net(M/s)   Get_miss   Min(us)  Max(us)    Avg(us)    Std_dev    Geo_dist  
Period   10       60390        6039         0.8        0          411      494154     8045       11535.61   5930.83
Global   40       234972       5874         0.8        0          383      1187953    8200       23155.54   5906.14

[1;1H[2J
Get Statistics
Type     Time(s)  Ops          TPS(ops/s)   Net(M/s)   Get_miss   Min(us)  Max(us)    Avg(us)    Std_dev    Geo_dist  
Period   10       59249        5924         0.8        0          403      130636     8129       7889.94    6077.27
Global   50       294221       5884         0.8        0          383      1187953    8186       20993.73   5940.21

Total Statistics
Type     Time(s)  Ops          TPS(ops/s)   Net(M/s)   Get_miss   Min(us)  Max(us)    Avg(us)    Std_dev    Geo_dist  
Period   10       59249        5924         0.8        0          403      130636     8129       7889.94    6077.27
Global   50       294221       5884         0.8        0          383      1187953    8186       20993.73   5940.21

[1;1H[2J
Get Statistics
Type     Time(s)  Ops          TPS(ops/s)   Net(M/s)   Get_miss   Min(us)  Max(us)    Avg(us)    Std_dev    Geo_dist  
Period   10       57992        5799         0.8        0          575      553350     8305       16540.80   6105.46
Global   60       352213       5870         0.8        0          383      1187953    8206       20327.61   5967.11

Total Statistics
Type     Time(s)  Ops          TPS(ops/s)   Net(M/s)   Get_miss   Min(us)  Max(us)    Avg(us)    Std_dev    Geo_dist  
Period   10       57992        5799         0.8        0          575      553350     8305       16540.80   6105.46
Global   60       352213       5870         0.8        0          383      1187953    8206       20327.61   5967.11

[1;1H[2J
Get Statistics
Type     Time(s)  Ops          TPS(ops/s)   Net(M/s)   Get_miss   Min(us)  Max(us)    Avg(us)    Std_dev    Geo_dist  
Period   10       61584        6158         0.8        0          399      154616     7825       7630.03    5918.79
Global   70       413797       5911         0.8        0          383      1187953    8149       18984.26   5959.89

Total Statistics
Type     Time(s)  Ops          TPS(ops/s)   Net(M/s)   Get_miss   Min(us)  Max(us)    Avg(us)    Std_dev    Geo_dist  
Period   10       61584        6158         0.8        0          399      154616     7825       7630.03    5918.79
Global   70       413797       5911         0.8        0          383      1187953    8149       18984.26   5959.89

[1;1H[2J
Get Statistics
Type     Time(s)  Ops          TPS(ops/s)   Net(M/s)   Get_miss   Min(us)  Max(us)    Avg(us)    Std_dev    Geo_dist  
Period   10       60376        6037         0.8        0          403      197430     7981       9627.14    5909.98
Global   80       474173       5927         0.8        0          383      1187953    8127       18064.50   5953.51

Total Statistics
Type     Time(s)  Ops          TPS(ops/s)   Net(M/s)   Get_miss   Min(us)  Max(us)    Avg(us)    Std_dev    Geo_dist  
Period   10       60376        6037         0.8        0          403      197430     7981       9627.14    5909.98
Global   80       474173       5927         0.8        0          383      1187953    8127       18064.50   5953.51

[1;1H[2J
Get Statistics
Type     Time(s)  Ops          TPS(ops/s)   Net(M/s)   Get_miss   Min(us)  Max(us)    Avg(us)    Std_dev    Geo_dist  
Period   10       53852        5385         0.8        0          570      437699     8982       17066.40   6264.24
Global   90       528025       5866         0.7        0          383      1187953    8215       17966.73   5984.49

Total Statistics
Type     Time(s)  Ops          TPS(ops/s)   Net(M/s)   Get_miss   Min(us)  Max(us)    Avg(us)    Std_dev    Geo_dist  
Period   10       53852        5385         0.8        0          570      437699     8982       17066.40   6264.24
Global   90       528025       5866         0.7        0          383      1187953    8215       17966.73   5984.49

[1;1H[2J
Get Statistics
Type     Time(s)  Ops          TPS(ops/s)   Net(M/s)   Get_miss   Min(us)  Max(us)    Avg(us)    Std_dev    Geo_dist  
Period   10       56108        5610         0.8        0          552      459640     8618       15541.41   6281.11
Global   100      584133       5841         0.8        0          383      1187953    8253       17748.88   6012.36

Total Statistics
Type     Time(s)  Ops          TPS(ops/s)   Net(M/s)   Get_miss   Min(us)  Max(us)    Avg(us)    Std_dev    Geo_dist  
Period   10       56108        5610         0.8        0          552      459640     8618       15541.41   6281.11
Global   100      584133       5841         0.8        0          383      1187953    8253       17748.88   6012.36

[1;1H[2J
Get Statistics
Type     Time(s)  Ops          TPS(ops/s)   Net(M/s)   Get_miss   Min(us)  Max(us)    Avg(us)    Std_dev    Geo_dist  
Period   10       55152        5515         0.8        0          448      282612     8771       10954.57   6429.50
Global   110      639285       5811         0.8        0          383      1187953    8298       17268.87   6047.25

Total Statistics
Type     Time(s)  Ops          TPS(ops/s)   Net(M/s)   Get_miss   Min(us)  Max(us)    Avg(us)    Std_dev    Geo_dist  
Period   10       55152        5515         0.8        0          448      282612     8771       10954.57   6429.50
Global   110      639285       5811         0.8        0          383      1187953    8298       17268.87   6047.25

[1;1H[2J
Get Statistics
Type     Time(s)  Ops          TPS(ops/s)   Net(M/s)   Get_miss   Min(us)  Max(us)    Avg(us)    Std_dev    Geo_dist  
Period   10       60550        6055         0.8        0          456      165417     7987       6946.55    6129.13
Global   120      699835       5831         0.8        0          383      1187953    8271       16631.18   6054.29

Total Statistics
Type     Time(s)  Ops          TPS(ops/s)   Net(M/s)   Get_miss   Min(us)  Max(us)    Avg(us)    Std_dev    Geo_dist  
Period   10       60550        6055         0.8        0          456      165417     7987       6946.55    6129.13
Global   120      699835       5831         0.8        0          383      1187953    8271       16631.18   6054.29

[1;1H[2J
Get Statistics
Type     Time(s)  Ops          TPS(ops/s)   Net(M/s)   Get_miss   Min(us)  Max(us)    Avg(us)    Std_dev    Geo_dist  
Period   10       59166        5916         0.8        0          442      271879     8177       10659.82   6023.78
Global   130      759001       5838         0.8        0          383      1187953    8264       16244.63   6051.85

Total Statistics
Type     Time(s)  Ops          TPS(ops/s)   Net(M/s)   Get_miss   Min(us)  Max(us)    Avg(us)    Std_dev    Geo_dist  
Period   10       59167        5916         0.8        0          442      271879     8177       10659.68   6022.89
Global   130      759002       5838         0.8        0          383      1187953    8264       16244.61   6051.84

[1;1H[2J
Get Statistics
Type     Time(s)  Ops          TPS(ops/s)   Net(M/s)   Get_miss   Min(us)  Max(us)    Avg(us)    Std_dev    Geo_dist  
Period   10       59075        5907         0.8        0          491      278760     8179       10725.54   5936.67
Global   140      818076       5843         0.8        0          383      1187953    8258       15910.28   6043.51

Total Statistics
Type     Time(s)  Ops          TPS(ops/s)   Net(M/s)   Get_miss   Min(us)  Max(us)    Avg(us)    Std_dev    Geo_dist  
Period   10       59074        5907         0.8        0          491      278760     8179       10725.60   5936.62
Global   140      818076       5843         0.8        0          383      1187953    8258       15910.28   6043.51

[1;1H[2J
Get Statistics
Type     Time(s)  Ops          TPS(ops/s)   Net(M/s)   Get_miss   Min(us)  Max(us)    Avg(us)    Std_dev    Geo_dist  
Period   10       54264        5426         0.8        0          594      573499     8920       19415.07   6245.58
Global   150      872340       5815         0.7        0          383      1187953    8299       16151.37   6055.89

Total Statistics
Type     Time(s)  Ops          TPS(ops/s)   Net(M/s)   Get_miss   Min(us)  Max(us)    Avg(us)    Std_dev    Geo_dist  
Period   10       54264        5426         0.8        0          594      573499     8920       19415.07   6245.58
Global   150      872340       5815         0.7        0          383      1187953    8299       16151.37   6055.89

[1;1H[2J
Get Statistics
Type     Time(s)  Ops          TPS(ops/s)   Net(M/s)   Get_miss   Min(us)  Max(us)    Avg(us)    Std_dev    Geo_dist  
Period   10       60735        6073         0.8        0          443      194865     7965       9068.61    5922.26
Global   160      933075       5831         0.8        0          383      1187953    8277       15787.67   6047.10

Total Statistics
Type     Time(s)  Ops          TPS(ops/s)   Net(M/s)   Get_miss   Min(us)  Max(us)    Avg(us)    Std_dev    Geo_dist  
Period   10       60735        6073         0.8        0          443      194865     7965       9068.61    5922.26
Global   160      933075       5831         0.8        0          383      1187953    8277       15787.67   6047.10

[1;1H[2J
Get Statistics
Type     Time(s)  Ops          TPS(ops/s)   Net(M/s)   Get_miss   Min(us)  Max(us)    Avg(us)    Std_dev    Geo_dist  
Period   10       57460        5746         0.8        0          524      267003     8417       9644.96    6359.94
Global   170      990535       5826         0.8        0          383      1187953    8285       15498.10   6064.82

Total Statistics
Type     Time(s)  Ops          TPS(ops/s)   Net(M/s)   Get_miss   Min(us)  Max(us)    Avg(us)    Std_dev    Geo_dist  
Period   10       57460        5746         0.8        0          524      267003     8417       9644.96    6359.94
Global   170      990535       5826         0.8        0          383      1187953    8285       15498.10   6064.82

[1;1H[2J
Get Statistics
Type     Time(s)  Ops          TPS(ops/s)   Net(M/s)   Get_miss   Min(us)  Max(us)    Avg(us)    Std_dev    Geo_dist  
Period   10       53241        5324         0.8        0          562      202481     9085       10359.66   6743.71
Global   180      1043776      5798         0.7        0          383      1187953    8326       15278.79   6097.73

Total Statistics
Type     Time(s)  Ops          TPS(ops/s)   Net(M/s)   Get_miss   Min(us)  Max(us)    Avg(us)    Std_dev    Geo_dist  
Period   10       53241        5324         0.8        0          562      202481     9085       10359.66   6743.71
Global   180      1043776      5798         0.7        0          383      1187953    8326       15278.79   6097.73

[1;1H[2J
Get Statistics
Type     Time(s)  Ops          TPS(ops/s)   Net(M/s)   Get_miss   Min(us)  Max(us)    Avg(us)    Std_dev    Geo_dist  
Period   10       51761        5176         0.8        0          536      446705     9345       16968.67   6715.38
Global   190      1095537      5765         0.7        0          383      1187953    8374       15364.41   6125.59

Total Statistics
Type     Time(s)  Ops          TPS(ops/s)   Net(M/s)   Get_miss   Min(us)  Max(us)    Avg(us)    Std_dev    Geo_dist  
Period   10       51761        5176         0.8        0          536      446705     9345       16968.67   6715.38
Global   190      1095537      5765         0.7        0          383      1187953    8374       15364.41   6125.59

[1;1H[2J
Get Statistics
Type     Time(s)  Ops          TPS(ops/s)   Net(M/s)   Get_miss   Min(us)  Max(us)    Avg(us)    Std_dev    Geo_dist  
Period   10       55553        5555         0.8        0          500      240619     8701       11165.50   6356.30
Global   200      1151090      5755         0.8        0          383      1187953    8390       15188.48   6136.53

Total Statistics
Type     Time(s)  Ops          TPS(ops/s)   Net(M/s)   Get_miss   Min(us)  Max(us)    Avg(us)    Std_dev    Geo_dist  
Period   10       55553        5555         0.8        0          500      240619     8701       11165.50   6356.30
Global   200      1151090      5755         0.8        0          383      1187953    8390       15188.48   6136.53

[1;1H[2J
Get Statistics
Type     Time(s)  Ops          TPS(ops/s)   Net(M/s)   Get_miss   Min(us)  Max(us)    Avg(us)    Std_dev    Geo_dist  
Period   10       58734        5873         0.8        0          673      209511     8233       7244.17    6395.13
Global   210      1209824      5761         0.8        0          383      1187953    8382       14901.20   6148.84

Total Statistics
Type     Time(s)  Ops          TPS(ops/s)   Net(M/s)   Get_miss   Min(us)  Max(us)    Avg(us)    Std_dev    Geo_dist  
Period   10       58734        5873         0.8        0          673      209511     8233       7244.17    6395.13
Global   210      1209824      5761         0.8        0          383      1187953    8382       14901.20   6148.84

[1;1H[2J
Get Statistics
Type     Time(s)  Ops          TPS(ops/s)   Net(M/s)   Get_miss   Min(us)  Max(us)    Avg(us)    Std_dev    Geo_dist  
Period   10       58228        5822         0.8        0          477      185254     8316       9675.01    6152.21
Global   220      1268052      5763         0.8        0          383      1187953    8379       14701.95   6149.00

Total Statistics
Type     Time(s)  Ops          TPS(ops/s)   Net(M/s)   Get_miss   Min(us)  Max(us)    Avg(us)    Std_dev    Geo_dist  
Period   10       58228        5822         0.8        0          477      185254     8316       9675.01    6152.21
Global   220      1268052      5763         0.8        0          383      1187953    8379       14701.95   6149.00

[1;1H[2J
Get Statistics
Type     Time(s)  Ops          TPS(ops/s)   Net(M/s)   Get_miss   Min(us)  Max(us)    Avg(us)    Std_dev    Geo_dist  
Period   10       59369        5936         0.8        0          503      153193     8141       8245.87    5984.77
Global   230      1327421      5771         0.8        0          383      1187953    8369       14474.56   6141.56

Total Statistics
Type     Time(s)  Ops          TPS(ops/s)   Net(M/s)   Get_miss   Min(us)  Max(us)    Avg(us)    Std_dev    Geo_dist  
Period   10       59369        5936         0.8        0          503      153193     8141       8245.87    5984.77
Global   230      1327421      5771         0.8        0          383      1187953    8369       14474.56   6141.56

[1;1H[2J
Get Statistics
Type     Time(s)  Ops          TPS(ops/s)   Net(M/s)   Get_miss   Min(us)  Max(us)    Avg(us)    Std_dev    Geo_dist  
Period   10       57235        5723         0.8        0          511      147857     8453       8245.74    6254.54
Global   240      1384656      5769         0.8        0          383      1187953    8372       14271.34   6146.19

Total Statistics
Type     Time(s)  Ops          TPS(ops/s)   Net(M/s)   Get_miss   Min(us)  Max(us)    Avg(us)    Std_dev    Geo_dist  
Period   10       57235        5723         0.8        0          511      147857     8453       8245.74    6254.54
Global   240      1384656      5769         0.8        0          383      1187953    8372       14271.34   6146.19

[1;1H[2J
Get Statistics
Type     Time(s)  Ops          TPS(ops/s)   Net(M/s)   Get_miss   Min(us)  Max(us)    Avg(us)    Std_dev    Geo_dist  
Period   10       54568        5456         0.8        0          447      706656     8866       21515.19   6210.72
Global   250      1439224      5756         0.7        0          383      1187953    8391       14611.78   6148.62

Total Statistics
Type     Time(s)  Ops          TPS(ops/s)   Net(M/s)   Get_miss   Min(us)  Max(us)    Avg(us)    Std_dev    Geo_dist  
Period   10       54568        5456         0.8        0          447      706656     8866       21515.19   6210.72
Global   250      1439224      5756         0.7        0          383      1187953    8391       14611.78   6148.62

[1;1H[2J
Get Statistics
Type     Time(s)  Ops          TPS(ops/s)   Net(M/s)   Get_miss   Min(us)  Max(us)    Avg(us)    Std_dev    Geo_dist  
Period   10       47113        4711         0.8        0          417      1481117    10266      55472.67   6055.44
Global   260      1486337      5716         0.6        0          383      1481117    8450       17446.76   6145.65

Total Statistics
Type     Time(s)  Ops          TPS(ops/s)   Net(M/s)   Get_miss   Min(us)  Max(us)    Avg(us)    Std_dev    Geo_dist  
Period   10       47113        4711         0.8        0          417      1481117    10266      55472.67   6055.44
Global   260      1486337      5716         0.6        0          383      1481117    8450       17446.76   6145.65

[1;1H[2J
Get Statistics
Type     Time(s)  Ops          TPS(ops/s)   Net(M/s)   Get_miss   Min(us)  Max(us)    Avg(us)    Std_dev    Geo_dist  
Period   10       57058        5705         0.8        0          500      257172     8475       11476.73   6184.90
Global   270      1543395      5716         0.8        0          383      1481117    8451       17262.81   6147.09

Total Statistics
Type     Time(s)  Ops          TPS(ops/s)   Net(M/s)   Get_miss   Min(us)  Max(us)    Avg(us)    Std_dev    Geo_dist  
Period   10       57058        5705         0.8        0          500      257172     8475       11476.73   6184.90
Global   270      1543395      5716         0.8        0          383      1481117    8451       17262.81   6147.09

[1;1H[2J
Get Statistics
Type     Time(s)  Ops          TPS(ops/s)   Net(M/s)   Get_miss   Min(us)  Max(us)    Avg(us)    Std_dev    Geo_dist  
Period   10       61539        6153         0.8        0          467      141908     7833       6779.77    6000.82
Global   280      1604934      5731         0.8        0          383      1481117    8428       16980.66   6141.42

Total Statistics
Type     Time(s)  Ops          TPS(ops/s)   Net(M/s)   Get_miss   Min(us)  Max(us)    Avg(us)    Std_dev    Geo_dist  
Period   10       61540        6154         0.8        0          467      141908     7833       6779.69    6000.83
Global   280      1604935      5731         0.8        0          383      1481117    8428       16980.65   6141.42

[1;1H[2J
Get Statistics
Type     Time(s)  Ops          TPS(ops/s)   Net(M/s)   Get_miss   Min(us)  Max(us)    Avg(us)    Std_dev    Geo_dist  
Period   10       52469        5246         0.8        0          598      938386     9187       29976.88   6132.78
Global   290      1657403      5715         0.7        0          383      1481117    8452       17540.81   6141.18

Total Statistics
Type     Time(s)  Ops          TPS(ops/s)   Net(M/s)   Get_miss   Min(us)  Max(us)    Avg(us)    Std_dev    Geo_dist  
Period   10       52468        5246         0.8        0          598      938386     9187       29977.19   6133.80
Global   290      1657403      5715         0.7        0          383      1481117    8452       17540.81   6141.18

[1;1H[2J
Get Statistics
Type     Time(s)  Ops          TPS(ops/s)   Net(M/s)   Get_miss   Min(us)  Max(us)    Avg(us)    Std_dev    Geo_dist  
Period   10       58985        5898         0.8        0          464      323356     8166       12164.03   5923.88
Global   300      1716388      5721         0.8        0          383      1481117    8442       17383.80   6133.58

Total Statistics
Type     Time(s)  Ops          TPS(ops/s)   Net(M/s)   Get_miss   Min(us)  Max(us)    Avg(us)    Std_dev    Geo_dist  
Period   10       58987        5898         0.8        0          464      323356     8166       12163.81   5923.85
Global   300      1716390      5721         0.8        0          383      1481117    8442       17383.79   6133.58

[1;1H[2J
Get Statistics
Type     Time(s)  Ops          TPS(ops/s)   Net(M/s)   Get_miss   Min(us)  Max(us)    Avg(us)    Std_dev    Geo_dist  
Period   10       48081        4808         0.8        0          521      469362     10025      21577.72   6891.84
Global   310      1764469      5691         0.7        0          383      1481117    8485       17513.36   6153.15

Total Statistics
Type     Time(s)  Ops          TPS(ops/s)   Net(M/s)   Get_miss   Min(us)  Max(us)    Avg(us)    Std_dev    Geo_dist  
Period   10       48079        4807         0.8        0          521      469362     10025      21578.26   6894.38
Global   310      1764469      5691         0.7        0          383      1481117    8485       17513.36   6153.15

[1;1H[2J
Get Statistics
Type     Time(s)  Ops          TPS(ops/s)   Net(M/s)   Get_miss   Min(us)  Max(us)    Avg(us)    Std_dev    Geo_dist  
Period   10       57603        5760         0.8        0          440      202787     8362       9428.74    6224.06
Global   320      1822072      5693         0.8        0          383      1481117    8481       17315.71   6155.38

Total Statistics
Type     Time(s)  Ops          TPS(ops/s)   Net(M/s)   Get_miss   Min(us)  Max(us)    Avg(us)    Std_dev    Geo_dist  
Period   10       57603        5760         0.8        0          440      202787     8362       9428.74    6224.06
Global   320      1822072      5693         0.8        0          383      1481117    8481       17315.71   6155.38

[1;1H[2J
Get Statistics
Type     Time(s)  Ops          TPS(ops/s)   Net(M/s)   Get_miss   Min(us)  Max(us)    Avg(us)    Std_dev    Geo_dist  
Period   10       58442        5844         0.8        0          492      248764     8240       9786.15    6131.60
Global   330      1880514      5698         0.8        0          383      1481117    8474       17131.42   6154.64

Total Statistics
Type     Time(s)  Ops          TPS(ops/s)   Net(M/s)   Get_miss   Min(us)  Max(us)    Avg(us)    Std_dev    Geo_dist  
Period   10       58442        5844         0.8        0          492      248764     8240       9786.15    6131.60
Global   330      1880514      5698         0.8        0          383      1481117    8474       17131.42   6154.64

[1;1H[2J
Get Statistics
Type     Time(s)  Ops          TPS(ops/s)   Net(M/s)   Get_miss   Min(us)  Max(us)    Avg(us)    Std_dev    Geo_dist  
Period   10       55500        5550         0.8        0          453      173959     8689       9042.25    6504.79
Global   340      1936014      5694         0.8        0          383      1481117    8480       16953.47   6164.41

Total Statistics
Type     Time(s)  Ops          TPS(ops/s)   Net(M/s)   Get_miss   Min(us)  Max(us)    Avg(us)    Std_dev    Geo_dist  
Period   10       55500        5550         0.8        0          453      173959     8689       9042.25    6504.79
Global   340      1936014      5694         0.8        0          383      1481117    8480       16953.47   6164.41

[1;1H[2J
Get Statistics
Type     Time(s)  Ops          TPS(ops/s)   Net(M/s)   Get_miss   Min(us)  Max(us)    Avg(us)    Std_dev    Geo_dist  
Period   10       57786        5778         0.8        0          479      216329     8335       9453.37    6077.27
Global   350      1993800      5696         0.8        0          383      1481117    8476       16783.23   6161.87

Total Statistics
Type     Time(s)  Ops          TPS(ops/s)   Net(M/s)   Get_miss   Min(us)  Max(us)    Avg(us)    Std_dev    Geo_dist  
Period   10       57786        5778         0.8        0          479      216329     8335       9453.37    6077.27
Global   350      1993800      5696         0.8        0          383      1481117    8476       16783.23   6161.87

[1;1H[2J
Get Statistics
Type     Time(s)  Ops          TPS(ops/s)   Net(M/s)   Get_miss   Min(us)  Max(us)    Avg(us)    Std_dev    Geo_dist  
Period   10       50842        5084         0.8        0          493      217599     8617       11718.07   6116.52
Global   360      2044642      5679         0.7        0          383      1481117    8479       16676.22   6160.74

Total Statistics
Type     Time(s)  Ops          TPS(ops/s)   Net(M/s)   Get_miss   Min(us)  Max(us)    Avg(us)    Std_dev    Geo_dist  
Period   10       50842        5084         0.8        0          493      217599     8617       11718.07   6116.52
Global   360      2044642      5679         0.7        0          383      1481117    8479       16676.22   6160.74

Get Statistics (2044690 events)
   Min:       383
   Max:   1481117
   Avg:      8501
   Geo:   6161.46
   Std:  17268.86
   Log2 Dist:
       8:        0       72     7969   251154
      12:   394120   224420   1049862   102020
      16:     7278     4450     2320      600
      20:      329       96

Total Statistics (2044690 events)
   Min:       383
   Max:   1481117
   Avg:      8501
   Geo:   6161.46
   Std:  17268.86
   Log2 Dist:
       8:        0       72     7969   251154
      12:   394120   224420   1049862   102020
      16:     7278     4450     2320      600
      20:      329       96

cmd_get: 2044738
cmd_set: 49152
get_misses: 0
written_bytes: 52847500
read_bytes: 337767066
object_bytes: 7077888

Run time: 362.2s Ops: 2093890 TPS: 5781 Net_rate: 1.0M/s
