servers : 10.0.0.6:11212
threads count: 168
concurrency: 168
run time: 360s
windows size: 1k
set proportion: set_prop=0.00
get proportion: get_prop=1.00
[1;1H[2J
Get Statistics
Type     Time(s)  Ops          TPS(ops/s)   Net(M/s)   Get_miss   Min(us)  Max(us)    Avg(us)    Std_dev    Geo_dist  
Period   10       72382        7238         1.0        0          708      967395     23273      39069.42   18218.77
Global   10       72382        7238         1.0        0          708      967395     23273      39069.42   18218.77

Total Statistics
Type     Time(s)  Ops          TPS(ops/s)   Net(M/s)   Get_miss   Min(us)  Max(us)    Avg(us)    Std_dev    Geo_dist  
Period   10       72382        7238         1.0        0          708      967395     23273      39069.42   18218.77
Global   10       72382        7238         1.0        0          708      967395     23273      39069.42   18218.77

[1;1H[2J
Get Statistics
Type     Time(s)  Ops          TPS(ops/s)   Net(M/s)   Get_miss   Min(us)  Max(us)    Avg(us)    Std_dev    Geo_dist  
Period   10       61735        6173         0.9        0          1245     2093416    26918      72764.91   19541.25
Global   20       134117       6705         0.8        0          708      2093416    24951      57133.75   18816.02

Total Statistics
Type     Time(s)  Ops          TPS(ops/s)   Net(M/s)   Get_miss   Min(us)  Max(us)    Avg(us)    Std_dev    Geo_dist  
Period   10       61735        6173         0.9        0          1245     2093416    26918      72764.91   19541.25
Global   20       134117       6705         0.8        0          708      2093416    24951      57133.75   18816.02

[1;1H[2J
Get Statistics
Type     Time(s)  Ops          TPS(ops/s)   Net(M/s)   Get_miss   Min(us)  Max(us)    Avg(us)    Std_dev    Geo_dist  
Period   10       55063        5506         0.9        0          1896     1648654    31227      91189.35   20853.77
Global   30       189180       6306         0.8        0          708      2093416    26778      68866.25   19387.67

Total Statistics
Type     Time(s)  Ops          TPS(ops/s)   Net(M/s)   Get_miss   Min(us)  Max(us)    Avg(us)    Std_dev    Geo_dist  
Period   10       55064        5506         0.9        0          1896     1648654    31227      91188.46   20853.75
Global   30       189181       6306         0.8        0          708      2093416    26778      68866.05   19387.67

[1;1H[2J
Get Statistics
Type     Time(s)  Ops          TPS(ops/s)   Net(M/s)   Get_miss   Min(us)  Max(us)    Avg(us)    Std_dev    Geo_dist  
Period   10       53015        5301         0.8        0          961      4577027    31937      139914.43  19734.34
Global   40       242195       6054         0.7        0          708      4577027    27907      89409.28   19463.82

Total Statistics
Type     Time(s)  Ops          TPS(ops/s)   Net(M/s)   Get_miss   Min(us)  Max(us)    Avg(us)    Std_dev    Geo_dist  
Period   10       53014        5301         0.8        0          961      4577027    31938      139915.59  19738.03
Global   40       242195       6054         0.7        0          708      4577027    27907      89409.28   19463.82

[1;1H[2J
Get Statistics
Type     Time(s)  Ops          TPS(ops/s)   Net(M/s)   Get_miss   Min(us)  Max(us)    Avg(us)    Std_dev    Geo_dist  
Period   10       56026        5602         0.8        0          849      1072508    28819      55524.06   20176.64
Global   50       298221       5964         0.8        0          708      4577027    28079      84091.97   19595.79

Total Statistics
Type     Time(s)  Ops          TPS(ops/s)   Net(M/s)   Get_miss   Min(us)  Max(us)    Avg(us)    Std_dev    Geo_dist  
Period   10       56026        5602         0.8        0          849      1072508    28819      55524.06   20176.64
Global   50       298221       5964         0.8        0          708      4577027    28079      84091.97   19595.79

[1;1H[2J
Get Statistics
Type     Time(s)  Ops          TPS(ops/s)   Net(M/s)   Get_miss   Min(us)  Max(us)    Avg(us)    Std_dev    Geo_dist  
Period   10       57956        5795         0.8        0          981      3164914    30515      114289.60  19175.87
Global   60       356177       5936         0.8        0          708      4577027    28475      89705.28   19526.84

Total Statistics
Type     Time(s)  Ops          TPS(ops/s)   Net(M/s)   Get_miss   Min(us)  Max(us)    Avg(us)    Std_dev    Geo_dist  
Period   10       57956        5795         0.8        0          981      3164914    30515      114289.60  19175.87
Global   60       356177       5936         0.8        0          708      4577027    28475      89705.28   19526.84

[1;1H[2J
Get Statistics
Type     Time(s)  Ops          TPS(ops/s)   Net(M/s)   Get_miss   Min(us)  Max(us)    Avg(us)    Std_dev    Geo_dist  
Period   10       75244        7524         0.8        0          903      424692     22516      22647.03   19020.76
Global   70       431421       6163         1.0        0          708      4577027    27436      82085.93   19437.62

Total Statistics
Type     Time(s)  Ops          TPS(ops/s)   Net(M/s)   Get_miss   Min(us)  Max(us)    Avg(us)    Std_dev    Geo_dist  
Period   10       75244        7524         0.8        0          903      424692     22516      22647.03   19020.76
Global   70       431421       6163         1.0        0          708      4577027    27436      82085.93   19437.62

[1;1H[2J
Get Statistics
Type     Time(s)  Ops          TPS(ops/s)   Net(M/s)   Get_miss   Min(us)  Max(us)    Avg(us)    Std_dev    Geo_dist  
Period   10       54867        5486         0.8        0          1372     1942542    30809      88445.35   20378.99
Global   80       486288       6078         0.8        0          708      4577027    27816      82834.86   19541.62

Total Statistics
Type     Time(s)  Ops          TPS(ops/s)   Net(M/s)   Get_miss   Min(us)  Max(us)    Avg(us)    Std_dev    Geo_dist  
Period   10       54867        5486         0.8        0          1372     1942542    30809      88445.35   20378.99
Global   80       486288       6078         0.8        0          708      4577027    27816      82834.86   19541.62

[1;1H[2J
Get Statistics
Type     Time(s)  Ops          TPS(ops/s)   Net(M/s)   Get_miss   Min(us)  Max(us)    Avg(us)    Std_dev    Geo_dist  
Period   10       65265        6526         0.8        0          826      1469849    26013      39392.10   20089.68
Global   90       551553       6128         0.9        0          708      4577027    27603      78953.25   19605.68

Total Statistics
Type     Time(s)  Ops          TPS(ops/s)   Net(M/s)   Get_miss   Min(us)  Max(us)    Avg(us)    Std_dev    Geo_dist  
Period   10       65265        6526         0.8        0          826      1469849    26013      39392.10   20089.68
Global   90       551553       6128         0.9        0          708      4577027    27603      78953.25   19605.68

[1;1H[2J
Get Statistics
Type     Time(s)  Ops          TPS(ops/s)   Net(M/s)   Get_miss   Min(us)  Max(us)    Avg(us)    Std_dev    Geo_dist  
Period   10       69280        6928         0.9        0          1070     1394643    24430      53357.45   18743.86
Global   100      620833       6208         1.0        0          708      4577027    27249      76528.99   19507.58

Total Statistics
Type     Time(s)  Ops          TPS(ops/s)   Net(M/s)   Get_miss   Min(us)  Max(us)    Avg(us)    Std_dev    Geo_dist  
Period   10       69280        6928         0.9        0          1070     1394643    24430      53357.45   18743.86
Global   100      620833       6208         1.0        0          708      4577027    27249      76528.99   19507.58

[1;1H[2J
Get Statistics
Type     Time(s)  Ops          TPS(ops/s)   Net(M/s)   Get_miss   Min(us)  Max(us)    Avg(us)    Std_dev    Geo_dist  
Period   10       66140        6614         0.9        0          1091     801020     25503      41422.61   19644.04
Global   110      686973       6245         0.9        0          708      4577027    27081      73880.12   19520.67

Total Statistics
Type     Time(s)  Ops          TPS(ops/s)   Net(M/s)   Get_miss   Min(us)  Max(us)    Avg(us)    Std_dev    Geo_dist  
Period   10       66140        6614         0.9        0          1091     801020     25503      41422.61   19644.04
Global   110      686973       6245         0.9        0          708      4577027    27081      73880.12   19520.67

[1;1H[2J
Get Statistics
Type     Time(s)  Ops          TPS(ops/s)   Net(M/s)   Get_miss   Min(us)  Max(us)    Avg(us)    Std_dev    Geo_dist  
Period   10       63872        6387         0.9        0          724      1265489    26464      48406.10   19656.27
Global   120      750845       6257         0.9        0          708      4577027    27028      72064.78   19532.17

Total Statistics
Type     Time(s)  Ops          TPS(ops/s)   Net(M/s)   Get_miss   Min(us)  Max(us)    Avg(us)    Std_dev    Geo_dist  
Period   10       63872        6387         0.9        0          724      1265489    26464      48406.10   19656.27
Global   120      750845       6257         0.9        0          708      4577027    27028      72064.78   19532.17

[1;1H[2J
Get Statistics
Type     Time(s)  Ops          TPS(ops/s)   Net(M/s)   Get_miss   Min(us)  Max(us)    Avg(us)    Std_dev    Geo_dist  
Period   10       69411        6941         0.9        0          1169     1264971    24291      40335.35   19414.65
Global   130      820256       6309         1.0        0          708      4577027    26797      69943.45   19522.20

Total Statistics
Type     Time(s)  Ops          TPS(ops/s)   Net(M/s)   Get_miss   Min(us)  Max(us)    Avg(us)    Std_dev    Geo_dist  
Period   10       69411        6941         0.9        0          1169     1264971    24291      40335.35   19414.65
Global   130      820256       6309         1.0        0          708      4577027    26797      69943.45   19522.20

[1;1H[2J
Get Statistics
Type     Time(s)  Ops          TPS(ops/s)   Net(M/s)   Get_miss   Min(us)  Max(us)    Avg(us)    Std_dev    Geo_dist  
Period   10       50993        5099         0.9        0          1218     4359067    32257      129363.27  20030.21
Global   140      871249       6223         0.7        0          708      4577027    27116      74745.45   19551.57

Total Statistics
Type     Time(s)  Ops          TPS(ops/s)   Net(M/s)   Get_miss   Min(us)  Max(us)    Avg(us)    Std_dev    Geo_dist  
Period   10       50993        5099         0.9        0          1218     4359067    32257      129363.27  20030.21
Global   140      871249       6223         0.7        0          708      4577027    27116      74745.45   19551.57

[1;1H[2J
Get Statistics
Type     Time(s)  Ops          TPS(ops/s)   Net(M/s)   Get_miss   Min(us)  Max(us)    Avg(us)    Std_dev    Geo_dist  
Period   10       56226        5622         0.8        0          1401     687642     30748      51936.00   21561.33
Global   150      927475       6183         0.8        0          708      4577027    27336      73569.48   19667.89

Total Statistics
Type     Time(s)  Ops          TPS(ops/s)   Net(M/s)   Get_miss   Min(us)  Max(us)    Avg(us)    Std_dev    Geo_dist  
Period   10       56226        5622         0.8        0          1401     687642     30748      51936.00   21561.33
Global   150      927475       6183         0.8        0          708      4577027    27336      73569.48   19667.89

[1;1H[2J
Get Statistics
Type     Time(s)  Ops          TPS(ops/s)   Net(M/s)   Get_miss   Min(us)  Max(us)    Avg(us)    Std_dev    Geo_dist  
Period   10       59756        5975         0.8        0          1062     2294499    28236      72313.40   20122.09
Global   160      987231       6170         0.8        0          708      4577027    27391      73494.15   19695.09

Total Statistics
Type     Time(s)  Ops          TPS(ops/s)   Net(M/s)   Get_miss   Min(us)  Max(us)    Avg(us)    Std_dev    Geo_dist  
Period   10       59757        5975         0.8        0          1062     2294499    28236      72312.74   20122.07
Global   160      987232       6170         0.8        0          708      4577027    27391      73494.11   19695.09

[1;1H[2J
Get Statistics
Type     Time(s)  Ops          TPS(ops/s)   Net(M/s)   Get_miss   Min(us)  Max(us)    Avg(us)    Std_dev    Geo_dist  
Period   10       51621        5162         0.8        0          926      3111401    32765      116791.99  20711.85
Global   170      1038852      6110         0.7        0          708      4577027    27658      76237.40   19744.60

Total Statistics
Type     Time(s)  Ops          TPS(ops/s)   Net(M/s)   Get_miss   Min(us)  Max(us)    Avg(us)    Std_dev    Geo_dist  
Period   10       51620        5162         0.8        0          926      3111401    32765      116793.21  20715.84
Global   170      1038852      6110         0.7        0          708      4577027    27658      76237.40   19744.60

[1;1H[2J
Get Statistics
Type     Time(s)  Ops          TPS(ops/s)   Net(M/s)   Get_miss   Min(us)  Max(us)    Avg(us)    Std_dev    Geo_dist  
Period   10       46359        4635         0.8        0          866      4193103    36154      195700.42  20583.22
Global   180      1085211      6028         0.6        0          708      4577027    28021      84869.57   19779.72

Total Statistics
Type     Time(s)  Ops          TPS(ops/s)   Net(M/s)   Get_miss   Min(us)  Max(us)    Avg(us)    Std_dev    Geo_dist  
Period   10       46360        4636         0.8        0          866      4193103    36154      195698.25  20582.93
Global   180      1085212      6028         0.6        0          708      4577027    28021      84869.52   19779.71

[1;1H[2J
Get Statistics
Type     Time(s)  Ops          TPS(ops/s)   Net(M/s)   Get_miss   Min(us)  Max(us)    Avg(us)    Std_dev    Geo_dist  
Period   10       65544        6554         0.8        0          1474     5948090    26128      50179.17   21152.56
Global   190      1150755      6056         0.9        0          708      5948090    27913      83283.88   19855.62

Total Statistics
Type     Time(s)  Ops          TPS(ops/s)   Net(M/s)   Get_miss   Min(us)  Max(us)    Avg(us)    Std_dev    Geo_dist  
Period   10       65543        6554         0.8        0          1474     5948090    26128      50179.66   21155.77
Global   190      1150755      6056         0.9        0          708      5948090    27913      83283.88   19855.62

[1;1H[2J
Get Statistics
Type     Time(s)  Ops          TPS(ops/s)   Net(M/s)   Get_miss   Min(us)  Max(us)    Avg(us)    Std_dev    Geo_dist  
Period   10       55268        5526         0.8        0          1295     2410423    30303      90062.37   20634.55
Global   200      1206023      6030         0.8        0          708      5948090    28023      83607.82   19890.67

Total Statistics
Type     Time(s)  Ops          TPS(ops/s)   Net(M/s)   Get_miss   Min(us)  Max(us)    Avg(us)    Std_dev    Geo_dist  
Period   10       55268        5526         0.8        0          1295     2410423    30303      90062.37   20634.55
Global   200      1206023      6030         0.8        0          708      5948090    28023      83607.82   19890.67

[1;1H[2J
Get Statistics
Type     Time(s)  Ops          TPS(ops/s)   Net(M/s)   Get_miss   Min(us)  Max(us)    Avg(us)    Std_dev    Geo_dist  
Period   10       67171        6717         0.8        0          986      3070578    25472      72901.96   19156.83
Global   210      1273194      6062         0.9        0          708      5948090    27888      83079.56   19851.26

Total Statistics
Type     Time(s)  Ops          TPS(ops/s)   Net(M/s)   Get_miss   Min(us)  Max(us)    Avg(us)    Std_dev    Geo_dist  
Period   10       67171        6717         0.8        0          986      3070578    25472      72901.96   19156.83
Global   210      1273194      6062         0.9        0          708      5948090    27888      83079.56   19851.26

[1;1H[2J
Get Statistics
Type     Time(s)  Ops          TPS(ops/s)   Net(M/s)   Get_miss   Min(us)  Max(us)    Avg(us)    Std_dev    Geo_dist  
Period   10       51423        5142         0.8        0          1231     3214586    32177      101339.70  20490.58
Global   220      1324617      6020         0.7        0          708      5948090    28055      83866.53   19875.70

Total Statistics
Type     Time(s)  Ops          TPS(ops/s)   Net(M/s)   Get_miss   Min(us)  Max(us)    Avg(us)    Std_dev    Geo_dist  
Period   10       51423        5142         0.8        0          1231     3214586    32177      101339.70  20490.58
Global   220      1324617      6020         0.7        0          708      5948090    28055      83866.53   19875.70

[1;1H[2J
Get Statistics
Type     Time(s)  Ops          TPS(ops/s)   Net(M/s)   Get_miss   Min(us)  Max(us)    Avg(us)    Std_dev    Geo_dist  
Period   10       71424        7142         0.8        0          765      441499     23740      29208.75   18991.50
Global   230      1396041      6069         1.0        0          708      5948090    27834      81965.28   19829.48

Total Statistics
Type     Time(s)  Ops          TPS(ops/s)   Net(M/s)   Get_miss   Min(us)  Max(us)    Avg(us)    Std_dev    Geo_dist  
Period   10       71424        7142         0.8        0          765      441499     23740      29208.75   18991.50
Global   230      1396041      6069         1.0        0          708      5948090    27834      81965.28   19829.48

[1;1H[2J
Get Statistics
Type     Time(s)  Ops          TPS(ops/s)   Net(M/s)   Get_miss   Min(us)  Max(us)    Avg(us)    Std_dev    Geo_dist  
Period   10       50662        5066         0.8        0          981      2361506    34106      86821.72   21254.61
Global   240      1446703      6027         0.7        0          708      5948090    28053      82148.48   19877.73

Total Statistics
Type     Time(s)  Ops          TPS(ops/s)   Net(M/s)   Get_miss   Min(us)  Max(us)    Avg(us)    Std_dev    Geo_dist  
Period   10       50662        5066         0.8        0          981      2361506    34106      86821.72   21254.61
Global   240      1446703      6027         0.7        0          708      5948090    28053      82148.48   19877.73

[1;1H[2J
Get Statistics
Type     Time(s)  Ops          TPS(ops/s)   Net(M/s)   Get_miss   Min(us)  Max(us)    Avg(us)    Std_dev    Geo_dist  
Period   10       62205        6220         0.8        0          991      504563     27185      33492.08   21436.02
Global   250      1508908      6035         0.9        0          708      5948090    28018      80724.21   19939.68

Total Statistics
Type     Time(s)  Ops          TPS(ops/s)   Net(M/s)   Get_miss   Min(us)  Max(us)    Avg(us)    Std_dev    Geo_dist  
Period   10       62205        6220         0.8        0          991      504563     27185      33492.08   21436.02
Global   250      1508908      6035         0.9        0          708      5948090    28018      80724.21   19939.68

[1;1H[2J
Get Statistics
Type     Time(s)  Ops          TPS(ops/s)   Net(M/s)   Get_miss   Min(us)  Max(us)    Avg(us)    Std_dev    Geo_dist  
Period   10       45808        4580         0.8        0          1038     3776567    36544      129757.02  20676.32
Global   260      1554716      5979         0.6        0          708      5948090    28269      82598.79   19961.00

Total Statistics
Type     Time(s)  Ops          TPS(ops/s)   Net(M/s)   Get_miss   Min(us)  Max(us)    Avg(us)    Std_dev    Geo_dist  
Period   10       45808        4580         0.8        0          1038     3776567    36544      129757.02  20676.32
Global   260      1554716      5979         0.6        0          708      5948090    28269      82598.79   19961.00

[1;1H[2J
Get Statistics
Type     Time(s)  Ops          TPS(ops/s)   Net(M/s)   Get_miss   Min(us)  Max(us)    Avg(us)    Std_dev    Geo_dist  
Period   10       73442        7344         0.8        0          966      1647056    23067      31117.27   19073.84
Global   270      1628158      6030         1.0        0          708      5948090    28034      80991.81   19920.11

Total Statistics
Type     Time(s)  Ops          TPS(ops/s)   Net(M/s)   Get_miss   Min(us)  Max(us)    Avg(us)    Std_dev    Geo_dist  
Period   10       73442        7344         0.8        0          966      1647056    23067      31117.27   19073.84
Global   270      1628158      6030         1.0        0          708      5948090    28034      80991.81   19920.11

[1;1H[2J
Get Statistics
Type     Time(s)  Ops          TPS(ops/s)   Net(M/s)   Get_miss   Min(us)  Max(us)    Avg(us)    Std_dev    Geo_dist  
Period   10       62256        6225         0.8        0          1065     2882062    26997      93849.97   18934.06
Global   280      1690414      6037         0.9        0          708      5948090    27996      81501.48   19882.90

Total Statistics
Type     Time(s)  Ops          TPS(ops/s)   Net(M/s)   Get_miss   Min(us)  Max(us)    Avg(us)    Std_dev    Geo_dist  
Period   10       62256        6225         0.8        0          1065     2882062    26997      93849.97   18934.06
Global   280      1690414      6037         0.9        0          708      5948090    27996      81501.48   19882.90

[1;1H[2J
Get Statistics
Type     Time(s)  Ops          TPS(ops/s)   Net(M/s)   Get_miss   Min(us)  Max(us)    Avg(us)    Std_dev    Geo_dist  
Period   10       68719        6871         0.8        0          890      3221325    24700      39320.76   19590.79
Global   290      1759133      6065         0.9        0          708      5948090    27867      80273.45   19871.41

Total Statistics
Type     Time(s)  Ops          TPS(ops/s)   Net(M/s)   Get_miss   Min(us)  Max(us)    Avg(us)    Std_dev    Geo_dist  
Period   10       68719        6871         0.8        0          890      3221325    24700      39320.76   19590.79
Global   290      1759133      6065         0.9        0          708      5948090    27867      80273.45   19871.41

[1;1H[2J
Get Statistics
Type     Time(s)  Ops          TPS(ops/s)   Net(M/s)   Get_miss   Min(us)  Max(us)    Avg(us)    Std_dev    Geo_dist  
Period   10       46857        4685         0.8        0          1163     3727674    36010      131281.05  20894.20
Global   300      1805990      6019         0.6        0          708      5948090    28079      82008.69   19897.30

Total Statistics
Type     Time(s)  Ops          TPS(ops/s)   Net(M/s)   Get_miss   Min(us)  Max(us)    Avg(us)    Std_dev    Geo_dist  
Period   10       46857        4685         0.8        0          1163     3727674    36010      131281.05  20894.20
Global   300      1805990      6019         0.6        0          708      5948090    28079      82008.69   19897.30

[1;1H[2J
Get Statistics
Type     Time(s)  Ops          TPS(ops/s)   Net(M/s)   Get_miss   Min(us)  Max(us)    Avg(us)    Std_dev    Geo_dist  
Period   10       45994        4599         0.8        0          1571     3803040    33928      131977.31  20638.12
Global   310      1851984      5974         0.6        0          708      5948090    28224      83617.04   19915.37

Total Statistics
Type     Time(s)  Ops          TPS(ops/s)   Net(M/s)   Get_miss   Min(us)  Max(us)    Avg(us)    Std_dev    Geo_dist  
Period   10       45995        4599         0.8        0          1571     3803040    33946      132032.37  20639.80
Global   310      1851985      5974         0.6        0          708      5948090    28224      83619.42   19915.41

[1;1H[2J
Get Statistics
Type     Time(s)  Ops          TPS(ops/s)   Net(M/s)   Get_miss   Min(us)  Max(us)    Avg(us)    Std_dev    Geo_dist  
Period   10       64290        6429         0.8        0          712      1743791    28131      66279.87   19218.22
Global   320      1916274      5988         0.9        0          708      5948090    28221      83096.33   19891.72

Total Statistics
Type     Time(s)  Ops          TPS(ops/s)   Net(M/s)   Get_miss   Min(us)  Max(us)    Avg(us)    Std_dev    Geo_dist  
Period   10       64289        6428         0.8        0          712      1743791    28132      66280.05   19221.17
Global   320      1916274      5988         0.9        0          708      5948090    28221      83096.33   19891.72

[1;1H[2J
Get Statistics
Type     Time(s)  Ops          TPS(ops/s)   Net(M/s)   Get_miss   Min(us)  Max(us)    Avg(us)    Std_dev    Geo_dist  
Period   10       67860        6786         0.8        0          613      701848     24890      36845.47   19606.97
Global   330      1984134      6012         0.9        0          613      5948090    28107      81949.02   19881.91

Total Statistics
Type     Time(s)  Ops          TPS(ops/s)   Net(M/s)   Get_miss   Min(us)  Max(us)    Avg(us)    Std_dev    Geo_dist  
Period   10       67860        6786         0.8        0          613      701848     24890      36845.47   19606.97
Global   330      1984134      6012         0.9        0          613      5948090    28107      81949.02   19881.91

[1;1H[2J
Get Statistics
Type     Time(s)  Ops          TPS(ops/s)   Net(M/s)   Get_miss   Min(us)  Max(us)    Avg(us)    Std_dev    Geo_dist  
Period   10       47229        4722         0.8        0          860      4346231    35689      151607.38  20441.34
Global   340      2031363      5974         0.6        0          613      5948090    28284      84232.72   19894.74

Total Statistics
Type     Time(s)  Ops          TPS(ops/s)   Net(M/s)   Get_miss   Min(us)  Max(us)    Avg(us)    Std_dev    Geo_dist  
Period   10       47229        4722         0.8        0          860      4346231    35689      151607.38  20441.34
Global   340      2031363      5974         0.6        0          613      5948090    28284      84232.72   19894.74

[1;1H[2J
Get Statistics
Type     Time(s)  Ops          TPS(ops/s)   Net(M/s)   Get_miss   Min(us)  Max(us)    Avg(us)    Std_dev    Geo_dist  
Period   10       51916        5191         0.8        0          1305     3616244    32533      119443.56  20728.83
Global   350      2083279      5952         0.7        0          613      5948090    28389      85289.82   19915.12

Total Statistics
Type     Time(s)  Ops          TPS(ops/s)   Net(M/s)   Get_miss   Min(us)  Max(us)    Avg(us)    Std_dev    Geo_dist  
Period   10       51917        5191         0.8        0          1305     3616244    32533      119442.36  20728.82
Global   350      2083280      5952         0.7        0          613      5948090    28389      85289.80   19915.12

[1;1H[2J
Get Statistics
Type     Time(s)  Ops          TPS(ops/s)   Net(M/s)   Get_miss   Min(us)  Max(us)    Avg(us)    Std_dev    Geo_dist  
Period   10       66544        6654         0.8        0          1046     1373581    25335      45670.05   19203.54
Global   360      2149823      5971         0.9        0          613      5948090    28295      84344.52   19892.79

Total Statistics
Type     Time(s)  Ops          TPS(ops/s)   Net(M/s)   Get_miss   Min(us)  Max(us)    Avg(us)    Std_dev    Geo_dist  
Period   10       66543        6654         0.8        0          1046     1373581    25336      45669.95   19206.39
Global   360      2149823      5971         0.9        0          613      5948090    28295      84344.52   19892.79

Get Statistics (2149991 events)
   Min:       613
   Max:   5948090
   Avg:     28294
   Geo:  19892.71
   Std:  84341.40
   Log2 Dist:
       8:        0        0       97     1783
      12:     5384     4957   699029   1189001
      16:   178970    32963    21307    10491
      20:     2628     2513      853       15

Total Statistics (2149991 events)
   Min:       613
   Max:   5948090
   Avg:     28294
   Geo:  19892.71
   Std:  84341.40
   Log2 Dist:
       8:        0        0       97     1783
      12:     5384     4957   699029   1189001
      16:   178970    32963    21307    10491
      20:     2628     2513      853       15

cmd_get: 2150159
cmd_set: 172032
get_misses: 0
written_bytes: 74824922
read_bytes: 356124771
object_bytes: 24772608

Run time: 362.1s Ops: 2322191 TPS: 6413 Net_rate: 1.1M/s
