servers : 10.0.0.6:11212
threads count: 96
concurrency: 96
run time: 360s
windows size: 1k
set proportion: set_prop=0.00
get proportion: get_prop=1.00
[1;1H[2J
Get Statistics
Type     Time(s)  Ops          TPS(ops/s)   Net(M/s)   Get_miss   Min(us)  Max(us)    Avg(us)    Std_dev    Geo_dist  
Period   10       60237        6023         0.8        0          808      1106288    15984      34715.44   12339.31
Global   10       60237        6023         0.8        0          808      1106288    15984      34715.44   12339.31

Total Statistics
Type     Time(s)  Ops          TPS(ops/s)   Net(M/s)   Get_miss   Min(us)  Max(us)    Avg(us)    Std_dev    Geo_dist  
Period   10       60237        6023         0.8        0          808      1106288    15984      34715.44   12339.31
Global   10       60237        6023         0.8        0          808      1106288    15984      34715.44   12339.31

[1;1H[2J
Get Statistics
Type     Time(s)  Ops          TPS(ops/s)   Net(M/s)   Get_miss   Min(us)  Max(us)    Avg(us)    Std_dev    Geo_dist  
Period   10       68391        6839         0.9        0          753      222637     14085      13047.13   11982.71
Global   20       128628       6431         0.9        0          753      1106288    14975      25607.87   12148.40

Total Statistics
Type     Time(s)  Ops          TPS(ops/s)   Net(M/s)   Get_miss   Min(us)  Max(us)    Avg(us)    Std_dev    Geo_dist  
Period   10       68391        6839         0.9        0          753      222637     14085      13047.13   11982.71
Global   20       128628       6431         0.9        0          753      1106288    14975      25607.87   12148.40

[1;1H[2J
Get Statistics
Type     Time(s)  Ops          TPS(ops/s)   Net(M/s)   Get_miss   Min(us)  Max(us)    Avg(us)    Std_dev    Geo_dist  
Period   10       63642        6364         0.9        0          921      437043     15098      20733.14   12374.07
Global   30       192270       6409         0.9        0          753      1106288    15015      24104.18   12222.64

Total Statistics
Type     Time(s)  Ops          TPS(ops/s)   Net(M/s)   Get_miss   Min(us)  Max(us)    Avg(us)    Std_dev    Geo_dist  
Period   10       63642        6364         0.9        0          921      437043     15098      20733.14   12374.07
Global   30       192270       6409         0.9        0          753      1106288    15015      24104.18   12222.64

[1;1H[2J
Get Statistics
Type     Time(s)  Ops          TPS(ops/s)   Net(M/s)   Get_miss   Min(us)  Max(us)    Avg(us)    Std_dev    Geo_dist  
Period   10       65714        6571         0.9        0          723      173261     14710      14330.36   12211.58
Global   40       257984       6449         0.9        0          723      1106288    14938      22030.00   12219.82

Total Statistics
Type     Time(s)  Ops          TPS(ops/s)   Net(M/s)   Get_miss   Min(us)  Max(us)    Avg(us)    Std_dev    Geo_dist  
Period   10       65714        6571         0.9        0          723      173261     14710      14330.36   12211.58
Global   40       257984       6449         0.9        0          723      1106288    14938      22030.00   12219.82

[1;1H[2J
Get Statistics
Type     Time(s)  Ops          TPS(ops/s)   Net(M/s)   Get_miss   Min(us)  Max(us)    Avg(us)    Std_dev    Geo_dist  
Period   10       52098        5209         0.9        0          815      2198121    18503      88360.57   11920.98
Global   50       310082       6201         0.7        0          723      2198121    15537      41440.51   12169.09

Total Statistics
Type     Time(s)  Ops          TPS(ops/s)   Net(M/s)   Get_miss   Min(us)  Max(us)    Avg(us)    Std_dev    Geo_dist  
Period   10       52098        5209         0.9        0          815      2198121    18503      88360.57   11920.98
Global   50       310082       6201         0.7        0          723      2198121    15537      41440.51   12169.09

[1;1H[2J
Get Statistics
Type     Time(s)  Ops          TPS(ops/s)   Net(M/s)   Get_miss   Min(us)  Max(us)    Avg(us)    Std_dev    Geo_dist  
Period   10       63602        6360         0.9        0          820      903939     15145      27644.11   11971.29
Global   60       373684       6228         0.9        0          723      2198121    15470      39435.02   12135.20

Total Statistics
Type     Time(s)  Ops          TPS(ops/s)   Net(M/s)   Get_miss   Min(us)  Max(us)    Avg(us)    Std_dev    Geo_dist  
Period   10       63603        6360         0.9        0          820      903939     15145      27643.82   11970.83
Global   60       373685       6228         0.9        0          723      2198121    15470      39434.96   12135.12

[1;1H[2J
Get Statistics
Type     Time(s)  Ops          TPS(ops/s)   Net(M/s)   Get_miss   Min(us)  Max(us)    Avg(us)    Std_dev    Geo_dist  
Period   10       58737        5873         0.8        0          673      1828888    15954      68682.94   11847.02
Global   70       432421       6177         0.8        0          673      2198121    15536      44549.57   12095.84

Total Statistics
Type     Time(s)  Ops          TPS(ops/s)   Net(M/s)   Get_miss   Min(us)  Max(us)    Avg(us)    Std_dev    Geo_dist  
Period   10       58736        5873         0.8        0          673      1828888    15954      68683.56   11848.91
Global   70       432421       6177         0.8        0          673      2198121    15536      44549.57   12095.84

[1;1H[2J
Get Statistics
Type     Time(s)  Ops          TPS(ops/s)   Net(M/s)   Get_miss   Min(us)  Max(us)    Avg(us)    Std_dev    Geo_dist  
Period   10       63299        6329         0.9        0          884      2579658    15637      40155.33   12691.53
Global   80       495720       6196         0.9        0          673      2579658    15549      44012.85   12170.32

Total Statistics
Type     Time(s)  Ops          TPS(ops/s)   Net(M/s)   Get_miss   Min(us)  Max(us)    Avg(us)    Std_dev    Geo_dist  
Period   10       63299        6329         0.9        0          884      2579658    15637      40155.33   12691.53
Global   80       495720       6196         0.9        0          673      2579658    15549      44012.85   12170.32

[1;1H[2J
Get Statistics
Type     Time(s)  Ops          TPS(ops/s)   Net(M/s)   Get_miss   Min(us)  Max(us)    Avg(us)    Std_dev    Geo_dist  
Period   10       64118        6411         0.9        0          695      543068     15044      22657.21   12159.59
Global   90       559838       6220         0.9        0          673      2579658    15491      42120.01   12169.09

Total Statistics
Type     Time(s)  Ops          TPS(ops/s)   Net(M/s)   Get_miss   Min(us)  Max(us)    Avg(us)    Std_dev    Geo_dist  
Period   10       64118        6411         0.9        0          695      543068     15044      22657.21   12159.59
Global   90       559838       6220         0.9        0          673      2579658    15491      42120.01   12169.09

[1;1H[2J
Get Statistics
Type     Time(s)  Ops          TPS(ops/s)   Net(M/s)   Get_miss   Min(us)  Max(us)    Avg(us)    Std_dev    Geo_dist  
Period   10       65797        6579         0.9        0          625      620894     14649      25201.13   11972.25
Global   100      625635       6256         0.9        0          625      2579658    15402      40674.17   12148.24

Total Statistics
Type     Time(s)  Ops          TPS(ops/s)   Net(M/s)   Get_miss   Min(us)  Max(us)    Avg(us)    Std_dev    Geo_dist  
Period   10       65797        6579         0.9        0          625      620894     14649      25201.13   11972.25
Global   100      625635       6256         0.9        0          625      2579658    15402      40674.17   12148.24

[1;1H[2J
Get Statistics
Type     Time(s)  Ops          TPS(ops/s)   Net(M/s)   Get_miss   Min(us)  Max(us)    Avg(us)    Std_dev    Geo_dist  
Period   10       57340        5734         0.9        0          664      1402769    16803      39125.78   12436.30
Global   110      682975       6208         0.8        0          625      2579658    15520      40548.14   12172.16

Total Statistics
Type     Time(s)  Ops          TPS(ops/s)   Net(M/s)   Get_miss   Min(us)  Max(us)    Avg(us)    Std_dev    Geo_dist  
Period   10       57340        5734         0.9        0          664      1402769    16803      39125.78   12436.30
Global   110      682975       6208         0.8        0          625      2579658    15520      40548.14   12172.16

[1;1H[2J
Get Statistics
Type     Time(s)  Ops          TPS(ops/s)   Net(M/s)   Get_miss   Min(us)  Max(us)    Avg(us)    Std_dev    Geo_dist  
Period   10       67631        6763         0.9        0          492      223678     14249      14841.67   12003.33
Global   120      750606       6255         0.9        0          492      2579658    15405      38935.90   12156.85

Total Statistics
Type     Time(s)  Ops          TPS(ops/s)   Net(M/s)   Get_miss   Min(us)  Max(us)    Avg(us)    Std_dev    Geo_dist  
Period   10       67631        6763         0.9        0          492      223678     14249      14841.67   12003.33
Global   120      750606       6255         0.9        0          492      2579658    15405      38935.90   12156.85

[1;1H[2J
Get Statistics
Type     Time(s)  Ops          TPS(ops/s)   Net(M/s)   Get_miss   Min(us)  Max(us)    Avg(us)    Std_dev    Geo_dist  
Period   10       66770        6677         0.9        0          768      379635     14434      16441.72   12123.80
Global   130      817376       6287         0.9        0          492      2579658    15326      37607.28   12154.15

Total Statistics
Type     Time(s)  Ops          TPS(ops/s)   Net(M/s)   Get_miss   Min(us)  Max(us)    Avg(us)    Std_dev    Geo_dist  
Period   10       66770        6677         0.9        0          768      379635     14434      16441.72   12123.80
Global   130      817376       6287         0.9        0          492      2579658    15326      37607.28   12154.15

[1;1H[2J
Get Statistics
Type     Time(s)  Ops          TPS(ops/s)   Net(M/s)   Get_miss   Min(us)  Max(us)    Avg(us)    Std_dev    Geo_dist  
Period   10       67150        6715         0.9        0          556      195089     14355      12732.33   12207.03
Global   140      884526       6318         0.9        0          492      2579658    15252      36322.45   12158.16

Total Statistics
Type     Time(s)  Ops          TPS(ops/s)   Net(M/s)   Get_miss   Min(us)  Max(us)    Avg(us)    Std_dev    Geo_dist  
Period   10       67150        6715         0.9        0          556      195089     14355      12732.33   12207.03
Global   140      884526       6318         0.9        0          492      2579658    15252      36322.45   12158.16

[1;1H[2J
Get Statistics
Type     Time(s)  Ops          TPS(ops/s)   Net(M/s)   Get_miss   Min(us)  Max(us)    Avg(us)    Std_dev    Geo_dist  
Period   10       72122        7212         0.9        0          686      194928     13359      11148.08   11564.06
Global   150      956648       6377         1.0        0          492      2579658    15110      35063.57   12112.32

Total Statistics
Type     Time(s)  Ops          TPS(ops/s)   Net(M/s)   Get_miss   Min(us)  Max(us)    Avg(us)    Std_dev    Geo_dist  
Period   10       72122        7212         0.9        0          686      194928     13359      11148.08   11564.06
Global   150      956648       6377         1.0        0          492      2579658    15110      35063.57   12112.32

[1;1H[2J
Get Statistics
Type     Time(s)  Ops          TPS(ops/s)   Net(M/s)   Get_miss   Min(us)  Max(us)    Avg(us)    Std_dev    Geo_dist  
Period   10       65584        6558         0.9        0          758      343037     14692      17682.42   12040.30
Global   160      1022232      6388         0.9        0          492      2579658    15083      34214.77   12107.69

Total Statistics
Type     Time(s)  Ops          TPS(ops/s)   Net(M/s)   Get_miss   Min(us)  Max(us)    Avg(us)    Std_dev    Geo_dist  
Period   10       65584        6558         0.9        0          758      343037     14692      17682.42   12040.30
Global   160      1022232      6388         0.9        0          492      2579658    15083      34214.77   12107.69

[1;1H[2J
Get Statistics
Type     Time(s)  Ops          TPS(ops/s)   Net(M/s)   Get_miss   Min(us)  Max(us)    Avg(us)    Std_dev    Geo_dist  
Period   10       59039        5903         0.9        0          605      485031     16322      24561.94   12663.12
Global   170      1081271      6360         0.8        0          492      2579658    15151      33760.03   12137.38

Total Statistics
Type     Time(s)  Ops          TPS(ops/s)   Net(M/s)   Get_miss   Min(us)  Max(us)    Avg(us)    Std_dev    Geo_dist  
Period   10       59039        5903         0.9        0          605      485031     16322      24561.94   12663.12
Global   170      1081271      6360         0.8        0          492      2579658    15151      33760.03   12137.38

[1;1H[2J
Get Statistics
Type     Time(s)  Ops          TPS(ops/s)   Net(M/s)   Get_miss   Min(us)  Max(us)    Avg(us)    Std_dev    Geo_dist  
Period   10       62727        6272         0.9        0          958      441419     15365      18691.88   12549.95
Global   180      1143998      6355         0.9        0          492      2579658    15162      33112.35   12159.65

Total Statistics
Type     Time(s)  Ops          TPS(ops/s)   Net(M/s)   Get_miss   Min(us)  Max(us)    Avg(us)    Std_dev    Geo_dist  
Period   10       62728        6272         0.9        0          958      441419     15365      18691.69   12549.94
Global   180      1143999      6355         0.9        0          492      2579658    15162      33112.34   12159.64

[1;1H[2J
Get Statistics
Type     Time(s)  Ops          TPS(ops/s)   Net(M/s)   Get_miss   Min(us)  Max(us)    Avg(us)    Std_dev    Geo_dist  
Period   10       64678        6467         0.9        0          658      618345     14898      23205.40   11917.34
Global   190      1208676      6361         0.9        0          492      2579658    15148      32658.40   12146.65

Total Statistics
Type     Time(s)  Ops          TPS(ops/s)   Net(M/s)   Get_miss   Min(us)  Max(us)    Avg(us)    Std_dev    Geo_dist  
Period   10       64677        6467         0.9        0          658      618345     14898      23205.65   11919.07
Global   190      1208676      6361         0.9        0          492      2579658    15148      32658.40   12146.65

[1;1H[2J
Get Statistics
Type     Time(s)  Ops          TPS(ops/s)   Net(M/s)   Get_miss   Min(us)  Max(us)    Avg(us)    Std_dev    Geo_dist  
Period   10       62050        6205         0.9        0          619      686234     14287      21895.34   11793.95
Global   200      1270726      6353         0.9        0          492      2579658    15106      32216.96   12129.18

Total Statistics
Type     Time(s)  Ops          TPS(ops/s)   Net(M/s)   Get_miss   Min(us)  Max(us)    Avg(us)    Std_dev    Geo_dist  
Period   10       62050        6205         0.9        0          619      686234     14287      21895.34   11793.95
Global   200      1270726      6353         0.9        0          492      2579658    15106      32216.96   12129.18

[1;1H[2J
Get Statistics
Type     Time(s)  Ops          TPS(ops/s)   Net(M/s)   Get_miss   Min(us)  Max(us)    Avg(us)    Std_dev    Geo_dist  
Period   10       59609        5960         0.9        0          655      1729577    17438      47732.04   12283.82
Global   210      1330335      6334         0.8        0          492      2579658    15211      33071.56   12136.07

Total Statistics
Type     Time(s)  Ops          TPS(ops/s)   Net(M/s)   Get_miss   Min(us)  Max(us)    Avg(us)    Std_dev    Geo_dist  
Period   10       59609        5960         0.9        0          655      1729577    17438      47732.04   12283.82
Global   210      1330335      6334         0.8        0          492      2579658    15211      33071.56   12136.07

[1;1H[2J
Get Statistics
Type     Time(s)  Ops          TPS(ops/s)   Net(M/s)   Get_miss   Min(us)  Max(us)    Avg(us)    Std_dev    Geo_dist  
Period   10       64882        6488         0.9        0          816      1037716    14869      26318.05   11965.46
Global   220      1395217      6341         0.9        0          492      2579658    15195      32788.47   12128.08

Total Statistics
Type     Time(s)  Ops          TPS(ops/s)   Net(M/s)   Get_miss   Min(us)  Max(us)    Avg(us)    Std_dev    Geo_dist  
Period   10       64882        6488         0.9        0          816      1037716    14869      26318.05   11965.46
Global   220      1395217      6341         0.9        0          492      2579658    15195      32788.47   12128.08

[1;1H[2J
Get Statistics
Type     Time(s)  Ops          TPS(ops/s)   Net(M/s)   Get_miss   Min(us)  Max(us)    Avg(us)    Std_dev    Geo_dist  
Period   10       59416        5941         0.9        0          684      1847602    16226      40607.05   12395.96
Global   230      1454633      6324         0.8        0          492      2579658    15237      33144.64   12138.91

Total Statistics
Type     Time(s)  Ops          TPS(ops/s)   Net(M/s)   Get_miss   Min(us)  Max(us)    Avg(us)    Std_dev    Geo_dist  
Period   10       59416        5941         0.9        0          684      1847602    16225      40607.37   12391.97
Global   230      1454633      6324         0.8        0          492      2579658    15237      33144.64   12138.91

[1;1H[2J
Get Statistics
Type     Time(s)  Ops          TPS(ops/s)   Net(M/s)   Get_miss   Min(us)  Max(us)    Avg(us)    Std_dev    Geo_dist  
Period   10       64068        6406         0.9        0          758      681943     15044      24969.91   12117.87
Global   240      1518701      6327         0.9        0          492      2579658    15229      32840.87   12138.02

Total Statistics
Type     Time(s)  Ops          TPS(ops/s)   Net(M/s)   Get_miss   Min(us)  Max(us)    Avg(us)    Std_dev    Geo_dist  
Period   10       64068        6406         0.9        0          758      681943     15044      24969.91   12117.87
Global   240      1518701      6327         0.9        0          492      2579658    15229      32840.87   12138.02

[1;1H[2J
Get Statistics
Type     Time(s)  Ops          TPS(ops/s)   Net(M/s)   Get_miss   Min(us)  Max(us)    Avg(us)    Std_dev    Geo_dist  
Period   10       64409        6440         0.9        0          720      1060229    14960      28787.61   11805.53
Global   250      1583110      6332         0.9        0          492      2579658    15218      32685.83   12124.31

Total Statistics
Type     Time(s)  Ops          TPS(ops/s)   Net(M/s)   Get_miss   Min(us)  Max(us)    Avg(us)    Std_dev    Geo_dist  
Period   10       64409        6440         0.9        0          720      1060229    14960      28787.61   11805.53
Global   250      1583110      6332         0.9        0          492      2579658    15218      32685.83   12124.31

[1;1H[2J
Get Statistics
Type     Time(s)  Ops          TPS(ops/s)   Net(M/s)   Get_miss   Min(us)  Max(us)    Avg(us)    Std_dev    Geo_dist  
Period   10       63554        6355         0.9        0          596      1953323    15166      43605.84   11693.02
Global   260      1646664      6333         0.9        0          492      2579658    15216      33174.03   12107.38

Total Statistics
Type     Time(s)  Ops          TPS(ops/s)   Net(M/s)   Get_miss   Min(us)  Max(us)    Avg(us)    Std_dev    Geo_dist  
Period   10       63554        6355         0.9        0          596      1953323    15166      43605.84   11693.02
Global   260      1646664      6333         0.9        0          492      2579658    15216      33174.03   12107.38

[1;1H[2J
Get Statistics
Type     Time(s)  Ops          TPS(ops/s)   Net(M/s)   Get_miss   Min(us)  Max(us)    Avg(us)    Std_dev    Geo_dist  
Period   10       64846        6484         0.9        0          732      361014     14856      19623.58   12124.19
Global   270      1711510      6338         0.9        0          492      2579658    15202      32763.17   12108.01

Total Statistics
Type     Time(s)  Ops          TPS(ops/s)   Net(M/s)   Get_miss   Min(us)  Max(us)    Avg(us)    Std_dev    Geo_dist  
Period   10       64847        6484         0.9        0          732      361014     14856      19623.39   12124.17
Global   270      1711511      6338         0.9        0          492      2579658    15202      32763.16   12108.01

[1;1H[2J
Get Statistics
Type     Time(s)  Ops          TPS(ops/s)   Net(M/s)   Get_miss   Min(us)  Max(us)    Avg(us)    Std_dev    Geo_dist  
Period   10       62738        6273         0.9        0          658      219989     15359      16767.04   12525.68
Global   280      1774248      6336         0.9        0          492      2579658    15208      32332.60   12122.61

Total Statistics
Type     Time(s)  Ops          TPS(ops/s)   Net(M/s)   Get_miss   Min(us)  Max(us)    Avg(us)    Std_dev    Geo_dist  
Period   10       62737        6273         0.9        0          658      219989     15359      16767.23   12525.71
Global   280      1774248      6336         0.9        0          492      2579658    15208      32332.60   12122.61

[1;1H[2J
Get Statistics
Type     Time(s)  Ops          TPS(ops/s)   Net(M/s)   Get_miss   Min(us)  Max(us)    Avg(us)    Std_dev    Geo_dist  
Period   10       57477        5747         0.9        0          614      366623     16766      28000.27   12675.13
Global   290      1831725      6316         0.8        0          492      2579658    15257      32206.60   12139.57

Total Statistics
Type     Time(s)  Ops          TPS(ops/s)   Net(M/s)   Get_miss   Min(us)  Max(us)    Avg(us)    Std_dev    Geo_dist  
Period   10       57477        5747         0.9        0          614      366623     16766      28000.27   12675.13
Global   290      1831725      6316         0.8        0          492      2579658    15257      32206.60   12139.57

[1;1H[2J
Get Statistics
Type     Time(s)  Ops          TPS(ops/s)   Net(M/s)   Get_miss   Min(us)  Max(us)    Avg(us)    Std_dev    Geo_dist  
Period   10       64712        6471         0.9        0          650      396526     14882      19751.33   12152.00
Global   300      1896437      6321         0.9        0          492      2579658    15244      31862.09   12140.00

Total Statistics
Type     Time(s)  Ops          TPS(ops/s)   Net(M/s)   Get_miss   Min(us)  Max(us)    Avg(us)    Std_dev    Geo_dist  
Period   10       64712        6471         0.9        0          650      396526     14882      19751.33   12152.00
Global   300      1896437      6321         0.9        0          492      2579658    15244      31862.09   12140.00

[1;1H[2J
Get Statistics
Type     Time(s)  Ops          TPS(ops/s)   Net(M/s)   Get_miss   Min(us)  Max(us)    Avg(us)    Std_dev    Geo_dist  
Period   10       59095        5909         0.9        0          769      1155704    16333      48122.31   12275.48
Global   310      1955532      6308         0.8        0          492      2579658    15277      32473.47   12144.07

Total Statistics
Type     Time(s)  Ops          TPS(ops/s)   Net(M/s)   Get_miss   Min(us)  Max(us)    Avg(us)    Std_dev    Geo_dist  
Period   10       59095        5909         0.9        0          769      1155704    16333      48122.31   12275.48
Global   310      1955532      6308         0.8        0          492      2579658    15277      32473.47   12144.07

[1;1H[2J
Get Statistics
Type     Time(s)  Ops          TPS(ops/s)   Net(M/s)   Get_miss   Min(us)  Max(us)    Avg(us)    Std_dev    Geo_dist  
Period   10       63894        6389         0.9        0          615      983472     15037      24362.25   12096.24
Global   320      2019426      6310         0.9        0          492      2579658    15269      32248.32   12142.55

Total Statistics
Type     Time(s)  Ops          TPS(ops/s)   Net(M/s)   Get_miss   Min(us)  Max(us)    Avg(us)    Std_dev    Geo_dist  
Period   10       63894        6389         0.9        0          615      983472     15037      24362.25   12096.24
Global   320      2019426      6310         0.9        0          492      2579658    15269      32248.32   12142.55

[1;1H[2J
Get Statistics
Type     Time(s)  Ops          TPS(ops/s)   Net(M/s)   Get_miss   Min(us)  Max(us)    Avg(us)    Std_dev    Geo_dist  
Period   10       60464        6046         0.9        0          407      580863     16010      29499.13   12277.77
Global   330      2079890      6302         0.8        0          407      2579658    15291      32171.73   12146.46

Total Statistics
Type     Time(s)  Ops          TPS(ops/s)   Net(M/s)   Get_miss   Min(us)  Max(us)    Avg(us)    Std_dev    Geo_dist  
Period   10       60464        6046         0.9        0          407      580863     16010      29499.13   12277.77
Global   330      2079890      6302         0.8        0          407      2579658    15291      32171.73   12146.46

[1;1H[2J
Get Statistics
Type     Time(s)  Ops          TPS(ops/s)   Net(M/s)   Get_miss   Min(us)  Max(us)    Avg(us)    Std_dev    Geo_dist  
Period   10       63187        6318         0.9        0          602      464030     15247      22347.37   12175.55
Global   340      2143077      6303         0.9        0          407      2579658    15289      31925.68   12147.32

Total Statistics
Type     Time(s)  Ops          TPS(ops/s)   Net(M/s)   Get_miss   Min(us)  Max(us)    Avg(us)    Std_dev    Geo_dist  
Period   10       63187        6318         0.9        0          602      464030     15247      22347.29   12171.98
Global   340      2143077      6303         0.9        0          407      2579658    15289      31925.68   12147.32

[1;1H[2J
Get Statistics
Type     Time(s)  Ops          TPS(ops/s)   Net(M/s)   Get_miss   Min(us)  Max(us)    Avg(us)    Std_dev    Geo_dist  
Period   10       54063        5406         0.9        0          802      938339     17824      35576.84   12706.75
Global   350      2197140      6277         0.7        0          407      2579658    15352      32022.62   12160.78

Total Statistics
Type     Time(s)  Ops          TPS(ops/s)   Net(M/s)   Get_miss   Min(us)  Max(us)    Avg(us)    Std_dev    Geo_dist  
Period   10       54063        5406         0.9        0          802      938339     17824      35576.84   12706.75
Global   350      2197140      6277         0.7        0          407      2579658    15352      32022.62   12160.78

[1;1H[2J
Get Statistics
Type     Time(s)  Ops          TPS(ops/s)   Net(M/s)   Get_miss   Min(us)  Max(us)    Avg(us)    Std_dev    Geo_dist  
Period   10       59013        5901         0.9        0          734      1298314    15513      35575.93   11953.96
Global   360      2256153      6267         0.8        0          407      2579658    15356      32120.67   12155.33

Total Statistics
Type     Time(s)  Ops          TPS(ops/s)   Net(M/s)   Get_miss   Min(us)  Max(us)    Avg(us)    Std_dev    Geo_dist  
Period   10       59013        5901         0.9        0          734      1298314    15513      35575.93   11953.96
Global   360      2256153      6267         0.8        0          407      2579658    15356      32120.67   12155.33

Get Statistics (2256249 events)
   Min:       407
   Max:   2579658
   Avg:     15379
   Geo:  12157.27
   Std:  32322.69
   Log2 Dist:
       8:        0        3      549    16763
      12:    82333    50009   1558009   480602
      16:    39120    16194     8228     2955
      20:     1002      465       17

Total Statistics (2256249 events)
   Min:       407
   Max:   2579658
   Avg:     15379
   Geo:  12157.27
   Std:  32322.69
   Log2 Dist:
       8:        0        3      549    16763
      12:    82333    50009   1558009   480602
      16:    39120    16194     8228     2955
      20:     1002      465       17

cmd_get: 2256345
cmd_set: 98304
get_misses: 0
written_bytes: 65366118
read_bytes: 373067517
object_bytes: 14155776

Run time: 361.5s Ops: 2354649 TPS: 6514 Net_rate: 1.2M/s
