servers : 10.0.0.6:11212
threads count: 72
concurrency: 72
run time: 360s
windows size: 1k
set proportion: set_prop=0.00
get proportion: get_prop=1.00
[1;1H[2J
Get Statistics
Type     Time(s)  Ops          TPS(ops/s)   Net(M/s)   Get_miss   Min(us)  Max(us)    Avg(us)    Std_dev    Geo_dist  
Period   10       63281        6328         0.9        0          512      246232     11336      10751.99   9250.12
Global   10       63281        6328         0.9        0          512      246232     11336      10751.99   9250.12

Total Statistics
Type     Time(s)  Ops          TPS(ops/s)   Net(M/s)   Get_miss   Min(us)  Max(us)    Avg(us)    Std_dev    Geo_dist  
Period   10       63281        6328         0.9        0          512      246232     11336      10751.99   9250.12
Global   10       63281        6328         0.9        0          512      246232     11336      10751.99   9250.12

[1;1H[2J
Get Statistics
Type     Time(s)  Ops          TPS(ops/s)   Net(M/s)   Get_miss   Min(us)  Max(us)    Avg(us)    Std_dev    Geo_dist  
Period   10       62114        6211         0.9        0          675      353084     11721      15840.38   9248.51
Global   20       125395       6269         0.9        0          512      353084     11527      13515.20   9249.32

Total Statistics
Type     Time(s)  Ops          TPS(ops/s)   Net(M/s)   Get_miss   Min(us)  Max(us)    Avg(us)    Std_dev    Geo_dist  
Period   10       62114        6211         0.9        0          675      353084     11721      15840.38   9248.51
Global   20       125395       6269         0.9        0          512      353084     11527      13515.20   9249.32

[1;1H[2J
Get Statistics
Type     Time(s)  Ops          TPS(ops/s)   Net(M/s)   Get_miss   Min(us)  Max(us)    Avg(us)    Std_dev    Geo_dist  
Period   10       55214        5521         0.8        0          545      2877705    13082      61648.85   9081.05
Global   30       180609       6020         0.8        0          512      2877705    12002      35905.47   9197.55

Total Statistics
Type     Time(s)  Ops          TPS(ops/s)   Net(M/s)   Get_miss   Min(us)  Max(us)    Avg(us)    Std_dev    Geo_dist  
Period   10       55214        5521         0.8        0          545      2877705    13082      61648.85   9081.05
Global   30       180609       6020         0.8        0          512      2877705    12002      35905.47   9197.55

[1;1H[2J
Get Statistics
Type     Time(s)  Ops          TPS(ops/s)   Net(M/s)   Get_miss   Min(us)  Max(us)    Avg(us)    Std_dev    Geo_dist  
Period   10       64541        6454         0.8        0          411      95820      11197      6281.31    9581.38
Global   40       245150       6128         0.9        0          411      2877705    11790      30988.80   9297.09

Total Statistics
Type     Time(s)  Ops          TPS(ops/s)   Net(M/s)   Get_miss   Min(us)  Max(us)    Avg(us)    Std_dev    Geo_dist  
Period   10       64541        6454         0.8        0          411      95820      11197      6281.31    9581.38
Global   40       245150       6128         0.9        0          411      2877705    11790      30988.80   9297.09

[1;1H[2J
Get Statistics
Type     Time(s)  Ops          TPS(ops/s)   Net(M/s)   Get_miss   Min(us)  Max(us)    Avg(us)    Std_dev    Geo_dist  
Period   10       59140        5914         0.8        0          421      353431     12220      20413.07   9078.45
Global   50       304290       6085         0.8        0          411      2877705    11874      29234.73   9254.18

Total Statistics
Type     Time(s)  Ops          TPS(ops/s)   Net(M/s)   Get_miss   Min(us)  Max(us)    Avg(us)    Std_dev    Geo_dist  
Period   10       59140        5914         0.8        0          421      353431     12220      20413.07   9078.45
Global   50       304290       6085         0.8        0          411      2877705    11874      29234.73   9254.18

[1;1H[2J
Get Statistics
Type     Time(s)  Ops          TPS(ops/s)   Net(M/s)   Get_miss   Min(us)  Max(us)    Avg(us)    Std_dev    Geo_dist  
Period   10       55069        5506         0.8        0          550      511093     11772      19014.83   9309.08
Global   60       359359       5989         0.8        0          411      2877705    11858      27912.61   9262.58

Total Statistics
Type     Time(s)  Ops          TPS(ops/s)   Net(M/s)   Get_miss   Min(us)  Max(us)    Avg(us)    Std_dev    Geo_dist  
Period   10       55069        5506         0.8        0          550      511093     11772      19014.83   9309.08
Global   60       359359       5989         0.8        0          411      2877705    11858      27912.61   9262.58

[1;1H[2J
Get Statistics
Type     Time(s)  Ops          TPS(ops/s)   Net(M/s)   Get_miss   Min(us)  Max(us)    Avg(us)    Std_dev    Geo_dist  
Period   10       50620        5062         0.8        0          465      5348517    15751      114786.16  8986.50
Global   70       409979       5856         0.7        0          411      5348517    12339      48076.41   9228.04

Total Statistics
Type     Time(s)  Ops          TPS(ops/s)   Net(M/s)   Get_miss   Min(us)  Max(us)    Avg(us)    Std_dev    Geo_dist  
Period   10       50622        5062         0.8        0          465      5348517    15751      114783.87  8986.53
Global   70       409981       5856         0.7        0          411      5348517    12339      48076.28   9228.04

[1;1H[2J
Get Statistics
Type     Time(s)  Ops          TPS(ops/s)   Net(M/s)   Get_miss   Min(us)  Max(us)    Avg(us)    Std_dev    Geo_dist  
Period   10       43737        4373         0.8        0          580      2497634    16528      100585.55  9788.87
Global   80       453716       5671         0.6        0          411      5348517    12743      55365.44   9281.04

Total Statistics
Type     Time(s)  Ops          TPS(ops/s)   Net(M/s)   Get_miss   Min(us)  Max(us)    Avg(us)    Std_dev    Geo_dist  
Period   10       43736        4373         0.8        0          580      2497634    16528      100586.74  9792.65
Global   80       453717       5671         0.6        0          411      5348517    12743      55365.38   9281.01

[1;1H[2J
Get Statistics
Type     Time(s)  Ops          TPS(ops/s)   Net(M/s)   Get_miss   Min(us)  Max(us)    Avg(us)    Std_dev    Geo_dist  
Period   10       45289        4528         0.8        0          565      1830208    15841      72474.73   9519.82
Global   90       499005       5544         0.6        0          411      5348517    13024      57136.95   9302.61

Total Statistics
Type     Time(s)  Ops          TPS(ops/s)   Net(M/s)   Get_miss   Min(us)  Max(us)    Avg(us)    Std_dev    Geo_dist  
Period   10       45288        4528         0.8        0          565      1830208    15841      72475.56   9510.16
Global   90       499005       5544         0.6        0          411      5348517    13024      57136.95   9302.61

[1;1H[2J
Get Statistics
Type     Time(s)  Ops          TPS(ops/s)   Net(M/s)   Get_miss   Min(us)  Max(us)    Avg(us)    Std_dev    Geo_dist  
Period   10       49067        4906         0.8        0          512      2967250    14737      59458.56   9123.50
Global   100      548072       5480         0.7        0          411      5348517    13177      57350.74   9286.43

Total Statistics
Type     Time(s)  Ops          TPS(ops/s)   Net(M/s)   Get_miss   Min(us)  Max(us)    Avg(us)    Std_dev    Geo_dist  
Period   10       49067        4906         0.8        0          512      2967250    14737      59458.56   9123.50
Global   100      548072       5480         0.7        0          411      5348517    13177      57350.74   9286.43

[1;1H[2J
Get Statistics
Type     Time(s)  Ops          TPS(ops/s)   Net(M/s)   Get_miss   Min(us)  Max(us)    Avg(us)    Std_dev    Geo_dist  
Period   10       48783        4878         0.7        0          574      2457059    14902      86772.74   9245.55
Global   110      596855       5425         0.7        0          411      5348517    13318      60298.43   9283.08

Total Statistics
Type     Time(s)  Ops          TPS(ops/s)   Net(M/s)   Get_miss   Min(us)  Max(us)    Avg(us)    Std_dev    Geo_dist  
Period   10       48783        4878         0.7        0          574      2457059    14902      86772.74   9245.55
Global   110      596855       5425         0.7        0          411      5348517    13318      60298.43   9283.08

[1;1H[2J
Get Statistics
Type     Time(s)  Ops          TPS(ops/s)   Net(M/s)   Get_miss   Min(us)  Max(us)    Avg(us)    Std_dev    Geo_dist  
Period   10       62059        6205         0.8        0          590      559547     11658      13792.97   9168.30
Global   120      658914       5490         0.9        0          411      5348517    13162      57546.51   9272.21

Total Statistics
Type     Time(s)  Ops          TPS(ops/s)   Net(M/s)   Get_miss   Min(us)  Max(us)    Avg(us)    Std_dev    Geo_dist  
Period   10       62059        6205         0.8        0          590      559547     11658      13792.97   9168.30
Global   120      658914       5490         0.9        0          411      5348517    13162      57546.51   9272.21

[1;1H[2J
Get Statistics
Type     Time(s)  Ops          TPS(ops/s)   Net(M/s)   Get_miss   Min(us)  Max(us)    Avg(us)    Std_dev    Geo_dist  
Period   10       60172        6017         0.8        0          596      800278     12006      27864.23   8953.30
Global   130      719086       5531         0.8        0          411      5348517    13065      55673.77   9245.10

Total Statistics
Type     Time(s)  Ops          TPS(ops/s)   Net(M/s)   Get_miss   Min(us)  Max(us)    Avg(us)    Std_dev    Geo_dist  
Period   10       60172        6017         0.8        0          596      800278     12006      27864.23   8953.30
Global   130      719086       5531         0.8        0          411      5348517    13065      55673.77   9245.10

[1;1H[2J
Get Statistics
Type     Time(s)  Ops          TPS(ops/s)   Net(M/s)   Get_miss   Min(us)  Max(us)    Avg(us)    Std_dev    Geo_dist  
Period   10       52065        5206         0.8        0          520      602871     13885      35436.09   9477.02
Global   140      771151       5508         0.7        0          411      5348517    13121      54544.51   9260.57

Total Statistics
Type     Time(s)  Ops          TPS(ops/s)   Net(M/s)   Get_miss   Min(us)  Max(us)    Avg(us)    Std_dev    Geo_dist  
Period   10       52065        5206         0.8        0          520      602871     13885      35436.09   9477.02
Global   140      771151       5508         0.7        0          411      5348517    13121      54544.51   9260.57

[1;1H[2J
Get Statistics
Type     Time(s)  Ops          TPS(ops/s)   Net(M/s)   Get_miss   Min(us)  Max(us)    Avg(us)    Std_dev    Geo_dist  
Period   10       47508        4750         0.7        0          552      1114602    15208      39384.71   10149.94
Global   150      818659       5457         0.7        0          411      5348517    13242      53783.90   9309.99

Total Statistics
Type     Time(s)  Ops          TPS(ops/s)   Net(M/s)   Get_miss   Min(us)  Max(us)    Avg(us)    Std_dev    Geo_dist  
Period   10       47508        4750         0.7        0          552      1114602    15208      39384.71   10149.94
Global   150      818659       5457         0.7        0          411      5348517    13242      53783.90   9309.99

[1;1H[2J
Get Statistics
Type     Time(s)  Ops          TPS(ops/s)   Net(M/s)   Get_miss   Min(us)  Max(us)    Avg(us)    Std_dev    Geo_dist  
Period   10       56153        5615         0.8        0          596      1213779    12877      30629.89   9439.81
Global   160      874812       5467         0.8        0          411      5348517    13218      52604.87   9318.27

Total Statistics
Type     Time(s)  Ops          TPS(ops/s)   Net(M/s)   Get_miss   Min(us)  Max(us)    Avg(us)    Std_dev    Geo_dist  
Period   10       56153        5615         0.8        0          596      1213779    12877      30629.89   9439.81
Global   160      874812       5467         0.8        0          411      5348517    13218      52604.87   9318.27

[1;1H[2J
Get Statistics
Type     Time(s)  Ops          TPS(ops/s)   Net(M/s)   Get_miss   Min(us)  Max(us)    Avg(us)    Std_dev    Geo_dist  
Period   10       56262        5626         0.8        0          410      1706113    12848      47209.35   8862.40
Global   170      931074       5476         0.8        0          410      5348517    13196      52294.60   9290.06

Total Statistics
Type     Time(s)  Ops          TPS(ops/s)   Net(M/s)   Get_miss   Min(us)  Max(us)    Avg(us)    Std_dev    Geo_dist  
Period   10       56263        5626         0.8        0          410      1706113    12848      47208.90   8862.20
Global   170      931075       5476         0.8        0          410      5348517    13196      52294.57   9290.05

[1;1H[2J
Get Statistics
Type     Time(s)  Ops          TPS(ops/s)   Net(M/s)   Get_miss   Min(us)  Max(us)    Avg(us)    Std_dev    Geo_dist  
Period   10       63527        6352         0.8        0          566      416425     11371      13916.06   9069.22
Global   180      994601       5525         0.9        0          410      5348517    13079      50721.13   9275.87

Total Statistics
Type     Time(s)  Ops          TPS(ops/s)   Net(M/s)   Get_miss   Min(us)  Max(us)    Avg(us)    Std_dev    Geo_dist  
Period   10       63526        6352         0.8        0          566      416425     11371      13916.24   9069.44
Global   180      994601       5525         0.9        0          410      5348517    13079      50721.13   9275.87

[1;1H[2J
Get Statistics
Type     Time(s)  Ops          TPS(ops/s)   Net(M/s)   Get_miss   Min(us)  Max(us)    Avg(us)    Std_dev    Geo_dist  
Period   10       50822        5082         0.8        0          570      2070984    14226      66553.17   9065.63
Global   190      1045423      5502         0.7        0          410      5348517    13135      51603.72   9265.54

Total Statistics
Type     Time(s)  Ops          TPS(ops/s)   Net(M/s)   Get_miss   Min(us)  Max(us)    Avg(us)    Std_dev    Geo_dist  
Period   10       50822        5082         0.8        0          570      2070984    14226      66553.17   9065.63
Global   190      1045423      5502         0.7        0          410      5348517    13135      51603.72   9265.54

[1;1H[2J
Get Statistics
Type     Time(s)  Ops          TPS(ops/s)   Net(M/s)   Get_miss   Min(us)  Max(us)    Avg(us)    Std_dev    Geo_dist  
Period   10       60847        6084         0.8        0          551      267154     11867      15034.54   9263.46
Global   200      1106270      5531         0.8        0          410      5348517    13065      50289.16   9265.43

Total Statistics
Type     Time(s)  Ops          TPS(ops/s)   Net(M/s)   Get_miss   Min(us)  Max(us)    Avg(us)    Std_dev    Geo_dist  
Period   10       60847        6084         0.8        0          551      267154     11867      15034.54   9263.46
Global   200      1106270      5531         0.8        0          410      5348517    13065      50289.16   9265.43

[1;1H[2J
Get Statistics
Type     Time(s)  Ops          TPS(ops/s)   Net(M/s)   Get_miss   Min(us)  Max(us)    Avg(us)    Std_dev    Geo_dist  
Period   10       47211        4721         0.8        0          688      2179868    15313      71215.27   8967.18
Global   210      1153481      5492         0.6        0          410      5348517    13157      51315.31   9253.03

Total Statistics
Type     Time(s)  Ops          TPS(ops/s)   Net(M/s)   Get_miss   Min(us)  Max(us)    Avg(us)    Std_dev    Geo_dist  
Period   10       47211        4721         0.8        0          688      2179868    15313      71215.27   8967.18
Global   210      1153481      5492         0.6        0          410      5348517    13157      51315.31   9253.03

[1;1H[2J
Get Statistics
Type     Time(s)  Ops          TPS(ops/s)   Net(M/s)   Get_miss   Min(us)  Max(us)    Avg(us)    Std_dev    Geo_dist  
Period   10       59957        5995         0.8        0          617      935516     12051      28676.36   8859.37
Global   220      1213438      5515         0.8        0          410      5348517    13103      50436.31   9233.17

Total Statistics
Type     Time(s)  Ops          TPS(ops/s)   Net(M/s)   Get_miss   Min(us)  Max(us)    Avg(us)    Std_dev    Geo_dist  
Period   10       59957        5995         0.8        0          617      935516     12051      28676.36   8859.37
Global   220      1213438      5515         0.8        0          410      5348517    13103      50436.31   9233.17

[1;1H[2J
Get Statistics
Type     Time(s)  Ops          TPS(ops/s)   Net(M/s)   Get_miss   Min(us)  Max(us)    Avg(us)    Std_dev    Geo_dist  
Period   10       56852        5685         0.8        0          608      430419     12713      22456.14   9417.22
Global   230      1270290      5523         0.8        0          410      5348517    13085      49523.34   9241.33

Total Statistics
Type     Time(s)  Ops          TPS(ops/s)   Net(M/s)   Get_miss   Min(us)  Max(us)    Avg(us)    Std_dev    Geo_dist  
Period   10       56852        5685         0.8        0          608      430419     12713      22456.14   9417.22
Global   230      1270290      5523         0.8        0          410      5348517    13085      49523.34   9241.33

[1;1H[2J
Get Statistics
Type     Time(s)  Ops          TPS(ops/s)   Net(M/s)   Get_miss   Min(us)  Max(us)    Avg(us)    Std_dev    Geo_dist  
Period   10       49187        4918         0.8        0          572      571654     14694      38223.16   9425.78
Global   240      1319477      5497         0.7        0          410      5348517    13145      49149.67   9248.14

Total Statistics
Type     Time(s)  Ops          TPS(ops/s)   Net(M/s)   Get_miss   Min(us)  Max(us)    Avg(us)    Std_dev    Geo_dist  
Period   10       49187        4918         0.8        0          572      571654     14694      38223.16   9425.78
Global   240      1319477      5497         0.7        0          410      5348517    13145      49149.67   9248.14

[1;1H[2J
Get Statistics
Type     Time(s)  Ops          TPS(ops/s)   Net(M/s)   Get_miss   Min(us)  Max(us)    Avg(us)    Std_dev    Geo_dist  
Period   10       67411        6741         0.8        0          483      176621     10724      10259.64   8790.09
Global   250      1386888      5547         0.9        0          410      5348517    13028      47996.28   9225.34

Total Statistics
Type     Time(s)  Ops          TPS(ops/s)   Net(M/s)   Get_miss   Min(us)  Max(us)    Avg(us)    Std_dev    Geo_dist  
Period   10       67411        6741         0.8        0          483      176621     10724      10259.64   8790.09
Global   250      1386888      5547         0.9        0          410      5348517    13028      47996.28   9225.34

[1;1H[2J
Get Statistics
Type     Time(s)  Ops          TPS(ops/s)   Net(M/s)   Get_miss   Min(us)  Max(us)    Avg(us)    Std_dev    Geo_dist  
Period   10       58547        5854         0.8        0          436      169359     12068      9181.07    9857.54
Global   260      1445435      5559         0.8        0          410      5348517    12989      47050.90   9250.14

Total Statistics
Type     Time(s)  Ops          TPS(ops/s)   Net(M/s)   Get_miss   Min(us)  Max(us)    Avg(us)    Std_dev    Geo_dist  
Period   10       58547        5854         0.8        0          436      169359     12068      9181.07    9857.54
Global   260      1445435      5559         0.8        0          410      5348517    12989      47050.90   9250.14

[1;1H[2J
Get Statistics
Type     Time(s)  Ops          TPS(ops/s)   Net(M/s)   Get_miss   Min(us)  Max(us)    Avg(us)    Std_dev    Geo_dist  
Period   10       57039        5703         0.8        0          496      438583     12762      20704.73   9567.03
Global   270      1502474      5564         0.8        0          410      5348517    12980      46325.26   9261.97

Total Statistics
Type     Time(s)  Ops          TPS(ops/s)   Net(M/s)   Get_miss   Min(us)  Max(us)    Avg(us)    Std_dev    Geo_dist  
Period   10       57039        5703         0.8        0          496      438583     12762      20704.73   9567.03
Global   270      1502474      5564         0.8        0          410      5348517    12980      46325.26   9261.97

[1;1H[2J
Get Statistics
Type     Time(s)  Ops          TPS(ops/s)   Net(M/s)   Get_miss   Min(us)  Max(us)    Avg(us)    Std_dev    Geo_dist  
Period   10       45537        4553         0.8        0          648      615102     16112      37634.02   10373.98
Global   280      1548011      5528         0.6        0          410      5348517    13072      46096.06   9292.92

Total Statistics
Type     Time(s)  Ops          TPS(ops/s)   Net(M/s)   Get_miss   Min(us)  Max(us)    Avg(us)    Std_dev    Geo_dist  
Period   10       45537        4553         0.8        0          648      615102     16112      37634.02   10373.98
Global   280      1548011      5528         0.6        0          410      5348517    13072      46096.06   9292.92

[1;1H[2J
Get Statistics
Type     Time(s)  Ops          TPS(ops/s)   Net(M/s)   Get_miss   Min(us)  Max(us)    Avg(us)    Std_dev    Geo_dist  
Period   10       57938        5793         0.8        0          594      780798     12476      26221.82   9100.71
Global   290      1605949      5537         0.8        0          410      5348517    13051      45530.14   9285.91

Total Statistics
Type     Time(s)  Ops          TPS(ops/s)   Net(M/s)   Get_miss   Min(us)  Max(us)    Avg(us)    Std_dev    Geo_dist  
Period   10       57938        5793         0.8        0          594      780798     12476      26221.82   9100.71
Global   290      1605949      5537         0.8        0          410      5348517    13051      45530.14   9285.91

[1;1H[2J
Get Statistics
Type     Time(s)  Ops          TPS(ops/s)   Net(M/s)   Get_miss   Min(us)  Max(us)    Avg(us)    Std_dev    Geo_dist  
Period   10       65365        6536         0.8        0          492      169299     10920      9145.15    8797.01
Global   300      1671314      5571         0.9        0          410      5348517    12967      44669.65   9266.29

Total Statistics
Type     Time(s)  Ops          TPS(ops/s)   Net(M/s)   Get_miss   Min(us)  Max(us)    Avg(us)    Std_dev    Geo_dist  
Period   10       65365        6536         0.8        0          492      169299     10920      9145.15    8797.01
Global   300      1671314      5571         0.9        0          410      5348517    12967      44669.65   9266.29

[1;1H[2J
Get Statistics
Type     Time(s)  Ops          TPS(ops/s)   Net(M/s)   Get_miss   Min(us)  Max(us)    Avg(us)    Std_dev    Geo_dist  
Period   10       55243        5524         0.8        0          725      1125428    13242      39181.05   9227.75
Global   310      1726557      5569         0.8        0          410      5348517    12976      44504.48   9265.05

Total Statistics
Type     Time(s)  Ops          TPS(ops/s)   Net(M/s)   Get_miss   Min(us)  Max(us)    Avg(us)    Std_dev    Geo_dist  
Period   10       55243        5524         0.8        0          725      1125428    13242      39181.05   9227.75
Global   310      1726557      5569         0.8        0          410      5348517    12976      44504.48   9265.05

[1;1H[2J
Get Statistics
Type     Time(s)  Ops          TPS(ops/s)   Net(M/s)   Get_miss   Min(us)  Max(us)    Avg(us)    Std_dev    Geo_dist  
Period   10       56228        5622         0.8        0          487      474008     12888      22708.93   9335.55
Global   320      1782785      5571         0.8        0          410      5348517    12973      43982.39   9267.22

Total Statistics
Type     Time(s)  Ops          TPS(ops/s)   Net(M/s)   Get_miss   Min(us)  Max(us)    Avg(us)    Std_dev    Geo_dist  
Period   10       56229        5622         0.8        0          487      474008     12888      22708.66   9334.03
Global   320      1782786      5571         0.8        0          410      5348517    12973      43982.37   9267.22

[1;1H[2J
Get Statistics
Type     Time(s)  Ops          TPS(ops/s)   Net(M/s)   Get_miss   Min(us)  Max(us)    Avg(us)    Std_dev    Geo_dist  
Period   10       52028        5202         0.8        0          549      481377     13193      23281.95   9697.36
Global   330      1834813      5560         0.7        0          410      5348517    12980      43531.01   9279.20

Total Statistics
Type     Time(s)  Ops          TPS(ops/s)   Net(M/s)   Get_miss   Min(us)  Max(us)    Avg(us)    Std_dev    Geo_dist  
Period   10       52027        5202         0.8        0          549      481377     13194      23281.67   9697.45
Global   330      1834813      5560         0.7        0          410      5348517    12980      43531.01   9279.20

[1;1H[2J
Get Statistics
Type     Time(s)  Ops          TPS(ops/s)   Net(M/s)   Get_miss   Min(us)  Max(us)    Avg(us)    Std_dev    Geo_dist  
Period   10       55963        5596         0.8        0          439      2035675    13669      58726.83   8939.10
Global   340      1890776      5561         0.8        0          410      5348517    13000      44056.36   9268.95

Total Statistics
Type     Time(s)  Ops          TPS(ops/s)   Net(M/s)   Get_miss   Min(us)  Max(us)    Avg(us)    Std_dev    Geo_dist  
Period   10       55963        5596         0.8        0          439      2035675    13669      58726.83   8939.10
Global   340      1890776      5561         0.8        0          410      5348517    13000      44056.36   9268.95

[1;1H[2J
Get Statistics
Type     Time(s)  Ops          TPS(ops/s)   Net(M/s)   Get_miss   Min(us)  Max(us)    Avg(us)    Std_dev    Geo_dist  
Period   10       54278        5427         0.8        0          357      1199689    13363      45983.34   9167.45
Global   350      1945054      5557         0.7        0          357      5348517    13010      44111.34   9266.10

Total Statistics
Type     Time(s)  Ops          TPS(ops/s)   Net(M/s)   Get_miss   Min(us)  Max(us)    Avg(us)    Std_dev    Geo_dist  
Period   10       54278        5427         0.8        0          357      1199689    13363      45983.34   9167.45
Global   350      1945054      5557         0.7        0          357      5348517    13010      44111.34   9266.10

[1;1H[2J
Get Statistics
Type     Time(s)  Ops          TPS(ops/s)   Net(M/s)   Get_miss   Min(us)  Max(us)    Avg(us)    Std_dev    Geo_dist  
Period   10       63873        6387         0.8        0          600      349308     11368      14620.33   8980.77
Global   360      2008927      5580         0.9        0          357      5348517    12958      43483.53   9256.89

Total Statistics
Type     Time(s)  Ops          TPS(ops/s)   Net(M/s)   Get_miss   Min(us)  Max(us)    Avg(us)    Std_dev    Geo_dist  
Period   10       63873        6387         0.8        0          600      349308     11368      14620.33   8980.77
Global   360      2008927      5580         0.9        0          357      5348517    12958      43483.53   9256.89

Get Statistics (2008999 events)
   Min:       357
   Max:   5348517
   Avg:     12958
   Geo:   9256.96
   Std:  43482.75
   Log2 Dist:
       8:        0       25     2563    71402
      12:   213303    88989   1359097   234721
      16:    19948     8703     5952     2562
      20:      789      718      226        1

Total Statistics (2008999 events)
   Min:       357
   Max:   5348517
   Avg:     12958
   Geo:   9256.96
   Std:  43482.75
   Log2 Dist:
       8:        0       25     2563    71402
      12:   213303    88989   1359097   234721
      16:    19948     8703     5952     2562
      20:      789      718      226        1

cmd_get: 2009071
cmd_set: 73728
get_misses: 0
written_bytes: 55994458
read_bytes: 332074659
object_bytes: 10616832

Run time: 361.6s Ops: 2082799 TPS: 5759 Net_rate: 1.0M/s
