servers : 10.0.0.6:11212
threads count: 192
concurrency: 192
run time: 360s
windows size: 1k
set proportion: set_prop=0.00
get proportion: get_prop=1.00
[1;1H[2J
Get Statistics
Type     Time(s)  Ops          TPS(ops/s)   Net(M/s)   Get_miss   Min(us)  Max(us)    Avg(us)    Std_dev    Geo_dist  
Period   10       66074        6607         0.9        0          1440     262039     29181      24755.61   22929.50
Global   10       66074        6607         0.9        0          1440     262039     29181      24755.61   22929.50

Total Statistics
Type     Time(s)  Ops          TPS(ops/s)   Net(M/s)   Get_miss   Min(us)  Max(us)    Avg(us)    Std_dev    Geo_dist  
Period   10       66074        6607         0.9        0          1440     262039     29181      24755.61   22929.50
Global   10       66074        6607         0.9        0          1440     262039     29181      24755.61   22929.50

[1;1H[2J
Get Statistics
Type     Time(s)  Ops          TPS(ops/s)   Net(M/s)   Get_miss   Min(us)  Max(us)    Avg(us)    Std_dev    Geo_dist  
Period   10       48485        4848         0.8        0          1355     1094868    39982      78070.33   25435.39
Global   20       114559       5727         0.7        0          1355     1094868    33752      54419.86   23958.45

Total Statistics
Type     Time(s)  Ops          TPS(ops/s)   Net(M/s)   Get_miss   Min(us)  Max(us)    Avg(us)    Std_dev    Geo_dist  
Period   10       48485        4848         0.8        0          1355     1094868    39982      78070.33   25435.39
Global   20       114559       5727         0.7        0          1355     1094868    33752      54419.86   23958.45

[1;1H[2J
Get Statistics
Type     Time(s)  Ops          TPS(ops/s)   Net(M/s)   Get_miss   Min(us)  Max(us)    Avg(us)    Std_dev    Geo_dist  
Period   10       55011        5501         0.8        0          1088     848159     34782      54179.43   23413.13
Global   30       169570       5652         0.8        0          1088     1094868    34086      54344.05   23780.16

Total Statistics
Type     Time(s)  Ops          TPS(ops/s)   Net(M/s)   Get_miss   Min(us)  Max(us)    Avg(us)    Std_dev    Geo_dist  
Period   10       55011        5501         0.8        0          1088     848159     34782      54179.41   23409.19
Global   30       169570       5652         0.8        0          1088     1094868    34086      54344.05   23780.16

[1;1H[2J
Get Statistics
Type     Time(s)  Ops          TPS(ops/s)   Net(M/s)   Get_miss   Min(us)  Max(us)    Avg(us)    Std_dev    Geo_dist  
Period   10       37957        3795         0.7        0          1070     3255347    51549      145495.08  26056.36
Global   40       207527       5188         0.5        0          1070     3255347    37280      79563.91   24181.08

Total Statistics
Type     Time(s)  Ops          TPS(ops/s)   Net(M/s)   Get_miss   Min(us)  Max(us)    Avg(us)    Std_dev    Geo_dist  
Period   10       37957        3795         0.7        0          1070     3255347    51550      145494.89  26063.67
Global   40       207527       5188         0.5        0          1070     3255347    37280      79563.91   24181.08

[1;1H[2J
Get Statistics
Type     Time(s)  Ops          TPS(ops/s)   Net(M/s)   Get_miss   Min(us)  Max(us)    Avg(us)    Std_dev    Geo_dist  
Period   10       47721        4772         0.7        0          930      1087411    39876      64929.10   25696.83
Global   50       255248       5104         0.7        0          930      3255347    37766      77045.64   24457.51

Total Statistics
Type     Time(s)  Ops          TPS(ops/s)   Net(M/s)   Get_miss   Min(us)  Max(us)    Avg(us)    Std_dev    Geo_dist  
Period   10       47721        4772         0.7        0          930      1087411    39876      64929.10   25691.09
Global   50       255248       5104         0.7        0          930      3255347    37766      77045.64   24457.51

[1;1H[2J
Get Statistics
Type     Time(s)  Ops          TPS(ops/s)   Net(M/s)   Get_miss   Min(us)  Max(us)    Avg(us)    Std_dev    Geo_dist  
Period   10       38911        3891         0.7        0          936      3728172    50547      167707.00  25614.59
Global   60       294159       4902         0.5        0          930      3728172    39457      94286.17   24607.51

Total Statistics
Type     Time(s)  Ops          TPS(ops/s)   Net(M/s)   Get_miss   Min(us)  Max(us)    Avg(us)    Std_dev    Geo_dist  
Period   10       38911        3891         0.7        0          936      3728172    50547      167707.00  25614.59
Global   60       294159       4902         0.5        0          930      3728172    39457      94286.17   24607.51

[1;1H[2J
Get Statistics
Type     Time(s)  Ops          TPS(ops/s)   Net(M/s)   Get_miss   Min(us)  Max(us)    Avg(us)    Std_dev    Geo_dist  
Period   10       48696        4869         0.7        0          942      1165693    39755      87841.78   24536.02
Global   70       342855       4897         0.7        0          930      3728172    39499      93398.04   24597.35

Total Statistics
Type     Time(s)  Ops          TPS(ops/s)   Net(M/s)   Get_miss   Min(us)  Max(us)    Avg(us)    Std_dev    Geo_dist  
Period   10       48697        4869         0.7        0          942      1165693    39754      87841.19   24535.91
Global   70       342856       4897         0.7        0          930      3728172    39499      93397.88   24597.33

[1;1H[2J
Get Statistics
Type     Time(s)  Ops          TPS(ops/s)   Net(M/s)   Get_miss   Min(us)  Max(us)    Avg(us)    Std_dev    Geo_dist  
Period   10       49532        4953         0.7        0          1378     1545032    38953      102473.22  24245.41
Global   80       392387       4904         0.7        0          930      3728172    39430      94591.72   24553.26

Total Statistics
Type     Time(s)  Ops          TPS(ops/s)   Net(M/s)   Get_miss   Min(us)  Max(us)    Avg(us)    Std_dev    Geo_dist  
Period   10       49531        4953         0.7        0          1378     1545032    38953      102474.40  24250.36
Global   80       392387       4904         0.7        0          930      3728172    39430      94591.72   24553.26

[1;1H[2J
Get Statistics
Type     Time(s)  Ops          TPS(ops/s)   Net(M/s)   Get_miss   Min(us)  Max(us)    Avg(us)    Std_dev    Geo_dist  
Period   10       57279        5727         0.7        0          1023     381708     33623      37971.11   23533.71
Global   90       449666       4996         0.8        0          930      3728172    38690      89416.24   24420.97

Total Statistics
Type     Time(s)  Ops          TPS(ops/s)   Net(M/s)   Get_miss   Min(us)  Max(us)    Avg(us)    Std_dev    Geo_dist  
Period   10       57279        5727         0.7        0          1023     381708     33623      37971.11   23533.71
Global   90       449666       4996         0.8        0          930      3728172    38690      89416.24   24420.97

[1;1H[2J
Get Statistics
Type     Time(s)  Ops          TPS(ops/s)   Net(M/s)   Get_miss   Min(us)  Max(us)    Avg(us)    Std_dev    Geo_dist  
Period   10       48565        4856         0.7        0          1007     1732075    39742      105816.79  23991.81
Global   100      498231       4982         0.7        0          930      3728172    38793      91145.00   24378.80

Total Statistics
Type     Time(s)  Ops          TPS(ops/s)   Net(M/s)   Get_miss   Min(us)  Max(us)    Avg(us)    Std_dev    Geo_dist  
Period   10       48565        4856         0.7        0          1007     1732075    39742      105816.79  23991.81
Global   100      498231       4982         0.7        0          930      3728172    38793      91145.00   24378.80

[1;1H[2J
Get Statistics
Type     Time(s)  Ops          TPS(ops/s)   Net(M/s)   Get_miss   Min(us)  Max(us)    Avg(us)    Std_dev    Geo_dist  
Period   10       57900        5790         0.7        0          1468     657195     32911      46170.81   22556.23
Global   110      556131       5055         0.8        0          930      3728172    38180      87565.51   24182.38

Total Statistics
Type     Time(s)  Ops          TPS(ops/s)   Net(M/s)   Get_miss   Min(us)  Max(us)    Avg(us)    Std_dev    Geo_dist  
Period   10       57900        5790         0.7        0          1468     657195     32911      46170.81   22556.23
Global   110      556131       5055         0.8        0          930      3728172    38180      87565.51   24182.38

[1;1H[2J
Get Statistics
Type     Time(s)  Ops          TPS(ops/s)   Net(M/s)   Get_miss   Min(us)  Max(us)    Avg(us)    Std_dev    Geo_dist  
Period   10       51982        5198         0.7        0          1489     539475     37626      53835.53   26180.48
Global   120      608113       5067         0.7        0          930      3728172    38133      85205.71   24347.05

Total Statistics
Type     Time(s)  Ops          TPS(ops/s)   Net(M/s)   Get_miss   Min(us)  Max(us)    Avg(us)    Std_dev    Geo_dist  
Period   10       51982        5198         0.7        0          1489     539475     37626      53835.53   26180.48
Global   120      608113       5067         0.7        0          930      3728172    38133      85205.71   24347.05

[1;1H[2J
Get Statistics
Type     Time(s)  Ops          TPS(ops/s)   Net(M/s)   Get_miss   Min(us)  Max(us)    Avg(us)    Std_dev    Geo_dist  
Period   10       53439        5343         0.7        0          1287     1769173    36052      65849.54   24183.46
Global   130      661552       5088         0.7        0          930      3728172    37965      83810.12   24333.79

Total Statistics
Type     Time(s)  Ops          TPS(ops/s)   Net(M/s)   Get_miss   Min(us)  Max(us)    Avg(us)    Std_dev    Geo_dist  
Period   10       53439        5343         0.7        0          1287     1769173    36052      65849.54   24183.46
Global   130      661552       5088         0.7        0          930      3728172    37965      83810.12   24333.79

[1;1H[2J
Get Statistics
Type     Time(s)  Ops          TPS(ops/s)   Net(M/s)   Get_miss   Min(us)  Max(us)    Avg(us)    Std_dev    Geo_dist  
Period   10       55092        5509         0.7        0          1281     1282225    35025      73164.99   25090.10
Global   140      716644       5118         0.8        0          930      3728172    37739      83043.85   24391.11

Total Statistics
Type     Time(s)  Ops          TPS(ops/s)   Net(M/s)   Get_miss   Min(us)  Max(us)    Avg(us)    Std_dev    Geo_dist  
Period   10       55092        5509         0.7        0          1281     1282225    35025      73164.99   25090.10
Global   140      716644       5118         0.8        0          930      3728172    37739      83043.85   24391.11

[1;1H[2J
Get Statistics
Type     Time(s)  Ops          TPS(ops/s)   Net(M/s)   Get_miss   Min(us)  Max(us)    Avg(us)    Std_dev    Geo_dist  
Period   10       45320        4532         0.7        0          707      3946951    42482      146270.28  23927.79
Global   150      761964       5079         0.6        0          707      3946951    38021      88090.14   24363.31

Total Statistics
Type     Time(s)  Ops          TPS(ops/s)   Net(M/s)   Get_miss   Min(us)  Max(us)    Avg(us)    Std_dev    Geo_dist  
Period   10       45320        4532         0.7        0          707      3946951    42482      146270.28  23927.79
Global   150      761964       5079         0.6        0          707      3946951    38021      88090.14   24363.31

[1;1H[2J
Get Statistics
Type     Time(s)  Ops          TPS(ops/s)   Net(M/s)   Get_miss   Min(us)  Max(us)    Avg(us)    Std_dev    Geo_dist  
Period   10       56704        5670         0.7        0          917      1276652    34003      58951.99   24000.80
Global   160      818668       5116         0.8        0          707      3946951    37743      86395.16   24338.02

Total Statistics
Type     Time(s)  Ops          TPS(ops/s)   Net(M/s)   Get_miss   Min(us)  Max(us)    Avg(us)    Std_dev    Geo_dist  
Period   10       56704        5670         0.7        0          917      1276652    34003      58951.99   24000.80
Global   160      818668       5116         0.8        0          707      3946951    37743      86395.16   24338.02

[1;1H[2J
Get Statistics
Type     Time(s)  Ops          TPS(ops/s)   Net(M/s)   Get_miss   Min(us)  Max(us)    Avg(us)    Std_dev    Geo_dist  
Period   10       56104        5610         0.7        0          1362     570996     34366      41788.01   24491.14
Global   170      874772       5145         0.8        0          707      3946951    37526      84250.32   24347.81

Total Statistics
Type     Time(s)  Ops          TPS(ops/s)   Net(M/s)   Get_miss   Min(us)  Max(us)    Avg(us)    Std_dev    Geo_dist  
Period   10       56104        5610         0.7        0          1362     570996     34366      41788.01   24491.14
Global   170      874772       5145         0.8        0          707      3946951    37526      84250.32   24347.81

[1;1H[2J
Get Statistics
Type     Time(s)  Ops          TPS(ops/s)   Net(M/s)   Get_miss   Min(us)  Max(us)    Avg(us)    Std_dev    Geo_dist  
Period   10       63514        6351         0.7        0          1087     281703     29863      23826.69   22941.66
Global   180      938286       5212         0.9        0          707      3946951    37008      81607.08   24249.97

Total Statistics
Type     Time(s)  Ops          TPS(ops/s)   Net(M/s)   Get_miss   Min(us)  Max(us)    Avg(us)    Std_dev    Geo_dist  
Period   10       63514        6351         0.7        0          1087     281703     29863      23826.69   22941.66
Global   180      938286       5212         0.9        0          707      3946951    37008      81607.08   24249.97

[1;1H[2J
Get Statistics
Type     Time(s)  Ops          TPS(ops/s)   Net(M/s)   Get_miss   Min(us)  Max(us)    Avg(us)    Std_dev    Geo_dist  
Period   10       47953        4795         0.7        0          1575     836508     40862      66173.97   27941.54
Global   190      986239       5190         0.7        0          707      3946951    37195      80929.19   24417.62

Total Statistics
Type     Time(s)  Ops          TPS(ops/s)   Net(M/s)   Get_miss   Min(us)  Max(us)    Avg(us)    Std_dev    Geo_dist  
Period   10       47953        4795         0.7        0          1575     836508     40862      66173.97   27941.54
Global   190      986239       5190         0.7        0          707      3946951    37195      80929.19   24417.62

[1;1H[2J
Get Statistics
Type     Time(s)  Ops          TPS(ops/s)   Net(M/s)   Get_miss   Min(us)  Max(us)    Avg(us)    Std_dev    Geo_dist  
Period   10       53725        5372         0.7        0          1440     512734     35709      48631.37   24050.32
Global   200      1039964      5199         0.7        0          707      3946951    37118      79583.18   24398.51

Total Statistics
Type     Time(s)  Ops          TPS(ops/s)   Net(M/s)   Get_miss   Min(us)  Max(us)    Avg(us)    Std_dev    Geo_dist  
Period   10       53725        5372         0.7        0          1440     512734     35709      48631.37   24050.32
Global   200      1039964      5199         0.7        0          707      3946951    37118      79583.18   24398.51

[1;1H[2J
Get Statistics
Type     Time(s)  Ops          TPS(ops/s)   Net(M/s)   Get_miss   Min(us)  Max(us)    Avg(us)    Std_dev    Geo_dist  
Period   10       60134        6013         0.7        0          1177     331099     32193      31329.08   24450.90
Global   210      1100098      5238         0.8        0          707      3946951    36849      77731.38   24401.37

Total Statistics
Type     Time(s)  Ops          TPS(ops/s)   Net(M/s)   Get_miss   Min(us)  Max(us)    Avg(us)    Std_dev    Geo_dist  
Period   10       60134        6013         0.7        0          1177     331099     32193      31329.08   24450.90
Global   210      1100098      5238         0.8        0          707      3946951    36849      77731.38   24401.37

[1;1H[2J
Get Statistics
Type     Time(s)  Ops          TPS(ops/s)   Net(M/s)   Get_miss   Min(us)  Max(us)    Avg(us)    Std_dev    Geo_dist  
Period   10       43403        4340         0.7        0          1215     2011105    43416      133087.14  25565.73
Global   220      1143501      5197         0.6        0          707      3946951    37098      80540.03   24444.58

Total Statistics
Type     Time(s)  Ops          TPS(ops/s)   Net(M/s)   Get_miss   Min(us)  Max(us)    Avg(us)    Std_dev    Geo_dist  
Period   10       43403        4340         0.7        0          1215     2011105    43416      133087.14  25565.73
Global   220      1143501      5197         0.6        0          707      3946951    37098      80540.03   24444.58

[1;1H[2J
Get Statistics
Type     Time(s)  Ops          TPS(ops/s)   Net(M/s)   Get_miss   Min(us)  Max(us)    Avg(us)    Std_dev    Geo_dist  
Period   10       45107        4510         0.7        0          1147     2925866    43652      115070.34  25253.77
Global   230      1188608      5167         0.6        0          707      3946951    37347      82125.28   24474.81

Total Statistics
Type     Time(s)  Ops          TPS(ops/s)   Net(M/s)   Get_miss   Min(us)  Max(us)    Avg(us)    Std_dev    Geo_dist  
Period   10       45107        4510         0.7        0          1147     2925866    43652      115070.34  25253.77
Global   230      1188608      5167         0.6        0          707      3946951    37347      82125.28   24474.81

[1;1H[2J
Get Statistics
Type     Time(s)  Ops          TPS(ops/s)   Net(M/s)   Get_miss   Min(us)  Max(us)    Avg(us)    Std_dev    Geo_dist  
Period   10       46701        4670         0.7        0          1443     1296319    41224      99742.53   26040.18
Global   240      1235309      5147         0.6        0          707      3946951    37494      82862.51   24532.24

Total Statistics
Type     Time(s)  Ops          TPS(ops/s)   Net(M/s)   Get_miss   Min(us)  Max(us)    Avg(us)    Std_dev    Geo_dist  
Period   10       46701        4670         0.7        0          1443     1296319    41224      99742.53   26040.18
Global   240      1235309      5147         0.6        0          707      3946951    37494      82862.51   24532.24

[1;1H[2J
Get Statistics
Type     Time(s)  Ops          TPS(ops/s)   Net(M/s)   Get_miss   Min(us)  Max(us)    Avg(us)    Std_dev    Geo_dist  
Period   10       51746        5174         0.7        0          2002     1930504    37335      80387.54   25411.17
Global   250      1287055      5148         0.7        0          707      3946951    37487      82764.69   24566.98

Total Statistics
Type     Time(s)  Ops          TPS(ops/s)   Net(M/s)   Get_miss   Min(us)  Max(us)    Avg(us)    Std_dev    Geo_dist  
Period   10       51746        5174         0.7        0          2002     1930504    37335      80387.54   25411.17
Global   250      1287055      5148         0.7        0          707      3946951    37487      82764.69   24566.98

[1;1H[2J
Get Statistics
Type     Time(s)  Ops          TPS(ops/s)   Net(M/s)   Get_miss   Min(us)  Max(us)    Avg(us)    Std_dev    Geo_dist  
Period   10       56553        5655         0.7        0          1006     1563270    34084      65392.17   24649.98
Global   260      1343608      5167         0.8        0          707      3946951    37344      82110.32   24570.47

Total Statistics
Type     Time(s)  Ops          TPS(ops/s)   Net(M/s)   Get_miss   Min(us)  Max(us)    Avg(us)    Std_dev    Geo_dist  
Period   10       56553        5655         0.7        0          1006     1563270    34084      65392.17   24649.98
Global   260      1343608      5167         0.8        0          707      3946951    37344      82110.32   24570.47

[1;1H[2J
Get Statistics
Type     Time(s)  Ops          TPS(ops/s)   Net(M/s)   Get_miss   Min(us)  Max(us)    Avg(us)    Std_dev    Geo_dist  
Period   10       55383        5538         0.7        0          954      1406992    34604      80605.34   24286.26
Global   270      1398991      5181         0.8        0          707      3946951    37235      82053.22   24559.16

Total Statistics
Type     Time(s)  Ops          TPS(ops/s)   Net(M/s)   Get_miss   Min(us)  Max(us)    Avg(us)    Std_dev    Geo_dist  
Period   10       55383        5538         0.7        0          954      1406992    34604      80605.34   24286.26
Global   270      1398991      5181         0.8        0          707      3946951    37235      82053.22   24559.16

[1;1H[2J
Get Statistics
Type     Time(s)  Ops          TPS(ops/s)   Net(M/s)   Get_miss   Min(us)  Max(us)    Avg(us)    Std_dev    Geo_dist  
Period   10       59511        5951         0.7        0          942      1150284    32560      52125.19   22091.61
Global   280      1458502      5208         0.8        0          707      3946951    37045      81053.54   24453.28

Total Statistics
Type     Time(s)  Ops          TPS(ops/s)   Net(M/s)   Get_miss   Min(us)  Max(us)    Avg(us)    Std_dev    Geo_dist  
Period   10       59513        5951         0.7        0          942      1150284    32559      52124.68   22091.28
Global   280      1458504      5208         0.8        0          707      3946951    37045      81053.48   24453.26

[1;1H[2J
Get Statistics
Type     Time(s)  Ops          TPS(ops/s)   Net(M/s)   Get_miss   Min(us)  Max(us)    Avg(us)    Std_dev    Geo_dist  
Period   10       50861        5086         0.7        0          1517     1042475    37911      74808.83   25399.67
Global   290      1509363      5204         0.7        0          707      3946951    37074      80851.18   24484.90

Total Statistics
Type     Time(s)  Ops          TPS(ops/s)   Net(M/s)   Get_miss   Min(us)  Max(us)    Avg(us)    Std_dev    Geo_dist  
Period   10       50859        5085         0.7        0          1517     1042475    37913      74809.67   25409.80
Global   290      1509363      5204         0.7        0          707      3946951    37074      80851.18   24484.90

[1;1H[2J
Get Statistics
Type     Time(s)  Ops          TPS(ops/s)   Net(M/s)   Get_miss   Min(us)  Max(us)    Avg(us)    Std_dev    Geo_dist  
Period   10       51725        5172         0.7        0          1351     1880386    37228      113265.78  24900.94
Global   300      1561088      5203         0.7        0          707      3946951    37079      82130.38   24498.57

Total Statistics
Type     Time(s)  Ops          TPS(ops/s)   Net(M/s)   Get_miss   Min(us)  Max(us)    Avg(us)    Std_dev    Geo_dist  
Period   10       51725        5172         0.7        0          1351     1880386    37228      113265.78  24900.94
Global   300      1561088      5203         0.7        0          707      3946951    37079      82130.38   24498.57

[1;1H[2J
Get Statistics
Type     Time(s)  Ops          TPS(ops/s)   Net(M/s)   Get_miss   Min(us)  Max(us)    Avg(us)    Std_dev    Geo_dist  
Period   10       43446        4344         0.7        0          1281     1319120    44395      103027.32  26624.05
Global   310      1604534      5175         0.6        0          707      3946951    37277      82774.26   24553.82

Total Statistics
Type     Time(s)  Ops          TPS(ops/s)   Net(M/s)   Get_miss   Min(us)  Max(us)    Avg(us)    Std_dev    Geo_dist  
Period   10       43446        4344         0.7        0          1281     1319120    44395      103027.32  26624.05
Global   310      1604534      5175         0.6        0          707      3946951    37277      82774.26   24553.82

[1;1H[2J
Get Statistics
Type     Time(s)  Ops          TPS(ops/s)   Net(M/s)   Get_miss   Min(us)  Max(us)    Avg(us)    Std_dev    Geo_dist  
Period   10       54704        5470         0.7        0          1490     769504     35199      46348.60   24704.82
Global   320      1659238      5185         0.8        0          707      3946951    37209      81832.81   24558.79

Total Statistics
Type     Time(s)  Ops          TPS(ops/s)   Net(M/s)   Get_miss   Min(us)  Max(us)    Avg(us)    Std_dev    Geo_dist  
Period   10       54704        5470         0.7        0          1490     769504     35199      46348.60   24704.82
Global   320      1659238      5185         0.8        0          707      3946951    37209      81832.81   24558.79

[1;1H[2J
Get Statistics
Type     Time(s)  Ops          TPS(ops/s)   Net(M/s)   Get_miss   Min(us)  Max(us)    Avg(us)    Std_dev    Geo_dist  
Period   10       57828        5782         0.7        0          1003     1117273    33312      52103.15   23598.82
Global   330      1717066      5203         0.8        0          707      3946951    37077      81012.68   24525.83

Total Statistics
Type     Time(s)  Ops          TPS(ops/s)   Net(M/s)   Get_miss   Min(us)  Max(us)    Avg(us)    Std_dev    Geo_dist  
Period   10       57828        5782         0.7        0          1003     1117273    33312      52103.15   23598.82
Global   330      1717066      5203         0.8        0          707      3946951    37077      81012.68   24525.83

[1;1H[2J
Get Statistics
Type     Time(s)  Ops          TPS(ops/s)   Net(M/s)   Get_miss   Min(us)  Max(us)    Avg(us)    Std_dev    Geo_dist  
Period   10       51684        5168         0.7        0          1259     1465734    37296      50750.39   26293.87
Global   340      1768750      5202         0.7        0          707      3946951    37084      80290.06   24575.77

Total Statistics
Type     Time(s)  Ops          TPS(ops/s)   Net(M/s)   Get_miss   Min(us)  Max(us)    Avg(us)    Std_dev    Geo_dist  
Period   10       51684        5168         0.7        0          1259     1465734    37296      50750.39   26293.87
Global   340      1768750      5202         0.7        0          707      3946951    37084      80290.06   24575.77

[1;1H[2J
Get Statistics
Type     Time(s)  Ops          TPS(ops/s)   Net(M/s)   Get_miss   Min(us)  Max(us)    Avg(us)    Std_dev    Geo_dist  
Period   10       59780        5978         0.7        0          1036     828746     32306      49641.39   22891.67
Global   350      1828530      5224         0.8        0          707      3946951    36928      79479.61   24518.80

Total Statistics
Type     Time(s)  Ops          TPS(ops/s)   Net(M/s)   Get_miss   Min(us)  Max(us)    Avg(us)    Std_dev    Geo_dist  
Period   10       59780        5978         0.7        0          1036     828746     32306      49641.39   22891.67
Global   350      1828530      5224         0.8        0          707      3946951    36928      79479.61   24518.80

[1;1H[2J
Get Statistics
Type     Time(s)  Ops          TPS(ops/s)   Net(M/s)   Get_miss   Min(us)  Max(us)    Avg(us)    Std_dev    Geo_dist  
Period   10       47996        4799         0.7        0          659      1085030    40180      70789.82   23744.24
Global   360      1876526      5212         0.7        0          659      3946951    37011      79270.95   24498.68

Total Statistics
Type     Time(s)  Ops          TPS(ops/s)   Net(M/s)   Get_miss   Min(us)  Max(us)    Avg(us)    Std_dev    Geo_dist  
Period   10       47996        4799         0.7        0          659      1085030    40180      70789.82   23744.24
Global   360      1876526      5212         0.7        0          659      3946951    37011      79270.95   24498.68

Get Statistics (1876718 events)
   Min:       659
   Max:   3946951
   Avg:     37010
   Geo:  24498.82
   Std:  79266.98
   Log2 Dist:
       8:        0        0       46     2516
      12:    14625     8061   543021   749610
      16:   363575   155247    22847     9112
      20:     5077     2780      201

Total Statistics (1876718 events)
   Min:       659
   Max:   3946951
   Avg:     37010
   Geo:  24498.82
   Std:  79266.98
   Log2 Dist:
       8:        0        0       46     2516
      12:    14625     8061   543021   749610
      16:   363575   155247    22847     9112
      20:     5077     2780      201

cmd_get: 1876910
cmd_set: 196608
get_misses: 0
written_bytes: 72745076
read_bytes: 311231334
object_bytes: 28311552

Run time: 361.8s Ops: 2073518 TPS: 5732 Net_rate: 1.0M/s
