servers : 10.0.0.6:11212
threads count: 144
concurrency: 144
run time: 360s
windows size: 1k
set proportion: set_prop=0.00
get proportion: get_prop=1.00
[1;1H[2J
Get Statistics
Type     Time(s)  Ops          TPS(ops/s)   Net(M/s)   Get_miss   Min(us)  Max(us)    Avg(us)    Std_dev    Geo_dist  
Period   10       70308        7030         1.0        0          907      1102931    20206      31184.25   16713.40
Global   10       70308        7030         1.0        0          907      1102931    20206      31184.25   16713.40

Total Statistics
Type     Time(s)  Ops          TPS(ops/s)   Net(M/s)   Get_miss   Min(us)  Max(us)    Avg(us)    Std_dev    Geo_dist  
Period   10       70308        7030         1.0        0          907      1102931    20206      31184.25   16713.40
Global   10       70308        7030         1.0        0          907      1102931    20206      31184.25   16713.40

[1;1H[2J
Get Statistics
Type     Time(s)  Ops          TPS(ops/s)   Net(M/s)   Get_miss   Min(us)  Max(us)    Avg(us)    Std_dev    Geo_dist  
Period   10       62208        6220         0.9        0          1075     1152362    23802      42750.28   17554.07
Global   20       132516       6625         0.9        0          907      1152362    21894      37109.32   17102.91

Total Statistics
Type     Time(s)  Ops          TPS(ops/s)   Net(M/s)   Get_miss   Min(us)  Max(us)    Avg(us)    Std_dev    Geo_dist  
Period   10       62208        6220         0.9        0          1075     1152362    23802      42750.28   17554.07
Global   20       132516       6625         0.9        0          907      1152362    21894      37109.32   17102.91

[1;1H[2J
Get Statistics
Type     Time(s)  Ops          TPS(ops/s)   Net(M/s)   Get_miss   Min(us)  Max(us)    Avg(us)    Std_dev    Geo_dist  
Period   10       73251        7325         0.9        0          1155     283391     19801      17159.81   16874.20
Global   30       205767       6858         1.0        0          907      1152362    21149      31506.97   17021.14

Total Statistics
Type     Time(s)  Ops          TPS(ops/s)   Net(M/s)   Get_miss   Min(us)  Max(us)    Avg(us)    Std_dev    Geo_dist  
Period   10       73251        7325         0.9        0          1155     283391     19801      17159.81   16874.20
Global   30       205767       6858         1.0        0          907      1152362    21149      31506.97   17021.14

[1;1H[2J
Get Statistics
Type     Time(s)  Ops          TPS(ops/s)   Net(M/s)   Get_miss   Min(us)  Max(us)    Avg(us)    Std_dev    Geo_dist  
Period   10       71078        7107         1.0        0          625      619178     20424      29141.15   16750.43
Global   40       276845       6921         1.0        0          625      1152362    20963      30918.32   16951.22

Total Statistics
Type     Time(s)  Ops          TPS(ops/s)   Net(M/s)   Get_miss   Min(us)  Max(us)    Avg(us)    Std_dev    Geo_dist  
Period   10       71078        7107         1.0        0          625      619178     20424      29141.15   16750.43
Global   40       276845       6921         1.0        0          625      1152362    20963      30918.32   16951.22

[1;1H[2J
Get Statistics
Type     Time(s)  Ops          TPS(ops/s)   Net(M/s)   Get_miss   Min(us)  Max(us)    Avg(us)    Std_dev    Geo_dist  
Period   10       44462        4446         0.9        0          1315     5580346    32639      201014.64  16461.76
Global   50       321307       6426         0.6        0          625      5580346    22579      80195.01   16882.63

Total Statistics
Type     Time(s)  Ops          TPS(ops/s)   Net(M/s)   Get_miss   Min(us)  Max(us)    Avg(us)    Std_dev    Geo_dist  
Period   10       44465        4446         0.9        0          1315     5580346    32637      201008.02  16461.24
Global   50       321310       6426         0.6        0          625      5580346    22579      80194.61   16882.55

[1;1H[2J
Get Statistics
Type     Time(s)  Ops          TPS(ops/s)   Net(M/s)   Get_miss   Min(us)  Max(us)    Avg(us)    Std_dev    Geo_dist  
Period   10       59266        5926         0.9        0          632      1534150    21839      43980.94   16695.84
Global   60       380573       6342         0.8        0          625      5580346    22464      75703.35   16854.63

Total Statistics
Type     Time(s)  Ops          TPS(ops/s)   Net(M/s)   Get_miss   Min(us)  Max(us)    Avg(us)    Std_dev    Geo_dist  
Period   10       59263        5926         0.9        0          632      1534150    21840      43981.83   16704.06
Global   60       380573       6342         0.8        0          625      5580346    22464      75703.35   16854.63

[1;1H[2J
Get Statistics
Type     Time(s)  Ops          TPS(ops/s)   Net(M/s)   Get_miss   Min(us)  Max(us)    Avg(us)    Std_dev    Geo_dist  
Period   10       67020        6702         0.9        0          774      1336688    23950      67657.28   16996.58
Global   70       447593       6394         0.9        0          625      5580346    22686      74555.84   16875.81

Total Statistics
Type     Time(s)  Ops          TPS(ops/s)   Net(M/s)   Get_miss   Min(us)  Max(us)    Avg(us)    Std_dev    Geo_dist  
Period   10       67020        6702         0.9        0          774      1336688    23950      67657.28   16996.58
Global   70       447593       6394         0.9        0          625      5580346    22686      74555.84   16875.81

[1;1H[2J
Get Statistics
Type     Time(s)  Ops          TPS(ops/s)   Net(M/s)   Get_miss   Min(us)  Max(us)    Avg(us)    Std_dev    Geo_dist  
Period   10       59572        5957         0.9        0          1087     1225969    24265      44803.80   17799.30
Global   80       507165       6339         0.8        0          625      5580346    22872      71705.49   16981.75

Total Statistics
Type     Time(s)  Ops          TPS(ops/s)   Net(M/s)   Get_miss   Min(us)  Max(us)    Avg(us)    Std_dev    Geo_dist  
Period   10       59572        5957         0.9        0          1087     1225969    24265      44803.80   17799.30
Global   80       507165       6339         0.8        0          625      5580346    22872      71705.49   16981.75

[1;1H[2J
Get Statistics
Type     Time(s)  Ops          TPS(ops/s)   Net(M/s)   Get_miss   Min(us)  Max(us)    Avg(us)    Std_dev    Geo_dist  
Period   10       61358        6135         0.9        0          855      1880988    23568      69522.18   16900.74
Global   90       568523       6316         0.8        0          625      5580346    22947      71473.37   16972.99

Total Statistics
Type     Time(s)  Ops          TPS(ops/s)   Net(M/s)   Get_miss   Min(us)  Max(us)    Avg(us)    Std_dev    Geo_dist  
Period   10       61358        6135         0.9        0          855      1880988    23568      69522.18   16900.74
Global   90       568523       6316         0.8        0          625      5580346    22947      71473.37   16972.99

[1;1H[2J
Get Statistics
Type     Time(s)  Ops          TPS(ops/s)   Net(M/s)   Get_miss   Min(us)  Max(us)    Avg(us)    Std_dev    Geo_dist  
Period   10       60296        6029         0.9        0          512      1153046    23686      46092.59   17382.88
Global   100      628819       6288         0.8        0          512      5580346    23018      69443.21   17011.87

Total Statistics
Type     Time(s)  Ops          TPS(ops/s)   Net(M/s)   Get_miss   Min(us)  Max(us)    Avg(us)    Std_dev    Geo_dist  
Period   10       60296        6029         0.9        0          512      1153046    23686      46092.59   17382.88
Global   100      628819       6288         0.8        0          512      5580346    23018      69443.21   17011.87

[1;1H[2J
Get Statistics
Type     Time(s)  Ops          TPS(ops/s)   Net(M/s)   Get_miss   Min(us)  Max(us)    Avg(us)    Std_dev    Geo_dist  
Period   10       55491        5549         0.9        0          1061     1349561    26353      61006.06   17888.11
Global   110      684310       6221         0.8        0          512      5580346    23288      68803.73   17081.30

Total Statistics
Type     Time(s)  Ops          TPS(ops/s)   Net(M/s)   Get_miss   Min(us)  Max(us)    Avg(us)    Std_dev    Geo_dist  
Period   10       55492        5549         0.9        0          1061     1349561    26352      61005.86   17887.92
Global   110      684311       6221         0.8        0          512      5580346    23288      68803.67   17081.28

[1;1H[2J
Get Statistics
Type     Time(s)  Ops          TPS(ops/s)   Net(M/s)   Get_miss   Min(us)  Max(us)    Avg(us)    Std_dev    Geo_dist  
Period   10       57004        5700         0.8        0          968      3297558    25370      89347.88   17418.37
Global   120      741314       6177         0.8        0          512      5580346    23448      70598.13   17107.20

Total Statistics
Type     Time(s)  Ops          TPS(ops/s)   Net(M/s)   Get_miss   Min(us)  Max(us)    Avg(us)    Std_dev    Geo_dist  
Period   10       57003        5700         0.8        0          968      3297558    25370      89348.73   17421.36
Global   120      741314       6177         0.8        0          512      5580346    23448      70598.13   17107.20

[1;1H[2J
Get Statistics
Type     Time(s)  Ops          TPS(ops/s)   Net(M/s)   Get_miss   Min(us)  Max(us)    Avg(us)    Std_dev    Geo_dist  
Period   10       66496        6649         0.9        0          845      390679     21734      28962.38   17211.18
Global   130      807810       6213         0.9        0          512      5580346    23307      68140.21   17115.73

Total Statistics
Type     Time(s)  Ops          TPS(ops/s)   Net(M/s)   Get_miss   Min(us)  Max(us)    Avg(us)    Std_dev    Geo_dist  
Period   10       66496        6649         0.9        0          845      390679     21734      28962.38   17211.18
Global   130      807810       6213         0.9        0          512      5580346    23307      68140.21   17115.73

[1;1H[2J
Get Statistics
Type     Time(s)  Ops          TPS(ops/s)   Net(M/s)   Get_miss   Min(us)  Max(us)    Avg(us)    Std_dev    Geo_dist  
Period   10       54884        5488         0.8        0          795      1205730    25928      58867.80   17429.12
Global   140      862694       6162         0.8        0          512      5580346    23474      67591.12   17135.50

Total Statistics
Type     Time(s)  Ops          TPS(ops/s)   Net(M/s)   Get_miss   Min(us)  Max(us)    Avg(us)    Std_dev    Geo_dist  
Period   10       54884        5488         0.8        0          795      1205730    25928      58867.80   17429.12
Global   140      862694       6162         0.8        0          512      5580346    23474      67591.12   17135.50

[1;1H[2J
Get Statistics
Type     Time(s)  Ops          TPS(ops/s)   Net(M/s)   Get_miss   Min(us)  Max(us)    Avg(us)    Std_dev    Geo_dist  
Period   10       62671        6267         0.8        0          1000     3000151    23428      83721.61   16495.32
Global   150      925365       6169         0.9        0          512      5580346    23471      68802.96   17091.37

Total Statistics
Type     Time(s)  Ops          TPS(ops/s)   Net(M/s)   Get_miss   Min(us)  Max(us)    Avg(us)    Std_dev    Geo_dist  
Period   10       62671        6267         0.8        0          1000     3000151    23428      83721.61   16495.32
Global   150      925365       6169         0.9        0          512      5580346    23471      68802.96   17091.37

[1;1H[2J
Get Statistics
Type     Time(s)  Ops          TPS(ops/s)   Net(M/s)   Get_miss   Min(us)  Max(us)    Avg(us)    Std_dev    Geo_dist  
Period   10       61492        6149         0.8        0          695      1650651    23512      61745.02   16491.29
Global   160      986857       6167         0.8        0          512      5580346    23473      68384.62   17053.35

Total Statistics
Type     Time(s)  Ops          TPS(ops/s)   Net(M/s)   Get_miss   Min(us)  Max(us)    Avg(us)    Std_dev    Geo_dist  
Period   10       61492        6149         0.8        0          695      1650651    23512      61745.02   16491.29
Global   160      986857       6167         0.8        0          512      5580346    23473      68384.62   17053.35

[1;1H[2J
Get Statistics
Type     Time(s)  Ops          TPS(ops/s)   Net(M/s)   Get_miss   Min(us)  Max(us)    Avg(us)    Std_dev    Geo_dist  
Period   10       67851        6785         0.9        0          739      422139     21275      23032.98   17418.22
Global   170      1054708      6204         0.9        0          512      5580346    23332      66407.93   17076.59

Total Statistics
Type     Time(s)  Ops          TPS(ops/s)   Net(M/s)   Get_miss   Min(us)  Max(us)    Avg(us)    Std_dev    Geo_dist  
Period   10       67851        6785         0.9        0          739      422139     21275      23032.98   17418.22
Global   170      1054708      6204         0.9        0          512      5580346    23332      66407.93   17076.59

[1;1H[2J
Get Statistics
Type     Time(s)  Ops          TPS(ops/s)   Net(M/s)   Get_miss   Min(us)  Max(us)    Avg(us)    Std_dev    Geo_dist  
Period   10       61477        6147         0.9        0          857      526738     20538      24975.61   16892.94
Global   180      1116185      6201         0.8        0          512      5580346    23178      64821.96   17066.42

Total Statistics
Type     Time(s)  Ops          TPS(ops/s)   Net(M/s)   Get_miss   Min(us)  Max(us)    Avg(us)    Std_dev    Geo_dist  
Period   10       61477        6147         0.9        0          857      526738     20538      24975.61   16892.94
Global   180      1116185      6201         0.8        0          512      5580346    23178      64821.96   17066.42

[1;1H[2J
Get Statistics
Type     Time(s)  Ops          TPS(ops/s)   Net(M/s)   Get_miss   Min(us)  Max(us)    Avg(us)    Std_dev    Geo_dist  
Period   10       59949        5994         0.9        0          792      3621048    27188      94315.92   17365.50
Global   190      1176134      6190         0.8        0          512      5580346    23382      66647.69   17081.54

Total Statistics
Type     Time(s)  Ops          TPS(ops/s)   Net(M/s)   Get_miss   Min(us)  Max(us)    Avg(us)    Std_dev    Geo_dist  
Period   10       59949        5994         0.9        0          792      3621048    27188      94315.92   17365.50
Global   190      1176134      6190         0.8        0          512      5580346    23382      66647.69   17081.54

[1;1H[2J
Get Statistics
Type     Time(s)  Ops          TPS(ops/s)   Net(M/s)   Get_miss   Min(us)  Max(us)    Avg(us)    Std_dev    Geo_dist  
Period   10       49666        4966         0.8        0          800      2471493    29120      96316.71   17509.67
Global   200      1225800      6129         0.7        0          512      5580346    23615      68110.67   17098.68

Total Statistics
Type     Time(s)  Ops          TPS(ops/s)   Net(M/s)   Get_miss   Min(us)  Max(us)    Avg(us)    Std_dev    Geo_dist  
Period   10       49666        4966         0.8        0          800      2471493    29120      96316.71   17509.67
Global   200      1225800      6129         0.7        0          512      5580346    23615      68110.67   17098.68

[1;1H[2J
Get Statistics
Type     Time(s)  Ops          TPS(ops/s)   Net(M/s)   Get_miss   Min(us)  Max(us)    Avg(us)    Std_dev    Geo_dist  
Period   10       70198        7019         0.8        0          1004     527092     20588      24445.49   17172.94
Global   210      1295998      6171         1.0        0          512      5580346    23451      66487.79   17102.70

Total Statistics
Type     Time(s)  Ops          TPS(ops/s)   Net(M/s)   Get_miss   Min(us)  Max(us)    Avg(us)    Std_dev    Geo_dist  
Period   10       70199        7019         0.8        0          1004     527092     20588      24445.24   17172.87
Global   210      1295999      6171         1.0        0          512      5580346    23451      66487.77   17102.69

[1;1H[2J
Get Statistics
Type     Time(s)  Ops          TPS(ops/s)   Net(M/s)   Get_miss   Min(us)  Max(us)    Avg(us)    Std_dev    Geo_dist  
Period   10       62592        6259         0.8        0          774      382933     23087      32714.77   17525.14
Global   220      1358590      6175         0.9        0          512      5580346    23434      65316.82   17122.05

Total Statistics
Type     Time(s)  Ops          TPS(ops/s)   Net(M/s)   Get_miss   Min(us)  Max(us)    Avg(us)    Std_dev    Geo_dist  
Period   10       62591        6259         0.8        0          774      382933     23088      32714.46   17527.87
Global   220      1358590      6175         0.9        0          512      5580346    23434      65316.82   17122.05

[1;1H[2J
Get Statistics
Type     Time(s)  Ops          TPS(ops/s)   Net(M/s)   Get_miss   Min(us)  Max(us)    Avg(us)    Std_dev    Geo_dist  
Period   10       65782        6578         0.9        0          932      435320     21992      28323.13   17452.17
Global   230      1424372      6192         0.9        0          512      5580346    23368      64080.94   17137.16

Total Statistics
Type     Time(s)  Ops          TPS(ops/s)   Net(M/s)   Get_miss   Min(us)  Max(us)    Avg(us)    Std_dev    Geo_dist  
Period   10       65782        6578         0.9        0          932      435320     21992      28323.13   17452.17
Global   230      1424372      6192         0.9        0          512      5580346    23368      64080.94   17137.16

[1;1H[2J
Get Statistics
Type     Time(s)  Ops          TPS(ops/s)   Net(M/s)   Get_miss   Min(us)  Max(us)    Avg(us)    Std_dev    Geo_dist  
Period   10       49386        4938         0.8        0          1141     1859911    29216      77405.48   18569.19
Global   240      1473758      6140         0.7        0          512      5580346    23564      64580.52   17183.31

Total Statistics
Type     Time(s)  Ops          TPS(ops/s)   Net(M/s)   Get_miss   Min(us)  Max(us)    Avg(us)    Std_dev    Geo_dist  
Period   10       49386        4938         0.8        0          1141     1859911    29216      77405.48   18569.19
Global   240      1473758      6140         0.7        0          512      5580346    23564      64580.52   17183.31

[1;1H[2J
Get Statistics
Type     Time(s)  Ops          TPS(ops/s)   Net(M/s)   Get_miss   Min(us)  Max(us)    Avg(us)    Std_dev    Geo_dist  
Period   10       48647        4864         0.8        0          672      1964854    29749      105963.37  19172.12
Global   250      1522405      6089         0.7        0          512      5580346    23761      66312.66   17243.55

Total Statistics
Type     Time(s)  Ops          TPS(ops/s)   Net(M/s)   Get_miss   Min(us)  Max(us)    Avg(us)    Std_dev    Geo_dist  
Period   10       48647        4864         0.8        0          672      1964854    29749      105963.37  19172.12
Global   250      1522405      6089         0.7        0          512      5580346    23761      66312.66   17243.55

[1;1H[2J
Get Statistics
Type     Time(s)  Ops          TPS(ops/s)   Net(M/s)   Get_miss   Min(us)  Max(us)    Avg(us)    Std_dev    Geo_dist  
Period   10       62796        6279         0.8        0          950      364304     22908      22115.31   19056.64
Global   260      1585201      6096         0.9        0          512      5580346    23727      65135.12   17311.98

Total Statistics
Type     Time(s)  Ops          TPS(ops/s)   Net(M/s)   Get_miss   Min(us)  Max(us)    Avg(us)    Std_dev    Geo_dist  
Period   10       62796        6279         0.8        0          950      364304     22908      22115.31   19056.64
Global   260      1585201      6096         0.9        0          512      5580346    23727      65135.12   17311.98

[1;1H[2J
Get Statistics
Type     Time(s)  Ops          TPS(ops/s)   Net(M/s)   Get_miss   Min(us)  Max(us)    Avg(us)    Std_dev    Geo_dist  
Period   10       63725        6372         0.8        0          1118     841296     22796      43660.27   17008.95
Global   270      1648926      6107         0.9        0          512      5580346    23691      64438.53   17300.17

Total Statistics
Type     Time(s)  Ops          TPS(ops/s)   Net(M/s)   Get_miss   Min(us)  Max(us)    Avg(us)    Std_dev    Geo_dist  
Period   10       63725        6372         0.8        0          1118     841296     22796      43660.27   17008.95
Global   270      1648926      6107         0.9        0          512      5580346    23691      64438.53   17300.17

[1;1H[2J
Get Statistics
Type     Time(s)  Ops          TPS(ops/s)   Net(M/s)   Get_miss   Min(us)  Max(us)    Avg(us)    Std_dev    Geo_dist  
Period   10       64932        6493         0.8        0          777      543943     22270      33944.35   17486.21
Global   280      1713858      6120         0.9        0          512      5580346    23638      63550.72   17307.18

Total Statistics
Type     Time(s)  Ops          TPS(ops/s)   Net(M/s)   Get_miss   Min(us)  Max(us)    Avg(us)    Std_dev    Geo_dist  
Period   10       64932        6493         0.8        0          777      543943     22270      33944.35   17486.21
Global   280      1713858      6120         0.9        0          512      5580346    23638      63550.72   17307.18

[1;1H[2J
Get Statistics
Type     Time(s)  Ops          TPS(ops/s)   Net(M/s)   Get_miss   Min(us)  Max(us)    Avg(us)    Std_dev    Geo_dist  
Period   10       65623        6562         0.8        0          1088     707583     22026      33163.53   17199.02
Global   290      1779481      6136         0.9        0          512      5580346    23578      62693.16   17303.18

Total Statistics
Type     Time(s)  Ops          TPS(ops/s)   Net(M/s)   Get_miss   Min(us)  Max(us)    Avg(us)    Std_dev    Geo_dist  
Period   10       65623        6562         0.8        0          1088     707583     22026      33163.53   17199.02
Global   290      1779481      6136         0.9        0          512      5580346    23578      62693.16   17303.18

[1;1H[2J
Get Statistics
Type     Time(s)  Ops          TPS(ops/s)   Net(M/s)   Get_miss   Min(us)  Max(us)    Avg(us)    Std_dev    Geo_dist  
Period   10       56917        5691         0.8        0          956      1046300    25353      55508.74   17451.43
Global   300      1836398      6121         0.8        0          512      5580346    23633      62483.65   17307.76

Total Statistics
Type     Time(s)  Ops          TPS(ops/s)   Net(M/s)   Get_miss   Min(us)  Max(us)    Avg(us)    Std_dev    Geo_dist  
Period   10       56917        5691         0.8        0          956      1046300    25353      55508.74   17451.43
Global   300      1836398      6121         0.8        0          512      5580346    23633      62483.65   17307.76

[1;1H[2J
Get Statistics
Type     Time(s)  Ops          TPS(ops/s)   Net(M/s)   Get_miss   Min(us)  Max(us)    Avg(us)    Std_dev    Geo_dist  
Period   10       60297        6029         0.8        0          894      2071661    24019      60575.55   17244.61
Global   310      1896695      6118         0.8        0          512      5580346    23645      62424.01   17305.74

Total Statistics
Type     Time(s)  Ops          TPS(ops/s)   Net(M/s)   Get_miss   Min(us)  Max(us)    Avg(us)    Std_dev    Geo_dist  
Period   10       60297        6029         0.8        0          894      2071661    24019      60575.55   17244.61
Global   310      1896695      6118         0.8        0          512      5580346    23645      62424.01   17305.74

[1;1H[2J
Get Statistics
Type     Time(s)  Ops          TPS(ops/s)   Net(M/s)   Get_miss   Min(us)  Max(us)    Avg(us)    Std_dev    Geo_dist  
Period   10       65630        6563         0.8        0          575      1341164    22022      50076.21   16654.84
Global   320      1962325      6132         0.9        0          512      5580346    23591      62051.33   17283.57

Total Statistics
Type     Time(s)  Ops          TPS(ops/s)   Net(M/s)   Get_miss   Min(us)  Max(us)    Avg(us)    Std_dev    Geo_dist  
Period   10       65630        6563         0.8        0          575      1341164    22022      50076.21   16654.84
Global   320      1962325      6132         0.9        0          512      5580346    23591      62051.33   17283.57

[1;1H[2J
Get Statistics
Type     Time(s)  Ops          TPS(ops/s)   Net(M/s)   Get_miss   Min(us)  Max(us)    Avg(us)    Std_dev    Geo_dist  
Period   10       34477        3447         0.8        0          891      4679627    41263      225519.31  19285.63
Global   330      1996802      6050         0.5        0          512      5580346    23896      68317.67   17316.31

Total Statistics
Type     Time(s)  Ops          TPS(ops/s)   Net(M/s)   Get_miss   Min(us)  Max(us)    Avg(us)    Std_dev    Geo_dist  
Period   10       34477        3447         0.8        0          891      4679627    41263      225519.31  19285.63
Global   330      1996802      6050         0.5        0          512      5580346    23896      68317.67   17316.31

[1;1H[2J
Get Statistics
Type     Time(s)  Ops          TPS(ops/s)   Net(M/s)   Get_miss   Min(us)  Max(us)    Avg(us)    Std_dev    Geo_dist  
Period   10       71255        7125         0.8        0          874      5864017    20624      48695.77   16986.06
Global   340      2068057      6082         1.0        0          512      5864017    23783      67738.92   17304.82

Total Statistics
Type     Time(s)  Ops          TPS(ops/s)   Net(M/s)   Get_miss   Min(us)  Max(us)    Avg(us)    Std_dev    Geo_dist  
Period   10       71255        7125         0.8        0          874      5864017    20624      48695.77   16986.06
Global   340      2068057      6082         1.0        0          512      5864017    23783      67738.92   17304.82

[1;1H[2J
Get Statistics
Type     Time(s)  Ops          TPS(ops/s)   Net(M/s)   Get_miss   Min(us)  Max(us)    Avg(us)    Std_dev    Geo_dist  
Period   10       48315        4831         0.8        0          1126     2653122    26655      95458.02   17904.12
Global   350      2116372      6046         0.7        0          512      5864017    23849      68498.12   17318.28

Total Statistics
Type     Time(s)  Ops          TPS(ops/s)   Net(M/s)   Get_miss   Min(us)  Max(us)    Avg(us)    Std_dev    Geo_dist  
Period   10       48315        4831         0.8        0          1126     2653122    26655      95458.02   17904.12
Global   350      2116372      6046         0.7        0          512      5864017    23849      68498.12   17318.28

[1;1H[2J
Get Statistics
Type     Time(s)  Ops          TPS(ops/s)   Net(M/s)   Get_miss   Min(us)  Max(us)    Avg(us)    Std_dev    Geo_dist  
Period   10       63633        6363         0.8        0          846      4532512    25234      105270.06  16743.43
Global   360      2180005      6055         0.9        0          512      5864017    23889      69846.80   17301.22

Total Statistics
Type     Time(s)  Ops          TPS(ops/s)   Net(M/s)   Get_miss   Min(us)  Max(us)    Avg(us)    Std_dev    Geo_dist  
Period   10       63633        6363         0.8        0          846      4532512    25234      105270.06  16743.43
Global   360      2180005      6055         0.9        0          512      5864017    23889      69846.80   17301.22

Get Statistics (2180149 events)
   Min:       512
   Max:   5864017
   Avg:     23900
   Geo:  17303.93
   Std:  69857.26
   Log2 Dist:
       8:        0        1      158     3803
      12:    12742    11024   959617   1020423
      16:   115842    26290    16931     8627
      20:     2866     1319      455       51

Total Statistics (2180149 events)
   Min:       512
   Max:   5864017
   Avg:     23900
   Geo:  17303.93
   Std:  69857.26
   Log2 Dist:
       8:        0        1      158     3803
      12:    12742    11024   959617   1020423
      16:   115842    26290    16931     8627
      20:     2866     1319      455       51

cmd_get: 2180293
cmd_set: 147456
get_misses: 0
written_bytes: 71556238
read_bytes: 360904233
object_bytes: 21233664

Run time: 361.7s Ops: 2327749 TPS: 6435 Net_rate: 1.1M/s
