servers : 10.0.0.6:11212
threads count: 12
concurrency: 12
run time: 360s
windows size: 1k
set proportion: set_prop=0.00
get proportion: get_prop=1.00
[1;1H[2J
Get Statistics
Type     Time(s)  Ops          TPS(ops/s)   Net(M/s)   Get_miss   Min(us)  Max(us)    Avg(us)    Std_dev    Geo_dist  
Period   10       37006        3700         0.5        0          313      48434      3265       3874.95    1668.26
Global   10       37006        3700         0.5        0          313      48434      3265       3874.95    1668.26

Total Statistics
Type     Time(s)  Ops          TPS(ops/s)   Net(M/s)   Get_miss   Min(us)  Max(us)    Avg(us)    Std_dev    Geo_dist  
Period   10       37006        3700         0.5        0          313      48434      3265       3874.95    1668.26
Global   10       37006        3700         0.5        0          313      48434      3265       3874.95    1668.26

[1;1H[2J
Get Statistics
Type     Time(s)  Ops          TPS(ops/s)   Net(M/s)   Get_miss   Min(us)  Max(us)    Avg(us)    Std_dev    Geo_dist  
Period   10       37062        3706         0.5        0          304      57571      3259       3940.08    1655.15
Global   20       74068        3703         0.5        0          304      57571      3262       3907.65    1661.68

Total Statistics
Type     Time(s)  Ops          TPS(ops/s)   Net(M/s)   Get_miss   Min(us)  Max(us)    Avg(us)    Std_dev    Geo_dist  
Period   10       37062        3706         0.5        0          304      57571      3259       3940.08    1655.15
Global   20       74068        3703         0.5        0          304      57571      3262       3907.65    1661.68

[1;1H[2J
Get Statistics
Type     Time(s)  Ops          TPS(ops/s)   Net(M/s)   Get_miss   Min(us)  Max(us)    Avg(us)    Std_dev    Geo_dist  
Period   10       35575        3557         0.5        0          320      146896     3394       4998.07    1733.46
Global   30       109643       3654         0.5        0          304      146896     3305       4292.21    1684.64

Total Statistics
Type     Time(s)  Ops          TPS(ops/s)   Net(M/s)   Get_miss   Min(us)  Max(us)    Avg(us)    Std_dev    Geo_dist  
Period   10       35575        3557         0.5        0          320      146896     3394       4998.07    1733.46
Global   30       109643       3654         0.5        0          304      146896     3305       4292.21    1684.64

[1;1H[2J
Get Statistics
Type     Time(s)  Ops          TPS(ops/s)   Net(M/s)   Get_miss   Min(us)  Max(us)    Avg(us)    Std_dev    Geo_dist  
Period   10       38057        3805         0.5        0          315      38065      3164       3700.56    1627.82
Global   40       147700       3692         0.5        0          304      146896     3268       4148.81    1669.81

Total Statistics
Type     Time(s)  Ops          TPS(ops/s)   Net(M/s)   Get_miss   Min(us)  Max(us)    Avg(us)    Std_dev    Geo_dist  
Period   10       38057        3805         0.5        0          315      38065      3164       3700.56    1627.82
Global   40       147700       3692         0.5        0          304      146896     3268       4148.81    1669.81

[1;1H[2J
Get Statistics
Type     Time(s)  Ops          TPS(ops/s)   Net(M/s)   Get_miss   Min(us)  Max(us)    Avg(us)    Std_dev    Geo_dist  
Period   10       37185        3718         0.5        0          298      126600     3237       4616.51    1602.01
Global   50       184885       3697         0.5        0          298      146896     3262       4246.84    1655.95

Total Statistics
Type     Time(s)  Ops          TPS(ops/s)   Net(M/s)   Get_miss   Min(us)  Max(us)    Avg(us)    Std_dev    Geo_dist  
Period   10       37185        3718         0.5        0          298      126600     3237       4616.51    1602.01
Global   50       184885       3697         0.5        0          298      146896     3262       4246.84    1655.95

[1;1H[2J
Get Statistics
Type     Time(s)  Ops          TPS(ops/s)   Net(M/s)   Get_miss   Min(us)  Max(us)    Avg(us)    Std_dev    Geo_dist  
Period   10       37321        3732         0.5        0          316      48802      3224       3818.58    1651.46
Global   60       222206       3703         0.5        0          298      146896     3256       4177.70    1655.19

Total Statistics
Type     Time(s)  Ops          TPS(ops/s)   Net(M/s)   Get_miss   Min(us)  Max(us)    Avg(us)    Std_dev    Geo_dist  
Period   10       37321        3732         0.5        0          316      48802      3224       3818.58    1651.46
Global   60       222206       3703         0.5        0          298      146896     3256       4177.70    1655.19

[1;1H[2J
Get Statistics
Type     Time(s)  Ops          TPS(ops/s)   Net(M/s)   Get_miss   Min(us)  Max(us)    Avg(us)    Std_dev    Geo_dist  
Period   10       36022        3602         0.5        0          306      146319     3341       4782.16    1701.06
Global   70       258228       3688         0.5        0          298      146896     3268       4267.14    1661.52

Total Statistics
Type     Time(s)  Ops          TPS(ops/s)   Net(M/s)   Get_miss   Min(us)  Max(us)    Avg(us)    Std_dev    Geo_dist  
Period   10       36022        3602         0.5        0          306      146319     3341       4782.16    1701.06
Global   70       258228       3688         0.5        0          298      146896     3268       4267.14    1661.52

[1;1H[2J
Get Statistics
Type     Time(s)  Ops          TPS(ops/s)   Net(M/s)   Get_miss   Min(us)  Max(us)    Avg(us)    Std_dev    Geo_dist  
Period   10       36207        3620         0.5        0          302      190909     3321       5287.58    1614.90
Global   80       294435       3680         0.5        0          298      190909     3274       4405.80    1655.71

Total Statistics
Type     Time(s)  Ops          TPS(ops/s)   Net(M/s)   Get_miss   Min(us)  Max(us)    Avg(us)    Std_dev    Geo_dist  
Period   10       36207        3620         0.5        0          302      190909     3321       5287.58    1614.90
Global   80       294435       3680         0.5        0          298      190909     3274       4405.80    1655.71

[1;1H[2J
Get Statistics
Type     Time(s)  Ops          TPS(ops/s)   Net(M/s)   Get_miss   Min(us)  Max(us)    Avg(us)    Std_dev    Geo_dist  
Period   10       34883        3488         0.5        0          291      567049     3455       9278.72    1630.42
Global   90       329318       3659         0.5        0          291      567049     3293       5145.73    1653.02

Total Statistics
Type     Time(s)  Ops          TPS(ops/s)   Net(M/s)   Get_miss   Min(us)  Max(us)    Avg(us)    Std_dev    Geo_dist  
Period   10       34883        3488         0.5        0          291      567049     3455       9278.72    1630.42
Global   90       329318       3659         0.5        0          291      567049     3293       5145.73    1653.02

[1;1H[2J
Get Statistics
Type     Time(s)  Ops          TPS(ops/s)   Net(M/s)   Get_miss   Min(us)  Max(us)    Avg(us)    Std_dev    Geo_dist  
Period   10       33687        3368         0.5        0          329      446076     3574       8921.23    1732.01
Global   100      363005       3630         0.5        0          291      567049     3319       5604.83    1660.19

Total Statistics
Type     Time(s)  Ops          TPS(ops/s)   Net(M/s)   Get_miss   Min(us)  Max(us)    Avg(us)    Std_dev    Geo_dist  
Period   10       33687        3368         0.5        0          329      446076     3574       8921.23    1732.01
Global   100      363005       3630         0.5        0          291      567049     3319       5604.83    1660.19

[1;1H[2J
Get Statistics
Type     Time(s)  Ops          TPS(ops/s)   Net(M/s)   Get_miss   Min(us)  Max(us)    Avg(us)    Std_dev    Geo_dist  
Period   10       35661        3566         0.5        0          287      107521     3375       4850.27    1693.72
Global   110      398666       3624         0.5        0          287      567049     3324       5541.54    1663.16

Total Statistics
Type     Time(s)  Ops          TPS(ops/s)   Net(M/s)   Get_miss   Min(us)  Max(us)    Avg(us)    Std_dev    Geo_dist  
Period   10       35661        3566         0.5        0          287      107521     3375       4850.27    1693.72
Global   110      398666       3624         0.5        0          287      567049     3324       5541.54    1663.16

[1;1H[2J
Get Statistics
Type     Time(s)  Ops          TPS(ops/s)   Net(M/s)   Get_miss   Min(us)  Max(us)    Avg(us)    Std_dev    Geo_dist  
Period   10       37670        3767         0.5        0          319      39262      3195       3836.85    1612.36
Global   120      436336       3636         0.5        0          287      567049     3313       5415.61    1658.72

Total Statistics
Type     Time(s)  Ops          TPS(ops/s)   Net(M/s)   Get_miss   Min(us)  Max(us)    Avg(us)    Std_dev    Geo_dist  
Period   10       37670        3767         0.5        0          319      39262      3195       3836.85    1612.36
Global   120      436336       3636         0.5        0          287      567049     3313       5415.61    1658.72

[1;1H[2J
Get Statistics
Type     Time(s)  Ops          TPS(ops/s)   Net(M/s)   Get_miss   Min(us)  Max(us)    Avg(us)    Std_dev    Geo_dist  
Period   10       32793        3279         0.5        0          286      387702     3680       9295.51    1717.57
Global   130      469129       3608         0.5        0          286      567049     3339       5772.78    1662.76

Total Statistics
Type     Time(s)  Ops          TPS(ops/s)   Net(M/s)   Get_miss   Min(us)  Max(us)    Avg(us)    Std_dev    Geo_dist  
Period   10       32793        3279         0.5        0          286      387702     3680       9295.51    1717.57
Global   130      469129       3608         0.5        0          286      567049     3339       5772.78    1662.76

[1;1H[2J
Get Statistics
Type     Time(s)  Ops          TPS(ops/s)   Net(M/s)   Get_miss   Min(us)  Max(us)    Avg(us)    Std_dev    Geo_dist  
Period   10       34648        3464         0.5        0          316      366113     3490       8459.38    1628.52
Global   140      503777       3598         0.5        0          286      567049     3349       5996.55    1660.39

Total Statistics
Type     Time(s)  Ops          TPS(ops/s)   Net(M/s)   Get_miss   Min(us)  Max(us)    Avg(us)    Std_dev    Geo_dist  
Period   10       34648        3464         0.5        0          316      366113     3490       8459.38    1628.52
Global   140      503777       3598         0.5        0          286      567049     3349       5996.55    1660.39

[1;1H[2J
Get Statistics
Type     Time(s)  Ops          TPS(ops/s)   Net(M/s)   Get_miss   Min(us)  Max(us)    Avg(us)    Std_dev    Geo_dist  
Period   10       35309        3530         0.5        0          317      162573     3423       5162.94    1744.06
Global   150      539086       3593         0.5        0          286      567049     3354       5945.46    1665.74

Total Statistics
Type     Time(s)  Ops          TPS(ops/s)   Net(M/s)   Get_miss   Min(us)  Max(us)    Avg(us)    Std_dev    Geo_dist  
Period   10       35309        3530         0.5        0          317      162573     3423       5162.94    1744.06
Global   150      539086       3593         0.5        0          286      567049     3354       5945.46    1665.74

[1;1H[2J
Get Statistics
Type     Time(s)  Ops          TPS(ops/s)   Net(M/s)   Get_miss   Min(us)  Max(us)    Avg(us)    Std_dev    Geo_dist  
Period   10       37019        3701         0.5        0          328      289363     3264       6038.73    1634.84
Global   160      576105       3600         0.5        0          286      567049     3348       5951.66    1663.74

Total Statistics
Type     Time(s)  Ops          TPS(ops/s)   Net(M/s)   Get_miss   Min(us)  Max(us)    Avg(us)    Std_dev    Geo_dist  
Period   10       37019        3701         0.5        0          328      289363     3264       6038.73    1634.84
Global   160      576105       3600         0.5        0          286      567049     3348       5951.66    1663.74

[1;1H[2J
Get Statistics
Type     Time(s)  Ops          TPS(ops/s)   Net(M/s)   Get_miss   Min(us)  Max(us)    Avg(us)    Std_dev    Geo_dist  
Period   10       34742        3474         0.5        0          313      383511     3479       8122.29    1758.17
Global   170      610847       3593         0.5        0          286      567049     3356       6095.64    1668.97

Total Statistics
Type     Time(s)  Ops          TPS(ops/s)   Net(M/s)   Get_miss   Min(us)  Max(us)    Avg(us)    Std_dev    Geo_dist  
Period   10       34742        3474         0.5        0          313      383511     3479       8122.29    1758.17
Global   170      610847       3593         0.5        0          286      567049     3356       6095.64    1668.97

[1;1H[2J
Get Statistics
Type     Time(s)  Ops          TPS(ops/s)   Net(M/s)   Get_miss   Min(us)  Max(us)    Avg(us)    Std_dev    Geo_dist  
Period   10       34926        3492         0.5        0          303      672405     3449       10964.48   1658.01
Global   180      645773       3587         0.5        0          286      672405     3361       6453.66    1668.38

Total Statistics
Type     Time(s)  Ops          TPS(ops/s)   Net(M/s)   Get_miss   Min(us)  Max(us)    Avg(us)    Std_dev    Geo_dist  
Period   10       34926        3492         0.5        0          303      672405     3449       10964.48   1658.01
Global   180      645773       3587         0.5        0          286      672405     3361       6453.66    1668.38

[1;1H[2J
Get Statistics
Type     Time(s)  Ops          TPS(ops/s)   Net(M/s)   Get_miss   Min(us)  Max(us)    Avg(us)    Std_dev    Geo_dist  
Period   10       35484        3548         0.5        0          325      238949     3320       5788.61    1674.00
Global   190      681257       3585         0.5        0          286      672405     3359       6420.65    1668.67

Total Statistics
Type     Time(s)  Ops          TPS(ops/s)   Net(M/s)   Get_miss   Min(us)  Max(us)    Avg(us)    Std_dev    Geo_dist  
Period   10       35484        3548         0.5        0          325      238949     3320       5788.61    1674.00
Global   190      681257       3585         0.5        0          286      672405     3359       6420.65    1668.67

[1;1H[2J
Get Statistics
Type     Time(s)  Ops          TPS(ops/s)   Net(M/s)   Get_miss   Min(us)  Max(us)    Avg(us)    Std_dev    Geo_dist  
Period   10       33692        3369         0.5        0          319      617391     3648       10927.76   1755.30
Global   200      714949       3574         0.5        0          286      672405     3372       6702.04    1672.65

Total Statistics
Type     Time(s)  Ops          TPS(ops/s)   Net(M/s)   Get_miss   Min(us)  Max(us)    Avg(us)    Std_dev    Geo_dist  
Period   10       33692        3369         0.5        0          319      617391     3648       10927.76   1755.30
Global   200      714949       3574         0.5        0          286      672405     3372       6702.04    1672.65

[1;1H[2J
Get Statistics
Type     Time(s)  Ops          TPS(ops/s)   Net(M/s)   Get_miss   Min(us)  Max(us)    Avg(us)    Std_dev    Geo_dist  
Period   10       36316        3631         0.5        0          297      117505     3315       4874.89    1724.11
Global   210      751265       3577         0.5        0          286      672405     3369       6625.45    1675.10

Total Statistics
Type     Time(s)  Ops          TPS(ops/s)   Net(M/s)   Get_miss   Min(us)  Max(us)    Avg(us)    Std_dev    Geo_dist  
Period   10       36316        3631         0.5        0          297      117505     3315       4874.89    1724.11
Global   210      751265       3577         0.5        0          286      672405     3369       6625.45    1675.10

[1;1H[2J
Get Statistics
Type     Time(s)  Ops          TPS(ops/s)   Net(M/s)   Get_miss   Min(us)  Max(us)    Avg(us)    Std_dev    Geo_dist  
Period   10       37799        3779         0.5        0          308      70782      3184       3714.39    1668.99
Global   220      789064       3586         0.5        0          286      672405     3361       6515.40    1674.81

Total Statistics
Type     Time(s)  Ops          TPS(ops/s)   Net(M/s)   Get_miss   Min(us)  Max(us)    Avg(us)    Std_dev    Geo_dist  
Period   10       37799        3779         0.5        0          308      70782      3184       3714.39    1668.99
Global   220      789064       3586         0.5        0          286      672405     3361       6515.40    1674.81

[1;1H[2J
Get Statistics
Type     Time(s)  Ops          TPS(ops/s)   Net(M/s)   Get_miss   Min(us)  Max(us)    Avg(us)    Std_dev    Geo_dist  
Period   10       34732        3473         0.5        0          326      548012     3468       10677.67   1657.67
Global   230      823796       3581         0.5        0          286      672405     3365       6743.24    1674.08

Total Statistics
Type     Time(s)  Ops          TPS(ops/s)   Net(M/s)   Get_miss   Min(us)  Max(us)    Avg(us)    Std_dev    Geo_dist  
Period   10       34732        3473         0.5        0          326      548012     3468       10677.67   1657.67
Global   230      823796       3581         0.5        0          286      672405     3365       6743.24    1674.08

[1;1H[2J
Get Statistics
Type     Time(s)  Ops          TPS(ops/s)   Net(M/s)   Get_miss   Min(us)  Max(us)    Avg(us)    Std_dev    Geo_dist  
Period   10       35629        3562         0.5        0          304      416474     3350       8076.74    1675.36
Global   240      859425       3580         0.5        0          286      672405     3364       6803.90    1674.14

Total Statistics
Type     Time(s)  Ops          TPS(ops/s)   Net(M/s)   Get_miss   Min(us)  Max(us)    Avg(us)    Std_dev    Geo_dist  
Period   10       35629        3562         0.5        0          304      416474     3350       8076.74    1675.36
Global   240      859425       3580         0.5        0          286      672405     3364       6803.90    1674.14

[1;1H[2J
Get Statistics
Type     Time(s)  Ops          TPS(ops/s)   Net(M/s)   Get_miss   Min(us)  Max(us)    Avg(us)    Std_dev    Geo_dist  
Period   10       33194        3319         0.5        0          303      431400     3658       11902.93   1716.25
Global   250      892619       3570         0.5        0          286      672405     3375       7059.94    1675.69

Total Statistics
Type     Time(s)  Ops          TPS(ops/s)   Net(M/s)   Get_miss   Min(us)  Max(us)    Avg(us)    Std_dev    Geo_dist  
Period   10       33194        3319         0.5        0          303      431400     3658       11902.93   1716.25
Global   250      892619       3570         0.5        0          286      672405     3375       7059.94    1675.69

[1;1H[2J
Get Statistics
Type     Time(s)  Ops          TPS(ops/s)   Net(M/s)   Get_miss   Min(us)  Max(us)    Avg(us)    Std_dev    Geo_dist  
Period   10       32323        3232         0.5        0          307      536825     3724       13236.94   1683.66
Global   260      924942       3557         0.4        0          286      672405     3388       7363.59    1675.96

Total Statistics
Type     Time(s)  Ops          TPS(ops/s)   Net(M/s)   Get_miss   Min(us)  Max(us)    Avg(us)    Std_dev    Geo_dist  
Period   10       32323        3232         0.5        0          307      536825     3724       13236.94   1683.66
Global   260      924942       3557         0.4        0          286      672405     3388       7363.59    1675.96

[1;1H[2J
Get Statistics
Type     Time(s)  Ops          TPS(ops/s)   Net(M/s)   Get_miss   Min(us)  Max(us)    Avg(us)    Std_dev    Geo_dist  
Period   10       35105        3510         0.5        0          285      167187     3428       5752.58    1704.59
Global   270      960047       3555         0.5        0          285      672405     3389       7311.16    1677.00

Total Statistics
Type     Time(s)  Ops          TPS(ops/s)   Net(M/s)   Get_miss   Min(us)  Max(us)    Avg(us)    Std_dev    Geo_dist  
Period   10       35105        3510         0.5        0          285      167187     3428       5752.58    1704.59
Global   270      960047       3555         0.5        0          285      672405     3389       7311.16    1677.00

[1;1H[2J
Get Statistics
Type     Time(s)  Ops          TPS(ops/s)   Net(M/s)   Get_miss   Min(us)  Max(us)    Avg(us)    Std_dev    Geo_dist  
Period   10       34868        3486         0.5        0          306      552844     3454       8813.65    1690.55
Global   280      994915       3553         0.5        0          285      672405     3391       7369.13    1677.47

Total Statistics
Type     Time(s)  Ops          TPS(ops/s)   Net(M/s)   Get_miss   Min(us)  Max(us)    Avg(us)    Std_dev    Geo_dist  
Period   10       34868        3486         0.5        0          306      552844     3454       8813.65    1690.55
Global   280      994915       3553         0.5        0          285      672405     3391       7369.13    1677.47

[1;1H[2J
Get Statistics
Type     Time(s)  Ops          TPS(ops/s)   Net(M/s)   Get_miss   Min(us)  Max(us)    Avg(us)    Std_dev    Geo_dist  
Period   10       35861        3586         0.5        0          312      195940     3355       5995.51    1646.69
Global   290      1030776      3554         0.5        0          285      672405     3390       7325.55    1676.39

Total Statistics
Type     Time(s)  Ops          TPS(ops/s)   Net(M/s)   Get_miss   Min(us)  Max(us)    Avg(us)    Std_dev    Geo_dist  
Period   10       35861        3586         0.5        0          312      195940     3355       5995.51    1646.69
Global   290      1030776      3554         0.5        0          285      672405     3390       7325.55    1676.39

[1;1H[2J
Get Statistics
Type     Time(s)  Ops          TPS(ops/s)   Net(M/s)   Get_miss   Min(us)  Max(us)    Avg(us)    Std_dev    Geo_dist  
Period   10       33149        3314         0.5        0          310      536534     3634       12830.71   1626.01
Global   300      1063925      3546         0.5        0          285      672405     3398       7557.77    1674.80

Total Statistics
Type     Time(s)  Ops          TPS(ops/s)   Net(M/s)   Get_miss   Min(us)  Max(us)    Avg(us)    Std_dev    Geo_dist  
Period   10       33149        3314         0.5        0          310      536534     3634       12830.71   1626.01
Global   300      1063925      3546         0.5        0          285      672405     3398       7557.77    1674.80

[1;1H[2J
Get Statistics
Type     Time(s)  Ops          TPS(ops/s)   Net(M/s)   Get_miss   Min(us)  Max(us)    Avg(us)    Std_dev    Geo_dist  
Period   10       36989        3698         0.5        0          312      147764     3255       4598.79    1651.56
Global   310      1100914      3551         0.5        0          285      672405     3393       7477.52    1674.01

Total Statistics
Type     Time(s)  Ops          TPS(ops/s)   Net(M/s)   Get_miss   Min(us)  Max(us)    Avg(us)    Std_dev    Geo_dist  
Period   10       36989        3698         0.5        0          312      147764     3255       4598.79    1651.56
Global   310      1100914      3551         0.5        0          285      672405     3393       7477.52    1674.01

[1;1H[2J
Get Statistics
Type     Time(s)  Ops          TPS(ops/s)   Net(M/s)   Get_miss   Min(us)  Max(us)    Avg(us)    Std_dev    Geo_dist  
Period   10       36233        3623         0.5        0          311      154602     3321       5084.94    1676.43
Global   320      1137147      3553         0.5        0          285      672405     3391       7413.08    1674.09

Total Statistics
Type     Time(s)  Ops          TPS(ops/s)   Net(M/s)   Get_miss   Min(us)  Max(us)    Avg(us)    Std_dev    Geo_dist  
Period   10       36233        3623         0.5        0          311      154602     3321       5084.94    1676.43
Global   320      1137147      3553         0.5        0          285      672405     3391       7413.08    1674.09

[1;1H[2J
Get Statistics
Type     Time(s)  Ops          TPS(ops/s)   Net(M/s)   Get_miss   Min(us)  Max(us)    Avg(us)    Std_dev    Geo_dist  
Period   10       34484        3448         0.5        0          296      329171     3493       6925.16    1742.85
Global   330      1171631      3550         0.5        0          285      672405     3394       7399.20    1676.08

Total Statistics
Type     Time(s)  Ops          TPS(ops/s)   Net(M/s)   Get_miss   Min(us)  Max(us)    Avg(us)    Std_dev    Geo_dist  
Period   10       34484        3448         0.5        0          296      329171     3493       6925.16    1742.85
Global   330      1171631      3550         0.5        0          285      672405     3394       7399.20    1676.08

[1;1H[2J
Get Statistics
Type     Time(s)  Ops          TPS(ops/s)   Net(M/s)   Get_miss   Min(us)  Max(us)    Avg(us)    Std_dev    Geo_dist  
Period   10       35160        3516         0.5        0          309      128622     3422       4658.04    1720.91
Global   340      1206791      3549         0.5        0          285      672405     3394       7334.22    1677.37

Total Statistics
Type     Time(s)  Ops          TPS(ops/s)   Net(M/s)   Get_miss   Min(us)  Max(us)    Avg(us)    Std_dev    Geo_dist  
Period   10       35160        3516         0.5        0          309      128622     3422       4658.04    1720.91
Global   340      1206791      3549         0.5        0          285      672405     3394       7334.22    1677.37

[1;1H[2J
Get Statistics
Type     Time(s)  Ops          TPS(ops/s)   Net(M/s)   Get_miss   Min(us)  Max(us)    Avg(us)    Std_dev    Geo_dist  
Period   10       37368        3736         0.5        0          317      59388      3223       3862.93    1649.05
Global   350      1244159      3554         0.5        0          285      672405     3389       7254.19    1676.51

Total Statistics
Type     Time(s)  Ops          TPS(ops/s)   Net(M/s)   Get_miss   Min(us)  Max(us)    Avg(us)    Std_dev    Geo_dist  
Period   10       37369        3736         0.5        0          317      59388      3223       3862.84    1649.00
Global   350      1244160      3554         0.5        0          285      672405     3389       7254.18    1676.51

[1;1H[2J
Get Statistics
Type     Time(s)  Ops          TPS(ops/s)   Net(M/s)   Get_miss   Min(us)  Max(us)    Avg(us)    Std_dev    Geo_dist  
Period   10       36396        3639         0.5        0          299      92970      3271       3811.96    1684.91
Global   360      1280555      3557         0.5        0          285      672405     3386       7179.04    1676.75

Total Statistics
Type     Time(s)  Ops          TPS(ops/s)   Net(M/s)   Get_miss   Min(us)  Max(us)    Avg(us)    Std_dev    Geo_dist  
Period   10       36395        3639         0.5        0          299      92970      3271       3812.05    1685.25
Global   360      1280555      3557         0.5        0          285      672405     3386       7179.04    1676.75

Get Statistics (1280567 events)
   Min:       285
   Max:    672405
   Avg:      3389
   Geo:   1676.83
   Std:   7231.13
   Log2 Dist:
       8:        0    44543   674782   140719
      12:    20039   273071   117939     7771
      16:      698      443      301      246
      20:       15

Total Statistics (1280567 events)
   Min:       285
   Max:    672405
   Avg:      3389
   Geo:   1676.83
   Std:   7231.13
   Log2 Dist:
       8:        0    44543   674782   140719
      12:    20039   273071   117939     7771
      16:      698      443      301      246
      20:       15

cmd_get: 1280579
cmd_set: 12288
get_misses: 0
written_bytes: 30138554
read_bytes: 211391859
object_bytes: 1769472

Run time: 361.7s Ops: 1292867 TPS: 3574 Net_rate: 0.6M/s
