servers : 10.0.0.6:11212
threads count: 240
concurrency: 240
run time: 720s
windows size: 1k
set proportion: set_prop=0.00
get proportion: get_prop=1.00
[1;1H[2J
Get Statistics
Type     Time(s)  Ops          TPS(ops/s)   Net(M/s)   Get_miss   Min(us)  Max(us)    Avg(us)    Std_dev    Geo_dist  
Period   10       66425        6642         0.9        0          686      1192960    36223      49466.20   29052.64
Global   10       66425        6642         0.9        0          686      1192960    36223      49466.20   29052.64

Total Statistics
Type     Time(s)  Ops          TPS(ops/s)   Net(M/s)   Get_miss   Min(us)  Max(us)    Avg(us)    Std_dev    Geo_dist  
Period   10       66425        6642         0.9        0          686      1192960    36223      49466.20   29052.64
Global   10       66425        6642         0.9        0          686      1192960    36223      49466.20   29052.64

[1;1H[2J
Get Statistics
Type     Time(s)  Ops          TPS(ops/s)   Net(M/s)   Get_miss   Min(us)  Max(us)    Avg(us)    Std_dev    Geo_dist  
Period   10       78878        7887         1.0        0          1247     271304     30585      20148.67   27426.71
Global   20       145303       7265         1.1        0          686      1192960    33162      36699.91   28158.40

Total Statistics
Type     Time(s)  Ops          TPS(ops/s)   Net(M/s)   Get_miss   Min(us)  Max(us)    Avg(us)    Std_dev    Geo_dist  
Period   10       78878        7887         1.0        0          1247     271304     30585      20148.67   27426.71
Global   20       145303       7265         1.1        0          686      1192960    33162      36699.91   28158.40

[1;1H[2J
Get Statistics
Type     Time(s)  Ops          TPS(ops/s)   Net(M/s)   Get_miss   Min(us)  Max(us)    Avg(us)    Std_dev    Geo_dist  
Period   10       73062        7306         1.0        0          1871     459647     32978      30610.24   27969.40
Global   30       218365       7278         1.0        0          686      1192960    33101      34780.78   28095.02

Total Statistics
Type     Time(s)  Ops          TPS(ops/s)   Net(M/s)   Get_miss   Min(us)  Max(us)    Avg(us)    Std_dev    Geo_dist  
Period   10       73062        7306         1.0        0          1871     459647     32978      30610.24   27969.40
Global   30       218365       7278         1.0        0          686      1192960    33101      34780.78   28095.02

[1;1H[2J
Get Statistics
Type     Time(s)  Ops          TPS(ops/s)   Net(M/s)   Get_miss   Min(us)  Max(us)    Avg(us)    Std_dev    Geo_dist  
Period   10       72740        7274         1.0        0          1482     873789     33143      31411.46   28301.25
Global   40       291105       7277         1.0        0          686      1192960    33111      33970.64   28146.41

Total Statistics
Type     Time(s)  Ops          TPS(ops/s)   Net(M/s)   Get_miss   Min(us)  Max(us)    Avg(us)    Std_dev    Geo_dist  
Period   10       72740        7274         1.0        0          1482     873789     33143      31411.46   28301.25
Global   40       291105       7277         1.0        0          686      1192960    33111      33970.64   28146.41

[1;1H[2J
Get Statistics
Type     Time(s)  Ops          TPS(ops/s)   Net(M/s)   Get_miss   Min(us)  Max(us)    Avg(us)    Std_dev    Geo_dist  
Period   10       81996        8199         1.0        0          1157     251229     29382      18423.98   26436.48
Global   50       373101       7462         1.1        0          686      1192960    32292      31262.42   27761.38

Total Statistics
Type     Time(s)  Ops          TPS(ops/s)   Net(M/s)   Get_miss   Min(us)  Max(us)    Avg(us)    Std_dev    Geo_dist  
Period   10       81996        8199         1.0        0          1157     251229     29382      18423.98   26436.48
Global   50       373101       7462         1.1        0          686      1192960    32292      31262.42   27761.38

[1;1H[2J
Get Statistics
Type     Time(s)  Ops          TPS(ops/s)   Net(M/s)   Get_miss   Min(us)  Max(us)    Avg(us)    Std_dev    Geo_dist  
Period   10       71222        7122         1.0        0          1967     1010815    33833      37099.73   27816.21
Global   60       444323       7405         1.0        0          686      1192960    32539      32274.16   27770.16

Total Statistics
Type     Time(s)  Ops          TPS(ops/s)   Net(M/s)   Get_miss   Min(us)  Max(us)    Avg(us)    Std_dev    Geo_dist  
Period   10       71222        7122         1.0        0          1967     1010815    33833      37099.73   27816.21
Global   60       444323       7405         1.0        0          686      1192960    32539      32274.16   27770.16

[1;1H[2J
Get Statistics
Type     Time(s)  Ops          TPS(ops/s)   Net(M/s)   Get_miss   Min(us)  Max(us)    Avg(us)    Std_dev    Geo_dist  
Period   10       72711        7271         1.0        0          1318     352221     33143      30774.71   28068.49
Global   70       517034       7386         1.0        0          686      1192960    32624      32068.13   27811.92

Total Statistics
Type     Time(s)  Ops          TPS(ops/s)   Net(M/s)   Get_miss   Min(us)  Max(us)    Avg(us)    Std_dev    Geo_dist  
Period   10       72711        7271         1.0        0          1318     352221     33143      30774.71   28068.49
Global   70       517034       7386         1.0        0          686      1192960    32624      32068.13   27811.92

[1;1H[2J
Get Statistics
Type     Time(s)  Ops          TPS(ops/s)   Net(M/s)   Get_miss   Min(us)  Max(us)    Avg(us)    Std_dev    Geo_dist  
Period   10       66988        6698         1.0        0          1511     1241399    35940      57008.09   28055.58
Global   80       584022       7300         0.9        0          686      1241399    33004      35837.33   27839.76

Total Statistics
Type     Time(s)  Ops          TPS(ops/s)   Net(M/s)   Get_miss   Min(us)  Max(us)    Avg(us)    Std_dev    Geo_dist  
Period   10       66989        6698         1.0        0          1511     1241399    35940      57007.59   28055.56
Global   80       584023       7300         0.9        0          686      1241399    33004      35837.29   27839.76

[1;1H[2J
Get Statistics
Type     Time(s)  Ops          TPS(ops/s)   Net(M/s)   Get_miss   Min(us)  Max(us)    Avg(us)    Std_dev    Geo_dist  
Period   10       69053        6905         1.0        0          1644     301523     34929      35251.94   28446.84
Global   90       653075       7256         0.9        0          686      1241399    33208      35780.35   27903.77

Total Statistics
Type     Time(s)  Ops          TPS(ops/s)   Net(M/s)   Get_miss   Min(us)  Max(us)    Avg(us)    Std_dev    Geo_dist  
Period   10       69054        6905         1.0        0          1644     301523     34928      35252.20   28446.07
Global   90       653077       7256         0.9        0          686      1241399    33208      35780.25   27903.70

[1;1H[2J
Get Statistics
Type     Time(s)  Ops          TPS(ops/s)   Net(M/s)   Get_miss   Min(us)  Max(us)    Avg(us)    Std_dev    Geo_dist  
Period   10       68745        6874         1.0        0          2502     832079     35091      40751.10   28538.71
Global   100      721820       7218         0.9        0          686      1241399    33387      36287.60   27964.36

Total Statistics
Type     Time(s)  Ops          TPS(ops/s)   Net(M/s)   Get_miss   Min(us)  Max(us)    Avg(us)    Std_dev    Geo_dist  
Period   10       68744        6874         1.0        0          2502     832079     35092      40750.89   28547.21
Global   100      721821       7218         0.9        0          686      1241399    33387      36287.57   27964.36

[1;1H[2J
Get Statistics
Type     Time(s)  Ops          TPS(ops/s)   Net(M/s)   Get_miss   Min(us)  Max(us)    Avg(us)    Std_dev    Geo_dist  
Period   10       69888        6988         1.0        0          1980     1056450    34468      39702.38   28245.04
Global   110      791708       7197         1.0        0          686      1241399    33483      36602.61   27989.39

Total Statistics
Type     Time(s)  Ops          TPS(ops/s)   Net(M/s)   Get_miss   Min(us)  Max(us)    Avg(us)    Std_dev    Geo_dist  
Period   10       69887        6988         1.0        0          1980     1056450    34469      39702.01   28249.18
Global   110      791708       7197         1.0        0          686      1241399    33483      36602.61   27989.39

[1;1H[2J
Get Statistics
Type     Time(s)  Ops          TPS(ops/s)   Net(M/s)   Get_miss   Min(us)  Max(us)    Avg(us)    Std_dev    Geo_dist  
Period   10       70964        7096         1.0        0          906      1394959    33963      53177.96   26858.18
Global   120      862672       7188         1.0        0          686      1394959    33522      38238.90   27894.56

Total Statistics
Type     Time(s)  Ops          TPS(ops/s)   Net(M/s)   Get_miss   Min(us)  Max(us)    Avg(us)    Std_dev    Geo_dist  
Period   10       70964        7096         1.0        0          906      1394959    33963      53177.96   26858.18
Global   120      862672       7188         1.0        0          686      1394959    33522      38238.90   27894.56

[1;1H[2J
Get Statistics
Type     Time(s)  Ops          TPS(ops/s)   Net(M/s)   Get_miss   Min(us)  Max(us)    Avg(us)    Std_dev    Geo_dist  
Period   10       71151        7115         1.0        0          2063     623706     33853      38032.12   27982.22
Global   130      933823       7183         1.0        0          686      1394959    33547      38223.46   27901.23

Total Statistics
Type     Time(s)  Ops          TPS(ops/s)   Net(M/s)   Get_miss   Min(us)  Max(us)    Avg(us)    Std_dev    Geo_dist  
Period   10       71151        7115         1.0        0          2063     623706     33853      38032.12   27982.22
Global   130      933823       7183         1.0        0          686      1394959    33547      38223.46   27901.23

[1;1H[2J
Get Statistics
Type     Time(s)  Ops          TPS(ops/s)   Net(M/s)   Get_miss   Min(us)  Max(us)    Avg(us)    Std_dev    Geo_dist  
Period   10       70828        7082         1.0        0          2091     525229     34010      30970.48   28612.86
Global   140      1004651      7176         1.0        0          686      1394959    33580      37757.65   27950.81

Total Statistics
Type     Time(s)  Ops          TPS(ops/s)   Net(M/s)   Get_miss   Min(us)  Max(us)    Avg(us)    Std_dev    Geo_dist  
Period   10       70828        7082         1.0        0          2091     525229     34010      30970.48   28612.86
Global   140      1004651      7176         1.0        0          686      1394959    33580      37757.65   27950.81

[1;1H[2J
Get Statistics
Type     Time(s)  Ops          TPS(ops/s)   Net(M/s)   Get_miss   Min(us)  Max(us)    Avg(us)    Std_dev    Geo_dist  
Period   10       71141        7114         1.0        0          1725     1129219    33808      33913.25   28752.77
Global   150      1075792      7171         1.0        0          686      1394959    33595      37515.69   28003.15

Total Statistics
Type     Time(s)  Ops          TPS(ops/s)   Net(M/s)   Get_miss   Min(us)  Max(us)    Avg(us)    Std_dev    Geo_dist  
Period   10       71141        7114         1.0        0          1725     1129219    33808      33913.25   28752.77
Global   150      1075792      7171         1.0        0          686      1394959    33595      37515.69   28003.15

[1;1H[2J
Get Statistics
Type     Time(s)  Ops          TPS(ops/s)   Net(M/s)   Get_miss   Min(us)  Max(us)    Avg(us)    Std_dev    Geo_dist  
Period   10       65152        6515         1.0        0          996      1042817    37057      50872.02   29188.03
Global   160      1140944      7130         0.9        0          686      1394959    33793      38411.74   28069.50

Total Statistics
Type     Time(s)  Ops          TPS(ops/s)   Net(M/s)   Get_miss   Min(us)  Max(us)    Avg(us)    Std_dev    Geo_dist  
Period   10       65153        6515         1.0        0          996      1042817    37057      50871.48   29187.87
Global   160      1140945      7130         0.9        0          686      1394959    33793      38411.72   28069.49

[1;1H[2J
Get Statistics
Type     Time(s)  Ops          TPS(ops/s)   Net(M/s)   Get_miss   Min(us)  Max(us)    Avg(us)    Std_dev    Geo_dist  
Period   10       65162        6516         1.0        0          3754     1387395    36955      54263.66   28693.64
Global   170      1206106      7094         0.9        0          686      1394959    33964      39437.67   28103.10

Total Statistics
Type     Time(s)  Ops          TPS(ops/s)   Net(M/s)   Get_miss   Min(us)  Max(us)    Avg(us)    Std_dev    Geo_dist  
Period   10       65161        6516         1.0        0          3754     1387395    36956      54263.59   28698.16
Global   170      1206106      7094         0.9        0          686      1394959    33964      39437.67   28103.10

[1;1H[2J
Get Statistics
Type     Time(s)  Ops          TPS(ops/s)   Net(M/s)   Get_miss   Min(us)  Max(us)    Avg(us)    Std_dev    Geo_dist  
Period   10       65842        6584         1.0        0          875      1285850    36632      54501.94   28102.61
Global   180      1271948      7066         0.9        0          686      1394959    34102      40360.10   28103.07

Total Statistics
Type     Time(s)  Ops          TPS(ops/s)   Net(M/s)   Get_miss   Min(us)  Max(us)    Avg(us)    Std_dev    Geo_dist  
Period   10       65842        6584         1.0        0          875      1285850    36632      54501.94   28102.61
Global   180      1271948      7066         0.9        0          686      1394959    34102      40360.10   28103.07

[1;1H[2J
Get Statistics
Type     Time(s)  Ops          TPS(ops/s)   Net(M/s)   Get_miss   Min(us)  Max(us)    Avg(us)    Std_dev    Geo_dist  
Period   10       60116        6011         1.0        0          1133     1573803    39986      77236.11   28969.95
Global   190      1332064      7010         0.8        0          686      1573803    34367      42733.69   28141.63

Total Statistics
Type     Time(s)  Ops          TPS(ops/s)   Net(M/s)   Get_miss   Min(us)  Max(us)    Avg(us)    Std_dev    Geo_dist  
Period   10       60116        6011         1.0        0          1133     1573803    39986      77236.11   28969.95
Global   190      1332064      7010         0.8        0          686      1573803    34367      42733.69   28141.63

[1;1H[2J
Get Statistics
Type     Time(s)  Ops          TPS(ops/s)   Net(M/s)   Get_miss   Min(us)  Max(us)    Avg(us)    Std_dev    Geo_dist  
Period   10       75657        7565         1.0        0          2456     986959     31907      30884.00   27294.73
Global   200      1407721      7038         1.0        0          686      1573803    34235      42185.03   28095.45

Total Statistics
Type     Time(s)  Ops          TPS(ops/s)   Net(M/s)   Get_miss   Min(us)  Max(us)    Avg(us)    Std_dev    Geo_dist  
Period   10       75657        7565         1.0        0          2456     986959     31907      30884.00   27294.73
Global   200      1407721      7038         1.0        0          686      1573803    34235      42185.03   28095.45

[1;1H[2J
Get Statistics
Type     Time(s)  Ops          TPS(ops/s)   Net(M/s)   Get_miss   Min(us)  Max(us)    Avg(us)    Std_dev    Geo_dist  
Period   10       72096        7209         1.0        0          1182     315114     33411      28830.56   28491.06
Global   210      1479817      7046         1.0        0          686      1573803    34195      41634.04   28114.60

Total Statistics
Type     Time(s)  Ops          TPS(ops/s)   Net(M/s)   Get_miss   Min(us)  Max(us)    Avg(us)    Std_dev    Geo_dist  
Period   10       72096        7209         1.0        0          1182     315114     33411      28830.56   28491.06
Global   210      1479817      7046         1.0        0          686      1573803    34195      41634.04   28114.60

[1;1H[2J
Get Statistics
Type     Time(s)  Ops          TPS(ops/s)   Net(M/s)   Get_miss   Min(us)  Max(us)    Avg(us)    Std_dev    Geo_dist  
Period   10       67747        6774         1.0        0          727      1015447    35550      50322.06   27999.25
Global   220      1547564      7034         0.9        0          686      1573803    34254      42053.11   28109.54

Total Statistics
Type     Time(s)  Ops          TPS(ops/s)   Net(M/s)   Get_miss   Min(us)  Max(us)    Avg(us)    Std_dev    Geo_dist  
Period   10       67747        6774         1.0        0          727      1015447    35550      50322.06   27999.25
Global   220      1547564      7034         0.9        0          686      1573803    34254      42053.11   28109.54

[1;1H[2J
Get Statistics
Type     Time(s)  Ops          TPS(ops/s)   Net(M/s)   Get_miss   Min(us)  Max(us)    Avg(us)    Std_dev    Geo_dist  
Period   10       76201        7620         1.0        0          1534     488867     31639      30523.74   27476.39
Global   230      1623765      7059         1.0        0          686      1573803    34132      41586.68   28079.50

Total Statistics
Type     Time(s)  Ops          TPS(ops/s)   Net(M/s)   Get_miss   Min(us)  Max(us)    Avg(us)    Std_dev    Geo_dist  
Period   10       76202        7620         1.0        0          1534     488867     31639      30523.41   27476.29
Global   230      1623766      7059         1.0        0          686      1573803    34132      41586.67   28079.50

[1;1H[2J
Get Statistics
Type     Time(s)  Ops          TPS(ops/s)   Net(M/s)   Get_miss   Min(us)  Max(us)    Avg(us)    Std_dev    Geo_dist  
Period   10       73157        7315         1.0        0          1290     379319     32889      25915.11   28377.26
Global   240      1696922      7070         1.0        0          686      1573803    34078      41035.81   28092.44

Total Statistics
Type     Time(s)  Ops          TPS(ops/s)   Net(M/s)   Get_miss   Min(us)  Max(us)    Avg(us)    Std_dev    Geo_dist  
Period   10       73156        7315         1.0        0          1290     379319     32890      25914.30   28381.24
Global   240      1696922      7070         1.0        0          686      1573803    34078      41035.81   28092.44

[1;1H[2J
Get Statistics
Type     Time(s)  Ops          TPS(ops/s)   Net(M/s)   Get_miss   Min(us)  Max(us)    Avg(us)    Std_dev    Geo_dist  
Period   10       77279        7727         1.0        0          2365     325630     31078      25930.54   27164.35
Global   250      1774201      7096         1.1        0          686      1573803    33947      40500.31   28051.36

Total Statistics
Type     Time(s)  Ops          TPS(ops/s)   Net(M/s)   Get_miss   Min(us)  Max(us)    Avg(us)    Std_dev    Geo_dist  
Period   10       77279        7727         1.0        0          2365     325630     31078      25930.54   27164.35
Global   250      1774201      7096         1.1        0          686      1573803    33947      40500.31   28051.36

[1;1H[2J
Get Statistics
Type     Time(s)  Ops          TPS(ops/s)   Net(M/s)   Get_miss   Min(us)  Max(us)    Avg(us)    Std_dev    Geo_dist  
Period   10       60531        6053         1.0        0          3082     3166271    39556      118534.04  28343.28
Global   260      1834732      7056         0.8        0          686      3166271    34132      45284.69   28060.95

Total Statistics
Type     Time(s)  Ops          TPS(ops/s)   Net(M/s)   Get_miss   Min(us)  Max(us)    Avg(us)    Std_dev    Geo_dist  
Period   10       60531        6053         1.0        0          3082     3166271    39556      118534.04  28343.28
Global   260      1834732      7056         0.8        0          686      3166271    34132      45284.69   28060.95

[1;1H[2J
Get Statistics
Type     Time(s)  Ops          TPS(ops/s)   Net(M/s)   Get_miss   Min(us)  Max(us)    Avg(us)    Std_dev    Geo_dist  
Period   10       74548        7454         1.0        0          1279     345017     32640      27290.26   27926.38
Global   270      1909280      7071         1.0        0          686      3166271    34074      44718.88   28055.68

Total Statistics
Type     Time(s)  Ops          TPS(ops/s)   Net(M/s)   Get_miss   Min(us)  Max(us)    Avg(us)    Std_dev    Geo_dist  
Period   10       74548        7454         1.0        0          1279     345017     32640      27290.26   27926.38
Global   270      1909280      7071         1.0        0          686      3166271    34074      44718.88   28055.68

[1;1H[2J
Get Statistics
Type     Time(s)  Ops          TPS(ops/s)   Net(M/s)   Get_miss   Min(us)  Max(us)    Avg(us)    Std_dev    Geo_dist  
Period   10       70202        7020         1.0        0          1112     1191019    34322      43600.31   28022.81
Global   280      1979482      7069         1.0        0          686      3166271    34083      44679.55   28054.51

Total Statistics
Type     Time(s)  Ops          TPS(ops/s)   Net(M/s)   Get_miss   Min(us)  Max(us)    Avg(us)    Std_dev    Geo_dist  
Period   10       70202        7020         1.0        0          1112     1191019    34322      43600.31   28022.81
Global   280      1979482      7069         1.0        0          686      3166271    34083      44679.55   28054.51

[1;1H[2J
Get Statistics
Type     Time(s)  Ops          TPS(ops/s)   Net(M/s)   Get_miss   Min(us)  Max(us)    Avg(us)    Std_dev    Geo_dist  
Period   10       65681        6568         1.0        0          739      1555096    36716      58263.80   27598.72
Global   290      2045163      7052         0.9        0          686      3166271    34168      45181.37   28039.76

Total Statistics
Type     Time(s)  Ops          TPS(ops/s)   Net(M/s)   Get_miss   Min(us)  Max(us)    Avg(us)    Std_dev    Geo_dist  
Period   10       65681        6568         1.0        0          739      1555096    36716      58263.80   27598.72
Global   290      2045163      7052         0.9        0          686      3166271    34168      45181.37   28039.76

[1;1H[2J
Get Statistics
Type     Time(s)  Ops          TPS(ops/s)   Net(M/s)   Get_miss   Min(us)  Max(us)    Avg(us)    Std_dev    Geo_dist  
Period   10       56088        5608         1.0        0          657      1609507    42941      112656.01  28840.39
Global   300      2101251      7004         0.8        0          657      3166271    34402      48245.61   28060.84

Total Statistics
Type     Time(s)  Ops          TPS(ops/s)   Net(M/s)   Get_miss   Min(us)  Max(us)    Avg(us)    Std_dev    Geo_dist  
Period   10       56088        5608         1.0        0          657      1609507    42941      112656.01  28840.39
Global   300      2101251      7004         0.8        0          657      3166271    34402      48245.61   28060.84

[1;1H[2J
Get Statistics
Type     Time(s)  Ops          TPS(ops/s)   Net(M/s)   Get_miss   Min(us)  Max(us)    Avg(us)    Std_dev    Geo_dist  
Period   10       64154        6415         1.0        0          852      983153     37571      55671.14   28830.97
Global   310      2165405      6985         0.9        0          657      3166271    34496      48484.84   28083.36

Total Statistics
Type     Time(s)  Ops          TPS(ops/s)   Net(M/s)   Get_miss   Min(us)  Max(us)    Avg(us)    Std_dev    Geo_dist  
Period   10       64154        6415         1.0        0          852      983153     37571      55671.14   28830.97
Global   310      2165405      6985         0.9        0          657      3166271    34496      48484.84   28083.36

[1;1H[2J
Get Statistics
Type     Time(s)  Ops          TPS(ops/s)   Net(M/s)   Get_miss   Min(us)  Max(us)    Avg(us)    Std_dev    Geo_dist  
Period   10       70059        7005         1.0        0          1745     386648     34380      29076.12   28919.00
Global   320      2235464      6985         1.0        0          657      3166271    34492      47996.12   28109.17

Total Statistics
Type     Time(s)  Ops          TPS(ops/s)   Net(M/s)   Get_miss   Min(us)  Max(us)    Avg(us)    Std_dev    Geo_dist  
Period   10       70059        7005         1.0        0          1745     386648     34380      29076.12   28919.00
Global   320      2235464      6985         1.0        0          657      3166271    34492      47996.12   28109.17

[1;1H[2J
Get Statistics
Type     Time(s)  Ops          TPS(ops/s)   Net(M/s)   Get_miss   Min(us)  Max(us)    Avg(us)    Std_dev    Geo_dist  
Period   10       76590        7659         1.0        0          2407     315215     31451      20663.31   27975.42
Global   330      2312054      7006         1.1        0          657      3166271    34391      47347.38   28104.73

Total Statistics
Type     Time(s)  Ops          TPS(ops/s)   Net(M/s)   Get_miss   Min(us)  Max(us)    Avg(us)    Std_dev    Geo_dist  
Period   10       76590        7659         1.0        0          2407     315215     31451      20663.31   27975.42
Global   330      2312054      7006         1.1        0          657      3166271    34391      47347.38   28104.73

[1;1H[2J
Get Statistics
Type     Time(s)  Ops          TPS(ops/s)   Net(M/s)   Get_miss   Min(us)  Max(us)    Avg(us)    Std_dev    Geo_dist  
Period   10       71587        7158         1.0        0          2054     1170868    33643      41548.09   28067.28
Global   340      2383641      7010         1.0        0          657      3166271    34369      47183.43   28103.61

Total Statistics
Type     Time(s)  Ops          TPS(ops/s)   Net(M/s)   Get_miss   Min(us)  Max(us)    Avg(us)    Std_dev    Geo_dist  
Period   10       71587        7158         1.0        0          2054     1170868    33643      41548.09   28067.28
Global   340      2383641      7010         1.0        0          657      3166271    34369      47183.43   28103.61

[1;1H[2J
Get Statistics
Type     Time(s)  Ops          TPS(ops/s)   Net(M/s)   Get_miss   Min(us)  Max(us)    Avg(us)    Std_dev    Geo_dist  
Period   10       69326        6932         1.0        0          1582     491630     34846      32877.38   29089.62
Global   350      2452967      7008         1.0        0          657      3166271    34382      46839.56   28131.01

Total Statistics
Type     Time(s)  Ops          TPS(ops/s)   Net(M/s)   Get_miss   Min(us)  Max(us)    Avg(us)    Std_dev    Geo_dist  
Period   10       69327        6932         1.0        0          1582     491630     34846      32877.06   29089.62
Global   350      2452968      7008         1.0        0          657      3166271    34382      46839.55   28131.01

[1;1H[2J
Get Statistics
Type     Time(s)  Ops          TPS(ops/s)   Net(M/s)   Get_miss   Min(us)  Max(us)    Avg(us)    Std_dev    Geo_dist  
Period   10       72237        7223         1.0        0          1337     1217517    33389      34571.18   28428.64
Global   360      2525204      7014         1.0        0          657      3166271    34354      46533.56   28139.60

Total Statistics
Type     Time(s)  Ops          TPS(ops/s)   Net(M/s)   Get_miss   Min(us)  Max(us)    Avg(us)    Std_dev    Geo_dist  
Period   10       72236        7223         1.0        0          1337     1217517    33389      34571.65   28432.67
Global   360      2525204      7014         1.0        0          657      3166271    34354      46533.56   28139.60

[1;1H[2J
Get Statistics
Type     Time(s)  Ops          TPS(ops/s)   Net(M/s)   Get_miss   Min(us)  Max(us)    Avg(us)    Std_dev    Geo_dist  
Period   10       68206        6820         1.0        0          1300     976409     35344      38324.91   28845.06
Global   370      2593410      7009         0.9        0          657      3166271    34380      46336.59   28157.93

Total Statistics
Type     Time(s)  Ops          TPS(ops/s)   Net(M/s)   Get_miss   Min(us)  Max(us)    Avg(us)    Std_dev    Geo_dist  
Period   10       68206        6820         1.0        0          1300     976409     35344      38324.91   28845.06
Global   370      2593410      7009         0.9        0          657      3166271    34380      46336.59   28157.93

[1;1H[2J
Get Statistics
Type     Time(s)  Ops          TPS(ops/s)   Net(M/s)   Get_miss   Min(us)  Max(us)    Avg(us)    Std_dev    Geo_dist  
Period   10       66743        6674         1.0        0          1058     781387     35967      35852.91   29430.83
Global   380      2660153      7000         0.9        0          657      3166271    34420      46103.22   28189.06

Total Statistics
Type     Time(s)  Ops          TPS(ops/s)   Net(M/s)   Get_miss   Min(us)  Max(us)    Avg(us)    Std_dev    Geo_dist  
Period   10       66744        6674         1.0        0          1058     781387     35966      35853.37   29426.29
Global   380      2660154      7000         0.9        0          657      3166271    34420      46103.23   28189.07

[1;1H[2J
Get Statistics
Type     Time(s)  Ops          TPS(ops/s)   Net(M/s)   Get_miss   Min(us)  Max(us)    Avg(us)    Std_dev    Geo_dist  
Period   10       66284        6628         1.0        0          1810     1397081    36422      57240.56   27963.01
Global   390      2726437      6990         0.9        0          657      3166271    34468      46407.24   28183.66

Total Statistics
Type     Time(s)  Ops          TPS(ops/s)   Net(M/s)   Get_miss   Min(us)  Max(us)    Avg(us)    Std_dev    Geo_dist  
Period   10       66283        6628         1.0        0          1810     1397081    36422      57240.16   27962.53
Global   390      2726437      6990         0.9        0          657      3166271    34468      46407.24   28183.66

[1;1H[2J
Get Statistics
Type     Time(s)  Ops          TPS(ops/s)   Net(M/s)   Get_miss   Min(us)  Max(us)    Avg(us)    Std_dev    Geo_dist  
Period   10       76053        7605         1.0        0          1255     279339     31524      22228.66   27610.09
Global   400      2802490      7006         1.0        0          657      3166271    34389      45921.27   28167.94

Total Statistics
Type     Time(s)  Ops          TPS(ops/s)   Net(M/s)   Get_miss   Min(us)  Max(us)    Avg(us)    Std_dev    Geo_dist  
Period   10       76053        7605         1.0        0          1255     279339     31524      22228.66   27610.09
Global   400      2802490      7006         1.0        0          657      3166271    34389      45921.27   28167.94

[1;1H[2J
Get Statistics
Type     Time(s)  Ops          TPS(ops/s)   Net(M/s)   Get_miss   Min(us)  Max(us)    Avg(us)    Std_dev    Geo_dist  
Period   10       66943        6694         1.0        0          664      1285254    36207      46250.35   29116.04
Global   410      2869433      6998         0.9        0          657      3166271    34431      45930.10   28189.70

Total Statistics
Type     Time(s)  Ops          TPS(ops/s)   Net(M/s)   Get_miss   Min(us)  Max(us)    Avg(us)    Std_dev    Geo_dist  
Period   10       66943        6694         1.0        0          664      1285254    36207      46250.35   29116.04
Global   410      2869433      6998         0.9        0          657      3166271    34431      45930.10   28189.70

[1;1H[2J
Get Statistics
Type     Time(s)  Ops          TPS(ops/s)   Net(M/s)   Get_miss   Min(us)  Max(us)    Avg(us)    Std_dev    Geo_dist  
Period   10       71057        7105         1.0        0          888      1111821    33930      42853.44   27884.52
Global   420      2940490      7001         1.0        0          657      3166271    34419      45858.16   28182.29

Total Statistics
Type     Time(s)  Ops          TPS(ops/s)   Net(M/s)   Get_miss   Min(us)  Max(us)    Avg(us)    Std_dev    Geo_dist  
Period   10       71057        7105         1.0        0          888      1111821    33930      42853.44   27884.52
Global   420      2940490      7001         1.0        0          657      3166271    34419      45858.16   28182.29

[1;1H[2J
Get Statistics
Type     Time(s)  Ops          TPS(ops/s)   Net(M/s)   Get_miss   Min(us)  Max(us)    Avg(us)    Std_dev    Geo_dist  
Period   10       66445        6644         1.0        0          1437     848456     36179      40941.37   28720.10
Global   430      3006935      6992         0.9        0          657      3166271    34458      45755.87   28194.06

Total Statistics
Type     Time(s)  Ops          TPS(ops/s)   Net(M/s)   Get_miss   Min(us)  Max(us)    Avg(us)    Std_dev    Geo_dist  
Period   10       66445        6644         1.0        0          1437     848456     36179      40941.37   28720.10
Global   430      3006935      6992         0.9        0          657      3166271    34458      45755.87   28194.06

[1;1H[2J
Get Statistics
Type     Time(s)  Ops          TPS(ops/s)   Net(M/s)   Get_miss   Min(us)  Max(us)    Avg(us)    Std_dev    Geo_dist  
Period   10       67919        6791         1.0        0          1206     507244     35346      34303.31   29162.20
Global   440      3074854      6988         0.9        0          657      3166271    34477      45534.67   28215.10

Total Statistics
Type     Time(s)  Ops          TPS(ops/s)   Net(M/s)   Get_miss   Min(us)  Max(us)    Avg(us)    Std_dev    Geo_dist  
Period   10       67919        6791         1.0        0          1206     507244     35346      34303.31   29162.20
Global   440      3074854      6988         0.9        0          657      3166271    34477      45534.67   28215.10

[1;1H[2J
Get Statistics
Type     Time(s)  Ops          TPS(ops/s)   Net(M/s)   Get_miss   Min(us)  Max(us)    Avg(us)    Std_dev    Geo_dist  
Period   10       69350        6935         1.0        0          1133     419458     34377      31932.08   29081.24
Global   450      3144204      6987         1.0        0          657      3166271    34475      45278.58   28233.92

Total Statistics
Type     Time(s)  Ops          TPS(ops/s)   Net(M/s)   Get_miss   Min(us)  Max(us)    Avg(us)    Std_dev    Geo_dist  
Period   10       69350        6935         1.0        0          1133     419458     34377      31932.08   29081.24
Global   450      3144204      6987         1.0        0          657      3166271    34475      45278.58   28233.92

[1;1H[2J
Get Statistics
Type     Time(s)  Ops          TPS(ops/s)   Net(M/s)   Get_miss   Min(us)  Max(us)    Avg(us)    Std_dev    Geo_dist  
Period   10       68711        6871         1.0        0          1018     1410564    35388      54947.20   27512.65
Global   460      3212915      6984         0.9        0          657      3166271    34495      45506.67   28218.30

Total Statistics
Type     Time(s)  Ops          TPS(ops/s)   Net(M/s)   Get_miss   Min(us)  Max(us)    Avg(us)    Std_dev    Geo_dist  
Period   10       68711        6871         1.0        0          1018     1410564    35388      54947.20   27512.65
Global   460      3212915      6984         0.9        0          657      3166271    34495      45506.67   28218.30

[1;1H[2J
Get Statistics
Type     Time(s)  Ops          TPS(ops/s)   Net(M/s)   Get_miss   Min(us)  Max(us)    Avg(us)    Std_dev    Geo_dist  
Period   10       73677        7367         1.0        0          2591     302587     32870      28244.92   28107.63
Global   470      3286592      6992         1.0        0          657      3166271    34458      45193.09   28215.81

Total Statistics
Type     Time(s)  Ops          TPS(ops/s)   Net(M/s)   Get_miss   Min(us)  Max(us)    Avg(us)    Std_dev    Geo_dist  
Period   10       73677        7367         1.0        0          2591     302587     32870      28244.92   28107.63
Global   470      3286592      6992         1.0        0          657      3166271    34458      45193.09   28215.81

[1;1H[2J
Get Statistics
Type     Time(s)  Ops          TPS(ops/s)   Net(M/s)   Get_miss   Min(us)  Max(us)    Avg(us)    Std_dev    Geo_dist  
Period   10       65492        6549         1.0        0          1619     928741     36866      51148.58   29007.22
Global   480      3352084      6983         0.9        0          657      3166271    34505      45318.19   28231.07

Total Statistics
Type     Time(s)  Ops          TPS(ops/s)   Net(M/s)   Get_miss   Min(us)  Max(us)    Avg(us)    Std_dev    Geo_dist  
Period   10       65492        6549         1.0        0          1619     928741     36866      51148.58   29007.22
Global   480      3352084      6983         0.9        0          657      3166271    34505      45318.19   28231.07

[1;1H[2J
Get Statistics
Type     Time(s)  Ops          TPS(ops/s)   Net(M/s)   Get_miss   Min(us)  Max(us)    Avg(us)    Std_dev    Geo_dist  
Period   10       60497        6049         1.0        0          1874     1334007    39756      63151.24   29021.28
Global   490      3412581      6964         0.8        0          657      3166271    34598      45700.27   28244.89

Total Statistics
Type     Time(s)  Ops          TPS(ops/s)   Net(M/s)   Get_miss   Min(us)  Max(us)    Avg(us)    Std_dev    Geo_dist  
Period   10       60497        6049         1.0        0          1874     1334007    39756      63151.24   29021.28
Global   490      3412581      6964         0.8        0          657      3166271    34598      45700.27   28244.89

[1;1H[2J
Get Statistics
Type     Time(s)  Ops          TPS(ops/s)   Net(M/s)   Get_miss   Min(us)  Max(us)    Avg(us)    Std_dev    Geo_dist  
Period   10       74850        7485         1.0        0          1614     346328     32233      24476.64   27994.80
Global   500      3487431      6974         1.0        0          657      3166271    34548      45349.89   28239.49

Total Statistics
Type     Time(s)  Ops          TPS(ops/s)   Net(M/s)   Get_miss   Min(us)  Max(us)    Avg(us)    Std_dev    Geo_dist  
Period   10       74850        7485         1.0        0          1614     346328     32233      24476.64   27994.80
Global   500      3487431      6974         1.0        0          657      3166271    34548      45349.89   28239.49

[1;1H[2J
Get Statistics
Type     Time(s)  Ops          TPS(ops/s)   Net(M/s)   Get_miss   Min(us)  Max(us)    Avg(us)    Std_dev    Geo_dist  
Period   10       72109        7210         1.0        0          1861     313188     33429      28186.61   28497.60
Global   510      3559540      6979         1.0        0          657      3166271    34525      45067.64   28244.70

Total Statistics
Type     Time(s)  Ops          TPS(ops/s)   Net(M/s)   Get_miss   Min(us)  Max(us)    Avg(us)    Std_dev    Geo_dist  
Period   10       72109        7210         1.0        0          1861     313188     33429      28186.61   28497.60
Global   510      3559540      6979         1.0        0          657      3166271    34525      45067.64   28244.70

[1;1H[2J
Get Statistics
Type     Time(s)  Ops          TPS(ops/s)   Net(M/s)   Get_miss   Min(us)  Max(us)    Avg(us)    Std_dev    Geo_dist  
Period   10       65984        6598         1.0        0          1837     473770     36538      41706.40   29004.34
Global   520      3625524      6972         0.9        0          657      3166271    34562      45009.23   28258.35

Total Statistics
Type     Time(s)  Ops          TPS(ops/s)   Net(M/s)   Get_miss   Min(us)  Max(us)    Avg(us)    Std_dev    Geo_dist  
Period   10       65984        6598         1.0        0          1837     473770     36538      41706.40   29004.34
Global   520      3625524      6972         0.9        0          657      3166271    34562      45009.23   28258.35

[1;1H[2J
Get Statistics
Type     Time(s)  Ops          TPS(ops/s)   Net(M/s)   Get_miss   Min(us)  Max(us)    Avg(us)    Std_dev    Geo_dist  
Period   10       75243        7524         1.0        0          1435     695894     32125      25455.14   27581.76
Global   530      3700767      6982         1.0        0          657      3166271    34512      44698.61   28244.43

Total Statistics
Type     Time(s)  Ops          TPS(ops/s)   Net(M/s)   Get_miss   Min(us)  Max(us)    Avg(us)    Std_dev    Geo_dist  
Period   10       75243        7524         1.0        0          1435     695894     32125      25455.14   27581.76
Global   530      3700767      6982         1.0        0          657      3166271    34512      44698.61   28244.43

[1;1H[2J
Get Statistics
Type     Time(s)  Ops          TPS(ops/s)   Net(M/s)   Get_miss   Min(us)  Max(us)    Avg(us)    Std_dev    Geo_dist  
Period   10       75387        7538         1.0        0          1703     562705     31960      24462.87   27894.42
Global   540      3776154      6992         1.0        0          657      3166271    34461      44386.44   28237.40

Total Statistics
Type     Time(s)  Ops          TPS(ops/s)   Net(M/s)   Get_miss   Min(us)  Max(us)    Avg(us)    Std_dev    Geo_dist  
Period   10       75387        7538         1.0        0          1703     562705     31960      24462.87   27894.42
Global   540      3776154      6992         1.0        0          657      3166271    34461      44386.44   28237.40

[1;1H[2J
Get Statistics
Type     Time(s)  Ops          TPS(ops/s)   Net(M/s)   Get_miss   Min(us)  Max(us)    Avg(us)    Std_dev    Geo_dist  
Period   10       60467        6046         1.0        0          800      1338789    39091      63065.13   28845.14
Global   550      3836621      6975         0.8        0          657      3166271    34534      44745.03   28246.87

Total Statistics
Type     Time(s)  Ops          TPS(ops/s)   Net(M/s)   Get_miss   Min(us)  Max(us)    Avg(us)    Std_dev    Geo_dist  
Period   10       60467        6046         1.0        0          800      1338789    39091      63065.13   28845.14
Global   550      3836621      6975         0.8        0          657      3166271    34534      44745.03   28246.87

[1;1H[2J
Get Statistics
Type     Time(s)  Ops          TPS(ops/s)   Net(M/s)   Get_miss   Min(us)  Max(us)    Avg(us)    Std_dev    Geo_dist  
Period   10       72774        7277         1.0        0          1822     1389941    33713      47860.94   27453.21
Global   560      3909395      6981         1.0        0          657      3166271    34519      44804.93   28231.89

Total Statistics
Type     Time(s)  Ops          TPS(ops/s)   Net(M/s)   Get_miss   Min(us)  Max(us)    Avg(us)    Std_dev    Geo_dist  
Period   10       72774        7277         1.0        0          1822     1389941    33713      47860.94   27453.21
Global   560      3909395      6981         1.0        0          657      3166271    34519      44804.93   28231.89

[1;1H[2J
Get Statistics
Type     Time(s)  Ops          TPS(ops/s)   Net(M/s)   Get_miss   Min(us)  Max(us)    Avg(us)    Std_dev    Geo_dist  
Period   10       66492        6649         1.0        0          688      969645     36225      50306.16   28110.48
Global   570      3975887      6975         0.9        0          657      3166271    34547      44903.40   28229.86

Total Statistics
Type     Time(s)  Ops          TPS(ops/s)   Net(M/s)   Get_miss   Min(us)  Max(us)    Avg(us)    Std_dev    Geo_dist  
Period   10       66492        6649         1.0        0          688      969645     36225      50306.16   28110.48
Global   570      3975887      6975         0.9        0          657      3166271    34547      44903.40   28229.86

[1;1H[2J
Get Statistics
Type     Time(s)  Ops          TPS(ops/s)   Net(M/s)   Get_miss   Min(us)  Max(us)    Avg(us)    Std_dev    Geo_dist  
Period   10       65814        6581         1.0        0          1438     1204157    36638      51671.67   28714.58
Global   580      4041701      6968         0.9        0          657      3166271    34581      45022.58   28237.68

Total Statistics
Type     Time(s)  Ops          TPS(ops/s)   Net(M/s)   Get_miss   Min(us)  Max(us)    Avg(us)    Std_dev    Geo_dist  
Period   10       65814        6581         1.0        0          1438     1204157    36638      51671.67   28714.58
Global   580      4041701      6968         0.9        0          657      3166271    34581      45022.58   28237.68

[1;1H[2J
Get Statistics
Type     Time(s)  Ops          TPS(ops/s)   Net(M/s)   Get_miss   Min(us)  Max(us)    Avg(us)    Std_dev    Geo_dist  
Period   10       63158        6315         1.0        0          1737     1218613    37104      49040.02   28776.99
Global   590      4104859      6957         0.9        0          657      3166271    34620      45088.02   28245.91

Total Statistics
Type     Time(s)  Ops          TPS(ops/s)   Net(M/s)   Get_miss   Min(us)  Max(us)    Avg(us)    Std_dev    Geo_dist  
Period   10       63158        6315         1.0        0          1737     1218613    37104      49040.02   28776.99
Global   590      4104859      6957         0.9        0          657      3166271    34620      45088.02   28245.91

[1;1H[2J
Get Statistics
Type     Time(s)  Ops          TPS(ops/s)   Net(M/s)   Get_miss   Min(us)  Max(us)    Avg(us)    Std_dev    Geo_dist  
Period   10       76523        7652         1.0        0          2144     508768     32311      31416.44   27551.55
Global   600      4181382      6968         1.1        0          657      3166271    34578      44876.12   28233.04

Total Statistics
Type     Time(s)  Ops          TPS(ops/s)   Net(M/s)   Get_miss   Min(us)  Max(us)    Avg(us)    Std_dev    Geo_dist  
Period   10       76523        7652         1.0        0          2144     508768     32311      31416.44   27551.55
Global   600      4181382      6968         1.1        0          657      3166271    34578      44876.12   28233.04

[1;1H[2J
Get Statistics
Type     Time(s)  Ops          TPS(ops/s)   Net(M/s)   Get_miss   Min(us)  Max(us)    Avg(us)    Std_dev    Geo_dist  
Period   10       62586        6258         1.0        0          775      1580393    38308      69324.07   28630.74
Global   610      4243968      6957         0.9        0          657      3166271    34633      45334.76   28238.87

Total Statistics
Type     Time(s)  Ops          TPS(ops/s)   Net(M/s)   Get_miss   Min(us)  Max(us)    Avg(us)    Std_dev    Geo_dist  
Period   10       62587        6258         1.0        0          775      1580393    38308      69324.34   28631.28
Global   610      4243969      6957         0.9        0          657      3166271    34633      45334.78   28238.87

[1;1H[2J
Get Statistics
Type     Time(s)  Ops          TPS(ops/s)   Net(M/s)   Get_miss   Min(us)  Max(us)    Avg(us)    Std_dev    Geo_dist  
Period   10       70275        7027         1.0        0          1513     1024738    34472      32965.33   28749.77
Global   620      4314243      6958         1.0        0          657      3166271    34630      45160.74   28247.19

Total Statistics
Type     Time(s)  Ops          TPS(ops/s)   Net(M/s)   Get_miss   Min(us)  Max(us)    Avg(us)    Std_dev    Geo_dist  
Period   10       70274        7027         1.0        0          1513     1024738    34473      32964.77   28753.97
Global   620      4314243      6958         1.0        0          657      3166271    34630      45160.74   28247.19

[1;1H[2J
Get Statistics
Type     Time(s)  Ops          TPS(ops/s)   Net(M/s)   Get_miss   Min(us)  Max(us)    Avg(us)    Std_dev    Geo_dist  
Period   10       66351        6635         1.0        0          2014     1472500    36215      43175.93   29113.69
Global   630      4380594      6953         0.9        0          657      3166271    34654      45131.75   28260.12

Total Statistics
Type     Time(s)  Ops          TPS(ops/s)   Net(M/s)   Get_miss   Min(us)  Max(us)    Avg(us)    Std_dev    Geo_dist  
Period   10       66351        6635         1.0        0          2014     1472500    36215      43175.93   29113.69
Global   630      4380594      6953         0.9        0          657      3166271    34654      45131.75   28260.12

[1;1H[2J
Get Statistics
Type     Time(s)  Ops          TPS(ops/s)   Net(M/s)   Get_miss   Min(us)  Max(us)    Avg(us)    Std_dev    Geo_dist  
Period   10       75513        7551         1.0        0          809      511584     31806      26119.91   27442.50
Global   640      4456107      6962         1.0        0          657      3166271    34606      44878.01   28246.06

Total Statistics
Type     Time(s)  Ops          TPS(ops/s)   Net(M/s)   Get_miss   Min(us)  Max(us)    Avg(us)    Std_dev    Geo_dist  
Period   10       75513        7551         1.0        0          809      511584     31806      26119.91   27442.50
Global   640      4456107      6962         1.0        0          657      3166271    34606      44878.01   28246.06

[1;1H[2J
Get Statistics
Type     Time(s)  Ops          TPS(ops/s)   Net(M/s)   Get_miss   Min(us)  Max(us)    Avg(us)    Std_dev    Geo_dist  
Period   10       74590        7459         1.0        0          1406     1027407    32463      29808.24   27935.01
Global   650      4530697      6970         1.0        0          657      3166271    34571      44671.71   28240.92

Total Statistics
Type     Time(s)  Ops          TPS(ops/s)   Net(M/s)   Get_miss   Min(us)  Max(us)    Avg(us)    Std_dev    Geo_dist  
Period   10       74590        7459         1.0        0          1406     1027407    32463      29808.24   27935.01
Global   650      4530697      6970         1.0        0          657      3166271    34571      44671.71   28240.92

[1;1H[2J
Get Statistics
Type     Time(s)  Ops          TPS(ops/s)   Net(M/s)   Get_miss   Min(us)  Max(us)    Avg(us)    Std_dev    Geo_dist  
Period   10       68871        6887         1.0        0          1449     884389     34906      46376.24   28154.25
Global   660      4599568      6969         0.9        0          657      3166271    34576      44697.73   28239.62

Total Statistics
Type     Time(s)  Ops          TPS(ops/s)   Net(M/s)   Get_miss   Min(us)  Max(us)    Avg(us)    Std_dev    Geo_dist  
Period   10       68871        6887         1.0        0          1449     884389     34906      46376.24   28154.25
Global   660      4599568      6969         0.9        0          657      3166271    34576      44697.73   28239.62

[1;1H[2J
Get Statistics
Type     Time(s)  Ops          TPS(ops/s)   Net(M/s)   Get_miss   Min(us)  Max(us)    Avg(us)    Std_dev    Geo_dist  
Period   10       74938        7493         1.0        0          1799     975193     32210      29058.60   27507.06
Global   670      4674506      6976         1.0        0          657      3166271    34538      44491.44   28227.72

Total Statistics
Type     Time(s)  Ops          TPS(ops/s)   Net(M/s)   Get_miss   Min(us)  Max(us)    Avg(us)    Std_dev    Geo_dist  
Period   10       74938        7493         1.0        0          1799     975193     32210      29058.60   27507.06
Global   670      4674506      6976         1.0        0          657      3166271    34538      44491.44   28227.72

[1;1H[2J
Get Statistics
Type     Time(s)  Ops          TPS(ops/s)   Net(M/s)   Get_miss   Min(us)  Max(us)    Avg(us)    Std_dev    Geo_dist  
Period   10       74795        7479         1.0        0          1746     313956     32230      24925.92   28025.24
Global   680      4749301      6984         1.0        0          657      3166271    34502      44251.07   28224.52

Total Statistics
Type     Time(s)  Ops          TPS(ops/s)   Net(M/s)   Get_miss   Min(us)  Max(us)    Avg(us)    Std_dev    Geo_dist  
Period   10       74795        7479         1.0        0          1746     313956     32230      24925.92   28025.24
Global   680      4749301      6984         1.0        0          657      3166271    34502      44251.07   28224.52

[1;1H[2J
Get Statistics
Type     Time(s)  Ops          TPS(ops/s)   Net(M/s)   Get_miss   Min(us)  Max(us)    Avg(us)    Std_dev    Geo_dist  
Period   10       75349        7534         1.0        0          842      1180366    31998      35142.61   27088.09
Global   690      4824650      6992         1.0        0          657      3166271    34462      44125.06   28206.41

Total Statistics
Type     Time(s)  Ops          TPS(ops/s)   Net(M/s)   Get_miss   Min(us)  Max(us)    Avg(us)    Std_dev    Geo_dist  
Period   10       75349        7534         1.0        0          842      1180366    31998      35142.61   27088.09
Global   690      4824650      6992         1.0        0          657      3166271    34462      44125.06   28206.41

[1;1H[2J
Get Statistics
Type     Time(s)  Ops          TPS(ops/s)   Net(M/s)   Get_miss   Min(us)  Max(us)    Avg(us)    Std_dev    Geo_dist  
Period   10       68796        6879         1.0        0          1105     1222454    34981      41562.06   28151.16
Global   700      4893446      6990         0.9        0          657      3166271    34470      44089.55   28205.63

Total Statistics
Type     Time(s)  Ops          TPS(ops/s)   Net(M/s)   Get_miss   Min(us)  Max(us)    Avg(us)    Std_dev    Geo_dist  
Period   10       68796        6879         1.0        0          1105     1222454    34981      41562.06   28151.16
Global   700      4893446      6990         0.9        0          657      3166271    34470      44089.55   28205.63

[1;1H[2J
Get Statistics
Type     Time(s)  Ops          TPS(ops/s)   Net(M/s)   Get_miss   Min(us)  Max(us)    Avg(us)    Std_dev    Geo_dist  
Period   10       67917        6791         1.0        0          2481     352625     35491      29213.96   29924.22
Global   710      4961363      6987         0.9        0          657      3166271    34484      43920.08   28228.48

Total Statistics
Type     Time(s)  Ops          TPS(ops/s)   Net(M/s)   Get_miss   Min(us)  Max(us)    Avg(us)    Std_dev    Geo_dist  
Period   10       67917        6791         1.0        0          2481     352625     35491      29213.96   29924.22
Global   710      4961363      6987         0.9        0          657      3166271    34484      43920.08   28228.48

[1;1H[2J
Get Statistics
Type     Time(s)  Ops          TPS(ops/s)   Net(M/s)   Get_miss   Min(us)  Max(us)    Avg(us)    Std_dev    Geo_dist  
Period   10       70015        7001         1.0        0          1807     395170     34446      32824.87   28520.41
Global   720      5031378      6988         1.0        0          657      3166271    34483      43785.35   28232.52

Total Statistics
Type     Time(s)  Ops          TPS(ops/s)   Net(M/s)   Get_miss   Min(us)  Max(us)    Avg(us)    Std_dev    Geo_dist  
Period   10       70015        7001         1.0        0          1807     395170     34446      32824.87   28520.41
Global   720      5031378      6988         1.0        0          657      3166271    34483      43785.35   28232.52

Get Statistics (5031618 events)
   Min:       657
   Max:   3166271
   Avg:     34483
   Geo:  28232.33
   Std:  43784.01
   Log2 Dist:
       8:        0        0      110     1004
      12:     2817     3274   380709   3353668
      16:   1000046   182203    77014    25615
      20:     4315      828       15

Total Statistics (5031618 events)
   Min:       657
   Max:   3166271
   Avg:     34483
   Geo:  28232.33
   Std:  43784.01
   Log2 Dist:
       8:        0        0      110     1004
      12:     2817     3274   380709   3353668
      16:   1000046   182203    77014    25615
      20:     4315      828       15

cmd_get: 5031858
cmd_set: 245760
get_misses: 0
written_bytes: 150017196
read_bytes: 832183050
object_bytes: 35389440

Run time: 723.0s Ops: 5277618 TPS: 7300 Net_rate: 1.3M/s
