servers : 10.0.0.6:11212
threads count: 144
concurrency: 144
run time: 360s
windows size: 1k
set proportion: set_prop=0.00
get proportion: get_prop=1.00
[1;1H[2J
Get Statistics
Type     Time(s)  Ops          TPS(ops/s)   Net(M/s)   Get_miss   Min(us)  Max(us)    Avg(us)    Std_dev    Geo_dist  
Period   10       68659        6865         0.9        0          652      492746     20332      22355.02   16269.49
Global   10       68659        6865         0.9        0          652      492746     20332      22355.02   16269.49

Total Statistics
Type     Time(s)  Ops          TPS(ops/s)   Net(M/s)   Get_miss   Min(us)  Max(us)    Avg(us)    Std_dev    Geo_dist  
Period   10       68659        6865         0.9        0          652      492746     20332      22355.02   16269.49
Global   10       68659        6865         0.9        0          652      492746     20332      22355.02   16269.49

[1;1H[2J
Get Statistics
Type     Time(s)  Ops          TPS(ops/s)   Net(M/s)   Get_miss   Min(us)  Max(us)    Avg(us)    Std_dev    Geo_dist  
Period   10       62060        6206         0.9        0          498      682199     24046      31967.35   18077.94
Global   20       130719       6535         0.9        0          498      682199     22095      27406.10   17104.33

Total Statistics
Type     Time(s)  Ops          TPS(ops/s)   Net(M/s)   Get_miss   Min(us)  Max(us)    Avg(us)    Std_dev    Geo_dist  
Period   10       62060        6206         0.9        0          498      682199     24046      31967.35   18077.94
Global   20       130719       6535         0.9        0          498      682199     22095      27406.10   17104.33

[1;1H[2J
Get Statistics
Type     Time(s)  Ops          TPS(ops/s)   Net(M/s)   Get_miss   Min(us)  Max(us)    Avg(us)    Std_dev    Geo_dist  
Period   10       63689        6368         0.9        0          938      315190     22722      22266.40   17883.81
Global   30       194408       6480         0.9        0          498      682199     22300      25837.14   17355.88

Total Statistics
Type     Time(s)  Ops          TPS(ops/s)   Net(M/s)   Get_miss   Min(us)  Max(us)    Avg(us)    Std_dev    Geo_dist  
Period   10       63689        6368         0.9        0          938      315190     22722      22266.40   17883.81
Global   30       194408       6480         0.9        0          498      682199     22300      25837.14   17355.88

[1;1H[2J
Get Statistics
Type     Time(s)  Ops          TPS(ops/s)   Net(M/s)   Get_miss   Min(us)  Max(us)    Avg(us)    Std_dev    Geo_dist  
Period   10       53284        5328         0.9        0          649      497751     25005      41019.88   18148.32
Global   40       247692       6192         0.7        0          498      682199     22882      29785.02   17523.37

Total Statistics
Type     Time(s)  Ops          TPS(ops/s)   Net(M/s)   Get_miss   Min(us)  Max(us)    Avg(us)    Std_dev    Geo_dist  
Period   10       53284        5328         0.9        0          649      497751     25005      41019.88   18148.32
Global   40       247692       6192         0.7        0          498      682199     22882      29785.02   17523.37

[1;1H[2J
Get Statistics
Type     Time(s)  Ops          TPS(ops/s)   Net(M/s)   Get_miss   Min(us)  Max(us)    Avg(us)    Std_dev    Geo_dist  
Period   10       58609        5860         0.8        0          775      3263928    26468      105104.27  17656.54
Global   50       306301       6126         0.8        0          498      3263928    23568      53227.15   17548.78

Total Statistics
Type     Time(s)  Ops          TPS(ops/s)   Net(M/s)   Get_miss   Min(us)  Max(us)    Avg(us)    Std_dev    Geo_dist  
Period   10       58609        5860         0.8        0          775      3263928    26468      105104.27  17656.54
Global   50       306301       6126         0.8        0          498      3263928    23568      53227.15   17548.78

[1;1H[2J
Get Statistics
Type     Time(s)  Ops          TPS(ops/s)   Net(M/s)   Get_miss   Min(us)  Max(us)    Avg(us)    Std_dev    Geo_dist  
Period   10       49789        4978         0.8        0          997      2696855    28994      111245.81  18485.64
Global   60       356090       5934         0.7        0          498      3263928    24327      64582.27   17676.86

Total Statistics
Type     Time(s)  Ops          TPS(ops/s)   Net(M/s)   Get_miss   Min(us)  Max(us)    Avg(us)    Std_dev    Geo_dist  
Period   10       49789        4978         0.8        0          997      2696855    28994      111245.81  18485.64
Global   60       356090       5934         0.7        0          498      3263928    24327      64582.27   17676.86

[1;1H[2J
Get Statistics
Type     Time(s)  Ops          TPS(ops/s)   Net(M/s)   Get_miss   Min(us)  Max(us)    Avg(us)    Std_dev    Geo_dist  
Period   10       66107        6610         0.8        0          897      231708     21719      17274.16   17890.18
Global   70       422197       6031         0.9        0          498      3263928    23919      59710.99   17710.09

Total Statistics
Type     Time(s)  Ops          TPS(ops/s)   Net(M/s)   Get_miss   Min(us)  Max(us)    Avg(us)    Std_dev    Geo_dist  
Period   10       66107        6610         0.8        0          897      231708     21719      17274.16   17890.18
Global   70       422197       6031         0.9        0          498      3263928    23919      59710.99   17710.09

[1;1H[2J
Get Statistics
Type     Time(s)  Ops          TPS(ops/s)   Net(M/s)   Get_miss   Min(us)  Max(us)    Avg(us)    Std_dev    Geo_dist  
Period   10       65475        6547         0.8        0          964      985750     22375      30816.30   17904.21
Global   80       487672       6095         0.9        0          498      3263928    23711      56696.71   17736.03

Total Statistics
Type     Time(s)  Ops          TPS(ops/s)   Net(M/s)   Get_miss   Min(us)  Max(us)    Avg(us)    Std_dev    Geo_dist  
Period   10       65475        6547         0.8        0          964      985750     22375      30816.30   17904.21
Global   80       487672       6095         0.9        0          498      3263928    23711      56696.71   17736.03

[1;1H[2J
Get Statistics
Type     Time(s)  Ops          TPS(ops/s)   Net(M/s)   Get_miss   Min(us)  Max(us)    Avg(us)    Std_dev    Geo_dist  
Period   10       61969        6196         0.8        0          1046     479358     23316      31489.20   18307.43
Global   90       549641       6107         0.9        0          498      3263928    23667      54441.53   17799.55

Total Statistics
Type     Time(s)  Ops          TPS(ops/s)   Net(M/s)   Get_miss   Min(us)  Max(us)    Avg(us)    Std_dev    Geo_dist  
Period   10       61969        6196         0.8        0          1046     479358     23316      31489.20   18307.43
Global   90       549641       6107         0.9        0          498      3263928    23667      54441.53   17799.55

[1;1H[2J
Get Statistics
Type     Time(s)  Ops          TPS(ops/s)   Net(M/s)   Get_miss   Min(us)  Max(us)    Avg(us)    Std_dev    Geo_dist  
Period   10       57446        5744         0.8        0          654      564609     25156      36902.86   17722.50
Global   100      607087       6070         0.8        0          498      3263928    23808      53032.70   17792.25

Total Statistics
Type     Time(s)  Ops          TPS(ops/s)   Net(M/s)   Get_miss   Min(us)  Max(us)    Avg(us)    Std_dev    Geo_dist  
Period   10       57446        5744         0.8        0          654      564609     25156      36902.86   17722.50
Global   100      607087       6070         0.8        0          498      3263928    23808      53032.70   17792.25

[1;1H[2J
Get Statistics
Type     Time(s)  Ops          TPS(ops/s)   Net(M/s)   Get_miss   Min(us)  Max(us)    Avg(us)    Std_dev    Geo_dist  
Period   10       64371        6437         0.8        0          992      247046     22466      19844.37   17692.93
Global   110      671458       6104         0.9        0          498      3263928    23679      50801.25   17782.70

Total Statistics
Type     Time(s)  Ops          TPS(ops/s)   Net(M/s)   Get_miss   Min(us)  Max(us)    Avg(us)    Std_dev    Geo_dist  
Period   10       64371        6437         0.8        0          992      247046     22466      19844.37   17692.93
Global   110      671458       6104         0.9        0          498      3263928    23679      50801.25   17782.70

[1;1H[2J
Get Statistics
Type     Time(s)  Ops          TPS(ops/s)   Net(M/s)   Get_miss   Min(us)  Max(us)    Avg(us)    Std_dev    Geo_dist  
Period   10       70335        7033         0.8        0          751      125339     20566      13070.27   17234.62
Global   120      741793       6181         1.0        0          498      3263928    23384      48508.62   17729.99

Total Statistics
Type     Time(s)  Ops          TPS(ops/s)   Net(M/s)   Get_miss   Min(us)  Max(us)    Avg(us)    Std_dev    Geo_dist  
Period   10       70335        7033         0.8        0          751      125339     20566      13070.27   17234.62
Global   120      741793       6181         1.0        0          498      3263928    23384      48508.62   17729.99

[1;1H[2J
Get Statistics
Type     Time(s)  Ops          TPS(ops/s)   Net(M/s)   Get_miss   Min(us)  Max(us)    Avg(us)    Std_dev    Geo_dist  
Period   10       63416        6341         0.9        0          898      395261     22783      23957.58   17932.36
Global   130      805209       6193         0.9        0          498      3263928    23337      47042.29   17745.85

Total Statistics
Type     Time(s)  Ops          TPS(ops/s)   Net(M/s)   Get_miss   Min(us)  Max(us)    Avg(us)    Std_dev    Geo_dist  
Period   10       63416        6341         0.9        0          898      395261     22783      23957.58   17932.36
Global   130      805209       6193         0.9        0          498      3263928    23337      47042.29   17745.85

[1;1H[2J
Get Statistics
Type     Time(s)  Ops          TPS(ops/s)   Net(M/s)   Get_miss   Min(us)  Max(us)    Avg(us)    Std_dev    Geo_dist  
Period   10       61501        6150         0.9        0          964      1027181    23398      38928.13   17744.93
Global   140      866710       6190         0.8        0          498      3263928    23341      46513.35   17745.78

Total Statistics
Type     Time(s)  Ops          TPS(ops/s)   Net(M/s)   Get_miss   Min(us)  Max(us)    Avg(us)    Std_dev    Geo_dist  
Period   10       61501        6150         0.9        0          964      1027181    23398      38928.13   17744.93
Global   140      866710       6190         0.8        0          498      3263928    23341      46513.35   17745.78

[1;1H[2J
Get Statistics
Type     Time(s)  Ops          TPS(ops/s)   Net(M/s)   Get_miss   Min(us)  Max(us)    Avg(us)    Std_dev    Geo_dist  
Period   10       60095        6009         0.8        0          850      1136169    24159      56559.23   17872.52
Global   150      926805       6178         0.8        0          498      3263928    23394      47229.97   17753.97

Total Statistics
Type     Time(s)  Ops          TPS(ops/s)   Net(M/s)   Get_miss   Min(us)  Max(us)    Avg(us)    Std_dev    Geo_dist  
Period   10       60095        6009         0.8        0          850      1136169    24159      56559.23   17872.52
Global   150      926805       6178         0.8        0          498      3263928    23394      47229.97   17753.97

[1;1H[2J
Get Statistics
Type     Time(s)  Ops          TPS(ops/s)   Net(M/s)   Get_miss   Min(us)  Max(us)    Avg(us)    Std_dev    Geo_dist  
Period   10       57262        5726         0.8        0          910      1095262    25253      56900.28   17653.99
Global   160      984067       6150         0.8        0          498      3263928    23502      47848.30   17748.14

Total Statistics
Type     Time(s)  Ops          TPS(ops/s)   Net(M/s)   Get_miss   Min(us)  Max(us)    Avg(us)    Std_dev    Geo_dist  
Period   10       57262        5726         0.8        0          910      1095262    25253      56900.28   17653.99
Global   160      984067       6150         0.8        0          498      3263928    23502      47848.30   17748.14

[1;1H[2J
Get Statistics
Type     Time(s)  Ops          TPS(ops/s)   Net(M/s)   Get_miss   Min(us)  Max(us)    Avg(us)    Std_dev    Geo_dist  
Period   10       65370        6537         0.8        0          1172     253428     22125      20576.56   18134.50
Global   170      1049437      6173         0.9        0          498      3263928    23416      46619.12   17771.96

Total Statistics
Type     Time(s)  Ops          TPS(ops/s)   Net(M/s)   Get_miss   Min(us)  Max(us)    Avg(us)    Std_dev    Geo_dist  
Period   10       65370        6537         0.8        0          1172     253428     22125      20576.56   18134.50
Global   170      1049437      6173         0.9        0          498      3263928    23416      46619.12   17771.96

[1;1H[2J
Get Statistics
Type     Time(s)  Ops          TPS(ops/s)   Net(M/s)   Get_miss   Min(us)  Max(us)    Avg(us)    Std_dev    Geo_dist  
Period   10       56740        5674         0.8        0          1030     984244     24465      40596.24   18357.47
Global   180      1106177      6145         0.8        0          498      3263928    23470      46329.70   17801.54

Total Statistics
Type     Time(s)  Ops          TPS(ops/s)   Net(M/s)   Get_miss   Min(us)  Max(us)    Avg(us)    Std_dev    Geo_dist  
Period   10       56740        5674         0.8        0          1030     984244     24465      40596.24   18357.47
Global   180      1106177      6145         0.8        0          498      3263928    23470      46329.70   17801.54

[1;1H[2J
Get Statistics
Type     Time(s)  Ops          TPS(ops/s)   Net(M/s)   Get_miss   Min(us)  Max(us)    Avg(us)    Std_dev    Geo_dist  
Period   10       55382        5538         0.8        0          670      585609     27136      47737.87   18804.27
Global   190      1161559      6113         0.8        0          498      3263928    23645      46404.26   17848.11

Total Statistics
Type     Time(s)  Ops          TPS(ops/s)   Net(M/s)   Get_miss   Min(us)  Max(us)    Avg(us)    Std_dev    Geo_dist  
Period   10       55382        5538         0.8        0          670      585609     27136      47737.87   18804.27
Global   190      1161559      6113         0.8        0          498      3263928    23645      46404.26   17848.11

[1;1H[2J
Get Statistics
Type     Time(s)  Ops          TPS(ops/s)   Net(M/s)   Get_miss   Min(us)  Max(us)    Avg(us)    Std_dev    Geo_dist  
Period   10       57704        5770         0.8        0          1247     665472     25050      39108.93   19111.59
Global   200      1219263      6096         0.8        0          498      3263928    23711      46086.24   17905.98

Total Statistics
Type     Time(s)  Ops          TPS(ops/s)   Net(M/s)   Get_miss   Min(us)  Max(us)    Avg(us)    Std_dev    Geo_dist  
Period   10       57704        5770         0.8        0          1247     665472     25050      39108.93   19111.59
Global   200      1219263      6096         0.8        0          498      3263928    23711      46086.24   17905.98

[1;1H[2J
Get Statistics
Type     Time(s)  Ops          TPS(ops/s)   Net(M/s)   Get_miss   Min(us)  Max(us)    Avg(us)    Std_dev    Geo_dist  
Period   10       59912        5991         0.8        0          723      957556     24022      48398.93   17342.99
Global   210      1279175      6091         0.8        0          498      3263928    23726      46196.95   17879.21

Total Statistics
Type     Time(s)  Ops          TPS(ops/s)   Net(M/s)   Get_miss   Min(us)  Max(us)    Avg(us)    Std_dev    Geo_dist  
Period   10       59912        5991         0.8        0          723      957556     24022      48398.93   17342.99
Global   210      1279175      6091         0.8        0          498      3263928    23726      46196.95   17879.21

[1;1H[2J
Get Statistics
Type     Time(s)  Ops          TPS(ops/s)   Net(M/s)   Get_miss   Min(us)  Max(us)    Avg(us)    Std_dev    Geo_dist  
Period   10       58803        5880         0.8        0          893      513323     24688      35208.70   18015.54
Global   220      1337978      6081         0.8        0          498      3263928    23768      45770.04   17885.18

Total Statistics
Type     Time(s)  Ops          TPS(ops/s)   Net(M/s)   Get_miss   Min(us)  Max(us)    Avg(us)    Std_dev    Geo_dist  
Period   10       58803        5880         0.8        0          893      513323     24688      35208.70   18015.54
Global   220      1337978      6081         0.8        0          498      3263928    23768      45770.04   17885.18

[1;1H[2J
Get Statistics
Type     Time(s)  Ops          TPS(ops/s)   Net(M/s)   Get_miss   Min(us)  Max(us)    Avg(us)    Std_dev    Geo_dist  
Period   10       64027        6402         0.8        0          815      349564     22561      23939.80   17480.53
Global   230      1402005      6095         0.9        0          498      3263928    23713      45005.07   17866.49

Total Statistics
Type     Time(s)  Ops          TPS(ops/s)   Net(M/s)   Get_miss   Min(us)  Max(us)    Avg(us)    Std_dev    Geo_dist  
Period   10       64027        6402         0.8        0          815      349564     22561      23939.80   17480.53
Global   230      1402005      6095         0.9        0          498      3263928    23713      45005.07   17866.49

[1;1H[2J
Get Statistics
Type     Time(s)  Ops          TPS(ops/s)   Net(M/s)   Get_miss   Min(us)  Max(us)    Avg(us)    Std_dev    Geo_dist  
Period   10       65270        6527         0.8        0          900      264767     22177      20456.65   17939.51
Global   240      1467275      6113         0.9        0          498      3263928    23645      44204.71   17869.73

Total Statistics
Type     Time(s)  Ops          TPS(ops/s)   Net(M/s)   Get_miss   Min(us)  Max(us)    Avg(us)    Std_dev    Geo_dist  
Period   10       65270        6527         0.8        0          900      264767     22177      20456.65   17939.51
Global   240      1467275      6113         0.9        0          498      3263928    23645      44204.71   17869.73

[1;1H[2J
Get Statistics
Type     Time(s)  Ops          TPS(ops/s)   Net(M/s)   Get_miss   Min(us)  Max(us)    Avg(us)    Std_dev    Geo_dist  
Period   10       56667        5666         0.8        0          736      608031     25409      35053.31   19023.51
Global   250      1523942      6095         0.8        0          498      3263928    23710      43900.17   17911.36

Total Statistics
Type     Time(s)  Ops          TPS(ops/s)   Net(M/s)   Get_miss   Min(us)  Max(us)    Avg(us)    Std_dev    Geo_dist  
Period   10       56667        5666         0.8        0          736      608031     25409      35053.31   19023.51
Global   250      1523942      6095         0.8        0          498      3263928    23710      43900.17   17911.36

[1;1H[2J
Get Statistics
Type     Time(s)  Ops          TPS(ops/s)   Net(M/s)   Get_miss   Min(us)  Max(us)    Avg(us)    Std_dev    Geo_dist  
Period   10       61588        6158         0.8        0          1049     378335     23561      25752.31   18117.66
Global   260      1585530      6098         0.8        0          498      3263928    23705      43336.91   17919.33

Total Statistics
Type     Time(s)  Ops          TPS(ops/s)   Net(M/s)   Get_miss   Min(us)  Max(us)    Avg(us)    Std_dev    Geo_dist  
Period   10       61588        6158         0.8        0          1049     378335     23561      25752.31   18117.66
Global   260      1585530      6098         0.8        0          498      3263928    23705      43336.91   17919.33

[1;1H[2J
Get Statistics
Type     Time(s)  Ops          TPS(ops/s)   Net(M/s)   Get_miss   Min(us)  Max(us)    Avg(us)    Std_dev    Geo_dist  
Period   10       57145        5714         0.8        0          672      1044034    25294      36364.79   19019.95
Global   270      1642675      6083         0.8        0          498      3263928    23760      43114.42   17956.52

Total Statistics
Type     Time(s)  Ops          TPS(ops/s)   Net(M/s)   Get_miss   Min(us)  Max(us)    Avg(us)    Std_dev    Geo_dist  
Period   10       57145        5714         0.8        0          672      1044034    25294      36364.79   19019.95
Global   270      1642675      6083         0.8        0          498      3263928    23760      43114.42   17956.52

[1;1H[2J
Get Statistics
Type     Time(s)  Ops          TPS(ops/s)   Net(M/s)   Get_miss   Min(us)  Max(us)    Avg(us)    Std_dev    Geo_dist  
Period   10       59694        5969         0.8        0          906      321418     24218      26877.78   18663.68
Global   280      1702369      6079         0.8        0          498      3263928    23776      42649.89   17980.86

Total Statistics
Type     Time(s)  Ops          TPS(ops/s)   Net(M/s)   Get_miss   Min(us)  Max(us)    Avg(us)    Std_dev    Geo_dist  
Period   10       59695        5969         0.8        0          906      321418     24218      26877.90   18663.93
Global   280      1702370      6079         0.8        0          498      3263928    23776      42649.89   17980.87

[1;1H[2J
Get Statistics
Type     Time(s)  Ops          TPS(ops/s)   Net(M/s)   Get_miss   Min(us)  Max(us)    Avg(us)    Std_dev    Geo_dist  
Period   10       62799        6279         0.8        0          1170     278494     23000      21736.86   17948.29
Global   290      1765168      6086         0.9        0          498      3263928    23748      42085.01   17979.81

Total Statistics
Type     Time(s)  Ops          TPS(ops/s)   Net(M/s)   Get_miss   Min(us)  Max(us)    Avg(us)    Std_dev    Geo_dist  
Period   10       62798        6279         0.8        0          1170     278494     23001      21736.17   17951.09
Global   290      1765168      6086         0.9        0          498      3263928    23748      42085.01   17979.81

[1;1H[2J
Get Statistics
Type     Time(s)  Ops          TPS(ops/s)   Net(M/s)   Get_miss   Min(us)  Max(us)    Avg(us)    Std_dev    Geo_dist  
Period   10       53433        5343         0.8        0          592      663906     26966      45932.22   18961.03
Global   300      1818601      6062         0.7        0          498      3263928    23843      42206.28   18007.90

Total Statistics
Type     Time(s)  Ops          TPS(ops/s)   Net(M/s)   Get_miss   Min(us)  Max(us)    Avg(us)    Std_dev    Geo_dist  
Period   10       53434        5343         0.8        0          592      663906     26967      45932.04   18961.49
Global   300      1818602      6062         0.7        0          498      3263928    23843      42206.30   18007.92

[1;1H[2J
Get Statistics
Type     Time(s)  Ops          TPS(ops/s)   Net(M/s)   Get_miss   Min(us)  Max(us)    Avg(us)    Std_dev    Geo_dist  
Period   10       47883        4788         0.8        0          1128     587915     30297      54452.14   19986.37
Global   310      1866484      6020         0.7        0          498      3263928    24009      42576.49   18056.23

Total Statistics
Type     Time(s)  Ops          TPS(ops/s)   Net(M/s)   Get_miss   Min(us)  Max(us)    Avg(us)    Std_dev    Geo_dist  
Period   10       47882        4788         0.8        0          1128     587915     30298      54452.33   19990.50
Global   310      1866484      6020         0.7        0          498      3263928    24009      42576.49   18056.23

[1;1H[2J
Get Statistics
Type     Time(s)  Ops          TPS(ops/s)   Net(M/s)   Get_miss   Min(us)  Max(us)    Avg(us)    Std_dev    Geo_dist  
Period   10       55382        5538         0.8        0          1044     414657     26086      31795.28   19111.18
Global   320      1921866      6005         0.8        0          498      3263928    24068      42306.18   18085.80

Total Statistics
Type     Time(s)  Ops          TPS(ops/s)   Net(M/s)   Get_miss   Min(us)  Max(us)    Avg(us)    Std_dev    Geo_dist  
Period   10       55382        5538         0.8        0          1044     414657     26086      31795.28   19111.18
Global   320      1921866      6005         0.8        0          498      3263928    24068      42306.18   18085.80

[1;1H[2J
Get Statistics
Type     Time(s)  Ops          TPS(ops/s)   Net(M/s)   Get_miss   Min(us)  Max(us)    Avg(us)    Std_dev    Geo_dist  
Period   10       46743        4674         0.8        0          673      952557     30959      70227.01   19412.26
Global   330      1968609      5965         0.6        0          498      3263928    24232      43191.41   18116.22

Total Statistics
Type     Time(s)  Ops          TPS(ops/s)   Net(M/s)   Get_miss   Min(us)  Max(us)    Avg(us)    Std_dev    Geo_dist  
Period   10       46743        4674         0.8        0          673      952557     30959      70227.01   19412.26
Global   330      1968609      5965         0.6        0          498      3263928    24232      43191.41   18116.22

[1;1H[2J
Get Statistics
Type     Time(s)  Ops          TPS(ops/s)   Net(M/s)   Get_miss   Min(us)  Max(us)    Avg(us)    Std_dev    Geo_dist  
Period   10       52667        5266         0.8        0          1081     988845     26551      52393.71   18313.66
Global   340      2021276      5944         0.7        0          498      3263928    24292      43457.71   18121.34

Total Statistics
Type     Time(s)  Ops          TPS(ops/s)   Net(M/s)   Get_miss   Min(us)  Max(us)    Avg(us)    Std_dev    Geo_dist  
Period   10       52667        5266         0.8        0          1081     988845     26551      52393.71   18313.66
Global   340      2021276      5944         0.7        0          498      3263928    24292      43457.71   18121.34

[1;1H[2J
Get Statistics
Type     Time(s)  Ops          TPS(ops/s)   Net(M/s)   Get_miss   Min(us)  Max(us)    Avg(us)    Std_dev    Geo_dist  
Period   10       62996        6299         0.8        0          927      518158     23701      33757.73   17655.70
Global   350      2084272      5955         0.9        0          498      3263928    24275      43196.10   18107.09

Total Statistics
Type     Time(s)  Ops          TPS(ops/s)   Net(M/s)   Get_miss   Min(us)  Max(us)    Avg(us)    Std_dev    Geo_dist  
Period   10       62996        6299         0.8        0          927      518158     23701      33757.73   17655.70
Global   350      2084272      5955         0.9        0          498      3263928    24275      43196.10   18107.09

[1;1H[2J
Get Statistics
Type     Time(s)  Ops          TPS(ops/s)   Net(M/s)   Get_miss   Min(us)  Max(us)    Avg(us)    Std_dev    Geo_dist  
Period   10       46633        4663         0.8        0          1012     2368493    30962      108628.74  19172.68
Global   360      2130905      5919         0.6        0          498      3263928    24421      45653.85   18129.76

Total Statistics
Type     Time(s)  Ops          TPS(ops/s)   Net(M/s)   Get_miss   Min(us)  Max(us)    Avg(us)    Std_dev    Geo_dist  
Period   10       46633        4663         0.8        0          1012     2368493    30962      108628.74  19172.68
Global   360      2130905      5919         0.6        0          498      3263928    24421      45653.85   18129.76

Get Statistics (2131049 events)
   Min:       498
   Max:   3263928
   Avg:     24426
   Geo:  18131.79
   Std:  45656.07
   Log2 Dist:
       8:        0        1      132     6641
      12:    34901    19770   885423   859269
      16:   263461    38367    13526     7104
      20:     1877      415      162

Total Statistics (2131049 events)
   Min:       498
   Max:   3263928
   Avg:     24426
   Geo:  18131.79
   Std:  45656.07
   Log2 Dist:
       8:        0        1      132     6641
      12:    34901    19770   885423   859269
      16:   263461    38367    13526     7104
      20:     1877      415      162

cmd_get: 2131193
cmd_set: 147456
get_misses: 0
written_bytes: 70476038
read_bytes: 352802733
object_bytes: 21233664

Run time: 361.4s Ops: 2278649 TPS: 6304 Net_rate: 1.1M/s
