servers : 10.0.0.6:11212
threads count: 120
concurrency: 120
run time: 360s
windows size: 1k
set proportion: set_prop=0.00
get proportion: get_prop=1.00
[1;1H[2J
Get Statistics
Type     Time(s)  Ops          TPS(ops/s)   Net(M/s)   Get_miss   Min(us)  Max(us)    Avg(us)    Std_dev    Geo_dist  
Period   10       21537        2153         0.3        0          436      349316     55637      83252.83   18328.97
Global   10       21537        2153         0.3        0          436      349316     55637      83252.83   18328.97

Total Statistics
Type     Time(s)  Ops          TPS(ops/s)   Net(M/s)   Get_miss   Min(us)  Max(us)    Avg(us)    Std_dev    Geo_dist  
Period   10       21537        2153         0.3        0          436      349316     55637      83252.83   18328.97
Global   10       21537        2153         0.3        0          436      349316     55637      83252.83   18328.97

[1;1H[2J
Get Statistics
Type     Time(s)  Ops          TPS(ops/s)   Net(M/s)   Get_miss   Min(us)  Max(us)    Avg(us)    Std_dev    Geo_dist  
Period   10       22515        2251         0.3        0          401      349232     53692      88187.26   15142.42
Global   20       44052        2202         0.3        0          401      349316     54643      85814.76   16624.40

Total Statistics
Type     Time(s)  Ops          TPS(ops/s)   Net(M/s)   Get_miss   Min(us)  Max(us)    Avg(us)    Std_dev    Geo_dist  
Period   10       22515        2251         0.3        0          401      349232     53692      88187.26   15142.42
Global   20       44052        2202         0.3        0          401      349316     54643      85814.76   16624.40

[1;1H[2J
Get Statistics
Type     Time(s)  Ops          TPS(ops/s)   Net(M/s)   Get_miss   Min(us)  Max(us)    Avg(us)    Std_dev    Geo_dist  
Period   10       23147        2314         0.3        0          387      520572     52418      86161.59   15785.87
Global   30       67199        2239         0.3        0          387      520572     53877      85939.99   16330.65

Total Statistics
Type     Time(s)  Ops          TPS(ops/s)   Net(M/s)   Get_miss   Min(us)  Max(us)    Avg(us)    Std_dev    Geo_dist  
Period   10       23147        2314         0.3        0          387      520572     52418      86161.59   15785.87
Global   30       67199        2239         0.3        0          387      520572     53877      85939.99   16330.65

[1;1H[2J
Get Statistics
Type     Time(s)  Ops          TPS(ops/s)   Net(M/s)   Get_miss   Min(us)  Max(us)    Avg(us)    Std_dev    Geo_dist  
Period   10       21827        2182         0.3        0          383      316071     54852      88550.69   15479.54
Global   40       89026        2225         0.3        0          383      520572     54116      86587.89   16117.75

Total Statistics
Type     Time(s)  Ops          TPS(ops/s)   Net(M/s)   Get_miss   Min(us)  Max(us)    Avg(us)    Std_dev    Geo_dist  
Period   10       21827        2182         0.3        0          383      316071     54852      88550.69   15479.54
Global   40       89026        2225         0.3        0          383      520572     54116      86587.89   16117.75

[1;1H[2J
Get Statistics
Type     Time(s)  Ops          TPS(ops/s)   Net(M/s)   Get_miss   Min(us)  Max(us)    Avg(us)    Std_dev    Geo_dist  
Period   10       21583        2158         0.3        0          373      425427     56039      87910.21   16783.85
Global   50       110609       2212         0.3        0          373      520572     54491      86850.59   16245.61

Total Statistics
Type     Time(s)  Ops          TPS(ops/s)   Net(M/s)   Get_miss   Min(us)  Max(us)    Avg(us)    Std_dev    Geo_dist  
Period   10       21583        2158         0.3        0          373      425427     56039      87910.21   16783.85
Global   50       110609       2212         0.3        0          373      520572     54491      86850.59   16245.61

[1;1H[2J
Get Statistics
Type     Time(s)  Ops          TPS(ops/s)   Net(M/s)   Get_miss   Min(us)  Max(us)    Avg(us)    Std_dev    Geo_dist  
Period   10       20750        2075         0.3        0          399      324757     57945      98834.78   14003.29
Global   60       131359       2189         0.3        0          373      520572     55037      88859.51   15868.89

Total Statistics
Type     Time(s)  Ops          TPS(ops/s)   Net(M/s)   Get_miss   Min(us)  Max(us)    Avg(us)    Std_dev    Geo_dist  
Period   10       20750        2075         0.3        0          399      324757     57945      98834.78   14003.29
Global   60       131359       2189         0.3        0          373      520572     55037      88859.51   15868.89

[1;1H[2J
Get Statistics
Type     Time(s)  Ops          TPS(ops/s)   Net(M/s)   Get_miss   Min(us)  Max(us)    Avg(us)    Std_dev    Geo_dist  
Period   10       21786        2178         0.3        0          364      577292     55245      93671.37   15486.04
Global   70       153145       2187         0.3        0          364      577292     55066      89559.88   15813.85

Total Statistics
Type     Time(s)  Ops          TPS(ops/s)   Net(M/s)   Get_miss   Min(us)  Max(us)    Avg(us)    Std_dev    Geo_dist  
Period   10       21786        2178         0.3        0          364      577292     55245      93671.37   15486.04
Global   70       153145       2187         0.3        0          364      577292     55066      89559.88   15813.85

[1;1H[2J
Get Statistics
Type     Time(s)  Ops          TPS(ops/s)   Net(M/s)   Get_miss   Min(us)  Max(us)    Avg(us)    Std_dev    Geo_dist  
Period   10       21167        2116         0.3        0          393      318459     57036      97849.52   13105.49
Global   80       174312       2178         0.3        0          364      577292     55306      90608.48   15457.20

Total Statistics
Type     Time(s)  Ops          TPS(ops/s)   Net(M/s)   Get_miss   Min(us)  Max(us)    Avg(us)    Std_dev    Geo_dist  
Period   10       21167        2116         0.3        0          393      318459     57036      97849.52   13105.49
Global   80       174312       2178         0.3        0          364      577292     55306      90608.48   15457.20

[1;1H[2J
Get Statistics
Type     Time(s)  Ops          TPS(ops/s)   Net(M/s)   Get_miss   Min(us)  Max(us)    Avg(us)    Std_dev    Geo_dist  
Period   10       20777        2077         0.3        0          399      334382     57849      92813.18   16136.33
Global   90       195089       2167         0.3        0          364      577292     55576      90849.48   15528.14

Total Statistics
Type     Time(s)  Ops          TPS(ops/s)   Net(M/s)   Get_miss   Min(us)  Max(us)    Avg(us)    Std_dev    Geo_dist  
Period   10       20777        2077         0.3        0          399      334382     57849      92813.18   16136.33
Global   90       195089       2167         0.3        0          364      577292     55576      90849.48   15528.14

[1;1H[2J
Get Statistics
Type     Time(s)  Ops          TPS(ops/s)   Net(M/s)   Get_miss   Min(us)  Max(us)    Avg(us)    Std_dev    Geo_dist  
Period   10       19660        1966         0.3        0          357      839341     61210      110130.47  15961.90
Global   100      214749       2147         0.3        0          357      839341     56092      92795.20   15567.36

Total Statistics
Type     Time(s)  Ops          TPS(ops/s)   Net(M/s)   Get_miss   Min(us)  Max(us)    Avg(us)    Std_dev    Geo_dist  
Period   10       19660        1966         0.3        0          357      839341     61210      110130.47  15961.90
Global   100      214749       2147         0.3        0          357      839341     56092      92795.20   15567.36

[1;1H[2J
Get Statistics
Type     Time(s)  Ops          TPS(ops/s)   Net(M/s)   Get_miss   Min(us)  Max(us)    Avg(us)    Std_dev    Geo_dist  
Period   10       20423        2042         0.3        0          365      314860     59144      98930.87   15050.62
Global   110      235172       2137         0.3        0          357      839341     56357      93347.79   15521.79

Total Statistics
Type     Time(s)  Ops          TPS(ops/s)   Net(M/s)   Get_miss   Min(us)  Max(us)    Avg(us)    Std_dev    Geo_dist  
Period   10       20423        2042         0.3        0          365      314860     59144      98930.87   15050.62
Global   110      235172       2137         0.3        0          357      839341     56357      93347.79   15521.79

[1;1H[2J
Get Statistics
Type     Time(s)  Ops          TPS(ops/s)   Net(M/s)   Get_miss   Min(us)  Max(us)    Avg(us)    Std_dev    Geo_dist  
Period   10       20546        2054         0.3        0          371      349738     58568      98331.60   14485.16
Global   120      255718       2130         0.3        0          357      839341     56535      93759.53   15435.83

Total Statistics
Type     Time(s)  Ops          TPS(ops/s)   Net(M/s)   Get_miss   Min(us)  Max(us)    Avg(us)    Std_dev    Geo_dist  
Period   10       20546        2054         0.3        0          371      349738     58568      98331.60   14485.16
Global   120      255718       2130         0.3        0          357      839341     56535      93759.53   15435.83

[1;1H[2J
Get Statistics
Type     Time(s)  Ops          TPS(ops/s)   Net(M/s)   Get_miss   Min(us)  Max(us)    Avg(us)    Std_dev    Geo_dist  
Period   10       21353        2135         0.3        0          378      342213     56489      98049.41   12791.28
Global   130      277071       2131         0.3        0          357      839341     56531      94097.18   15213.88

Total Statistics
Type     Time(s)  Ops          TPS(ops/s)   Net(M/s)   Get_miss   Min(us)  Max(us)    Avg(us)    Std_dev    Geo_dist  
Period   10       21353        2135         0.3        0          378      342213     56489      98049.41   12791.28
Global   130      277071       2131         0.3        0          357      839341     56531      94097.18   15213.88

[1;1H[2J
Get Statistics
Type     Time(s)  Ops          TPS(ops/s)   Net(M/s)   Get_miss   Min(us)  Max(us)    Avg(us)    Std_dev    Geo_dist  
Period   10       21489        2148         0.3        0          357      325239     55962      95278.95   13531.53
Global   140      298560       2132         0.3        0          357      839341     56490      94182.72   15086.10

Total Statistics
Type     Time(s)  Ops          TPS(ops/s)   Net(M/s)   Get_miss   Min(us)  Max(us)    Avg(us)    Std_dev    Geo_dist  
Period   10       21489        2148         0.3        0          357      325239     55962      95278.95   13531.53
Global   140      298560       2132         0.3        0          357      839341     56490      94182.72   15086.10

[1;1H[2J
Get Statistics
Type     Time(s)  Ops          TPS(ops/s)   Net(M/s)   Get_miss   Min(us)  Max(us)    Avg(us)    Std_dev    Geo_dist  
Period   10       21483        2148         0.3        0          371      322849     56138      94885.53   13574.74
Global   150      320043       2133         0.3        0          357      839341     56467      94229.57   14979.58

Total Statistics
Type     Time(s)  Ops          TPS(ops/s)   Net(M/s)   Get_miss   Min(us)  Max(us)    Avg(us)    Std_dev    Geo_dist  
Period   10       21483        2148         0.3        0          371      322849     56138      94885.53   13574.74
Global   150      320043       2133         0.3        0          357      839341     56467      94229.57   14979.58

[1;1H[2J
Get Statistics
Type     Time(s)  Ops          TPS(ops/s)   Net(M/s)   Get_miss   Min(us)  Max(us)    Avg(us)    Std_dev    Geo_dist  
Period   10       20894        2089         0.3        0          368      355826     55481      96048.55   13759.23
Global   160      340937       2130         0.3        0          357      839341     56406      94342.55   14901.77

Total Statistics
Type     Time(s)  Ops          TPS(ops/s)   Net(M/s)   Get_miss   Min(us)  Max(us)    Avg(us)    Std_dev    Geo_dist  
Period   10       20894        2089         0.3        0          368      355826     55481      96048.55   13759.23
Global   160      340937       2130         0.3        0          357      839341     56406      94342.55   14901.77

[1;1H[2J
Get Statistics
Type     Time(s)  Ops          TPS(ops/s)   Net(M/s)   Get_miss   Min(us)  Max(us)    Avg(us)    Std_dev    Geo_dist  
Period   10       20264        2026         0.3        0          387      706714     61677      104259.04  16422.50
Global   170      361201       2124         0.3        0          357      839341     56702      94933.74   14983.23

Total Statistics
Type     Time(s)  Ops          TPS(ops/s)   Net(M/s)   Get_miss   Min(us)  Max(us)    Avg(us)    Std_dev    Geo_dist  
Period   10       20264        2026         0.3        0          387      706714     61677      104259.04  16422.50
Global   170      361201       2124         0.3        0          357      839341     56702      94933.74   14983.23

[1;1H[2J
Get Statistics
Type     Time(s)  Ops          TPS(ops/s)   Net(M/s)   Get_miss   Min(us)  Max(us)    Avg(us)    Std_dev    Geo_dist  
Period   10       21115        2111         0.3        0          373      407894     57078      92375.20   16555.81
Global   180      382316       2123         0.3        0          357      839341     56723      94794.01   15066.05

Total Statistics
Type     Time(s)  Ops          TPS(ops/s)   Net(M/s)   Get_miss   Min(us)  Max(us)    Avg(us)    Std_dev    Geo_dist  
Period   10       21115        2111         0.3        0          373      407894     57078      92375.20   16555.81
Global   180      382316       2123         0.3        0          357      839341     56723      94794.01   15066.05

[1;1H[2J
Get Statistics
Type     Time(s)  Ops          TPS(ops/s)   Net(M/s)   Get_miss   Min(us)  Max(us)    Avg(us)    Std_dev    Geo_dist  
Period   10       21460        2146         0.3        0          371      309088     56303      81993.66   19469.47
Global   190      403776       2125         0.3        0          357      839341     56700      94157.86   15272.76

Total Statistics
Type     Time(s)  Ops          TPS(ops/s)   Net(M/s)   Get_miss   Min(us)  Max(us)    Avg(us)    Std_dev    Geo_dist  
Period   10       21460        2146         0.3        0          371      309088     56303      81993.66   19469.47
Global   190      403776       2125         0.3        0          357      839341     56700      94157.86   15272.76

[1;1H[2J
Get Statistics
Type     Time(s)  Ops          TPS(ops/s)   Net(M/s)   Get_miss   Min(us)  Max(us)    Avg(us)    Std_dev    Geo_dist  
Period   10       20504        2050         0.3        0          377      521889     58556      90276.22   18988.32
Global   200      424280       2121         0.3        0          357      839341     56790      93974.51   15434.33

Total Statistics
Type     Time(s)  Ops          TPS(ops/s)   Net(M/s)   Get_miss   Min(us)  Max(us)    Avg(us)    Std_dev    Geo_dist  
Period   10       20504        2050         0.3        0          377      521889     58556      90276.22   18988.32
Global   200      424280       2121         0.3        0          357      839341     56790      93974.51   15434.33

[1;1H[2J
Get Statistics
Type     Time(s)  Ops          TPS(ops/s)   Net(M/s)   Get_miss   Min(us)  Max(us)    Avg(us)    Std_dev    Geo_dist  
Period   10       21646        2164         0.3        0          366      332711     55659      76285.49   20411.07
Global   210      445926       2123         0.3        0          357      839341     56735      93193.73   15645.15

Total Statistics
Type     Time(s)  Ops          TPS(ops/s)   Net(M/s)   Get_miss   Min(us)  Max(us)    Avg(us)    Std_dev    Geo_dist  
Period   10       21646        2164         0.3        0          366      332711     55659      76285.49   20411.07
Global   210      445926       2123         0.3        0          357      839341     56735      93193.73   15645.15

[1;1H[2J
Get Statistics
Type     Time(s)  Ops          TPS(ops/s)   Net(M/s)   Get_miss   Min(us)  Max(us)    Avg(us)    Std_dev    Geo_dist  
Period   10       20806        2080         0.3        0          340      304715     57949      92302.18   17033.83
Global   220      466732       2121         0.3        0          340      839341     56789      93154.48   15704.57

Total Statistics
Type     Time(s)  Ops          TPS(ops/s)   Net(M/s)   Get_miss   Min(us)  Max(us)    Avg(us)    Std_dev    Geo_dist  
Period   10       20806        2080         0.3        0          340      304715     57949      92302.18   17033.83
Global   220      466732       2121         0.3        0          340      839341     56789      93154.48   15704.57

[1;1H[2J
Get Statistics
Type     Time(s)  Ops          TPS(ops/s)   Net(M/s)   Get_miss   Min(us)  Max(us)    Avg(us)    Std_dev    Geo_dist  
Period   10       21876        2187         0.3        0          378      286229     55004      82964.55   18907.07
Global   230      488608       2124         0.3        0          340      839341     56709      92722.91   15835.60

Total Statistics
Type     Time(s)  Ops          TPS(ops/s)   Net(M/s)   Get_miss   Min(us)  Max(us)    Avg(us)    Std_dev    Geo_dist  
Period   10       21876        2187         0.3        0          378      286229     55004      82964.55   18907.07
Global   230      488608       2124         0.3        0          340      839341     56709      92722.91   15835.60

[1;1H[2J
Get Statistics
Type     Time(s)  Ops          TPS(ops/s)   Net(M/s)   Get_miss   Min(us)  Max(us)    Avg(us)    Std_dev    Geo_dist  
Period   10       20802        2080         0.3        0          373      347000     57965      88735.92   18536.04
Global   240      509410       2122         0.3        0          340      839341     56761      92563.28   15937.75

Total Statistics
Type     Time(s)  Ops          TPS(ops/s)   Net(M/s)   Get_miss   Min(us)  Max(us)    Avg(us)    Std_dev    Geo_dist  
Period   10       20802        2080         0.3        0          373      347000     57965      88735.92   18536.04
Global   240      509410       2122         0.3        0          340      839341     56761      92563.28   15937.75

[1;1H[2J
Get Statistics
Type     Time(s)  Ops          TPS(ops/s)   Net(M/s)   Get_miss   Min(us)  Max(us)    Avg(us)    Std_dev    Geo_dist  
Period   10       20811        2081         0.3        0          355      311364     58013      72098.69   23293.49
Global   250      530221       2120         0.3        0          340      839341     56810      91846.42   16176.91

Total Statistics
Type     Time(s)  Ops          TPS(ops/s)   Net(M/s)   Get_miss   Min(us)  Max(us)    Avg(us)    Std_dev    Geo_dist  
Period   10       20811        2081         0.3        0          355      311364     58013      72098.69   23293.49
Global   250      530221       2120         0.3        0          340      839341     56810      91846.42   16176.91

[1;1H[2J
Get Statistics
Type     Time(s)  Ops          TPS(ops/s)   Net(M/s)   Get_miss   Min(us)  Max(us)    Avg(us)    Std_dev    Geo_dist  
Period   10       20537        2053         0.3        0          392      480563     58654      91650.49   18353.76
Global   260      550758       2118         0.3        0          340      839341     56879      91839.55   16253.25

Total Statistics
Type     Time(s)  Ops          TPS(ops/s)   Net(M/s)   Get_miss   Min(us)  Max(us)    Avg(us)    Std_dev    Geo_dist  
Period   10       20537        2053         0.3        0          392      480563     58653      91651.05   18345.07
Global   260      550758       2118         0.3        0          340      839341     56879      91839.55   16253.25

[1;1H[2J
Get Statistics
Type     Time(s)  Ops          TPS(ops/s)   Net(M/s)   Get_miss   Min(us)  Max(us)    Avg(us)    Std_dev    Geo_dist  
Period   10       21270        2127         0.3        0          424      317589     56725      72919.33   24087.92
Global   270      572028       2118         0.3        0          340      839341     56873      91206.44   16492.76

Total Statistics
Type     Time(s)  Ops          TPS(ops/s)   Net(M/s)   Get_miss   Min(us)  Max(us)    Avg(us)    Std_dev    Geo_dist  
Period   10       21270        2127         0.3        0          424      317589     56725      72919.33   24087.92
Global   270      572028       2118         0.3        0          340      839341     56873      91206.44   16492.76

[1;1H[2J
Get Statistics
Type     Time(s)  Ops          TPS(ops/s)   Net(M/s)   Get_miss   Min(us)  Max(us)    Avg(us)    Std_dev    Geo_dist  
Period   10       21250        2125         0.3        0          359      329750     56529      78773.25   21378.64
Global   280      593278       2118         0.3        0          340      839341     56860      90790.90   16646.75

Total Statistics
Type     Time(s)  Ops          TPS(ops/s)   Net(M/s)   Get_miss   Min(us)  Max(us)    Avg(us)    Std_dev    Geo_dist  
Period   10       21250        2125         0.3        0          359      329750     56529      78773.25   21378.64
Global   280      593278       2118         0.3        0          340      839341     56860      90790.90   16646.75

[1;1H[2J
Get Statistics
Type     Time(s)  Ops          TPS(ops/s)   Net(M/s)   Get_miss   Min(us)  Max(us)    Avg(us)    Std_dev    Geo_dist  
Period   10       22191        2219         0.3        0          395      291750     54478      85887.08   16639.28
Global   290      615469       2122         0.3        0          340      839341     56775      90619.17   16646.48

Total Statistics
Type     Time(s)  Ops          TPS(ops/s)   Net(M/s)   Get_miss   Min(us)  Max(us)    Avg(us)    Std_dev    Geo_dist  
Period   10       22191        2219         0.3        0          395      291750     54478      85887.08   16639.28
Global   290      615469       2122         0.3        0          340      839341     56775      90619.17   16646.48

[1;1H[2J
Get Statistics
Type     Time(s)  Ops          TPS(ops/s)   Net(M/s)   Get_miss   Min(us)  Max(us)    Avg(us)    Std_dev    Geo_dist  
Period   10       21474        2147         0.3        0          373      453775     56015      92210.27   15687.22
Global   300      636943       2123         0.3        0          340      839341     56749      90673.54   16613.21

Total Statistics
Type     Time(s)  Ops          TPS(ops/s)   Net(M/s)   Get_miss   Min(us)  Max(us)    Avg(us)    Std_dev    Geo_dist  
Period   10       21474        2147         0.3        0          373      453775     56015      92210.27   15687.22
Global   300      636943       2123         0.3        0          340      839341     56749      90673.54   16613.21

[1;1H[2J
Get Statistics
Type     Time(s)  Ops          TPS(ops/s)   Net(M/s)   Get_miss   Min(us)  Max(us)    Avg(us)    Std_dev    Geo_dist  
Period   10       21476        2147         0.3        0          376      387462     55834      93601.51   14738.13
Global   310      658419       2123         0.3        0          340      839341     56719      90770.70   16548.44

Total Statistics
Type     Time(s)  Ops          TPS(ops/s)   Net(M/s)   Get_miss   Min(us)  Max(us)    Avg(us)    Std_dev    Geo_dist  
Period   10       21476        2147         0.3        0          376      387462     55834      93601.51   14738.13
Global   310      658419       2123         0.3        0          340      839341     56719      90770.70   16548.44

[1;1H[2J
Get Statistics
Type     Time(s)  Ops          TPS(ops/s)   Net(M/s)   Get_miss   Min(us)  Max(us)    Avg(us)    Std_dev    Geo_dist  
Period   10       21485        2148         0.3        0          393      335873     56151      94573.81   13834.95
Global   320      679904       2124         0.3        0          340      839341     56701      90893.33   16455.05

Total Statistics
Type     Time(s)  Ops          TPS(ops/s)   Net(M/s)   Get_miss   Min(us)  Max(us)    Avg(us)    Std_dev    Geo_dist  
Period   10       21485        2148         0.3        0          393      335873     56151      94573.81   13834.95
Global   320      679904       2124         0.3        0          340      839341     56701      90893.33   16455.05

[1;1H[2J
Get Statistics
Type     Time(s)  Ops          TPS(ops/s)   Net(M/s)   Get_miss   Min(us)  Max(us)    Avg(us)    Std_dev    Geo_dist  
Period   10       21163        2116         0.3        0          355      391589     57089      97296.75   13798.09
Global   330      701067       2124         0.3        0          340      839341     56713      91092.99   16367.81

Total Statistics
Type     Time(s)  Ops          TPS(ops/s)   Net(M/s)   Get_miss   Min(us)  Max(us)    Avg(us)    Std_dev    Geo_dist  
Period   10       21163        2116         0.3        0          355      391589     57089      97296.75   13798.09
Global   330      701067       2124         0.3        0          340      839341     56713      91092.99   16367.81

[1;1H[2J
Get Statistics
Type     Time(s)  Ops          TPS(ops/s)   Net(M/s)   Get_miss   Min(us)  Max(us)    Avg(us)    Std_dev    Geo_dist  
Period   10       21474        2147         0.3        0          352      316768     56052      94640.12   13833.87
Global   340      722541       2125         0.3        0          340      839341     56693      91200.62   16286.19

Total Statistics
Type     Time(s)  Ops          TPS(ops/s)   Net(M/s)   Get_miss   Min(us)  Max(us)    Avg(us)    Std_dev    Geo_dist  
Period   10       21474        2147         0.3        0          352      316768     56052      94640.12   13833.87
Global   340      722541       2125         0.3        0          340      839341     56693      91200.62   16286.19

[1;1H[2J
Get Statistics
Type     Time(s)  Ops          TPS(ops/s)   Net(M/s)   Get_miss   Min(us)  Max(us)    Avg(us)    Std_dev    Geo_dist  
Period   10       20896        2089         0.3        0          383      414184     57425      96380.58   14753.99
Global   350      743437       2124         0.3        0          340      839341     56714      91349.97   16241.03

Total Statistics
Type     Time(s)  Ops          TPS(ops/s)   Net(M/s)   Get_miss   Min(us)  Max(us)    Avg(us)    Std_dev    Geo_dist  
Period   10       20896        2089         0.3        0          383      414184     57425      96380.58   14753.99
Global   350      743437       2124         0.3        0          340      839341     56714      91349.97   16241.03

[1;1H[2J
Get Statistics
Type     Time(s)  Ops          TPS(ops/s)   Net(M/s)   Get_miss   Min(us)  Max(us)    Avg(us)    Std_dev    Geo_dist  
Period   10       21458        2145         0.3        0          373      324744     56497      93433.01   14926.31
Global   360      764895       2124         0.3        0          340      839341     56708      91408.95   16202.61

Total Statistics
Type     Time(s)  Ops          TPS(ops/s)   Net(M/s)   Get_miss   Min(us)  Max(us)    Avg(us)    Std_dev    Geo_dist  
Period   10       21458        2145         0.3        0          373      324744     56497      93433.01   14926.31
Global   360      764895       2124         0.3        0          340      839341     56708      91408.95   16202.61

Get Statistics (765015 events)
   Min:       340
   Max:    839341
   Avg:     56720
   Geo:  16207.40
   Std:  91408.38
   Log2 Dist:
       8:        0     1215    11481    37636
      12:    87518   108486   260737    69652
      16:    24728    12901   121417    28936
      20:      308

Total Statistics (765015 events)
   Min:       340
   Max:    839341
   Avg:     56720
   Geo:  16207.40
   Std:  91408.38
   Log2 Dist:
       8:        0     1215    11481    37636
      12:    87518   108486   260737    69652
      16:    24728    12901   121417    28936
      20:      308

cmd_get: 765135
cmd_set: 122880
get_misses: 0
written_bytes: 36491130
read_bytes: 127210515
object_bytes: 17694720

Run time: 361.6s Ops: 888015 TPS: 2456 Net_rate: 0.4M/s
