servers : 10.0.0.6:11212
threads count: 192
concurrency: 192
run time: 360s
windows size: 1k
set proportion: set_prop=0.00
get proportion: get_prop=1.00
[1;1H[2J
Get Statistics
Type     Time(s)  Ops          TPS(ops/s)   Net(M/s)   Get_miss   Min(us)  Max(us)    Avg(us)    Std_dev    Geo_dist  
Period   10       25161        2516         0.3        0          421      560802     75239      130919.28  18669.82
Global   10       25161        2516         0.3        0          421      560802     75239      130919.28  18669.82

Total Statistics
Type     Time(s)  Ops          TPS(ops/s)   Net(M/s)   Get_miss   Min(us)  Max(us)    Avg(us)    Std_dev    Geo_dist  
Period   10       25161        2516         0.3        0          421      560802     75239      130919.28  18669.82
Global   10       25161        2516         0.3        0          421      560802     75239      130919.28  18669.82

[1;1H[2J
Get Statistics
Type     Time(s)  Ops          TPS(ops/s)   Net(M/s)   Get_miss   Min(us)  Max(us)    Avg(us)    Std_dev    Geo_dist  
Period   10       20250        2025         0.3        0          414      561586     95296      173267.00  15396.31
Global   20       45411        2270         0.3        0          414      561586     84183      151601.34  17131.90

Total Statistics
Type     Time(s)  Ops          TPS(ops/s)   Net(M/s)   Get_miss   Min(us)  Max(us)    Avg(us)    Std_dev    Geo_dist  
Period   10       20251        2025         0.3        0          414      561586     95291      173264.17  15394.51
Global   20       45412        2270         0.3        0          414      561586     84181      151600.27  17130.96

[1;1H[2J
Get Statistics
Type     Time(s)  Ops          TPS(ops/s)   Net(M/s)   Get_miss   Min(us)  Max(us)    Avg(us)    Std_dev    Geo_dist  
Period   10       20117        2011         0.3        0          425      604514     95359      176635.88  14691.61
Global   30       65528        2184         0.3        0          414      604514     87614      159786.71  16344.28

Total Statistics
Type     Time(s)  Ops          TPS(ops/s)   Net(M/s)   Get_miss   Min(us)  Max(us)    Avg(us)    Std_dev    Geo_dist  
Period   10       20116        2011         0.3        0          425      604514     95364      176638.85  14698.62
Global   30       65528        2184         0.3        0          414      604514     87614      159786.71  16344.28

[1;1H[2J
Get Statistics
Type     Time(s)  Ops          TPS(ops/s)   Net(M/s)   Get_miss   Min(us)  Max(us)    Avg(us)    Std_dev    Geo_dist  
Period   10       20427        2042         0.3        0          423      575343     94189      171781.70  15235.51
Global   40       85955        2148         0.3        0          414      604514     89177      162740.20  16073.69

Total Statistics
Type     Time(s)  Ops          TPS(ops/s)   Net(M/s)   Get_miss   Min(us)  Max(us)    Avg(us)    Std_dev    Geo_dist  
Period   10       20427        2042         0.3        0          423      575343     94189      171781.70  15235.51
Global   40       85955        2148         0.3        0          414      604514     89177      162740.20  16073.69

[1;1H[2J
Get Statistics
Type     Time(s)  Ops          TPS(ops/s)   Net(M/s)   Get_miss   Min(us)  Max(us)    Avg(us)    Std_dev    Geo_dist  
Period   10       19442        1944         0.3        0          401      747931     99448      186706.33  14340.27
Global   50       105397       2107         0.3        0          401      747931     91071      167466.15  15738.88

Total Statistics
Type     Time(s)  Ops          TPS(ops/s)   Net(M/s)   Get_miss   Min(us)  Max(us)    Avg(us)    Std_dev    Geo_dist  
Period   10       19442        1944         0.3        0          401      747931     99448      186706.33  14340.27
Global   50       105397       2107         0.3        0          401      747931     91071      167466.15  15738.88

[1;1H[2J
Get Statistics
Type     Time(s)  Ops          TPS(ops/s)   Net(M/s)   Get_miss   Min(us)  Max(us)    Avg(us)    Std_dev    Geo_dist  
Period   10       19296        1929         0.3        0          441      755732     99742      186938.22  15623.86
Global   60       124693       2078         0.3        0          401      755732     92413      170652.73  15721.02

Total Statistics
Type     Time(s)  Ops          TPS(ops/s)   Net(M/s)   Get_miss   Min(us)  Max(us)    Avg(us)    Std_dev    Geo_dist  
Period   10       19296        1929         0.3        0          441      755732     99742      186938.22  15623.86
Global   60       124693       2078         0.3        0          401      755732     92413      170652.73  15721.02

[1;1H[2J
Get Statistics
Type     Time(s)  Ops          TPS(ops/s)   Net(M/s)   Get_miss   Min(us)  Max(us)    Avg(us)    Std_dev    Geo_dist  
Period   10       21052        2105         0.3        0          430      580598     91918      169741.69  15655.91
Global   70       145745       2082         0.3        0          401      755732     92342      170520.67  15711.60

Total Statistics
Type     Time(s)  Ops          TPS(ops/s)   Net(M/s)   Get_miss   Min(us)  Max(us)    Avg(us)    Std_dev    Geo_dist  
Period   10       21052        2105         0.3        0          430      580598     91918      169741.69  15655.91
Global   70       145745       2082         0.3        0          401      755732     92342      170520.67  15711.60

[1;1H[2J
Get Statistics
Type     Time(s)  Ops          TPS(ops/s)   Net(M/s)   Get_miss   Min(us)  Max(us)    Avg(us)    Std_dev    Geo_dist  
Period   10       20800        2080         0.3        0          426      515079     92266      167464.18  16224.12
Global   80       166545       2081         0.3        0          401      755732     92332      170141.73  15774.72

Total Statistics
Type     Time(s)  Ops          TPS(ops/s)   Net(M/s)   Get_miss   Min(us)  Max(us)    Avg(us)    Std_dev    Geo_dist  
Period   10       20800        2080         0.3        0          426      515079     92266      167464.18  16224.12
Global   80       166545       2081         0.3        0          401      755732     92332      170141.73  15774.72

[1;1H[2J
Get Statistics
Type     Time(s)  Ops          TPS(ops/s)   Net(M/s)   Get_miss   Min(us)  Max(us)    Avg(us)    Std_dev    Geo_dist  
Period   10       21226        2122         0.3        0          473      535823     91195      166424.18  16109.67
Global   90       187771       2086         0.3        0          401      755732     92204      169725.23  15812.23

Total Statistics
Type     Time(s)  Ops          TPS(ops/s)   Net(M/s)   Get_miss   Min(us)  Max(us)    Avg(us)    Std_dev    Geo_dist  
Period   10       21226        2122         0.3        0          473      535823     91195      166424.18  16109.67
Global   90       187771       2086         0.3        0          401      755732     92204      169725.23  15812.23

[1;1H[2J
Get Statistics
Type     Time(s)  Ops          TPS(ops/s)   Net(M/s)   Get_miss   Min(us)  Max(us)    Avg(us)    Std_dev    Geo_dist  
Period   10       20546        2054         0.3        0          435      557342     93856      170249.57  16977.13
Global   100      208317       2083         0.3        0          401      755732     92367      169777.28  15923.47

Total Statistics
Type     Time(s)  Ops          TPS(ops/s)   Net(M/s)   Get_miss   Min(us)  Max(us)    Avg(us)    Std_dev    Geo_dist  
Period   10       20546        2054         0.3        0          435      557342     93856      170249.57  16977.13
Global   100      208317       2083         0.3        0          401      755732     92367      169777.28  15923.47

[1;1H[2J
Get Statistics
Type     Time(s)  Ops          TPS(ops/s)   Net(M/s)   Get_miss   Min(us)  Max(us)    Avg(us)    Std_dev    Geo_dist  
Period   10       20258        2025         0.3        0          436      553657     95010      170901.12  17494.82
Global   110      228575       2077         0.3        0          401      755732     92601      169878.60  16056.84

Total Statistics
Type     Time(s)  Ops          TPS(ops/s)   Net(M/s)   Get_miss   Min(us)  Max(us)    Avg(us)    Std_dev    Geo_dist  
Period   10       20258        2025         0.3        0          436      553657     95010      170901.12  17494.82
Global   110      228575       2077         0.3        0          401      755732     92601      169878.60  16056.84

[1;1H[2J
Get Statistics
Type     Time(s)  Ops          TPS(ops/s)   Net(M/s)   Get_miss   Min(us)  Max(us)    Avg(us)    Std_dev    Geo_dist  
Period   10       19788        1978         0.3        0          485      547512     97578      173646.15  17738.21
Global   120      248363       2069         0.3        0          401      755732     92997      170187.11  16184.75

Total Statistics
Type     Time(s)  Ops          TPS(ops/s)   Net(M/s)   Get_miss   Min(us)  Max(us)    Avg(us)    Std_dev    Geo_dist  
Period   10       19788        1978         0.3        0          485      547512     97578      173646.15  17738.21
Global   120      248363       2069         0.3        0          401      755732     92997      170187.11  16184.75

[1;1H[2J
Get Statistics
Type     Time(s)  Ops          TPS(ops/s)   Net(M/s)   Get_miss   Min(us)  Max(us)    Avg(us)    Std_dev    Geo_dist  
Period   10       19689        1968         0.3        0          449      735625     98028      176201.22  17789.52
Global   130      268052       2061         0.3        0          401      755732     93367      170640.53  16297.53

Total Statistics
Type     Time(s)  Ops          TPS(ops/s)   Net(M/s)   Get_miss   Min(us)  Max(us)    Avg(us)    Std_dev    Geo_dist  
Period   10       19689        1968         0.3        0          449      735625     98028      176201.22  17789.52
Global   130      268052       2061         0.3        0          401      755732     93367      170640.53  16297.53

[1;1H[2J
Get Statistics
Type     Time(s)  Ops          TPS(ops/s)   Net(M/s)   Get_miss   Min(us)  Max(us)    Avg(us)    Std_dev    Geo_dist  
Period   10       20807        2080         0.3        0          415      541847     92501      166019.70  16766.04
Global   140      288859       2063         0.3        0          401      755732     93305      170311.53  16330.84

Total Statistics
Type     Time(s)  Ops          TPS(ops/s)   Net(M/s)   Get_miss   Min(us)  Max(us)    Avg(us)    Std_dev    Geo_dist  
Period   10       20807        2080         0.3        0          415      541847     92501      166019.70  16766.04
Global   140      288859       2063         0.3        0          401      755732     93305      170311.53  16330.84

[1;1H[2J
Get Statistics
Type     Time(s)  Ops          TPS(ops/s)   Net(M/s)   Get_miss   Min(us)  Max(us)    Avg(us)    Std_dev    Geo_dist  
Period   10       20770        2077         0.3        0          427      585235     92501      170450.84  14994.41
Global   150      309629       2064         0.3        0          401      755732     93251      170320.76  16237.58

Total Statistics
Type     Time(s)  Ops          TPS(ops/s)   Net(M/s)   Get_miss   Min(us)  Max(us)    Avg(us)    Std_dev    Geo_dist  
Period   10       20770        2077         0.3        0          427      585235     92501      170450.84  14994.41
Global   150      309629       2064         0.3        0          401      755732     93251      170320.76  16237.58

[1;1H[2J
Get Statistics
Type     Time(s)  Ops          TPS(ops/s)   Net(M/s)   Get_miss   Min(us)  Max(us)    Avg(us)    Std_dev    Geo_dist  
Period   10       20820        2082         0.3        0          412      549255     92773      172486.49  14301.36
Global   160      330449       2065         0.3        0          401      755732     93221      170457.74  16108.19

Total Statistics
Type     Time(s)  Ops          TPS(ops/s)   Net(M/s)   Get_miss   Min(us)  Max(us)    Avg(us)    Std_dev    Geo_dist  
Period   10       20820        2082         0.3        0          412      549255     92773      172486.49  14301.36
Global   160      330449       2065         0.3        0          401      755732     93221      170457.74  16108.19

[1;1H[2J
Get Statistics
Type     Time(s)  Ops          TPS(ops/s)   Net(M/s)   Get_miss   Min(us)  Max(us)    Avg(us)    Std_dev    Geo_dist  
Period   10       19005        1900         0.3        0          441      686030     101445     189472.50  15397.19
Global   170      349454       2055         0.3        0          401      755732     93668      171556.04  16068.70

Total Statistics
Type     Time(s)  Ops          TPS(ops/s)   Net(M/s)   Get_miss   Min(us)  Max(us)    Avg(us)    Std_dev    Geo_dist  
Period   10       19005        1900         0.3        0          441      686030     101445     189472.50  15397.19
Global   170      349454       2055         0.3        0          401      755732     93668      171556.04  16068.70

[1;1H[2J
Get Statistics
Type     Time(s)  Ops          TPS(ops/s)   Net(M/s)   Get_miss   Min(us)  Max(us)    Avg(us)    Std_dev    Geo_dist  
Period   10       18646        1864         0.3        0          454      699166     103356     182844.23  17246.72
Global   180      368100       2045         0.3        0          401      755732     94159      172158.34  16126.39

Total Statistics
Type     Time(s)  Ops          TPS(ops/s)   Net(M/s)   Get_miss   Min(us)  Max(us)    Avg(us)    Std_dev    Geo_dist  
Period   10       18646        1864         0.3        0          454      699166     103356     182844.23  17246.72
Global   180      368100       2045         0.3        0          401      755732     94159      172158.34  16126.39

[1;1H[2J
Get Statistics
Type     Time(s)  Ops          TPS(ops/s)   Net(M/s)   Get_miss   Min(us)  Max(us)    Avg(us)    Std_dev    Geo_dist  
Period   10       21129        2112         0.3        0          414      645254     91604      168217.57  15653.79
Global   190      389229       2048         0.3        0          401      755732     94020      171947.67  16100.37

Total Statistics
Type     Time(s)  Ops          TPS(ops/s)   Net(M/s)   Get_miss   Min(us)  Max(us)    Avg(us)    Std_dev    Geo_dist  
Period   10       21129        2112         0.3        0          414      645254     91604      168217.57  15653.79
Global   190      389229       2048         0.3        0          401      755732     94020      171947.67  16100.37

[1;1H[2J
Get Statistics
Type     Time(s)  Ops          TPS(ops/s)   Net(M/s)   Get_miss   Min(us)  Max(us)    Avg(us)    Std_dev    Geo_dist  
Period   10       21086        2108         0.3        0          446      515190     91248      166106.60  15514.60
Global   200      410315       2051         0.3        0          401      755732     93878      171652.99  16069.73

Total Statistics
Type     Time(s)  Ops          TPS(ops/s)   Net(M/s)   Get_miss   Min(us)  Max(us)    Avg(us)    Std_dev    Geo_dist  
Period   10       21086        2108         0.3        0          446      515190     91248      166106.60  15514.60
Global   200      410315       2051         0.3        0          401      755732     93878      171652.99  16069.73

[1;1H[2J
Get Statistics
Type     Time(s)  Ops          TPS(ops/s)   Net(M/s)   Get_miss   Min(us)  Max(us)    Avg(us)    Std_dev    Geo_dist  
Period   10       20967        2096         0.3        0          449      545869     92046      171018.92  14301.60
Global   210      431282       2053         0.3        0          401      755732     93788      171622.99  15978.93

Total Statistics
Type     Time(s)  Ops          TPS(ops/s)   Net(M/s)   Get_miss   Min(us)  Max(us)    Avg(us)    Std_dev    Geo_dist  
Period   10       20967        2096         0.3        0          449      545869     92046      171018.92  14301.60
Global   210      431282       2053         0.3        0          401      755732     93788      171622.99  15978.93

[1;1H[2J
Get Statistics
Type     Time(s)  Ops          TPS(ops/s)   Net(M/s)   Get_miss   Min(us)  Max(us)    Avg(us)    Std_dev    Geo_dist  
Period   10       20887        2088         0.3        0          418      511655     91830      168113.44  14312.78
Global   220      452169       2055         0.3        0          401      755732     93698      171462.52  15897.85

Total Statistics
Type     Time(s)  Ops          TPS(ops/s)   Net(M/s)   Get_miss   Min(us)  Max(us)    Avg(us)    Std_dev    Geo_dist  
Period   10       20887        2088         0.3        0          418      511655     91830      168113.44  14312.78
Global   220      452169       2055         0.3        0          401      755732     93698      171462.52  15897.85

[1;1H[2J
Get Statistics
Type     Time(s)  Ops          TPS(ops/s)   Net(M/s)   Get_miss   Min(us)  Max(us)    Avg(us)    Std_dev    Geo_dist  
Period   10       20004        2000         0.3        0          450      568844     96803      178594.07  14588.01
Global   230      472173       2052         0.3        0          401      755732     93830      171771.35  15840.05

Total Statistics
Type     Time(s)  Ops          TPS(ops/s)   Net(M/s)   Get_miss   Min(us)  Max(us)    Avg(us)    Std_dev    Geo_dist  
Period   10       20004        2000         0.3        0          450      568844     96803      178594.07  14588.01
Global   230      472173       2052         0.3        0          401      755732     93830      171771.35  15840.05

[1;1H[2J
Get Statistics
Type     Time(s)  Ops          TPS(ops/s)   Net(M/s)   Get_miss   Min(us)  Max(us)    Avg(us)    Std_dev    Geo_dist  
Period   10       20924        2092         0.3        0          469      518053     91944      165726.69  15810.40
Global   240      493097       2054         0.3        0          401      755732     93750      171519.42  15838.79

Total Statistics
Type     Time(s)  Ops          TPS(ops/s)   Net(M/s)   Get_miss   Min(us)  Max(us)    Avg(us)    Std_dev    Geo_dist  
Period   10       20924        2092         0.3        0          469      518053     91944      165726.69  15810.40
Global   240      493097       2054         0.3        0          401      755732     93750      171519.42  15838.79

[1;1H[2J
Get Statistics
Type     Time(s)  Ops          TPS(ops/s)   Net(M/s)   Get_miss   Min(us)  Max(us)    Avg(us)    Std_dev    Geo_dist  
Period   10       19318        1931         0.3        0          465      877806     99947      184134.08  16214.26
Global   250      512415       2049         0.3        0          401      877806     93983      172015.98  15852.78

Total Statistics
Type     Time(s)  Ops          TPS(ops/s)   Net(M/s)   Get_miss   Min(us)  Max(us)    Avg(us)    Std_dev    Geo_dist  
Period   10       19318        1931         0.3        0          465      877806     99947      184134.08  16214.26
Global   250      512415       2049         0.3        0          401      877806     93983      172015.98  15852.78

[1;1H[2J
Get Statistics
Type     Time(s)  Ops          TPS(ops/s)   Net(M/s)   Get_miss   Min(us)  Max(us)    Avg(us)    Std_dev    Geo_dist  
Period   10       19147        1914         0.3        0          501      557344     100396     178502.52  17051.09
Global   260      531562       2044         0.3        0          401      877806     94214      172257.84  15894.45

Total Statistics
Type     Time(s)  Ops          TPS(ops/s)   Net(M/s)   Get_miss   Min(us)  Max(us)    Avg(us)    Std_dev    Geo_dist  
Period   10       19147        1914         0.3        0          501      557344     100396     178502.52  17051.09
Global   260      531562       2044         0.3        0          401      877806     94214      172257.84  15894.45

[1;1H[2J
Get Statistics
Type     Time(s)  Ops          TPS(ops/s)   Net(M/s)   Get_miss   Min(us)  Max(us)    Avg(us)    Std_dev    Geo_dist  
Period   10       20096        2009         0.3        0          486      590777     96088      177408.46  15552.49
Global   270      551658       2043         0.3        0          401      877806     94282      172448.50  15881.86

Total Statistics
Type     Time(s)  Ops          TPS(ops/s)   Net(M/s)   Get_miss   Min(us)  Max(us)    Avg(us)    Std_dev    Geo_dist  
Period   10       20096        2009         0.3        0          486      590777     96088      177408.46  15552.49
Global   270      551658       2043         0.3        0          401      877806     94282      172448.50  15881.86

[1;1H[2J
Get Statistics
Type     Time(s)  Ops          TPS(ops/s)   Net(M/s)   Get_miss   Min(us)  Max(us)    Avg(us)    Std_dev    Geo_dist  
Period   10       20571        2057         0.3        0          416      586658     93757      170787.53  15958.10
Global   280      572229       2043         0.3        0          401      877806     94263      172389.02  15884.59

Total Statistics
Type     Time(s)  Ops          TPS(ops/s)   Net(M/s)   Get_miss   Min(us)  Max(us)    Avg(us)    Std_dev    Geo_dist  
Period   10       20571        2057         0.3        0          416      586658     93757      170787.53  15958.10
Global   280      572229       2043         0.3        0          401      877806     94263      172389.02  15884.59

[1;1H[2J
Get Statistics
Type     Time(s)  Ops          TPS(ops/s)   Net(M/s)   Get_miss   Min(us)  Max(us)    Avg(us)    Std_dev    Geo_dist  
Period   10       20447        2044         0.3        0          429      600199     94132      174512.56  15200.74
Global   290      592676       2043         0.3        0          401      877806     94259      172462.28  15860.50

Total Statistics
Type     Time(s)  Ops          TPS(ops/s)   Net(M/s)   Get_miss   Min(us)  Max(us)    Avg(us)    Std_dev    Geo_dist  
Period   10       20447        2044         0.3        0          429      600199     94132      174512.56  15200.74
Global   290      592676       2043         0.3        0          401      877806     94259      172462.28  15860.50

[1;1H[2J
Get Statistics
Type     Time(s)  Ops          TPS(ops/s)   Net(M/s)   Get_miss   Min(us)  Max(us)    Avg(us)    Std_dev    Geo_dist  
Period   10       20894        2089         0.3        0          447      515654     92545      167358.09  16230.19
Global   300      613570       2045         0.3        0          401      877806     94201      172290.90  15872.95

Total Statistics
Type     Time(s)  Ops          TPS(ops/s)   Net(M/s)   Get_miss   Min(us)  Max(us)    Avg(us)    Std_dev    Geo_dist  
Period   10       20894        2089         0.3        0          447      515654     92545      167358.09  16230.19
Global   300      613570       2045         0.3        0          401      877806     94201      172290.90  15872.95

[1;1H[2J
Get Statistics
Type     Time(s)  Ops          TPS(ops/s)   Net(M/s)   Get_miss   Min(us)  Max(us)    Avg(us)    Std_dev    Geo_dist  
Period   10       20917        2091         0.3        0          438      503998     92038      164490.52  16458.16
Global   310      634487       2046         0.3        0          401      877806     94129      172040.08  15891.90

Total Statistics
Type     Time(s)  Ops          TPS(ops/s)   Net(M/s)   Get_miss   Min(us)  Max(us)    Avg(us)    Std_dev    Geo_dist  
Period   10       20917        2091         0.3        0          438      503998     92038      164490.52  16458.16
Global   310      634487       2046         0.3        0          401      877806     94129      172040.08  15891.90

[1;1H[2J
Get Statistics
Type     Time(s)  Ops          TPS(ops/s)   Net(M/s)   Get_miss   Min(us)  Max(us)    Avg(us)    Std_dev    Geo_dist  
Period   10       22001        2200         0.3        0          440      541596     88224      163895.67  14618.27
Global   320      656488       2051         0.3        0          401      877806     93931      171776.61  15847.47

Total Statistics
Type     Time(s)  Ops          TPS(ops/s)   Net(M/s)   Get_miss   Min(us)  Max(us)    Avg(us)    Std_dev    Geo_dist  
Period   10       22001        2200         0.3        0          440      541596     88224      163895.67  14618.27
Global   320      656488       2051         0.3        0          401      877806     93931      171776.61  15847.47

[1;1H[2J
Get Statistics
Type     Time(s)  Ops          TPS(ops/s)   Net(M/s)   Get_miss   Min(us)  Max(us)    Avg(us)    Std_dev    Geo_dist  
Period   10       20293        2029         0.3        0          430      567828     94266      172815.71  14502.32
Global   330      676781       2050         0.3        0          401      877806     93941      171807.77  15805.38

Total Statistics
Type     Time(s)  Ops          TPS(ops/s)   Net(M/s)   Get_miss   Min(us)  Max(us)    Avg(us)    Std_dev    Geo_dist  
Period   10       20293        2029         0.3        0          430      567828     94266      172815.71  14502.32
Global   330      676781       2050         0.3        0          401      877806     93941      171807.77  15805.38

[1;1H[2J
Get Statistics
Type     Time(s)  Ops          TPS(ops/s)   Net(M/s)   Get_miss   Min(us)  Max(us)    Avg(us)    Std_dev    Geo_dist  
Period   10       20434        2043         0.3        0          461      572466     94408      172610.84  15382.48
Global   340      697215       2050         0.3        0          401      877806     93955      171831.08  15792.82

Total Statistics
Type     Time(s)  Ops          TPS(ops/s)   Net(M/s)   Get_miss   Min(us)  Max(us)    Avg(us)    Std_dev    Geo_dist  
Period   10       20434        2043         0.3        0          461      572466     94408      172610.84  15382.48
Global   340      697215       2050         0.3        0          401      877806     93955      171831.08  15792.82

[1;1H[2J
Get Statistics
Type     Time(s)  Ops          TPS(ops/s)   Net(M/s)   Get_miss   Min(us)  Max(us)    Avg(us)    Std_dev    Geo_dist  
Period   10       19950        1995         0.3        0          437      558039     96803      176904.13  14828.12
Global   350      717165       2049         0.3        0          401      877806     94034      171974.86  15765.16

Total Statistics
Type     Time(s)  Ops          TPS(ops/s)   Net(M/s)   Get_miss   Min(us)  Max(us)    Avg(us)    Std_dev    Geo_dist  
Period   10       19950        1995         0.3        0          437      558039     96803      176904.13  14828.12
Global   350      717165       2049         0.3        0          401      877806     94034      171974.86  15765.16

[1;1H[2J
Get Statistics
Type     Time(s)  Ops          TPS(ops/s)   Net(M/s)   Get_miss   Min(us)  Max(us)    Avg(us)    Std_dev    Geo_dist  
Period   10       20950        2095         0.3        0          458      593488     92212      168770.71  15681.07
Global   360      738115       2050         0.3        0          401      877806     93983      171884.50  15762.76

Total Statistics
Type     Time(s)  Ops          TPS(ops/s)   Net(M/s)   Get_miss   Min(us)  Max(us)    Avg(us)    Std_dev    Geo_dist  
Period   10       20950        2095         0.3        0          458      593488     92212      168770.71  15681.07
Global   360      738115       2050         0.3        0          401      877806     93983      171884.50  15762.76

Get Statistics (738307 events)
   Min:       401
   Max:    877806
   Avg:     94040
   Geo:  15774.13
   Std:  171906.28
   Log2 Dist:
       8:        0      270    15859    50172
      12:    92234   115140   256492    49891
      16:     9720     2868     1408   138029
      20:     6224

Total Statistics (738307 events)
   Min:       401
   Max:    877806
   Avg:     94040
   Geo:  15774.13
   Std:  171906.28
   Log2 Dist:
       8:        0      270    15859    50172
      12:    92234   115140   256492    49891
      16:     9720     2868     1408   138029
      20:     6224

cmd_get: 738499
cmd_set: 196608
get_misses: 0
written_bytes: 47700034
read_bytes: 123393519
object_bytes: 28311552

Run time: 361.5s Ops: 935107 TPS: 2587 Net_rate: 0.5M/s
