servers : 10.0.0.6:11212
threads count: 192
concurrency: 192
run time: 600s
windows size: 1k
set proportion: set_prop=0.00
get proportion: get_prop=1.00
[1;1H[2J
Get Statistics
Type     Time(s)  Ops          TPS(ops/s)   Net(M/s)   Get_miss   Min(us)  Max(us)    Avg(us)    Std_dev    Geo_dist  
Period   10       68190        6819         0.9        0          1337     267777     27939      22839.04   23528.50
Global   10       68190        6819         0.9        0          1337     267777     27939      22839.04   23528.50

Total Statistics
Type     Time(s)  Ops          TPS(ops/s)   Net(M/s)   Get_miss   Min(us)  Max(us)    Avg(us)    Std_dev    Geo_dist  
Period   10       68190        6819         0.9        0          1337     267777     27939      22839.04   23528.50
Global   10       68190        6819         0.9        0          1337     267777     27939      22839.04   23528.50

[1;1H[2J
Get Statistics
Type     Time(s)  Ops          TPS(ops/s)   Net(M/s)   Get_miss   Min(us)  Max(us)    Avg(us)    Std_dev    Geo_dist  
Period   10       59243        5924         0.9        0          1255     1562439    33117      63600.66   24008.47
Global   20       127433       6371         0.8        0          1255     1562439    30346      46543.62   23750.43

Total Statistics
Type     Time(s)  Ops          TPS(ops/s)   Net(M/s)   Get_miss   Min(us)  Max(us)    Avg(us)    Std_dev    Geo_dist  
Period   10       59243        5924         0.9        0          1255     1562439    33117      63600.66   24008.47
Global   20       127433       6371         0.8        0          1255     1562439    30346      46543.62   23750.43

[1;1H[2J
Get Statistics
Type     Time(s)  Ops          TPS(ops/s)   Net(M/s)   Get_miss   Min(us)  Max(us)    Avg(us)    Std_dev    Geo_dist  
Period   10       72012        7201         0.9        0          886      272397     26525      24008.44   22175.70
Global   30       199445       6648         1.0        0          886      1562439    28967      39944.73   23169.35

Total Statistics
Type     Time(s)  Ops          TPS(ops/s)   Net(M/s)   Get_miss   Min(us)  Max(us)    Avg(us)    Std_dev    Geo_dist  
Period   10       72012        7201         0.9        0          886      272397     26525      24008.44   22175.70
Global   30       199445       6648         1.0        0          886      1562439    28967      39944.73   23169.35

[1;1H[2J
Get Statistics
Type     Time(s)  Ops          TPS(ops/s)   Net(M/s)   Get_miss   Min(us)  Max(us)    Avg(us)    Std_dev    Geo_dist  
Period   10       67221        6722         0.9        0          679      997338     28759      35645.92   22556.73
Global   40       266666       6666         0.9        0          679      1562439    28914      38906.35   23013.37

Total Statistics
Type     Time(s)  Ops          TPS(ops/s)   Net(M/s)   Get_miss   Min(us)  Max(us)    Avg(us)    Std_dev    Geo_dist  
Period   10       67221        6722         0.9        0          679      997338     28759      35645.92   22556.73
Global   40       266666       6666         0.9        0          679      1562439    28914      38906.35   23013.37

[1;1H[2J
Get Statistics
Type     Time(s)  Ops          TPS(ops/s)   Net(M/s)   Get_miss   Min(us)  Max(us)    Avg(us)    Std_dev    Geo_dist  
Period   10       71745        7174         0.9        0          824      279865     27079      22575.08   22638.87
Global   50       338411       6768         1.0        0          679      1562439    28525      36074.85   22933.46

Total Statistics
Type     Time(s)  Ops          TPS(ops/s)   Net(M/s)   Get_miss   Min(us)  Max(us)    Avg(us)    Std_dev    Geo_dist  
Period   10       71745        7174         0.9        0          824      279865     27079      22575.08   22638.87
Global   50       338411       6768         1.0        0          679      1562439    28525      36074.85   22933.46

[1;1H[2J
Get Statistics
Type     Time(s)  Ops          TPS(ops/s)   Net(M/s)   Get_miss   Min(us)  Max(us)    Avg(us)    Std_dev    Geo_dist  
Period   10       66414        6641         0.9        0          720      1282328    29040      37000.69   22919.68
Global   60       404825       6747         0.9        0          679      1562439    28610      36228.41   22931.20

Total Statistics
Type     Time(s)  Ops          TPS(ops/s)   Net(M/s)   Get_miss   Min(us)  Max(us)    Avg(us)    Std_dev    Geo_dist  
Period   10       66414        6641         0.9        0          720      1282328    29040      37000.69   22919.68
Global   60       404825       6747         0.9        0          679      1562439    28610      36228.41   22931.20

[1;1H[2J
Get Statistics
Type     Time(s)  Ops          TPS(ops/s)   Net(M/s)   Get_miss   Min(us)  Max(us)    Avg(us)    Std_dev    Geo_dist  
Period   10       65306        6530         0.9        0          1107     512736     29480      29881.08   23639.01
Global   70       470131       6716         0.9        0          679      1562439    28731      35415.94   23028.24

Total Statistics
Type     Time(s)  Ops          TPS(ops/s)   Net(M/s)   Get_miss   Min(us)  Max(us)    Avg(us)    Std_dev    Geo_dist  
Period   10       65306        6530         0.9        0          1107     512736     29480      29881.08   23639.01
Global   70       470131       6716         0.9        0          679      1562439    28731      35415.94   23028.24

[1;1H[2J
Get Statistics
Type     Time(s)  Ops          TPS(ops/s)   Net(M/s)   Get_miss   Min(us)  Max(us)    Avg(us)    Std_dev    Geo_dist  
Period   10       66912        6691         0.9        0          866      430704     28818      28922.93   23211.07
Global   80       537043       6713         0.9        0          679      1562439    28741      34674.01   23050.94

Total Statistics
Type     Time(s)  Ops          TPS(ops/s)   Net(M/s)   Get_miss   Min(us)  Max(us)    Avg(us)    Std_dev    Geo_dist  
Period   10       66912        6691         0.9        0          866      430704     28818      28922.93   23211.07
Global   80       537043       6713         0.9        0          679      1562439    28741      34674.01   23050.94

[1;1H[2J
Get Statistics
Type     Time(s)  Ops          TPS(ops/s)   Net(M/s)   Get_miss   Min(us)  Max(us)    Avg(us)    Std_dev    Geo_dist  
Period   10       65083        6508         0.9        0          1544     1076396    29624      38482.54   23013.39
Global   90       602126       6690         0.9        0          679      1562439    28837      35106.17   23046.88

Total Statistics
Type     Time(s)  Ops          TPS(ops/s)   Net(M/s)   Get_miss   Min(us)  Max(us)    Avg(us)    Std_dev    Geo_dist  
Period   10       65083        6508         0.9        0          1544     1076396    29624      38482.54   23013.39
Global   90       602126       6690         0.9        0          679      1562439    28837      35106.17   23046.88

[1;1H[2J
Get Statistics
Type     Time(s)  Ops          TPS(ops/s)   Net(M/s)   Get_miss   Min(us)  Max(us)    Avg(us)    Std_dev    Geo_dist  
Period   10       70736        7073         0.9        0          849      227271     27243      23528.48   22732.15
Global   100      672862       6728         1.0        0          679      1562439    28669      34078.43   23013.59

Total Statistics
Type     Time(s)  Ops          TPS(ops/s)   Net(M/s)   Get_miss   Min(us)  Max(us)    Avg(us)    Std_dev    Geo_dist  
Period   10       70736        7073         0.9        0          849      227271     27243      23528.48   22732.15
Global   100      672862       6728         1.0        0          679      1562439    28669      34078.43   23013.59

[1;1H[2J
Get Statistics
Type     Time(s)  Ops          TPS(ops/s)   Net(M/s)   Get_miss   Min(us)  Max(us)    Avg(us)    Std_dev    Geo_dist  
Period   10       67591        6759         0.9        0          955      762506     28520      31055.50   23025.49
Global   110      740453       6731         0.9        0          679      1562439    28656      33813.20   23014.68

Total Statistics
Type     Time(s)  Ops          TPS(ops/s)   Net(M/s)   Get_miss   Min(us)  Max(us)    Avg(us)    Std_dev    Geo_dist  
Period   10       67591        6759         0.9        0          955      762506     28520      31055.50   23025.49
Global   110      740453       6731         0.9        0          679      1562439    28656      33813.20   23014.68

[1;1H[2J
Get Statistics
Type     Time(s)  Ops          TPS(ops/s)   Net(M/s)   Get_miss   Min(us)  Max(us)    Avg(us)    Std_dev    Geo_dist  
Period   10       75780        7578         0.9        0          1109     236143     25430      18900.17   21735.83
Global   120      816233       6801         1.0        0          679      1562439    28356      32729.99   22892.84

Total Statistics
Type     Time(s)  Ops          TPS(ops/s)   Net(M/s)   Get_miss   Min(us)  Max(us)    Avg(us)    Std_dev    Geo_dist  
Period   10       75780        7578         0.9        0          1109     236143     25430      18900.17   21735.83
Global   120      816233       6801         1.0        0          679      1562439    28356      32729.99   22892.84

[1;1H[2J
Get Statistics
Type     Time(s)  Ops          TPS(ops/s)   Net(M/s)   Get_miss   Min(us)  Max(us)    Avg(us)    Std_dev    Geo_dist  
Period   10       61319        6131         0.9        0          905      1108119    31449      42675.00   23574.19
Global   130      877552       6750         0.8        0          679      1562439    28572      33530.27   22939.81

Total Statistics
Type     Time(s)  Ops          TPS(ops/s)   Net(M/s)   Get_miss   Min(us)  Max(us)    Avg(us)    Std_dev    Geo_dist  
Period   10       61319        6131         0.9        0          905      1108119    31449      42675.00   23574.19
Global   130      877552       6750         0.8        0          679      1562439    28572      33530.27   22939.81

[1;1H[2J
Get Statistics
Type     Time(s)  Ops          TPS(ops/s)   Net(M/s)   Get_miss   Min(us)  Max(us)    Avg(us)    Std_dev    Geo_dist  
Period   10       67411        6741         0.9        0          1237     624408     28581      35644.17   22602.83
Global   140      944963       6749         0.9        0          679      1562439    28573      33685.14   22915.60

Total Statistics
Type     Time(s)  Ops          TPS(ops/s)   Net(M/s)   Get_miss   Min(us)  Max(us)    Avg(us)    Std_dev    Geo_dist  
Period   10       67411        6741         0.9        0          1237     624408     28581      35644.10   22599.52
Global   140      944963       6749         0.9        0          679      1562439    28573      33685.14   22915.60

[1;1H[2J
Get Statistics
Type     Time(s)  Ops          TPS(ops/s)   Net(M/s)   Get_miss   Min(us)  Max(us)    Avg(us)    Std_dev    Geo_dist  
Period   10       68370        6837         0.9        0          1067     1476738    28187      37965.26   22618.13
Global   150      1013333      6755         0.9        0          679      1562439    28547      33990.96   22895.41

Total Statistics
Type     Time(s)  Ops          TPS(ops/s)   Net(M/s)   Get_miss   Min(us)  Max(us)    Avg(us)    Std_dev    Geo_dist  
Period   10       68370        6837         0.9        0          1067     1476738    28187      37965.26   22618.13
Global   150      1013333      6755         0.9        0          679      1562439    28547      33990.96   22895.41

[1;1H[2J
Get Statistics
Type     Time(s)  Ops          TPS(ops/s)   Net(M/s)   Get_miss   Min(us)  Max(us)    Avg(us)    Std_dev    Geo_dist  
Period   10       76742        7674         0.9        0          863      301113     25113      17043.50   22034.72
Global   160      1090075      6812         1.1        0          679      1562439    28305      33095.03   22833.73

Total Statistics
Type     Time(s)  Ops          TPS(ops/s)   Net(M/s)   Get_miss   Min(us)  Max(us)    Avg(us)    Std_dev    Geo_dist  
Period   10       76742        7674         0.9        0          863      301113     25113      17043.50   22034.72
Global   160      1090075      6812         1.1        0          679      1562439    28305      33095.03   22833.73

[1;1H[2J
Get Statistics
Type     Time(s)  Ops          TPS(ops/s)   Net(M/s)   Get_miss   Min(us)  Max(us)    Avg(us)    Std_dev    Geo_dist  
Period   10       64560        6456         0.9        0          943      952955     29869      39013.81   23255.07
Global   170      1154635      6791         0.9        0          679      1562439    28393      33455.06   22857.09

Total Statistics
Type     Time(s)  Ops          TPS(ops/s)   Net(M/s)   Get_miss   Min(us)  Max(us)    Avg(us)    Std_dev    Geo_dist  
Period   10       64560        6456         0.9        0          943      952955     29869      39013.81   23255.07
Global   170      1154635      6791         0.9        0          679      1562439    28393      33455.06   22857.09

[1;1H[2J
Get Statistics
Type     Time(s)  Ops          TPS(ops/s)   Net(M/s)   Get_miss   Min(us)  Max(us)    Avg(us)    Std_dev    Geo_dist  
Period   10       60038        6003         0.9        0          1363     1188734    32095      74647.74   22987.17
Global   180      1214673      6748         0.8        0          679      1562439    28576      36605.76   22863.50

Total Statistics
Type     Time(s)  Ops          TPS(ops/s)   Net(M/s)   Get_miss   Min(us)  Max(us)    Avg(us)    Std_dev    Geo_dist  
Period   10       60038        6003         0.9        0          1363     1188734    32095      74647.74   22987.17
Global   180      1214673      6748         0.8        0          679      1562439    28576      36605.76   22863.50

[1;1H[2J
Get Statistics
Type     Time(s)  Ops          TPS(ops/s)   Net(M/s)   Get_miss   Min(us)  Max(us)    Avg(us)    Std_dev    Geo_dist  
Period   10       69263        6926         0.9        0          727      312759     27840      24923.65   22811.95
Global   190      1283936      6757         1.0        0          679      1562439    28536      36072.84   22860.71

Total Statistics
Type     Time(s)  Ops          TPS(ops/s)   Net(M/s)   Get_miss   Min(us)  Max(us)    Avg(us)    Std_dev    Geo_dist  
Period   10       69263        6926         0.9        0          727      312759     27840      24923.65   22811.95
Global   190      1283936      6757         1.0        0          679      1562439    28536      36072.84   22860.71

[1;1H[2J
Get Statistics
Type     Time(s)  Ops          TPS(ops/s)   Net(M/s)   Get_miss   Min(us)  Max(us)    Avg(us)    Std_dev    Geo_dist  
Period   10       65680        6568         0.9        0          737      970831     29320      41442.43   22362.80
Global   200      1349616      6748         0.9        0          679      1562439    28574      36353.01   22836.23

Total Statistics
Type     Time(s)  Ops          TPS(ops/s)   Net(M/s)   Get_miss   Min(us)  Max(us)    Avg(us)    Std_dev    Geo_dist  
Period   10       65680        6568         0.9        0          737      970831     29320      41442.43   22362.80
Global   200      1349616      6748         0.9        0          679      1562439    28574      36353.01   22836.23

[1;1H[2J
Get Statistics
Type     Time(s)  Ops          TPS(ops/s)   Net(M/s)   Get_miss   Min(us)  Max(us)    Avg(us)    Std_dev    Geo_dist  
Period   10       63378        6337         0.9        0          704      325263     30419      28008.12   24583.40
Global   210      1412994      6728         0.9        0          679      1562439    28657      36021.97   22911.87

Total Statistics
Type     Time(s)  Ops          TPS(ops/s)   Net(M/s)   Get_miss   Min(us)  Max(us)    Avg(us)    Std_dev    Geo_dist  
Period   10       63378        6337         0.9        0          704      325263     30419      28008.12   24583.40
Global   210      1412994      6728         0.9        0          679      1562439    28657      36021.97   22911.87

[1;1H[2J
Get Statistics
Type     Time(s)  Ops          TPS(ops/s)   Net(M/s)   Get_miss   Min(us)  Max(us)    Avg(us)    Std_dev    Geo_dist  
Period   10       64718        6471         0.9        0          1048     1397385    29793      40720.97   23854.53
Global   220      1477712      6716         0.9        0          679      1562439    28707      36241.06   22952.36

Total Statistics
Type     Time(s)  Ops          TPS(ops/s)   Net(M/s)   Get_miss   Min(us)  Max(us)    Avg(us)    Std_dev    Geo_dist  
Period   10       64718        6471         0.9        0          1048     1397385    29793      40720.97   23854.53
Global   220      1477712      6716         0.9        0          679      1562439    28707      36241.06   22952.36

[1;1H[2J
Get Statistics
Type     Time(s)  Ops          TPS(ops/s)   Net(M/s)   Get_miss   Min(us)  Max(us)    Avg(us)    Std_dev    Geo_dist  
Period   10       67460        6746         0.9        0          1129     375356     28575      27809.54   23186.68
Global   230      1545172      6718         0.9        0          679      1562439    28701      35914.49   22962.54

Total Statistics
Type     Time(s)  Ops          TPS(ops/s)   Net(M/s)   Get_miss   Min(us)  Max(us)    Avg(us)    Std_dev    Geo_dist  
Period   10       67460        6746         0.9        0          1129     375356     28575      27809.54   23186.68
Global   230      1545172      6718         0.9        0          679      1562439    28701      35914.49   22962.54

[1;1H[2J
Get Statistics
Type     Time(s)  Ops          TPS(ops/s)   Net(M/s)   Get_miss   Min(us)  Max(us)    Avg(us)    Std_dev    Geo_dist  
Period   10       71427        7142         0.9        0          1002     1030226    26924      32550.30   21869.26
Global   240      1616599      6735         1.0        0          679      1562439    28622      35774.78   22913.10

Total Statistics
Type     Time(s)  Ops          TPS(ops/s)   Net(M/s)   Get_miss   Min(us)  Max(us)    Avg(us)    Std_dev    Geo_dist  
Period   10       71427        7142         0.9        0          1002     1030226    26924      32550.30   21869.26
Global   240      1616599      6735         1.0        0          679      1562439    28622      35774.78   22913.10

[1;1H[2J
Get Statistics
Type     Time(s)  Ops          TPS(ops/s)   Net(M/s)   Get_miss   Min(us)  Max(us)    Avg(us)    Std_dev    Geo_dist  
Period   10       66884        6688         0.9        0          1228     1135569    28864      32945.24   22831.68
Global   250      1683483      6733         0.9        0          679      1562439    28632      35666.36   22909.86

Total Statistics
Type     Time(s)  Ops          TPS(ops/s)   Net(M/s)   Get_miss   Min(us)  Max(us)    Avg(us)    Std_dev    Geo_dist  
Period   10       66884        6688         0.9        0          1228     1135569    28864      32945.24   22831.68
Global   250      1683483      6733         0.9        0          679      1562439    28632      35666.36   22909.86

[1;1H[2J
Get Statistics
Type     Time(s)  Ops          TPS(ops/s)   Net(M/s)   Get_miss   Min(us)  Max(us)    Avg(us)    Std_dev    Geo_dist  
Period   10       55841        5584         0.9        0          1161     514413     33866      45471.97   24279.39
Global   260      1739324      6689         0.8        0          679      1562439    28800      36034.49   22952.61

Total Statistics
Type     Time(s)  Ops          TPS(ops/s)   Net(M/s)   Get_miss   Min(us)  Max(us)    Avg(us)    Std_dev    Geo_dist  
Period   10       55841        5584         0.9        0          1161     514413     33866      45471.97   24279.39
Global   260      1739324      6689         0.8        0          679      1562439    28800      36034.49   22952.61

[1;1H[2J
Get Statistics
Type     Time(s)  Ops          TPS(ops/s)   Net(M/s)   Get_miss   Min(us)  Max(us)    Avg(us)    Std_dev    Geo_dist  
Period   10       71447        7144         0.9        0          640      425958     27518      27911.55   22414.81
Global   270      1810771      6706         1.0        0          640      1562439    28749      35750.18   22931.14

Total Statistics
Type     Time(s)  Ops          TPS(ops/s)   Net(M/s)   Get_miss   Min(us)  Max(us)    Avg(us)    Std_dev    Geo_dist  
Period   10       71447        7144         0.9        0          640      425958     27518      27911.55   22414.81
Global   270      1810771      6706         1.0        0          640      1562439    28749      35750.18   22931.14

[1;1H[2J
Get Statistics
Type     Time(s)  Ops          TPS(ops/s)   Net(M/s)   Get_miss   Min(us)  Max(us)    Avg(us)    Std_dev    Geo_dist  
Period   10       63975        6397         0.9        0          1280     597270     30166      38749.52   23277.66
Global   280      1874746      6695         0.9        0          640      1562439    28798      35857.06   22942.88

Total Statistics
Type     Time(s)  Ops          TPS(ops/s)   Net(M/s)   Get_miss   Min(us)  Max(us)    Avg(us)    Std_dev    Geo_dist  
Period   10       63975        6397         0.9        0          1280     597270     30166      38749.52   23277.66
Global   280      1874746      6695         0.9        0          640      1562439    28798      35857.06   22942.88

[1;1H[2J
Get Statistics
Type     Time(s)  Ops          TPS(ops/s)   Net(M/s)   Get_miss   Min(us)  Max(us)    Avg(us)    Std_dev    Geo_dist  
Period   10       55418        5541         0.9        0          766      1396738    34752      54097.28   25651.87
Global   290      1930164      6655         0.8        0          640      1562439    28969      36521.53   23016.52

Total Statistics
Type     Time(s)  Ops          TPS(ops/s)   Net(M/s)   Get_miss   Min(us)  Max(us)    Avg(us)    Std_dev    Geo_dist  
Period   10       55418        5541         0.9        0          766      1396738    34752      54097.28   25651.87
Global   290      1930164      6655         0.8        0          640      1562439    28969      36521.53   23016.52

[1;1H[2J
Get Statistics
Type     Time(s)  Ops          TPS(ops/s)   Net(M/s)   Get_miss   Min(us)  Max(us)    Avg(us)    Std_dev    Geo_dist  
Period   10       65458        6545         0.9        0          981      809636     29418      39583.18   22470.66
Global   300      1995622      6652         0.9        0          640      1562439    28983      36626.67   22998.41

Total Statistics
Type     Time(s)  Ops          TPS(ops/s)   Net(M/s)   Get_miss   Min(us)  Max(us)    Avg(us)    Std_dev    Geo_dist  
Period   10       65458        6545         0.9        0          981      809636     29418      39583.18   22470.66
Global   300      1995622      6652         0.9        0          640      1562439    28983      36626.67   22998.41

[1;1H[2J
Get Statistics
Type     Time(s)  Ops          TPS(ops/s)   Net(M/s)   Get_miss   Min(us)  Max(us)    Avg(us)    Std_dev    Geo_dist  
Period   10       66306        6630         0.9        0          1257     344540     29103      26346.14   23727.73
Global   310      2061928      6651         0.9        0          640      1562439    28987      36341.25   23021.51

Total Statistics
Type     Time(s)  Ops          TPS(ops/s)   Net(M/s)   Get_miss   Min(us)  Max(us)    Avg(us)    Std_dev    Geo_dist  
Period   10       66306        6630         0.9        0          1257     344540     29103      26346.14   23727.73
Global   310      2061928      6651         0.9        0          640      1562439    28987      36341.25   23021.51

[1;1H[2J
Get Statistics
Type     Time(s)  Ops          TPS(ops/s)   Net(M/s)   Get_miss   Min(us)  Max(us)    Avg(us)    Std_dev    Geo_dist  
Period   10       64122        6412         0.9        0          959      1181574    30041      46463.23   22743.61
Global   320      2126050      6643         0.9        0          640      1562439    29019      36687.66   23013.08

Total Statistics
Type     Time(s)  Ops          TPS(ops/s)   Net(M/s)   Get_miss   Min(us)  Max(us)    Avg(us)    Std_dev    Geo_dist  
Period   10       64122        6412         0.9        0          959      1181574    30041      46463.23   22743.61
Global   320      2126050      6643         0.9        0          640      1562439    29019      36687.66   23013.08

[1;1H[2J
Get Statistics
Type     Time(s)  Ops          TPS(ops/s)   Net(M/s)   Get_miss   Min(us)  Max(us)    Avg(us)    Std_dev    Geo_dist  
Period   10       66522        6652         0.9        0          1298     1298838    28936      33834.12   22793.38
Global   330      2192572      6644         0.9        0          640      1562439    29017      36603.94   23006.38

Total Statistics
Type     Time(s)  Ops          TPS(ops/s)   Net(M/s)   Get_miss   Min(us)  Max(us)    Avg(us)    Std_dev    Geo_dist  
Period   10       66522        6652         0.9        0          1298     1298838    28936      33834.12   22793.38
Global   330      2192572      6644         0.9        0          640      1562439    29017      36603.94   23006.38

[1;1H[2J
Get Statistics
Type     Time(s)  Ops          TPS(ops/s)   Net(M/s)   Get_miss   Min(us)  Max(us)    Avg(us)    Std_dev    Geo_dist  
Period   10       63808        6380         0.9        0          873      429073     29541      31998.52   23499.77
Global   340      2256380      6636         0.9        0          640      1562439    29031      36482.44   23020.19

Total Statistics
Type     Time(s)  Ops          TPS(ops/s)   Net(M/s)   Get_miss   Min(us)  Max(us)    Avg(us)    Std_dev    Geo_dist  
Period   10       63808        6380         0.9        0          873      429073     29541      31998.52   23499.77
Global   340      2256380      6636         0.9        0          640      1562439    29031      36482.44   23020.19

[1;1H[2J
Get Statistics
Type     Time(s)  Ops          TPS(ops/s)   Net(M/s)   Get_miss   Min(us)  Max(us)    Avg(us)    Std_dev    Geo_dist  
Period   10       67429        6742         0.9        0          918      759244     29266      30832.44   23706.40
Global   350      2323809      6639         0.9        0          640      1562439    29038      36330.75   23039.82

Total Statistics
Type     Time(s)  Ops          TPS(ops/s)   Net(M/s)   Get_miss   Min(us)  Max(us)    Avg(us)    Std_dev    Geo_dist  
Period   10       67430        6743         0.9        0          918      759244     29266      30832.24   23706.50
Global   350      2323810      6639         0.9        0          640      1562439    29038      36330.74   23039.82

[1;1H[2J
Get Statistics
Type     Time(s)  Ops          TPS(ops/s)   Net(M/s)   Get_miss   Min(us)  Max(us)    Avg(us)    Std_dev    Geo_dist  
Period   10       62990        6299         0.9        0          707      429158     30488      34318.85   23686.69
Global   360      2386799      6629         0.9        0          640      1562439    29076      36280.04   23056.76

Total Statistics
Type     Time(s)  Ops          TPS(ops/s)   Net(M/s)   Get_miss   Min(us)  Max(us)    Avg(us)    Std_dev    Geo_dist  
Period   10       62989        6298         0.9        0          707      429158     30489      34318.45   23690.48
Global   360      2386799      6629         0.9        0          640      1562439    29076      36280.04   23056.76

[1;1H[2J
Get Statistics
Type     Time(s)  Ops          TPS(ops/s)   Net(M/s)   Get_miss   Min(us)  Max(us)    Avg(us)    Std_dev    Geo_dist  
Period   10       67183        6718         0.9        0          1443     805037     28889      36912.43   22661.81
Global   370      2453982      6632         0.9        0          640      1562439    29071      36297.41   23045.86

Total Statistics
Type     Time(s)  Ops          TPS(ops/s)   Net(M/s)   Get_miss   Min(us)  Max(us)    Avg(us)    Std_dev    Geo_dist  
Period   10       67183        6718         0.9        0          1443     805037     28889      36912.43   22661.81
Global   370      2453982      6632         0.9        0          640      1562439    29071      36297.41   23045.86

[1;1H[2J
Get Statistics
Type     Time(s)  Ops          TPS(ops/s)   Net(M/s)   Get_miss   Min(us)  Max(us)    Avg(us)    Std_dev    Geo_dist  
Period   10       61287        6128         0.9        0          1066     1029982    31592      49967.04   23654.43
Global   380      2515269      6619         0.8        0          640      1562439    29133      36692.66   23060.50

Total Statistics
Type     Time(s)  Ops          TPS(ops/s)   Net(M/s)   Get_miss   Min(us)  Max(us)    Avg(us)    Std_dev    Geo_dist  
Period   10       61287        6128         0.9        0          1066     1029982    31592      49967.04   23654.43
Global   380      2515269      6619         0.8        0          640      1562439    29133      36692.66   23060.50

[1;1H[2J
Get Statistics
Type     Time(s)  Ops          TPS(ops/s)   Net(M/s)   Get_miss   Min(us)  Max(us)    Avg(us)    Std_dev    Geo_dist  
Period   10       71662        7166         0.9        0          980      296585     27010      27246.38   22374.38
Global   390      2586931      6633         1.0        0          640      1562439    29074      36465.76   23041.21

Total Statistics
Type     Time(s)  Ops          TPS(ops/s)   Net(M/s)   Get_miss   Min(us)  Max(us)    Avg(us)    Std_dev    Geo_dist  
Period   10       71662        7166         0.9        0          980      296585     27010      27246.38   22374.38
Global   390      2586931      6633         1.0        0          640      1562439    29074      36465.76   23041.21

[1;1H[2J
Get Statistics
Type     Time(s)  Ops          TPS(ops/s)   Net(M/s)   Get_miss   Min(us)  Max(us)    Avg(us)    Std_dev    Geo_dist  
Period   10       69608        6960         0.9        0          1047     1018419    27840      39150.52   22099.80
Global   400      2656539      6641         1.0        0          640      1562439    29042      36538.89   23016.04

Total Statistics
Type     Time(s)  Ops          TPS(ops/s)   Net(M/s)   Get_miss   Min(us)  Max(us)    Avg(us)    Std_dev    Geo_dist  
Period   10       69608        6960         0.9        0          1047     1018419    27840      39150.52   22099.80
Global   400      2656539      6641         1.0        0          640      1562439    29042      36538.89   23016.04

[1;1H[2J
Get Statistics
Type     Time(s)  Ops          TPS(ops/s)   Net(M/s)   Get_miss   Min(us)  Max(us)    Avg(us)    Std_dev    Geo_dist  
Period   10       57791        5779         0.9        0          1807     1188588    33469      52448.18   24158.47
Global   410      2714330      6620         0.8        0          640      1562439    29136      36954.76   23039.79

Total Statistics
Type     Time(s)  Ops          TPS(ops/s)   Net(M/s)   Get_miss   Min(us)  Max(us)    Avg(us)    Std_dev    Geo_dist  
Period   10       57791        5779         0.9        0          1807     1188588    33469      52448.18   24158.47
Global   410      2714330      6620         0.8        0          640      1562439    29136      36954.76   23039.79

[1;1H[2J
Get Statistics
Type     Time(s)  Ops          TPS(ops/s)   Net(M/s)   Get_miss   Min(us)  Max(us)    Avg(us)    Std_dev    Geo_dist  
Period   10       66820        6682         0.9        0          995      368409     28963      31907.67   23183.34
Global   420      2781150      6621         0.9        0          640      1562439    29132      36841.49   23043.23

Total Statistics
Type     Time(s)  Ops          TPS(ops/s)   Net(M/s)   Get_miss   Min(us)  Max(us)    Avg(us)    Std_dev    Geo_dist  
Period   10       66820        6682         0.9        0          995      368409     28963      31907.67   23183.34
Global   420      2781150      6621         0.9        0          640      1562439    29132      36841.49   23043.23

[1;1H[2J
Get Statistics
Type     Time(s)  Ops          TPS(ops/s)   Net(M/s)   Get_miss   Min(us)  Max(us)    Avg(us)    Std_dev    Geo_dist  
Period   10       66821        6682         0.9        0          1112     1003334    28945      33049.99   22905.15
Global   430      2847971      6623         0.9        0          640      1562439    29127      36757.50   23039.98

Total Statistics
Type     Time(s)  Ops          TPS(ops/s)   Net(M/s)   Get_miss   Min(us)  Max(us)    Avg(us)    Std_dev    Geo_dist  
Period   10       66821        6682         0.9        0          1112     1003334    28945      33049.99   22905.15
Global   430      2847971      6623         0.9        0          640      1562439    29127      36757.50   23039.98

[1;1H[2J
Get Statistics
Type     Time(s)  Ops          TPS(ops/s)   Net(M/s)   Get_miss   Min(us)  Max(us)    Avg(us)    Std_dev    Geo_dist  
Period   10       66466        6646         0.9        0          862      1175815    28962      36608.40   22824.90
Global   440      2914437      6623         0.9        0          640      1562439    29124      36753.51   23035.05

Total Statistics
Type     Time(s)  Ops          TPS(ops/s)   Net(M/s)   Get_miss   Min(us)  Max(us)    Avg(us)    Std_dev    Geo_dist  
Period   10       66466        6646         0.9        0          862      1175815    28962      36608.40   22824.90
Global   440      2914437      6623         0.9        0          640      1562439    29124      36753.51   23035.05

[1;1H[2J
Get Statistics
Type     Time(s)  Ops          TPS(ops/s)   Net(M/s)   Get_miss   Min(us)  Max(us)    Avg(us)    Std_dev    Geo_dist  
Period   10       71142        7114         0.9        0          903      1093220    27141      30107.03   22038.80
Global   450      2985579      6634         1.0        0          640      1562439    29076      36611.01   23010.80

Total Statistics
Type     Time(s)  Ops          TPS(ops/s)   Net(M/s)   Get_miss   Min(us)  Max(us)    Avg(us)    Std_dev    Geo_dist  
Period   10       71142        7114         0.9        0          903      1093220    27141      30107.03   22038.80
Global   450      2985579      6634         1.0        0          640      1562439    29076      36611.01   23010.80

[1;1H[2J
Get Statistics
Type     Time(s)  Ops          TPS(ops/s)   Net(M/s)   Get_miss   Min(us)  Max(us)    Avg(us)    Std_dev    Geo_dist  
Period   10       61247        6124         0.9        0          807      1043321    31194      41621.48   23398.69
Global   460      3046826      6623         0.8        0          640      1562439    29119      36719.32   23018.53

Total Statistics
Type     Time(s)  Ops          TPS(ops/s)   Net(M/s)   Get_miss   Min(us)  Max(us)    Avg(us)    Std_dev    Geo_dist  
Period   10       61247        6124         0.9        0          807      1043321    31194      41621.48   23398.69
Global   460      3046826      6623         0.8        0          640      1562439    29119      36719.32   23018.53

[1;1H[2J
Get Statistics
Type     Time(s)  Ops          TPS(ops/s)   Net(M/s)   Get_miss   Min(us)  Max(us)    Avg(us)    Std_dev    Geo_dist  
Period   10       67704        6770         0.9        0          1271     1446704    28710      33723.53   22901.10
Global   470      3114530      6626         0.9        0          640      1562439    29110      36656.93   23015.97

Total Statistics
Type     Time(s)  Ops          TPS(ops/s)   Net(M/s)   Get_miss   Min(us)  Max(us)    Avg(us)    Std_dev    Geo_dist  
Period   10       67704        6770         0.9        0          1271     1446704    28710      33723.53   22901.10
Global   470      3114530      6626         0.9        0          640      1562439    29110      36656.93   23015.97

[1;1H[2J
Get Statistics
Type     Time(s)  Ops          TPS(ops/s)   Net(M/s)   Get_miss   Min(us)  Max(us)    Avg(us)    Std_dev    Geo_dist  
Period   10       68446        6844         0.9        0          1162     528516     28194      26947.53   23252.46
Global   480      3182976      6631         0.9        0          640      1562439    29090      36475.82   23021.03

Total Statistics
Type     Time(s)  Ops          TPS(ops/s)   Net(M/s)   Get_miss   Min(us)  Max(us)    Avg(us)    Std_dev    Geo_dist  
Period   10       68447        6844         0.9        0          1162     528516     28197      26952.53   23253.15
Global   480      3182977      6631         0.9        0          640      1562439    29090      36475.95   23021.05

[1;1H[2J
Get Statistics
Type     Time(s)  Ops          TPS(ops/s)   Net(M/s)   Get_miss   Min(us)  Max(us)    Avg(us)    Std_dev    Geo_dist  
Period   10       59910        5991         0.9        0          1361     746270     31818      37581.61   23905.86
Global   490      3242886      6618         0.8        0          640      1562439    29141      36498.05   23037.16

Total Statistics
Type     Time(s)  Ops          TPS(ops/s)   Net(M/s)   Get_miss   Min(us)  Max(us)    Avg(us)    Std_dev    Geo_dist  
Period   10       59910        5991         0.9        0          1361     746270     31818      37581.64   23909.57
Global   490      3242887      6618         0.8        0          640      1562439    29141      36498.04   23037.16

[1;1H[2J
Get Statistics
Type     Time(s)  Ops          TPS(ops/s)   Net(M/s)   Get_miss   Min(us)  Max(us)    Avg(us)    Std_dev    Geo_dist  
Period   10       68804        6880         0.9        0          1303     1014578    28340      35725.40   22523.01
Global   500      3311690      6623         0.9        0          640      1562439    29124      36482.63   23026.43

Total Statistics
Type     Time(s)  Ops          TPS(ops/s)   Net(M/s)   Get_miss   Min(us)  Max(us)    Avg(us)    Std_dev    Geo_dist  
Period   10       68803        6880         0.9        0          1303     1014578    28340      35725.82   22526.30
Global   500      3311690      6623         0.9        0          640      1562439    29124      36482.63   23026.43

[1;1H[2J
Get Statistics
Type     Time(s)  Ops          TPS(ops/s)   Net(M/s)   Get_miss   Min(us)  Max(us)    Avg(us)    Std_dev    Geo_dist  
Period   10       65317        6531         0.9        0          1237     1134868    29495      43601.89   22872.32
Global   510      3377007      6621         0.9        0          640      1562439    29131      36633.62   23023.44

Total Statistics
Type     Time(s)  Ops          TPS(ops/s)   Net(M/s)   Get_miss   Min(us)  Max(us)    Avg(us)    Std_dev    Geo_dist  
Period   10       65317        6531         0.9        0          1237     1134868    29495      43601.89   22872.32
Global   510      3377007      6621         0.9        0          640      1562439    29131      36633.62   23023.44

[1;1H[2J
Get Statistics
Type     Time(s)  Ops          TPS(ops/s)   Net(M/s)   Get_miss   Min(us)  Max(us)    Avg(us)    Std_dev    Geo_dist  
Period   10       67155        6715         0.9        0          1029     332650     28427      31606.32   22739.92
Global   520      3444162      6623         0.9        0          640      1562439    29118      36541.75   23017.88

Total Statistics
Type     Time(s)  Ops          TPS(ops/s)   Net(M/s)   Get_miss   Min(us)  Max(us)    Avg(us)    Std_dev    Geo_dist  
Period   10       67155        6715         0.9        0          1029     332650     28427      31606.32   22739.92
Global   520      3444162      6623         0.9        0          640      1562439    29118      36541.75   23017.88

[1;1H[2J
Get Statistics
Type     Time(s)  Ops          TPS(ops/s)   Net(M/s)   Get_miss   Min(us)  Max(us)    Avg(us)    Std_dev    Geo_dist  
Period   10       59087        5908         0.9        0          972      1134834    32842      58181.11   23410.00
Global   530      3503249      6609         0.8        0          640      1562439    29180      37015.50   23024.43

Total Statistics
Type     Time(s)  Ops          TPS(ops/s)   Net(M/s)   Get_miss   Min(us)  Max(us)    Avg(us)    Std_dev    Geo_dist  
Period   10       59087        5908         0.9        0          972      1134834    32842      58181.11   23410.00
Global   530      3503249      6609         0.8        0          640      1562439    29180      37015.50   23024.43

[1;1H[2J
Get Statistics
Type     Time(s)  Ops          TPS(ops/s)   Net(M/s)   Get_miss   Min(us)  Max(us)    Avg(us)    Std_dev    Geo_dist  
Period   10       63715        6371         0.9        0          1321     1011420    29853      40386.24   22910.26
Global   540      3566964      6605         0.9        0          640      1562439    29192      37078.52   23022.39

Total Statistics
Type     Time(s)  Ops          TPS(ops/s)   Net(M/s)   Get_miss   Min(us)  Max(us)    Avg(us)    Std_dev    Geo_dist  
Period   10       63715        6371         0.9        0          1321     1011420    29853      40386.24   22910.26
Global   540      3566964      6605         0.9        0          640      1562439    29192      37078.52   23022.39

[1;1H[2J
Get Statistics
Type     Time(s)  Ops          TPS(ops/s)   Net(M/s)   Get_miss   Min(us)  Max(us)    Avg(us)    Std_dev    Geo_dist  
Period   10       67147        6714         0.9        0          1079     962165     29175      33637.37   22952.24
Global   550      3634111      6607         0.9        0          640      1562439    29192      37017.59   23021.09

Total Statistics
Type     Time(s)  Ops          TPS(ops/s)   Net(M/s)   Get_miss   Min(us)  Max(us)    Avg(us)    Std_dev    Geo_dist  
Period   10       67147        6714         0.9        0          1079     962165     29175      33637.37   22952.24
Global   550      3634111      6607         0.9        0          640      1562439    29192      37017.59   23021.09

[1;1H[2J
Get Statistics
Type     Time(s)  Ops          TPS(ops/s)   Net(M/s)   Get_miss   Min(us)  Max(us)    Avg(us)    Std_dev    Geo_dist  
Period   10       71767        7176         0.9        0          1389     1051968    26961      29716.67   22085.66
Global   560      3705878      6617         1.0        0          640      1562439    29149      36891.04   23002.61

Total Statistics
Type     Time(s)  Ops          TPS(ops/s)   Net(M/s)   Get_miss   Min(us)  Max(us)    Avg(us)    Std_dev    Geo_dist  
Period   10       71767        7176         0.9        0          1389     1051968    26961      29716.67   22085.66
Global   560      3705878      6617         1.0        0          640      1562439    29149      36891.04   23002.61

[1;1H[2J
Get Statistics
Type     Time(s)  Ops          TPS(ops/s)   Net(M/s)   Get_miss   Min(us)  Max(us)    Avg(us)    Std_dev    Geo_dist  
Period   10       65352        6535         0.9        0          902      1032744    29331      35523.45   22897.68
Global   570      3771230      6616         0.9        0          640      1562439    29152      36867.90   23000.78

Total Statistics
Type     Time(s)  Ops          TPS(ops/s)   Net(M/s)   Get_miss   Min(us)  Max(us)    Avg(us)    Std_dev    Geo_dist  
Period   10       65352        6535         0.9        0          902      1032744    29331      35523.45   22897.68
Global   570      3771230      6616         0.9        0          640      1562439    29152      36867.90   23000.78

[1;1H[2J
Get Statistics
Type     Time(s)  Ops          TPS(ops/s)   Net(M/s)   Get_miss   Min(us)  Max(us)    Avg(us)    Std_dev    Geo_dist  
Period   10       72825        7282         0.9        0          927      266284     26604      22571.52   22381.45
Global   580      3844055      6627         1.0        0          640      1562439    29104      36650.34   22988.89

Total Statistics
Type     Time(s)  Ops          TPS(ops/s)   Net(M/s)   Get_miss   Min(us)  Max(us)    Avg(us)    Std_dev    Geo_dist  
Period   10       72825        7282         0.9        0          927      266284     26604      22571.52   22381.45
Global   580      3844055      6627         1.0        0          640      1562439    29104      36650.34   22988.89

[1;1H[2J
Get Statistics
Type     Time(s)  Ops          TPS(ops/s)   Net(M/s)   Get_miss   Min(us)  Max(us)    Avg(us)    Std_dev    Geo_dist  
Period   10       52495        5249         0.9        0          974      1293804    35986      62937.91   24231.65
Global   590      3896550      6604         0.7        0          640      1562439    29196      37137.41   23005.20

Total Statistics
Type     Time(s)  Ops          TPS(ops/s)   Net(M/s)   Get_miss   Min(us)  Max(us)    Avg(us)    Std_dev    Geo_dist  
Period   10       52495        5249         0.9        0          974      1293804    35986      62937.91   24231.65
Global   590      3896550      6604         0.7        0          640      1562439    29196      37137.41   23005.20

[1;1H[2J
Get Statistics
Type     Time(s)  Ops          TPS(ops/s)   Net(M/s)   Get_miss   Min(us)  Max(us)    Avg(us)    Std_dev    Geo_dist  
Period   10       62915        6291         0.9        0          892      998526     30320      38501.43   23282.71
Global   600      3959465      6599         0.9        0          640      1562439    29214      37159.63   23009.59

Total Statistics
Type     Time(s)  Ops          TPS(ops/s)   Net(M/s)   Get_miss   Min(us)  Max(us)    Avg(us)    Std_dev    Geo_dist  
Period   10       62915        6291         0.9        0          892      998526     30320      38501.43   23282.71
Global   600      3959465      6599         0.9        0          640      1562439    29214      37159.63   23009.59

Get Statistics (3959657 events)
   Min:       640
   Max:   1562439
   Avg:     29240
   Geo:  23013.09
   Std:  37353.45
   Log2 Dist:
       8:        0        0       71     2367
      12:     9914    14754   871379   2361293
      16:   500447   123127    56376    17599
      20:     1959      371

Total Statistics (3959657 events)
   Min:       640
   Max:   1562439
   Avg:     29240
   Geo:  23013.09
   Std:  37353.45
   Log2 Dist:
       8:        0        0       71     2367
      12:     9914    14754   871379   2361293
      16:   500447   123127    56376    17599
      20:     1959      371

cmd_get: 3959849
cmd_set: 196608
get_misses: 0
written_bytes: 118569734
read_bytes: 654916269
object_bytes: 28311552

Run time: 602.8s Ops: 4156457 TPS: 6895 Net_rate: 1.2M/s
