servers : 10.0.0.6:11212
threads count: 12
concurrency: 12
run time: 360s
windows size: 1k
set proportion: set_prop=0.00
get proportion: get_prop=1.00
[1;1H[2J
Get Statistics
Type     Time(s)  Ops          TPS(ops/s)   Net(M/s)   Get_miss   Min(us)  Max(us)    Avg(us)    Std_dev    Geo_dist  
Period   10       18483        1848         0.3        0          334      245356     6509       7122.62    4555.18
Global   10       18483        1848         0.3        0          334      245356     6509       7122.62    4555.18

Total Statistics
Type     Time(s)  Ops          TPS(ops/s)   Net(M/s)   Get_miss   Min(us)  Max(us)    Avg(us)    Std_dev    Geo_dist  
Period   10       18483        1848         0.3        0          334      245356     6509       7122.62    4555.18
Global   10       18483        1848         0.3        0          334      245356     6509       7122.62    4555.18

[1;1H[2J
Get Statistics
Type     Time(s)  Ops          TPS(ops/s)   Net(M/s)   Get_miss   Min(us)  Max(us)    Avg(us)    Std_dev    Geo_dist  
Period   10       18941        1894         0.3        0          303      215943     6310       6402.77    4425.69
Global   20       37424        1871         0.3        0          303      245356     6408       6768.77    4489.18

Total Statistics
Type     Time(s)  Ops          TPS(ops/s)   Net(M/s)   Get_miss   Min(us)  Max(us)    Avg(us)    Std_dev    Geo_dist  
Period   10       18941        1894         0.3        0          303      215943     6310       6402.77    4425.69
Global   20       37424        1871         0.3        0          303      245356     6408       6768.77    4489.18

[1;1H[2J
Get Statistics
Type     Time(s)  Ops          TPS(ops/s)   Net(M/s)   Get_miss   Min(us)  Max(us)    Avg(us)    Std_dev    Geo_dist  
Period   10       20415        2041         0.3        0          346      199050     5947       6914.31    4273.78
Global   30       57839        1927         0.3        0          303      245356     6245       6824.25    4411.94

Total Statistics
Type     Time(s)  Ops          TPS(ops/s)   Net(M/s)   Get_miss   Min(us)  Max(us)    Avg(us)    Std_dev    Geo_dist  
Period   10       20415        2041         0.3        0          346      199050     5947       6914.31    4273.78
Global   30       57839        1927         0.3        0          303      245356     6245       6824.25    4411.94

[1;1H[2J
Get Statistics
Type     Time(s)  Ops          TPS(ops/s)   Net(M/s)   Get_miss   Min(us)  Max(us)    Avg(us)    Std_dev    Geo_dist  
Period   10       20243        2024         0.3        0          334      61548      5950       4422.50    4296.33
Global   40       78082        1952         0.3        0          303      245356     6169       6291.10    4381.67

Total Statistics
Type     Time(s)  Ops          TPS(ops/s)   Net(M/s)   Get_miss   Min(us)  Max(us)    Avg(us)    Std_dev    Geo_dist  
Period   10       20243        2024         0.3        0          334      61548      5950       4422.50    4296.33
Global   40       78082        1952         0.3        0          303      245356     6169       6291.10    4381.67

[1;1H[2J
Get Statistics
Type     Time(s)  Ops          TPS(ops/s)   Net(M/s)   Get_miss   Min(us)  Max(us)    Avg(us)    Std_dev    Geo_dist  
Period   10       19442        1944         0.3        0          287      229021     6193       7915.12    4379.46
Global   50       97524        1950         0.3        0          287      245356     6174       6646.36    4381.23

Total Statistics
Type     Time(s)  Ops          TPS(ops/s)   Net(M/s)   Get_miss   Min(us)  Max(us)    Avg(us)    Std_dev    Geo_dist  
Period   10       19442        1944         0.3        0          287      229021     6193       7915.12    4379.46
Global   50       97524        1950         0.3        0          287      245356     6174       6646.36    4381.23

[1;1H[2J
Get Statistics
Type     Time(s)  Ops          TPS(ops/s)   Net(M/s)   Get_miss   Min(us)  Max(us)    Avg(us)    Std_dev    Geo_dist  
Period   10       19426        1942         0.3        0          320      272591     6197       7702.16    4301.95
Global   60       116950       1949         0.3        0          287      272591     6177       6833.76    4367.96

Total Statistics
Type     Time(s)  Ops          TPS(ops/s)   Net(M/s)   Get_miss   Min(us)  Max(us)    Avg(us)    Std_dev    Geo_dist  
Period   10       19426        1942         0.3        0          320      272591     6197       7702.16    4301.95
Global   60       116950       1949         0.3        0          287      272591     6177       6833.76    4367.96

[1;1H[2J
Get Statistics
Type     Time(s)  Ops          TPS(ops/s)   Net(M/s)   Get_miss   Min(us)  Max(us)    Avg(us)    Std_dev    Geo_dist  
Period   10       19328        1932         0.3        0          313      240672     6234       7239.72    4438.52
Global   70       136278       1946         0.3        0          287      272591     6186       6891.97    4377.90

Total Statistics
Type     Time(s)  Ops          TPS(ops/s)   Net(M/s)   Get_miss   Min(us)  Max(us)    Avg(us)    Std_dev    Geo_dist  
Period   10       19328        1932         0.3        0          313      240672     6234       7239.72    4438.52
Global   70       136278       1946         0.3        0          287      272591     6186       6891.97    4377.90

[1;1H[2J
Get Statistics
Type     Time(s)  Ops          TPS(ops/s)   Net(M/s)   Get_miss   Min(us)  Max(us)    Avg(us)    Std_dev    Geo_dist  
Period   10       19975        1997         0.3        0          314      61417      6029       4518.81    4332.68
Global   80       156253       1953         0.3        0          287      272591     6166       6636.20    4372.09

Total Statistics
Type     Time(s)  Ops          TPS(ops/s)   Net(M/s)   Get_miss   Min(us)  Max(us)    Avg(us)    Std_dev    Geo_dist  
Period   10       19975        1997         0.3        0          314      61417      6029       4518.81    4332.68
Global   80       156253       1953         0.3        0          287      272591     6166       6636.20    4372.09

[1;1H[2J
Get Statistics
Type     Time(s)  Ops          TPS(ops/s)   Net(M/s)   Get_miss   Min(us)  Max(us)    Avg(us)    Std_dev    Geo_dist  
Period   10       19187        1918         0.3        0          335      101412     6276       5477.92    4371.44
Global   90       175440       1949         0.3        0          287      272591     6178       6519.66    4372.02

Total Statistics
Type     Time(s)  Ops          TPS(ops/s)   Net(M/s)   Get_miss   Min(us)  Max(us)    Avg(us)    Std_dev    Geo_dist  
Period   10       19187        1918         0.3        0          335      101412     6276       5477.92    4371.44
Global   90       175440       1949         0.3        0          287      272591     6178       6519.66    4372.02

[1;1H[2J
Get Statistics
Type     Time(s)  Ops          TPS(ops/s)   Net(M/s)   Get_miss   Min(us)  Max(us)    Avg(us)    Std_dev    Geo_dist  
Period   10       18497        1849         0.3        0          326      248083     6513       8185.71    4448.77
Global   100      193937       1939         0.3        0          287      272591     6210       6697.12    4379.28

Total Statistics
Type     Time(s)  Ops          TPS(ops/s)   Net(M/s)   Get_miss   Min(us)  Max(us)    Avg(us)    Std_dev    Geo_dist  
Period   10       18497        1849         0.3        0          326      248083     6513       8185.71    4448.77
Global   100      193937       1939         0.3        0          287      272591     6210       6697.12    4379.28

[1;1H[2J
Get Statistics
Type     Time(s)  Ops          TPS(ops/s)   Net(M/s)   Get_miss   Min(us)  Max(us)    Avg(us)    Std_dev    Geo_dist  
Period   10       19880        1988         0.3        0          314      210047     6056       6275.52    4274.50
Global   110      213817       1943         0.3        0          287      272591     6195       6659.82    4369.43

Total Statistics
Type     Time(s)  Ops          TPS(ops/s)   Net(M/s)   Get_miss   Min(us)  Max(us)    Avg(us)    Std_dev    Geo_dist  
Period   10       19880        1988         0.3        0          314      210047     6056       6275.52    4274.50
Global   110      213817       1943         0.3        0          287      272591     6195       6659.82    4369.43

[1;1H[2J
Get Statistics
Type     Time(s)  Ops          TPS(ops/s)   Net(M/s)   Get_miss   Min(us)  Max(us)    Avg(us)    Std_dev    Geo_dist  
Period   10       19700        1970         0.3        0          318      219902     6113       6208.45    4395.32
Global   120      233517       1945         0.3        0          287      272591     6188       6623.03    4371.61

Total Statistics
Type     Time(s)  Ops          TPS(ops/s)   Net(M/s)   Get_miss   Min(us)  Max(us)    Avg(us)    Std_dev    Geo_dist  
Period   10       19700        1970         0.3        0          318      219902     6113       6208.45    4395.32
Global   120      233517       1945         0.3        0          287      272591     6188       6623.03    4371.61

[1;1H[2J
Get Statistics
Type     Time(s)  Ops          TPS(ops/s)   Net(M/s)   Get_miss   Min(us)  Max(us)    Avg(us)    Std_dev    Geo_dist  
Period   10       18945        1894         0.3        0          279      219851     6360       6821.61    4438.96
Global   130      252462       1942         0.3        0          279      272591     6201       6638.19    4376.63

Total Statistics
Type     Time(s)  Ops          TPS(ops/s)   Net(M/s)   Get_miss   Min(us)  Max(us)    Avg(us)    Std_dev    Geo_dist  
Period   10       18945        1894         0.3        0          279      219851     6360       6821.61    4438.96
Global   130      252462       1942         0.3        0          279      272591     6201       6638.19    4376.63

[1;1H[2J
Get Statistics
Type     Time(s)  Ops          TPS(ops/s)   Net(M/s)   Get_miss   Min(us)  Max(us)    Avg(us)    Std_dev    Geo_dist  
Period   10       19884        1988         0.3        0          325      209682     6056       6355.54    4253.10
Global   140      272346       1945         0.3        0          279      272591     6191       6617.51    4367.49

Total Statistics
Type     Time(s)  Ops          TPS(ops/s)   Net(M/s)   Get_miss   Min(us)  Max(us)    Avg(us)    Std_dev    Geo_dist  
Period   10       19884        1988         0.3        0          325      209682     6056       6355.54    4253.10
Global   140      272346       1945         0.3        0          279      272591     6191       6617.51    4367.49

[1;1H[2J
Get Statistics
Type     Time(s)  Ops          TPS(ops/s)   Net(M/s)   Get_miss   Min(us)  Max(us)    Avg(us)    Std_dev    Geo_dist  
Period   10       19868        1986         0.3        0          294      195737     6064       7919.00    4136.18
Global   150      292214       1948         0.3        0          279      272591     6182       6714.40    4351.36

Total Statistics
Type     Time(s)  Ops          TPS(ops/s)   Net(M/s)   Get_miss   Min(us)  Max(us)    Avg(us)    Std_dev    Geo_dist  
Period   10       19868        1986         0.3        0          294      195737     6064       7919.00    4136.18
Global   150      292214       1948         0.3        0          279      272591     6182       6714.40    4351.36

[1;1H[2J
Get Statistics
Type     Time(s)  Ops          TPS(ops/s)   Net(M/s)   Get_miss   Min(us)  Max(us)    Avg(us)    Std_dev    Geo_dist  
Period   10       19832        1983         0.3        0          295      32892      6070       4388.39    4324.44
Global   160      312046       1950         0.3        0          279      272591     6175       6590.98    4349.65

Total Statistics
Type     Time(s)  Ops          TPS(ops/s)   Net(M/s)   Get_miss   Min(us)  Max(us)    Avg(us)    Std_dev    Geo_dist  
Period   10       19832        1983         0.3        0          295      32892      6070       4388.39    4324.44
Global   160      312046       1950         0.3        0          279      272591     6175       6590.98    4349.65

[1;1H[2J
Get Statistics
Type     Time(s)  Ops          TPS(ops/s)   Net(M/s)   Get_miss   Min(us)  Max(us)    Avg(us)    Std_dev    Geo_dist  
Period   10       19904        1990         0.3        0          311      198483     6047       5953.22    4250.38
Global   170      331950       1952         0.3        0          279      272591     6167       6554.86    4343.63

Total Statistics
Type     Time(s)  Ops          TPS(ops/s)   Net(M/s)   Get_miss   Min(us)  Max(us)    Avg(us)    Std_dev    Geo_dist  
Period   10       19904        1990         0.3        0          311      198483     6047       5953.22    4250.38
Global   170      331950       1952         0.3        0          279      272591     6167       6554.86    4343.63

[1;1H[2J
Get Statistics
Type     Time(s)  Ops          TPS(ops/s)   Net(M/s)   Get_miss   Min(us)  Max(us)    Avg(us)    Std_dev    Geo_dist  
Period   10       19793        1979         0.3        0          297      53001      6086       4651.39    4269.56
Global   180      351743       1954         0.3        0          279      272591     6163       6462.14    4339.43

Total Statistics
Type     Time(s)  Ops          TPS(ops/s)   Net(M/s)   Get_miss   Min(us)  Max(us)    Avg(us)    Std_dev    Geo_dist  
Period   10       19793        1979         0.3        0          297      53001      6086       4651.39    4269.56
Global   180      351743       1954         0.3        0          279      272591     6163       6462.14    4339.43

[1;1H[2J
Get Statistics
Type     Time(s)  Ops          TPS(ops/s)   Net(M/s)   Get_miss   Min(us)  Max(us)    Avg(us)    Std_dev    Geo_dist  
Period   10       19804        1980         0.3        0          321      203875     6081       6483.11    4118.79
Global   190      371547       1955         0.3        0          279      272591     6158       6463.88    4327.37

Total Statistics
Type     Time(s)  Ops          TPS(ops/s)   Net(M/s)   Get_miss   Min(us)  Max(us)    Avg(us)    Std_dev    Geo_dist  
Period   10       19804        1980         0.3        0          321      203875     6081       6483.11    4118.79
Global   190      371547       1955         0.3        0          279      272591     6158       6463.88    4327.37

[1;1H[2J
Get Statistics
Type     Time(s)  Ops          TPS(ops/s)   Net(M/s)   Get_miss   Min(us)  Max(us)    Avg(us)    Std_dev    Geo_dist  
Period   10       19494        1949         0.3        0          291      101990     6182       5466.37    4426.45
Global   200      391041       1955         0.3        0          279      272591     6160       6417.05    4332.26

Total Statistics
Type     Time(s)  Ops          TPS(ops/s)   Net(M/s)   Get_miss   Min(us)  Max(us)    Avg(us)    Std_dev    Geo_dist  
Period   10       19494        1949         0.3        0          291      101990     6182       5466.37    4426.45
Global   200      391041       1955         0.3        0          279      272591     6160       6417.05    4332.26

[1;1H[2J
Get Statistics
Type     Time(s)  Ops          TPS(ops/s)   Net(M/s)   Get_miss   Min(us)  Max(us)    Avg(us)    Std_dev    Geo_dist  
Period   10       19595        1959         0.3        0          327      257845     6146       7928.47    4255.25
Global   210      410636       1955         0.3        0          279      272591     6159       6497.47    4328.55

Total Statistics
Type     Time(s)  Ops          TPS(ops/s)   Net(M/s)   Get_miss   Min(us)  Max(us)    Avg(us)    Std_dev    Geo_dist  
Period   10       19595        1959         0.3        0          327      257845     6146       7928.47    4255.25
Global   210      410636       1955         0.3        0          279      272591     6159       6497.47    4328.55

[1;1H[2J
Get Statistics
Type     Time(s)  Ops          TPS(ops/s)   Net(M/s)   Get_miss   Min(us)  Max(us)    Avg(us)    Std_dev    Geo_dist  
Period   10       20124        2012         0.3        0          316      43249      5987       4454.10    4236.56
Global   220      430760       1958         0.3        0          279      272591     6151       6416.58    4324.21

Total Statistics
Type     Time(s)  Ops          TPS(ops/s)   Net(M/s)   Get_miss   Min(us)  Max(us)    Avg(us)    Std_dev    Geo_dist  
Period   10       20124        2012         0.3        0          316      43249      5987       4454.10    4236.56
Global   220      430760       1958         0.3        0          279      272591     6151       6416.58    4324.21

[1;1H[2J
Get Statistics
Type     Time(s)  Ops          TPS(ops/s)   Net(M/s)   Get_miss   Min(us)  Max(us)    Avg(us)    Std_dev    Geo_dist  
Period   10       19577        1957         0.3        0          308      239258     6152       7751.36    4205.98
Global   230      450337       1957         0.3        0          279      272591     6151       6480.35    4319.00

Total Statistics
Type     Time(s)  Ops          TPS(ops/s)   Net(M/s)   Get_miss   Min(us)  Max(us)    Avg(us)    Std_dev    Geo_dist  
Period   10       19577        1957         0.3        0          308      239258     6152       7751.36    4205.98
Global   230      450337       1957         0.3        0          279      272591     6151       6480.35    4319.00

[1;1H[2J
Get Statistics
Type     Time(s)  Ops          TPS(ops/s)   Net(M/s)   Get_miss   Min(us)  Max(us)    Avg(us)    Std_dev    Geo_dist  
Period   10       20176        2017         0.3        0          316      54591      5892       4687.42    4048.29
Global   240      470513       1960         0.3        0          279      272591     6140       6413.87    4307.03

Total Statistics
Type     Time(s)  Ops          TPS(ops/s)   Net(M/s)   Get_miss   Min(us)  Max(us)    Avg(us)    Std_dev    Geo_dist  
Period   10       20176        2017         0.3        0          316      54591      5892       4687.42    4048.29
Global   240      470513       1960         0.3        0          279      272591     6140       6413.87    4307.03

[1;1H[2J
Get Statistics
Type     Time(s)  Ops          TPS(ops/s)   Net(M/s)   Get_miss   Min(us)  Max(us)    Avg(us)    Std_dev    Geo_dist  
Period   10       19265        1926         0.3        0          310      240939     6331       8900.52    4192.60
Global   250      489778       1959         0.3        0          279      272591     6147       6530.18    4302.47

Total Statistics
Type     Time(s)  Ops          TPS(ops/s)   Net(M/s)   Get_miss   Min(us)  Max(us)    Avg(us)    Std_dev    Geo_dist  
Period   10       19265        1926         0.3        0          310      240939     6331       8900.52    4192.60
Global   250      489778       1959         0.3        0          279      272591     6147       6530.18    4302.47

[1;1H[2J
Get Statistics
Type     Time(s)  Ops          TPS(ops/s)   Net(M/s)   Get_miss   Min(us)  Max(us)    Avg(us)    Std_dev    Geo_dist  
Period   10       19862        1986         0.3        0          314      70154      6059       4848.26    4189.26
Global   260      509640       1960         0.3        0          279      272591     6144       6472.43    4298.00

Total Statistics
Type     Time(s)  Ops          TPS(ops/s)   Net(M/s)   Get_miss   Min(us)  Max(us)    Avg(us)    Std_dev    Geo_dist  
Period   10       19862        1986         0.3        0          314      70154      6059       4848.26    4189.26
Global   260      509640       1960         0.3        0          279      272591     6144       6472.43    4298.00

[1;1H[2J
Get Statistics
Type     Time(s)  Ops          TPS(ops/s)   Net(M/s)   Get_miss   Min(us)  Max(us)    Avg(us)    Std_dev    Geo_dist  
Period   10       19747        1974         0.3        0          320      39944      6103       4400.85    4363.01
Global   270      529387       1960         0.3        0          279      272591     6142       6407.65    4300.41

Total Statistics
Type     Time(s)  Ops          TPS(ops/s)   Net(M/s)   Get_miss   Min(us)  Max(us)    Avg(us)    Std_dev    Geo_dist  
Period   10       19747        1974         0.3        0          320      39944      6103       4400.85    4363.01
Global   270      529387       1960         0.3        0          279      272591     6142       6407.65    4300.41

[1;1H[2J
Get Statistics
Type     Time(s)  Ops          TPS(ops/s)   Net(M/s)   Get_miss   Min(us)  Max(us)    Avg(us)    Std_dev    Geo_dist  
Period   10       19604        1960         0.3        0          296      97549      6144       5047.38    4335.32
Global   280      548991       1960         0.3        0          279      272591     6142       6364.14    4301.65

Total Statistics
Type     Time(s)  Ops          TPS(ops/s)   Net(M/s)   Get_miss   Min(us)  Max(us)    Avg(us)    Std_dev    Geo_dist  
Period   10       19604        1960         0.3        0          296      97549      6144       5047.38    4335.32
Global   280      548991       1960         0.3        0          279      272591     6142       6364.14    4301.65

[1;1H[2J
Get Statistics
Type     Time(s)  Ops          TPS(ops/s)   Net(M/s)   Get_miss   Min(us)  Max(us)    Avg(us)    Std_dev    Geo_dist  
Period   10       20164        2016         0.3        0          351      47778      5978       4668.44    4132.87
Global   290      569155       1962         0.3        0          279      272591     6137       6311.14    4295.56

Total Statistics
Type     Time(s)  Ops          TPS(ops/s)   Net(M/s)   Get_miss   Min(us)  Max(us)    Avg(us)    Std_dev    Geo_dist  
Period   10       20164        2016         0.3        0          351      47778      5978       4668.44    4132.87
Global   290      569155       1962         0.3        0          279      272591     6137       6311.14    4295.56

[1;1H[2J
Get Statistics
Type     Time(s)  Ops          TPS(ops/s)   Net(M/s)   Get_miss   Min(us)  Max(us)    Avg(us)    Std_dev    Geo_dist  
Period   10       19171        1917         0.3        0          317      179309     6314       6768.16    4286.44
Global   300      588326       1961         0.3        0          279      272591     6142       6327.37    4295.26

Total Statistics
Type     Time(s)  Ops          TPS(ops/s)   Net(M/s)   Get_miss   Min(us)  Max(us)    Avg(us)    Std_dev    Geo_dist  
Period   10       19171        1917         0.3        0          317      179309     6314       6768.16    4286.44
Global   300      588326       1961         0.3        0          279      272591     6142       6327.37    4295.26

[1;1H[2J
Get Statistics
Type     Time(s)  Ops          TPS(ops/s)   Net(M/s)   Get_miss   Min(us)  Max(us)    Avg(us)    Std_dev    Geo_dist  
Period   10       19180        1918         0.3        0          292      222316     6304       7377.28    4181.69
Global   310      607506       1959         0.3        0          279      272591     6147       6363.33    4291.63

Total Statistics
Type     Time(s)  Ops          TPS(ops/s)   Net(M/s)   Get_miss   Min(us)  Max(us)    Avg(us)    Std_dev    Geo_dist  
Period   10       19181        1918         0.3        0          292      222316     6304       7376.96    4181.49
Global   310      607507       1959         0.3        0          279      272591     6147       6363.32    4291.62

[1;1H[2J
Get Statistics
Type     Time(s)  Ops          TPS(ops/s)   Net(M/s)   Get_miss   Min(us)  Max(us)    Avg(us)    Std_dev    Geo_dist  
Period   10       19727        1972         0.3        0          302      43681      6123       4668.49    4283.82
Global   320      627233       1960         0.3        0          279      272591     6147       6316.22    4291.43

Total Statistics
Type     Time(s)  Ops          TPS(ops/s)   Net(M/s)   Get_miss   Min(us)  Max(us)    Avg(us)    Std_dev    Geo_dist  
Period   10       19726        1972         0.3        0          302      43681      6123       4668.81    4285.64
Global   320      627233       1960         0.3        0          279      272591     6147       6316.22    4291.43

[1;1H[2J
Get Statistics
Type     Time(s)  Ops          TPS(ops/s)   Net(M/s)   Get_miss   Min(us)  Max(us)    Avg(us)    Std_dev    Geo_dist  
Period   10       19986        1998         0.3        0          320      184940     6054       6029.79    4186.51
Global   330      647219       1961         0.3        0          279      272591     6144       6307.71    4288.15

Total Statistics
Type     Time(s)  Ops          TPS(ops/s)   Net(M/s)   Get_miss   Min(us)  Max(us)    Avg(us)    Std_dev    Geo_dist  
Period   10       19986        1998         0.3        0          320      184940     6054       6029.79    4186.51
Global   330      647219       1961         0.3        0          279      272591     6144       6307.71    4288.15

[1;1H[2J
Get Statistics
Type     Time(s)  Ops          TPS(ops/s)   Net(M/s)   Get_miss   Min(us)  Max(us)    Avg(us)    Std_dev    Geo_dist  
Period   10       19470        1947         0.3        0          324      192673     6211       6366.52    4267.30
Global   340      666689       1960         0.3        0          279      272591     6146       6309.40    4287.54

Total Statistics
Type     Time(s)  Ops          TPS(ops/s)   Net(M/s)   Get_miss   Min(us)  Max(us)    Avg(us)    Std_dev    Geo_dist  
Period   10       19470        1947         0.3        0          324      192673     6211       6366.52    4267.30
Global   340      666689       1960         0.3        0          279      272591     6146       6309.40    4287.54

[1;1H[2J
Get Statistics
Type     Time(s)  Ops          TPS(ops/s)   Net(M/s)   Get_miss   Min(us)  Max(us)    Avg(us)    Std_dev    Geo_dist  
Period   10       19262        1926         0.3        0          283      183014     6276       7469.88    4196.56
Global   350      685951       1959         0.3        0          279      272591     6149       6345.55    4284.96

Total Statistics
Type     Time(s)  Ops          TPS(ops/s)   Net(M/s)   Get_miss   Min(us)  Max(us)    Avg(us)    Std_dev    Geo_dist  
Period   10       19262        1926         0.3        0          283      183014     6276       7469.88    4196.56
Global   350      685951       1959         0.3        0          279      272591     6149       6345.55    4284.96

[1;1H[2J
Get Statistics
Type     Time(s)  Ops          TPS(ops/s)   Net(M/s)   Get_miss   Min(us)  Max(us)    Avg(us)    Std_dev    Geo_dist  
Period   10       19032        1903         0.3        0          326      235147     6354       9715.66    4210.49
Global   360      704983       1958         0.3        0          279      272591     6155       6459.29    4282.93

Total Statistics
Type     Time(s)  Ops          TPS(ops/s)   Net(M/s)   Get_miss   Min(us)  Max(us)    Avg(us)    Std_dev    Geo_dist  
Period   10       19032        1903         0.3        0          326      235147     6354       9715.66    4210.49
Global   360      704983       1958         0.3        0          279      272591     6155       6459.29    4282.93

Get Statistics (704995 events)
   Min:       279
   Max:    272591
   Avg:      6155
   Geo:   4282.97
   Std:   6459.26
   Log2 Dist:
       8:        0     8254    51464   113734
      12:   122993   208963   181805    16247
      16:      929      256      343        7

Total Statistics (704995 events)
   Min:       279
   Max:    272591
   Avg:      6155
   Geo:   4282.97
   Std:   6459.26
   Log2 Dist:
       8:        0     8254    51464   113734
      12:   122993   208963   181805    16247
      16:      929      256      343        7

cmd_get: 705007
cmd_set: 12288
get_misses: 0
written_bytes: 17475970
read_bytes: 116422479
object_bytes: 1769472

Run time: 361.8s Ops: 717295 TPS: 1983 Net_rate: 0.4M/s
