servers : 10.0.0.6:11212
threads count: 144
concurrency: 144
run time: 360s
windows size: 1k
set proportion: set_prop=0.00
get proportion: get_prop=1.00
[1;1H[2J
Get Statistics
Type     Time(s)  Ops          TPS(ops/s)   Net(M/s)   Get_miss   Min(us)  Max(us)    Avg(us)    Std_dev    Geo_dist  
Period   10       63433        6343         0.9        0          1660     2546877    22769      66674.54   17367.14
Global   10       63433        6343         0.9        0          1660     2546877    22769      66674.54   17367.14

Total Statistics
Type     Time(s)  Ops          TPS(ops/s)   Net(M/s)   Get_miss   Min(us)  Max(us)    Avg(us)    Std_dev    Geo_dist  
Period   10       63433        6343         0.9        0          1660     2546877    22769      66674.54   17367.14
Global   10       63433        6343         0.9        0          1660     2546877    22769      66674.54   17367.14

[1;1H[2J
Get Statistics
Type     Time(s)  Ops          TPS(ops/s)   Net(M/s)   Get_miss   Min(us)  Max(us)    Avg(us)    Std_dev    Geo_dist  
Period   10       36102        3610         0.7        0          1028     2245040    39582      167720.34  18879.62
Global   20       99535        4976         0.5        0          1028     2546877    28867      114460.55  17901.19

Total Statistics
Type     Time(s)  Ops          TPS(ops/s)   Net(M/s)   Get_miss   Min(us)  Max(us)    Avg(us)    Std_dev    Geo_dist  
Period   10       36102        3610         0.7        0          1028     2245040    39582      167720.34  18879.62
Global   20       99535        4976         0.5        0          1028     2546877    28867      114460.55  17901.19

[1;1H[2J
Get Statistics
Type     Time(s)  Ops          TPS(ops/s)   Net(M/s)   Get_miss   Min(us)  Max(us)    Avg(us)    Std_dev    Geo_dist  
Period   10       65412        6541         0.8        0          921      3130055    20903      42007.80   16848.06
Global   30       164947       5498         0.9        0          921      3130055    25709      92847.59   17475.90

Total Statistics
Type     Time(s)  Ops          TPS(ops/s)   Net(M/s)   Get_miss   Min(us)  Max(us)    Avg(us)    Std_dev    Geo_dist  
Period   10       65412        6541         0.8        0          921      3130055    20903      42007.80   16848.06
Global   30       164947       5498         0.9        0          921      3130055    25709      92847.59   17475.90

[1;1H[2J
Get Statistics
Type     Time(s)  Ops          TPS(ops/s)   Net(M/s)   Get_miss   Min(us)  Max(us)    Avg(us)    Std_dev    Geo_dist  
Period   10       53595        5359         0.8        0          451      4403813    28739      132519.88  16825.94
Global   40       218542       5463         0.7        0          451      4403813    26452      103994.96  17314.22

Total Statistics
Type     Time(s)  Ops          TPS(ops/s)   Net(M/s)   Get_miss   Min(us)  Max(us)    Avg(us)    Std_dev    Geo_dist  
Period   10       53595        5359         0.8        0          451      4403813    28739      132519.88  16825.94
Global   40       218542       5463         0.7        0          451      4403813    26452      103994.96  17314.22

[1;1H[2J
Get Statistics
Type     Time(s)  Ops          TPS(ops/s)   Net(M/s)   Get_miss   Min(us)  Max(us)    Avg(us)    Std_dev    Geo_dist  
Period   10       51337        5133         0.7        0          632      2969544    28249      97149.98   17853.95
Global   50       269879       5397         0.7        0          451      4403813    26794      102730.22  17415.61

Total Statistics
Type     Time(s)  Ops          TPS(ops/s)   Net(M/s)   Get_miss   Min(us)  Max(us)    Avg(us)    Std_dev    Geo_dist  
Period   10       51337        5133         0.7        0          632      2969544    28249      97149.90   17850.38
Global   50       269879       5397         0.7        0          451      4403813    26794      102730.22  17415.61

[1;1H[2J
Get Statistics
Type     Time(s)  Ops          TPS(ops/s)   Net(M/s)   Get_miss   Min(us)  Max(us)    Avg(us)    Std_dev    Geo_dist  
Period   10       55098        5509         0.7        0          1577     2205873    26251      73210.15   17756.47
Global   60       324977       5416         0.8        0          451      4403813    26702      98351.12   17472.94

Total Statistics
Type     Time(s)  Ops          TPS(ops/s)   Net(M/s)   Get_miss   Min(us)  Max(us)    Avg(us)    Std_dev    Geo_dist  
Period   10       55098        5509         0.7        0          1577     2205873    26251      73210.15   17756.47
Global   60       324977       5416         0.8        0          451      4403813    26702      98351.12   17472.94

[1;1H[2J
Get Statistics
Type     Time(s)  Ops          TPS(ops/s)   Net(M/s)   Get_miss   Min(us)  Max(us)    Avg(us)    Std_dev    Geo_dist  
Period   10       59633        5963         0.8        0          834      3028736    24000      78128.81   16510.10
Global   70       384610       5494         0.8        0          451      4403813    26283      95501.55   17320.05

Total Statistics
Type     Time(s)  Ops          TPS(ops/s)   Net(M/s)   Get_miss   Min(us)  Max(us)    Avg(us)    Std_dev    Geo_dist  
Period   10       59633        5963         0.8        0          834      3028736    24000      78128.81   16510.10
Global   70       384610       5494         0.8        0          451      4403813    26283      95501.55   17320.05

[1;1H[2J
Get Statistics
Type     Time(s)  Ops          TPS(ops/s)   Net(M/s)   Get_miss   Min(us)  Max(us)    Avg(us)    Std_dev    Geo_dist  
Period   10       56104        5610         0.8        0          736      1999216    25145      76124.98   16990.38
Global   80       440714       5508         0.8        0          451      4403813    26138      93259.49   17277.73

Total Statistics
Type     Time(s)  Ops          TPS(ops/s)   Net(M/s)   Get_miss   Min(us)  Max(us)    Avg(us)    Std_dev    Geo_dist  
Period   10       56104        5610         0.8        0          736      1999216    25145      76124.98   16990.38
Global   80       440714       5508         0.8        0          451      4403813    26138      93259.49   17277.73

[1;1H[2J
Get Statistics
Type     Time(s)  Ops          TPS(ops/s)   Net(M/s)   Get_miss   Min(us)  Max(us)    Avg(us)    Std_dev    Geo_dist  
Period   10       53323        5332         0.8        0          1282     2332147    28039      85641.98   17610.67
Global   90       494037       5489         0.7        0          451      4403813    26343      92469.38   17313.36

Total Statistics
Type     Time(s)  Ops          TPS(ops/s)   Net(M/s)   Get_miss   Min(us)  Max(us)    Avg(us)    Std_dev    Geo_dist  
Period   10       53323        5332         0.8        0          1282     2332147    28039      85641.98   17610.67
Global   90       494037       5489         0.7        0          451      4403813    26343      92469.38   17313.36

[1;1H[2J
Get Statistics
Type     Time(s)  Ops          TPS(ops/s)   Net(M/s)   Get_miss   Min(us)  Max(us)    Avg(us)    Std_dev    Geo_dist  
Period   10       58252        5825         0.8        0          487      1216746    24827      50911.34   17736.72
Global   100      552289       5522         0.8        0          451      4403813    26183      89007.44   17357.54

Total Statistics
Type     Time(s)  Ops          TPS(ops/s)   Net(M/s)   Get_miss   Min(us)  Max(us)    Avg(us)    Std_dev    Geo_dist  
Period   10       58252        5825         0.8        0          487      1216746    24827      50911.34   17736.72
Global   100      552289       5522         0.8        0          451      4403813    26183      89007.44   17357.54

[1;1H[2J
Get Statistics
Type     Time(s)  Ops          TPS(ops/s)   Net(M/s)   Get_miss   Min(us)  Max(us)    Avg(us)    Std_dev    Geo_dist  
Period   10       44308        4430         0.7        0          1022     1761271    26841      77310.90   17287.76
Global   110      596597       5423         0.6        0          451      4403813    26232      88192.17   17352.34

Total Statistics
Type     Time(s)  Ops          TPS(ops/s)   Net(M/s)   Get_miss   Min(us)  Max(us)    Avg(us)    Std_dev    Geo_dist  
Period   10       44308        4430         0.7        0          1022     1761271    26841      77310.90   17287.76
Global   110      596597       5423         0.6        0          451      4403813    26232      88192.17   17352.34

[1;1H[2J
Get Statistics
Type     Time(s)  Ops          TPS(ops/s)   Net(M/s)   Get_miss   Min(us)  Max(us)    Avg(us)    Std_dev    Geo_dist  
Period   10       53749        5374         0.7        0          892      4852475    31661      146070.78  17655.53
Global   120      650346       5419         0.7        0          451      4852475    26681      94343.20   17377.20

Total Statistics
Type     Time(s)  Ops          TPS(ops/s)   Net(M/s)   Get_miss   Min(us)  Max(us)    Avg(us)    Std_dev    Geo_dist  
Period   10       53749        5374         0.7        0          892      4852475    31661      146070.78  17655.53
Global   120      650346       5419         0.7        0          451      4852475    26681      94343.20   17377.20

[1;1H[2J
Get Statistics
Type     Time(s)  Ops          TPS(ops/s)   Net(M/s)   Get_miss   Min(us)  Max(us)    Avg(us)    Std_dev    Geo_dist  
Period   10       68469        6846         0.8        0          846      336070     20907      25581.66   16696.35
Global   130      718815       5529         0.9        0          451      4852475    26131      90100.15   17311.17

Total Statistics
Type     Time(s)  Ops          TPS(ops/s)   Net(M/s)   Get_miss   Min(us)  Max(us)    Avg(us)    Std_dev    Geo_dist  
Period   10       68469        6846         0.8        0          846      336070     20907      25581.66   16696.35
Global   130      718815       5529         0.9        0          451      4852475    26131      90100.15   17311.17

[1;1H[2J
Get Statistics
Type     Time(s)  Ops          TPS(ops/s)   Net(M/s)   Get_miss   Min(us)  Max(us)    Avg(us)    Std_dev    Geo_dist  
Period   10       70579        7057         0.8        0          771      425507     20676      25528.46   16922.83
Global   140      789394       5638         1.0        0          451      4852475    25643      86330.26   17276.09

Total Statistics
Type     Time(s)  Ops          TPS(ops/s)   Net(M/s)   Get_miss   Min(us)  Max(us)    Avg(us)    Std_dev    Geo_dist  
Period   10       70579        7057         0.8        0          771      425507     20676      25528.46   16922.83
Global   140      789394       5638         1.0        0          451      4852475    25643      86330.26   17276.09

[1;1H[2J
Get Statistics
Type     Time(s)  Ops          TPS(ops/s)   Net(M/s)   Get_miss   Min(us)  Max(us)    Avg(us)    Std_dev    Geo_dist  
Period   10       60701        6070         0.8        0          1466     2021653    23817      76880.58   16434.25
Global   150      850095       5667         0.8        0          451      4852475    25513      85691.19   17214.57

Total Statistics
Type     Time(s)  Ops          TPS(ops/s)   Net(M/s)   Get_miss   Min(us)  Max(us)    Avg(us)    Std_dev    Geo_dist  
Period   10       60701        6070         0.8        0          1466     2021653    23817      76880.58   16434.25
Global   150      850095       5667         0.8        0          451      4852475    25513      85691.19   17214.57

[1;1H[2J
Get Statistics
Type     Time(s)  Ops          TPS(ops/s)   Net(M/s)   Get_miss   Min(us)  Max(us)    Avg(us)    Std_dev    Geo_dist  
Period   10       60632        6063         0.8        0          1098     1164386    23837      63372.83   17153.73
Global   160      910727       5692         0.8        0          451      4852475    25401      84390.07   17210.52

Total Statistics
Type     Time(s)  Ops          TPS(ops/s)   Net(M/s)   Get_miss   Min(us)  Max(us)    Avg(us)    Std_dev    Geo_dist  
Period   10       60632        6063         0.8        0          1098     1164386    23837      63372.83   17153.73
Global   160      910727       5692         0.8        0          451      4852475    25401      84390.07   17210.52

[1;1H[2J
Get Statistics
Type     Time(s)  Ops          TPS(ops/s)   Net(M/s)   Get_miss   Min(us)  Max(us)    Avg(us)    Std_dev    Geo_dist  
Period   10       68798        6879         0.8        0          1042     352440     21030      25771.77   17096.41
Global   170      979525       5761         0.9        0          451      4852475    25094      81666.28   17202.48

Total Statistics
Type     Time(s)  Ops          TPS(ops/s)   Net(M/s)   Get_miss   Min(us)  Max(us)    Avg(us)    Std_dev    Geo_dist  
Period   10       68798        6879         0.8        0          1042     352440     21030      25771.77   17096.41
Global   170      979525       5761         0.9        0          451      4852475    25094      81666.28   17202.48

[1;1H[2J
Get Statistics
Type     Time(s)  Ops          TPS(ops/s)   Net(M/s)   Get_miss   Min(us)  Max(us)    Avg(us)    Std_dev    Geo_dist  
Period   10       39775        3977         0.8        0          776      1736935    36199      106254.17  18878.57
Global   180      1019300      5662         0.5        0          451      4852475    25528      82790.49   17265.00

Total Statistics
Type     Time(s)  Ops          TPS(ops/s)   Net(M/s)   Get_miss   Min(us)  Max(us)    Avg(us)    Std_dev    Geo_dist  
Period   10       39775        3977         0.8        0          776      1736935    36199      106254.17  18878.57
Global   180      1019300      5662         0.5        0          451      4852475    25528      82790.49   17265.00

[1;1H[2J
Get Statistics
Type     Time(s)  Ops          TPS(ops/s)   Net(M/s)   Get_miss   Min(us)  Max(us)    Avg(us)    Std_dev    Geo_dist  
Period   10       66625        6662         0.8        0          883      2009659    21786      38901.14   16944.20
Global   190      1085925      5715         0.9        0          451      4852475    25298      80792.36   17245.15

Total Statistics
Type     Time(s)  Ops          TPS(ops/s)   Net(M/s)   Get_miss   Min(us)  Max(us)    Avg(us)    Std_dev    Geo_dist  
Period   10       66625        6662         0.8        0          883      2009659    21786      38901.14   16944.20
Global   190      1085925      5715         0.9        0          451      4852475    25298      80792.36   17245.15

[1;1H[2J
Get Statistics
Type     Time(s)  Ops          TPS(ops/s)   Net(M/s)   Get_miss   Min(us)  Max(us)    Avg(us)    Std_dev    Geo_dist  
Period   10       68554        6855         0.8        0          1214     863299     21087      41048.85   16637.19
Global   200      1154479      5772         0.9        0          451      4852475    25048      78999.02   17208.43

Total Statistics
Type     Time(s)  Ops          TPS(ops/s)   Net(M/s)   Get_miss   Min(us)  Max(us)    Avg(us)    Std_dev    Geo_dist  
Period   10       68554        6855         0.8        0          1214     863299     21087      41048.85   16637.19
Global   200      1154479      5772         0.9        0          451      4852475    25048      78999.02   17208.43

[1;1H[2J
Get Statistics
Type     Time(s)  Ops          TPS(ops/s)   Net(M/s)   Get_miss   Min(us)  Max(us)    Avg(us)    Std_dev    Geo_dist  
Period   10       65340        6534         0.8        0          719      531949     22125      31826.52   17096.13
Global   210      1219819      5808         0.9        0          451      4852475    24891      77209.22   17202.40

Total Statistics
Type     Time(s)  Ops          TPS(ops/s)   Net(M/s)   Get_miss   Min(us)  Max(us)    Avg(us)    Std_dev    Geo_dist  
Period   10       65340        6534         0.8        0          719      531949     22125      31826.52   17096.13
Global   210      1219819      5808         0.9        0          451      4852475    24891      77209.22   17202.40

[1;1H[2J
Get Statistics
Type     Time(s)  Ops          TPS(ops/s)   Net(M/s)   Get_miss   Min(us)  Max(us)    Avg(us)    Std_dev    Geo_dist  
Period   10       70785        7078         0.8        0          946      432147     20428      27329.67   16813.41
Global   220      1290604      5866         1.0        0          451      4852475    24647      75341.01   17180.83

Total Statistics
Type     Time(s)  Ops          TPS(ops/s)   Net(M/s)   Get_miss   Min(us)  Max(us)    Avg(us)    Std_dev    Geo_dist  
Period   10       70785        7078         0.8        0          946      432147     20428      27329.67   16813.41
Global   220      1290604      5866         1.0        0          451      4852475    24647      75341.01   17180.83

[1;1H[2J
Get Statistics
Type     Time(s)  Ops          TPS(ops/s)   Net(M/s)   Get_miss   Min(us)  Max(us)    Avg(us)    Std_dev    Geo_dist  
Period   10       66017        6601         0.8        0          875      1976809    21798      51209.17   16555.17
Global   230      1356621      5898         0.9        0          451      4852475    24508      74350.85   17149.85

Total Statistics
Type     Time(s)  Ops          TPS(ops/s)   Net(M/s)   Get_miss   Min(us)  Max(us)    Avg(us)    Std_dev    Geo_dist  
Period   10       66017        6601         0.8        0          875      1976809    21798      51209.17   16555.17
Global   230      1356621      5898         0.9        0          451      4852475    24508      74350.85   17149.85

[1;1H[2J
Get Statistics
Type     Time(s)  Ops          TPS(ops/s)   Net(M/s)   Get_miss   Min(us)  Max(us)    Avg(us)    Std_dev    Geo_dist  
Period   10       74358        7435         0.8        0          1038     181591     19521      15402.44   16873.39
Global   240      1430979      5962         1.0        0          451      4852475    24249      72486.83   17135.37

Total Statistics
Type     Time(s)  Ops          TPS(ops/s)   Net(M/s)   Get_miss   Min(us)  Max(us)    Avg(us)    Std_dev    Geo_dist  
Period   10       74358        7435         0.8        0          1038     181591     19521      15402.44   16873.39
Global   240      1430979      5962         1.0        0          451      4852475    24249      72486.83   17135.37

[1;1H[2J
Get Statistics
Type     Time(s)  Ops          TPS(ops/s)   Net(M/s)   Get_miss   Min(us)  Max(us)    Avg(us)    Std_dev    Geo_dist  
Period   10       40627        4062         0.8        0          977      2108588    28302      114166.66  16691.17
Global   250      1471606      5886         0.6        0          451      4852475    24361      73956.36   17122.95

Total Statistics
Type     Time(s)  Ops          TPS(ops/s)   Net(M/s)   Get_miss   Min(us)  Max(us)    Avg(us)    Std_dev    Geo_dist  
Period   10       40627        4062         0.8        0          977      2108588    28302      114166.66  16691.17
Global   250      1471606      5886         0.6        0          451      4852475    24361      73956.36   17122.95

[1;1H[2J
Get Statistics
Type     Time(s)  Ops          TPS(ops/s)   Net(M/s)   Get_miss   Min(us)  Max(us)    Avg(us)    Std_dev    Geo_dist  
Period   10       48914        4891         0.8        0          902      7147433    35601      217055.25  16426.19
Global   260      1520520      5848         0.7        0          451      7147433    24722      82541.59   17100.08

Total Statistics
Type     Time(s)  Ops          TPS(ops/s)   Net(M/s)   Get_miss   Min(us)  Max(us)    Avg(us)    Std_dev    Geo_dist  
Period   10       48914        4891         0.8        0          902      7147433    35601      217055.25  16426.19
Global   260      1520520      5848         0.7        0          451      7147433    24722      82541.59   17100.08

[1;1H[2J
Get Statistics
Type     Time(s)  Ops          TPS(ops/s)   Net(M/s)   Get_miss   Min(us)  Max(us)    Avg(us)    Std_dev    Geo_dist  
Period   10       62292        6229         0.8        0          1104     3977881    23210      116252.91  15935.71
Global   270      1582812      5862         0.9        0          451      7147433    24663      84124.38   17052.69

Total Statistics
Type     Time(s)  Ops          TPS(ops/s)   Net(M/s)   Get_miss   Min(us)  Max(us)    Avg(us)    Std_dev    Geo_dist  
Period   10       62292        6229         0.8        0          1104     3977881    23210      116252.91  15935.71
Global   270      1582812      5862         0.9        0          451      7147433    24663      84124.38   17052.69

[1;1H[2J
Get Statistics
Type     Time(s)  Ops          TPS(ops/s)   Net(M/s)   Get_miss   Min(us)  Max(us)    Avg(us)    Std_dev    Geo_dist  
Period   10       52725        5272         0.8        0          867      844964     25209      48211.81   18935.32
Global   280      1635537      5841         0.7        0          451      7147433    24680      83209.02   17110.35

Total Statistics
Type     Time(s)  Ops          TPS(ops/s)   Net(M/s)   Get_miss   Min(us)  Max(us)    Avg(us)    Std_dev    Geo_dist  
Period   10       52725        5272         0.8        0          867      844964     25209      48211.81   18935.32
Global   280      1635537      5841         0.7        0          451      7147433    24680      83209.02   17110.35

[1;1H[2J
Get Statistics
Type     Time(s)  Ops          TPS(ops/s)   Net(M/s)   Get_miss   Min(us)  Max(us)    Avg(us)    Std_dev    Geo_dist  
Period   10       47710        4771         0.8        0          567      3233929    32717      129113.42  17022.12
Global   290      1683247      5804         0.7        0          451      7147433    24908      84863.16   17107.85

Total Statistics
Type     Time(s)  Ops          TPS(ops/s)   Net(M/s)   Get_miss   Min(us)  Max(us)    Avg(us)    Std_dev    Geo_dist  
Period   10       47710        4771         0.8        0          567      3233929    32717      129113.42  17022.12
Global   290      1683247      5804         0.7        0          451      7147433    24908      84863.16   17107.85

[1;1H[2J
Get Statistics
Type     Time(s)  Ops          TPS(ops/s)   Net(M/s)   Get_miss   Min(us)  Max(us)    Avg(us)    Std_dev    Geo_dist  
Period   10       65104        6510         0.8        0          745      1296334    22207      43994.77   16638.14
Global   300      1748351      5827         0.9        0          451      7147433    24808      83701.18   17090.12

Total Statistics
Type     Time(s)  Ops          TPS(ops/s)   Net(M/s)   Get_miss   Min(us)  Max(us)    Avg(us)    Std_dev    Geo_dist  
Period   10       65104        6510         0.8        0          745      1296334    22207      43994.65   16635.54
Global   300      1748351      5827         0.9        0          451      7147433    24808      83701.18   17090.12

[1;1H[2J
Get Statistics
Type     Time(s)  Ops          TPS(ops/s)   Net(M/s)   Get_miss   Min(us)  Max(us)    Avg(us)    Std_dev    Geo_dist  
Period   10       70828        7082         0.8        0          890      472506     20413      26823.32   16713.09
Global   310      1819179      5868         1.0        0          451      7147433    24636      82230.76   17075.28

Total Statistics
Type     Time(s)  Ops          TPS(ops/s)   Net(M/s)   Get_miss   Min(us)  Max(us)    Avg(us)    Std_dev    Geo_dist  
Period   10       70828        7082         0.8        0          890      472506     20413      26823.32   16713.09
Global   310      1819179      5868         1.0        0          451      7147433    24636      82230.76   17075.28

[1;1H[2J
Get Statistics
Type     Time(s)  Ops          TPS(ops/s)   Net(M/s)   Get_miss   Min(us)  Max(us)    Avg(us)    Std_dev    Geo_dist  
Period   10       69796        6979         0.8        0          615      1678657    20715      40680.75   16813.12
Global   320      1888975      5903         1.0        0          451      7147433    24492      81078.38   17065.52

Total Statistics
Type     Time(s)  Ops          TPS(ops/s)   Net(M/s)   Get_miss   Min(us)  Max(us)    Avg(us)    Std_dev    Geo_dist  
Period   10       69796        6979         0.8        0          615      1678657    20715      40680.75   16813.12
Global   320      1888975      5903         1.0        0          451      7147433    24492      81078.38   17065.52

[1;1H[2J
Get Statistics
Type     Time(s)  Ops          TPS(ops/s)   Net(M/s)   Get_miss   Min(us)  Max(us)    Avg(us)    Std_dev    Geo_dist  
Period   10       72737        7273         0.8        0          1308     345612     19880      22991.95   16581.66
Global   330      1961712      5944         1.0        0          451      7147433    24321      79688.90   17047.33

Total Statistics
Type     Time(s)  Ops          TPS(ops/s)   Net(M/s)   Get_miss   Min(us)  Max(us)    Avg(us)    Std_dev    Geo_dist  
Period   10       72737        7273         0.8        0          1308     345612     19880      22991.95   16581.66
Global   330      1961712      5944         1.0        0          451      7147433    24321      79688.90   17047.33

[1;1H[2J
Get Statistics
Type     Time(s)  Ops          TPS(ops/s)   Net(M/s)   Get_miss   Min(us)  Max(us)    Avg(us)    Std_dev    Geo_dist  
Period   10       66288        6628         0.8        0          854      1835803    21824      44806.13   16699.74
Global   340      2028000      5964         0.9        0          451      7147433    24239      78794.59   17035.86

Total Statistics
Type     Time(s)  Ops          TPS(ops/s)   Net(M/s)   Get_miss   Min(us)  Max(us)    Avg(us)    Std_dev    Geo_dist  
Period   10       66288        6628         0.8        0          854      1835803    21824      44806.13   16699.74
Global   340      2028000      5964         0.9        0          451      7147433    24239      78794.59   17035.86

[1;1H[2J
Get Statistics
Type     Time(s)  Ops          TPS(ops/s)   Net(M/s)   Get_miss   Min(us)  Max(us)    Avg(us)    Std_dev    Geo_dist  
Period   10       57213        5721         0.8        0          1007     687890     25328      41205.07   19764.42
Global   350      2085213      5957         0.8        0          451      7147433    24269      78005.44   17105.44

Total Statistics
Type     Time(s)  Ops          TPS(ops/s)   Net(M/s)   Get_miss   Min(us)  Max(us)    Avg(us)    Std_dev    Geo_dist  
Period   10       57213        5721         0.8        0          1007     687890     25328      41205.07   19764.42
Global   350      2085213      5957         0.8        0          451      7147433    24269      78005.44   17105.44

[1;1H[2J
Get Statistics
Type     Time(s)  Ops          TPS(ops/s)   Net(M/s)   Get_miss   Min(us)  Max(us)    Avg(us)    Std_dev    Geo_dist  
Period   10       35049        3504         0.8        0          663      6990780    41342      237781.96  17202.50
Global   360      2120262      5889         0.5        0          451      7147433    24551      83208.33   17107.04

Total Statistics
Type     Time(s)  Ops          TPS(ops/s)   Net(M/s)   Get_miss   Min(us)  Max(us)    Avg(us)    Std_dev    Geo_dist  
Period   10       35049        3504         0.8        0          663      6990780    41342      237781.96  17202.50
Global   360      2120262      5889         0.5        0          451      7147433    24551      83208.33   17107.04

Get Statistics (2120406 events)
   Min:       451
   Max:   7147433
   Avg:     24552
   Geo:  17107.13
   Std:  83230.27
   Log2 Dist:
       8:        0        3      462     4210
      12:    12663    11347   938978   996141
      16:   106142    24601    12753     6339
      20:     3565     2205      971       26

Total Statistics (2120406 events)
   Min:       451
   Max:   7147433
   Avg:     24552
   Geo:  17107.13
   Std:  83230.27
   Log2 Dist:
       8:        0        3      462     4210
      12:    12663    11347   938978   996141
      16:   106142    24601    12753     6339
      20:     3565     2205      971       26

cmd_get: 2120550
cmd_set: 147456
get_misses: 0
written_bytes: 70241892
read_bytes: 351046638
object_bytes: 21233664

Run time: 361.6s Ops: 2268006 TPS: 6273 Net_rate: 1.1M/s
