servers : 10.0.0.6:11212
threads count: 144
concurrency: 144
run time: 360s
windows size: 1k
set proportion: set_prop=0.00
get proportion: get_prop=1.00
[1;1H[2J
Get Statistics
Type     Time(s)  Ops          TPS(ops/s)   Net(M/s)   Get_miss   Min(us)  Max(us)    Avg(us)    Std_dev    Geo_dist  
Period   10       63333        6333         0.9        0          868      2417573    22889      65608.07   17442.67
Global   10       63333        6333         0.9        0          868      2417573    22889      65608.07   17442.67

Total Statistics
Type     Time(s)  Ops          TPS(ops/s)   Net(M/s)   Get_miss   Min(us)  Max(us)    Avg(us)    Std_dev    Geo_dist  
Period   10       63333        6333         0.9        0          868      2417573    22889      65608.07   17442.67
Global   10       63333        6333         0.9        0          868      2417573    22889      65608.07   17442.67

[1;1H[2J
Get Statistics
Type     Time(s)  Ops          TPS(ops/s)   Net(M/s)   Get_miss   Min(us)  Max(us)    Avg(us)    Std_dev    Geo_dist  
Period   10       36165        3616         0.7        0          964      2002313    39686      168919.89  18996.35
Global   20       99498        4974         0.5        0          868      2417573    28994      114788.18  17992.12

Total Statistics
Type     Time(s)  Ops          TPS(ops/s)   Net(M/s)   Get_miss   Min(us)  Max(us)    Avg(us)    Std_dev    Geo_dist  
Period   10       36165        3616         0.7        0          964      2002313    39686      168919.89  18996.35
Global   20       99498        4974         0.5        0          868      2417573    28994      114788.18  17992.12

[1;1H[2J
Get Statistics
Type     Time(s)  Ops          TPS(ops/s)   Net(M/s)   Get_miss   Min(us)  Max(us)    Avg(us)    Std_dev    Geo_dist  
Period   10       64919        6491         0.8        0          928      3121219    21430      43974.36   17292.00
Global   30       164417       5480         0.9        0          868      3121219    26007      93546.34   17712.36

Total Statistics
Type     Time(s)  Ops          TPS(ops/s)   Net(M/s)   Get_miss   Min(us)  Max(us)    Avg(us)    Std_dev    Geo_dist  
Period   10       64919        6491         0.8        0          928      3121219    21430      43974.36   17292.00
Global   30       164417       5480         0.9        0          868      3121219    26007      93546.34   17712.36

[1;1H[2J
Get Statistics
Type     Time(s)  Ops          TPS(ops/s)   Net(M/s)   Get_miss   Min(us)  Max(us)    Avg(us)    Std_dev    Geo_dist  
Period   10       52312        5231         0.7        0          604      3875053    29206      133759.51  16948.97
Global   40       216729       5418         0.7        0          604      3875053    26779      104685.34  17525.01

Total Statistics
Type     Time(s)  Ops          TPS(ops/s)   Net(M/s)   Get_miss   Min(us)  Max(us)    Avg(us)    Std_dev    Geo_dist  
Period   10       52313        5231         0.7        0          604      3875053    29206      133758.21  16949.07
Global   40       216730       5418         0.7        0          604      3875053    26779      104685.09  17525.03

[1;1H[2J
Get Statistics
Type     Time(s)  Ops          TPS(ops/s)   Net(M/s)   Get_miss   Min(us)  Max(us)    Avg(us)    Std_dev    Geo_dist  
Period   10       49305        4930         0.7        0          707      2918178    29426      100748.46  18666.56
Global   50       266034       5320         0.7        0          604      3875053    27270      103971.76  17731.84

Total Statistics
Type     Time(s)  Ops          TPS(ops/s)   Net(M/s)   Get_miss   Min(us)  Max(us)    Avg(us)    Std_dev    Geo_dist  
Period   10       49305        4930         0.7        0          707      2918178    29426      100748.52  18670.41
Global   50       266035       5320         0.7        0          604      3875053    27270      103971.56  17731.87

[1;1H[2J
Get Statistics
Type     Time(s)  Ops          TPS(ops/s)   Net(M/s)   Get_miss   Min(us)  Max(us)    Avg(us)    Std_dev    Geo_dist  
Period   10       53432        5343         0.7        0          1513     2273741    27158      73941.44   18475.18
Global   60       319466       5324         0.7        0          604      3875053    27251      99581.73   17854.62

Total Statistics
Type     Time(s)  Ops          TPS(ops/s)   Net(M/s)   Get_miss   Min(us)  Max(us)    Avg(us)    Std_dev    Geo_dist  
Period   10       53431        5343         0.7        0          1513     2273741    27158      73942.09   18474.99
Global   60       319466       5324         0.7        0          604      3875053    27251      99581.73   17854.62

[1;1H[2J
Get Statistics
Type     Time(s)  Ops          TPS(ops/s)   Net(M/s)   Get_miss   Min(us)  Max(us)    Avg(us)    Std_dev    Geo_dist  
Period   10       58776        5877         0.7        0          773      2901378    24480      75439.62   17131.90
Global   70       378242       5403         0.8        0          604      3875053    26821      96233.50   17740.35

Total Statistics
Type     Time(s)  Ops          TPS(ops/s)   Net(M/s)   Get_miss   Min(us)  Max(us)    Avg(us)    Std_dev    Geo_dist  
Period   10       58776        5877         0.7        0          773      2901378    24480      75439.62   17131.90
Global   70       378242       5403         0.8        0          604      3875053    26821      96233.50   17740.35

[1;1H[2J
Get Statistics
Type     Time(s)  Ops          TPS(ops/s)   Net(M/s)   Get_miss   Min(us)  Max(us)    Avg(us)    Std_dev    Geo_dist  
Period   10       54409        5440         0.7        0          687      3019863    25928      77705.65   17600.38
Global   80       432651       5408         0.7        0          604      3875053    26708      94104.82   17722.69

Total Statistics
Type     Time(s)  Ops          TPS(ops/s)   Net(M/s)   Get_miss   Min(us)  Max(us)    Avg(us)    Std_dev    Geo_dist  
Period   10       54409        5440         0.7        0          687      3019863    25928      77705.65   17600.38
Global   80       432651       5408         0.7        0          604      3875053    26708      94104.82   17722.69

[1;1H[2J
Get Statistics
Type     Time(s)  Ops          TPS(ops/s)   Net(M/s)   Get_miss   Min(us)  Max(us)    Avg(us)    Std_dev    Geo_dist  
Period   10       52462        5246         0.7        0          1261     2372033    28613      84353.37   18145.40
Global   90       485113       5390         0.7        0          604      3875053    26914      93101.33   17767.92

Total Statistics
Type     Time(s)  Ops          TPS(ops/s)   Net(M/s)   Get_miss   Min(us)  Max(us)    Avg(us)    Std_dev    Geo_dist  
Period   10       52462        5246         0.7        0          1261     2372033    28613      84353.37   18145.40
Global   90       485113       5390         0.7        0          604      3875053    26914      93101.33   17767.92

[1;1H[2J
Get Statistics
Type     Time(s)  Ops          TPS(ops/s)   Net(M/s)   Get_miss   Min(us)  Max(us)    Avg(us)    Std_dev    Geo_dist  
Period   10       56492        5649         0.7        0          638      1216105    25762      50875.50   18452.24
Global   100      541605       5416         0.8        0          604      3875053    26794      89631.70   17838.10

Total Statistics
Type     Time(s)  Ops          TPS(ops/s)   Net(M/s)   Get_miss   Min(us)  Max(us)    Avg(us)    Std_dev    Geo_dist  
Period   10       56492        5649         0.7        0          638      1216105    25762      50875.50   18452.24
Global   100      541605       5416         0.8        0          604      3875053    26794      89631.70   17838.10

[1;1H[2J
Get Statistics
Type     Time(s)  Ops          TPS(ops/s)   Net(M/s)   Get_miss   Min(us)  Max(us)    Avg(us)    Std_dev    Geo_dist  
Period   10       42826        4282         0.7        0          920      1756082    27337      75135.30   17719.16
Global   110      584431       5313         0.6        0          604      3875053    26834      88649.95   17829.35

Total Statistics
Type     Time(s)  Ops          TPS(ops/s)   Net(M/s)   Get_miss   Min(us)  Max(us)    Avg(us)    Std_dev    Geo_dist  
Period   10       42826        4282         0.7        0          920      1756082    27337      75135.30   17719.16
Global   110      584431       5313         0.6        0          604      3875053    26834      88649.95   17829.35

[1;1H[2J
Get Statistics
Type     Time(s)  Ops          TPS(ops/s)   Net(M/s)   Get_miss   Min(us)  Max(us)    Avg(us)    Std_dev    Geo_dist  
Period   10       54089        5408         0.7        0          886      4856011    32028      144965.01  18136.49
Global   120      638520       5321         0.7        0          604      4856011    27274      94738.17   17855.17

Total Statistics
Type     Time(s)  Ops          TPS(ops/s)   Net(M/s)   Get_miss   Min(us)  Max(us)    Avg(us)    Std_dev    Geo_dist  
Period   10       54089        5408         0.7        0          886      4856011    32028      144965.01  18136.49
Global   120      638520       5321         0.7        0          604      4856011    27274      94738.17   17855.17

[1;1H[2J
Get Statistics
Type     Time(s)  Ops          TPS(ops/s)   Net(M/s)   Get_miss   Min(us)  Max(us)    Avg(us)    Std_dev    Geo_dist  
Period   10       65329        6532         0.7        0          905      336927     22208      28117.14   17502.18
Global   130      703849       5414         0.9        0          604      4856011    26804      90652.01   17822.11

Total Statistics
Type     Time(s)  Ops          TPS(ops/s)   Net(M/s)   Get_miss   Min(us)  Max(us)    Avg(us)    Std_dev    Geo_dist  
Period   10       65329        6532         0.7        0          905      336927     22208      28117.14   17502.18
Global   130      703849       5414         0.9        0          604      4856011    26804      90652.01   17822.11

[1;1H[2J
Get Statistics
Type     Time(s)  Ops          TPS(ops/s)   Net(M/s)   Get_miss   Min(us)  Max(us)    Avg(us)    Std_dev    Geo_dist  
Period   10       69423        6942         0.8        0          945      428684     20910      24070.44   17499.71
Global   140      773272       5523         1.0        0          604      4856011    26275      86803.53   17792.92

Total Statistics
Type     Time(s)  Ops          TPS(ops/s)   Net(M/s)   Get_miss   Min(us)  Max(us)    Avg(us)    Std_dev    Geo_dist  
Period   10       69423        6942         0.8        0          945      428684     20910      24070.44   17499.71
Global   140      773272       5523         1.0        0          604      4856011    26275      86803.53   17792.92

[1;1H[2J
Get Statistics
Type     Time(s)  Ops          TPS(ops/s)   Net(M/s)   Get_miss   Min(us)  Max(us)    Avg(us)    Std_dev    Geo_dist  
Period   10       58018        5801         0.8        0          975      2017337    24991      79307.53   17112.06
Global   150      831290       5541         0.8        0          604      4856011    26185      86302.20   17744.54

Total Statistics
Type     Time(s)  Ops          TPS(ops/s)   Net(M/s)   Get_miss   Min(us)  Max(us)    Avg(us)    Std_dev    Geo_dist  
Period   10       58018        5801         0.8        0          975      2017337    24991      79307.53   17112.06
Global   150      831290       5541         0.8        0          604      4856011    26185      86302.20   17744.54

[1;1H[2J
Get Statistics
Type     Time(s)  Ops          TPS(ops/s)   Net(M/s)   Get_miss   Min(us)  Max(us)    Avg(us)    Std_dev    Geo_dist  
Period   10       57879        5787         0.8        0          1607     2261691    24975      68736.60   17825.49
Global   160      889169       5557         0.8        0          604      4856011    26106      85269.53   17749.79

Total Statistics
Type     Time(s)  Ops          TPS(ops/s)   Net(M/s)   Get_miss   Min(us)  Max(us)    Avg(us)    Std_dev    Geo_dist  
Period   10       57879        5787         0.8        0          1607     2261691    24975      68736.60   17825.49
Global   160      889169       5557         0.8        0          604      4856011    26106      85269.53   17749.79

[1;1H[2J
Get Statistics
Type     Time(s)  Ops          TPS(ops/s)   Net(M/s)   Get_miss   Min(us)  Max(us)    Avg(us)    Std_dev    Geo_dist  
Period   10       67143        6714         0.8        0          945      354583     21532      25042.41   17758.95
Global   170      956312       5625         0.9        0          604      4856011    25785      82497.21   17750.44

Total Statistics
Type     Time(s)  Ops          TPS(ops/s)   Net(M/s)   Get_miss   Min(us)  Max(us)    Avg(us)    Std_dev    Geo_dist  
Period   10       67143        6714         0.8        0          945      354583     21532      25042.41   17758.95
Global   170      956312       5625         0.9        0          604      4856011    25785      82497.21   17750.44

[1;1H[2J
Get Statistics
Type     Time(s)  Ops          TPS(ops/s)   Net(M/s)   Get_miss   Min(us)  Max(us)    Avg(us)    Std_dev    Geo_dist  
Period   10       38898        3889         0.8        0          811      1642130    37063      107963.03  19354.10
Global   180      995210       5528         0.5        0          604      4856011    26226      83666.70   17810.55

Total Statistics
Type     Time(s)  Ops          TPS(ops/s)   Net(M/s)   Get_miss   Min(us)  Max(us)    Avg(us)    Std_dev    Geo_dist  
Period   10       38898        3889         0.8        0          811      1642130    37063      107963.03  19354.10
Global   180      995210       5528         0.5        0          604      4856011    26226      83666.70   17810.55

[1;1H[2J
Get Statistics
Type     Time(s)  Ops          TPS(ops/s)   Net(M/s)   Get_miss   Min(us)  Max(us)    Avg(us)    Std_dev    Geo_dist  
Period   10       63967        6396         0.8        0          1215     2009517    22645      39576.88   17693.91
Global   190      1059177      5574         0.9        0          604      4856011    26010      81686.38   17803.48

Total Statistics
Type     Time(s)  Ops          TPS(ops/s)   Net(M/s)   Get_miss   Min(us)  Max(us)    Avg(us)    Std_dev    Geo_dist  
Period   10       63967        6396         0.8        0          1215     2009517    22645      39576.88   17693.91
Global   190      1059177      5574         0.9        0          604      4856011    26010      81686.38   17803.48

[1;1H[2J
Get Statistics
Type     Time(s)  Ops          TPS(ops/s)   Net(M/s)   Get_miss   Min(us)  Max(us)    Avg(us)    Std_dev    Geo_dist  
Period   10       65741        6574         0.8        0          1318     862561     21992      42338.87   17405.38
Global   200      1124918      5624         0.9        0          604      4856011    25775      79927.25   17779.97

Total Statistics
Type     Time(s)  Ops          TPS(ops/s)   Net(M/s)   Get_miss   Min(us)  Max(us)    Avg(us)    Std_dev    Geo_dist  
Period   10       65741        6574         0.8        0          1318     862561     21992      42338.87   17405.38
Global   200      1124918      5624         0.9        0          604      4856011    25775      79927.25   17779.97

[1;1H[2J
Get Statistics
Type     Time(s)  Ops          TPS(ops/s)   Net(M/s)   Get_miss   Min(us)  Max(us)    Avg(us)    Std_dev    Geo_dist  
Period   10       63203        6320         0.8        0          915      529889     22790      32571.14   17705.83
Global   210      1188121      5657         0.9        0          604      4856011    25616      78137.21   17776.02

Total Statistics
Type     Time(s)  Ops          TPS(ops/s)   Net(M/s)   Get_miss   Min(us)  Max(us)    Avg(us)    Std_dev    Geo_dist  
Period   10       63203        6320         0.8        0          915      529889     22790      32571.14   17705.83
Global   210      1188121      5657         0.9        0          604      4856011    25616      78137.21   17776.02

[1;1H[2J
Get Statistics
Type     Time(s)  Ops          TPS(ops/s)   Net(M/s)   Get_miss   Min(us)  Max(us)    Avg(us)    Std_dev    Geo_dist  
Period   10       69119        6911         0.8        0          820      438772     20989      27717.49   17269.78
Global   220      1257240      5714         0.9        0          604      4856011    25362      76243.67   17747.80

Total Statistics
Type     Time(s)  Ops          TPS(ops/s)   Net(M/s)   Get_miss   Min(us)  Max(us)    Avg(us)    Std_dev    Geo_dist  
Period   10       69119        6911         0.8        0          820      438772     20989      27717.49   17269.78
Global   220      1257240      5714         0.9        0          604      4856011    25362      76243.67   17747.80

[1;1H[2J
Get Statistics
Type     Time(s)  Ops          TPS(ops/s)   Net(M/s)   Get_miss   Min(us)  Max(us)    Avg(us)    Std_dev    Geo_dist  
Period   10       63919        6391         0.8        0          1030     1811063    22631      49822.19   17285.11
Global   230      1321159      5744         0.9        0          604      4856011    25230      75181.66   17725.13

Total Statistics
Type     Time(s)  Ops          TPS(ops/s)   Net(M/s)   Get_miss   Min(us)  Max(us)    Avg(us)    Std_dev    Geo_dist  
Period   10       63919        6391         0.8        0          1030     1811063    22631      49822.19   17285.11
Global   230      1321159      5744         0.9        0          604      4856011    25230      75181.66   17725.13

[1;1H[2J
Get Statistics
Type     Time(s)  Ops          TPS(ops/s)   Net(M/s)   Get_miss   Min(us)  Max(us)    Avg(us)    Std_dev    Geo_dist  
Period   10       72346        7234         0.8        0          858      184395     19977      15445.62   17337.49
Global   240      1393505      5806         1.0        0          604      4856011    24957      73297.97   17704.80

Total Statistics
Type     Time(s)  Ops          TPS(ops/s)   Net(M/s)   Get_miss   Min(us)  Max(us)    Avg(us)    Std_dev    Geo_dist  
Period   10       72346        7234         0.8        0          858      184395     19977      15445.62   17337.49
Global   240      1393505      5806         1.0        0          604      4856011    24957      73297.97   17704.80

[1;1H[2J
Get Statistics
Type     Time(s)  Ops          TPS(ops/s)   Net(M/s)   Get_miss   Min(us)  Max(us)    Avg(us)    Std_dev    Geo_dist  
Period   10       37145        3714         0.8        0          1194     2109485    29855      122921.26  17352.99
Global   250      1430650      5722         0.5        0          604      4856011    25084      75006.71   17695.57

Total Statistics
Type     Time(s)  Ops          TPS(ops/s)   Net(M/s)   Get_miss   Min(us)  Max(us)    Avg(us)    Std_dev    Geo_dist  
Period   10       37145        3714         0.8        0          1194     2109485    29855      122921.26  17352.99
Global   250      1430650      5722         0.5        0          604      4856011    25084      75006.71   17695.57

[1;1H[2J
Get Statistics
Type     Time(s)  Ops          TPS(ops/s)   Net(M/s)   Get_miss   Min(us)  Max(us)    Avg(us)    Std_dev    Geo_dist  
Period   10       49625        4962         0.8        0          903      7154881    35911      210467.97  17102.07
Global   260      1480275      5693         0.7        0          604      7154881    25447      83223.67   17675.35

Total Statistics
Type     Time(s)  Ops          TPS(ops/s)   Net(M/s)   Get_miss   Min(us)  Max(us)    Avg(us)    Std_dev    Geo_dist  
Period   10       49625        4962         0.8        0          903      7154881    35911      210467.97  17102.07
Global   260      1480275      5693         0.7        0          604      7154881    25447      83223.67   17675.35

[1;1H[2J
Get Statistics
Type     Time(s)  Ops          TPS(ops/s)   Net(M/s)   Get_miss   Min(us)  Max(us)    Avg(us)    Std_dev    Geo_dist  
Period   10       59651        5965         0.8        0          1163     4357563    24191      119960.10  16530.02
Global   270      1539926      5703         0.8        0          604      7154881    25398      84943.42   17629.54

Total Statistics
Type     Time(s)  Ops          TPS(ops/s)   Net(M/s)   Get_miss   Min(us)  Max(us)    Avg(us)    Std_dev    Geo_dist  
Period   10       59651        5965         0.8        0          1163     4357563    24191      119960.10  16530.02
Global   270      1539926      5703         0.8        0          604      7154881    25398      84943.42   17629.54

[1;1H[2J
Get Statistics
Type     Time(s)  Ops          TPS(ops/s)   Net(M/s)   Get_miss   Min(us)  Max(us)    Avg(us)    Std_dev    Geo_dist  
Period   10       49639        4963         0.8        0          681      1137780    28811      73083.60   19843.76
Global   280      1589565      5677         0.7        0          604      7154881    25505      84600.15   17694.79

Total Statistics
Type     Time(s)  Ops          TPS(ops/s)   Net(M/s)   Get_miss   Min(us)  Max(us)    Avg(us)    Std_dev    Geo_dist  
Period   10       49639        4963         0.8        0          681      1137780    28811      73083.60   19843.76
Global   280      1589565      5677         0.7        0          604      7154881    25505      84600.15   17694.79

[1;1H[2J
Get Statistics
Type     Time(s)  Ops          TPS(ops/s)   Net(M/s)   Get_miss   Min(us)  Max(us)    Avg(us)    Std_dev    Geo_dist  
Period   10       48311        4831         0.8        0          601      3081914    30298      115831.29  17402.29
Global   290      1637876      5647         0.7        0          601      7154881    25646      85688.33   17686.10

Total Statistics
Type     Time(s)  Ops          TPS(ops/s)   Net(M/s)   Get_miss   Min(us)  Max(us)    Avg(us)    Std_dev    Geo_dist  
Period   10       48311        4831         0.8        0          601      3081914    30298      115831.29  17402.29
Global   290      1637876      5647         0.7        0          601      7154881    25646      85688.33   17686.10

[1;1H[2J
Get Statistics
Type     Time(s)  Ops          TPS(ops/s)   Net(M/s)   Get_miss   Min(us)  Max(us)    Avg(us)    Std_dev    Geo_dist  
Period   10       62541        6254         0.8        0          699      1296373    23128      43801.22   17399.16
Global   300      1700417      5668         0.9        0          601      7154881    25554      84517.40   17675.46

Total Statistics
Type     Time(s)  Ops          TPS(ops/s)   Net(M/s)   Get_miss   Min(us)  Max(us)    Avg(us)    Std_dev    Geo_dist  
Period   10       62541        6254         0.8        0          699      1296373    23128      43801.22   17399.16
Global   300      1700417      5668         0.9        0          601      7154881    25554      84517.40   17675.46

[1;1H[2J
Get Statistics
Type     Time(s)  Ops          TPS(ops/s)   Net(M/s)   Get_miss   Min(us)  Max(us)    Avg(us)    Std_dev    Geo_dist  
Period   10       69155        6915         0.8        0          864      475155     20893      27243.00   17193.23
Global   310      1769572      5708         0.9        0          601      7154881    25372      83029.19   17656.36

Total Statistics
Type     Time(s)  Ops          TPS(ops/s)   Net(M/s)   Get_miss   Min(us)  Max(us)    Avg(us)    Std_dev    Geo_dist  
Period   10       69155        6915         0.8        0          864      475155     20893      27243.00   17193.23
Global   310      1769572      5708         0.9        0          601      7154881    25372      83029.19   17656.36

[1;1H[2J
Get Statistics
Type     Time(s)  Ops          TPS(ops/s)   Net(M/s)   Get_miss   Min(us)  Max(us)    Avg(us)    Std_dev    Geo_dist  
Period   10       66482        6648         0.8        0          901      1168153    21629      41330.12   17635.12
Global   320      1836054      5737         0.9        0          601      7154881    25236      81893.77   17655.59

Total Statistics
Type     Time(s)  Ops          TPS(ops/s)   Net(M/s)   Get_miss   Min(us)  Max(us)    Avg(us)    Std_dev    Geo_dist  
Period   10       66482        6648         0.8        0          901      1168153    21629      41330.12   17635.12
Global   320      1836054      5737         0.9        0          601      7154881    25236      81893.77   17655.59

[1;1H[2J
Get Statistics
Type     Time(s)  Ops          TPS(ops/s)   Net(M/s)   Get_miss   Min(us)  Max(us)    Avg(us)    Std_dev    Geo_dist  
Period   10       70304        7030         0.8        0          1177     344534     20667      23389.68   17261.77
Global   330      1906358      5776         1.0        0          601      7154881    25068      80499.38   17640.91

Total Statistics
Type     Time(s)  Ops          TPS(ops/s)   Net(M/s)   Get_miss   Min(us)  Max(us)    Avg(us)    Std_dev    Geo_dist  
Period   10       70304        7030         0.8        0          1177     344534     20667      23389.68   17261.77
Global   330      1906358      5776         1.0        0          601      7154881    25068      80499.38   17640.91

[1;1H[2J
Get Statistics
Type     Time(s)  Ops          TPS(ops/s)   Net(M/s)   Get_miss   Min(us)  Max(us)    Avg(us)    Std_dev    Geo_dist  
Period   10       63582        6358         0.8        0          845      1898577    22598      45286.02   17384.94
Global   340      1969940      5793         0.9        0          601      7154881    24988      79607.74   17632.59

Total Statistics
Type     Time(s)  Ops          TPS(ops/s)   Net(M/s)   Get_miss   Min(us)  Max(us)    Avg(us)    Std_dev    Geo_dist  
Period   10       63582        6358         0.8        0          845      1898577    22598      45285.95   17382.23
Global   340      1969940      5793         0.9        0          601      7154881    24988      79607.74   17632.59

[1;1H[2J
Get Statistics
Type     Time(s)  Ops          TPS(ops/s)   Net(M/s)   Get_miss   Min(us)  Max(us)    Avg(us)    Std_dev    Geo_dist  
Period   10       55950        5595         0.8        0          1038     685697     25998      41749.53   20356.24
Global   350      2025890      5788         0.8        0          601      7154881    25016      78806.91   17702.68

Total Statistics
Type     Time(s)  Ops          TPS(ops/s)   Net(M/s)   Get_miss   Min(us)  Max(us)    Avg(us)    Std_dev    Geo_dist  
Period   10       55950        5595         0.8        0          1038     685697     25998      41749.53   20356.24
Global   350      2025890      5788         0.8        0          601      7154881    25016      78806.91   17702.68

[1;1H[2J
Get Statistics
Type     Time(s)  Ops          TPS(ops/s)   Net(M/s)   Get_miss   Min(us)  Max(us)    Avg(us)    Std_dev    Geo_dist  
Period   10       34187        3418         0.8        0          650      6984397    42117      236291.23  17635.22
Global   360      2060077      5722         0.5        0          601      7154881    25300      83897.31   17701.56

Total Statistics
Type     Time(s)  Ops          TPS(ops/s)   Net(M/s)   Get_miss   Min(us)  Max(us)    Avg(us)    Std_dev    Geo_dist  
Period   10       34187        3418         0.8        0          650      6984397    42117      236291.23  17635.22
Global   360      2060077      5722         0.5        0          601      7154881    25300      83897.31   17701.56

Get Statistics (2060219 events)
   Min:       601
   Max:   7154881
   Avg:     25299
   Geo:  17701.63
   Std:  83894.63
   Log2 Dist:
       8:        0        0      439     3586
      12:    10685     9465   848651   1024100
      16:   112445    24934    12725     6394
      20:     3615     2201      963       16

Total Statistics (2060219 events)
   Min:       601
   Max:   7154881
   Avg:     25299
   Geo:  17701.63
   Std:  83894.63
   Log2 Dist:
       8:        0        0      439     3586
      12:    10685     9465   848651   1024100
      16:   112445    24934    12725     6394
      20:     3615     2201      963       16

cmd_get: 2060363
cmd_set: 147456
get_misses: 0
written_bytes: 68917822
read_bytes: 341115783
object_bytes: 21233664

Run time: 362.0s Ops: 2207819 TPS: 6098 Net_rate: 1.1M/s
