servers : 10.0.0.6:11212
threads count: 24
concurrency: 24
run time: 360s
windows size: 1k
set proportion: set_prop=0.00
get proportion: get_prop=1.00
[1;1H[2J
Get Statistics
Type     Time(s)  Ops          TPS(ops/s)   Net(M/s)   Get_miss   Min(us)  Max(us)    Avg(us)    Std_dev    Geo_dist  
Period   10       48356        4835         0.7        0          364      366674     4999       11611.69   2963.31
Global   10       48356        4835         0.7        0          364      366674     4999       11611.69   2963.31

Total Statistics
Type     Time(s)  Ops          TPS(ops/s)   Net(M/s)   Get_miss   Min(us)  Max(us)    Avg(us)    Std_dev    Geo_dist  
Period   10       48356        4835         0.7        0          364      366674     4999       11611.69   2963.31
Global   10       48356        4835         0.7        0          364      366674     4999       11611.69   2963.31

[1;1H[2J
Get Statistics
Type     Time(s)  Ops          TPS(ops/s)   Net(M/s)   Get_miss   Min(us)  Max(us)    Avg(us)    Std_dev    Geo_dist  
Period   10       48643        4864         0.7        0          392      406705     4957       9946.70    2989.74
Global   20       96999        4849         0.7        0          364      406705     4978       10808.77   2976.53

Total Statistics
Type     Time(s)  Ops          TPS(ops/s)   Net(M/s)   Get_miss   Min(us)  Max(us)    Avg(us)    Std_dev    Geo_dist  
Period   10       48644        4864         0.7        0          392      406705     4957       9946.62    2989.79
Global   20       97000        4850         0.7        0          364      406705     4978       10808.73   2976.56

[1;1H[2J
Get Statistics
Type     Time(s)  Ops          TPS(ops/s)   Net(M/s)   Get_miss   Min(us)  Max(us)    Avg(us)    Std_dev    Geo_dist  
Period   10       45910        4591         0.7        0          375      769014     5246       19127.19   2978.10
Global   30       142909       4763         0.6        0          364      769014     5064       14030.07   2977.22

Total Statistics
Type     Time(s)  Ops          TPS(ops/s)   Net(M/s)   Get_miss   Min(us)  Max(us)    Avg(us)    Std_dev    Geo_dist  
Period   10       45909        4590         0.7        0          375      769014     5246       19127.41   2978.62
Global   30       142909       4763         0.6        0          364      769014     5064       14030.07   2977.22

[1;1H[2J
Get Statistics
Type     Time(s)  Ops          TPS(ops/s)   Net(M/s)   Get_miss   Min(us)  Max(us)    Avg(us)    Std_dev    Geo_dist  
Period   10       52429        5242         0.7        0          405      250168     4596       6266.15    2825.38
Global   40       195338       4883         0.7        0          364      769014     4938       12433.63   2935.68

Total Statistics
Type     Time(s)  Ops          TPS(ops/s)   Net(M/s)   Get_miss   Min(us)  Max(us)    Avg(us)    Std_dev    Geo_dist  
Period   10       52429        5242         0.7        0          405      250168     4596       6266.15    2825.38
Global   40       195338       4883         0.7        0          364      769014     4938       12433.63   2935.68

[1;1H[2J
Get Statistics
Type     Time(s)  Ops          TPS(ops/s)   Net(M/s)   Get_miss   Min(us)  Max(us)    Avg(us)    Std_dev    Geo_dist  
Period   10       44190        4419         0.7        0          359      1346090    5447       30248.66   2877.81
Global   50       239528       4790         0.6        0          359      1346090    5032       17173.00   2924.92

Total Statistics
Type     Time(s)  Ops          TPS(ops/s)   Net(M/s)   Get_miss   Min(us)  Max(us)    Avg(us)    Std_dev    Geo_dist  
Period   10       44190        4419         0.7        0          359      1346090    5447       30248.66   2877.81
Global   50       239528       4790         0.6        0          359      1346090    5032       17173.00   2924.92

[1;1H[2J
Get Statistics
Type     Time(s)  Ops          TPS(ops/s)   Net(M/s)   Get_miss   Min(us)  Max(us)    Avg(us)    Std_dev    Geo_dist  
Period   10       51212        5121         0.7        0          377      276551     4701       7923.61    2838.94
Global   60       290740       4845         0.7        0          359      1346090    4974       15938.52   2909.59

Total Statistics
Type     Time(s)  Ops          TPS(ops/s)   Net(M/s)   Get_miss   Min(us)  Max(us)    Avg(us)    Std_dev    Geo_dist  
Period   10       51212        5121         0.7        0          377      276551     4701       7923.61    2838.94
Global   60       290740       4845         0.7        0          359      1346090    4974       15938.52   2909.59

[1;1H[2J
Get Statistics
Type     Time(s)  Ops          TPS(ops/s)   Net(M/s)   Get_miss   Min(us)  Max(us)    Avg(us)    Std_dev    Geo_dist  
Period   10       52547        5254         0.7        0          382      139523     4587       4997.75    2872.59
Global   70       343287       4904         0.7        0          359      1346090    4915       14798.36   2903.89

Total Statistics
Type     Time(s)  Ops          TPS(ops/s)   Net(M/s)   Get_miss   Min(us)  Max(us)    Avg(us)    Std_dev    Geo_dist  
Period   10       52547        5254         0.7        0          382      139523     4587       4997.75    2872.59
Global   70       343287       4904         0.7        0          359      1346090    4915       14798.36   2903.89

[1;1H[2J
Get Statistics
Type     Time(s)  Ops          TPS(ops/s)   Net(M/s)   Get_miss   Min(us)  Max(us)    Avg(us)    Std_dev    Geo_dist  
Period   10       50517        5051         0.7        0          353      277355     4766       7437.71    2870.35
Global   80       393804       4922         0.7        0          353      1346090    4895       14071.48   2899.57

Total Statistics
Type     Time(s)  Ops          TPS(ops/s)   Net(M/s)   Get_miss   Min(us)  Max(us)    Avg(us)    Std_dev    Geo_dist  
Period   10       50517        5051         0.7        0          353      277355     4766       7437.71    2870.35
Global   80       393804       4922         0.7        0          353      1346090    4895       14071.48   2899.57

[1;1H[2J
Get Statistics
Type     Time(s)  Ops          TPS(ops/s)   Net(M/s)   Get_miss   Min(us)  Max(us)    Avg(us)    Std_dev    Geo_dist  
Period   10       51360        5136         0.7        0          383      88473      4689       4835.40    2890.38
Global   90       445164       4946         0.7        0          353      1346090    4872       13336.28   2898.51

Total Statistics
Type     Time(s)  Ops          TPS(ops/s)   Net(M/s)   Get_miss   Min(us)  Max(us)    Avg(us)    Std_dev    Geo_dist  
Period   10       51365        5136         0.7        0          383      88473      4689       4834.97    2890.23
Global   90       445169       4946         0.7        0          353      1346090    4872       13336.19   2898.49

[1;1H[2J
Get Statistics
Type     Time(s)  Ops          TPS(ops/s)   Net(M/s)   Get_miss   Min(us)  Max(us)    Avg(us)    Std_dev    Geo_dist  
Period   10       51375        5137         0.7        0          362      196890     4683       5810.16    2868.61
Global   100      496539       4965         0.7        0          353      1346090    4852       12765.36   2895.62

Total Statistics
Type     Time(s)  Ops          TPS(ops/s)   Net(M/s)   Get_miss   Min(us)  Max(us)    Avg(us)    Std_dev    Geo_dist  
Period   10       51370        5137         0.7        0          362      196890     4683       5810.63    2870.84
Global   100      496539       4965         0.7        0          353      1346090    4852       12765.36   2895.62

[1;1H[2J
Get Statistics
Type     Time(s)  Ops          TPS(ops/s)   Net(M/s)   Get_miss   Min(us)  Max(us)    Avg(us)    Std_dev    Geo_dist  
Period   10       52470        5247         0.7        0          358      140148     4594       5196.57    2825.87
Global   110      549009       4990         0.7        0          353      1346090    4828       12245.85   2888.88

Total Statistics
Type     Time(s)  Ops          TPS(ops/s)   Net(M/s)   Get_miss   Min(us)  Max(us)    Avg(us)    Std_dev    Geo_dist  
Period   10       52470        5247         0.7        0          358      140148     4594       5196.57    2825.87
Global   110      549009       4990         0.7        0          353      1346090    4828       12245.85   2888.88

[1;1H[2J
Get Statistics
Type     Time(s)  Ops          TPS(ops/s)   Net(M/s)   Get_miss   Min(us)  Max(us)    Avg(us)    Std_dev    Geo_dist  
Period   10       51922        5192         0.7        0          383      137438     4637       4841.70    2940.27
Global   120      600931       5007         0.7        0          353      1346090    4811       11791.39   2893.28

Total Statistics
Type     Time(s)  Ops          TPS(ops/s)   Net(M/s)   Get_miss   Min(us)  Max(us)    Avg(us)    Std_dev    Geo_dist  
Period   10       51922        5192         0.7        0          383      137438     4636       4842.65    2939.44
Global   120      600931       5007         0.7        0          353      1346090    4811       11791.39   2893.28

[1;1H[2J
Get Statistics
Type     Time(s)  Ops          TPS(ops/s)   Net(M/s)   Get_miss   Min(us)  Max(us)    Avg(us)    Std_dev    Geo_dist  
Period   10       51700        5170         0.7        0          372      153554     4649       5126.42    2921.28
Global   130      652631       5020         0.7        0          353      1346090    4798       11406.49   2895.49

Total Statistics
Type     Time(s)  Ops          TPS(ops/s)   Net(M/s)   Get_miss   Min(us)  Max(us)    Avg(us)    Std_dev    Geo_dist  
Period   10       51700        5170         0.7        0          372      153554     4649       5126.42    2921.28
Global   130      652631       5020         0.7        0          353      1346090    4798       11406.49   2895.49

[1;1H[2J
Get Statistics
Type     Time(s)  Ops          TPS(ops/s)   Net(M/s)   Get_miss   Min(us)  Max(us)    Avg(us)    Std_dev    Geo_dist  
Period   10       52382        5238         0.7        0          426      78151      4608       4825.05    2823.15
Global   140      705013       5035         0.7        0          353      1346090    4784       11053.15   2890.05

Total Statistics
Type     Time(s)  Ops          TPS(ops/s)   Net(M/s)   Get_miss   Min(us)  Max(us)    Avg(us)    Std_dev    Geo_dist  
Period   10       52382        5238         0.7        0          426      78151      4608       4825.05    2823.15
Global   140      705013       5035         0.7        0          353      1346090    4784       11053.15   2890.05

[1;1H[2J
Get Statistics
Type     Time(s)  Ops          TPS(ops/s)   Net(M/s)   Get_miss   Min(us)  Max(us)    Avg(us)    Std_dev    Geo_dist  
Period   10       52141        5214         0.7        0          415      268315     4618       6966.09    2811.72
Global   150      757154       5047         0.7        0          353      1346090    4773       10821.19   2884.59

Total Statistics
Type     Time(s)  Ops          TPS(ops/s)   Net(M/s)   Get_miss   Min(us)  Max(us)    Avg(us)    Std_dev    Geo_dist  
Period   10       52141        5214         0.7        0          415      268315     4618       6966.09    2811.72
Global   150      757154       5047         0.7        0          353      1346090    4773       10821.19   2884.59

[1;1H[2J
Get Statistics
Type     Time(s)  Ops          TPS(ops/s)   Net(M/s)   Get_miss   Min(us)  Max(us)    Avg(us)    Std_dev    Geo_dist  
Period   10       47831        4783         0.7        0          415      687580     5029       13261.85   2905.75
Global   160      804985       5031         0.7        0          353      1346090    4788       10981.63   2885.84

Total Statistics
Type     Time(s)  Ops          TPS(ops/s)   Net(M/s)   Get_miss   Min(us)  Max(us)    Avg(us)    Std_dev    Geo_dist  
Period   10       47831        4783         0.7        0          415      687580     5029       13261.85   2905.75
Global   160      804985       5031         0.7        0          353      1346090    4788       10981.63   2885.84

[1;1H[2J
Get Statistics
Type     Time(s)  Ops          TPS(ops/s)   Net(M/s)   Get_miss   Min(us)  Max(us)    Avg(us)    Std_dev    Geo_dist  
Period   10       52367        5236         0.7        0          402      343736     4605       8077.51    2756.76
Global   170      857352       5043         0.7        0          353      1346090    4777       10826.61   2877.79

Total Statistics
Type     Time(s)  Ops          TPS(ops/s)   Net(M/s)   Get_miss   Min(us)  Max(us)    Avg(us)    Std_dev    Geo_dist  
Period   10       52367        5236         0.7        0          402      343736     4605       8077.51    2756.76
Global   170      857352       5043         0.7        0          353      1346090    4777       10826.61   2877.79

[1;1H[2J
Get Statistics
Type     Time(s)  Ops          TPS(ops/s)   Net(M/s)   Get_miss   Min(us)  Max(us)    Avg(us)    Std_dev    Geo_dist  
Period   10       52272        5227         0.7        0          361      44084      4606       4428.10    2841.49
Global   180      909624       5053         0.7        0          353      1346090    4767       10564.55   2875.69

Total Statistics
Type     Time(s)  Ops          TPS(ops/s)   Net(M/s)   Get_miss   Min(us)  Max(us)    Avg(us)    Std_dev    Geo_dist  
Period   10       52272        5227         0.7        0          361      44084      4606       4428.10    2841.49
Global   180      909624       5053         0.7        0          353      1346090    4767       10564.55   2875.69

[1;1H[2J
Get Statistics
Type     Time(s)  Ops          TPS(ops/s)   Net(M/s)   Get_miss   Min(us)  Max(us)    Avg(us)    Std_dev    Geo_dist  
Period   10       50429        5042         0.7        0          362      209397     4778       7547.28    2916.32
Global   190      960053       5052         0.7        0          353      1346090    4767       10428.07   2877.81

Total Statistics
Type     Time(s)  Ops          TPS(ops/s)   Net(M/s)   Get_miss   Min(us)  Max(us)    Avg(us)    Std_dev    Geo_dist  
Period   10       50429        5042         0.7        0          362      209397     4778       7547.28    2916.32
Global   190      960053       5052         0.7        0          353      1346090    4767       10428.07   2877.81

[1;1H[2J
Get Statistics
Type     Time(s)  Ops          TPS(ops/s)   Net(M/s)   Get_miss   Min(us)  Max(us)    Avg(us)    Std_dev    Geo_dist  
Period   10       51272        5127         0.7        0          404      148484     4696       5677.88    2888.47
Global   200      1011325      5056         0.7        0          353      1346090    4764       10240.14   2878.35

Total Statistics
Type     Time(s)  Ops          TPS(ops/s)   Net(M/s)   Get_miss   Min(us)  Max(us)    Avg(us)    Std_dev    Geo_dist  
Period   10       51274        5127         0.7        0          404      148484     4696       5677.69    2888.35
Global   200      1011327      5056         0.7        0          353      1346090    4764       10240.12   2878.34

[1;1H[2J
Get Statistics
Type     Time(s)  Ops          TPS(ops/s)   Net(M/s)   Get_miss   Min(us)  Max(us)    Avg(us)    Std_dev    Geo_dist  
Period   10       49595        4959         0.7        0          409      278482     4856       8254.14    2844.70
Global   210      1060920      5052         0.7        0          353      1346090    4768       10156.11   2876.80

Total Statistics
Type     Time(s)  Ops          TPS(ops/s)   Net(M/s)   Get_miss   Min(us)  Max(us)    Avg(us)    Std_dev    Geo_dist  
Period   10       49593        4959         0.7        0          409      278482     4856       8254.36    2845.61
Global   210      1060920      5052         0.7        0          353      1346090    4768       10156.11   2876.80

[1;1H[2J
Get Statistics
Type     Time(s)  Ops          TPS(ops/s)   Net(M/s)   Get_miss   Min(us)  Max(us)    Avg(us)    Std_dev    Geo_dist  
Period   10       50842        5084         0.7        0          336      183272     4735       5949.64    2845.78
Global   220      1111762      5053         0.7        0          336      1346090    4767       10002.18   2875.38

Total Statistics
Type     Time(s)  Ops          TPS(ops/s)   Net(M/s)   Get_miss   Min(us)  Max(us)    Avg(us)    Std_dev    Geo_dist  
Period   10       50842        5084         0.7        0          336      183272     4735       5949.64    2845.78
Global   220      1111762      5053         0.7        0          336      1346090    4767       10002.18   2875.38

[1;1H[2J
Get Statistics
Type     Time(s)  Ops          TPS(ops/s)   Net(M/s)   Get_miss   Min(us)  Max(us)    Avg(us)    Std_dev    Geo_dist  
Period   10       54005        5400         0.7        0          369      48432      4461       4009.66    2803.08
Global   230      1165767      5068         0.7        0          336      1346090    4752       9806.41    2871.99

Total Statistics
Type     Time(s)  Ops          TPS(ops/s)   Net(M/s)   Get_miss   Min(us)  Max(us)    Avg(us)    Std_dev    Geo_dist  
Period   10       54005        5400         0.7        0          369      48432      4461       4009.66    2803.08
Global   230      1165767      5068         0.7        0          336      1346090    4752       9806.41    2871.99

[1;1H[2J
Get Statistics
Type     Time(s)  Ops          TPS(ops/s)   Net(M/s)   Get_miss   Min(us)  Max(us)    Avg(us)    Std_dev    Geo_dist  
Period   10       52545        5254         0.7        0          406      75191      4581       4565.64    2835.56
Global   240      1218312      5076         0.7        0          336      1346090    4745       9639.23    2870.41

Total Statistics
Type     Time(s)  Ops          TPS(ops/s)   Net(M/s)   Get_miss   Min(us)  Max(us)    Avg(us)    Std_dev    Geo_dist  
Period   10       52545        5254         0.7        0          406      75191      4581       4565.64    2835.56
Global   240      1218312      5076         0.7        0          336      1346090    4745       9639.23    2870.41

[1;1H[2J
Get Statistics
Type     Time(s)  Ops          TPS(ops/s)   Net(M/s)   Get_miss   Min(us)  Max(us)    Avg(us)    Std_dev    Geo_dist  
Period   10       45318        4531         0.7        0          325      795448     5314       18244.67   2946.93
Global   250      1263630      5054         0.6        0          325      1346090    4765       10076.46   2873.12

Total Statistics
Type     Time(s)  Ops          TPS(ops/s)   Net(M/s)   Get_miss   Min(us)  Max(us)    Avg(us)    Std_dev    Geo_dist  
Period   10       45318        4531         0.7        0          325      795448     5314       18244.67   2946.93
Global   250      1263630      5054         0.6        0          325      1346090    4765       10076.46   2873.12

[1;1H[2J
Get Statistics
Type     Time(s)  Ops          TPS(ops/s)   Net(M/s)   Get_miss   Min(us)  Max(us)    Avg(us)    Std_dev    Geo_dist  
Period   10       51670        5167         0.7        0          408      110954     4664       4745.16    2899.09
Global   260      1315300      5058         0.7        0          325      1346090    4761       9921.27    2874.13

Total Statistics
Type     Time(s)  Ops          TPS(ops/s)   Net(M/s)   Get_miss   Min(us)  Max(us)    Avg(us)    Std_dev    Geo_dist  
Period   10       51670        5167         0.7        0          408      110954     4664       4745.16    2899.09
Global   260      1315300      5058         0.7        0          325      1346090    4761       9921.27    2874.13

[1;1H[2J
Get Statistics
Type     Time(s)  Ops          TPS(ops/s)   Net(M/s)   Get_miss   Min(us)  Max(us)    Avg(us)    Std_dev    Geo_dist  
Period   10       52392        5239         0.7        0          384      302206     4597       7223.99    2809.06
Global   270      1367692      5065         0.7        0          325      1346090    4755       9831.50    2871.61

Total Statistics
Type     Time(s)  Ops          TPS(ops/s)   Net(M/s)   Get_miss   Min(us)  Max(us)    Avg(us)    Std_dev    Geo_dist  
Period   10       52392        5239         0.7        0          384      302206     4597       7223.99    2809.06
Global   270      1367692      5065         0.7        0          325      1346090    4755       9831.50    2871.61

[1;1H[2J
Get Statistics
Type     Time(s)  Ops          TPS(ops/s)   Net(M/s)   Get_miss   Min(us)  Max(us)    Avg(us)    Std_dev    Geo_dist  
Period   10       52614        5261         0.7        0          338      41928      4575       4091.55    2906.08
Global   280      1420306      5072         0.7        0          325      1346090    4748       9679.99    2872.88

Total Statistics
Type     Time(s)  Ops          TPS(ops/s)   Net(M/s)   Get_miss   Min(us)  Max(us)    Avg(us)    Std_dev    Geo_dist  
Period   10       52614        5261         0.7        0          338      41928      4575       4091.55    2906.08
Global   280      1420306      5072         0.7        0          325      1346090    4748       9679.99    2872.88

[1;1H[2J
Get Statistics
Type     Time(s)  Ops          TPS(ops/s)   Net(M/s)   Get_miss   Min(us)  Max(us)    Avg(us)    Std_dev    Geo_dist  
Period   10       49961        4996         0.7        0          394      119231     4820       5485.05    2990.96
Global   290      1470267      5069         0.7        0          325      1346090    4751       9567.41    2876.82

Total Statistics
Type     Time(s)  Ops          TPS(ops/s)   Net(M/s)   Get_miss   Min(us)  Max(us)    Avg(us)    Std_dev    Geo_dist  
Period   10       49961        4996         0.7        0          394      119231     4820       5485.05    2990.96
Global   290      1470267      5069         0.7        0          325      1346090    4751       9567.41    2876.82

[1;1H[2J
Get Statistics
Type     Time(s)  Ops          TPS(ops/s)   Net(M/s)   Get_miss   Min(us)  Max(us)    Avg(us)    Std_dev    Geo_dist  
Period   10       48789        4878         0.7        0          363      407928     4937       10535.23   2923.68
Global   300      1519056      5063         0.7        0          325      1346090    4757       9600.05    2878.31

Total Statistics
Type     Time(s)  Ops          TPS(ops/s)   Net(M/s)   Get_miss   Min(us)  Max(us)    Avg(us)    Std_dev    Geo_dist  
Period   10       48789        4878         0.7        0          363      407928     4937       10535.23   2923.68
Global   300      1519056      5063         0.7        0          325      1346090    4757       9600.05    2878.31

[1;1H[2J
Get Statistics
Type     Time(s)  Ops          TPS(ops/s)   Net(M/s)   Get_miss   Min(us)  Max(us)    Avg(us)    Std_dev    Geo_dist  
Period   10       50656        5065         0.7        0          410      241866     4755       7941.31    2868.44
Global   310      1569712      5063         0.7        0          325      1346090    4757       9550.99    2877.99

Total Statistics
Type     Time(s)  Ops          TPS(ops/s)   Net(M/s)   Get_miss   Min(us)  Max(us)    Avg(us)    Std_dev    Geo_dist  
Period   10       50656        5065         0.7        0          410      241866     4755       7941.31    2868.44
Global   310      1569712      5063         0.7        0          325      1346090    4757       9550.99    2877.99

[1;1H[2J
Get Statistics
Type     Time(s)  Ops          TPS(ops/s)   Net(M/s)   Get_miss   Min(us)  Max(us)    Avg(us)    Std_dev    Geo_dist  
Period   10       45180        4518         0.7        0          323      1106704    5331       23040.50   2823.49
Global   320      1614892      5046         0.6        0          323      1346090    4773       10174.99   2876.45

Total Statistics
Type     Time(s)  Ops          TPS(ops/s)   Net(M/s)   Get_miss   Min(us)  Max(us)    Avg(us)    Std_dev    Geo_dist  
Period   10       45180        4518         0.7        0          323      1106704    5331       23040.50   2823.49
Global   320      1614892      5046         0.6        0          323      1346090    4773       10174.99   2876.45

[1;1H[2J
Get Statistics
Type     Time(s)  Ops          TPS(ops/s)   Net(M/s)   Get_miss   Min(us)  Max(us)    Avg(us)    Std_dev    Geo_dist  
Period   10       51113        5111         0.7        0          359      155302     4712       5989.77    2858.52
Global   330      1666005      5048         0.7        0          323      1346090    4771       10072.55   2875.90

Total Statistics
Type     Time(s)  Ops          TPS(ops/s)   Net(M/s)   Get_miss   Min(us)  Max(us)    Avg(us)    Std_dev    Geo_dist  
Period   10       51113        5111         0.7        0          359      155302     4712       5989.77    2858.52
Global   330      1666005      5048         0.7        0          323      1346090    4771       10072.55   2875.90

[1;1H[2J
Get Statistics
Type     Time(s)  Ops          TPS(ops/s)   Net(M/s)   Get_miss   Min(us)  Max(us)    Avg(us)    Std_dev    Geo_dist  
Period   10       49997        4999         0.7        0          384      60719      4821       5034.97    2897.27
Global   340      1716002      5047         0.7        0          323      1346090    4772       9962.09    2876.52

Total Statistics
Type     Time(s)  Ops          TPS(ops/s)   Net(M/s)   Get_miss   Min(us)  Max(us)    Avg(us)    Std_dev    Geo_dist  
Period   10       49997        4999         0.7        0          384      60719      4821       5034.97    2897.27
Global   340      1716002      5047         0.7        0          323      1346090    4772       9962.09    2876.52

[1;1H[2J
Get Statistics
Type     Time(s)  Ops          TPS(ops/s)   Net(M/s)   Get_miss   Min(us)  Max(us)    Avg(us)    Std_dev    Geo_dist  
Period   10       51134        5113         0.7        0          303      106297     4724       5280.37    2839.25
Global   350      1767136      5048         0.7        0          303      1346090    4771       9857.72    2875.44

Total Statistics
Type     Time(s)  Ops          TPS(ops/s)   Net(M/s)   Get_miss   Min(us)  Max(us)    Avg(us)    Std_dev    Geo_dist  
Period   10       51135        5113         0.7        0          303      106297     4724       5280.28    2839.18
Global   350      1767137      5048         0.7        0          303      1346090    4771       9857.72    2875.43

[1;1H[2J
Get Statistics
Type     Time(s)  Ops          TPS(ops/s)   Net(M/s)   Get_miss   Min(us)  Max(us)    Avg(us)    Std_dev    Geo_dist  
Period   10       53244        5324         0.7        0          377      88691      4540       4626.66    2790.48
Global   360      1820380      5056         0.7        0          303      1346090    4764       9744.86    2872.92

Total Statistics
Type     Time(s)  Ops          TPS(ops/s)   Net(M/s)   Get_miss   Min(us)  Max(us)    Avg(us)    Std_dev    Geo_dist  
Period   10       53244        5324         0.7        0          377      88691      4540       4626.85    2790.62
Global   360      1820381      5056         0.7        0          303      1346090    4764       9744.86    2872.93

Get Statistics (1820405 events)
   Min:       303
   Max:   1346090
   Avg:      4764
   Geo:   2872.93
   Std:   9744.81
   Log2 Dist:
       8:        0     1192   268370   688641
      12:    87425   399583   349453    22480
      16:     1646      619      637      237
      20:       98       24

Total Statistics (1820405 events)
   Min:       303
   Max:   1346090
   Avg:      4764
   Geo:   2872.93
   Std:   9744.81
   Log2 Dist:
       8:        0     1192   268370   688641
      12:    87425   399583   349453    22480
      16:     1646      619      637      237
      20:       98       24

cmd_get: 1820429
cmd_set: 24576
get_misses: 0
written_bytes: 43981070
read_bytes: 300563433
object_bytes: 3538944

Run time: 361.6s Ops: 1845005 TPS: 5102 Net_rate: 0.9M/s
