servers : 10.0.0.6:11212
threads count: 48
concurrency: 48
run time: 360s
windows size: 1k
set proportion: set_prop=0.00
get proportion: get_prop=1.00
[1;1H[2J
Get Statistics
Type     Time(s)  Ops          TPS(ops/s)   Net(M/s)   Get_miss   Min(us)  Max(us)    Avg(us)    Std_dev    Geo_dist  
Period   10       61394        6139         0.8        0          534      82736      7842       5098.72    6123.58
Global   10       61394        6139         0.8        0          534      82736      7842       5098.72    6123.58

Total Statistics
Type     Time(s)  Ops          TPS(ops/s)   Net(M/s)   Get_miss   Min(us)  Max(us)    Avg(us)    Std_dev    Geo_dist  
Period   10       61394        6139         0.8        0          534      82736      7842       5098.72    6123.58
Global   10       61394        6139         0.8        0          534      82736      7842       5098.72    6123.58

[1;1H[2J
Get Statistics
Type     Time(s)  Ops          TPS(ops/s)   Net(M/s)   Get_miss   Min(us)  Max(us)    Avg(us)    Std_dev    Geo_dist  
Period   10       54399        5439         0.8        0          382      653305     8852       20343.43   6268.92
Global   20       115793       5789         0.7        0          382      653305     8317       14437.95   6191.44

Total Statistics
Type     Time(s)  Ops          TPS(ops/s)   Net(M/s)   Get_miss   Min(us)  Max(us)    Avg(us)    Std_dev    Geo_dist  
Period   10       54399        5439         0.8        0          382      653305     8852       20343.43   6268.92
Global   20       115793       5789         0.7        0          382      653305     8317       14437.95   6191.44

[1;1H[2J
Get Statistics
Type     Time(s)  Ops          TPS(ops/s)   Net(M/s)   Get_miss   Min(us)  Max(us)    Avg(us)    Std_dev    Geo_dist  
Period   10       60714        6071         0.8        0          527      82612      7937       5567.61    6088.86
Global   30       176507       5883         0.8        0          382      653305     8186       12142.93   6155.96

Total Statistics
Type     Time(s)  Ops          TPS(ops/s)   Net(M/s)   Get_miss   Min(us)  Max(us)    Avg(us)    Std_dev    Geo_dist  
Period   10       60714        6071         0.8        0          527      82612      7937       5567.61    6088.86
Global   30       176507       5883         0.8        0          382      653305     8186       12142.93   6155.96

[1;1H[2J
Get Statistics
Type     Time(s)  Ops          TPS(ops/s)   Net(M/s)   Get_miss   Min(us)  Max(us)    Avg(us)    Std_dev    Geo_dist  
Period   10       59584        5958         0.8        0          399      195483     8086       9458.28    5812.98
Global   40       236091       5902         0.8        0          382      653305     8161       11524.43   6067.54

Total Statistics
Type     Time(s)  Ops          TPS(ops/s)   Net(M/s)   Get_miss   Min(us)  Max(us)    Avg(us)    Std_dev    Geo_dist  
Period   10       59584        5958         0.8        0          399      195483     8086       9458.28    5812.98
Global   40       236091       5902         0.8        0          382      653305     8161       11524.43   6067.54

[1;1H[2J
Get Statistics
Type     Time(s)  Ops          TPS(ops/s)   Net(M/s)   Get_miss   Min(us)  Max(us)    Avg(us)    Std_dev    Geo_dist  
Period   10       59564        5956         0.8        0          453      225290     8085       9093.85    6036.59
Global   50       295655       5913         0.8        0          382      653305     8146       11077.54   6061.29

Total Statistics
Type     Time(s)  Ops          TPS(ops/s)   Net(M/s)   Get_miss   Min(us)  Max(us)    Avg(us)    Std_dev    Geo_dist  
Period   10       59564        5956         0.8        0          453      225290     8085       9093.85    6036.59
Global   50       295655       5913         0.8        0          382      653305     8146       11077.54   6061.29

[1;1H[2J
Get Statistics
Type     Time(s)  Ops          TPS(ops/s)   Net(M/s)   Get_miss   Min(us)  Max(us)    Avg(us)    Std_dev    Geo_dist  
Period   10       56062        5606         0.8        0          579      698172     8591       19791.00   6074.82
Global   60       351717       5861         0.8        0          382      698172     8217       12868.92   6063.44

Total Statistics
Type     Time(s)  Ops          TPS(ops/s)   Net(M/s)   Get_miss   Min(us)  Max(us)    Avg(us)    Std_dev    Geo_dist  
Period   10       56062        5606         0.8        0          579      698172     8591       19791.00   6074.82
Global   60       351717       5861         0.8        0          382      698172     8217       12868.92   6063.44

[1;1H[2J
Get Statistics
Type     Time(s)  Ops          TPS(ops/s)   Net(M/s)   Get_miss   Min(us)  Max(us)    Avg(us)    Std_dev    Geo_dist  
Period   10       60861        6086         0.8        0          419      98106      7912       6316.63    5902.40
Global   70       412578       5893         0.8        0          382      698172     8172       12127.53   6039.41

Total Statistics
Type     Time(s)  Ops          TPS(ops/s)   Net(M/s)   Get_miss   Min(us)  Max(us)    Avg(us)    Std_dev    Geo_dist  
Period   10       60861        6086         0.8        0          419      98106      7912       6316.63    5902.40
Global   70       412578       5893         0.8        0          382      698172     8172       12127.53   6039.41

[1;1H[2J
Get Statistics
Type     Time(s)  Ops          TPS(ops/s)   Net(M/s)   Get_miss   Min(us)  Max(us)    Avg(us)    Std_dev    Geo_dist  
Period   10       56922        5692         0.8        0          397      644871     8470       19358.37   5905.34
Global   80       469500       5868         0.8        0          382      698172     8208       13217.05   6023.00

Total Statistics
Type     Time(s)  Ops          TPS(ops/s)   Net(M/s)   Get_miss   Min(us)  Max(us)    Avg(us)    Std_dev    Geo_dist  
Period   10       56922        5692         0.8        0          397      644871     8470       19358.37   5905.34
Global   80       469500       5868         0.8        0          382      698172     8208       13217.05   6023.00

[1;1H[2J
Get Statistics
Type     Time(s)  Ops          TPS(ops/s)   Net(M/s)   Get_miss   Min(us)  Max(us)    Avg(us)    Std_dev    Geo_dist  
Period   10       56220        5622         0.8        0          416      271563     8566       11676.24   6167.72
Global   90       525720       5841         0.8        0          382      698172     8246       13061.59   6038.31

Total Statistics
Type     Time(s)  Ops          TPS(ops/s)   Net(M/s)   Get_miss   Min(us)  Max(us)    Avg(us)    Std_dev    Geo_dist  
Period   10       56220        5622         0.8        0          416      271563     8566       11676.24   6167.72
Global   90       525720       5841         0.8        0          382      698172     8246       13061.59   6038.31

[1;1H[2J
Get Statistics
Type     Time(s)  Ops          TPS(ops/s)   Net(M/s)   Get_miss   Min(us)  Max(us)    Avg(us)    Std_dev    Geo_dist  
Period   10       59929        5992         0.8        0          477      127120     8040       6910.20    6023.53
Global   100      585649       5856         0.8        0          382      698172     8225       12571.24   6036.80

Total Statistics
Type     Time(s)  Ops          TPS(ops/s)   Net(M/s)   Get_miss   Min(us)  Max(us)    Avg(us)    Std_dev    Geo_dist  
Period   10       59929        5992         0.8        0          477      127120     8040       6910.20    6023.53
Global   100      585649       5856         0.8        0          382      698172     8225       12571.24   6036.80

[1;1H[2J
Get Statistics
Type     Time(s)  Ops          TPS(ops/s)   Net(M/s)   Get_miss   Min(us)  Max(us)    Avg(us)    Std_dev    Geo_dist  
Period   10       57943        5794         0.8        0          434      406921     8312       14272.13   5888.66
Global   110      643592       5850         0.8        0          382      698172     8233       12733.59   6023.31

Total Statistics
Type     Time(s)  Ops          TPS(ops/s)   Net(M/s)   Get_miss   Min(us)  Max(us)    Avg(us)    Std_dev    Geo_dist  
Period   10       57943        5794         0.8        0          434      406921     8312       14272.13   5888.66
Global   110      643592       5850         0.8        0          382      698172     8233       12733.59   6023.31

[1;1H[2J
Get Statistics
Type     Time(s)  Ops          TPS(ops/s)   Net(M/s)   Get_miss   Min(us)  Max(us)    Avg(us)    Std_dev    Geo_dist  
Period   10       61050        6105         0.8        0          583      117987     7895       6661.54    5928.66
Global   120      704642       5872         0.8        0          382      698172     8204       12326.60   6015.05

Total Statistics
Type     Time(s)  Ops          TPS(ops/s)   Net(M/s)   Get_miss   Min(us)  Max(us)    Avg(us)    Std_dev    Geo_dist  
Period   10       61050        6105         0.8        0          583      117987     7895       6661.54    5928.66
Global   120      704642       5872         0.8        0          382      698172     8204       12326.60   6015.05

[1;1H[2J
Get Statistics
Type     Time(s)  Ops          TPS(ops/s)   Net(M/s)   Get_miss   Min(us)  Max(us)    Avg(us)    Std_dev    Geo_dist  
Period   10       61675        6167         0.8        0          461      176796     7807       7874.94    5711.40
Global   130      766317       5894         0.8        0          382      698172     8172       12029.95   5990.02

Total Statistics
Type     Time(s)  Ops          TPS(ops/s)   Net(M/s)   Get_miss   Min(us)  Max(us)    Avg(us)    Std_dev    Geo_dist  
Period   10       61675        6167         0.8        0          461      176796     7807       7874.94    5711.40
Global   130      766317       5894         0.8        0          382      698172     8172       12029.95   5990.02

[1;1H[2J
Get Statistics
Type     Time(s)  Ops          TPS(ops/s)   Net(M/s)   Get_miss   Min(us)  Max(us)    Avg(us)    Std_dev    Geo_dist  
Period   10       59161        5916         0.8        0          488      180784     8146       8026.02    6034.08
Global   140      825478       5896         0.8        0          382      698172     8170       11788.41   5993.17

Total Statistics
Type     Time(s)  Ops          TPS(ops/s)   Net(M/s)   Get_miss   Min(us)  Max(us)    Avg(us)    Std_dev    Geo_dist  
Period   10       59161        5916         0.8        0          488      180784     8146       8026.02    6034.08
Global   140      825478       5896         0.8        0          382      698172     8170       11788.41   5993.17

[1;1H[2J
Get Statistics
Type     Time(s)  Ops          TPS(ops/s)   Net(M/s)   Get_miss   Min(us)  Max(us)    Avg(us)    Std_dev    Geo_dist  
Period   10       59866        5986         0.8        0          459      169544     8038       7556.07    5986.04
Global   150      885344       5902         0.8        0          382      698172     8161       11551.31   5992.69

Total Statistics
Type     Time(s)  Ops          TPS(ops/s)   Net(M/s)   Get_miss   Min(us)  Max(us)    Avg(us)    Std_dev    Geo_dist  
Period   10       59866        5986         0.8        0          459      169544     8038       7556.07    5986.04
Global   150      885344       5902         0.8        0          382      698172     8161       11551.31   5992.69

[1;1H[2J
Get Statistics
Type     Time(s)  Ops          TPS(ops/s)   Net(M/s)   Get_miss   Min(us)  Max(us)    Avg(us)    Std_dev    Geo_dist  
Period   10       56638        5663         0.8        0          524      156182     8514       10050.64   6066.59
Global   160      941982       5887         0.8        0          382      698172     8182       11467.10   5997.11

Total Statistics
Type     Time(s)  Ops          TPS(ops/s)   Net(M/s)   Get_miss   Min(us)  Max(us)    Avg(us)    Std_dev    Geo_dist  
Period   10       56638        5663         0.8        0          524      156182     8514       10050.64   6066.59
Global   160      941982       5887         0.8        0          382      698172     8182       11467.10   5997.11

[1;1H[2J
Get Statistics
Type     Time(s)  Ops          TPS(ops/s)   Net(M/s)   Get_miss   Min(us)  Max(us)    Avg(us)    Std_dev    Geo_dist  
Period   10       53877        5387         0.8        0          388      259614     8943       12805.83   6265.99
Global   170      995859       5857         0.7        0          382      698172     8223       11544.89   6011.35

Total Statistics
Type     Time(s)  Ops          TPS(ops/s)   Net(M/s)   Get_miss   Min(us)  Max(us)    Avg(us)    Std_dev    Geo_dist  
Period   10       53877        5387         0.8        0          388      259614     8943       12805.83   6265.99
Global   170      995859       5857         0.7        0          382      698172     8223       11544.89   6011.35

[1;1H[2J
Get Statistics
Type     Time(s)  Ops          TPS(ops/s)   Net(M/s)   Get_miss   Min(us)  Max(us)    Avg(us)    Std_dev    Geo_dist  
Period   10       59747        5974         0.8        0          517      262723     8063       8848.60    6014.88
Global   180      1055606      5864         0.8        0          382      698172     8214       11409.33   6011.55

Total Statistics
Type     Time(s)  Ops          TPS(ops/s)   Net(M/s)   Get_miss   Min(us)  Max(us)    Avg(us)    Std_dev    Geo_dist  
Period   10       59747        5974         0.8        0          517      262723     8063       8848.60    6014.88
Global   180      1055606      5864         0.8        0          382      698172     8214       11409.33   6011.55

[1;1H[2J
Get Statistics
Type     Time(s)  Ops          TPS(ops/s)   Net(M/s)   Get_miss   Min(us)  Max(us)    Avg(us)    Std_dev    Geo_dist  
Period   10       60540        6054         0.8        0          515      91622      7954       6128.59    5933.69
Global   190      1116146      5874         0.8        0          382      698172     8200       11187.10   6007.30

Total Statistics
Type     Time(s)  Ops          TPS(ops/s)   Net(M/s)   Get_miss   Min(us)  Max(us)    Avg(us)    Std_dev    Geo_dist  
Period   10       60540        6054         0.8        0          515      91622      7954       6128.59    5933.69
Global   190      1116146      5874         0.8        0          382      698172     8200       11187.10   6007.30

[1;1H[2J
Get Statistics
Type     Time(s)  Ops          TPS(ops/s)   Net(M/s)   Get_miss   Min(us)  Max(us)    Avg(us)    Std_dev    Geo_dist  
Period   10       57159        5715         0.8        0          425      291831     8428       13691.70   5858.17
Global   200      1173305      5866         0.8        0          382      698172     8211       11322.13   5999.95

Total Statistics
Type     Time(s)  Ops          TPS(ops/s)   Net(M/s)   Get_miss   Min(us)  Max(us)    Avg(us)    Std_dev    Geo_dist  
Period   10       57159        5715         0.8        0          425      291831     8428       13691.70   5858.17
Global   200      1173305      5866         0.8        0          382      698172     8211       11322.13   5999.95

[1;1H[2J
Get Statistics
Type     Time(s)  Ops          TPS(ops/s)   Net(M/s)   Get_miss   Min(us)  Max(us)    Avg(us)    Std_dev    Geo_dist  
Period   10       61029        6102         0.8        0          459      104963     7895       6382.00    5922.26
Global   210      1234334      5877         0.8        0          382      698172     8196       11129.28   5996.09

Total Statistics
Type     Time(s)  Ops          TPS(ops/s)   Net(M/s)   Get_miss   Min(us)  Max(us)    Avg(us)    Std_dev    Geo_dist  
Period   10       61029        6102         0.8        0          459      104963     7895       6382.00    5922.26
Global   210      1234334      5877         0.8        0          382      698172     8196       11129.28   5996.09

[1;1H[2J
Get Statistics
Type     Time(s)  Ops          TPS(ops/s)   Net(M/s)   Get_miss   Min(us)  Max(us)    Avg(us)    Std_dev    Geo_dist  
Period   10       58997        5899         0.8        0          375      209645     8160       8749.76    5912.83
Global   220      1293331      5878         0.8        0          375      698172     8194       11032.18   5992.26

Total Statistics
Type     Time(s)  Ops          TPS(ops/s)   Net(M/s)   Get_miss   Min(us)  Max(us)    Avg(us)    Std_dev    Geo_dist  
Period   10       58997        5899         0.8        0          375      209645     8160       8749.76    5912.83
Global   220      1293331      5878         0.8        0          375      698172     8194       11032.18   5992.26

[1;1H[2J
Get Statistics
Type     Time(s)  Ops          TPS(ops/s)   Net(M/s)   Get_miss   Min(us)  Max(us)    Avg(us)    Std_dev    Geo_dist  
Period   10       51124        5112         0.8        0          403      1396968    9426       42848.67   6144.42
Global   230      1344455      5845         0.7        0          375      1396968    8241       13672.90   5997.98

Total Statistics
Type     Time(s)  Ops          TPS(ops/s)   Net(M/s)   Get_miss   Min(us)  Max(us)    Avg(us)    Std_dev    Geo_dist  
Period   10       51124        5112         0.8        0          403      1396968    9426       42848.67   6144.42
Global   230      1344455      5845         0.7        0          375      1396968    8241       13672.90   5997.98

[1;1H[2J
Get Statistics
Type     Time(s)  Ops          TPS(ops/s)   Net(M/s)   Get_miss   Min(us)  Max(us)    Avg(us)    Std_dev    Geo_dist  
Period   10       52697        5269         0.8        0          445      754413     9144       26740.15   6043.99
Global   240      1397152      5821         0.7        0          375      1396968    8275       14383.89   5999.71

Total Statistics
Type     Time(s)  Ops          TPS(ops/s)   Net(M/s)   Get_miss   Min(us)  Max(us)    Avg(us)    Std_dev    Geo_dist  
Period   10       52697        5269         0.8        0          445      754413     9144       26740.15   6043.99
Global   240      1397152      5821         0.7        0          375      1396968    8275       14383.89   5999.71

[1;1H[2J
Get Statistics
Type     Time(s)  Ops          TPS(ops/s)   Net(M/s)   Get_miss   Min(us)  Max(us)    Avg(us)    Std_dev    Geo_dist  
Period   10       54631        5463         0.8        0          473      177462     8815       9267.99    6539.78
Global   250      1451783      5807         0.8        0          375      1396968    8295       14225.29   6019.20

Total Statistics
Type     Time(s)  Ops          TPS(ops/s)   Net(M/s)   Get_miss   Min(us)  Max(us)    Avg(us)    Std_dev    Geo_dist  
Period   10       54631        5463         0.8        0          473      177462     8815       9267.99    6539.78
Global   250      1451783      5807         0.8        0          375      1396968    8295       14225.29   6019.20

[1;1H[2J
Get Statistics
Type     Time(s)  Ops          TPS(ops/s)   Net(M/s)   Get_miss   Min(us)  Max(us)    Avg(us)    Std_dev    Geo_dist  
Period   10       52063        5206         0.8        0          467      903207     9249       33972.31   5858.74
Global   260      1503846      5784         0.7        0          375      1396968    8328       15340.76   6013.57

Total Statistics
Type     Time(s)  Ops          TPS(ops/s)   Net(M/s)   Get_miss   Min(us)  Max(us)    Avg(us)    Std_dev    Geo_dist  
Period   10       52063        5206         0.8        0          467      903207     9249       33972.31   5858.74
Global   260      1503846      5784         0.7        0          375      1396968    8328       15340.76   6013.57

[1;1H[2J
Get Statistics
Type     Time(s)  Ops          TPS(ops/s)   Net(M/s)   Get_miss   Min(us)  Max(us)    Avg(us)    Std_dev    Geo_dist  
Period   10       61722        6172         0.8        0          431      99466      7811       5940.00    5906.96
Global   270      1565568      5798         0.8        0          375      1396968    8308       15081.63   6009.33

Total Statistics
Type     Time(s)  Ops          TPS(ops/s)   Net(M/s)   Get_miss   Min(us)  Max(us)    Avg(us)    Std_dev    Geo_dist  
Period   10       61722        6172         0.8        0          431      99466      7811       5940.00    5906.96
Global   270      1565568      5798         0.8        0          375      1396968    8308       15081.63   6009.33

[1;1H[2J
Get Statistics
Type     Time(s)  Ops          TPS(ops/s)   Net(M/s)   Get_miss   Min(us)  Max(us)    Avg(us)    Std_dev    Geo_dist  
Period   10       54977        5497         0.8        0          507      588351     8608       18428.40   6051.68
Global   280      1620545      5787         0.8        0          375      1396968    8318       15207.43   6010.76

Total Statistics
Type     Time(s)  Ops          TPS(ops/s)   Net(M/s)   Get_miss   Min(us)  Max(us)    Avg(us)    Std_dev    Geo_dist  
Period   10       54977        5497         0.8        0          507      588351     8608       18428.40   6051.68
Global   280      1620545      5787         0.8        0          375      1396968    8318       15207.43   6010.76

[1;1H[2J
Get Statistics
Type     Time(s)  Ops          TPS(ops/s)   Net(M/s)   Get_miss   Min(us)  Max(us)    Avg(us)    Std_dev    Geo_dist  
Period   10       50691        5069         0.8        0          508      1277128    9667       40802.74   6148.36
Global   290      1671236      5762         0.7        0          375      1396968    8359       16577.10   6014.89

Total Statistics
Type     Time(s)  Ops          TPS(ops/s)   Net(M/s)   Get_miss   Min(us)  Max(us)    Avg(us)    Std_dev    Geo_dist  
Period   10       50691        5069         0.8        0          508      1277128    9667       40802.74   6148.36
Global   290      1671236      5762         0.7        0          375      1396968    8359       16577.10   6014.89

[1;1H[2J
Get Statistics
Type     Time(s)  Ops          TPS(ops/s)   Net(M/s)   Get_miss   Min(us)  Max(us)    Avg(us)    Std_dev    Geo_dist  
Period   10       60154        6015         0.8        0          351      184394     8015       7832.13    6022.06
Global   300      1731390      5771         0.8        0          351      1396968    8347       16352.02   6015.14

Total Statistics
Type     Time(s)  Ops          TPS(ops/s)   Net(M/s)   Get_miss   Min(us)  Max(us)    Avg(us)    Std_dev    Geo_dist  
Period   10       60154        6015         0.8        0          351      184394     8015       7832.13    6022.06
Global   300      1731390      5771         0.8        0          351      1396968    8347       16352.02   6015.14

[1;1H[2J
Get Statistics
Type     Time(s)  Ops          TPS(ops/s)   Net(M/s)   Get_miss   Min(us)  Max(us)    Avg(us)    Std_dev    Geo_dist  
Period   10       58867        5886         0.8        0          364      179060     8203       8268.66    6049.45
Global   310      1790257      5775         0.8        0          351      1396968    8342       16150.84   6016.27

Total Statistics
Type     Time(s)  Ops          TPS(ops/s)   Net(M/s)   Get_miss   Min(us)  Max(us)    Avg(us)    Std_dev    Geo_dist  
Period   10       58867        5886         0.8        0          364      179060     8203       8268.66    6049.45
Global   310      1790257      5775         0.8        0          351      1396968    8342       16150.84   6016.27

[1;1H[2J
Get Statistics
Type     Time(s)  Ops          TPS(ops/s)   Net(M/s)   Get_miss   Min(us)  Max(us)    Avg(us)    Std_dev    Geo_dist  
Period   10       55413        5541         0.8        0          427      349957     8697       15909.91   6067.86
Global   320      1845670      5767         0.8        0          351      1396968    8353       16143.59   6017.81

Total Statistics
Type     Time(s)  Ops          TPS(ops/s)   Net(M/s)   Get_miss   Min(us)  Max(us)    Avg(us)    Std_dev    Geo_dist  
Period   10       55414        5541         0.8        0          427      349957     8697       15909.73   6067.77
Global   320      1845671      5767         0.8        0          351      1396968    8353       16143.59   6017.81

[1;1H[2J
Get Statistics
Type     Time(s)  Ops          TPS(ops/s)   Net(M/s)   Get_miss   Min(us)  Max(us)    Avg(us)    Std_dev    Geo_dist  
Period   10       49953        4995         0.8        0          470      1028294    9646       32016.79   6129.59
Global   330      1895623      5744         0.7        0          351      1396968    8387       16757.21   6020.75

Total Statistics
Type     Time(s)  Ops          TPS(ops/s)   Net(M/s)   Get_miss   Min(us)  Max(us)    Avg(us)    Std_dev    Geo_dist  
Period   10       49952        4995         0.8        0          470      1028294    9646       32017.11   6129.53
Global   330      1895623      5744         0.7        0          351      1396968    8387       16757.21   6020.75

[1;1H[2J
Get Statistics
Type     Time(s)  Ops          TPS(ops/s)   Net(M/s)   Get_miss   Min(us)  Max(us)    Avg(us)    Std_dev    Geo_dist  
Period   10       50471        5047         0.8        0          486      1012916    9543       35502.31   6037.71
Global   340      1946094      5723         0.7        0          351      1396968    8417       17499.79   6021.19

Total Statistics
Type     Time(s)  Ops          TPS(ops/s)   Net(M/s)   Get_miss   Min(us)  Max(us)    Avg(us)    Std_dev    Geo_dist  
Period   10       50471        5047         0.8        0          486      1012916    9543       35502.31   6037.71
Global   340      1946094      5723         0.7        0          351      1396968    8417       17499.79   6021.19

[1;1H[2J
Get Statistics
Type     Time(s)  Ops          TPS(ops/s)   Net(M/s)   Get_miss   Min(us)  Max(us)    Avg(us)    Std_dev    Geo_dist  
Period   10       54979        5497         0.8        0          431      359241     8760       13592.30   6329.87
Global   350      2001073      5717         0.8        0          351      1396968    8426       17404.45   6029.47

Total Statistics
Type     Time(s)  Ops          TPS(ops/s)   Net(M/s)   Get_miss   Min(us)  Max(us)    Avg(us)    Std_dev    Geo_dist  
Period   10       54979        5497         0.8        0          431      359241     8760       13592.30   6329.87
Global   350      2001073      5717         0.8        0          351      1396968    8426       17404.45   6029.47

[1;1H[2J
Get Statistics
Type     Time(s)  Ops          TPS(ops/s)   Net(M/s)   Get_miss   Min(us)  Max(us)    Avg(us)    Std_dev    Geo_dist  
Period   10       59511        5951         0.8        0          437      76413      8101       5543.64    6191.11
Global   360      2060584      5723         0.8        0          351      1396968    8417       17177.03   6034.08

Total Statistics
Type     Time(s)  Ops          TPS(ops/s)   Net(M/s)   Get_miss   Min(us)  Max(us)    Avg(us)    Std_dev    Geo_dist  
Period   10       59512        5951         0.8        0          437      76413      8100       5544.95    6190.97
Global   360      2060585      5723         0.8        0          351      1396968    8417       17177.02   6034.07

Get Statistics (2060634 events)
   Min:       351
   Max:   1396968
   Avg:      8417
   Geo:   6034.05
   Std:  17176.84
   Log2 Dist:
       8:        0       91    10875   301819
      12:   361639   210783   1059469   101897
      16:     7722     3580     1711      520
      20:      432       96

Total Statistics (2060634 events)
   Min:       351
   Max:   1396968
   Avg:      8417
   Geo:   6034.05
   Std:  17176.84
   Log2 Dist:
       8:        0       91    10875   301819
      12:   361639   210783   1059469   101897
      16:     7722     3580     1711      520
      20:      432       96

cmd_get: 2060682
cmd_set: 49152
get_misses: 0
written_bytes: 53198268
read_bytes: 340397826
object_bytes: 7077888

Run time: 361.5s Ops: 2109834 TPS: 5837 Net_rate: 1.0M/s
