servers : 10.0.0.6:11212
threads count: 48
concurrency: 48
run time: 360s
windows size: 1k
set proportion: set_prop=0.00
get proportion: get_prop=1.00
[1;1H[2J
Get Statistics
Type     Time(s)  Ops          TPS(ops/s)   Net(M/s)   Get_miss   Min(us)  Max(us)    Avg(us)    Std_dev    Geo_dist  
Period   10       62655        6265         0.9        0          441      75330      7700       5013.03    6035.14
Global   10       62655        6265         0.9        0          441      75330      7700       5013.03    6035.14

Total Statistics
Type     Time(s)  Ops          TPS(ops/s)   Net(M/s)   Get_miss   Min(us)  Max(us)    Avg(us)    Std_dev    Geo_dist  
Period   10       62655        6265         0.9        0          441      75330      7700       5013.03    6035.14
Global   10       62655        6265         0.9        0          441      75330      7700       5013.03    6035.14

[1;1H[2J
Get Statistics
Type     Time(s)  Ops          TPS(ops/s)   Net(M/s)   Get_miss   Min(us)  Max(us)    Avg(us)    Std_dev    Geo_dist  
Period   10       55152        5515         0.8        0          543      652709     8745       20198.09   6243.10
Global   20       117807       5890         0.8        0          441      652709     8189       14304.86   6131.62

Total Statistics
Type     Time(s)  Ops          TPS(ops/s)   Net(M/s)   Get_miss   Min(us)  Max(us)    Avg(us)    Std_dev    Geo_dist  
Period   10       55152        5515         0.8        0          543      652709     8745       20198.09   6243.10
Global   20       117807       5890         0.8        0          441      652709     8189       14304.86   6131.62

[1;1H[2J
Get Statistics
Type     Time(s)  Ops          TPS(ops/s)   Net(M/s)   Get_miss   Min(us)  Max(us)    Avg(us)    Std_dev    Geo_dist  
Period   10       62255        6225         0.8        0          528      83582      7791       5513.52    5996.30
Global   30       180062       6002         0.9        0          441      652709     8051       12017.99   6084.49

Total Statistics
Type     Time(s)  Ops          TPS(ops/s)   Net(M/s)   Get_miss   Min(us)  Max(us)    Avg(us)    Std_dev    Geo_dist  
Period   10       62255        6225         0.8        0          528      83582      7791       5513.52    5996.30
Global   30       180062       6002         0.9        0          441      652709     8051       12017.99   6084.49

[1;1H[2J
Get Statistics
Type     Time(s)  Ops          TPS(ops/s)   Net(M/s)   Get_miss   Min(us)  Max(us)    Avg(us)    Std_dev    Geo_dist  
Period   10       59979        5997         0.8        0          470      198962     8063       9408.91    5878.84
Global   40       240041       6001         0.8        0          441      652709     8054       11422.03   6032.44

Total Statistics
Type     Time(s)  Ops          TPS(ops/s)   Net(M/s)   Get_miss   Min(us)  Max(us)    Avg(us)    Std_dev    Geo_dist  
Period   10       59979        5997         0.8        0          470      198962     8063       9408.91    5878.84
Global   40       240041       6001         0.8        0          441      652709     8054       11422.03   6032.44

[1;1H[2J
Get Statistics
Type     Time(s)  Ops          TPS(ops/s)   Net(M/s)   Get_miss   Min(us)  Max(us)    Avg(us)    Std_dev    Geo_dist  
Period   10       60050        6005         0.8        0          473      225887     8052       9038.57    6079.52
Global   50       300091       6001         0.8        0          441      652709     8054       10986.24   6041.83

Total Statistics
Type     Time(s)  Ops          TPS(ops/s)   Net(M/s)   Get_miss   Min(us)  Max(us)    Avg(us)    Std_dev    Geo_dist  
Period   10       60050        6005         0.8        0          473      225887     8052       9038.57    6079.52
Global   50       300091       6001         0.8        0          441      652709     8054       10986.24   6041.83

[1;1H[2J
Get Statistics
Type     Time(s)  Ops          TPS(ops/s)   Net(M/s)   Get_miss   Min(us)  Max(us)    Avg(us)    Std_dev    Geo_dist  
Period   10       56897        5689         0.8        0          518      705726     8489       20202.32   6035.03
Global   60       356988       5949         0.8        0          441      705726     8123       12905.00   6040.75

Total Statistics
Type     Time(s)  Ops          TPS(ops/s)   Net(M/s)   Get_miss   Min(us)  Max(us)    Avg(us)    Std_dev    Geo_dist  
Period   10       56897        5689         0.8        0          518      705726     8489       20202.32   6035.03
Global   60       356988       5949         0.8        0          441      705726     8123       12905.00   6040.75

[1;1H[2J
Get Statistics
Type     Time(s)  Ops          TPS(ops/s)   Net(M/s)   Get_miss   Min(us)  Max(us)    Avg(us)    Std_dev    Geo_dist  
Period   10       61673        6167         0.8        0          396      97371      7824       6143.79    5890.98
Global   70       418661       5980         0.8        0          396      705726     8079       12148.12   6018.45

Total Statistics
Type     Time(s)  Ops          TPS(ops/s)   Net(M/s)   Get_miss   Min(us)  Max(us)    Avg(us)    Std_dev    Geo_dist  
Period   10       61673        6167         0.8        0          396      97371      7824       6143.79    5890.98
Global   70       418661       5980         0.8        0          396      705726     8079       12148.12   6018.45

[1;1H[2J
Get Statistics
Type     Time(s)  Ops          TPS(ops/s)   Net(M/s)   Get_miss   Min(us)  Max(us)    Avg(us)    Std_dev    Geo_dist  
Period   10       57822        5782         0.8        0          562      646242     8396       19242.60   5921.24
Global   80       476483       5956         0.8        0          396      705726     8118       13213.75   6006.57

Total Statistics
Type     Time(s)  Ops          TPS(ops/s)   Net(M/s)   Get_miss   Min(us)  Max(us)    Avg(us)    Std_dev    Geo_dist  
Period   10       57822        5782         0.8        0          562      646242     8396       19242.60   5921.24
Global   80       476483       5956         0.8        0          396      705726     8118       13213.75   6006.57

[1;1H[2J
Get Statistics
Type     Time(s)  Ops          TPS(ops/s)   Net(M/s)   Get_miss   Min(us)  Max(us)    Avg(us)    Std_dev    Geo_dist  
Period   10       57883        5788         0.8        0          499      300831     8359       11640.09   6044.32
Global   90       534366       5937         0.8        0          396      705726     8144       13052.73   6010.65

Total Statistics
Type     Time(s)  Ops          TPS(ops/s)   Net(M/s)   Get_miss   Min(us)  Max(us)    Avg(us)    Std_dev    Geo_dist  
Period   10       57883        5788         0.8        0          499      300831     8359       11640.09   6044.32
Global   90       534366       5937         0.8        0          396      705726     8144       13052.73   6010.65

[1;1H[2J
Get Statistics
Type     Time(s)  Ops          TPS(ops/s)   Net(M/s)   Get_miss   Min(us)  Max(us)    Avg(us)    Std_dev    Geo_dist  
Period   10       60777        6077         0.8        0          616      127213     7957       6871.82    6016.18
Global   100      595143       5951         0.8        0          396      705726     8125       12561.80   6011.21

Total Statistics
Type     Time(s)  Ops          TPS(ops/s)   Net(M/s)   Get_miss   Min(us)  Max(us)    Avg(us)    Std_dev    Geo_dist  
Period   10       60777        6077         0.8        0          616      127213     7957       6871.82    6016.18
Global   100      595143       5951         0.8        0          396      705726     8125       12561.80   6011.21

[1;1H[2J
Get Statistics
Type     Time(s)  Ops          TPS(ops/s)   Net(M/s)   Get_miss   Min(us)  Max(us)    Avg(us)    Std_dev    Geo_dist  
Period   10       58272        5827         0.8        0          515      405435     8301       14080.70   5957.11
Global   110      653415       5940         0.8        0          396      705726     8140       12705.17   6006.37

Total Statistics
Type     Time(s)  Ops          TPS(ops/s)   Net(M/s)   Get_miss   Min(us)  Max(us)    Avg(us)    Std_dev    Geo_dist  
Period   10       58272        5827         0.8        0          515      405435     8301       14080.70   5957.11
Global   110      653415       5940         0.8        0          396      705726     8140       12705.17   6006.37

[1;1H[2J
Get Statistics
Type     Time(s)  Ops          TPS(ops/s)   Net(M/s)   Get_miss   Min(us)  Max(us)    Avg(us)    Std_dev    Geo_dist  
Period   10       62085        6208         0.8        0          574      118175     7791       6581.90    5873.96
Global   120      715500       5962         0.9        0          396      705726     8110       12295.47   5994.76

Total Statistics
Type     Time(s)  Ops          TPS(ops/s)   Net(M/s)   Get_miss   Min(us)  Max(us)    Avg(us)    Std_dev    Geo_dist  
Period   10       62085        6208         0.8        0          574      118175     7791       6581.90    5873.96
Global   120      715500       5962         0.9        0          396      705726     8110       12295.47   5994.76

[1;1H[2J
Get Statistics
Type     Time(s)  Ops          TPS(ops/s)   Net(M/s)   Get_miss   Min(us)  Max(us)    Avg(us)    Std_dev    Geo_dist  
Period   10       61589        6158         0.8        0          589      176140     7849       7787.44    5814.95
Global   130      777089       5977         0.8        0          396      705726     8089       12000.55   5980.31

Total Statistics
Type     Time(s)  Ops          TPS(ops/s)   Net(M/s)   Get_miss   Min(us)  Max(us)    Avg(us)    Std_dev    Geo_dist  
Period   10       61589        6158         0.8        0          589      176140     7849       7787.44    5814.95
Global   130      777089       5977         0.8        0          396      705726     8089       12000.55   5980.31

[1;1H[2J
Get Statistics
Type     Time(s)  Ops          TPS(ops/s)   Net(M/s)   Get_miss   Min(us)  Max(us)    Avg(us)    Std_dev    Geo_dist  
Period   10       59785        5978         0.8        0          587      180286     8092       8392.89    5971.78
Global   140      836874       5977         0.8        0          396      705726     8090       11778.98   5979.70

Total Statistics
Type     Time(s)  Ops          TPS(ops/s)   Net(M/s)   Get_miss   Min(us)  Max(us)    Avg(us)    Std_dev    Geo_dist  
Period   10       59785        5978         0.8        0          587      180286     8092       8392.89    5971.78
Global   140      836874       5977         0.8        0          396      705726     8090       11778.98   5979.70

[1;1H[2J
Get Statistics
Type     Time(s)  Ops          TPS(ops/s)   Net(M/s)   Get_miss   Min(us)  Max(us)    Avg(us)    Std_dev    Geo_dist  
Period   10       60229        6022         0.8        0          461      169057     7935       7119.15    5960.46
Global   150      897103       5980         0.8        0          396      705726     8079       11525.76   5978.41

Total Statistics
Type     Time(s)  Ops          TPS(ops/s)   Net(M/s)   Get_miss   Min(us)  Max(us)    Avg(us)    Std_dev    Geo_dist  
Period   10       60229        6022         0.8        0          461      169057     7935       7119.15    5960.46
Global   150      897103       5980         0.8        0          396      705726     8079       11525.76   5978.41

[1;1H[2J
Get Statistics
Type     Time(s)  Ops          TPS(ops/s)   Net(M/s)   Get_miss   Min(us)  Max(us)    Avg(us)    Std_dev    Geo_dist  
Period   10       58058        5805         0.8        0          423      173152     8433       9949.72    6083.06
Global   160      955161       5969         0.8        0          396      705726     8101       11436.13   5984.72

Total Statistics
Type     Time(s)  Ops          TPS(ops/s)   Net(M/s)   Get_miss   Min(us)  Max(us)    Avg(us)    Std_dev    Geo_dist  
Period   10       58058        5805         0.8        0          423      173152     8433       9949.72    6083.06
Global   160      955161       5969         0.8        0          396      705726     8101       11436.13   5984.72

[1;1H[2J
Get Statistics
Type     Time(s)  Ops          TPS(ops/s)   Net(M/s)   Get_miss   Min(us)  Max(us)    Avg(us)    Std_dev    Geo_dist  
Period   10       54533        5453         0.8        0          499      265442     8867       12776.85   6268.18
Global   170      1009694      5939         0.7        0          396      705726     8142       11514.09   5999.69

Total Statistics
Type     Time(s)  Ops          TPS(ops/s)   Net(M/s)   Get_miss   Min(us)  Max(us)    Avg(us)    Std_dev    Geo_dist  
Period   10       54533        5453         0.8        0          499      265442     8867       12776.85   6268.18
Global   170      1009694      5939         0.7        0          396      705726     8142       11514.09   5999.69

[1;1H[2J
Get Statistics
Type     Time(s)  Ops          TPS(ops/s)   Net(M/s)   Get_miss   Min(us)  Max(us)    Avg(us)    Std_dev    Geo_dist  
Period   10       59983        5998         0.8        0          557      254482     8062       9119.88    6029.89
Global   180      1069677      5942         0.8        0          396      705726     8138       11392.82   6001.38

Total Statistics
Type     Time(s)  Ops          TPS(ops/s)   Net(M/s)   Get_miss   Min(us)  Max(us)    Avg(us)    Std_dev    Geo_dist  
Period   10       59983        5998         0.8        0          557      254482     8062       9119.88    6029.89
Global   180      1069677      5942         0.8        0          396      705726     8138       11392.82   6001.38

[1;1H[2J
Get Statistics
Type     Time(s)  Ops          TPS(ops/s)   Net(M/s)   Get_miss   Min(us)  Max(us)    Avg(us)    Std_dev    Geo_dist  
Period   10       61571        6157         0.8        0          503      70643      7857       5585.70    5956.44
Global   190      1131248      5953         0.8        0          396      705726     8122       11155.52   5998.93

Total Statistics
Type     Time(s)  Ops          TPS(ops/s)   Net(M/s)   Get_miss   Min(us)  Max(us)    Avg(us)    Std_dev    Geo_dist  
Period   10       61571        6157         0.8        0          503      70643      7857       5585.70    5956.44
Global   190      1131248      5953         0.8        0          396      705726     8122       11155.52   5998.93

[1;1H[2J
Get Statistics
Type     Time(s)  Ops          TPS(ops/s)   Net(M/s)   Get_miss   Min(us)  Max(us)    Avg(us)    Std_dev    Geo_dist  
Period   10       57357        5735         0.8        0          459      291396     8417       13605.09   5927.45
Global   200      1188605      5943         0.8        0          396      705726     8137       11285.56   5995.46

Total Statistics
Type     Time(s)  Ops          TPS(ops/s)   Net(M/s)   Get_miss   Min(us)  Max(us)    Avg(us)    Std_dev    Geo_dist  
Period   10       57357        5735         0.8        0          459      291396     8417       13605.09   5927.45
Global   200      1188605      5943         0.8        0          396      705726     8137       11285.56   5995.46

[1;1H[2J
Get Statistics
Type     Time(s)  Ops          TPS(ops/s)   Net(M/s)   Get_miss   Min(us)  Max(us)    Avg(us)    Std_dev    Geo_dist  
Period   10       62016        6201         0.8        0          373      104915     7769       6238.53    5867.85
Global   210      1250621      5955         0.9        0          373      705726     8118       11090.38   5989.07

Total Statistics
Type     Time(s)  Ops          TPS(ops/s)   Net(M/s)   Get_miss   Min(us)  Max(us)    Avg(us)    Std_dev    Geo_dist  
Period   10       62016        6201         0.8        0          373      104915     7769       6238.53    5867.85
Global   210      1250621      5955         0.9        0          373      705726     8118       11090.38   5989.07

[1;1H[2J
Get Statistics
Type     Time(s)  Ops          TPS(ops/s)   Net(M/s)   Get_miss   Min(us)  Max(us)    Avg(us)    Std_dev    Geo_dist  
Period   10       59690        5969         0.8        0          373      207224     8067       8447.42    5885.13
Global   220      1310311      5955         0.8        0          373      705726     8116       10983.58   5984.29

Total Statistics
Type     Time(s)  Ops          TPS(ops/s)   Net(M/s)   Get_miss   Min(us)  Max(us)    Avg(us)    Std_dev    Geo_dist  
Period   10       59690        5969         0.8        0          373      207224     8067       8447.42    5885.13
Global   220      1310311      5955         0.8        0          373      705726     8116       10983.58   5984.29

[1;1H[2J
Get Statistics
Type     Time(s)  Ops          TPS(ops/s)   Net(M/s)   Get_miss   Min(us)  Max(us)    Avg(us)    Std_dev    Geo_dist  
Period   10       50069        5006         0.8        0          497      1396560    9622       43509.22   6166.20
Global   230      1360380      5914         0.7        0          373      1396560    8171       13636.68   5990.89

Total Statistics
Type     Time(s)  Ops          TPS(ops/s)   Net(M/s)   Get_miss   Min(us)  Max(us)    Avg(us)    Std_dev    Geo_dist  
Period   10       50069        5006         0.8        0          497      1396560    9622       43509.22   6166.20
Global   230      1360380      5914         0.7        0          373      1396560    8171       13636.68   5990.89

[1;1H[2J
Get Statistics
Type     Time(s)  Ops          TPS(ops/s)   Net(M/s)   Get_miss   Min(us)  Max(us)    Avg(us)    Std_dev    Geo_dist  
Period   10       55706        5570         0.8        0          501      753976     8652       25331.99   5873.14
Global   240      1416086      5900         0.8        0          373      1396560    8190       14279.16   5986.21

Total Statistics
Type     Time(s)  Ops          TPS(ops/s)   Net(M/s)   Get_miss   Min(us)  Max(us)    Avg(us)    Std_dev    Geo_dist  
Period   10       55707        5570         0.8        0          501      753976     8652       25331.74   5873.01
Global   240      1416087      5900         0.8        0          373      1396560    8190       14279.15   5986.21

[1;1H[2J
Get Statistics
Type     Time(s)  Ops          TPS(ops/s)   Net(M/s)   Get_miss   Min(us)  Max(us)    Avg(us)    Std_dev    Geo_dist  
Period   10       54541        5454         0.8        0          541      176317     8742       9536.59    6426.54
Global   250      1470627      5882         0.7        0          373      1396560    8211       14131.80   6002.02

Total Statistics
Type     Time(s)  Ops          TPS(ops/s)   Net(M/s)   Get_miss   Min(us)  Max(us)    Avg(us)    Std_dev    Geo_dist  
Period   10       54540        5454         0.8        0          541      176317     8742       9536.75    6427.57
Global   250      1470627      5882         0.7        0          373      1396560    8211       14131.80   6002.02

[1;1H[2J
Get Statistics
Type     Time(s)  Ops          TPS(ops/s)   Net(M/s)   Get_miss   Min(us)  Max(us)    Avg(us)    Std_dev    Geo_dist  
Period   10       54553        5455         0.8        0          436      903979     8917       33073.92   5763.53
Global   260      1525180      5866         0.7        0          373      1396560    8236       15222.07   5993.32

Total Statistics
Type     Time(s)  Ops          TPS(ops/s)   Net(M/s)   Get_miss   Min(us)  Max(us)    Avg(us)    Std_dev    Geo_dist  
Period   10       54554        5455         0.8        0          436      903979     8917       33073.60   5763.49
Global   260      1525181      5866         0.7        0          373      1396560    8236       15222.06   5993.32

[1;1H[2J
Get Statistics
Type     Time(s)  Ops          TPS(ops/s)   Net(M/s)   Get_miss   Min(us)  Max(us)    Avg(us)    Std_dev    Geo_dist  
Period   10       61812        6181         0.8        0          592      99070      7791       5926.61    5921.42
Global   270      1586992      5877         0.8        0          373      1396560    8219       14968.52   5990.54

Total Statistics
Type     Time(s)  Ops          TPS(ops/s)   Net(M/s)   Get_miss   Min(us)  Max(us)    Avg(us)    Std_dev    Geo_dist  
Period   10       61811        6181         0.8        0          592      99070      7792       5925.43    5922.25
Global   270      1586992      5877         0.8        0          373      1396560    8219       14968.52   5990.54

[1;1H[2J
Get Statistics
Type     Time(s)  Ops          TPS(ops/s)   Net(M/s)   Get_miss   Min(us)  Max(us)    Avg(us)    Std_dev    Geo_dist  
Period   10       51886        5188         0.8        0          487      586439     8447       18847.64   5940.14
Global   280      1638878      5853         0.7        0          373      1396560    8226       15106.77   5988.94

Total Statistics
Type     Time(s)  Ops          TPS(ops/s)   Net(M/s)   Get_miss   Min(us)  Max(us)    Avg(us)    Std_dev    Geo_dist  
Period   10       51886        5188         0.8        0          487      586439     8447       18847.64   5940.14
Global   280      1638878      5853         0.7        0          373      1396560    8226       15106.77   5988.94

[1;1H[2J
Get Statistics
Type     Time(s)  Ops          TPS(ops/s)   Net(M/s)   Get_miss   Min(us)  Max(us)    Avg(us)    Std_dev    Geo_dist  
Period   10       56157        5615         0.8        0          533      1276678    9354       38831.29   6065.64
Global   290      1695035      5844         0.8        0          373      1396560    8263       16451.62   5991.46

Total Statistics
Type     Time(s)  Ops          TPS(ops/s)   Net(M/s)   Get_miss   Min(us)  Max(us)    Avg(us)    Std_dev    Geo_dist  
Period   10       56157        5615         0.8        0          533      1276678    9354       38831.29   6065.64
Global   290      1695035      5844         0.8        0          373      1396560    8263       16451.62   5991.46

[1;1H[2J
Get Statistics
Type     Time(s)  Ops          TPS(ops/s)   Net(M/s)   Get_miss   Min(us)  Max(us)    Avg(us)    Std_dev    Geo_dist  
Period   10       60881        6088         0.8        0          476      184796     7914       7967.96    5963.25
Global   300      1755916      5853         0.8        0          373      1396560    8251       16231.92   5990.48

Total Statistics
Type     Time(s)  Ops          TPS(ops/s)   Net(M/s)   Get_miss   Min(us)  Max(us)    Avg(us)    Std_dev    Geo_dist  
Period   10       60881        6088         0.8        0          476      184796     7914       7967.96    5963.25
Global   300      1755916      5853         0.8        0          373      1396560    8251       16231.92   5990.48

[1;1H[2J
Get Statistics
Type     Time(s)  Ops          TPS(ops/s)   Net(M/s)   Get_miss   Min(us)  Max(us)    Avg(us)    Std_dev    Geo_dist  
Period   10       57573        5757         0.8        0          479      227151     8362       9992.71    6139.10
Global   310      1813489      5849         0.8        0          373      1396560    8255       16070.88   5995.14

Total Statistics
Type     Time(s)  Ops          TPS(ops/s)   Net(M/s)   Get_miss   Min(us)  Max(us)    Avg(us)    Std_dev    Geo_dist  
Period   10       57573        5757         0.8        0          479      227151     8362       9992.71    6139.10
Global   310      1813489      5849         0.8        0          373      1396560    8255       16070.88   5995.14

[1;1H[2J
Get Statistics
Type     Time(s)  Ops          TPS(ops/s)   Net(M/s)   Get_miss   Min(us)  Max(us)    Avg(us)    Std_dev    Geo_dist  
Period   10       57408        5740         0.8        0          514      349872     8387       14390.46   6052.00
Global   320      1870897      5846         0.8        0          373      1396560    8259       16021.98   5996.88

Total Statistics
Type     Time(s)  Ops          TPS(ops/s)   Net(M/s)   Get_miss   Min(us)  Max(us)    Avg(us)    Std_dev    Geo_dist  
Period   10       57408        5740         0.8        0          514      349872     8387       14390.46   6052.00
Global   320      1870897      5846         0.8        0          373      1396560    8259       16021.98   5996.88

[1;1H[2J
Get Statistics
Type     Time(s)  Ops          TPS(ops/s)   Net(M/s)   Get_miss   Min(us)  Max(us)    Avg(us)    Std_dev    Geo_dist  
Period   10       50152        5015         0.8        0          416      1028831    9614       32403.42   6087.27
Global   330      1921049      5821         0.7        0          373      1396560    8294       16657.31   5999.22

Total Statistics
Type     Time(s)  Ops          TPS(ops/s)   Net(M/s)   Get_miss   Min(us)  Max(us)    Avg(us)    Std_dev    Geo_dist  
Period   10       50153        5015         0.8        0          416      1028831    9614       32403.09   6087.31
Global   330      1921050      5821         0.7        0          373      1396560    8294       16657.30   5999.22

[1;1H[2J
Get Statistics
Type     Time(s)  Ops          TPS(ops/s)   Net(M/s)   Get_miss   Min(us)  Max(us)    Avg(us)    Std_dev    Geo_dist  
Period   10       51123        5112         0.8        0          461      1005980    9419       35443.79   6029.52
Global   340      1972172      5800         0.7        0          373      1396560    8323       17403.23   6000.03

Total Statistics
Type     Time(s)  Ops          TPS(ops/s)   Net(M/s)   Get_miss   Min(us)  Max(us)    Avg(us)    Std_dev    Geo_dist  
Period   10       51122        5112         0.8        0          461      1005980    9419       35444.15   6029.50
Global   340      1972172      5800         0.7        0          373      1396560    8323       17403.23   6000.03

[1;1H[2J
Get Statistics
Type     Time(s)  Ops          TPS(ops/s)   Net(M/s)   Get_miss   Min(us)  Max(us)    Avg(us)    Std_dev    Geo_dist  
Period   10       55875        5587         0.8        0          443      359271     8629       13381.45   6343.04
Global   350      2028047      5794         0.8        0          373      1396560    8332       17304.75   6009.23

Total Statistics
Type     Time(s)  Ops          TPS(ops/s)   Net(M/s)   Get_miss   Min(us)  Max(us)    Avg(us)    Std_dev    Geo_dist  
Period   10       55875        5587         0.8        0          443      359271     8629       13381.45   6343.04
Global   350      2028047      5794         0.8        0          373      1396560    8332       17304.75   6009.23

[1;1H[2J
Get Statistics
Type     Time(s)  Ops          TPS(ops/s)   Net(M/s)   Get_miss   Min(us)  Max(us)    Avg(us)    Std_dev    Geo_dist  
Period   10       60951        6095         0.8        0          525      75494      7906       5407.61    6048.72
Global   360      2088998      5802         0.8        0          373      1396560    8319       17075.86   6010.38

Total Statistics
Type     Time(s)  Ops          TPS(ops/s)   Net(M/s)   Get_miss   Min(us)  Max(us)    Avg(us)    Std_dev    Geo_dist  
Period   10       60951        6095         0.8        0          525      75494      7906       5407.61    6048.72
Global   360      2088998      5802         0.8        0          373      1396560    8319       17075.86   6010.38

Get Statistics (2089046 events)
   Min:       373
   Max:   1396560
   Avg:      8319
   Geo:   6010.39
   Std:  17075.66
   Log2 Dist:
       8:        0       54     9003   288715
      12:   390751   236761   1052605    97213
      16:     7616     3559     1734      504
      20:      435       96

Total Statistics (2089046 events)
   Min:       373
   Max:   1396560
   Avg:      8319
   Geo:   6010.39
   Std:  17075.66
   Log2 Dist:
       8:        0       54     9003   288715
      12:   390751   236761   1052605    97213
      16:     7616     3559     1734      504
      20:      435       96

cmd_get: 2089094
cmd_set: 49152
get_misses: 0
written_bytes: 53823332
read_bytes: 345085806
object_bytes: 7077888

Run time: 362.2s Ops: 2138246 TPS: 5904 Net_rate: 1.1M/s
