servers : 10.0.0.6:11212
threads count: 216
concurrency: 216
run time: 720s
windows size: 1k
set proportion: set_prop=0.00
get proportion: get_prop=1.00
[1;1H[2J
Get Statistics
Type     Time(s)  Ops          TPS(ops/s)   Net(M/s)   Get_miss   Min(us)  Max(us)    Avg(us)    Std_dev    Geo_dist  
Period   10       7547         754          0.1        0          561      1702367    265645     462967.04  31522.52
Global   10       7547         754          0.1        0          561      1702367    265645     462967.04  31522.52

Total Statistics
Type     Time(s)  Ops          TPS(ops/s)   Net(M/s)   Get_miss   Min(us)  Max(us)    Avg(us)    Std_dev    Geo_dist  
Period   10       7547         754          0.1        0          561      1702367    265645     462967.04  31522.52
Global   10       7547         754          0.1        0          561      1702367    265645     462967.04  31522.52

[1;1H[2J
Get Statistics
Type     Time(s)  Ops          TPS(ops/s)   Net(M/s)   Get_miss   Min(us)  Max(us)    Avg(us)    Std_dev    Geo_dist  
Period   10       6145         614          0.1        0          473      1956878    351606     695449.66  18195.42
Global   20       13692        684          0.1        0          473      1956878    304224     580523.97  24632.60

Total Statistics
Type     Time(s)  Ops          TPS(ops/s)   Net(M/s)   Get_miss   Min(us)  Max(us)    Avg(us)    Std_dev    Geo_dist  
Period   10       6145         614          0.1        0          473      1956878    351606     695449.66  18195.42
Global   20       13692        684          0.1        0          473      1956878    304224     580523.97  24632.60

[1;1H[2J
Get Statistics
Type     Time(s)  Ops          TPS(ops/s)   Net(M/s)   Get_miss   Min(us)  Max(us)    Avg(us)    Std_dev    Geo_dist  
Period   10       6369         636          0.1        0          496      1790100    343317     679721.26  17272.61
Global   30       20061        668          0.1        0          473      1956878    316635     614009.53  22007.45

Total Statistics
Type     Time(s)  Ops          TPS(ops/s)   Net(M/s)   Get_miss   Min(us)  Max(us)    Avg(us)    Std_dev    Geo_dist  
Period   10       6369         636          0.1        0          496      1790100    343317     679721.26  17272.61
Global   30       20061        668          0.1        0          473      1956878    316635     614009.53  22007.45

[1;1H[2J
Get Statistics
Type     Time(s)  Ops          TPS(ops/s)   Net(M/s)   Get_miss   Min(us)  Max(us)    Avg(us)    Std_dev    Geo_dist  
Period   10       6053         605          0.1        0          567      1845088    360074     693846.12  18732.20
Global   40       26114        652          0.1        0          473      1956878    326704     633662.76  21200.63

Total Statistics
Type     Time(s)  Ops          TPS(ops/s)   Net(M/s)   Get_miss   Min(us)  Max(us)    Avg(us)    Std_dev    Geo_dist  
Period   10       6053         605          0.1        0          567      1845088    360074     693846.12  18732.20
Global   40       26114        652          0.1        0          473      1956878    326704     633662.76  21200.63

[1;1H[2J
Get Statistics
Type     Time(s)  Ops          TPS(ops/s)   Net(M/s)   Get_miss   Min(us)  Max(us)    Avg(us)    Std_dev    Geo_dist  
Period   10       6100         610          0.1        0          478      1804117    355778     689816.51  17759.04
Global   50       32214        644          0.1        0          473      1956878    332209     644761.21  20501.31

Total Statistics
Type     Time(s)  Ops          TPS(ops/s)   Net(M/s)   Get_miss   Min(us)  Max(us)    Avg(us)    Std_dev    Geo_dist  
Period   10       6100         610          0.1        0          478      1804117    355778     689816.51  17759.04
Global   50       32214        644          0.1        0          473      1956878    332209     644761.21  20501.31

[1;1H[2J
Get Statistics
Type     Time(s)  Ops          TPS(ops/s)   Net(M/s)   Get_miss   Min(us)  Max(us)    Avg(us)    Std_dev    Geo_dist  
Period   10       6262         626          0.1        0          482      1784700    344798     680509.96  16793.40
Global   60       38476        641          0.1        0          473      1956878    334258     650720.60  19846.34

Total Statistics
Type     Time(s)  Ops          TPS(ops/s)   Net(M/s)   Get_miss   Min(us)  Max(us)    Avg(us)    Std_dev    Geo_dist  
Period   10       6262         626          0.1        0          482      1784700    344798     680509.96  16793.40
Global   60       38476        641          0.1        0          473      1956878    334258     650720.60  19846.34

[1;1H[2J
Get Statistics
Type     Time(s)  Ops          TPS(ops/s)   Net(M/s)   Get_miss   Min(us)  Max(us)    Avg(us)    Std_dev    Geo_dist  
Period   10       6662         666          0.1        0          515      1797729    330193     668409.16  17008.02
Global   70       45138        644          0.1        0          473      1956878    333658     653355.51  19399.38

Total Statistics
Type     Time(s)  Ops          TPS(ops/s)   Net(M/s)   Get_miss   Min(us)  Max(us)    Avg(us)    Std_dev    Geo_dist  
Period   10       6662         666          0.1        0          515      1797729    330193     668409.16  17008.02
Global   70       45138        644          0.1        0          473      1956878    333658     653355.51  19399.38

[1;1H[2J
Get Statistics
Type     Time(s)  Ops          TPS(ops/s)   Net(M/s)   Get_miss   Min(us)  Max(us)    Avg(us)    Std_dev    Geo_dist  
Period   10       6131         613          0.1        0          483      1783220    357173     692366.57  18324.99
Global   80       51269        640          0.1        0          473      1956878    336470     658179.62  19267.65

Total Statistics
Type     Time(s)  Ops          TPS(ops/s)   Net(M/s)   Get_miss   Min(us)  Max(us)    Avg(us)    Std_dev    Geo_dist  
Period   10       6131         613          0.1        0          483      1783220    357173     692366.57  18324.99
Global   80       51269        640          0.1        0          473      1956878    336470     658179.62  19267.65

[1;1H[2J
Get Statistics
Type     Time(s)  Ops          TPS(ops/s)   Net(M/s)   Get_miss   Min(us)  Max(us)    Avg(us)    Std_dev    Geo_dist  
Period   10       6143         614          0.1        0          542      1924018    348877     689721.06  18096.02
Global   90       57412        637          0.1        0          473      1956878    337798     661631.02  19138.75

Total Statistics
Type     Time(s)  Ops          TPS(ops/s)   Net(M/s)   Get_miss   Min(us)  Max(us)    Avg(us)    Std_dev    Geo_dist  
Period   10       6143         614          0.1        0          542      1924018    348877     689721.06  18096.02
Global   90       57412        637          0.1        0          473      1956878    337798     661631.02  19138.75

[1;1H[2J
Get Statistics
Type     Time(s)  Ops          TPS(ops/s)   Net(M/s)   Get_miss   Min(us)  Max(us)    Avg(us)    Std_dev    Geo_dist  
Period   10       6203         620          0.1        0          495      1811089    353360     692811.87  17747.17
Global   100      63615        636          0.1        0          473      1956878    339315     664746.40  18998.39

Total Statistics
Type     Time(s)  Ops          TPS(ops/s)   Net(M/s)   Get_miss   Min(us)  Max(us)    Avg(us)    Std_dev    Geo_dist  
Period   10       6203         620          0.1        0          495      1811089    353360     692811.87  17747.17
Global   100      63615        636          0.1        0          473      1956878    339315     664746.40  18998.39

[1;1H[2J
Get Statistics
Type     Time(s)  Ops          TPS(ops/s)   Net(M/s)   Get_miss   Min(us)  Max(us)    Avg(us)    Std_dev    Geo_dist  
Period   10       5574         557          0.1        0          552      1970611    389812     744518.82  19247.18
Global   110      69189        628          0.1        0          473      1970611    343383     671658.90  19018.31

Total Statistics
Type     Time(s)  Ops          TPS(ops/s)   Net(M/s)   Get_miss   Min(us)  Max(us)    Avg(us)    Std_dev    Geo_dist  
Period   10       5574         557          0.1        0          552      1970611    389812     744518.82  19247.18
Global   110      69189        628          0.1        0          473      1970611    343383     671658.90  19018.31

[1;1H[2J
Get Statistics
Type     Time(s)  Ops          TPS(ops/s)   Net(M/s)   Get_miss   Min(us)  Max(us)    Avg(us)    Std_dev    Geo_dist  
Period   10       5474         547          0.1        0          549      3053465    397082     810345.30  18345.62
Global   120      74663        622          0.1        0          473      3053465    347320     682921.62  18968.17

Total Statistics
Type     Time(s)  Ops          TPS(ops/s)   Net(M/s)   Get_miss   Min(us)  Max(us)    Avg(us)    Std_dev    Geo_dist  
Period   10       5474         547          0.1        0          549      3053465    397082     810345.30  18345.62
Global   120      74663        622          0.1        0          473      3053465    347320     682921.62  18968.17

[1;1H[2J
Get Statistics
Type     Time(s)  Ops          TPS(ops/s)   Net(M/s)   Get_miss   Min(us)  Max(us)    Avg(us)    Std_dev    Geo_dist  
Period   10       5990         599          0.1        0          523      1839581    365385     708136.97  18227.56
Global   130      80653        620          0.1        0          473      3053465    348662     684837.95  18912.14

Total Statistics
Type     Time(s)  Ops          TPS(ops/s)   Net(M/s)   Get_miss   Min(us)  Max(us)    Avg(us)    Std_dev    Geo_dist  
Period   10       5990         599          0.1        0          523      1839581    365385     708136.97  18227.56
Global   130      80653        620          0.1        0          473      3053465    348662     684837.95  18912.14

[1;1H[2J
Get Statistics
Type     Time(s)  Ops          TPS(ops/s)   Net(M/s)   Get_miss   Min(us)  Max(us)    Avg(us)    Std_dev    Geo_dist  
Period   10       6137         613          0.1        0          558      1798540    353367     692997.10  18236.81
Global   140      86790        619          0.1        0          473      3053465    348995     685414.96  18863.58

Total Statistics
Type     Time(s)  Ops          TPS(ops/s)   Net(M/s)   Get_miss   Min(us)  Max(us)    Avg(us)    Std_dev    Geo_dist  
Period   10       6137         613          0.1        0          558      1798540    353367     692997.10  18236.81
Global   140      86790        619          0.1        0          473      3053465    348995     685414.96  18863.58

[1;1H[2J
Get Statistics
Type     Time(s)  Ops          TPS(ops/s)   Net(M/s)   Get_miss   Min(us)  Max(us)    Avg(us)    Std_dev    Geo_dist  
Period   10       6069         606          0.1        0          501      1938653    354184     695804.29  17572.47
Global   150      92859        619          0.1        0          473      3053465    349334     686096.26  18776.37

Total Statistics
Type     Time(s)  Ops          TPS(ops/s)   Net(M/s)   Get_miss   Min(us)  Max(us)    Avg(us)    Std_dev    Geo_dist  
Period   10       6069         606          0.1        0          501      1938653    354184     695804.29  17572.47
Global   150      92859        619          0.1        0          473      3053465    349334     686096.26  18776.37

[1;1H[2J
Get Statistics
Type     Time(s)  Ops          TPS(ops/s)   Net(M/s)   Get_miss   Min(us)  Max(us)    Avg(us)    Std_dev    Geo_dist  
Period   10       6121         612          0.1        0          558      1936180    358447     698771.30  18420.82
Global   160      98980        618          0.1        0          473      3053465    349897     686887.08  18754.18

Total Statistics
Type     Time(s)  Ops          TPS(ops/s)   Net(M/s)   Get_miss   Min(us)  Max(us)    Avg(us)    Std_dev    Geo_dist  
Period   10       6121         612          0.1        0          558      1936180    358447     698771.30  18420.82
Global   160      98980        618          0.1        0          473      3053465    349897     686887.08  18754.18

[1;1H[2J
Get Statistics
Type     Time(s)  Ops          TPS(ops/s)   Net(M/s)   Get_miss   Min(us)  Max(us)    Avg(us)    Std_dev    Geo_dist  
Period   10       6107         610          0.1        0          549      1799441    353789     688190.07  18821.50
Global   170      105087       618          0.1        0          473      3053465    350124     686959.78  18758.09

Total Statistics
Type     Time(s)  Ops          TPS(ops/s)   Net(M/s)   Get_miss   Min(us)  Max(us)    Avg(us)    Std_dev    Geo_dist  
Period   10       6107         610          0.1        0          549      1799441    353789     688190.07  18821.50
Global   170      105087       618          0.1        0          473      3053465    350124     686959.78  18758.09

[1;1H[2J
Get Statistics
Type     Time(s)  Ops          TPS(ops/s)   Net(M/s)   Get_miss   Min(us)  Max(us)    Avg(us)    Std_dev    Geo_dist  
Period   10       6150         615          0.1        0          492      1803300    350908     689545.98  17865.57
Global   180      111237       617          0.1        0          473      3053465    350167     687100.11  18707.60

Total Statistics
Type     Time(s)  Ops          TPS(ops/s)   Net(M/s)   Get_miss   Min(us)  Max(us)    Avg(us)    Std_dev    Geo_dist  
Period   10       6150         615          0.1        0          492      1803300    350908     689545.98  17865.57
Global   180      111237       617          0.1        0          473      3053465    350167     687100.11  18707.60

[1;1H[2J
Get Statistics
Type     Time(s)  Ops          TPS(ops/s)   Net(M/s)   Get_miss   Min(us)  Max(us)    Avg(us)    Std_dev    Geo_dist  
Period   10       5924         592          0.1        0          545      1837846    368922     702653.41  18633.23
Global   190      117161       616          0.1        0          473      3053465    351115     687904.34  18703.83

Total Statistics
Type     Time(s)  Ops          TPS(ops/s)   Net(M/s)   Get_miss   Min(us)  Max(us)    Avg(us)    Std_dev    Geo_dist  
Period   10       5924         592          0.1        0          545      1837846    368922     702653.41  18633.23
Global   190      117161       616          0.1        0          473      3053465    351115     687904.34  18703.83

[1;1H[2J
Get Statistics
Type     Time(s)  Ops          TPS(ops/s)   Net(M/s)   Get_miss   Min(us)  Max(us)    Avg(us)    Std_dev    Geo_dist  
Period   10       5814         581          0.1        0          501      1848212    370744     708458.93  19078.78
Global   200      122975       614          0.1        0          473      3053465    352043     688899.58  18721.39

Total Statistics
Type     Time(s)  Ops          TPS(ops/s)   Net(M/s)   Get_miss   Min(us)  Max(us)    Avg(us)    Std_dev    Geo_dist  
Period   10       5814         581          0.1        0          501      1848212    370744     708458.93  19078.78
Global   200      122975       614          0.1        0          473      3053465    352043     688899.58  18721.39

[1;1H[2J
Get Statistics
Type     Time(s)  Ops          TPS(ops/s)   Net(M/s)   Get_miss   Min(us)  Max(us)    Avg(us)    Std_dev    Geo_dist  
Period   10       6186         618          0.1        0          566      1801267    352117     687318.12  18180.26
Global   210      129161       615          0.1        0          473      3053465    352047     688821.03  18695.11

Total Statistics
Type     Time(s)  Ops          TPS(ops/s)   Net(M/s)   Get_miss   Min(us)  Max(us)    Avg(us)    Std_dev    Geo_dist  
Period   10       6186         618          0.1        0          566      1801267    352117     687318.12  18180.26
Global   210      129161       615          0.1        0          473      3053465    352047     688821.03  18695.11

[1;1H[2J
Get Statistics
Type     Time(s)  Ops          TPS(ops/s)   Net(M/s)   Get_miss   Min(us)  Max(us)    Avg(us)    Std_dev    Geo_dist  
Period   10       6078         607          0.1        0          524      2102390    356402     705883.50  18114.92
Global   220      135239       614          0.1        0          473      3053465    352243     689594.71  18668.64

Total Statistics
Type     Time(s)  Ops          TPS(ops/s)   Net(M/s)   Get_miss   Min(us)  Max(us)    Avg(us)    Std_dev    Geo_dist  
Period   10       6078         607          0.1        0          524      2102390    356402     705883.50  18114.92
Global   220      135239       614          0.1        0          473      3053465    352243     689594.71  18668.64

[1;1H[2J
Get Statistics
Type     Time(s)  Ops          TPS(ops/s)   Net(M/s)   Get_miss   Min(us)  Max(us)    Avg(us)    Std_dev    Geo_dist  
Period   10       6064         606          0.1        0          535      1804774    356788     692682.80  18868.88
Global   230      141303       614          0.1        0          473      3053465    352438     689725.70  18677.19

Total Statistics
Type     Time(s)  Ops          TPS(ops/s)   Net(M/s)   Get_miss   Min(us)  Max(us)    Avg(us)    Std_dev    Geo_dist  
Period   10       6064         606          0.1        0          535      1804774    356788     692682.80  18868.88
Global   230      141303       614          0.1        0          473      3053465    352438     689725.70  18677.19

[1;1H[2J
Get Statistics
Type     Time(s)  Ops          TPS(ops/s)   Net(M/s)   Get_miss   Min(us)  Max(us)    Avg(us)    Std_dev    Geo_dist  
Period   10       6142         614          0.1        0          518      1883267    354021     694463.98  18569.61
Global   240      147445       614          0.1        0          473      3053465    352504     689921.40  18672.70

Total Statistics
Type     Time(s)  Ops          TPS(ops/s)   Net(M/s)   Get_miss   Min(us)  Max(us)    Avg(us)    Std_dev    Geo_dist  
Period   10       6142         614          0.1        0          518      1883267    354021     694463.98  18569.61
Global   240      147445       614          0.1        0          473      3053465    352504     689921.40  18672.70

[1;1H[2J
Get Statistics
Type     Time(s)  Ops          TPS(ops/s)   Net(M/s)   Get_miss   Min(us)  Max(us)    Avg(us)    Std_dev    Geo_dist  
Period   10       6176         617          0.1        0          542      1797972    351164     688022.54  18150.52
Global   250      153621       614          0.1        0          473      3053465    352450     689843.04  18651.42

Total Statistics
Type     Time(s)  Ops          TPS(ops/s)   Net(M/s)   Get_miss   Min(us)  Max(us)    Avg(us)    Std_dev    Geo_dist  
Period   10       6176         617          0.1        0          542      1797972    351164     688022.54  18150.52
Global   250      153621       614          0.1        0          473      3053465    352450     689843.04  18651.42

[1;1H[2J
Get Statistics
Type     Time(s)  Ops          TPS(ops/s)   Net(M/s)   Get_miss   Min(us)  Max(us)    Avg(us)    Std_dev    Geo_dist  
Period   10       5997         599          0.1        0          512      1780233    361850     693686.79  19501.17
Global   260      159618       613          0.1        0          473      3053465    352803     689988.06  18682.66

Total Statistics
Type     Time(s)  Ops          TPS(ops/s)   Net(M/s)   Get_miss   Min(us)  Max(us)    Avg(us)    Std_dev    Geo_dist  
Period   10       5997         599          0.1        0          512      1780233    361850     693686.79  19501.17
Global   260      159618       613          0.1        0          473      3053465    352803     689988.06  18682.66

[1;1H[2J
Get Statistics
Type     Time(s)  Ops          TPS(ops/s)   Net(M/s)   Get_miss   Min(us)  Max(us)    Avg(us)    Std_dev    Geo_dist  
Period   10       6233         623          0.1        0          549      1758828    347375     678515.35  17741.43
Global   270      165851       614          0.1        0          473      3053465    352599     689559.11  18646.40

Total Statistics
Type     Time(s)  Ops          TPS(ops/s)   Net(M/s)   Get_miss   Min(us)  Max(us)    Avg(us)    Std_dev    Geo_dist  
Period   10       6233         623          0.1        0          549      1758828    347375     678515.35  17741.43
Global   270      165851       614          0.1        0          473      3053465    352599     689559.11  18646.40

[1;1H[2J
Get Statistics
Type     Time(s)  Ops          TPS(ops/s)   Net(M/s)   Get_miss   Min(us)  Max(us)    Avg(us)    Std_dev    Geo_dist  
Period   10       6199         619          0.1        0          436      1815876    352186     690734.85  17913.02
Global   280      172050       614          0.1        0          436      3053465    352584     689599.56  18619.47

Total Statistics
Type     Time(s)  Ops          TPS(ops/s)   Net(M/s)   Get_miss   Min(us)  Max(us)    Avg(us)    Std_dev    Geo_dist  
Period   10       6199         619          0.1        0          436      1815876    352186     690734.85  17913.02
Global   280      172050       614          0.1        0          436      3053465    352584     689599.56  18619.47

[1;1H[2J
Get Statistics
Type     Time(s)  Ops          TPS(ops/s)   Net(M/s)   Get_miss   Min(us)  Max(us)    Avg(us)    Std_dev    Geo_dist  
Period   10       6096         609          0.1        0          506      1913599    354138     696720.29  18210.18
Global   290      178146       614          0.1        0          436      3053465    352637     689842.61  18605.31

Total Statistics
Type     Time(s)  Ops          TPS(ops/s)   Net(M/s)   Get_miss   Min(us)  Max(us)    Avg(us)    Std_dev    Geo_dist  
Period   10       6096         609          0.1        0          506      1913599    354138     696720.29  18210.18
Global   290      178146       614          0.1        0          436      3053465    352637     689842.61  18605.31

[1;1H[2J
Get Statistics
Type     Time(s)  Ops          TPS(ops/s)   Net(M/s)   Get_miss   Min(us)  Max(us)    Avg(us)    Std_dev    Geo_dist  
Period   10       5995         599          0.1        0          530      1791364    360402     697106.18  17773.28
Global   300      184141       613          0.1        0          436      3053465    352890     690079.66  18577.62

Total Statistics
Type     Time(s)  Ops          TPS(ops/s)   Net(M/s)   Get_miss   Min(us)  Max(us)    Avg(us)    Std_dev    Geo_dist  
Period   10       5995         599          0.1        0          530      1791364    360402     697106.18  17773.28
Global   300      184141       613          0.1        0          436      3053465    352890     690079.66  18577.62

[1;1H[2J
Get Statistics
Type     Time(s)  Ops          TPS(ops/s)   Net(M/s)   Get_miss   Min(us)  Max(us)    Avg(us)    Std_dev    Geo_dist  
Period   10       6097         609          0.1        0          502      1833072    357113     693797.16  17945.12
Global   310      190238       613          0.1        0          436      3053465    353025     690197.86  18557.00

Total Statistics
Type     Time(s)  Ops          TPS(ops/s)   Net(M/s)   Get_miss   Min(us)  Max(us)    Avg(us)    Std_dev    Geo_dist  
Period   10       6097         609          0.1        0          502      1833072    357113     693797.16  17945.12
Global   310      190238       613          0.1        0          436      3053465    353025     690197.86  18557.00

[1;1H[2J
Get Statistics
Type     Time(s)  Ops          TPS(ops/s)   Net(M/s)   Get_miss   Min(us)  Max(us)    Avg(us)    Std_dev    Geo_dist  
Period   10       6121         612          0.1        0          487      1788190    352279     689022.37  18101.06
Global   320      196359       613          0.1        0          436      3053465    353002     690159.37  18542.62

Total Statistics
Type     Time(s)  Ops          TPS(ops/s)   Net(M/s)   Get_miss   Min(us)  Max(us)    Avg(us)    Std_dev    Geo_dist  
Period   10       6121         612          0.1        0          487      1788190    352279     689022.37  18101.06
Global   320      196359       613          0.1        0          436      3053465    353002     690159.37  18542.62

[1;1H[2J
Get Statistics
Type     Time(s)  Ops          TPS(ops/s)   Net(M/s)   Get_miss   Min(us)  Max(us)    Avg(us)    Std_dev    Geo_dist  
Period   10       5976         597          0.1        0          488      1865394    364308     705934.76  17800.24
Global   330      202335       613          0.1        0          436      3053465    353336     690631.30  18520.26

Total Statistics
Type     Time(s)  Ops          TPS(ops/s)   Net(M/s)   Get_miss   Min(us)  Max(us)    Avg(us)    Std_dev    Geo_dist  
Period   10       5976         597          0.1        0          488      1865394    364308     705934.76  17800.24
Global   330      202335       613          0.1        0          436      3053465    353336     690631.30  18520.26

[1;1H[2J
Get Statistics
Type     Time(s)  Ops          TPS(ops/s)   Net(M/s)   Get_miss   Min(us)  Max(us)    Avg(us)    Std_dev    Geo_dist  
Period   10       4125         412          0.1        0          501      3588765    528721     1081283.99 23333.54
Global   340      206460       607          0.1        0          436      3588765    356840     700998.13  18605.94

Total Statistics
Type     Time(s)  Ops          TPS(ops/s)   Net(M/s)   Get_miss   Min(us)  Max(us)    Avg(us)    Std_dev    Geo_dist  
Period   10       4125         412          0.1        0          501      3588765    528721     1081283.99 23333.54
Global   340      206460       607          0.1        0          436      3588765    356840     700998.13  18605.94

[1;1H[2J
Get Statistics
Type     Time(s)  Ops          TPS(ops/s)   Net(M/s)   Get_miss   Min(us)  Max(us)    Avg(us)    Std_dev    Geo_dist  
Period   10       6156         615          0.1        0          466      1788841    349201     688014.12  17560.30
Global   350      212616       607          0.1        0          436      3588765    356619     700625.07  18574.81

Total Statistics
Type     Time(s)  Ops          TPS(ops/s)   Net(M/s)   Get_miss   Min(us)  Max(us)    Avg(us)    Std_dev    Geo_dist  
Period   10       6156         615          0.1        0          466      1788841    349201     688014.12  17560.30
Global   350      212616       607          0.1        0          436      3588765    356619     700625.07  18574.81

[1;1H[2J
Get Statistics
Type     Time(s)  Ops          TPS(ops/s)   Net(M/s)   Get_miss   Min(us)  Max(us)    Avg(us)    Std_dev    Geo_dist  
Period   10       6302         630          0.1        0          516      1838881    345518     689444.86  17496.30
Global   360      218918       608          0.1        0          436      3588765    356299     700306.85  18542.85

Total Statistics
Type     Time(s)  Ops          TPS(ops/s)   Net(M/s)   Get_miss   Min(us)  Max(us)    Avg(us)    Std_dev    Geo_dist  
Period   10       6302         630          0.1        0          516      1838881    345518     689444.86  17496.30
Global   360      218918       608          0.1        0          436      3588765    356299     700306.85  18542.85

[1;1H[2J
Get Statistics
Type     Time(s)  Ops          TPS(ops/s)   Net(M/s)   Get_miss   Min(us)  Max(us)    Avg(us)    Std_dev    Geo_dist  
Period   10       5724         572          0.1        0          485      2489423    378174     751838.91  18700.62
Global   370      224642       607          0.1        0          436      3588765    356857     701673.27  18546.85

Total Statistics
Type     Time(s)  Ops          TPS(ops/s)   Net(M/s)   Get_miss   Min(us)  Max(us)    Avg(us)    Std_dev    Geo_dist  
Period   10       5724         572          0.1        0          485      2489423    378174     751838.91  18700.62
Global   370      224642       607          0.1        0          436      3588765    356857     701673.27  18546.85

[1;1H[2J
Get Statistics
Type     Time(s)  Ops          TPS(ops/s)   Net(M/s)   Get_miss   Min(us)  Max(us)    Avg(us)    Std_dev    Geo_dist  
Period   10       6320         632          0.1        0          551      1853260    345688     685093.11  18599.00
Global   380      230962       607          0.1        0          436      3588765    356551     701225.90  18548.28

Total Statistics
Type     Time(s)  Ops          TPS(ops/s)   Net(M/s)   Get_miss   Min(us)  Max(us)    Avg(us)    Std_dev    Geo_dist  
Period   10       6320         632          0.1        0          551      1853260    345688     685093.11  18599.00
Global   380      230962       607          0.1        0          436      3588765    356551     701225.90  18548.28

[1;1H[2J
Get Statistics
Type     Time(s)  Ops          TPS(ops/s)   Net(M/s)   Get_miss   Min(us)  Max(us)    Avg(us)    Std_dev    Geo_dist  
Period   10       6060         606          0.1        0          513      2032604    353475     694508.64  18138.41
Global   390      237022       607          0.1        0          436      3588765    356472     701053.85  18537.68

Total Statistics
Type     Time(s)  Ops          TPS(ops/s)   Net(M/s)   Get_miss   Min(us)  Max(us)    Avg(us)    Std_dev    Geo_dist  
Period   10       6060         606          0.1        0          513      2032604    353475     694508.64  18138.41
Global   390      237022       607          0.1        0          436      3588765    356472     701053.85  18537.68

[1;1H[2J
Get Statistics
Type     Time(s)  Ops          TPS(ops/s)   Net(M/s)   Get_miss   Min(us)  Max(us)    Avg(us)    Std_dev    Geo_dist  
Period   10       6384         638          0.1        0          470      2004511    345070     690296.12  17758.53
Global   400      243406       608          0.1        0          436      3588765    356173     700774.76  18516.82

Total Statistics
Type     Time(s)  Ops          TPS(ops/s)   Net(M/s)   Get_miss   Min(us)  Max(us)    Avg(us)    Std_dev    Geo_dist  
Period   10       6384         638          0.1        0          470      2004511    345070     690296.12  17758.53
Global   400      243406       608          0.1        0          436      3588765    356173     700774.76  18516.82

[1;1H[2J
Get Statistics
Type     Time(s)  Ops          TPS(ops/s)   Net(M/s)   Get_miss   Min(us)  Max(us)    Avg(us)    Std_dev    Geo_dist  
Period   10       5935         593          0.1        0          517      1837398    368308     707803.33  19391.91
Global   410      249341       608          0.1        0          436      3588765    356462     700943.81  18537.18

Total Statistics
Type     Time(s)  Ops          TPS(ops/s)   Net(M/s)   Get_miss   Min(us)  Max(us)    Avg(us)    Std_dev    Geo_dist  
Period   10       5935         593          0.1        0          517      1837398    368308     707803.33  19391.91
Global   410      249341       608          0.1        0          436      3588765    356462     700943.81  18537.18

[1;1H[2J
Get Statistics
Type     Time(s)  Ops          TPS(ops/s)   Net(M/s)   Get_miss   Min(us)  Max(us)    Avg(us)    Std_dev    Geo_dist  
Period   10       6202         620          0.1        0          521      1851789    347866     689582.56  18077.02
Global   420      255543       608          0.1        0          436      3588765    356254     700669.85  18525.88

Total Statistics
Type     Time(s)  Ops          TPS(ops/s)   Net(M/s)   Get_miss   Min(us)  Max(us)    Avg(us)    Std_dev    Geo_dist  
Period   10       6202         620          0.1        0          521      1851789    347866     689582.56  18077.02
Global   420      255543       608          0.1        0          436      3588765    356254     700669.85  18525.88

[1;1H[2J
Get Statistics
Type     Time(s)  Ops          TPS(ops/s)   Net(M/s)   Get_miss   Min(us)  Max(us)    Avg(us)    Std_dev    Geo_dist  
Period   10       6592         659          0.1        0          510      1816046    331145     668843.49  17148.34
Global   430      262135       609          0.1        0          436      3588765    355622     699897.36  18489.91

Total Statistics
Type     Time(s)  Ops          TPS(ops/s)   Net(M/s)   Get_miss   Min(us)  Max(us)    Avg(us)    Std_dev    Geo_dist  
Period   10       6592         659          0.1        0          510      1816046    331145     668843.49  17148.34
Global   430      262135       609          0.1        0          436      3588765    355622     699897.36  18489.91

[1;1H[2J
Get Statistics
Type     Time(s)  Ops          TPS(ops/s)   Net(M/s)   Get_miss   Min(us)  Max(us)    Avg(us)    Std_dev    Geo_dist  
Period   10       6242         624          0.1        0          517      1822805    351336     688480.46  18124.89
Global   440      268377       609          0.1        0          436      3588765    355523     699632.62  18481.34

Total Statistics
Type     Time(s)  Ops          TPS(ops/s)   Net(M/s)   Get_miss   Min(us)  Max(us)    Avg(us)    Std_dev    Geo_dist  
Period   10       6242         624          0.1        0          517      1822805    351336     688480.46  18124.89
Global   440      268377       609          0.1        0          436      3588765    355523     699632.62  18481.34

[1;1H[2J
Get Statistics
Type     Time(s)  Ops          TPS(ops/s)   Net(M/s)   Get_miss   Min(us)  Max(us)    Avg(us)    Std_dev    Geo_dist  
Period   10       5503         550          0.1        0          511      3184029    392639     812285.76  17995.87
Global   450      273880       608          0.1        0          436      3588765    356268     702092.10  18471.46

Total Statistics
Type     Time(s)  Ops          TPS(ops/s)   Net(M/s)   Get_miss   Min(us)  Max(us)    Avg(us)    Std_dev    Geo_dist  
Period   10       5503         550          0.1        0          511      3184029    392639     812285.76  17995.87
Global   450      273880       608          0.1        0          436      3588765    356268     702092.10  18471.46

[1;1H[2J
Get Statistics
Type     Time(s)  Ops          TPS(ops/s)   Net(M/s)   Get_miss   Min(us)  Max(us)    Avg(us)    Std_dev    Geo_dist  
Period   10       6061         606          0.1        0          495      1932771    361322     699135.12  17450.48
Global   460      279941       608          0.1        0          436      3588765    356378     702027.06  18448.73

Total Statistics
Type     Time(s)  Ops          TPS(ops/s)   Net(M/s)   Get_miss   Min(us)  Max(us)    Avg(us)    Std_dev    Geo_dist  
Period   10       6061         606          0.1        0          495      1932771    361322     699135.12  17450.48
Global   460      279941       608          0.1        0          436      3588765    356378     702027.06  18448.73

[1;1H[2J
Get Statistics
Type     Time(s)  Ops          TPS(ops/s)   Net(M/s)   Get_miss   Min(us)  Max(us)    Avg(us)    Std_dev    Geo_dist  
Period   10       5458         545          0.1        0          508      1935529    398263     734208.17  20269.93
Global   470      285399       607          0.1        0          436      3588765    357179     702678.40  18481.98

Total Statistics
Type     Time(s)  Ops          TPS(ops/s)   Net(M/s)   Get_miss   Min(us)  Max(us)    Avg(us)    Std_dev    Geo_dist  
Period   10       5458         545          0.1        0          508      1935529    398263     734208.17  20269.93
Global   470      285399       607          0.1        0          436      3588765    357179     702678.40  18481.98

[1;1H[2J
Get Statistics
Type     Time(s)  Ops          TPS(ops/s)   Net(M/s)   Get_miss   Min(us)  Max(us)    Avg(us)    Std_dev    Geo_dist  
Period   10       5369         536          0.1        0          554      3090545    402810     814709.65  18930.18
Global   480      290768       605          0.1        0          436      3588765    358021     704933.86  18490.16

Total Statistics
Type     Time(s)  Ops          TPS(ops/s)   Net(M/s)   Get_miss   Min(us)  Max(us)    Avg(us)    Std_dev    Geo_dist  
Period   10       5369         536          0.1        0          554      3090545    402810     814709.65  18930.18
Global   480      290768       605          0.1        0          436      3588765    358021     704933.86  18490.16

[1;1H[2J
Get Statistics
Type     Time(s)  Ops          TPS(ops/s)   Net(M/s)   Get_miss   Min(us)  Max(us)    Avg(us)    Std_dev    Geo_dist  
Period   10       6165         616          0.1        0          518      1804679    356463     691363.59  18237.06
Global   490      296933       605          0.1        0          436      3588765    357989     704653.48  18484.87

Total Statistics
Type     Time(s)  Ops          TPS(ops/s)   Net(M/s)   Get_miss   Min(us)  Max(us)    Avg(us)    Std_dev    Geo_dist  
Period   10       6165         616          0.1        0          518      1804679    356463     691363.59  18237.06
Global   490      296933       605          0.1        0          436      3588765    357989     704653.48  18484.87

[1;1H[2J
Get Statistics
Type     Time(s)  Ops          TPS(ops/s)   Net(M/s)   Get_miss   Min(us)  Max(us)    Avg(us)    Std_dev    Geo_dist  
Period   10       6285         628          0.1        0          480      1867286    348456     690065.99  17459.71
Global   500      303218       606          0.1        0          436      3588765    357791     704354.58  18463.02

Total Statistics
Type     Time(s)  Ops          TPS(ops/s)   Net(M/s)   Get_miss   Min(us)  Max(us)    Avg(us)    Std_dev    Geo_dist  
Period   10       6285         628          0.1        0          480      1867286    348456     690065.99  17459.71
Global   500      303218       606          0.1        0          436      3588765    357791     704354.58  18463.02

[1;1H[2J
Get Statistics
Type     Time(s)  Ops          TPS(ops/s)   Net(M/s)   Get_miss   Min(us)  Max(us)    Avg(us)    Std_dev    Geo_dist  
Period   10       6399         639          0.1        0          544      1776467    336845     675782.13  17204.59
Global   510      309617       607          0.1        0          436      3588765    357358     703781.11  18436.10

Total Statistics
Type     Time(s)  Ops          TPS(ops/s)   Net(M/s)   Get_miss   Min(us)  Max(us)    Avg(us)    Std_dev    Geo_dist  
Period   10       6399         639          0.1        0          544      1776467    336845     675782.13  17204.59
Global   510      309617       607          0.1        0          436      3588765    357358     703781.11  18436.10

[1;1H[2J
Get Statistics
Type     Time(s)  Ops          TPS(ops/s)   Net(M/s)   Get_miss   Min(us)  Max(us)    Avg(us)    Std_dev    Geo_dist  
Period   10       6346         634          0.1        0          494      1835218    343773     683506.57  17962.14
Global   520      315963       607          0.1        0          436      3588765    357086     703380.75  18426.46

Total Statistics
Type     Time(s)  Ops          TPS(ops/s)   Net(M/s)   Get_miss   Min(us)  Max(us)    Avg(us)    Std_dev    Geo_dist  
Period   10       6346         634          0.1        0          494      1835218    343773     683506.57  17962.14
Global   520      315963       607          0.1        0          436      3588765    357086     703380.75  18426.46

[1;1H[2J
Get Statistics
Type     Time(s)  Ops          TPS(ops/s)   Net(M/s)   Get_miss   Min(us)  Max(us)    Avg(us)    Std_dev    Geo_dist  
Period   10       6208         620          0.1        0          457      1832917    351734     695474.73  17598.14
Global   530      322171       607          0.1        0          436      3588765    356982     703229.01  18410.14

Total Statistics
Type     Time(s)  Ops          TPS(ops/s)   Net(M/s)   Get_miss   Min(us)  Max(us)    Avg(us)    Std_dev    Geo_dist  
Period   10       6208         620          0.1        0          457      1832917    351734     695474.73  17598.14
Global   530      322171       607          0.1        0          436      3588765    356982     703229.01  18410.14

[1;1H[2J
Get Statistics
Type     Time(s)  Ops          TPS(ops/s)   Net(M/s)   Get_miss   Min(us)  Max(us)    Avg(us)    Std_dev    Geo_dist  
Period   10       6147         614          0.1        0          524      1809884    351224     689674.33  17611.14
Global   540      328318       607          0.1        0          436      3588765    356875     702976.62  18394.85

Total Statistics
Type     Time(s)  Ops          TPS(ops/s)   Net(M/s)   Get_miss   Min(us)  Max(us)    Avg(us)    Std_dev    Geo_dist  
Period   10       6147         614          0.1        0          524      1809884    351224     689674.33  17611.14
Global   540      328318       607          0.1        0          436      3588765    356875     702976.62  18394.85

[1;1H[2J
Get Statistics
Type     Time(s)  Ops          TPS(ops/s)   Net(M/s)   Get_miss   Min(us)  Max(us)    Avg(us)    Std_dev    Geo_dist  
Period   10       6837         683          0.1        0          503      1807057    318972     653054.70  17145.73
Global   550      335155       609          0.1        0          436      3588765    356101     702013.66  18368.48

Total Statistics
Type     Time(s)  Ops          TPS(ops/s)   Net(M/s)   Get_miss   Min(us)  Max(us)    Avg(us)    Std_dev    Geo_dist  
Period   10       6837         683          0.1        0          503      1807057    318972     653054.70  17145.73
Global   550      335155       609          0.1        0          436      3588765    356101     702013.66  18368.48

[1;1H[2J
Get Statistics
Type     Time(s)  Ops          TPS(ops/s)   Net(M/s)   Get_miss   Min(us)  Max(us)    Avg(us)    Std_dev    Geo_dist  
Period   10       6173         617          0.1        0          533      1785596    355446     686345.88  19010.91
Global   560      341328       609          0.1        0          436      3588765    356090     701732.00  18379.90

Total Statistics
Type     Time(s)  Ops          TPS(ops/s)   Net(M/s)   Get_miss   Min(us)  Max(us)    Avg(us)    Std_dev    Geo_dist  
Period   10       6173         617          0.1        0          533      1785596    355446     686345.88  19010.91
Global   560      341328       609          0.1        0          436      3588765    356090     701732.00  18379.90

[1;1H[2J
Get Statistics
Type     Time(s)  Ops          TPS(ops/s)   Net(M/s)   Get_miss   Min(us)  Max(us)    Avg(us)    Std_dev    Geo_dist  
Period   10       6381         638          0.1        0          594      1756167    340486     673188.48  17801.12
Global   570      347709       610          0.1        0          436      3588765    355803     701221.17  18369.11

Total Statistics
Type     Time(s)  Ops          TPS(ops/s)   Net(M/s)   Get_miss   Min(us)  Max(us)    Avg(us)    Std_dev    Geo_dist  
Period   10       6381         638          0.1        0          594      1756167    340486     673188.48  17801.12
Global   570      347709       610          0.1        0          436      3588765    355803     701221.17  18369.11

[1;1H[2J
Get Statistics
Type     Time(s)  Ops          TPS(ops/s)   Net(M/s)   Get_miss   Min(us)  Max(us)    Avg(us)    Std_dev    Geo_dist  
Period   10       6094         609          0.1        0          548      1771146    354863     681898.91  18331.88
Global   580      353803       610          0.1        0          436      3588765    355787     700891.84  18368.47

Total Statistics
Type     Time(s)  Ops          TPS(ops/s)   Net(M/s)   Get_miss   Min(us)  Max(us)    Avg(us)    Std_dev    Geo_dist  
Period   10       6094         609          0.1        0          548      1771146    354863     681898.91  18331.88
Global   580      353803       610          0.1        0          436      3588765    355787     700891.84  18368.47

[1;1H[2J
Get Statistics
Type     Time(s)  Ops          TPS(ops/s)   Net(M/s)   Get_miss   Min(us)  Max(us)    Avg(us)    Std_dev    Geo_dist  
Period   10       6341         634          0.1        0          521      1768654    344334     680361.12  17322.07
Global   590      360144       610          0.1        0          436      3588765    355585     700536.44  18349.51

Total Statistics
Type     Time(s)  Ops          TPS(ops/s)   Net(M/s)   Get_miss   Min(us)  Max(us)    Avg(us)    Std_dev    Geo_dist  
Period   10       6341         634          0.1        0          521      1768654    344334     680361.12  17322.07
Global   590      360144       610          0.1        0          436      3588765    355585     700536.44  18349.51

[1;1H[2J
Get Statistics
Type     Time(s)  Ops          TPS(ops/s)   Net(M/s)   Get_miss   Min(us)  Max(us)    Avg(us)    Std_dev    Geo_dist  
Period   10       6333         633          0.1        0          537      1774341    345464     681012.03  17933.45
Global   600      366477       610          0.1        0          436      3588765    355410     700204.06  18342.24

Total Statistics
Type     Time(s)  Ops          TPS(ops/s)   Net(M/s)   Get_miss   Min(us)  Max(us)    Avg(us)    Std_dev    Geo_dist  
Period   10       6333         633          0.1        0          537      1774341    345464     681012.03  17933.45
Global   600      366477       610          0.1        0          436      3588765    355410     700204.06  18342.24

[1;1H[2J
Get Statistics
Type     Time(s)  Ops          TPS(ops/s)   Net(M/s)   Get_miss   Min(us)  Max(us)    Avg(us)    Std_dev    Geo_dist  
Period   10       6345         634          0.1        0          523      1886396    342575     684186.29  18081.08
Global   610      372822       611          0.1        0          436      3588765    355192     699935.37  18337.77

Total Statistics
Type     Time(s)  Ops          TPS(ops/s)   Net(M/s)   Get_miss   Min(us)  Max(us)    Avg(us)    Std_dev    Geo_dist  
Period   10       6345         634          0.1        0          523      1886396    342575     684186.29  18081.08
Global   610      372822       611          0.1        0          436      3588765    355192     699935.37  18337.77

[1;1H[2J
Get Statistics
Type     Time(s)  Ops          TPS(ops/s)   Net(M/s)   Get_miss   Min(us)  Max(us)    Avg(us)    Std_dev    Geo_dist  
Period   10       6005         600          0.1        0          445      2114125    348964     687209.27  18447.94
Global   620      378827       611          0.1        0          436      3588765    355093     699735.13  18339.51

Total Statistics
Type     Time(s)  Ops          TPS(ops/s)   Net(M/s)   Get_miss   Min(us)  Max(us)    Avg(us)    Std_dev    Geo_dist  
Period   10       6005         600          0.1        0          445      2114125    348964     687209.27  18447.94
Global   620      378827       611          0.1        0          436      3588765    355093     699735.13  18339.51

[1;1H[2J
Get Statistics
Type     Time(s)  Ops          TPS(ops/s)   Net(M/s)   Get_miss   Min(us)  Max(us)    Avg(us)    Std_dev    Geo_dist  
Period   10       6162         616          0.1        0          530      2189510    367813     713888.86  19384.42
Global   630      384989       611          0.1        0          436      3588765    355297     699964.59  18355.78

Total Statistics
Type     Time(s)  Ops          TPS(ops/s)   Net(M/s)   Get_miss   Min(us)  Max(us)    Avg(us)    Std_dev    Geo_dist  
Period   10       6162         616          0.1        0          530      2189510    367813     713888.86  19384.42
Global   630      384989       611          0.1        0          436      3588765    355297     699964.59  18355.78

[1;1H[2J
Get Statistics
Type     Time(s)  Ops          TPS(ops/s)   Net(M/s)   Get_miss   Min(us)  Max(us)    Avg(us)    Std_dev    Geo_dist  
Period   10       6477         647          0.1        0          526      1810406    335513     673242.21  17399.41
Global   640      391466       611          0.1        0          436      3588765    354970     699534.31  18339.54

Total Statistics
Type     Time(s)  Ops          TPS(ops/s)   Net(M/s)   Get_miss   Min(us)  Max(us)    Avg(us)    Std_dev    Geo_dist  
Period   10       6477         647          0.1        0          526      1810406    335513     673242.21  17399.41
Global   640      391466       611          0.1        0          436      3588765    354970     699534.31  18339.54

[1;1H[2J
Get Statistics
Type     Time(s)  Ops          TPS(ops/s)   Net(M/s)   Get_miss   Min(us)  Max(us)    Avg(us)    Std_dev    Geo_dist  
Period   10       5944         594          0.1        0          524      1826089    360178     698850.82  17848.87
Global   650      397410       611          0.1        0          436      3588765    355047     699523.95  18332.10

Total Statistics
Type     Time(s)  Ops          TPS(ops/s)   Net(M/s)   Get_miss   Min(us)  Max(us)    Avg(us)    Std_dev    Geo_dist  
Period   10       5944         594          0.1        0          524      1826089    360178     698850.82  17848.87
Global   650      397410       611          0.1        0          436      3588765    355047     699523.95  18332.10

[1;1H[2J
Get Statistics
Type     Time(s)  Ops          TPS(ops/s)   Net(M/s)   Get_miss   Min(us)  Max(us)    Avg(us)    Std_dev    Geo_dist  
Period   10       6182         618          0.1        0          542      1931922    355483     702278.21  17399.16
Global   660      403592       611          0.1        0          436      3588765    355054     699565.19  18317.44

Total Statistics
Type     Time(s)  Ops          TPS(ops/s)   Net(M/s)   Get_miss   Min(us)  Max(us)    Avg(us)    Std_dev    Geo_dist  
Period   10       6182         618          0.1        0          542      1931922    355483     702278.21  17399.16
Global   660      403592       611          0.1        0          436      3588765    355054     699565.19  18317.44

[1;1H[2J
Get Statistics
Type     Time(s)  Ops          TPS(ops/s)   Net(M/s)   Get_miss   Min(us)  Max(us)    Avg(us)    Std_dev    Geo_dist  
Period   10       5666         566          0.1        0          487      2137222    381021     729369.09  18904.52
Global   670      409258       610          0.1        0          436      3588765    355414     699991.87  18325.44

Total Statistics
Type     Time(s)  Ops          TPS(ops/s)   Net(M/s)   Get_miss   Min(us)  Max(us)    Avg(us)    Std_dev    Geo_dist  
Period   10       5666         566          0.1        0          487      2137222    381021     729369.09  18904.52
Global   670      409258       610          0.1        0          436      3588765    355414     699991.87  18325.44

[1;1H[2J
Get Statistics
Type     Time(s)  Ops          TPS(ops/s)   Net(M/s)   Get_miss   Min(us)  Max(us)    Avg(us)    Std_dev    Geo_dist  
Period   10       6234         623          0.1        0          521      1788046    349519     688618.95  17695.39
Global   680      415492       611          0.1        0          436      3588765    355325     699822.43  18315.82

Total Statistics
Type     Time(s)  Ops          TPS(ops/s)   Net(M/s)   Get_miss   Min(us)  Max(us)    Avg(us)    Std_dev    Geo_dist  
Period   10       6234         623          0.1        0          521      1788046    349519     688618.95  17695.39
Global   680      415492       611          0.1        0          436      3588765    355325     699822.43  18315.82

[1;1H[2J
Get Statistics
Type     Time(s)  Ops          TPS(ops/s)   Net(M/s)   Get_miss   Min(us)  Max(us)    Avg(us)    Std_dev    Geo_dist  
Period   10       5805         580          0.1        0          607      1903988    372312     718496.98  19556.03
Global   690      421297       610          0.1        0          436      3588765    355559     700085.09  18332.37

Total Statistics
Type     Time(s)  Ops          TPS(ops/s)   Net(M/s)   Get_miss   Min(us)  Max(us)    Avg(us)    Std_dev    Geo_dist  
Period   10       5805         580          0.1        0          607      1903988    372312     718496.98  19556.03
Global   690      421297       610          0.1        0          436      3588765    355559     700085.09  18332.37

[1;1H[2J
Get Statistics
Type     Time(s)  Ops          TPS(ops/s)   Net(M/s)   Get_miss   Min(us)  Max(us)    Avg(us)    Std_dev    Geo_dist  
Period   10       5994         599          0.1        0          560      1872487    361423     706306.08  19148.19
Global   700      427291       610          0.1        0          436      3588765    355641     700172.37  18343.57

Total Statistics
Type     Time(s)  Ops          TPS(ops/s)   Net(M/s)   Get_miss   Min(us)  Max(us)    Avg(us)    Std_dev    Geo_dist  
Period   10       5994         599          0.1        0          560      1872487    361423     706306.08  19148.19
Global   700      427291       610          0.1        0          436      3588765    355641     700172.37  18343.57

[1;1H[2J
Get Statistics
Type     Time(s)  Ops          TPS(ops/s)   Net(M/s)   Get_miss   Min(us)  Max(us)    Avg(us)    Std_dev    Geo_dist  
Period   10       6003         600          0.1        0          563      1820524    360188     703832.13  18006.01
Global   710      433294       610          0.1        0          436      3588765    355704     700222.59  18338.85

Total Statistics
Type     Time(s)  Ops          TPS(ops/s)   Net(M/s)   Get_miss   Min(us)  Max(us)    Avg(us)    Std_dev    Geo_dist  
Period   10       6003         600          0.1        0          563      1820524    360188     703832.13  18006.01
Global   710      433294       610          0.1        0          436      3588765    355704     700222.59  18338.85

[1;1H[2J
Get Statistics
Type     Time(s)  Ops          TPS(ops/s)   Net(M/s)   Get_miss   Min(us)  Max(us)    Avg(us)    Std_dev    Geo_dist  
Period   10       5787         578          0.1        0          588      1897314    376110     725236.65  19288.07
Global   720      439081       609          0.1        0          436      3588765    355973     700561.06  18351.05

Total Statistics
Type     Time(s)  Ops          TPS(ops/s)   Net(M/s)   Get_miss   Min(us)  Max(us)    Avg(us)    Std_dev    Geo_dist  
Period   10       5787         578          0.1        0          588      1897314    376110     725236.65  19288.07
Global   720      439081       609          0.1        0          436      3588765    355973     700561.06  18351.05

Get Statistics (439245 events)
   Min:       436
   Max:   3588765
   Avg:    356441
   Geo:  18381.38
   Std:  700859.17
   Log2 Dist:
       8:        0       42    18028    39823
      12:    43024   108437   109002    28014
      16:     3373      662      612      944
      20:      273    85175     1836

Total Statistics (439245 events)
   Min:       436
   Max:   3588765
   Avg:    356441
   Geo:  18381.38
   Std:  700859.17
   Log2 Dist:
       8:        0       42    18028    39823
      12:    43024   108437   109002    28014
      16:     3373      662      612      944
      20:      273    85175     1836

cmd_get: 439461
cmd_set: 221184
get_misses: 0
written_bytes: 45053974
read_bytes: 74244897
object_bytes: 31850496

Run time: 724.5s Ops: 660645 TPS: 912 Net_rate: 0.2M/s
