servers : 10.0.0.6:11212
threads count: 216
concurrency: 216
run time: 720s
windows size: 1k
set proportion: set_prop=0.00
get proportion: get_prop=1.00
[1;1H[2J
Get Statistics
Type     Time(s)  Ops          TPS(ops/s)   Net(M/s)   Get_miss   Min(us)  Max(us)    Avg(us)    Std_dev    Geo_dist  
Period   10       6567         656          0.1        0          1979     1713223    302454     520327.84  39333.14
Global   10       6567         656          0.1        0          1979     1713223    302454     520327.84  39333.14

Total Statistics
Type     Time(s)  Ops          TPS(ops/s)   Net(M/s)   Get_miss   Min(us)  Max(us)    Avg(us)    Std_dev    Geo_dist  
Period   10       6567         656          0.1        0          1979     1713223    302454     520327.84  39333.14
Global   10       6567         656          0.1        0          1979     1713223    302454     520327.84  39333.14

[1;1H[2J
Get Statistics
Type     Time(s)  Ops          TPS(ops/s)   Net(M/s)   Get_miss   Min(us)  Max(us)    Avg(us)    Std_dev    Geo_dist  
Period   10       5946         594          0.1        0          1817     1960761    364666     703983.72  27255.12
Global   20       12513        625          0.1        0          1817     1960761    332017     615240.82  33041.26

Total Statistics
Type     Time(s)  Ops          TPS(ops/s)   Net(M/s)   Get_miss   Min(us)  Max(us)    Avg(us)    Std_dev    Geo_dist  
Period   10       5946         594          0.1        0          1817     1960761    364666     703983.72  27255.12
Global   20       12513        625          0.1        0          1817     1960761    332017     615240.82  33041.26

[1;1H[2J
Get Statistics
Type     Time(s)  Ops          TPS(ops/s)   Net(M/s)   Get_miss   Min(us)  Max(us)    Avg(us)    Std_dev    Geo_dist  
Period   10       6275         627          0.1        0          1995     1772202    345660     678720.87  25292.13
Global   30       18788        626          0.1        0          1817     1960761    336573     637161.05  30219.69

Total Statistics
Type     Time(s)  Ops          TPS(ops/s)   Net(M/s)   Get_miss   Min(us)  Max(us)    Avg(us)    Std_dev    Geo_dist  
Period   10       6275         627          0.1        0          1995     1772202    345660     678720.87  25292.13
Global   30       18788        626          0.1        0          1817     1960761    336573     637161.05  30219.69

[1;1H[2J
Get Statistics
Type     Time(s)  Ops          TPS(ops/s)   Net(M/s)   Get_miss   Min(us)  Max(us)    Avg(us)    Std_dev    Geo_dist  
Period   10       6187         618          0.1        0          1910     1848112    351875     685550.36  26126.48
Global   40       24975        624          0.1        0          1817     1960761    340364     649503.89  29149.51

Total Statistics
Type     Time(s)  Ops          TPS(ops/s)   Net(M/s)   Get_miss   Min(us)  Max(us)    Avg(us)    Std_dev    Geo_dist  
Period   10       6187         618          0.1        0          1910     1848112    351875     685550.36  26126.48
Global   40       24975        624          0.1        0          1817     1960761    340364     649503.89  29149.51

[1;1H[2J
Get Statistics
Type     Time(s)  Ops          TPS(ops/s)   Net(M/s)   Get_miss   Min(us)  Max(us)    Avg(us)    Std_dev    Geo_dist  
Period   10       6410         641          0.1        0          1979     1807367    338899     674968.40  24473.67
Global   50       31385        627          0.1        0          1817     1960761    340065     654774.42  28126.98

Total Statistics
Type     Time(s)  Ops          TPS(ops/s)   Net(M/s)   Get_miss   Min(us)  Max(us)    Avg(us)    Std_dev    Geo_dist  
Period   10       6410         641          0.1        0          1979     1807367    338899     674968.40  24473.67
Global   50       31385        627          0.1        0          1817     1960761    340065     654774.42  28126.98

[1;1H[2J
Get Statistics
Type     Time(s)  Ops          TPS(ops/s)   Net(M/s)   Get_miss   Min(us)  Max(us)    Avg(us)    Std_dev    Geo_dist  
Period   10       5995         599          0.1        0          1960     1790428    358533     689382.53  25636.08
Global   60       37380        623          0.1        0          1817     1960761    343026     660472.74  27711.78

Total Statistics
Type     Time(s)  Ops          TPS(ops/s)   Net(M/s)   Get_miss   Min(us)  Max(us)    Avg(us)    Std_dev    Geo_dist  
Period   10       5995         599          0.1        0          1960     1790428    358533     689382.53  25636.08
Global   60       37380        623          0.1        0          1817     1960761    343026     660472.74  27711.78

[1;1H[2J
Get Statistics
Type     Time(s)  Ops          TPS(ops/s)   Net(M/s)   Get_miss   Min(us)  Max(us)    Avg(us)    Std_dev    Geo_dist  
Period   10       6480         648          0.1        0          1948     1791402    336980     670033.83  25681.39
Global   70       43860        626          0.1        0          1817     1960761    342133     661889.66  27401.99

Total Statistics
Type     Time(s)  Ops          TPS(ops/s)   Net(M/s)   Get_miss   Min(us)  Max(us)    Avg(us)    Std_dev    Geo_dist  
Period   10       6480         648          0.1        0          1948     1791402    336980     670033.83  25681.39
Global   70       43860        626          0.1        0          1817     1960761    342133     661889.66  27401.99

[1;1H[2J
Get Statistics
Type     Time(s)  Ops          TPS(ops/s)   Net(M/s)   Get_miss   Min(us)  Max(us)    Avg(us)    Std_dev    Geo_dist  
Period   10       6089         608          0.1        0          1975     1786410    356868     690065.61  26359.43
Global   80       49949        624          0.1        0          1817     1960761    343929     665398.80  27272.72

Total Statistics
Type     Time(s)  Ops          TPS(ops/s)   Net(M/s)   Get_miss   Min(us)  Max(us)    Avg(us)    Std_dev    Geo_dist  
Period   10       6089         608          0.1        0          1975     1786410    356868     690065.61  26359.43
Global   80       49949        624          0.1        0          1817     1960761    343929     665398.80  27272.72

[1;1H[2J
Get Statistics
Type     Time(s)  Ops          TPS(ops/s)   Net(M/s)   Get_miss   Min(us)  Max(us)    Avg(us)    Std_dev    Geo_dist  
Period   10       5924         592          0.1        0          1835     1924360    363313     698978.54  26999.45
Global   90       55873        620          0.1        0          1817     1960761    345985     669058.75  27243.62

Total Statistics
Type     Time(s)  Ops          TPS(ops/s)   Net(M/s)   Get_miss   Min(us)  Max(us)    Avg(us)    Std_dev    Geo_dist  
Period   10       5924         592          0.1        0          1835     1924360    363313     698978.54  26999.45
Global   90       55873        620          0.1        0          1817     1960761    345985     669058.75  27243.62

[1;1H[2J
Get Statistics
Type     Time(s)  Ops          TPS(ops/s)   Net(M/s)   Get_miss   Min(us)  Max(us)    Avg(us)    Std_dev    Geo_dist  
Period   10       6055         605          0.1        0          1980     1856520    352647     690280.69  25679.39
Global   100      61928        619          0.1        0          1817     1960761    346636     671160.73  27086.56

Total Statistics
Type     Time(s)  Ops          TPS(ops/s)   Net(M/s)   Get_miss   Min(us)  Max(us)    Avg(us)    Std_dev    Geo_dist  
Period   10       6055         605          0.1        0          1980     1856520    352647     690280.69  25679.39
Global   100      61928        619          0.1        0          1817     1960761    346636     671160.73  27086.56

[1;1H[2J
Get Statistics
Type     Time(s)  Ops          TPS(ops/s)   Net(M/s)   Get_miss   Min(us)  Max(us)    Avg(us)    Std_dev    Geo_dist  
Period   10       5897         589          0.1        0          1873     1973593    373326     730531.05  26126.72
Global   110      67825        616          0.1        0          1817     1973593    348957     676565.30  27001.73

Total Statistics
Type     Time(s)  Ops          TPS(ops/s)   Net(M/s)   Get_miss   Min(us)  Max(us)    Avg(us)    Std_dev    Geo_dist  
Period   10       5897         589          0.1        0          1873     1973593    373326     730531.05  26126.72
Global   110      67825        616          0.1        0          1817     1973593    348957     676565.30  27001.73

[1;1H[2J
Get Statistics
Type     Time(s)  Ops          TPS(ops/s)   Net(M/s)   Get_miss   Min(us)  Max(us)    Avg(us)    Std_dev    Geo_dist  
Period   10       5326         532          0.1        0          1994     3054546    407036     816740.21  27880.40
Global   120      73151        609          0.1        0          1817     3054546    353185     687895.62  27064.76

Total Statistics
Type     Time(s)  Ops          TPS(ops/s)   Net(M/s)   Get_miss   Min(us)  Max(us)    Avg(us)    Std_dev    Geo_dist  
Period   10       5326         532          0.1        0          1994     3054546    407036     816740.21  27880.40
Global   120      73151        609          0.1        0          1817     3054546    353185     687895.62  27064.76

[1;1H[2J
Get Statistics
Type     Time(s)  Ops          TPS(ops/s)   Net(M/s)   Get_miss   Min(us)  Max(us)    Avg(us)    Std_dev    Geo_dist  
Period   10       6246         624          0.1        0          1957     1843856    349189     693354.85  25160.09
Global   130      79397        610          0.1        0          1817     3054546    352871     688322.92  26909.83

Total Statistics
Type     Time(s)  Ops          TPS(ops/s)   Net(M/s)   Get_miss   Min(us)  Max(us)    Avg(us)    Std_dev    Geo_dist  
Period   10       6246         624          0.1        0          1957     1843856    349189     693354.85  25160.09
Global   130      79397        610          0.1        0          1817     3054546    352871     688322.92  26909.83

[1;1H[2J
Get Statistics
Type     Time(s)  Ops          TPS(ops/s)   Net(M/s)   Get_miss   Min(us)  Max(us)    Avg(us)    Std_dev    Geo_dist  
Period   10       5861         586          0.1        0          1939     1811884    371196     704334.53  27833.68
Global   140      85258        608          0.1        0          1817     3054546    354131     689446.78  26972.35

Total Statistics
Type     Time(s)  Ops          TPS(ops/s)   Net(M/s)   Get_miss   Min(us)  Max(us)    Avg(us)    Std_dev    Geo_dist  
Period   10       5861         586          0.1        0          1939     1811884    371196     704334.53  27833.68
Global   140      85258        608          0.1        0          1817     3054546    354131     689446.78  26972.35

[1;1H[2J
Get Statistics
Type     Time(s)  Ops          TPS(ops/s)   Net(M/s)   Get_miss   Min(us)  Max(us)    Avg(us)    Std_dev    Geo_dist  
Period   10       6184         618          0.1        0          1961     1940973    351788     694448.84  25507.41
Global   150      91442        609          0.1        0          1817     3054546    353972     689782.92  26870.68

Total Statistics
Type     Time(s)  Ops          TPS(ops/s)   Net(M/s)   Get_miss   Min(us)  Max(us)    Avg(us)    Std_dev    Geo_dist  
Period   10       6184         618          0.1        0          1961     1940973    351788     694448.84  25507.41
Global   150      91442        609          0.1        0          1817     3054546    353972     689782.92  26870.68

[1;1H[2J
Get Statistics
Type     Time(s)  Ops          TPS(ops/s)   Net(M/s)   Get_miss   Min(us)  Max(us)    Avg(us)    Std_dev    Geo_dist  
Period   10       6170         617          0.1        0          1861     1895144    354448     690212.19  26460.47
Global   160      97612        610          0.1        0          1817     3054546    354002     689806.57  26844.56

Total Statistics
Type     Time(s)  Ops          TPS(ops/s)   Net(M/s)   Get_miss   Min(us)  Max(us)    Avg(us)    Std_dev    Geo_dist  
Period   10       6170         617          0.1        0          1861     1895144    354448     690212.19  26460.47
Global   160      97612        610          0.1        0          1817     3054546    354002     689806.57  26844.56

[1;1H[2J
Get Statistics
Type     Time(s)  Ops          TPS(ops/s)   Net(M/s)   Get_miss   Min(us)  Max(us)    Avg(us)    Std_dev    Geo_dist  
Period   10       6185         618          0.1        0          1934     1802696    350510     684862.24  25903.24
Global   170      103797       610          0.1        0          1817     3054546    353794     689510.12  26787.52

Total Statistics
Type     Time(s)  Ops          TPS(ops/s)   Net(M/s)   Get_miss   Min(us)  Max(us)    Avg(us)    Std_dev    Geo_dist  
Period   10       6185         618          0.1        0          1934     1802696    350510     684862.24  25903.24
Global   170      103797       610          0.1        0          1817     3054546    353794     689510.12  26787.52

[1;1H[2J
Get Statistics
Type     Time(s)  Ops          TPS(ops/s)   Net(M/s)   Get_miss   Min(us)  Max(us)    Avg(us)    Std_dev    Geo_dist  
Period   10       5854         585          0.1        0          1927     1806281    371575     703203.14  26985.87
Global   180      109651       609          0.1        0          1817     3054546    354743     690256.48  26798.08

Total Statistics
Type     Time(s)  Ops          TPS(ops/s)   Net(M/s)   Get_miss   Min(us)  Max(us)    Avg(us)    Std_dev    Geo_dist  
Period   10       5854         585          0.1        0          1927     1806281    371575     703203.14  26985.87
Global   180      109651       609          0.1        0          1817     3054546    354743     690256.48  26798.08

[1;1H[2J
Get Statistics
Type     Time(s)  Ops          TPS(ops/s)   Net(M/s)   Get_miss   Min(us)  Max(us)    Avg(us)    Std_dev    Geo_dist  
Period   10       5891         589          0.1        0          1976     1843400    369926     700700.17  26545.10
Global   190      115542       608          0.1        0          1817     3054546    355518     690797.33  26785.12

Total Statistics
Type     Time(s)  Ops          TPS(ops/s)   Net(M/s)   Get_miss   Min(us)  Max(us)    Avg(us)    Std_dev    Geo_dist  
Period   10       5891         589          0.1        0          1976     1843400    369926     700700.17  26545.10
Global   190      115542       608          0.1        0          1817     3054546    355518     690797.33  26785.12

[1;1H[2J
Get Statistics
Type     Time(s)  Ops          TPS(ops/s)   Net(M/s)   Get_miss   Min(us)  Max(us)    Avg(us)    Std_dev    Geo_dist  
Period   10       6312         631          0.1        0          1904     1850999    343604     686487.38  24844.62
Global   200      121854       609          0.1        0          1817     3054546    354900     690577.43  26680.98

Total Statistics
Type     Time(s)  Ops          TPS(ops/s)   Net(M/s)   Get_miss   Min(us)  Max(us)    Avg(us)    Std_dev    Geo_dist  
Period   10       6312         631          0.1        0          1904     1850999    343604     686487.38  24844.62
Global   200      121854       609          0.1        0          1817     3054546    354900     690577.43  26680.98

[1;1H[2J
Get Statistics
Type     Time(s)  Ops          TPS(ops/s)   Net(M/s)   Get_miss   Min(us)  Max(us)    Avg(us)    Std_dev    Geo_dist  
Period   10       6071         607          0.1        0          2067     1800706    361292     691389.78  26606.88
Global   210      127925       609          0.1        0          1817     3054546    355204     690614.30  26677.46

Total Statistics
Type     Time(s)  Ops          TPS(ops/s)   Net(M/s)   Get_miss   Min(us)  Max(us)    Avg(us)    Std_dev    Geo_dist  
Period   10       6071         607          0.1        0          2067     1800706    361292     691389.78  26606.88
Global   210      127925       609          0.1        0          1817     3054546    355204     690614.30  26677.46

[1;1H[2J
Get Statistics
Type     Time(s)  Ops          TPS(ops/s)   Net(M/s)   Get_miss   Min(us)  Max(us)    Avg(us)    Std_dev    Geo_dist  
Period   10       5923         592          0.1        0          1861     2102580    365869     712087.50  26586.02
Global   220      133848       608          0.1        0          1817     3054546    355676     691579.34  26673.40

Total Statistics
Type     Time(s)  Ops          TPS(ops/s)   Net(M/s)   Get_miss   Min(us)  Max(us)    Avg(us)    Std_dev    Geo_dist  
Period   10       5923         592          0.1        0          1861     2102580    365869     712087.50  26586.02
Global   220      133848       608          0.1        0          1817     3054546    355676     691579.34  26673.40

[1;1H[2J
Get Statistics
Type     Time(s)  Ops          TPS(ops/s)   Net(M/s)   Get_miss   Min(us)  Max(us)    Avg(us)    Std_dev    Geo_dist  
Period   10       6208         620          0.1        0          1964     1811046    351443     687247.96  26069.19
Global   230      140056       608          0.1        0          1817     3054546    355488     691386.22  26646.33

Total Statistics
Type     Time(s)  Ops          TPS(ops/s)   Net(M/s)   Get_miss   Min(us)  Max(us)    Avg(us)    Std_dev    Geo_dist  
Period   10       6208         620          0.1        0          1964     1811046    351443     687247.96  26069.19
Global   230      140056       608          0.1        0          1817     3054546    355488     691386.22  26646.33

[1;1H[2J
Get Statistics
Type     Time(s)  Ops          TPS(ops/s)   Net(M/s)   Get_miss   Min(us)  Max(us)    Avg(us)    Std_dev    Geo_dist  
Period   10       6294         629          0.1        0          1892     1883463    346862     686841.91  25609.80
Global   240      146350       609          0.1        0          1817     3054546    355117     691191.30  26600.90

Total Statistics
Type     Time(s)  Ops          TPS(ops/s)   Net(M/s)   Get_miss   Min(us)  Max(us)    Avg(us)    Std_dev    Geo_dist  
Period   10       6294         629          0.1        0          1892     1883463    346862     686841.91  25609.80
Global   240      146350       609          0.1        0          1817     3054546    355117     691191.30  26600.90

[1;1H[2J
Get Statistics
Type     Time(s)  Ops          TPS(ops/s)   Net(M/s)   Get_miss   Min(us)  Max(us)    Avg(us)    Std_dev    Geo_dist  
Period   10       6067         606          0.1        0          1919     1792479    356313     689456.25  26126.63
Global   250      152417       609          0.1        0          1817     3054546    355165     691119.90  26581.86

Total Statistics
Type     Time(s)  Ops          TPS(ops/s)   Net(M/s)   Get_miss   Min(us)  Max(us)    Avg(us)    Std_dev    Geo_dist  
Period   10       6067         606          0.1        0          1919     1792479    356313     689456.25  26126.63
Global   250      152417       609          0.1        0          1817     3054546    355165     691119.90  26581.86

[1;1H[2J
Get Statistics
Type     Time(s)  Ops          TPS(ops/s)   Net(M/s)   Get_miss   Min(us)  Max(us)    Avg(us)    Std_dev    Geo_dist  
Period   10       6282         628          0.1        0          1900     1785764    348351     680899.55  25822.18
Global   260      158699       610          0.1        0          1817     3054546    354895     690717.51  26551.37

Total Statistics
Type     Time(s)  Ops          TPS(ops/s)   Net(M/s)   Get_miss   Min(us)  Max(us)    Avg(us)    Std_dev    Geo_dist  
Period   10       6282         628          0.1        0          1900     1785764    348351     680899.55  25822.18
Global   260      158699       610          0.1        0          1817     3054546    354895     690717.51  26551.37

[1;1H[2J
Get Statistics
Type     Time(s)  Ops          TPS(ops/s)   Net(M/s)   Get_miss   Min(us)  Max(us)    Avg(us)    Std_dev    Geo_dist  
Period   10       6283         628          0.1        0          1856     1760528    346075     675513.06  25470.64
Global   270      164982       611          0.1        0          1817     3054546    354559     690144.73  26509.38

Total Statistics
Type     Time(s)  Ops          TPS(ops/s)   Net(M/s)   Get_miss   Min(us)  Max(us)    Avg(us)    Std_dev    Geo_dist  
Period   10       6283         628          0.1        0          1856     1760528    346075     675513.06  25470.64
Global   270      164982       611          0.1        0          1817     3054546    354559     690144.73  26509.38

[1;1H[2J
Get Statistics
Type     Time(s)  Ops          TPS(ops/s)   Net(M/s)   Get_miss   Min(us)  Max(us)    Avg(us)    Std_dev    Geo_dist  
Period   10       5970         597          0.1        0          1915     1820985    365130     698681.37  26871.82
Global   280      170952       610          0.1        0          1817     3054546    354928     690445.37  26521.95

Total Statistics
Type     Time(s)  Ops          TPS(ops/s)   Net(M/s)   Get_miss   Min(us)  Max(us)    Avg(us)    Std_dev    Geo_dist  
Period   10       5970         597          0.1        0          1915     1820985    365130     698681.37  26871.82
Global   280      170952       610          0.1        0          1817     3054546    354928     690445.37  26521.95

[1;1H[2J
Get Statistics
Type     Time(s)  Ops          TPS(ops/s)   Net(M/s)   Get_miss   Min(us)  Max(us)    Avg(us)    Std_dev    Geo_dist  
Period   10       5995         599          0.1        0          1887     1922313    363890     701841.99  26952.50
Global   290      176947       610          0.1        0          1817     3054546    355232     690834.27  26536.43

Total Statistics
Type     Time(s)  Ops          TPS(ops/s)   Net(M/s)   Get_miss   Min(us)  Max(us)    Avg(us)    Std_dev    Geo_dist  
Period   10       5995         599          0.1        0          1887     1922313    363890     701841.99  26952.50
Global   290      176947       610          0.1        0          1817     3054546    355232     690834.27  26536.43

[1;1H[2J
Get Statistics
Type     Time(s)  Ops          TPS(ops/s)   Net(M/s)   Get_miss   Min(us)  Max(us)    Avg(us)    Std_dev    Geo_dist  
Period   10       5949         594          0.1        0          1934     1793156    365482     699808.38  26333.95
Global   300      182896       609          0.1        0          1817     3054546    355565     691128.66  26529.82

Total Statistics
Type     Time(s)  Ops          TPS(ops/s)   Net(M/s)   Get_miss   Min(us)  Max(us)    Avg(us)    Std_dev    Geo_dist  
Period   10       5949         594          0.1        0          1934     1793156    365482     699808.38  26333.95
Global   300      182896       609          0.1        0          1817     3054546    355565     691128.66  26529.82

[1;1H[2J
Get Statistics
Type     Time(s)  Ops          TPS(ops/s)   Net(M/s)   Get_miss   Min(us)  Max(us)    Avg(us)    Std_dev    Geo_dist  
Period   10       6189         618          0.1        0          1960     1836690    352064     687070.77  25807.03
Global   310      189085       609          0.1        0          1817     3054546    355451     690994.39  26505.84

Total Statistics
Type     Time(s)  Ops          TPS(ops/s)   Net(M/s)   Get_miss   Min(us)  Max(us)    Avg(us)    Std_dev    Geo_dist  
Period   10       6189         618          0.1        0          1960     1836690    352064     687070.77  25807.03
Global   310      189085       609          0.1        0          1817     3054546    355451     690994.39  26505.84

[1;1H[2J
Get Statistics
Type     Time(s)  Ops          TPS(ops/s)   Net(M/s)   Get_miss   Min(us)  Max(us)    Avg(us)    Std_dev    Geo_dist  
Period   10       5927         592          0.1        0          1799     1789533    366389     698107.29  26765.24
Global   320      195012       609          0.1        0          1799     3054546    355783     691212.62  26513.69

Total Statistics
Type     Time(s)  Ops          TPS(ops/s)   Net(M/s)   Get_miss   Min(us)  Max(us)    Avg(us)    Std_dev    Geo_dist  
Period   10       5927         592          0.1        0          1799     1789533    366389     698107.29  26765.24
Global   320      195012       609          0.1        0          1799     3054546    355783     691212.62  26513.69

[1;1H[2J
Get Statistics
Type     Time(s)  Ops          TPS(ops/s)   Net(M/s)   Get_miss   Min(us)  Max(us)    Avg(us)    Std_dev    Geo_dist  
Period   10       5946         594          0.1        0          1833     1866832    363439     703428.52  26048.71
Global   330      200958       608          0.1        0          1799     3054546    356010     691576.36  26499.81

Total Statistics
Type     Time(s)  Ops          TPS(ops/s)   Net(M/s)   Get_miss   Min(us)  Max(us)    Avg(us)    Std_dev    Geo_dist  
Period   10       5946         594          0.1        0          1833     1866832    363439     703428.52  26048.71
Global   330      200958       608          0.1        0          1799     3054546    356010     691576.36  26499.81

[1;1H[2J
Get Statistics
Type     Time(s)  Ops          TPS(ops/s)   Net(M/s)   Get_miss   Min(us)  Max(us)    Avg(us)    Std_dev    Geo_dist  
Period   10       3900         390          0.1        0          1951     3589631    558366     1101235.60 36194.15
Global   340      204858       602          0.1        0          1799     3589631    359862     702153.10  26657.56

Total Statistics
Type     Time(s)  Ops          TPS(ops/s)   Net(M/s)   Get_miss   Min(us)  Max(us)    Avg(us)    Std_dev    Geo_dist  
Period   10       3900         390          0.1        0          1951     3589631    558366     1101235.60 36194.15
Global   340      204858       602          0.1        0          1799     3589631    359862     702153.10  26657.56

[1;1H[2J
Get Statistics
Type     Time(s)  Ops          TPS(ops/s)   Net(M/s)   Get_miss   Min(us)  Max(us)    Avg(us)    Std_dev    Geo_dist  
Period   10       6008         600          0.1        0          1922     1793179    360056     695468.73  26314.89
Global   350      210866       602          0.1        0          1799     3589631    359868     701961.66  26647.74

Total Statistics
Type     Time(s)  Ops          TPS(ops/s)   Net(M/s)   Get_miss   Min(us)  Max(us)    Avg(us)    Std_dev    Geo_dist  
Period   10       6008         600          0.1        0          1922     1793179    360056     695468.73  26314.89
Global   350      210866       602          0.1        0          1799     3589631    359868     701961.66  26647.74

[1;1H[2J
Get Statistics
Type     Time(s)  Ops          TPS(ops/s)   Net(M/s)   Get_miss   Min(us)  Max(us)    Avg(us)    Std_dev    Geo_dist  
Period   10       6195         619          0.1        0          1959     1842261    349826     691553.87  25643.52
Global   360      217061       602          0.1        0          1799     3589631    359581     701667.38  26618.54

Total Statistics
Type     Time(s)  Ops          TPS(ops/s)   Net(M/s)   Get_miss   Min(us)  Max(us)    Avg(us)    Std_dev    Geo_dist  
Period   10       6195         619          0.1        0          1959     1842261    349826     691553.87  25643.52
Global   360      217061       602          0.1        0          1799     3589631    359581     701667.38  26618.54

[1;1H[2J
Get Statistics
Type     Time(s)  Ops          TPS(ops/s)   Net(M/s)   Get_miss   Min(us)  Max(us)    Avg(us)    Std_dev    Geo_dist  
Period   10       5719         571          0.1        0          1865     2490222    378287     749649.40  26369.44
Global   370      222780       602          0.1        0          1799     3589631    360061     702944.63  26612.11

Total Statistics
Type     Time(s)  Ops          TPS(ops/s)   Net(M/s)   Get_miss   Min(us)  Max(us)    Avg(us)    Std_dev    Geo_dist  
Period   10       5719         571          0.1        0          1865     2490222    378287     749649.40  26369.44
Global   370      222780       602          0.1        0          1799     3589631    360061     702944.63  26612.11

[1;1H[2J
Get Statistics
Type     Time(s)  Ops          TPS(ops/s)   Net(M/s)   Get_miss   Min(us)  Max(us)    Avg(us)    Std_dev    Geo_dist  
Period   10       6142         614          0.1        0          1890     1859709    354476     688535.60  26523.15
Global   380      228922       602          0.1        0          1799     3589631    359911     702561.07  26609.72

Total Statistics
Type     Time(s)  Ops          TPS(ops/s)   Net(M/s)   Get_miss   Min(us)  Max(us)    Avg(us)    Std_dev    Geo_dist  
Period   10       6142         614          0.1        0          1890     1859709    354476     688535.60  26523.15
Global   380      228922       602          0.1        0          1799     3589631    359911     702561.07  26609.72

[1;1H[2J
Get Statistics
Type     Time(s)  Ops          TPS(ops/s)   Net(M/s)   Get_miss   Min(us)  Max(us)    Avg(us)    Std_dev    Geo_dist  
Period   10       5966         596          0.1        0          1992     2027303    361403     705800.73  26298.52
Global   390      234888       602          0.1        0          1799     3589631    359949     702642.02  26601.77

Total Statistics
Type     Time(s)  Ops          TPS(ops/s)   Net(M/s)   Get_miss   Min(us)  Max(us)    Avg(us)    Std_dev    Geo_dist  
Period   10       5966         596          0.1        0          1992     2027303    361403     705800.73  26298.52
Global   390      234888       602          0.1        0          1799     3589631    359949     702642.02  26601.77

[1;1H[2J
Get Statistics
Type     Time(s)  Ops          TPS(ops/s)   Net(M/s)   Get_miss   Min(us)  Max(us)    Avg(us)    Std_dev    Geo_dist  
Period   10       5731         573          0.1        0          1903     1806841    379057     708362.90  27906.32
Global   400      240619       601          0.1        0          1799     3589631    360404     702783.43  26632.12

Total Statistics
Type     Time(s)  Ops          TPS(ops/s)   Net(M/s)   Get_miss   Min(us)  Max(us)    Avg(us)    Std_dev    Geo_dist  
Period   10       5731         573          0.1        0          1903     1806841    379057     708362.90  27906.32
Global   400      240619       601          0.1        0          1799     3589631    360404     702783.43  26632.12

[1;1H[2J
Get Statistics
Type     Time(s)  Ops          TPS(ops/s)   Net(M/s)   Get_miss   Min(us)  Max(us)    Avg(us)    Std_dev    Geo_dist  
Period   10       6017         601          0.1        0          1917     1841804    362032     700114.13  26809.59
Global   410      246636       601          0.1        0          1799     3589631    360444     702716.92  26636.44

Total Statistics
Type     Time(s)  Ops          TPS(ops/s)   Net(M/s)   Get_miss   Min(us)  Max(us)    Avg(us)    Std_dev    Geo_dist  
Period   10       6017         601          0.1        0          1917     1841804    362032     700114.13  26809.59
Global   410      246636       601          0.1        0          1799     3589631    360444     702716.92  26636.44

[1;1H[2J
Get Statistics
Type     Time(s)  Ops          TPS(ops/s)   Net(M/s)   Get_miss   Min(us)  Max(us)    Avg(us)    Std_dev    Geo_dist  
Period   10       5862         586          0.1        0          1949     1851465    367781     703503.60  27708.17
Global   420      252498       601          0.1        0          1799     3589631    360614     702734.84  26660.84

Total Statistics
Type     Time(s)  Ops          TPS(ops/s)   Net(M/s)   Get_miss   Min(us)  Max(us)    Avg(us)    Std_dev    Geo_dist  
Period   10       5862         586          0.1        0          1949     1851465    367781     703503.60  27708.17
Global   420      252498       601          0.1        0          1799     3589631    360614     702734.84  26660.84

[1;1H[2J
Get Statistics
Type     Time(s)  Ops          TPS(ops/s)   Net(M/s)   Get_miss   Min(us)  Max(us)    Avg(us)    Std_dev    Geo_dist  
Period   10       5994         599          0.1        0          1926     1799805    361489     688309.36  26852.63
Global   430      258492       601          0.1        0          1799     3589631    360635     702402.03  26665.28

Total Statistics
Type     Time(s)  Ops          TPS(ops/s)   Net(M/s)   Get_miss   Min(us)  Max(us)    Avg(us)    Std_dev    Geo_dist  
Period   10       5994         599          0.1        0          1926     1799805    361489     688309.36  26852.63
Global   430      258492       601          0.1        0          1799     3589631    360635     702402.03  26665.28

[1;1H[2J
Get Statistics
Type     Time(s)  Ops          TPS(ops/s)   Net(M/s)   Get_miss   Min(us)  Max(us)    Avg(us)    Std_dev    Geo_dist  
Period   10       6282         628          0.1        0          1908     1825611    347187     682876.46  25233.81
Global   440      264774       601          0.1        0          1799     3589631    360316     701946.76  26630.39

Total Statistics
Type     Time(s)  Ops          TPS(ops/s)   Net(M/s)   Get_miss   Min(us)  Max(us)    Avg(us)    Std_dev    Geo_dist  
Period   10       6282         628          0.1        0          1908     1825611    347187     682876.46  25233.81
Global   440      264774       601          0.1        0          1799     3589631    360316     701946.76  26630.39

[1;1H[2J
Get Statistics
Type     Time(s)  Ops          TPS(ops/s)   Net(M/s)   Get_miss   Min(us)  Max(us)    Avg(us)    Std_dev    Geo_dist  
Period   10       5135         513          0.1        0          1896     3187087    423151     838288.13  28410.14
Global   450      269909       599          0.1        0          1799     3589631    361511     704837.46  26663.19

Total Statistics
Type     Time(s)  Ops          TPS(ops/s)   Net(M/s)   Get_miss   Min(us)  Max(us)    Avg(us)    Std_dev    Geo_dist  
Period   10       5135         513          0.1        0          1896     3187087    423151     838288.13  28410.14
Global   450      269909       599          0.1        0          1799     3589631    361511     704837.46  26663.19

[1;1H[2J
Get Statistics
Type     Time(s)  Ops          TPS(ops/s)   Net(M/s)   Get_miss   Min(us)  Max(us)    Avg(us)    Std_dev    Geo_dist  
Period   10       6158         615          0.1        0          1829     1808997    351782     688502.33  24628.62
Global   460      276067       600          0.1        0          1799     3589631    361294     704477.46  26616.02

Total Statistics
Type     Time(s)  Ops          TPS(ops/s)   Net(M/s)   Get_miss   Min(us)  Max(us)    Avg(us)    Std_dev    Geo_dist  
Period   10       6158         615          0.1        0          1829     1808997    351782     688502.33  24628.62
Global   460      276067       600          0.1        0          1799     3589631    361294     704477.46  26616.02

[1;1H[2J
Get Statistics
Type     Time(s)  Ops          TPS(ops/s)   Net(M/s)   Get_miss   Min(us)  Max(us)    Avg(us)    Std_dev    Geo_dist  
Period   10       6109         610          0.1        0          1934     1933653    351959     697003.50  25293.51
Global   470      282176       600          0.1        0          1799     3589631    361092     704316.52  26586.67

Total Statistics
Type     Time(s)  Ops          TPS(ops/s)   Net(M/s)   Get_miss   Min(us)  Max(us)    Avg(us)    Std_dev    Geo_dist  
Period   10       6109         610          0.1        0          1934     1933653    351959     697003.50  25293.51
Global   470      282176       600          0.1        0          1799     3589631    361092     704316.52  26586.67

[1;1H[2J
Get Statistics
Type     Time(s)  Ops          TPS(ops/s)   Net(M/s)   Get_miss   Min(us)  Max(us)    Avg(us)    Std_dev    Geo_dist  
Period   10       5452         545          0.1        0          1899     3088156    398013     807867.20  27111.39
Global   480      287628       599          0.1        0          1799     3589631    361792     706436.74  26596.52

Total Statistics
Type     Time(s)  Ops          TPS(ops/s)   Net(M/s)   Get_miss   Min(us)  Max(us)    Avg(us)    Std_dev    Geo_dist  
Period   10       5452         545          0.1        0          1899     3088156    398013     807867.20  27111.39
Global   480      287628       599          0.1        0          1799     3589631    361792     706436.74  26596.52

[1;1H[2J
Get Statistics
Type     Time(s)  Ops          TPS(ops/s)   Net(M/s)   Get_miss   Min(us)  Max(us)    Avg(us)    Std_dev    Geo_dist  
Period   10       6369         636          0.1        0          1945     1805198    343146     678604.39  25539.02
Global   490      293997       599          0.1        0          1799     3589631    361388     705849.56  26573.15

Total Statistics
Type     Time(s)  Ops          TPS(ops/s)   Net(M/s)   Get_miss   Min(us)  Max(us)    Avg(us)    Std_dev    Geo_dist  
Period   10       6369         636          0.1        0          1945     1805198    343146     678604.39  25539.02
Global   490      293997       599          0.1        0          1799     3589631    361388     705849.56  26573.15

[1;1H[2J
Get Statistics
Type     Time(s)  Ops          TPS(ops/s)   Net(M/s)   Get_miss   Min(us)  Max(us)    Avg(us)    Std_dev    Geo_dist  
Period   10       5860         586          0.1        0          1996     1877295    369531     703581.61  26777.06
Global   500      299857       599          0.1        0          1799     3589631    361547     705805.11  26577.12

Total Statistics
Type     Time(s)  Ops          TPS(ops/s)   Net(M/s)   Get_miss   Min(us)  Max(us)    Avg(us)    Std_dev    Geo_dist  
Period   10       5860         586          0.1        0          1996     1877295    369531     703581.61  26777.06
Global   500      299857       599          0.1        0          1799     3589631    361547     705805.11  26577.12

[1;1H[2J
Get Statistics
Type     Time(s)  Ops          TPS(ops/s)   Net(M/s)   Get_miss   Min(us)  Max(us)    Avg(us)    Std_dev    Geo_dist  
Period   10       5833         583          0.1        0          1960     1796372    369795     699072.69  27590.94
Global   510      305690       599          0.1        0          1799     3589631    361704     705677.21  26596.12

Total Statistics
Type     Time(s)  Ops          TPS(ops/s)   Net(M/s)   Get_miss   Min(us)  Max(us)    Avg(us)    Std_dev    Geo_dist  
Period   10       5833         583          0.1        0          1960     1796372    369795     699072.69  27590.94
Global   510      305690       599          0.1        0          1799     3589631    361704     705677.21  26596.12

[1;1H[2J
Get Statistics
Type     Time(s)  Ops          TPS(ops/s)   Net(M/s)   Get_miss   Min(us)  Max(us)    Avg(us)    Std_dev    Geo_dist  
Period   10       6227         622          0.1        0          1875     1837867    350019     686908.90  25789.38
Global   520      311917       599          0.1        0          1799     3589631    361471     705308.09  26579.77

Total Statistics
Type     Time(s)  Ops          TPS(ops/s)   Net(M/s)   Get_miss   Min(us)  Max(us)    Avg(us)    Std_dev    Geo_dist  
Period   10       6227         622          0.1        0          1875     1837867    350019     686908.90  25789.38
Global   520      311917       599          0.1        0          1799     3589631    361471     705308.09  26579.77

[1;1H[2J
Get Statistics
Type     Time(s)  Ops          TPS(ops/s)   Net(M/s)   Get_miss   Min(us)  Max(us)    Avg(us)    Std_dev    Geo_dist  
Period   10       6032         603          0.1        0          1957     1831622    358705     697705.98  25975.65
Global   530      317949       599          0.1        0          1799     3589631    361419     705163.40  26568.17

Total Statistics
Type     Time(s)  Ops          TPS(ops/s)   Net(M/s)   Get_miss   Min(us)  Max(us)    Avg(us)    Std_dev    Geo_dist  
Period   10       6032         603          0.1        0          1957     1831622    358705     697705.98  25975.65
Global   530      317949       599          0.1        0          1799     3589631    361419     705163.40  26568.17

[1;1H[2J
Get Statistics
Type     Time(s)  Ops          TPS(ops/s)   Net(M/s)   Get_miss   Min(us)  Max(us)    Avg(us)    Std_dev    Geo_dist  
Period   10       6023         602          0.1        0          1893     1807775    360274     695202.65  25706.84
Global   540      323972       599          0.1        0          1799     3589631    361397     704978.83  26551.90

Total Statistics
Type     Time(s)  Ops          TPS(ops/s)   Net(M/s)   Get_miss   Min(us)  Max(us)    Avg(us)    Std_dev    Geo_dist  
Period   10       6023         602          0.1        0          1893     1807775    360274     695202.65  25706.84
Global   540      323972       599          0.1        0          1799     3589631    361397     704978.83  26551.90

[1;1H[2J
Get Statistics
Type     Time(s)  Ops          TPS(ops/s)   Net(M/s)   Get_miss   Min(us)  Max(us)    Avg(us)    Std_dev    Geo_dist  
Period   10       6194         619          0.1        0          1916     1803174    350057     674823.48  26097.85
Global   550      330166       600          0.1        0          1799     3589631    361184     704425.82  26543.31

Total Statistics
Type     Time(s)  Ops          TPS(ops/s)   Net(M/s)   Get_miss   Min(us)  Max(us)    Avg(us)    Std_dev    Geo_dist  
Period   10       6194         619          0.1        0          1916     1803174    350057     674823.48  26097.85
Global   550      330166       600          0.1        0          1799     3589631    361184     704425.82  26543.31

[1;1H[2J
Get Statistics
Type     Time(s)  Ops          TPS(ops/s)   Net(M/s)   Get_miss   Min(us)  Max(us)    Avg(us)    Std_dev    Geo_dist  
Period   10       6323         632          0.1        0          1937     1789019    345266     676199.84  25585.67
Global   560      336489       600          0.1        0          1799     3589631    360885     703908.15  26524.99

Total Statistics
Type     Time(s)  Ops          TPS(ops/s)   Net(M/s)   Get_miss   Min(us)  Max(us)    Avg(us)    Std_dev    Geo_dist  
Period   10       6323         632          0.1        0          1937     1789019    345266     676199.84  25585.67
Global   560      336489       600          0.1        0          1799     3589631    360885     703908.15  26524.99

[1;1H[2J
Get Statistics
Type     Time(s)  Ops          TPS(ops/s)   Net(M/s)   Get_miss   Min(us)  Max(us)    Avg(us)    Std_dev    Geo_dist  
Period   10       6064         606          0.1        0          1901     1759679    354713     683004.90  25838.98
Global   570      342553       600          0.1        0          1799     3589631    360776     703542.88  26512.69

Total Statistics
Type     Time(s)  Ops          TPS(ops/s)   Net(M/s)   Get_miss   Min(us)  Max(us)    Avg(us)    Std_dev    Geo_dist  
Period   10       6064         606          0.1        0          1901     1759679    354713     683004.90  25838.98
Global   570      342553       600          0.1        0          1799     3589631    360776     703542.88  26512.69

[1;1H[2J
Get Statistics
Type     Time(s)  Ops          TPS(ops/s)   Net(M/s)   Get_miss   Min(us)  Max(us)    Avg(us)    Std_dev    Geo_dist  
Period   10       6143         614          0.1        0          1929     1768797    352453     677901.33  25874.85
Global   580      348696       601          0.1        0          1799     3589631    360629     703099.35  26501.32

Total Statistics
Type     Time(s)  Ops          TPS(ops/s)   Net(M/s)   Get_miss   Min(us)  Max(us)    Avg(us)    Std_dev    Geo_dist  
Period   10       6143         614          0.1        0          1929     1768797    352453     677901.33  25874.85
Global   580      348696       601          0.1        0          1799     3589631    360629     703099.35  26501.32

[1;1H[2J
Get Statistics
Type     Time(s)  Ops          TPS(ops/s)   Net(M/s)   Get_miss   Min(us)  Max(us)    Avg(us)    Std_dev    Geo_dist  
Period   10       5967         596          0.1        0          1984     1768916    365391     694168.99  26334.20
Global   590      354663       601          0.1        0          1799     3589631    360710     702948.89  26498.50

Total Statistics
Type     Time(s)  Ops          TPS(ops/s)   Net(M/s)   Get_miss   Min(us)  Max(us)    Avg(us)    Std_dev    Geo_dist  
Period   10       5967         596          0.1        0          1984     1768916    365391     694168.99  26334.20
Global   590      354663       601          0.1        0          1799     3589631    360710     702948.89  26498.50

[1;1H[2J
Get Statistics
Type     Time(s)  Ops          TPS(ops/s)   Net(M/s)   Get_miss   Min(us)  Max(us)    Avg(us)    Std_dev    Geo_dist  
Period   10       5945         594          0.1        0          1988     1778100    365804     694266.64  27165.37
Global   600      360608       601          0.1        0          1799     3589631    360794     702805.96  26509.36

Total Statistics
Type     Time(s)  Ops          TPS(ops/s)   Net(M/s)   Get_miss   Min(us)  Max(us)    Avg(us)    Std_dev    Geo_dist  
Period   10       5945         594          0.1        0          1988     1778100    365804     694266.64  27165.37
Global   600      360608       601          0.1        0          1799     3589631    360794     702805.96  26509.36

[1;1H[2J
Get Statistics
Type     Time(s)  Ops          TPS(ops/s)   Net(M/s)   Get_miss   Min(us)  Max(us)    Avg(us)    Std_dev    Geo_dist  
Period   10       5962         596          0.1        0          1997     1887575    362068     696898.04  26333.84
Global   610      366570       600          0.1        0          1799     3589631    360814     702709.72  26506.49

Total Statistics
Type     Time(s)  Ops          TPS(ops/s)   Net(M/s)   Get_miss   Min(us)  Max(us)    Avg(us)    Std_dev    Geo_dist  
Period   10       5962         596          0.1        0          1997     1887575    362068     696898.04  26333.84
Global   610      366570       600          0.1        0          1799     3589631    360814     702709.72  26506.49

[1;1H[2J
Get Statistics
Type     Time(s)  Ops          TPS(ops/s)   Net(M/s)   Get_miss   Min(us)  Max(us)    Avg(us)    Std_dev    Geo_dist  
Period   10       5973         597          0.1        0          1946     2118818    355943     693490.35  27062.71
Global   620      372543       600          0.1        0          1799     3589631    360736     702562.15  26515.32

Total Statistics
Type     Time(s)  Ops          TPS(ops/s)   Net(M/s)   Get_miss   Min(us)  Max(us)    Avg(us)    Std_dev    Geo_dist  
Period   10       5973         597          0.1        0          1946     2118818    355943     693490.35  27062.71
Global   620      372543       600          0.1        0          1799     3589631    360736     702562.15  26515.32

[1;1H[2J
Get Statistics
Type     Time(s)  Ops          TPS(ops/s)   Net(M/s)   Get_miss   Min(us)  Max(us)    Avg(us)    Std_dev    Geo_dist  
Period   10       6319         631          0.1        0          1960     2188809    347826     694391.85  25133.56
Global   630      378862       601          0.1        0          1799     3589631    360521     702427.53  26491.66

Total Statistics
Type     Time(s)  Ops          TPS(ops/s)   Net(M/s)   Get_miss   Min(us)  Max(us)    Avg(us)    Std_dev    Geo_dist  
Period   10       6319         631          0.1        0          1960     2188809    347826     694391.85  25133.56
Global   630      378862       601          0.1        0          1799     3589631    360521     702427.53  26491.66

[1;1H[2J
Get Statistics
Type     Time(s)  Ops          TPS(ops/s)   Net(M/s)   Get_miss   Min(us)  Max(us)    Avg(us)    Std_dev    Geo_dist  
Period   10       6213         621          0.1        0          1940     1812764    349421     682169.59  25472.50
Global   640      385075       601          0.1        0          1799     3589631    360342     702105.80  26474.90

Total Statistics
Type     Time(s)  Ops          TPS(ops/s)   Net(M/s)   Get_miss   Min(us)  Max(us)    Avg(us)    Std_dev    Geo_dist  
Period   10       6213         621          0.1        0          1940     1812764    349421     682169.59  25472.50
Global   640      385075       601          0.1        0          1799     3589631    360342     702105.80  26474.90

[1;1H[2J
Get Statistics
Type     Time(s)  Ops          TPS(ops/s)   Net(M/s)   Get_miss   Min(us)  Max(us)    Avg(us)    Std_dev    Geo_dist  
Period   10       6100         610          0.1        0          1845     1830645    357438     694645.45  24931.57
Global   650      391175       601          0.1        0          1799     3589631    360296     701989.66  26450.11

Total Statistics
Type     Time(s)  Ops          TPS(ops/s)   Net(M/s)   Get_miss   Min(us)  Max(us)    Avg(us)    Std_dev    Geo_dist  
Period   10       6100         610          0.1        0          1845     1830645    357438     694645.45  24931.57
Global   650      391175       601          0.1        0          1799     3589631    360296     701989.66  26450.11

[1;1H[2J
Get Statistics
Type     Time(s)  Ops          TPS(ops/s)   Net(M/s)   Get_miss   Min(us)  Max(us)    Avg(us)    Std_dev    Geo_dist  
Period   10       5861         586          0.1        0          2000     1932611    369717     710989.75  25859.85
Global   660      397036       601          0.1        0          1799     3589631    360436     702122.89  26441.30

Total Statistics
Type     Time(s)  Ops          TPS(ops/s)   Net(M/s)   Get_miss   Min(us)  Max(us)    Avg(us)    Std_dev    Geo_dist  
Period   10       5861         586          0.1        0          2000     1932611    369717     710989.75  25859.85
Global   660      397036       601          0.1        0          1799     3589631    360436     702122.89  26441.30

[1;1H[2J
Get Statistics
Type     Time(s)  Ops          TPS(ops/s)   Net(M/s)   Get_miss   Min(us)  Max(us)    Avg(us)    Std_dev    Geo_dist  
Period   10       5782         578          0.1        0          1932     2143066    377726     724446.20  26907.48
Global   670      402818       601          0.1        0          1799     3589631    360684     702450.51  26447.94

Total Statistics
Type     Time(s)  Ops          TPS(ops/s)   Net(M/s)   Get_miss   Min(us)  Max(us)    Avg(us)    Std_dev    Geo_dist  
Period   10       5782         578          0.1        0          1932     2143066    377726     724446.20  26907.48
Global   670      402818       601          0.1        0          1799     3589631    360684     702450.51  26447.94

[1;1H[2J
Get Statistics
Type     Time(s)  Ops          TPS(ops/s)   Net(M/s)   Get_miss   Min(us)  Max(us)    Avg(us)    Std_dev    Geo_dist  
Period   10       5918         591          0.1        0          1848     1789253    368964     701145.52  26590.20
Global   680      408736       601          0.1        0          1799     3589631    360804     702431.41  26449.99

Total Statistics
Type     Time(s)  Ops          TPS(ops/s)   Net(M/s)   Get_miss   Min(us)  Max(us)    Avg(us)    Std_dev    Geo_dist  
Period   10       5918         591          0.1        0          1848     1789253    368964     701145.52  26590.20
Global   680      408736       601          0.1        0          1799     3589631    360804     702431.41  26449.99

[1;1H[2J
Get Statistics
Type     Time(s)  Ops          TPS(ops/s)   Net(M/s)   Get_miss   Min(us)  Max(us)    Avg(us)    Std_dev    Geo_dist  
Period   10       5939         593          0.1        0          1962     1906034    362889     709176.21  26175.59
Global   690      414675       600          0.1        0          1799     3589631    360833     702528.09  26446.04

Total Statistics
Type     Time(s)  Ops          TPS(ops/s)   Net(M/s)   Get_miss   Min(us)  Max(us)    Avg(us)    Std_dev    Geo_dist  
Period   10       5939         593          0.1        0          1962     1906034    362889     709176.21  26175.59
Global   690      414675       600          0.1        0          1799     3589631    360833     702528.09  26446.04

[1;1H[2J
Get Statistics
Type     Time(s)  Ops          TPS(ops/s)   Net(M/s)   Get_miss   Min(us)  Max(us)    Avg(us)    Std_dev    Geo_dist  
Period   10       5815         581          0.1        0          1988     1869712    376969     715545.27  27949.69
Global   700      420490       600          0.1        0          1799     3589631    361057     702710.97  26466.27

Total Statistics
Type     Time(s)  Ops          TPS(ops/s)   Net(M/s)   Get_miss   Min(us)  Max(us)    Avg(us)    Std_dev    Geo_dist  
Period   10       5815         581          0.1        0          1988     1869712    376969     715545.27  27949.69
Global   700      420490       600          0.1        0          1799     3589631    361057     702710.97  26466.27

[1;1H[2J
Get Statistics
Type     Time(s)  Ops          TPS(ops/s)   Net(M/s)   Get_miss   Min(us)  Max(us)    Avg(us)    Std_dev    Geo_dist  
Period   10       5790         579          0.1        0          1933     1825067    373266     711834.55  26527.43
Global   710      426280       600          0.1        0          1799     3589631    361222     702836.69  26467.10

Total Statistics
Type     Time(s)  Ops          TPS(ops/s)   Net(M/s)   Get_miss   Min(us)  Max(us)    Avg(us)    Std_dev    Geo_dist  
Period   10       5790         579          0.1        0          1933     1825067    373266     711834.55  26527.43
Global   710      426280       600          0.1        0          1799     3589631    361222     702836.69  26467.10

[1;1H[2J
Get Statistics
Type     Time(s)  Ops          TPS(ops/s)   Net(M/s)   Get_miss   Min(us)  Max(us)    Avg(us)    Std_dev    Geo_dist  
Period   10       6079         607          0.1        0          1986     1897002    361301     711824.90  26174.12
Global   720      432359       600          0.1        0          1799     3589631    361224     702962.57  26462.96

Total Statistics
Type     Time(s)  Ops          TPS(ops/s)   Net(M/s)   Get_miss   Min(us)  Max(us)    Avg(us)    Std_dev    Geo_dist  
Period   10       6079         607          0.1        0          1986     1897002    361301     711824.90  26174.12
Global   720      432359       600          0.1        0          1799     3589631    361224     702962.57  26462.96

Get Statistics (432548 events)
   Min:      1799
   Max:   3589631
   Avg:    361696
   Geo:  26507.72
   Std:  703198.81
   Log2 Dist:
       8:        0        0        0      403
      12:    32702    86487   181614    38897
      16:     4097      544      410      638
      20:      238    84703     1815

Total Statistics (432548 events)
   Min:      1799
   Max:   3589631
   Avg:    361696
   Geo:  26507.72
   Std:  703198.81
   Log2 Dist:
       8:        0        0        0      403
      12:    32702    86487   181614    38897
      16:     4097      544      410      638
      20:      238    84703     1815

cmd_get: 432764
cmd_set: 221184
get_misses: 0
written_bytes: 44906090
read_bytes: 73139892
object_bytes: 31850496

Run time: 723.9s Ops: 653948 TPS: 903 Net_rate: 0.2M/s
