servers : 10.0.0.6:11212
threads count: 192
concurrency: 192
run time: 600s
windows size: 1k
set proportion: set_prop=0.00
get proportion: get_prop=1.00
[1;1H[2J
Get Statistics
Type     Time(s)  Ops          TPS(ops/s)   Net(M/s)   Get_miss   Min(us)  Max(us)    Avg(us)    Std_dev    Geo_dist  
Period   10       49240        4924         0.7        0          572      333174     39089      52939.54   17279.00
Global   10       49240        4924         0.7        0          572      333174     39089      52939.54   17279.00

Total Statistics
Type     Time(s)  Ops          TPS(ops/s)   Net(M/s)   Get_miss   Min(us)  Max(us)    Avg(us)    Std_dev    Geo_dist  
Period   10       49240        4924         0.7        0          572      333174     39089      52939.54   17279.00
Global   10       49240        4924         0.7        0          572      333174     39089      52939.54   17279.00

[1;1H[2J
Get Statistics
Type     Time(s)  Ops          TPS(ops/s)   Net(M/s)   Get_miss   Min(us)  Max(us)    Avg(us)    Std_dev    Geo_dist  
Period   10       50413        5041         0.7        0          665      286943     38083      52842.43   16056.48
Global   20       99653        4982         0.7        0          572      333174     38580      52892.62   16649.33

Total Statistics
Type     Time(s)  Ops          TPS(ops/s)   Net(M/s)   Get_miss   Min(us)  Max(us)    Avg(us)    Std_dev    Geo_dist  
Period   10       50413        5041         0.7        0          665      286943     38083      52842.43   16056.48
Global   20       99653        4982         0.7        0          572      333174     38580      52892.62   16649.33

[1;1H[2J
Get Statistics
Type     Time(s)  Ops          TPS(ops/s)   Net(M/s)   Get_miss   Min(us)  Max(us)    Avg(us)    Std_dev    Geo_dist  
Period   10       47353        4735         0.7        0          521      343077     40927      58842.66   16111.93
Global   30       147006       4900         0.7        0          521      343077     39336      54890.46   16474.30

Total Statistics
Type     Time(s)  Ops          TPS(ops/s)   Net(M/s)   Get_miss   Min(us)  Max(us)    Avg(us)    Std_dev    Geo_dist  
Period   10       47353        4735         0.7        0          521      343077     40927      58842.66   16111.93
Global   30       147006       4900         0.7        0          521      343077     39336      54890.46   16474.30

[1;1H[2J
Get Statistics
Type     Time(s)  Ops          TPS(ops/s)   Net(M/s)   Get_miss   Min(us)  Max(us)    Avg(us)    Std_dev    Geo_dist  
Period   10       41395        4139         0.6        0          638      723603     45515      84587.64   16873.27
Global   40       188401       4710         0.6        0          521      723603     40694      62686.03   16561.14

Total Statistics
Type     Time(s)  Ops          TPS(ops/s)   Net(M/s)   Get_miss   Min(us)  Max(us)    Avg(us)    Std_dev    Geo_dist  
Period   10       41395        4139         0.6        0          638      723603     45515      84587.64   16873.27
Global   40       188401       4710         0.6        0          521      723603     40694      62686.03   16561.14

[1;1H[2J
Get Statistics
Type     Time(s)  Ops          TPS(ops/s)   Net(M/s)   Get_miss   Min(us)  Max(us)    Avg(us)    Std_dev    Geo_dist  
Period   10       51869        5186         0.7        0          598      375831     37920      53557.93   15609.83
Global   50       240270       4805         0.7        0          521      723603     40095      60842.22   16350.99

Total Statistics
Type     Time(s)  Ops          TPS(ops/s)   Net(M/s)   Get_miss   Min(us)  Max(us)    Avg(us)    Std_dev    Geo_dist  
Period   10       51869        5186         0.7        0          598      375831     37920      53557.93   15609.83
Global   50       240270       4805         0.7        0          521      723603     40095      60842.22   16350.99

[1;1H[2J
Get Statistics
Type     Time(s)  Ops          TPS(ops/s)   Net(M/s)   Get_miss   Min(us)  Max(us)    Avg(us)    Std_dev    Geo_dist  
Period   10       50085        5008         0.7        0          625      306568     38540      51179.11   16809.60
Global   60       290355       4839         0.7        0          521      723603     39827      59290.56   16429.19

Total Statistics
Type     Time(s)  Ops          TPS(ops/s)   Net(M/s)   Get_miss   Min(us)  Max(us)    Avg(us)    Std_dev    Geo_dist  
Period   10       50085        5008         0.7        0          625      306568     38540      51179.11   16809.60
Global   60       290355       4839         0.7        0          521      723603     39827      59290.56   16429.19

[1;1H[2J
Get Statistics
Type     Time(s)  Ops          TPS(ops/s)   Net(M/s)   Get_miss   Min(us)  Max(us)    Avg(us)    Std_dev    Geo_dist  
Period   10       48124        4812         0.7        0          668      299414     40055      55920.61   16513.28
Global   70       338479       4835         0.7        0          521      723603     39859      58823.46   16441.12

Total Statistics
Type     Time(s)  Ops          TPS(ops/s)   Net(M/s)   Get_miss   Min(us)  Max(us)    Avg(us)    Std_dev    Geo_dist  
Period   10       48124        4812         0.7        0          668      299414     40055      55920.61   16513.28
Global   70       338479       4835         0.7        0          521      723603     39859      58823.46   16441.12

[1;1H[2J
Get Statistics
Type     Time(s)  Ops          TPS(ops/s)   Net(M/s)   Get_miss   Min(us)  Max(us)    Avg(us)    Std_dev    Geo_dist  
Period   10       46656        4665         0.7        0          510      724482     40949      66970.92   16085.53
Global   80       385135       4814         0.6        0          510      724482     39991      59870.50   16397.63

Total Statistics
Type     Time(s)  Ops          TPS(ops/s)   Net(M/s)   Get_miss   Min(us)  Max(us)    Avg(us)    Std_dev    Geo_dist  
Period   10       46656        4665         0.7        0          510      724482     40949      66970.92   16085.53
Global   80       385135       4814         0.6        0          510      724482     39991      59870.50   16397.63

[1;1H[2J
Get Statistics
Type     Time(s)  Ops          TPS(ops/s)   Net(M/s)   Get_miss   Min(us)  Max(us)    Avg(us)    Std_dev    Geo_dist  
Period   10       48162        4816         0.7        0          640      602985     40295      60807.48   15682.70
Global   90       433297       4814         0.7        0          510      724482     40025      59975.24   16316.58

Total Statistics
Type     Time(s)  Ops          TPS(ops/s)   Net(M/s)   Get_miss   Min(us)  Max(us)    Avg(us)    Std_dev    Geo_dist  
Period   10       48162        4816         0.7        0          640      602985     40295      60807.48   15682.70
Global   90       433297       4814         0.7        0          510      724482     40025      59975.24   16316.58

[1;1H[2J
Get Statistics
Type     Time(s)  Ops          TPS(ops/s)   Net(M/s)   Get_miss   Min(us)  Max(us)    Avg(us)    Std_dev    Geo_dist  
Period   10       49942        4994         0.7        0          635      521144     38652      56845.63   15669.53
Global   100      483239       4832         0.7        0          510      724482     39883      59660.88   16248.49

Total Statistics
Type     Time(s)  Ops          TPS(ops/s)   Net(M/s)   Get_miss   Min(us)  Max(us)    Avg(us)    Std_dev    Geo_dist  
Period   10       49942        4994         0.7        0          635      521144     38652      56845.63   15669.53
Global   100      483239       4832         0.7        0          510      724482     39883      59660.88   16248.49

[1;1H[2J
Get Statistics
Type     Time(s)  Ops          TPS(ops/s)   Net(M/s)   Get_miss   Min(us)  Max(us)    Avg(us)    Std_dev    Geo_dist  
Period   10       47698        4769         0.7        0          608      395055     40401      59565.32   15656.98
Global   110      530937       4826         0.7        0          510      724482     39930      59652.12   16194.45

Total Statistics
Type     Time(s)  Ops          TPS(ops/s)   Net(M/s)   Get_miss   Min(us)  Max(us)    Avg(us)    Std_dev    Geo_dist  
Period   10       47699        4769         0.7        0          608      395055     40401      59564.47   15657.02
Global   110      530938       4826         0.7        0          510      724482     39930      59652.04   16194.45

[1;1H[2J
Get Statistics
Type     Time(s)  Ops          TPS(ops/s)   Net(M/s)   Get_miss   Min(us)  Max(us)    Avg(us)    Std_dev    Geo_dist  
Period   10       50033        5003         0.7        0          586      502602     38291      55569.64   15903.04
Global   120      580970       4841         0.7        0          510      724482     39789      59313.24   16169.42

Total Statistics
Type     Time(s)  Ops          TPS(ops/s)   Net(M/s)   Get_miss   Min(us)  Max(us)    Avg(us)    Std_dev    Geo_dist  
Period   10       50032        5003         0.7        0          586      502602     38292      55569.77   15906.11
Global   120      580970       4841         0.7        0          510      724482     39789      59313.24   16169.42

[1;1H[2J
Get Statistics
Type     Time(s)  Ops          TPS(ops/s)   Net(M/s)   Get_miss   Min(us)  Max(us)    Avg(us)    Std_dev    Geo_dist  
Period   10       47767        4776         0.7        0          630      555228     40623      62545.69   16125.13
Global   130      628737       4836         0.7        0          510      724482     39852      59565.57   16166.05

Total Statistics
Type     Time(s)  Ops          TPS(ops/s)   Net(M/s)   Get_miss   Min(us)  Max(us)    Avg(us)    Std_dev    Geo_dist  
Period   10       47767        4776         0.7        0          630      555228     40623      62545.69   16125.13
Global   130      628737       4836         0.7        0          510      724482     39852      59565.57   16166.05

[1;1H[2J
Get Statistics
Type     Time(s)  Ops          TPS(ops/s)   Net(M/s)   Get_miss   Min(us)  Max(us)    Avg(us)    Std_dev    Geo_dist  
Period   10       47840        4784         0.7        0          615      455374     40254      58498.61   16475.61
Global   140      676577       4832         0.7        0          510      724482     39880      59491.09   16187.74

Total Statistics
Type     Time(s)  Ops          TPS(ops/s)   Net(M/s)   Get_miss   Min(us)  Max(us)    Avg(us)    Std_dev    Geo_dist  
Period   10       47840        4784         0.7        0          615      455374     40254      58498.61   16475.61
Global   140      676577       4832         0.7        0          510      724482     39880      59491.09   16187.74

[1;1H[2J
Get Statistics
Type     Time(s)  Ops          TPS(ops/s)   Net(M/s)   Get_miss   Min(us)  Max(us)    Avg(us)    Std_dev    Geo_dist  
Period   10       44755        4475         0.7        0          648      481409     43106      63940.95   17017.22
Global   150      721332       4808         0.6        0          510      724482     40081      59781.27   16238.01

Total Statistics
Type     Time(s)  Ops          TPS(ops/s)   Net(M/s)   Get_miss   Min(us)  Max(us)    Avg(us)    Std_dev    Geo_dist  
Period   10       44755        4475         0.7        0          648      481409     43106      63940.95   17017.22
Global   150      721332       4808         0.6        0          510      724482     40081      59781.27   16238.01

[1;1H[2J
Get Statistics
Type     Time(s)  Ops          TPS(ops/s)   Net(M/s)   Get_miss   Min(us)  Max(us)    Avg(us)    Std_dev    Geo_dist  
Period   10       51026        5102         0.7        0          523      299438     37726      52676.06   15746.88
Global   160      772358       4827         0.7        0          510      724482     39925      59341.25   16205.10

Total Statistics
Type     Time(s)  Ops          TPS(ops/s)   Net(M/s)   Get_miss   Min(us)  Max(us)    Avg(us)    Std_dev    Geo_dist  
Period   10       51026        5102         0.7        0          523      299438     37726      52676.06   15746.88
Global   160      772358       4827         0.7        0          510      724482     39925      59341.25   16205.10

[1;1H[2J
Get Statistics
Type     Time(s)  Ops          TPS(ops/s)   Net(M/s)   Get_miss   Min(us)  Max(us)    Avg(us)    Std_dev    Geo_dist  
Period   10       48084        4808         0.7        0          677      321927     39777      56257.96   16225.79
Global   170      820442       4826         0.7        0          510      724482     39916      59165.18   16206.31

Total Statistics
Type     Time(s)  Ops          TPS(ops/s)   Net(M/s)   Get_miss   Min(us)  Max(us)    Avg(us)    Std_dev    Geo_dist  
Period   10       48084        4808         0.7        0          677      321927     39777      56257.96   16225.79
Global   170      820442       4826         0.7        0          510      724482     39916      59165.18   16206.31

[1;1H[2J
Get Statistics
Type     Time(s)  Ops          TPS(ops/s)   Net(M/s)   Get_miss   Min(us)  Max(us)    Avg(us)    Std_dev    Geo_dist  
Period   10       50519        5051         0.7        0          626      384478     38512      52312.78   16399.72
Global   180      870961       4838         0.7        0          510      724482     39835      58790.13   16217.46

Total Statistics
Type     Time(s)  Ops          TPS(ops/s)   Net(M/s)   Get_miss   Min(us)  Max(us)    Avg(us)    Std_dev    Geo_dist  
Period   10       50519        5051         0.7        0          626      384478     38512      52312.78   16399.72
Global   180      870961       4838         0.7        0          510      724482     39835      58790.13   16217.46

[1;1H[2J
Get Statistics
Type     Time(s)  Ops          TPS(ops/s)   Net(M/s)   Get_miss   Min(us)  Max(us)    Avg(us)    Std_dev    Geo_dist  
Period   10       49635        4963         0.7        0          646      518673     38816      56811.35   16011.87
Global   190      920596       4845         0.7        0          510      724482     39780      58685.61   16206.31

Total Statistics
Type     Time(s)  Ops          TPS(ops/s)   Net(M/s)   Get_miss   Min(us)  Max(us)    Avg(us)    Std_dev    Geo_dist  
Period   10       49635        4963         0.7        0          646      518673     38816      56811.35   16011.87
Global   190      920596       4845         0.7        0          510      724482     39780      58685.61   16206.31

[1;1H[2J
Get Statistics
Type     Time(s)  Ops          TPS(ops/s)   Net(M/s)   Get_miss   Min(us)  Max(us)    Avg(us)    Std_dev    Geo_dist  
Period   10       44722        4472         0.7        0          539      576108     43112      66776.69   16909.71
Global   200      965318       4826         0.6        0          510      724482     39934      59089.30   16238.24

Total Statistics
Type     Time(s)  Ops          TPS(ops/s)   Net(M/s)   Get_miss   Min(us)  Max(us)    Avg(us)    Std_dev    Geo_dist  
Period   10       44722        4472         0.7        0          539      576108     43112      66776.69   16909.71
Global   200      965318       4826         0.6        0          510      724482     39934      59089.30   16238.24

[1;1H[2J
Get Statistics
Type     Time(s)  Ops          TPS(ops/s)   Net(M/s)   Get_miss   Min(us)  Max(us)    Avg(us)    Std_dev    Geo_dist  
Period   10       46113        4611         0.7        0          625      430521     41793      60340.17   17128.24
Global   210      1011431      4816         0.6        0          510      724482     40019      59147.98   16277.80

Total Statistics
Type     Time(s)  Ops          TPS(ops/s)   Net(M/s)   Get_miss   Min(us)  Max(us)    Avg(us)    Std_dev    Geo_dist  
Period   10       46114        4611         0.7        0          625      430521     41792      60339.98   17128.35
Global   210      1011432      4816         0.6        0          510      724482     40019      59147.94   16277.80

[1;1H[2J
Get Statistics
Type     Time(s)  Ops          TPS(ops/s)   Net(M/s)   Get_miss   Min(us)  Max(us)    Avg(us)    Std_dev    Geo_dist  
Period   10       46482        4648         0.7        0          607      1109659    41529      66785.84   18930.55
Global   220      1057913      4808         0.6        0          510      1109659    40085      59505.17   16386.29

Total Statistics
Type     Time(s)  Ops          TPS(ops/s)   Net(M/s)   Get_miss   Min(us)  Max(us)    Avg(us)    Std_dev    Geo_dist  
Period   10       46481        4648         0.7        0          607      1109659    41530      66786.21   18934.56
Global   220      1057913      4808         0.6        0          510      1109659    40085      59505.17   16386.29

[1;1H[2J
Get Statistics
Type     Time(s)  Ops          TPS(ops/s)   Net(M/s)   Get_miss   Min(us)  Max(us)    Avg(us)    Std_dev    Geo_dist  
Period   10       50628        5062         0.7        0          629      273251     37972      44611.83   17770.29
Global   230      1108541      4819         0.7        0          510      1109659    39989      58908.39   16447.08

Total Statistics
Type     Time(s)  Ops          TPS(ops/s)   Net(M/s)   Get_miss   Min(us)  Max(us)    Avg(us)    Std_dev    Geo_dist  
Period   10       50628        5062         0.7        0          629      273251     37972      44611.83   17770.29
Global   230      1108541      4819         0.7        0          510      1109659    39989      58908.39   16447.08

[1;1H[2J
Get Statistics
Type     Time(s)  Ops          TPS(ops/s)   Net(M/s)   Get_miss   Min(us)  Max(us)    Avg(us)    Std_dev    Geo_dist  
Period   10       47774        4777         0.7        0          667      336831     40422      56694.63   16411.19
Global   240      1156315      4817         0.7        0          510      1109659    40007      58818.54   16445.60

Total Statistics
Type     Time(s)  Ops          TPS(ops/s)   Net(M/s)   Get_miss   Min(us)  Max(us)    Avg(us)    Std_dev    Geo_dist  
Period   10       47774        4777         0.7        0          667      336831     40422      56694.63   16411.19
Global   240      1156315      4817         0.7        0          510      1109659    40007      58818.54   16445.60

[1;1H[2J
Get Statistics
Type     Time(s)  Ops          TPS(ops/s)   Net(M/s)   Get_miss   Min(us)  Max(us)    Avg(us)    Std_dev    Geo_dist  
Period   10       45989        4598         0.7        0          687      436630     41853      66317.45   15533.17
Global   250      1202304      4809         0.6        0          510      1109659    40077      59124.32   16409.73

Total Statistics
Type     Time(s)  Ops          TPS(ops/s)   Net(M/s)   Get_miss   Min(us)  Max(us)    Avg(us)    Std_dev    Geo_dist  
Period   10       45989        4598         0.7        0          687      436630     41853      66317.45   15533.17
Global   250      1202304      4809         0.6        0          510      1109659    40077      59124.32   16409.73

[1;1H[2J
Get Statistics
Type     Time(s)  Ops          TPS(ops/s)   Net(M/s)   Get_miss   Min(us)  Max(us)    Avg(us)    Std_dev    Geo_dist  
Period   10       48925        4892         0.7        0          604      270065     39428      54176.37   16263.75
Global   260      1251229      4812         0.7        0          510      1109659    40052      58938.51   16404.00

Total Statistics
Type     Time(s)  Ops          TPS(ops/s)   Net(M/s)   Get_miss   Min(us)  Max(us)    Avg(us)    Std_dev    Geo_dist  
Period   10       48925        4892         0.7        0          604      270065     39428      54176.37   16263.75
Global   260      1251229      4812         0.7        0          510      1109659    40052      58938.51   16404.00

[1;1H[2J
Get Statistics
Type     Time(s)  Ops          TPS(ops/s)   Net(M/s)   Get_miss   Min(us)  Max(us)    Avg(us)    Std_dev    Geo_dist  
Period   10       47850        4785         0.7        0          594      529087     40333      60293.69   15909.80
Global   270      1299079      4811         0.7        0          510      1109659    40062      58989.22   16385.52

Total Statistics
Type     Time(s)  Ops          TPS(ops/s)   Net(M/s)   Get_miss   Min(us)  Max(us)    Avg(us)    Std_dev    Geo_dist  
Period   10       47850        4785         0.7        0          594      529087     40333      60293.69   15909.80
Global   270      1299079      4811         0.7        0          510      1109659    40062      58989.22   16385.52

[1;1H[2J
Get Statistics
Type     Time(s)  Ops          TPS(ops/s)   Net(M/s)   Get_miss   Min(us)  Max(us)    Avg(us)    Std_dev    Geo_dist  
Period   10       48814        4881         0.7        0          649      318113     39491      56559.83   15795.25
Global   280      1347893      4813         0.7        0          510      1109659    40042      58902.60   16363.77

Total Statistics
Type     Time(s)  Ops          TPS(ops/s)   Net(M/s)   Get_miss   Min(us)  Max(us)    Avg(us)    Std_dev    Geo_dist  
Period   10       48814        4881         0.7        0          649      318113     39491      56559.83   15795.25
Global   280      1347893      4813         0.7        0          510      1109659    40042      58902.60   16363.77

[1;1H[2J
Get Statistics
Type     Time(s)  Ops          TPS(ops/s)   Net(M/s)   Get_miss   Min(us)  Max(us)    Avg(us)    Std_dev    Geo_dist  
Period   10       47718        4771         0.7        0          605      454730     40287      57820.47   16301.01
Global   290      1395611      4812         0.7        0          510      1109659    40050      58866.18   16361.62

Total Statistics
Type     Time(s)  Ops          TPS(ops/s)   Net(M/s)   Get_miss   Min(us)  Max(us)    Avg(us)    Std_dev    Geo_dist  
Period   10       47718        4771         0.7        0          605      454730     40287      57820.47   16301.01
Global   290      1395611      4812         0.7        0          510      1109659    40050      58866.18   16361.62

[1;1H[2J
Get Statistics
Type     Time(s)  Ops          TPS(ops/s)   Net(M/s)   Get_miss   Min(us)  Max(us)    Avg(us)    Std_dev    Geo_dist  
Period   10       47603        4760         0.7        0          625      338786     40535      57998.18   16104.55
Global   300      1443214      4810         0.7        0          510      1109659    40066      58837.80   16353.07

Total Statistics
Type     Time(s)  Ops          TPS(ops/s)   Net(M/s)   Get_miss   Min(us)  Max(us)    Avg(us)    Std_dev    Geo_dist  
Period   10       47603        4760         0.7        0          625      338786     40535      57998.18   16104.55
Global   300      1443214      4810         0.7        0          510      1109659    40066      58837.80   16353.07

[1;1H[2J
Get Statistics
Type     Time(s)  Ops          TPS(ops/s)   Net(M/s)   Get_miss   Min(us)  Max(us)    Avg(us)    Std_dev    Geo_dist  
Period   10       47272        4727         0.7        0          551      351724     40798      59733.84   15569.96
Global   310      1490486      4808         0.6        0          510      1109659    40089      58866.69   16327.64

Total Statistics
Type     Time(s)  Ops          TPS(ops/s)   Net(M/s)   Get_miss   Min(us)  Max(us)    Avg(us)    Std_dev    Geo_dist  
Period   10       47272        4727         0.7        0          551      351724     40798      59733.84   15569.96
Global   310      1490486      4808         0.6        0          510      1109659    40089      58866.69   16327.64

[1;1H[2J
Get Statistics
Type     Time(s)  Ops          TPS(ops/s)   Net(M/s)   Get_miss   Min(us)  Max(us)    Avg(us)    Std_dev    Geo_dist  
Period   10       47880        4788         0.7        0          634      280291     40228      53688.89   17044.96
Global   320      1538366      4807         0.7        0          510      1109659    40094      58711.95   16349.51

Total Statistics
Type     Time(s)  Ops          TPS(ops/s)   Net(M/s)   Get_miss   Min(us)  Max(us)    Avg(us)    Std_dev    Geo_dist  
Period   10       47880        4788         0.7        0          634      280291     40228      53688.89   17044.96
Global   320      1538366      4807         0.7        0          510      1109659    40094      58711.95   16349.51

[1;1H[2J
Get Statistics
Type     Time(s)  Ops          TPS(ops/s)   Net(M/s)   Get_miss   Min(us)  Max(us)    Avg(us)    Std_dev    Geo_dist  
Period   10       49004        4900         0.7        0          591      321274     39368      53202.63   16908.40
Global   330      1587370      4810         0.7        0          510      1109659    40071      58550.15   16366.48

Total Statistics
Type     Time(s)  Ops          TPS(ops/s)   Net(M/s)   Get_miss   Min(us)  Max(us)    Avg(us)    Std_dev    Geo_dist  
Period   10       49004        4900         0.7        0          591      321274     39368      53202.63   16908.40
Global   330      1587370      4810         0.7        0          510      1109659    40071      58550.15   16366.48

[1;1H[2J
Get Statistics
Type     Time(s)  Ops          TPS(ops/s)   Net(M/s)   Get_miss   Min(us)  Max(us)    Avg(us)    Std_dev    Geo_dist  
Period   10       50252        5025         0.7        0          512      273162     38332      52154.98   16008.01
Global   340      1637622      4816         0.7        0          510      1109659    40018      58364.84   16355.36

Total Statistics
Type     Time(s)  Ops          TPS(ops/s)   Net(M/s)   Get_miss   Min(us)  Max(us)    Avg(us)    Std_dev    Geo_dist  
Period   10       50252        5025         0.7        0          512      273162     38332      52154.98   16008.01
Global   340      1637622      4816         0.7        0          510      1109659    40018      58364.84   16355.36

[1;1H[2J
Get Statistics
Type     Time(s)  Ops          TPS(ops/s)   Net(M/s)   Get_miss   Min(us)  Max(us)    Avg(us)    Std_dev    Geo_dist  
Period   10       44853        4485         0.7        0          603      810871     42811      77413.05   17177.51
Global   350      1682475      4807         0.6        0          510      1109659    40092      58954.55   16376.76

Total Statistics
Type     Time(s)  Ops          TPS(ops/s)   Net(M/s)   Get_miss   Min(us)  Max(us)    Avg(us)    Std_dev    Geo_dist  
Period   10       44853        4485         0.7        0          603      810871     42811      77413.05   17177.51
Global   350      1682475      4807         0.6        0          510      1109659    40092      58954.55   16376.76

[1;1H[2J
Get Statistics
Type     Time(s)  Ops          TPS(ops/s)   Net(M/s)   Get_miss   Min(us)  Max(us)    Avg(us)    Std_dev    Geo_dist  
Period   10       48451        4845         0.7        0          551      377688     39952      60741.50   15375.96
Global   360      1730926      4808         0.7        0          510      1109659    40088      59005.34   16347.88

Total Statistics
Type     Time(s)  Ops          TPS(ops/s)   Net(M/s)   Get_miss   Min(us)  Max(us)    Avg(us)    Std_dev    Geo_dist  
Period   10       48451        4845         0.7        0          551      377688     39952      60741.50   15375.96
Global   360      1730926      4808         0.7        0          510      1109659    40088      59005.34   16347.88

[1;1H[2J
Get Statistics
Type     Time(s)  Ops          TPS(ops/s)   Net(M/s)   Get_miss   Min(us)  Max(us)    Avg(us)    Std_dev    Geo_dist  
Period   10       45160        4516         0.7        0          714      964346     42677      72847.96   16740.86
Global   370      1776086      4800         0.6        0          510      1109659    40154      59398.56   16357.76

Total Statistics
Type     Time(s)  Ops          TPS(ops/s)   Net(M/s)   Get_miss   Min(us)  Max(us)    Avg(us)    Std_dev    Geo_dist  
Period   10       45160        4516         0.7        0          714      964346     42677      72847.96   16740.86
Global   370      1776086      4800         0.6        0          510      1109659    40154      59398.56   16357.76

[1;1H[2J
Get Statistics
Type     Time(s)  Ops          TPS(ops/s)   Net(M/s)   Get_miss   Min(us)  Max(us)    Avg(us)    Std_dev    Geo_dist  
Period   10       50061        5006         0.7        0          618      534186     38545      59573.11   15603.76
Global   380      1826147      4805         0.7        0          510      1109659    40110      59403.84   16336.61

Total Statistics
Type     Time(s)  Ops          TPS(ops/s)   Net(M/s)   Get_miss   Min(us)  Max(us)    Avg(us)    Std_dev    Geo_dist  
Period   10       50061        5006         0.7        0          618      534186     38545      59573.11   15603.76
Global   380      1826147      4805         0.7        0          510      1109659    40110      59403.84   16336.61

[1;1H[2J
Get Statistics
Type     Time(s)  Ops          TPS(ops/s)   Net(M/s)   Get_miss   Min(us)  Max(us)    Avg(us)    Std_dev    Geo_dist  
Period   10       49896        4989         0.7        0          611      275039     38621      52154.51   16389.67
Global   390      1876043      4810         0.7        0          510      1109659    40070      59223.27   16338.02

Total Statistics
Type     Time(s)  Ops          TPS(ops/s)   Net(M/s)   Get_miss   Min(us)  Max(us)    Avg(us)    Std_dev    Geo_dist  
Period   10       49896        4989         0.7        0          611      275039     38621      52154.51   16389.67
Global   390      1876043      4810         0.7        0          510      1109659    40070      59223.27   16338.02

[1;1H[2J
Get Statistics
Type     Time(s)  Ops          TPS(ops/s)   Net(M/s)   Get_miss   Min(us)  Max(us)    Avg(us)    Std_dev    Geo_dist  
Period   10       50264        5026         0.7        0          545      317575     38410      51539.44   16455.91
Global   400      1926307      4815         0.7        0          510      1109659    40027      59035.84   16341.08

Total Statistics
Type     Time(s)  Ops          TPS(ops/s)   Net(M/s)   Get_miss   Min(us)  Max(us)    Avg(us)    Std_dev    Geo_dist  
Period   10       50264        5026         0.7        0          545      317575     38410      51539.44   16455.91
Global   400      1926307      4815         0.7        0          510      1109659    40027      59035.84   16341.08

[1;1H[2J
Get Statistics
Type     Time(s)  Ops          TPS(ops/s)   Net(M/s)   Get_miss   Min(us)  Max(us)    Avg(us)    Std_dev    Geo_dist  
Period   10       49079        4907         0.7        0          667      436039     39145      56911.60   16115.07
Global   410      1975386      4818         0.7        0          510      1109659    40005      58984.20   16335.43

Total Statistics
Type     Time(s)  Ops          TPS(ops/s)   Net(M/s)   Get_miss   Min(us)  Max(us)    Avg(us)    Std_dev    Geo_dist  
Period   10       49079        4907         0.7        0          667      436039     39145      56911.60   16115.07
Global   410      1975386      4818         0.7        0          510      1109659    40005      58984.20   16335.43

[1;1H[2J
Get Statistics
Type     Time(s)  Ops          TPS(ops/s)   Net(M/s)   Get_miss   Min(us)  Max(us)    Avg(us)    Std_dev    Geo_dist  
Period   10       51793        5179         0.7        0          658      239071     37239      50422.43   15931.90
Global   420      2027179      4826         0.7        0          510      1109659    39935      58782.13   16324.99

Total Statistics
Type     Time(s)  Ops          TPS(ops/s)   Net(M/s)   Get_miss   Min(us)  Max(us)    Avg(us)    Std_dev    Geo_dist  
Period   10       51793        5179         0.7        0          658      239071     37239      50422.43   15931.90
Global   420      2027179      4826         0.7        0          510      1109659    39935      58782.13   16324.99

[1;1H[2J
Get Statistics
Type     Time(s)  Ops          TPS(ops/s)   Net(M/s)   Get_miss   Min(us)  Max(us)    Avg(us)    Std_dev    Geo_dist  
Period   10       51591        5159         0.7        0          641      438038     37300      53382.54   15885.78
Global   430      2078770      4834         0.7        0          510      1109659    39869      58655.97   16313.95

Total Statistics
Type     Time(s)  Ops          TPS(ops/s)   Net(M/s)   Get_miss   Min(us)  Max(us)    Avg(us)    Std_dev    Geo_dist  
Period   10       51591        5159         0.7        0          641      438038     37300      53382.54   15885.78
Global   430      2078770      4834         0.7        0          510      1109659    39869      58655.97   16313.95

[1;1H[2J
Get Statistics
Type     Time(s)  Ops          TPS(ops/s)   Net(M/s)   Get_miss   Min(us)  Max(us)    Avg(us)    Std_dev    Geo_dist  
Period   10       48575        4857         0.7        0          711      396684     39806      55804.97   16855.19
Global   440      2127345      4834         0.7        0          510      1109659    39868      58592.11   16326.11

Total Statistics
Type     Time(s)  Ops          TPS(ops/s)   Net(M/s)   Get_miss   Min(us)  Max(us)    Avg(us)    Std_dev    Geo_dist  
Period   10       48575        4857         0.7        0          711      396684     39806      55804.97   16855.19
Global   440      2127345      4834         0.7        0          510      1109659    39868      58592.11   16326.11

[1;1H[2J
Get Statistics
Type     Time(s)  Ops          TPS(ops/s)   Net(M/s)   Get_miss   Min(us)  Max(us)    Avg(us)    Std_dev    Geo_dist  
Period   10       49479        4947         0.7        0          607      333059     38845      53292.88   16479.10
Global   450      2176824      4837         0.7        0          510      1109659    39844      58477.69   16329.57

Total Statistics
Type     Time(s)  Ops          TPS(ops/s)   Net(M/s)   Get_miss   Min(us)  Max(us)    Avg(us)    Std_dev    Geo_dist  
Period   10       49479        4947         0.7        0          607      333059     38845      53292.88   16479.10
Global   450      2176824      4837         0.7        0          510      1109659    39844      58477.69   16329.57

[1;1H[2J
Get Statistics
Type     Time(s)  Ops          TPS(ops/s)   Net(M/s)   Get_miss   Min(us)  Max(us)    Avg(us)    Std_dev    Geo_dist  
Period   10       48820        4882         0.7        0          682      372794     39600      55791.44   16203.76
Global   460      2225644      4838         0.7        0          510      1109659    39839      58419.85   16326.80

Total Statistics
Type     Time(s)  Ops          TPS(ops/s)   Net(M/s)   Get_miss   Min(us)  Max(us)    Avg(us)    Std_dev    Geo_dist  
Period   10       48820        4882         0.7        0          682      372794     39600      55791.44   16203.76
Global   460      2225644      4838         0.7        0          510      1109659    39839      58419.85   16326.80

[1;1H[2J
Get Statistics
Type     Time(s)  Ops          TPS(ops/s)   Net(M/s)   Get_miss   Min(us)  Max(us)    Avg(us)    Std_dev    Geo_dist  
Period   10       48497        4849         0.7        0          657      598213     39682      62297.55   15812.44
Global   470      2274141      4838         0.7        0          510      1109659    39836      58504.98   16315.66

Total Statistics
Type     Time(s)  Ops          TPS(ops/s)   Net(M/s)   Get_miss   Min(us)  Max(us)    Avg(us)    Std_dev    Geo_dist  
Period   10       48497        4849         0.7        0          657      598213     39682      62297.55   15812.44
Global   470      2274141      4838         0.7        0          510      1109659    39836      58504.98   16315.66

[1;1H[2J
Get Statistics
Type     Time(s)  Ops          TPS(ops/s)   Net(M/s)   Get_miss   Min(us)  Max(us)    Avg(us)    Std_dev    Geo_dist  
Period   10       48219        4821         0.7        0          568      502855     40018      60037.69   15940.32
Global   480      2322360      4838         0.7        0          510      1109659    39840      58537.05   16307.78

Total Statistics
Type     Time(s)  Ops          TPS(ops/s)   Net(M/s)   Get_miss   Min(us)  Max(us)    Avg(us)    Std_dev    Geo_dist  
Period   10       48219        4821         0.7        0          568      502855     40018      60037.69   15940.32
Global   480      2322360      4838         0.7        0          510      1109659    39840      58537.05   16307.78

[1;1H[2J
Get Statistics
Type     Time(s)  Ops          TPS(ops/s)   Net(M/s)   Get_miss   Min(us)  Max(us)    Avg(us)    Std_dev    Geo_dist  
Period   10       48984        4898         0.7        0          671      598316     39321      60325.81   16021.93
Global   490      2371344      4839         0.7        0          510      1109659    39829      58574.78   16301.82

Total Statistics
Type     Time(s)  Ops          TPS(ops/s)   Net(M/s)   Get_miss   Min(us)  Max(us)    Avg(us)    Std_dev    Geo_dist  
Period   10       48984        4898         0.7        0          671      598316     39321      60325.81   16021.93
Global   490      2371344      4839         0.7        0          510      1109659    39829      58574.78   16301.82

[1;1H[2J
Get Statistics
Type     Time(s)  Ops          TPS(ops/s)   Net(M/s)   Get_miss   Min(us)  Max(us)    Avg(us)    Std_dev    Geo_dist  
Period   10       48922        4892         0.7        0          630      541977     39378      57294.42   16943.95
Global   500      2420266      4840         0.7        0          510      1109659    39820      58549.12   16314.56

Total Statistics
Type     Time(s)  Ops          TPS(ops/s)   Net(M/s)   Get_miss   Min(us)  Max(us)    Avg(us)    Std_dev    Geo_dist  
Period   10       48922        4892         0.7        0          630      541977     39378      57294.42   16943.95
Global   500      2420266      4840         0.7        0          510      1109659    39820      58549.12   16314.56

[1;1H[2J
Get Statistics
Type     Time(s)  Ops          TPS(ops/s)   Net(M/s)   Get_miss   Min(us)  Max(us)    Avg(us)    Std_dev    Geo_dist  
Period   10       48957        4895         0.7        0          609      355465     39390      52513.92   17502.64
Global   510      2469223      4841         0.7        0          510      1109659    39811      58435.86   16337.31

Total Statistics
Type     Time(s)  Ops          TPS(ops/s)   Net(M/s)   Get_miss   Min(us)  Max(us)    Avg(us)    Std_dev    Geo_dist  
Period   10       48957        4895         0.7        0          609      355465     39390      52513.92   17502.64
Global   510      2469223      4841         0.7        0          510      1109659    39811      58435.86   16337.31

[1;1H[2J
Get Statistics
Type     Time(s)  Ops          TPS(ops/s)   Net(M/s)   Get_miss   Min(us)  Max(us)    Avg(us)    Std_dev    Geo_dist  
Period   10       45766        4576         0.7        0          673      1095419    42099      84022.50   16113.31
Global   520      2514989      4836         0.6        0          510      1109659    39853      59001.20   16333.21

Total Statistics
Type     Time(s)  Ops          TPS(ops/s)   Net(M/s)   Get_miss   Min(us)  Max(us)    Avg(us)    Std_dev    Geo_dist  
Period   10       45766        4576         0.7        0          673      1095419    42099      84022.50   16113.31
Global   520      2514989      4836         0.6        0          510      1109659    39853      59001.20   16333.21

[1;1H[2J
Get Statistics
Type     Time(s)  Ops          TPS(ops/s)   Net(M/s)   Get_miss   Min(us)  Max(us)    Avg(us)    Std_dev    Geo_dist  
Period   10       51050        5105         0.7        0          585      274738     37822      53623.16   15387.74
Global   530      2566039      4841         0.7        0          510      1109659    39812      58900.07   16313.84

Total Statistics
Type     Time(s)  Ops          TPS(ops/s)   Net(M/s)   Get_miss   Min(us)  Max(us)    Avg(us)    Std_dev    Geo_dist  
Period   10       51050        5105         0.7        0          585      274738     37822      53623.16   15387.74
Global   530      2566039      4841         0.7        0          510      1109659    39812      58900.07   16313.84

[1;1H[2J
Get Statistics
Type     Time(s)  Ops          TPS(ops/s)   Net(M/s)   Get_miss   Min(us)  Max(us)    Avg(us)    Std_dev    Geo_dist  
Period   10       49510        4951         0.7        0          573      309858     38931      55701.28   15873.38
Global   540      2615549      4843         0.7        0          510      1109659    39796      58840.78   16305.39

Total Statistics
Type     Time(s)  Ops          TPS(ops/s)   Net(M/s)   Get_miss   Min(us)  Max(us)    Avg(us)    Std_dev    Geo_dist  
Period   10       49510        4951         0.7        0          573      309858     38931      55701.28   15873.38
Global   540      2615549      4843         0.7        0          510      1109659    39796      58840.78   16305.39

[1;1H[2J
Get Statistics
Type     Time(s)  Ops          TPS(ops/s)   Net(M/s)   Get_miss   Min(us)  Max(us)    Avg(us)    Std_dev    Geo_dist  
Period   10       50077        5007         0.7        0          637      393321     38622      47929.49   18233.19
Global   550      2665626      4846         0.7        0          510      1109659    39774      58654.69   16339.66

Total Statistics
Type     Time(s)  Ops          TPS(ops/s)   Net(M/s)   Get_miss   Min(us)  Max(us)    Avg(us)    Std_dev    Geo_dist  
Period   10       50077        5007         0.7        0          637      393321     38622      47929.49   18233.19
Global   550      2665626      4846         0.7        0          510      1109659    39774      58654.69   16339.66

[1;1H[2J
Get Statistics
Type     Time(s)  Ops          TPS(ops/s)   Net(M/s)   Get_miss   Min(us)  Max(us)    Avg(us)    Std_dev    Geo_dist  
Period   10       48139        4813         0.7        0          626      410340     40062      58010.53   16217.66
Global   560      2713765      4846         0.7        0          510      1109659    39779      58643.40   16337.49

Total Statistics
Type     Time(s)  Ops          TPS(ops/s)   Net(M/s)   Get_miss   Min(us)  Max(us)    Avg(us)    Std_dev    Geo_dist  
Period   10       48139        4813         0.7        0          626      410340     40062      58010.53   16217.66
Global   560      2713765      4846         0.7        0          510      1109659    39779      58643.40   16337.49

[1;1H[2J
Get Statistics
Type     Time(s)  Ops          TPS(ops/s)   Net(M/s)   Get_miss   Min(us)  Max(us)    Avg(us)    Std_dev    Geo_dist  
Period   10       48553        4855         0.7        0          654      315682     39683      53938.02   17013.90
Global   570      2762318      4846         0.7        0          510      1109659    39777      58564.16   16349.14

Total Statistics
Type     Time(s)  Ops          TPS(ops/s)   Net(M/s)   Get_miss   Min(us)  Max(us)    Avg(us)    Std_dev    Geo_dist  
Period   10       48553        4855         0.7        0          654      315682     39683      53938.02   17013.90
Global   570      2762318      4846         0.7        0          510      1109659    39777      58564.16   16349.14

[1;1H[2J
Get Statistics
Type     Time(s)  Ops          TPS(ops/s)   Net(M/s)   Get_miss   Min(us)  Max(us)    Avg(us)    Std_dev    Geo_dist  
Period   10       52155        5215         0.7        0          549      249755     36985      50550.88   15622.36
Global   580      2814473      4852         0.7        0          510      1109659    39725      58427.04   16335.37

Total Statistics
Type     Time(s)  Ops          TPS(ops/s)   Net(M/s)   Get_miss   Min(us)  Max(us)    Avg(us)    Std_dev    Geo_dist  
Period   10       52156        5215         0.7        0          549      249755     36987      50552.15   15623.00
Global   580      2814474      4852         0.7        0          510      1109659    39725      58427.08   16335.38

[1;1H[2J
Get Statistics
Type     Time(s)  Ops          TPS(ops/s)   Net(M/s)   Get_miss   Min(us)  Max(us)    Avg(us)    Std_dev    Geo_dist  
Period   10       48542        4854         0.7        0          641      298533     39682      56264.74   15877.76
Global   590      2863015      4852         0.7        0          510      1109659    39725      58390.60   16327.57

Total Statistics
Type     Time(s)  Ops          TPS(ops/s)   Net(M/s)   Get_miss   Min(us)  Max(us)    Avg(us)    Std_dev    Geo_dist  
Period   10       48541        4854         0.7        0          641      298533     39683      56264.90   15880.92
Global   590      2863015      4852         0.7        0          510      1109659    39725      58390.60   16327.57

[1;1H[2J
Get Statistics
Type     Time(s)  Ops          TPS(ops/s)   Net(M/s)   Get_miss   Min(us)  Max(us)    Avg(us)    Std_dev    Geo_dist  
Period   10       52181        5218         0.7        0          633      277403     36932      49983.02   16057.71
Global   600      2915196      4858         0.7        0          510      1109659    39675      58251.95   16322.70

Total Statistics
Type     Time(s)  Ops          TPS(ops/s)   Net(M/s)   Get_miss   Min(us)  Max(us)    Avg(us)    Std_dev    Geo_dist  
Period   10       52181        5218         0.7        0          633      277403     36932      49983.02   16057.71
Global   600      2915196      4858         0.7        0          510      1109659    39675      58251.95   16322.70

Get Statistics (2915388 events)
   Min:       510
   Max:   1109659
   Avg:     39677
   Geo:  16323.94
   Std:  58252.12
   Log2 Dist:
       8:        0        2    10000   191611
      12:   263180   160415   1166328   390144
      16:   123144   287482   307563    13100
      20:     2278      141

Total Statistics (2915388 events)
   Min:       510
   Max:   1109659
   Avg:     39677
   Geo:  16323.94
   Std:  58252.12
   Log2 Dist:
       8:        0        2    10000   191611
      12:   263180   160415   1166328   390144
      16:   123144   287482   307563    13100
      20:     2278      141

cmd_get: 2915580
cmd_set: 196608
get_misses: 0
written_bytes: 95595816
read_bytes: 482611884
object_bytes: 28311552

Run time: 602.5s Ops: 3112188 TPS: 5166 Net_rate: 0.9M/s
