servers : 10.0.0.6:11212
threads count: 192
concurrency: 192
run time: 600s
windows size: 1k
set proportion: set_prop=0.00
get proportion: get_prop=1.00
[1;1H[2J
Get Statistics
Type     Time(s)  Ops          TPS(ops/s)   Net(M/s)   Get_miss   Min(us)  Max(us)    Avg(us)    Std_dev    Geo_dist  
Period   10       52442        5244         0.7        0          691      323316     36396      49250.68   17300.88
Global   10       52442        5244         0.7        0          691      323316     36396      49250.68   17300.88

Total Statistics
Type     Time(s)  Ops          TPS(ops/s)   Net(M/s)   Get_miss   Min(us)  Max(us)    Avg(us)    Std_dev    Geo_dist  
Period   10       52442        5244         0.7        0          691      323316     36396      49250.68   17300.88
Global   10       52442        5244         0.7        0          691      323316     36396      49250.68   17300.88

[1;1H[2J
Get Statistics
Type     Time(s)  Ops          TPS(ops/s)   Net(M/s)   Get_miss   Min(us)  Max(us)    Avg(us)    Std_dev    Geo_dist  
Period   10       50507        5050         0.7        0          699      311064     38244      53930.66   16165.68
Global   20       102949       5147         0.7        0          691      323316     37302      51608.23   16734.32

Total Statistics
Type     Time(s)  Ops          TPS(ops/s)   Net(M/s)   Get_miss   Min(us)  Max(us)    Avg(us)    Std_dev    Geo_dist  
Period   10       50509        5050         0.7        0          699      311064     38244      53930.02   16165.38
Global   20       102951       5147         0.7        0          691      323316     37302      51607.96   16734.16

[1;1H[2J
Get Statistics
Type     Time(s)  Ops          TPS(ops/s)   Net(M/s)   Get_miss   Min(us)  Max(us)    Avg(us)    Std_dev    Geo_dist  
Period   10       47273        4727         0.7        0          695      343788     40895      59166.36   16175.91
Global   30       150222       5007         0.6        0          691      343788     38433      54126.27   16558.58

Total Statistics
Type     Time(s)  Ops          TPS(ops/s)   Net(M/s)   Get_miss   Min(us)  Max(us)    Avg(us)    Std_dev    Geo_dist  
Period   10       47272        4727         0.7        0          695      343788     40896      59166.61   16182.41
Global   30       150223       5007         0.6        0          691      343788     38433      54126.01   16558.54

[1;1H[2J
Get Statistics
Type     Time(s)  Ops          TPS(ops/s)   Net(M/s)   Get_miss   Min(us)  Max(us)    Avg(us)    Std_dev    Geo_dist  
Period   10       43730        4373         0.7        0          655      723240     43976      82183.48   16816.10
Global   40       193952       4848         0.6        0          655      723240     39683      61621.97   16617.10

Total Statistics
Type     Time(s)  Ops          TPS(ops/s)   Net(M/s)   Get_miss   Min(us)  Max(us)    Avg(us)    Std_dev    Geo_dist  
Period   10       43730        4373         0.7        0          655      723240     43977      82183.03   16820.01
Global   40       193953       4848         0.6        0          655      723240     39683      61621.77   16617.13

[1;1H[2J
Get Statistics
Type     Time(s)  Ops          TPS(ops/s)   Net(M/s)   Get_miss   Min(us)  Max(us)    Avg(us)    Std_dev    Geo_dist  
Period   10       51200        5120         0.7        0          738      374905     37773      53687.35   15658.65
Global   50       245152       4903         0.7        0          655      723240     39284      60056.50   16412.87

Total Statistics
Type     Time(s)  Ops          TPS(ops/s)   Net(M/s)   Get_miss   Min(us)  Max(us)    Avg(us)    Std_dev    Geo_dist  
Period   10       51199        5119         0.7        0          738      374905     37773      53688.13   15661.60
Global   50       245152       4903         0.7        0          655      723240     39284      60056.50   16412.87

[1;1H[2J
Get Statistics
Type     Time(s)  Ops          TPS(ops/s)   Net(M/s)   Get_miss   Min(us)  Max(us)    Avg(us)    Std_dev    Geo_dist  
Period   10       50959        5095         0.7        0          664      254842     37480      49262.61   16736.89
Global   60       296111       4935         0.7        0          655      723240     38974      58344.97   16468.18

Total Statistics
Type     Time(s)  Ops          TPS(ops/s)   Net(M/s)   Get_miss   Min(us)  Max(us)    Avg(us)    Std_dev    Geo_dist  
Period   10       50959        5095         0.7        0          664      254842     37480      49262.61   16736.89
Global   60       296111       4935         0.7        0          655      723240     38974      58344.97   16468.18

[1;1H[2J
Get Statistics
Type     Time(s)  Ops          TPS(ops/s)   Net(M/s)   Get_miss   Min(us)  Max(us)    Avg(us)    Std_dev    Geo_dist  
Period   10       48210        4821         0.7        0          563      306432     40275      56824.00   16629.25
Global   70       344321       4918         0.7        0          563      723240     39156      58136.18   16490.64

Total Statistics
Type     Time(s)  Ops          TPS(ops/s)   Net(M/s)   Get_miss   Min(us)  Max(us)    Avg(us)    Std_dev    Geo_dist  
Period   10       48210        4821         0.7        0          563      306432     40275      56824.00   16629.25
Global   70       344321       4918         0.7        0          563      723240     39156      58136.18   16490.64

[1;1H[2J
Get Statistics
Type     Time(s)  Ops          TPS(ops/s)   Net(M/s)   Get_miss   Min(us)  Max(us)    Avg(us)    Std_dev    Geo_dist  
Period   10       46929        4692         0.7        0          626      727334     41108      66950.28   16420.11
Global   80       391250       4890         0.6        0          563      727334     39390      59266.02   16482.17

Total Statistics
Type     Time(s)  Ops          TPS(ops/s)   Net(M/s)   Get_miss   Min(us)  Max(us)    Avg(us)    Std_dev    Geo_dist  
Period   10       46929        4692         0.7        0          626      727334     41108      66950.28   16420.11
Global   80       391250       4890         0.6        0          563      727334     39390      59266.02   16482.17

[1;1H[2J
Get Statistics
Type     Time(s)  Ops          TPS(ops/s)   Net(M/s)   Get_miss   Min(us)  Max(us)    Avg(us)    Std_dev    Geo_dist  
Period   10       48123        4812         0.7        0          640      604751     40090      60580.92   15930.70
Global   90       439373       4881         0.7        0          563      727334     39467      59411.57   16420.85

Total Statistics
Type     Time(s)  Ops          TPS(ops/s)   Net(M/s)   Get_miss   Min(us)  Max(us)    Avg(us)    Std_dev    Geo_dist  
Period   10       48123        4812         0.7        0          640      604751     40090      60580.92   15930.70
Global   90       439373       4881         0.7        0          563      727334     39467      59411.57   16420.85

[1;1H[2J
Get Statistics
Type     Time(s)  Ops          TPS(ops/s)   Net(M/s)   Get_miss   Min(us)  Max(us)    Avg(us)    Std_dev    Geo_dist  
Period   10       52047        5204         0.7        0          556      232712     36678      50691.83   15559.25
Global   100      491420       4914         0.7        0          556      727334     39171      58556.22   16327.38

Total Statistics
Type     Time(s)  Ops          TPS(ops/s)   Net(M/s)   Get_miss   Min(us)  Max(us)    Avg(us)    Std_dev    Geo_dist  
Period   10       52047        5204         0.7        0          556      232712     36678      50691.83   15559.25
Global   100      491420       4914         0.7        0          556      727334     39171      58556.22   16327.38

[1;1H[2J
Get Statistics
Type     Time(s)  Ops          TPS(ops/s)   Net(M/s)   Get_miss   Min(us)  Max(us)    Avg(us)    Std_dev    Geo_dist  
Period   10       47124        4712         0.7        0          468      520494     41503      64180.80   15955.47
Global   110      538544       4895         0.6        0          468      727334     39375      59073.42   16294.49

Total Statistics
Type     Time(s)  Ops          TPS(ops/s)   Net(M/s)   Get_miss   Min(us)  Max(us)    Avg(us)    Std_dev    Geo_dist  
Period   10       47124        4712         0.7        0          468      520494     41503      64180.80   15955.47
Global   110      538544       4895         0.6        0          468      727334     39375      59073.42   16294.49

[1;1H[2J
Get Statistics
Type     Time(s)  Ops          TPS(ops/s)   Net(M/s)   Get_miss   Min(us)  Max(us)    Avg(us)    Std_dev    Geo_dist  
Period   10       51799        5179         0.7        0          703      221779     37387      50729.15   16136.38
Global   120      590343       4919         0.7        0          468      727334     39201      58391.38   16280.56

Total Statistics
Type     Time(s)  Ops          TPS(ops/s)   Net(M/s)   Get_miss   Min(us)  Max(us)    Avg(us)    Std_dev    Geo_dist  
Period   10       51799        5179         0.7        0          703      221779     37387      50729.15   16136.38
Global   120      590343       4919         0.7        0          468      727334     39201      58391.38   16280.56

[1;1H[2J
Get Statistics
Type     Time(s)  Ops          TPS(ops/s)   Net(M/s)   Get_miss   Min(us)  Max(us)    Avg(us)    Std_dev    Geo_dist  
Period   10       46343        4634         0.7        0          704      549868     41742      67077.33   16266.92
Global   130      636686       4897         0.6        0          468      727334     39386      59070.33   16279.57

Total Statistics
Type     Time(s)  Ops          TPS(ops/s)   Net(M/s)   Get_miss   Min(us)  Max(us)    Avg(us)    Std_dev    Geo_dist  
Period   10       46343        4634         0.7        0          704      549868     41742      67077.33   16266.92
Global   130      636686       4897         0.6        0          468      727334     39386      59070.33   16279.57

[1;1H[2J
Get Statistics
Type     Time(s)  Ops          TPS(ops/s)   Net(M/s)   Get_miss   Min(us)  Max(us)    Avg(us)    Std_dev    Geo_dist  
Period   10       47782        4778         0.7        0          728      454342     40507      58796.67   16850.12
Global   140      684468       4889         0.7        0          468      727334     39464      59052.09   16318.76

Total Statistics
Type     Time(s)  Ops          TPS(ops/s)   Net(M/s)   Get_miss   Min(us)  Max(us)    Avg(us)    Std_dev    Geo_dist  
Period   10       47782        4778         0.7        0          728      454342     40507      58796.67   16850.12
Global   140      684468       4889         0.7        0          468      727334     39464      59052.09   16318.76

[1;1H[2J
Get Statistics
Type     Time(s)  Ops          TPS(ops/s)   Net(M/s)   Get_miss   Min(us)  Max(us)    Avg(us)    Std_dev    Geo_dist  
Period   10       44522        4452         0.7        0          731      481262     42754      62370.46   17306.78
Global   150      728990       4859         0.6        0          468      727334     39665      59265.23   16377.45

Total Statistics
Type     Time(s)  Ops          TPS(ops/s)   Net(M/s)   Get_miss   Min(us)  Max(us)    Avg(us)    Std_dev    Geo_dist  
Period   10       44522        4452         0.7        0          731      481262     42754      62370.46   17306.78
Global   150      728990       4859         0.6        0          468      727334     39665      59265.23   16377.45

[1;1H[2J
Get Statistics
Type     Time(s)  Ops          TPS(ops/s)   Net(M/s)   Get_miss   Min(us)  Max(us)    Avg(us)    Std_dev    Geo_dist  
Period   10       51676        5167         0.7        0          709      324572     38074      54145.32   15867.63
Global   160      780666       4879         0.7        0          468      727334     39560      58941.15   16343.20

Total Statistics
Type     Time(s)  Ops          TPS(ops/s)   Net(M/s)   Get_miss   Min(us)  Max(us)    Avg(us)    Std_dev    Geo_dist  
Period   10       51676        5167         0.7        0          709      324572     38074      54145.32   15867.63
Global   160      780666       4879         0.7        0          468      727334     39560      58941.15   16343.20

[1;1H[2J
Get Statistics
Type     Time(s)  Ops          TPS(ops/s)   Net(M/s)   Get_miss   Min(us)  Max(us)    Avg(us)    Std_dev    Geo_dist  
Period   10       48372        4837         0.7        0          662      324004     39977      56290.37   16466.14
Global   170      829038       4876         0.7        0          468      727334     39584      58790.04   16350.35

Total Statistics
Type     Time(s)  Ops          TPS(ops/s)   Net(M/s)   Get_miss   Min(us)  Max(us)    Avg(us)    Std_dev    Geo_dist  
Period   10       48372        4837         0.7        0          662      324004     39977      56290.37   16466.14
Global   170      829038       4876         0.7        0          468      727334     39584      58790.04   16350.35

[1;1H[2J
Get Statistics
Type     Time(s)  Ops          TPS(ops/s)   Net(M/s)   Get_miss   Min(us)  Max(us)    Avg(us)    Std_dev    Geo_dist  
Period   10       50369        5036         0.7        0          642      385159     38468      51798.41   16669.67
Global   180      879407       4885         0.7        0          468      727334     39520      58412.78   16368.47

Total Statistics
Type     Time(s)  Ops          TPS(ops/s)   Net(M/s)   Get_miss   Min(us)  Max(us)    Avg(us)    Std_dev    Geo_dist  
Period   10       50369        5036         0.7        0          642      385159     38468      51798.41   16669.67
Global   180      879407       4885         0.7        0          468      727334     39520      58412.78   16368.47

[1;1H[2J
Get Statistics
Type     Time(s)  Ops          TPS(ops/s)   Net(M/s)   Get_miss   Min(us)  Max(us)    Avg(us)    Std_dev    Geo_dist  
Period   10       48706        4870         0.7        0          599      518197     39734      57845.08   16411.41
Global   190      928113       4884         0.7        0          468      727334     39531      58383.27   16370.72

Total Statistics
Type     Time(s)  Ops          TPS(ops/s)   Net(M/s)   Get_miss   Min(us)  Max(us)    Avg(us)    Std_dev    Geo_dist  
Period   10       48706        4870         0.7        0          599      518197     39734      57845.08   16411.41
Global   190      928113       4884         0.7        0          468      727334     39531      58383.27   16370.72

[1;1H[2J
Get Statistics
Type     Time(s)  Ops          TPS(ops/s)   Net(M/s)   Get_miss   Min(us)  Max(us)    Avg(us)    Std_dev    Geo_dist  
Period   10       44650        4465         0.7        0          593      575941     43299      66523.82   17196.12
Global   200      972763       4863         0.6        0          468      727334     39704      58786.83   16407.73

Total Statistics
Type     Time(s)  Ops          TPS(ops/s)   Net(M/s)   Get_miss   Min(us)  Max(us)    Avg(us)    Std_dev    Geo_dist  
Period   10       44650        4465         0.7        0          593      575941     43299      66523.82   17196.12
Global   200      972763       4863         0.6        0          468      727334     39704      58786.83   16407.73

[1;1H[2J
Get Statistics
Type     Time(s)  Ops          TPS(ops/s)   Net(M/s)   Get_miss   Min(us)  Max(us)    Avg(us)    Std_dev    Geo_dist  
Period   10       46479        4647         0.7        0          691      431320     41564      60008.09   17421.64
Global   210      1019242      4853         0.6        0          468      727334     39789      58844.20   16452.65

Total Statistics
Type     Time(s)  Ops          TPS(ops/s)   Net(M/s)   Get_miss   Min(us)  Max(us)    Avg(us)    Std_dev    Geo_dist  
Period   10       46479        4647         0.7        0          691      431320     41564      60008.09   17421.64
Global   210      1019242      4853         0.6        0          468      727334     39789      58844.20   16452.65

[1;1H[2J
Get Statistics
Type     Time(s)  Ops          TPS(ops/s)   Net(M/s)   Get_miss   Min(us)  Max(us)    Avg(us)    Std_dev    Geo_dist  
Period   10       46686        4668         0.7        0          706      1110113    41337      66610.57   19042.79
Global   220      1065928      4845         0.6        0          468      1110113    39857      59206.37   16558.34

Total Statistics
Type     Time(s)  Ops          TPS(ops/s)   Net(M/s)   Get_miss   Min(us)  Max(us)    Avg(us)    Std_dev    Geo_dist  
Period   10       46686        4668         0.7        0          706      1110113    41337      66610.57   19042.79
Global   220      1065928      4845         0.6        0          468      1110113    39857      59206.37   16558.34

[1;1H[2J
Get Statistics
Type     Time(s)  Ops          TPS(ops/s)   Net(M/s)   Get_miss   Min(us)  Max(us)    Avg(us)    Std_dev    Geo_dist  
Period   10       50497        5049         0.7        0          741      273032     38025      44213.83   18100.45
Global   230      1116425      4854         0.7        0          468      1110113    39774      58612.43   16625.17

Total Statistics
Type     Time(s)  Ops          TPS(ops/s)   Net(M/s)   Get_miss   Min(us)  Max(us)    Avg(us)    Std_dev    Geo_dist  
Period   10       50497        5049         0.7        0          741      273032     38025      44213.83   18100.45
Global   230      1116425      4854         0.7        0          468      1110113    39774      58612.43   16625.17

[1;1H[2J
Get Statistics
Type     Time(s)  Ops          TPS(ops/s)   Net(M/s)   Get_miss   Min(us)  Max(us)    Avg(us)    Std_dev    Geo_dist  
Period   10       47407        4740         0.7        0          603      336751     40717      56940.66   16788.83
Global   240      1163832      4849         0.7        0          468      1110113    39812      58545.82   16631.81

Total Statistics
Type     Time(s)  Ops          TPS(ops/s)   Net(M/s)   Get_miss   Min(us)  Max(us)    Avg(us)    Std_dev    Geo_dist  
Period   10       47407        4740         0.7        0          603      336751     40717      56940.66   16788.83
Global   240      1163832      4849         0.7        0          468      1110113    39812      58545.82   16631.81

[1;1H[2J
Get Statistics
Type     Time(s)  Ops          TPS(ops/s)   Net(M/s)   Get_miss   Min(us)  Max(us)    Avg(us)    Std_dev    Geo_dist  
Period   10       45343        4534         0.7        0          693      440115     42530      66627.27   16122.89
Global   250      1209175      4836         0.6        0          468      1110113    39914      58871.07   16612.43

Total Statistics
Type     Time(s)  Ops          TPS(ops/s)   Net(M/s)   Get_miss   Min(us)  Max(us)    Avg(us)    Std_dev    Geo_dist  
Period   10       45343        4534         0.7        0          693      440115     42530      66627.27   16122.89
Global   250      1209175      4836         0.6        0          468      1110113    39914      58871.07   16612.43

[1;1H[2J
Get Statistics
Type     Time(s)  Ops          TPS(ops/s)   Net(M/s)   Get_miss   Min(us)  Max(us)    Avg(us)    Std_dev    Geo_dist  
Period   10       49371        4937         0.7        0          670      269023     38929      53205.32   16532.80
Global   260      1258546      4840         0.7        0          468      1110113    39876      58658.98   16609.30

Total Statistics
Type     Time(s)  Ops          TPS(ops/s)   Net(M/s)   Get_miss   Min(us)  Max(us)    Avg(us)    Std_dev    Geo_dist  
Period   10       49371        4937         0.7        0          670      269023     38929      53205.32   16532.80
Global   260      1258546      4840         0.7        0          468      1110113    39876      58658.98   16609.30

[1;1H[2J
Get Statistics
Type     Time(s)  Ops          TPS(ops/s)   Net(M/s)   Get_miss   Min(us)  Max(us)    Avg(us)    Std_dev    Geo_dist  
Period   10       47485        4748         0.7        0          626      528886     40766      60974.11   16281.49
Global   270      1306031      4837         0.7        0          468      1110113    39908      58745.21   16597.27

Total Statistics
Type     Time(s)  Ops          TPS(ops/s)   Net(M/s)   Get_miss   Min(us)  Max(us)    Avg(us)    Std_dev    Geo_dist  
Period   10       47485        4748         0.7        0          626      528886     40766      60974.11   16281.49
Global   270      1306031      4837         0.7        0          468      1110113    39908      58745.21   16597.27

[1;1H[2J
Get Statistics
Type     Time(s)  Ops          TPS(ops/s)   Net(M/s)   Get_miss   Min(us)  Max(us)    Avg(us)    Std_dev    Geo_dist  
Period   10       48125        4812         0.7        0          663      327210     40061      57041.98   16280.76
Global   280      1354156      4836         0.7        0          468      1110113    39914      58685.13   16585.92

Total Statistics
Type     Time(s)  Ops          TPS(ops/s)   Net(M/s)   Get_miss   Min(us)  Max(us)    Avg(us)    Std_dev    Geo_dist  
Period   10       48125        4812         0.7        0          663      327210     40061      57041.98   16280.76
Global   280      1354156      4836         0.7        0          468      1110113    39914      58685.13   16585.92

[1;1H[2J
Get Statistics
Type     Time(s)  Ops          TPS(ops/s)   Net(M/s)   Get_miss   Min(us)  Max(us)    Avg(us)    Std_dev    Geo_dist  
Period   10       48451        4845         0.7        0          554      454044     39766      56854.99   16444.42
Global   290      1402607      4836         0.7        0          468      1110113    39908      58623.45   16581.01

Total Statistics
Type     Time(s)  Ops          TPS(ops/s)   Net(M/s)   Get_miss   Min(us)  Max(us)    Avg(us)    Std_dev    Geo_dist  
Period   10       48451        4845         0.7        0          554      454044     39766      56854.99   16444.42
Global   290      1402607      4836         0.7        0          468      1110113    39908      58623.45   16581.01

[1;1H[2J
Get Statistics
Type     Time(s)  Ops          TPS(ops/s)   Net(M/s)   Get_miss   Min(us)  Max(us)    Avg(us)    Std_dev    Geo_dist  
Period   10       47137        4713         0.7        0          634      337315     40844      58128.27   16535.51
Global   300      1449744      4832         0.6        0          468      1110113    39939      58607.25   16579.53

Total Statistics
Type     Time(s)  Ops          TPS(ops/s)   Net(M/s)   Get_miss   Min(us)  Max(us)    Avg(us)    Std_dev    Geo_dist  
Period   10       47137        4713         0.7        0          634      337315     40844      58128.27   16535.51
Global   300      1449744      4832         0.6        0          468      1110113    39939      58607.25   16579.53

[1;1H[2J
Get Statistics
Type     Time(s)  Ops          TPS(ops/s)   Net(M/s)   Get_miss   Min(us)  Max(us)    Avg(us)    Std_dev    Geo_dist  
Period   10       47398        4739         0.7        0          642      349706     40665      59531.94   15804.29
Global   310      1497142      4829         0.7        0          468      1110113    39962      58636.85   16554.41

Total Statistics
Type     Time(s)  Ops          TPS(ops/s)   Net(M/s)   Get_miss   Min(us)  Max(us)    Avg(us)    Std_dev    Geo_dist  
Period   10       47398        4739         0.7        0          642      349706     40665      59531.94   15804.29
Global   310      1497142      4829         0.7        0          468      1110113    39962      58636.85   16554.41

[1;1H[2J
Get Statistics
Type     Time(s)  Ops          TPS(ops/s)   Net(M/s)   Get_miss   Min(us)  Max(us)    Avg(us)    Std_dev    Geo_dist  
Period   10       48937        4893         0.7        0          667      279584     39421      52949.34   17067.50
Global   320      1546079      4831         0.7        0          468      1110113    39945      58465.29   16570.41

Total Statistics
Type     Time(s)  Ops          TPS(ops/s)   Net(M/s)   Get_miss   Min(us)  Max(us)    Avg(us)    Std_dev    Geo_dist  
Period   10       48937        4893         0.7        0          667      279584     39421      52949.34   17067.50
Global   320      1546079      4831         0.7        0          468      1110113    39945      58465.29   16570.41

[1;1H[2J
Get Statistics
Type     Time(s)  Ops          TPS(ops/s)   Net(M/s)   Get_miss   Min(us)  Max(us)    Avg(us)    Std_dev    Geo_dist  
Period   10       49241        4924         0.7        0          560      321638     39201      53171.66   17025.30
Global   330      1595320      4834         0.7        0          468      1110113    39922      58309.23   16584.27

Total Statistics
Type     Time(s)  Ops          TPS(ops/s)   Net(M/s)   Get_miss   Min(us)  Max(us)    Avg(us)    Std_dev    Geo_dist  
Period   10       49241        4924         0.7        0          560      321638     39201      53171.66   17025.30
Global   330      1595320      4834         0.7        0          468      1110113    39922      58309.23   16584.27

[1;1H[2J
Get Statistics
Type     Time(s)  Ops          TPS(ops/s)   Net(M/s)   Get_miss   Min(us)  Max(us)    Avg(us)    Std_dev    Geo_dist  
Period   10       49294        4929         0.7        0          717      262298     39034      52418.72   16507.74
Global   340      1644614      4837         0.7        0          468      1110113    39895      58141.80   16581.97

Total Statistics
Type     Time(s)  Ops          TPS(ops/s)   Net(M/s)   Get_miss   Min(us)  Max(us)    Avg(us)    Std_dev    Geo_dist  
Period   10       49294        4929         0.7        0          717      262298     39034      52418.72   16507.74
Global   340      1644614      4837         0.7        0          468      1110113    39895      58141.80   16581.97

[1;1H[2J
Get Statistics
Type     Time(s)  Ops          TPS(ops/s)   Net(M/s)   Get_miss   Min(us)  Max(us)    Avg(us)    Std_dev    Geo_dist  
Period   10       46172        4617         0.7        0          564      739215     41722      76170.19   16869.42
Global   350      1690786      4830         0.6        0          468      1110113    39945      58708.34   16589.75

Total Statistics
Type     Time(s)  Ops          TPS(ops/s)   Net(M/s)   Get_miss   Min(us)  Max(us)    Avg(us)    Std_dev    Geo_dist  
Period   10       46172        4617         0.7        0          564      739215     41722      76170.19   16869.42
Global   350      1690786      4830         0.6        0          468      1110113    39945      58708.34   16589.75

[1;1H[2J
Get Statistics
Type     Time(s)  Ops          TPS(ops/s)   Net(M/s)   Get_miss   Min(us)  Max(us)    Avg(us)    Std_dev    Geo_dist  
Period   10       48088        4808         0.7        0          625      378467     40123      60682.06   15777.87
Global   360      1738874      4830         0.7        0          468      1110113    39950      58763.76   16566.75

Total Statistics
Type     Time(s)  Ops          TPS(ops/s)   Net(M/s)   Get_miss   Min(us)  Max(us)    Avg(us)    Std_dev    Geo_dist  
Period   10       48088        4808         0.7        0          625      378467     40123      60682.06   15777.87
Global   360      1738874      4830         0.7        0          468      1110113    39950      58763.76   16566.75

[1;1H[2J
Get Statistics
Type     Time(s)  Ops          TPS(ops/s)   Net(M/s)   Get_miss   Min(us)  Max(us)    Avg(us)    Std_dev    Geo_dist  
Period   10       45241        4524         0.7        0          673      861937     42635      72647.69   16807.83
Global   370      1784115      4821         0.6        0          468      1110113    40018      59157.64   16572.82

Total Statistics
Type     Time(s)  Ops          TPS(ops/s)   Net(M/s)   Get_miss   Min(us)  Max(us)    Avg(us)    Std_dev    Geo_dist  
Period   10       45241        4524         0.7        0          673      861937     42635      72647.69   16807.83
Global   370      1784115      4821         0.6        0          468      1110113    40018      59157.64   16572.82

[1;1H[2J
Get Statistics
Type     Time(s)  Ops          TPS(ops/s)   Net(M/s)   Get_miss   Min(us)  Max(us)    Avg(us)    Std_dev    Geo_dist  
Period   10       49107        4910         0.7        0          703      532787     39249      59787.35   16042.93
Global   380      1833222      4824         0.7        0          468      1110113    39997      59174.98   16558.40

Total Statistics
Type     Time(s)  Ops          TPS(ops/s)   Net(M/s)   Get_miss   Min(us)  Max(us)    Avg(us)    Std_dev    Geo_dist  
Period   10       49107        4910         0.7        0          703      532787     39249      59787.35   16042.93
Global   380      1833222      4824         0.7        0          468      1110113    39997      59174.98   16558.40

[1;1H[2J
Get Statistics
Type     Time(s)  Ops          TPS(ops/s)   Net(M/s)   Get_miss   Min(us)  Max(us)    Avg(us)    Std_dev    Geo_dist  
Period   10       50328        5032         0.7        0          628      273929     38284      51706.95   16536.71
Global   390      1883550      4829         0.7        0          468      1110113    39952      58987.84   16557.82

Total Statistics
Type     Time(s)  Ops          TPS(ops/s)   Net(M/s)   Get_miss   Min(us)  Max(us)    Avg(us)    Std_dev    Geo_dist  
Period   10       50328        5032         0.7        0          628      273929     38284      51706.95   16536.71
Global   390      1883550      4829         0.7        0          468      1110113    39952      58987.84   16557.82

[1;1H[2J
Get Statistics
Type     Time(s)  Ops          TPS(ops/s)   Net(M/s)   Get_miss   Min(us)  Max(us)    Avg(us)    Std_dev    Geo_dist  
Period   10       49460        4946         0.7        0          588      314844     39032      51953.03   16992.63
Global   400      1933010      4832         0.7        0          468      1110113    39928      58818.81   16568.81

Total Statistics
Type     Time(s)  Ops          TPS(ops/s)   Net(M/s)   Get_miss   Min(us)  Max(us)    Avg(us)    Std_dev    Geo_dist  
Period   10       49460        4946         0.7        0          588      314844     39032      51953.03   16992.63
Global   400      1933010      4832         0.7        0          468      1110113    39928      58818.81   16568.81

[1;1H[2J
Get Statistics
Type     Time(s)  Ops          TPS(ops/s)   Net(M/s)   Get_miss   Min(us)  Max(us)    Avg(us)    Std_dev    Geo_dist  
Period   10       48630        4863         0.7        0          630      436614     39581      56913.08   16558.87
Global   410      1981640      4833         0.7        0          468      1110113    39920      58772.45   16568.56

Total Statistics
Type     Time(s)  Ops          TPS(ops/s)   Net(M/s)   Get_miss   Min(us)  Max(us)    Avg(us)    Std_dev    Geo_dist  
Period   10       48630        4863         0.7        0          630      436614     39581      56913.08   16558.87
Global   410      1981640      4833         0.7        0          468      1110113    39920      58772.45   16568.56

[1;1H[2J
Get Statistics
Type     Time(s)  Ops          TPS(ops/s)   Net(M/s)   Get_miss   Min(us)  Max(us)    Avg(us)    Std_dev    Geo_dist  
Period   10       51797        5179         0.7        0          662      238789     37210      50304.93   16053.46
Global   420      2033437      4841         0.7        0          468      1110113    39851      58573.48   16555.24

Total Statistics
Type     Time(s)  Ops          TPS(ops/s)   Net(M/s)   Get_miss   Min(us)  Max(us)    Avg(us)    Std_dev    Geo_dist  
Period   10       51797        5179         0.7        0          662      238789     37210      50304.93   16053.46
Global   420      2033437      4841         0.7        0          468      1110113    39851      58573.48   16555.24

[1;1H[2J
Get Statistics
Type     Time(s)  Ops          TPS(ops/s)   Net(M/s)   Get_miss   Min(us)  Max(us)    Avg(us)    Std_dev    Geo_dist  
Period   10       51126        5112         0.7        0          671      437736     37685      53752.71   16164.02
Global   430      2084563      4847         0.7        0          468      1110113    39797      58461.54   16545.53

Total Statistics
Type     Time(s)  Ops          TPS(ops/s)   Net(M/s)   Get_miss   Min(us)  Max(us)    Avg(us)    Std_dev    Geo_dist  
Period   10       51126        5112         0.7        0          671      437736     37685      53752.71   16164.02
Global   430      2084563      4847         0.7        0          468      1110113    39797      58461.54   16545.53

[1;1H[2J
Get Statistics
Type     Time(s)  Ops          TPS(ops/s)   Net(M/s)   Get_miss   Min(us)  Max(us)    Avg(us)    Std_dev    Geo_dist  
Period   10       48275        4827         0.7        0          601      398217     39977      56108.89   16913.00
Global   440      2132838      4847         0.7        0          468      1110113    39802      58408.70   16553.76

Total Statistics
Type     Time(s)  Ops          TPS(ops/s)   Net(M/s)   Get_miss   Min(us)  Max(us)    Avg(us)    Std_dev    Geo_dist  
Period   10       48275        4827         0.7        0          601      398217     39977      56108.89   16913.00
Global   440      2132838      4847         0.7        0          468      1110113    39802      58408.70   16553.76

[1;1H[2J
Get Statistics
Type     Time(s)  Ops          TPS(ops/s)   Net(M/s)   Get_miss   Min(us)  Max(us)    Avg(us)    Std_dev    Geo_dist  
Period   10       49639        4963         0.7        0          639      333550     38826      53316.84   16618.79
Global   450      2182477      4849         0.7        0          468      1110113    39779      58298.55   16555.24

Total Statistics
Type     Time(s)  Ops          TPS(ops/s)   Net(M/s)   Get_miss   Min(us)  Max(us)    Avg(us)    Std_dev    Geo_dist  
Period   10       49639        4963         0.7        0          639      333550     38826      53316.84   16618.79
Global   450      2182477      4849         0.7        0          468      1110113    39779      58298.55   16555.24

[1;1H[2J
Get Statistics
Type     Time(s)  Ops          TPS(ops/s)   Net(M/s)   Get_miss   Min(us)  Max(us)    Avg(us)    Std_dev    Geo_dist  
Period   10       48574        4857         0.7        0          591      358806     39287      54559.70   16413.31
Global   460      2231051      4850         0.7        0          468      1110113    39769      58219.25   16552.13

Total Statistics
Type     Time(s)  Ops          TPS(ops/s)   Net(M/s)   Get_miss   Min(us)  Max(us)    Avg(us)    Std_dev    Geo_dist  
Period   10       48574        4857         0.7        0          591      358806     39287      54559.70   16413.31
Global   460      2231051      4850         0.7        0          468      1110113    39769      58219.25   16552.13

[1;1H[2J
Get Statistics
Type     Time(s)  Ops          TPS(ops/s)   Net(M/s)   Get_miss   Min(us)  Max(us)    Avg(us)    Std_dev    Geo_dist  
Period   10       48463        4846         0.7        0          605      602487     40136      63345.68   15967.83
Global   470      2279514      4850         0.7        0          468      1110113    39776      58333.49   16539.49

Total Statistics
Type     Time(s)  Ops          TPS(ops/s)   Net(M/s)   Get_miss   Min(us)  Max(us)    Avg(us)    Std_dev    Geo_dist  
Period   10       48463        4846         0.7        0          605      602487     40136      63345.68   15967.83
Global   470      2279514      4850         0.7        0          468      1110113    39776      58333.49   16539.49

[1;1H[2J
Get Statistics
Type     Time(s)  Ops          TPS(ops/s)   Net(M/s)   Get_miss   Min(us)  Max(us)    Avg(us)    Std_dev    Geo_dist  
Period   10       47775        4777         0.7        0          671      498316     40368      60539.10   16188.68
Global   480      2327289      4848         0.7        0          468      1110113    39789      58379.07   16532.21

Total Statistics
Type     Time(s)  Ops          TPS(ops/s)   Net(M/s)   Get_miss   Min(us)  Max(us)    Avg(us)    Std_dev    Geo_dist  
Period   10       47775        4777         0.7        0          671      498316     40368      60539.10   16188.68
Global   480      2327289      4848         0.7        0          468      1110113    39789      58379.07   16532.21

[1;1H[2J
Get Statistics
Type     Time(s)  Ops          TPS(ops/s)   Net(M/s)   Get_miss   Min(us)  Max(us)    Avg(us)    Std_dev    Geo_dist  
Period   10       48379        4837         0.7        0          724      603846     39763      60557.98   16497.41
Global   490      2375668      4848         0.7        0          468      1110113    39788      58424.56   16531.50

Total Statistics
Type     Time(s)  Ops          TPS(ops/s)   Net(M/s)   Get_miss   Min(us)  Max(us)    Avg(us)    Std_dev    Geo_dist  
Period   10       48379        4837         0.7        0          724      603846     39763      60557.98   16497.41
Global   490      2375668      4848         0.7        0          468      1110113    39788      58424.56   16531.50

[1;1H[2J
Get Statistics
Type     Time(s)  Ops          TPS(ops/s)   Net(M/s)   Get_miss   Min(us)  Max(us)    Avg(us)    Std_dev    Geo_dist  
Period   10       47989        4798         0.7        0          769      542500     40255      57831.34   17548.76
Global   500      2423657      4847         0.7        0          468      1110113    39797      58413.07   16551.06

Total Statistics
Type     Time(s)  Ops          TPS(ops/s)   Net(M/s)   Get_miss   Min(us)  Max(us)    Avg(us)    Std_dev    Geo_dist  
Period   10       47989        4798         0.7        0          769      542500     40255      57831.34   17548.76
Global   500      2423657      4847         0.7        0          468      1110113    39797      58413.07   16551.06

[1;1H[2J
Get Statistics
Type     Time(s)  Ops          TPS(ops/s)   Net(M/s)   Get_miss   Min(us)  Max(us)    Avg(us)    Std_dev    Geo_dist  
Period   10       49437        4943         0.7        0          729      355723     38967      52134.33   17432.85
Global   510      2473094      4849         0.7        0          468      1110113    39781      58293.88   16568.24

Total Statistics
Type     Time(s)  Ops          TPS(ops/s)   Net(M/s)   Get_miss   Min(us)  Max(us)    Avg(us)    Std_dev    Geo_dist  
Period   10       49437        4943         0.7        0          729      355723     38967      52134.33   17432.85
Global   510      2473094      4849         0.7        0          468      1110113    39781      58293.88   16568.24

[1;1H[2J
Get Statistics
Type     Time(s)  Ops          TPS(ops/s)   Net(M/s)   Get_miss   Min(us)  Max(us)    Avg(us)    Std_dev    Geo_dist  
Period   10       45025        4502         0.7        0          541      1095468    42788      84664.16   16774.28
Global   520      2518119      4842         0.6        0          468      1110113    39834      58871.04   16571.85

Total Statistics
Type     Time(s)  Ops          TPS(ops/s)   Net(M/s)   Get_miss   Min(us)  Max(us)    Avg(us)    Std_dev    Geo_dist  
Period   10       45027        4502         0.7        0          541      1095468    42786      84662.82   16770.33
Global   520      2518121      4842         0.6        0          468      1110113    39834      58871.01   16571.84

[1;1H[2J
Get Statistics
Type     Time(s)  Ops          TPS(ops/s)   Net(M/s)   Get_miss   Min(us)  Max(us)    Avg(us)    Std_dev    Geo_dist  
Period   10       50988        5098         0.7        0          651      274916     37862      53820.55   15513.44
Global   530      2569107      4847         0.7        0          468      1110113    39795      58775.57   16550.27

Total Statistics
Type     Time(s)  Ops          TPS(ops/s)   Net(M/s)   Get_miss   Min(us)  Max(us)    Avg(us)    Std_dev    Geo_dist  
Period   10       50986        5098         0.7        0          651      274916     37863      53821.43   15519.31
Global   530      2569107      4847         0.7        0          468      1110113    39795      58775.57   16550.27

[1;1H[2J
Get Statistics
Type     Time(s)  Ops          TPS(ops/s)   Net(M/s)   Get_miss   Min(us)  Max(us)    Avg(us)    Std_dev    Geo_dist  
Period   10       49173        4917         0.7        0          666      312903     39137      55448.90   16192.39
Global   540      2618280      4848         0.7        0          468      1110113    39783      58714.65   16543.48

Total Statistics
Type     Time(s)  Ops          TPS(ops/s)   Net(M/s)   Get_miss   Min(us)  Max(us)    Avg(us)    Std_dev    Geo_dist  
Period   10       49173        4917         0.7        0          666      312903     39137      55448.90   16192.39
Global   540      2618280      4848         0.7        0          468      1110113    39783      58714.65   16543.48

[1;1H[2J
Get Statistics
Type     Time(s)  Ops          TPS(ops/s)   Net(M/s)   Get_miss   Min(us)  Max(us)    Avg(us)    Std_dev    Geo_dist  
Period   10       49530        4953         0.7        0          660      396333     39014      48475.95   18527.19
Global   550      2667810      4850         0.7        0          468      1110113    39769      58540.77   16578.30

Total Statistics
Type     Time(s)  Ops          TPS(ops/s)   Net(M/s)   Get_miss   Min(us)  Max(us)    Avg(us)    Std_dev    Geo_dist  
Period   10       49530        4953         0.7        0          660      396333     39014      48475.95   18527.19
Global   550      2667810      4850         0.7        0          468      1110113    39769      58540.77   16578.30

[1;1H[2J
Get Statistics
Type     Time(s)  Ops          TPS(ops/s)   Net(M/s)   Get_miss   Min(us)  Max(us)    Avg(us)    Std_dev    Geo_dist  
Period   10       48590        4859         0.7        0          696      410788     39569      57299.17   16434.30
Global   560      2716400      4850         0.7        0          468      1110113    39765      58519.08   16575.71

Total Statistics
Type     Time(s)  Ops          TPS(ops/s)   Net(M/s)   Get_miss   Min(us)  Max(us)    Avg(us)    Std_dev    Geo_dist  
Period   10       48590        4859         0.7        0          696      410788     39569      57299.17   16434.30
Global   560      2716400      4850         0.7        0          468      1110113    39765      58519.08   16575.71

[1;1H[2J
Get Statistics
Type     Time(s)  Ops          TPS(ops/s)   Net(M/s)   Get_miss   Min(us)  Max(us)    Avg(us)    Std_dev    Geo_dist  
Period   10       48060        4806         0.7        0          714      316082     40137      54216.61   17358.17
Global   570      2764460      4849         0.7        0          468      1110113    39772      58446.63   16589.01

Total Statistics
Type     Time(s)  Ops          TPS(ops/s)   Net(M/s)   Get_miss   Min(us)  Max(us)    Avg(us)    Std_dev    Geo_dist  
Period   10       48060        4806         0.7        0          714      316082     40137      54216.61   17358.17
Global   570      2764460      4849         0.7        0          468      1110113    39772      58446.63   16589.01

[1;1H[2J
Get Statistics
Type     Time(s)  Ops          TPS(ops/s)   Net(M/s)   Get_miss   Min(us)  Max(us)    Avg(us)    Std_dev    Geo_dist  
Period   10       52103        5210         0.7        0          679      248571     37006      50302.01   15985.66
Global   580      2816563      4856         0.7        0          468      1110113    39720      58308.05   16577.64

Total Statistics
Type     Time(s)  Ops          TPS(ops/s)   Net(M/s)   Get_miss   Min(us)  Max(us)    Avg(us)    Std_dev    Geo_dist  
Period   10       52103        5210         0.7        0          679      248571     37006      50302.01   15985.66
Global   580      2816563      4856         0.7        0          468      1110113    39720      58308.05   16577.64

[1;1H[2J
Get Statistics
Type     Time(s)  Ops          TPS(ops/s)   Net(M/s)   Get_miss   Min(us)  Max(us)    Avg(us)    Std_dev    Geo_dist  
Period   10       48820        4882         0.7        0          601      295413     39473      56157.80   15987.76
Global   590      2865383      4856         0.7        0          468      1110113    39716      58271.93   16567.41

Total Statistics
Type     Time(s)  Ops          TPS(ops/s)   Net(M/s)   Get_miss   Min(us)  Max(us)    Avg(us)    Std_dev    Geo_dist  
Period   10       48820        4882         0.7        0          601      295413     39473      56157.80   15987.76
Global   590      2865383      4856         0.7        0          468      1110113    39716      58271.93   16567.41

[1;1H[2J
Get Statistics
Type     Time(s)  Ops          TPS(ops/s)   Net(M/s)   Get_miss   Min(us)  Max(us)    Avg(us)    Std_dev    Geo_dist  
Period   10       51514        5151         0.7        0          670      277716     37430      50222.85   16494.33
Global   600      2916897      4861         0.7        0          468      1110113    39676      58139.97   16566.12

Total Statistics
Type     Time(s)  Ops          TPS(ops/s)   Net(M/s)   Get_miss   Min(us)  Max(us)    Avg(us)    Std_dev    Geo_dist  
Period   10       51514        5151         0.7        0          670      277716     37430      50222.85   16494.33
Global   600      2916897      4861         0.7        0          468      1110113    39676      58139.97   16566.12

Get Statistics (2917089 events)
   Min:       468
   Max:   1110113
   Avg:     39679
   Geo:  16567.62
   Std:  58141.52
   Log2 Dist:
       8:        0        1     6695   173193
      12:   264048   166526   1175497   398702
      16:   124102   285579   307287    13062
      20:     2250      147

Total Statistics (2917089 events)
   Min:       468
   Max:   1110113
   Avg:     39679
   Geo:  16567.62
   Std:  58141.52
   Log2 Dist:
       8:        0        1     6695   173193
      12:   264048   166526   1175497   398702
      16:   124102   285579   307287    13062
      20:     2250      147

cmd_get: 2917281
cmd_set: 196608
get_misses: 0
written_bytes: 95633238
read_bytes: 482892549
object_bytes: 28311552

Run time: 602.9s Ops: 3113889 TPS: 5165 Net_rate: 0.9M/s
