servers : 10.0.0.6:11212
threads count: 24
concurrency: 24
run time: 360s
windows size: 1k
set proportion: set_prop=0.00
get proportion: get_prop=1.00
[1;1H[2J
Get Statistics
Type     Time(s)  Ops          TPS(ops/s)   Net(M/s)   Get_miss   Min(us)  Max(us)    Avg(us)    Std_dev    Geo_dist  
Period   10       44635        4463         0.6        0          392      214134     5396       7492.90    3275.53
Global   10       44635        4463         0.6        0          392      214134     5396       7492.90    3275.53

Total Statistics
Type     Time(s)  Ops          TPS(ops/s)   Net(M/s)   Get_miss   Min(us)  Max(us)    Avg(us)    Std_dev    Geo_dist  
Period   10       44635        4463         0.6        0          392      214134     5396       7492.90    3275.53
Global   10       44635        4463         0.6        0          392      214134     5396       7492.90    3275.53

[1;1H[2J
Get Statistics
Type     Time(s)  Ops          TPS(ops/s)   Net(M/s)   Get_miss   Min(us)  Max(us)    Avg(us)    Std_dev    Geo_dist  
Period   10       46922        4692         0.6        0          442      332223     5130       9100.53    3065.99
Global   20       91557        4577         0.6        0          392      332223     5260       8356.33    3166.41

Total Statistics
Type     Time(s)  Ops          TPS(ops/s)   Net(M/s)   Get_miss   Min(us)  Max(us)    Avg(us)    Std_dev    Geo_dist  
Period   10       46922        4692         0.6        0          442      332223     5130       9100.53    3065.99
Global   20       91557        4577         0.6        0          392      332223     5260       8356.33    3166.41

[1;1H[2J
Get Statistics
Type     Time(s)  Ops          TPS(ops/s)   Net(M/s)   Get_miss   Min(us)  Max(us)    Avg(us)    Std_dev    Geo_dist  
Period   10       48856        4885         0.6        0          414      109287     4931       5604.73    3053.61
Global   30       140413       4680         0.7        0          392      332223     5145       7516.09    3126.70

Total Statistics
Type     Time(s)  Ops          TPS(ops/s)   Net(M/s)   Get_miss   Min(us)  Max(us)    Avg(us)    Std_dev    Geo_dist  
Period   10       48856        4885         0.6        0          414      109287     4931       5604.73    3053.61
Global   30       140413       4680         0.7        0          392      332223     5145       7516.09    3126.70

[1;1H[2J
Get Statistics
Type     Time(s)  Ops          TPS(ops/s)   Net(M/s)   Get_miss   Min(us)  Max(us)    Avg(us)    Std_dev    Geo_dist  
Period   10       49408        4940         0.7        0          474      68133      4875       4359.95    3125.36
Global   40       189821       4745         0.7        0          392      332223     5075       6837.14    3126.35

Total Statistics
Type     Time(s)  Ops          TPS(ops/s)   Net(M/s)   Get_miss   Min(us)  Max(us)    Avg(us)    Std_dev    Geo_dist  
Period   10       49408        4940         0.7        0          474      68133      4875       4359.95    3125.36
Global   40       189821       4745         0.7        0          392      332223     5075       6837.14    3126.35

[1;1H[2J
Get Statistics
Type     Time(s)  Ops          TPS(ops/s)   Net(M/s)   Get_miss   Min(us)  Max(us)    Avg(us)    Std_dev    Geo_dist  
Period   10       49682        4968         0.7        0          434      38463      4847       4288.01    3092.37
Global   50       239503       4790         0.7        0          392      332223     5027       6393.68    3119.27

Total Statistics
Type     Time(s)  Ops          TPS(ops/s)   Net(M/s)   Get_miss   Min(us)  Max(us)    Avg(us)    Std_dev    Geo_dist  
Period   10       49682        4968         0.7        0          434      38463      4847       4288.01    3092.37
Global   50       239503       4790         0.7        0          392      332223     5027       6393.68    3119.27

[1;1H[2J
Get Statistics
Type     Time(s)  Ops          TPS(ops/s)   Net(M/s)   Get_miss   Min(us)  Max(us)    Avg(us)    Std_dev    Geo_dist  
Period   10       48728        4872         0.7        0          475      321469     4943       8292.78    3013.05
Global   60       288231       4803         0.7        0          392      332223     5013       6752.27    3101.05

Total Statistics
Type     Time(s)  Ops          TPS(ops/s)   Net(M/s)   Get_miss   Min(us)  Max(us)    Avg(us)    Std_dev    Geo_dist  
Period   10       48729        4872         0.7        0          475      321469     4942       8293.26    3012.99
Global   60       288232       4803         0.7        0          392      332223     5013       6752.25    3101.04

[1;1H[2J
Get Statistics
Type     Time(s)  Ops          TPS(ops/s)   Net(M/s)   Get_miss   Min(us)  Max(us)    Avg(us)    Std_dev    Geo_dist  
Period   10       48228        4822         0.7        0          364      88593      4991       5182.82    3096.88
Global   70       336459       4806         0.7        0          364      332223     5010       6550.31    3100.52

Total Statistics
Type     Time(s)  Ops          TPS(ops/s)   Net(M/s)   Get_miss   Min(us)  Max(us)    Avg(us)    Std_dev    Geo_dist  
Period   10       48227        4822         0.7        0          364      88593      4991       5182.92    3097.40
Global   70       336459       4806         0.7        0          364      332223     5010       6550.31    3100.52

[1;1H[2J
Get Statistics
Type     Time(s)  Ops          TPS(ops/s)   Net(M/s)   Get_miss   Min(us)  Max(us)    Avg(us)    Std_dev    Geo_dist  
Period   10       44723        4472         0.7        0          413      331690     5384       9125.66    3322.63
Global   80       381182       4764         0.6        0          364      332223     5054       6903.35    3125.79

Total Statistics
Type     Time(s)  Ops          TPS(ops/s)   Net(M/s)   Get_miss   Min(us)  Max(us)    Avg(us)    Std_dev    Geo_dist  
Period   10       44723        4472         0.7        0          413      331690     5384       9125.66    3322.63
Global   80       381182       4764         0.6        0          364      332223     5054       6903.35    3125.79

[1;1H[2J
Get Statistics
Type     Time(s)  Ops          TPS(ops/s)   Net(M/s)   Get_miss   Min(us)  Max(us)    Avg(us)    Std_dev    Geo_dist  
Period   10       49180        4918         0.7        0          392      128310     4897       4806.81    3125.45
Global   90       430362       4781         0.7        0          364      332223     5036       6697.29    3125.75

Total Statistics
Type     Time(s)  Ops          TPS(ops/s)   Net(M/s)   Get_miss   Min(us)  Max(us)    Avg(us)    Std_dev    Geo_dist  
Period   10       49180        4918         0.7        0          392      128310     4897       4806.81    3125.45
Global   90       430362       4781         0.7        0          364      332223     5036       6697.29    3125.75

[1;1H[2J
Get Statistics
Type     Time(s)  Ops          TPS(ops/s)   Net(M/s)   Get_miss   Min(us)  Max(us)    Avg(us)    Std_dev    Geo_dist  
Period   10       49835        4983         0.7        0          389      94637      4834       4629.42    3079.54
Global   100      480197       4801         0.7        0          364      332223     5015       6513.61    3120.92

Total Statistics
Type     Time(s)  Ops          TPS(ops/s)   Net(M/s)   Get_miss   Min(us)  Max(us)    Avg(us)    Std_dev    Geo_dist  
Period   10       49835        4983         0.7        0          389      94637      4834       4629.42    3079.54
Global   100      480197       4801         0.7        0          364      332223     5015       6513.61    3120.92

[1;1H[2J
Get Statistics
Type     Time(s)  Ops          TPS(ops/s)   Net(M/s)   Get_miss   Min(us)  Max(us)    Avg(us)    Std_dev    Geo_dist  
Period   10       50828        5082         0.7        0          424      25242      4738       4083.02    3083.18
Global   110      531025       4827         0.7        0          364      332223     4989       6321.65    3117.29

Total Statistics
Type     Time(s)  Ops          TPS(ops/s)   Net(M/s)   Get_miss   Min(us)  Max(us)    Avg(us)    Std_dev    Geo_dist  
Period   10       50828        5082         0.7        0          424      25242      4738       4083.02    3083.18
Global   110      531025       4827         0.7        0          364      332223     4989       6321.65    3117.29

[1;1H[2J
Get Statistics
Type     Time(s)  Ops          TPS(ops/s)   Net(M/s)   Get_miss   Min(us)  Max(us)    Avg(us)    Std_dev    Geo_dist  
Period   10       47147        4714         0.7        0          462      102832     5107       5010.62    3253.42
Global   120      578172       4818         0.6        0          364      332223     4998       6225.67    3128.18

Total Statistics
Type     Time(s)  Ops          TPS(ops/s)   Net(M/s)   Get_miss   Min(us)  Max(us)    Avg(us)    Std_dev    Geo_dist  
Period   10       47147        4714         0.7        0          462      102832     5107       5010.62    3253.42
Global   120      578172       4818         0.6        0          364      332223     4998       6225.67    3128.18

[1;1H[2J
Get Statistics
Type     Time(s)  Ops          TPS(ops/s)   Net(M/s)   Get_miss   Min(us)  Max(us)    Avg(us)    Std_dev    Geo_dist  
Period   10       45535        4553         0.7        0          425      128674     5287       6280.93    3268.77
Global   130      623707       4797         0.6        0          364      332223     5019       6230.25    3138.23

Total Statistics
Type     Time(s)  Ops          TPS(ops/s)   Net(M/s)   Get_miss   Min(us)  Max(us)    Avg(us)    Std_dev    Geo_dist  
Period   10       45535        4553         0.7        0          425      128674     5287       6280.93    3268.77
Global   130      623707       4797         0.6        0          364      332223     5019       6230.25    3138.23

[1;1H[2J
Get Statistics
Type     Time(s)  Ops          TPS(ops/s)   Net(M/s)   Get_miss   Min(us)  Max(us)    Avg(us)    Std_dev    Geo_dist  
Period   10       47301        4730         0.7        0          447      175631     5095       6299.86    3253.83
Global   140      671008       4792         0.6        0          364      332223     5025       6234.69    3146.25

Total Statistics
Type     Time(s)  Ops          TPS(ops/s)   Net(M/s)   Get_miss   Min(us)  Max(us)    Avg(us)    Std_dev    Geo_dist  
Period   10       47301        4730         0.7        0          447      175631     5095       6299.86    3253.83
Global   140      671008       4792         0.6        0          364      332223     5025       6234.69    3146.25

[1;1H[2J
Get Statistics
Type     Time(s)  Ops          TPS(ops/s)   Net(M/s)   Get_miss   Min(us)  Max(us)    Avg(us)    Std_dev    Geo_dist  
Period   10       46718        4671         0.7        0          428      200028     5155       6826.96    3361.29
Global   150      717726       4784         0.6        0          364      332223     5033       6275.39    3159.81

Total Statistics
Type     Time(s)  Ops          TPS(ops/s)   Net(M/s)   Get_miss   Min(us)  Max(us)    Avg(us)    Std_dev    Geo_dist  
Period   10       46718        4671         0.7        0          428      200028     5155       6826.96    3361.29
Global   150      717726       4784         0.6        0          364      332223     5033       6275.39    3159.81

[1;1H[2J
Get Statistics
Type     Time(s)  Ops          TPS(ops/s)   Net(M/s)   Get_miss   Min(us)  Max(us)    Avg(us)    Std_dev    Geo_dist  
Period   10       45150        4515         0.7        0          382      400870     5335       10249.62   3370.48
Global   160      762876       4767         0.6        0          364      400870     5051       6578.07    3171.91

Total Statistics
Type     Time(s)  Ops          TPS(ops/s)   Net(M/s)   Get_miss   Min(us)  Max(us)    Avg(us)    Std_dev    Geo_dist  
Period   10       45150        4515         0.7        0          382      400870     5335       10249.62   3370.48
Global   160      762876       4767         0.6        0          364      400870     5051       6578.07    3171.91

[1;1H[2J
Get Statistics
Type     Time(s)  Ops          TPS(ops/s)   Net(M/s)   Get_miss   Min(us)  Max(us)    Avg(us)    Std_dev    Geo_dist  
Period   10       48791        4879         0.7        0          432      117777     4882       4820.64    3143.10
Global   170      811667       4774         0.7        0          364      400870     5041       6485.90    3170.17

Total Statistics
Type     Time(s)  Ops          TPS(ops/s)   Net(M/s)   Get_miss   Min(us)  Max(us)    Avg(us)    Std_dev    Geo_dist  
Period   10       48791        4879         0.7        0          432      117777     4882       4820.64    3143.10
Global   170      811667       4774         0.7        0          364      400870     5041       6485.90    3170.17

[1;1H[2J
Get Statistics
Type     Time(s)  Ops          TPS(ops/s)   Net(M/s)   Get_miss   Min(us)  Max(us)    Avg(us)    Std_dev    Geo_dist  
Period   10       47881        4788         0.7        0          485      215665     5084       6941.70    3159.05
Global   180      859548       4775         0.7        0          364      400870     5043       6512.44    3169.55

Total Statistics
Type     Time(s)  Ops          TPS(ops/s)   Net(M/s)   Get_miss   Min(us)  Max(us)    Avg(us)    Std_dev    Geo_dist  
Period   10       47881        4788         0.7        0          485      215665     5084       6941.70    3159.05
Global   180      859548       4775         0.7        0          364      400870     5043       6512.44    3169.55

[1;1H[2J
Get Statistics
Type     Time(s)  Ops          TPS(ops/s)   Net(M/s)   Get_miss   Min(us)  Max(us)    Avg(us)    Std_dev    Geo_dist  
Period   10       49334        4933         0.7        0          399      48328      4881       4260.79    3184.02
Global   190      908882       4783         0.7        0          364      400870     5034       6410.81    3170.33

Total Statistics
Type     Time(s)  Ops          TPS(ops/s)   Net(M/s)   Get_miss   Min(us)  Max(us)    Avg(us)    Std_dev    Geo_dist  
Period   10       49334        4933         0.7        0          399      48328      4880       4261.80    3183.44
Global   190      908882       4783         0.7        0          364      400870     5034       6410.81    3170.33

[1;1H[2J
Get Statistics
Type     Time(s)  Ops          TPS(ops/s)   Net(M/s)   Get_miss   Min(us)  Max(us)    Avg(us)    Std_dev    Geo_dist  
Period   10       44826        4482         0.7        0          441      644192     5375       15276.89   3252.30
Global   200      953708       4768         0.6        0          364      644192     5050       7081.07    3174.14

Total Statistics
Type     Time(s)  Ops          TPS(ops/s)   Net(M/s)   Get_miss   Min(us)  Max(us)    Avg(us)    Std_dev    Geo_dist  
Period   10       44826        4482         0.7        0          441      644192     5375       15276.89   3252.30
Global   200      953708       4768         0.6        0          364      644192     5050       7081.07    3174.14

[1;1H[2J
Get Statistics
Type     Time(s)  Ops          TPS(ops/s)   Net(M/s)   Get_miss   Min(us)  Max(us)    Avg(us)    Std_dev    Geo_dist  
Period   10       44177        4417         0.7        0          465      280217     5452       9706.97    3263.26
Global   210      997885       4751         0.6        0          364      644192     5068       7217.88    3178.03

Total Statistics
Type     Time(s)  Ops          TPS(ops/s)   Net(M/s)   Get_miss   Min(us)  Max(us)    Avg(us)    Std_dev    Geo_dist  
Period   10       44177        4417         0.7        0          465      280217     5452       9706.97    3263.26
Global   210      997885       4751         0.6        0          364      644192     5068       7217.88    3178.03

[1;1H[2J
Get Statistics
Type     Time(s)  Ops          TPS(ops/s)   Net(M/s)   Get_miss   Min(us)  Max(us)    Avg(us)    Std_dev    Geo_dist  
Period   10       45626        4562         0.7        0          431      116563     5276       6075.03    3288.46
Global   220      1043511      4743         0.6        0          364      644192     5077       7171.91    3182.78

Total Statistics
Type     Time(s)  Ops          TPS(ops/s)   Net(M/s)   Get_miss   Min(us)  Max(us)    Avg(us)    Std_dev    Geo_dist  
Period   10       45626        4562         0.7        0          431      116563     5276       6075.03    3288.46
Global   220      1043511      4743         0.6        0          364      644192     5077       7171.91    3182.78

[1;1H[2J
Get Statistics
Type     Time(s)  Ops          TPS(ops/s)   Net(M/s)   Get_miss   Min(us)  Max(us)    Avg(us)    Std_dev    Geo_dist  
Period   10       48241        4824         0.7        0          418      96921      4989       4942.29    3151.64
Global   230      1091752      4746         0.7        0          364      644192     5073       7088.32    3181.40

Total Statistics
Type     Time(s)  Ops          TPS(ops/s)   Net(M/s)   Get_miss   Min(us)  Max(us)    Avg(us)    Std_dev    Geo_dist  
Period   10       48241        4824         0.7        0          418      96921      4989       4942.16    3151.06
Global   230      1091752      4746         0.7        0          364      644192     5073       7088.32    3181.40

[1;1H[2J
Get Statistics
Type     Time(s)  Ops          TPS(ops/s)   Net(M/s)   Get_miss   Min(us)  Max(us)    Avg(us)    Std_dev    Geo_dist  
Period   10       46509        4650         0.7        0          414      112684     5184       5215.26    3269.49
Global   240      1138261      4742         0.6        0          364      644192     5078       7021.28    3184.95

Total Statistics
Type     Time(s)  Ops          TPS(ops/s)   Net(M/s)   Get_miss   Min(us)  Max(us)    Avg(us)    Std_dev    Geo_dist  
Period   10       46509        4650         0.7        0          414      112684     5184       5215.26    3269.49
Global   240      1138261      4742         0.6        0          364      644192     5078       7021.28    3184.95

[1;1H[2J
Get Statistics
Type     Time(s)  Ops          TPS(ops/s)   Net(M/s)   Get_miss   Min(us)  Max(us)    Avg(us)    Std_dev    Geo_dist  
Period   10       43817        4381         0.6        0          406      685887     5497       14155.94   3364.18
Global   250      1182078      4728         0.6        0          364      685887     5093       7410.16    3191.42

Total Statistics
Type     Time(s)  Ops          TPS(ops/s)   Net(M/s)   Get_miss   Min(us)  Max(us)    Avg(us)    Std_dev    Geo_dist  
Period   10       43817        4381         0.6        0          406      685887     5497       14155.94   3364.18
Global   250      1182078      4728         0.6        0          364      685887     5093       7410.16    3191.42

[1;1H[2J
Get Statistics
Type     Time(s)  Ops          TPS(ops/s)   Net(M/s)   Get_miss   Min(us)  Max(us)    Avg(us)    Std_dev    Geo_dist  
Period   10       49312        4931         0.7        0          434      171097     4881       5576.72    3076.53
Global   260      1231390      4736         0.7        0          364      685887     5085       7345.32    3186.74

Total Statistics
Type     Time(s)  Ops          TPS(ops/s)   Net(M/s)   Get_miss   Min(us)  Max(us)    Avg(us)    Std_dev    Geo_dist  
Period   10       49312        4931         0.7        0          434      171097     4881       5576.72    3076.53
Global   260      1231390      4736         0.7        0          364      685887     5085       7345.32    3186.74

[1;1H[2J
Get Statistics
Type     Time(s)  Ops          TPS(ops/s)   Net(M/s)   Get_miss   Min(us)  Max(us)    Avg(us)    Std_dev    Geo_dist  
Period   10       48451        4845         0.7        0          411      225794     4973       7080.64    3118.32
Global   270      1279841      4740         0.7        0          364      685887     5081       7335.34    3184.12

Total Statistics
Type     Time(s)  Ops          TPS(ops/s)   Net(M/s)   Get_miss   Min(us)  Max(us)    Avg(us)    Std_dev    Geo_dist  
Period   10       48453        4845         0.7        0          411      225794     4973       7080.42    3118.22
Global   270      1279843      4740         0.7        0          364      685887     5081       7335.33    3184.12

[1;1H[2J
Get Statistics
Type     Time(s)  Ops          TPS(ops/s)   Net(M/s)   Get_miss   Min(us)  Max(us)    Avg(us)    Std_dev    Geo_dist  
Period   10       46887        4688         0.7        0          443      316393     5133       8305.90    3181.58
Global   280      1326728      4738         0.6        0          364      685887     5083       7371.71    3184.07

Total Statistics
Type     Time(s)  Ops          TPS(ops/s)   Net(M/s)   Get_miss   Min(us)  Max(us)    Avg(us)    Std_dev    Geo_dist  
Period   10       46885        4688         0.7        0          443      316393     5133       8306.15    3182.67
Global   280      1326728      4738         0.6        0          364      685887     5083       7371.71    3184.07

[1;1H[2J
Get Statistics
Type     Time(s)  Ops          TPS(ops/s)   Net(M/s)   Get_miss   Min(us)  Max(us)    Avg(us)    Std_dev    Geo_dist  
Period   10       44065        4406         0.6        0          425      382671     5466       10918.20   3294.44
Global   290      1370793      4726         0.6        0          364      685887     5095       7512.31    3187.56

Total Statistics
Type     Time(s)  Ops          TPS(ops/s)   Net(M/s)   Get_miss   Min(us)  Max(us)    Avg(us)    Std_dev    Geo_dist  
Period   10       44065        4406         0.6        0          425      382671     5466       10918.20   3294.44
Global   290      1370793      4726         0.6        0          364      685887     5095       7512.31    3187.56

[1;1H[2J
Get Statistics
Type     Time(s)  Ops          TPS(ops/s)   Net(M/s)   Get_miss   Min(us)  Max(us)    Avg(us)    Std_dev    Geo_dist  
Period   10       49301        4930         0.7        0          414      131262     4889       5007.48    3118.72
Global   300      1420094      4733         0.7        0          364      685887     5088       7439.49    3185.14

Total Statistics
Type     Time(s)  Ops          TPS(ops/s)   Net(M/s)   Get_miss   Min(us)  Max(us)    Avg(us)    Std_dev    Geo_dist  
Period   10       49302        4930         0.7        0          414      131262     4889       5007.54    3118.79
Global   300      1420095      4733         0.7        0          364      685887     5088       7439.49    3185.14

[1;1H[2J
Get Statistics
Type     Time(s)  Ops          TPS(ops/s)   Net(M/s)   Get_miss   Min(us)  Max(us)    Avg(us)    Std_dev    Geo_dist  
Period   10       44472        4447         0.6        0          365      969378     5434       22533.01   3276.61
Global   310      1464566      4724         0.6        0          364      969378     5098       8312.12    3187.90

Total Statistics
Type     Time(s)  Ops          TPS(ops/s)   Net(M/s)   Get_miss   Min(us)  Max(us)    Avg(us)    Std_dev    Geo_dist  
Period   10       44471        4447         0.6        0          365      969378     5434       22533.28   3277.20
Global   310      1464566      4724         0.6        0          364      969378     5098       8312.12    3187.90

[1;1H[2J
Get Statistics
Type     Time(s)  Ops          TPS(ops/s)   Net(M/s)   Get_miss   Min(us)  Max(us)    Avg(us)    Std_dev    Geo_dist  
Period   10       48425        4842         0.6        0          379      97223      4993       5248.86    3093.60
Global   320      1512991      4728         0.7        0          364      969378     5095       8231.55    3184.84

Total Statistics
Type     Time(s)  Ops          TPS(ops/s)   Net(M/s)   Get_miss   Min(us)  Max(us)    Avg(us)    Std_dev    Geo_dist  
Period   10       48425        4842         0.6        0          379      97223      4993       5248.86    3093.60
Global   320      1512991      4728         0.7        0          364      969378     5095       8231.55    3184.84

[1;1H[2J
Get Statistics
Type     Time(s)  Ops          TPS(ops/s)   Net(M/s)   Get_miss   Min(us)  Max(us)    Avg(us)    Std_dev    Geo_dist  
Period   10       49689        4968         0.7        0          464      120863     4868       5118.78    3068.60
Global   330      1562680      4735         0.7        0          364      969378     5088       8150.85    3181.08

Total Statistics
Type     Time(s)  Ops          TPS(ops/s)   Net(M/s)   Get_miss   Min(us)  Max(us)    Avg(us)    Std_dev    Geo_dist  
Period   10       49689        4968         0.7        0          464      120863     4868       5118.78    3068.60
Global   330      1562680      4735         0.7        0          364      969378     5088       8150.85    3181.08

[1;1H[2J
Get Statistics
Type     Time(s)  Ops          TPS(ops/s)   Net(M/s)   Get_miss   Min(us)  Max(us)    Avg(us)    Std_dev    Geo_dist  
Period   10       44975        4497         0.6        0          440      248860     5375       7730.64    3393.59
Global   340      1607655      4728         0.6        0          364      969378     5096       8139.55    3186.84

Total Statistics
Type     Time(s)  Ops          TPS(ops/s)   Net(M/s)   Get_miss   Min(us)  Max(us)    Avg(us)    Std_dev    Geo_dist  
Period   10       44975        4497         0.6        0          440      248860     5375       7730.64    3393.59
Global   340      1607655      4728         0.6        0          364      969378     5096       8139.55    3186.84

[1;1H[2J
Get Statistics
Type     Time(s)  Ops          TPS(ops/s)   Net(M/s)   Get_miss   Min(us)  Max(us)    Avg(us)    Std_dev    Geo_dist  
Period   10       44941        4494         0.6        0          423      54901      5379       4462.58    3599.00
Global   350      1652596      4721         0.6        0          364      969378     5103       8062.34    3197.39

Total Statistics
Type     Time(s)  Ops          TPS(ops/s)   Net(M/s)   Get_miss   Min(us)  Max(us)    Avg(us)    Std_dev    Geo_dist  
Period   10       44941        4494         0.6        0          423      54901      5379       4462.58    3599.00
Global   350      1652596      4721         0.6        0          364      969378     5103       8062.34    3197.39

[1;1H[2J
Get Statistics
Type     Time(s)  Ops          TPS(ops/s)   Net(M/s)   Get_miss   Min(us)  Max(us)    Avg(us)    Std_dev    Geo_dist  
Period   10       43983        4398         0.6        0          450      255986     5498       7493.32    3601.44
Global   360      1696579      4712         0.6        0          364      969378     5114       8047.86    3207.27

Total Statistics
Type     Time(s)  Ops          TPS(ops/s)   Net(M/s)   Get_miss   Min(us)  Max(us)    Avg(us)    Std_dev    Geo_dist  
Period   10       43983        4398         0.6        0          450      255986     5498       7493.32    3601.44
Global   360      1696579      4712         0.6        0          364      969378     5114       8047.86    3207.27

Get Statistics (1696603 events)
   Min:       364
   Max:    969378
   Avg:      5114
   Geo:   3207.32
   Std:   8047.84
   Log2 Dist:
       8:        0      363   163979   668375
      12:    88273   337695   407663    26543
      16:     2141      977      351      185
      20:       58

Total Statistics (1696603 events)
   Min:       364
   Max:    969378
   Avg:      5114
   Geo:   3207.32
   Std:   8047.84
   Log2 Dist:
       8:        0      363   163979   668375
      12:    88273   337695   407663    26543
      16:     2141      977      351      185
      20:       58

cmd_get: 1696627
cmd_set: 24576
get_misses: 0
written_bytes: 41257426
read_bytes: 280136103
object_bytes: 3538944

Run time: 361.7s Ops: 1721203 TPS: 4759 Net_rate: 0.8M/s
