servers : 10.0.0.6:11212
threads count: 24
concurrency: 24
run time: 360s
windows size: 1k
set proportion: set_prop=0.00
get proportion: get_prop=1.00
[1;1H[2J
Get Statistics
Type     Time(s)  Ops          TPS(ops/s)   Net(M/s)   Get_miss   Min(us)  Max(us)    Avg(us)    Std_dev    Geo_dist  
Period   10       45413        4541         0.6        0          367      214331     5302       7459.56    3200.88
Global   10       45413        4541         0.6        0          367      214331     5302       7459.56    3200.88

Total Statistics
Type     Time(s)  Ops          TPS(ops/s)   Net(M/s)   Get_miss   Min(us)  Max(us)    Avg(us)    Std_dev    Geo_dist  
Period   10       45413        4541         0.6        0          367      214331     5302       7459.56    3200.88
Global   10       45413        4541         0.6        0          367      214331     5302       7459.56    3200.88

[1;1H[2J
Get Statistics
Type     Time(s)  Ops          TPS(ops/s)   Net(M/s)   Get_miss   Min(us)  Max(us)    Avg(us)    Std_dev    Geo_dist  
Period   10       46433        4643         0.6        0          478      332539     5186       9114.76    3133.32
Global   20       91846        4592         0.6        0          367      332539     5243       8337.90    3166.55

Total Statistics
Type     Time(s)  Ops          TPS(ops/s)   Net(M/s)   Get_miss   Min(us)  Max(us)    Avg(us)    Std_dev    Geo_dist  
Period   10       46433        4643         0.6        0          478      332539     5186       9114.76    3133.32
Global   20       91846        4592         0.6        0          367      332539     5243       8337.90    3166.55

[1;1H[2J
Get Statistics
Type     Time(s)  Ops          TPS(ops/s)   Net(M/s)   Get_miss   Min(us)  Max(us)    Avg(us)    Std_dev    Geo_dist  
Period   10       48498        4849         0.6        0          370      110197     4967       5635.53    3097.06
Global   30       140344       4678         0.7        0          367      332539     5148       7515.63    3142.36

Total Statistics
Type     Time(s)  Ops          TPS(ops/s)   Net(M/s)   Get_miss   Min(us)  Max(us)    Avg(us)    Std_dev    Geo_dist  
Period   10       48498        4849         0.6        0          370      110197     4967       5635.53    3097.06
Global   30       140344       4678         0.7        0          367      332539     5148       7515.63    3142.36

[1;1H[2J
Get Statistics
Type     Time(s)  Ops          TPS(ops/s)   Net(M/s)   Get_miss   Min(us)  Max(us)    Avg(us)    Std_dev    Geo_dist  
Period   10       50162        5016         0.7        0          472      51882      4799       4376.88    3040.43
Global   40       190506       4762         0.7        0          367      332539     5056       6832.31    3115.20

Total Statistics
Type     Time(s)  Ops          TPS(ops/s)   Net(M/s)   Get_miss   Min(us)  Max(us)    Avg(us)    Std_dev    Geo_dist  
Period   10       50162        5016         0.7        0          472      51882      4799       4376.88    3040.43
Global   40       190506       4762         0.7        0          367      332539     5056       6832.31    3115.20

[1;1H[2J
Get Statistics
Type     Time(s)  Ops          TPS(ops/s)   Net(M/s)   Get_miss   Min(us)  Max(us)    Avg(us)    Std_dev    Geo_dist  
Period   10       49435        4943         0.7        0          438      39867      4891       4301.52    3138.24
Global   50       239941       4798         0.7        0          367      332539     5022       6393.71    3119.93

Total Statistics
Type     Time(s)  Ops          TPS(ops/s)   Net(M/s)   Get_miss   Min(us)  Max(us)    Avg(us)    Std_dev    Geo_dist  
Period   10       49435        4943         0.7        0          438      39867      4891       4301.52    3138.24
Global   50       239941       4798         0.7        0          367      332539     5022       6393.71    3119.93

[1;1H[2J
Get Statistics
Type     Time(s)  Ops          TPS(ops/s)   Net(M/s)   Get_miss   Min(us)  Max(us)    Avg(us)    Std_dev    Geo_dist  
Period   10       48417        4841         0.7        0          494      321971     4973       8331.96    3039.89
Global   60       288358       4805         0.7        0          367      332539     5014       6757.94    3106.35

Total Statistics
Type     Time(s)  Ops          TPS(ops/s)   Net(M/s)   Get_miss   Min(us)  Max(us)    Avg(us)    Std_dev    Geo_dist  
Period   10       48417        4841         0.7        0          494      321971     4973       8331.96    3039.89
Global   60       288358       4805         0.7        0          367      332539     5014       6757.94    3106.35

[1;1H[2J
Get Statistics
Type     Time(s)  Ops          TPS(ops/s)   Net(M/s)   Get_miss   Min(us)  Max(us)    Avg(us)    Std_dev    Geo_dist  
Period   10       48053        4805         0.7        0          424      87874      5012       5141.71    3127.03
Global   70       336411       4805         0.7        0          367      332539     5014       6551.30    3109.29

Total Statistics
Type     Time(s)  Ops          TPS(ops/s)   Net(M/s)   Get_miss   Min(us)  Max(us)    Avg(us)    Std_dev    Geo_dist  
Period   10       48053        4805         0.7        0          424      87874      5012       5141.71    3127.03
Global   70       336411       4805         0.7        0          367      332539     5014       6551.30    3109.29

[1;1H[2J
Get Statistics
Type     Time(s)  Ops          TPS(ops/s)   Net(M/s)   Get_miss   Min(us)  Max(us)    Avg(us)    Std_dev    Geo_dist  
Period   10       45190        4519         0.7        0          443      331948     5330       8807.46    3275.37
Global   80       381601       4770         0.6        0          367      332539     5051       6858.40    3128.51

Total Statistics
Type     Time(s)  Ops          TPS(ops/s)   Net(M/s)   Get_miss   Min(us)  Max(us)    Avg(us)    Std_dev    Geo_dist  
Period   10       45191        4519         0.7        0          443      331948     5330       8807.33    3275.30
Global   80       381602       4770         0.6        0          367      332539     5051       6858.38    3128.50

[1;1H[2J
Get Statistics
Type     Time(s)  Ops          TPS(ops/s)   Net(M/s)   Get_miss   Min(us)  Max(us)    Avg(us)    Std_dev    Geo_dist  
Period   10       49837        4983         0.7        0          459      118854     4832       4780.26    3073.53
Global   90       431438       4793         0.7        0          367      332539     5026       6651.74    3122.16

Total Statistics
Type     Time(s)  Ops          TPS(ops/s)   Net(M/s)   Get_miss   Min(us)  Max(us)    Avg(us)    Std_dev    Geo_dist  
Period   10       49836        4983         0.7        0          459      118854     4832       4780.35    3073.58
Global   90       431438       4793         0.7        0          367      332539     5026       6651.74    3122.16

[1;1H[2J
Get Statistics
Type     Time(s)  Ops          TPS(ops/s)   Net(M/s)   Get_miss   Min(us)  Max(us)    Avg(us)    Std_dev    Geo_dist  
Period   10       49257        4925         0.7        0          424      99289      4885       4658.52    3116.12
Global   100      480695       4806         0.7        0          367      332539     5011       6476.33    3121.54

Total Statistics
Type     Time(s)  Ops          TPS(ops/s)   Net(M/s)   Get_miss   Min(us)  Max(us)    Avg(us)    Std_dev    Geo_dist  
Period   10       49257        4925         0.7        0          424      99289      4885       4658.52    3116.12
Global   100      480695       4806         0.7        0          367      332539     5011       6476.33    3121.54

[1;1H[2J
Get Statistics
Type     Time(s)  Ops          TPS(ops/s)   Net(M/s)   Get_miss   Min(us)  Max(us)    Avg(us)    Std_dev    Geo_dist  
Period   10       51441        5144         0.7        0          460      25478      4682       4085.81    3027.27
Global   110      532136       4837         0.7        0          367      332539     4979       6285.97    3112.30

Total Statistics
Type     Time(s)  Ops          TPS(ops/s)   Net(M/s)   Get_miss   Min(us)  Max(us)    Avg(us)    Std_dev    Geo_dist  
Period   10       51441        5144         0.7        0          460      25478      4682       4085.81    3027.27
Global   110      532136       4837         0.7        0          367      332539     4979       6285.97    3112.30

[1;1H[2J
Get Statistics
Type     Time(s)  Ops          TPS(ops/s)   Net(M/s)   Get_miss   Min(us)  Max(us)    Avg(us)    Std_dev    Geo_dist  
Period   10       47042        4704         0.7        0          369      103576     5122       5058.72    3250.21
Global   120      579178       4826         0.6        0          367      332539     4991       6195.17    3123.28

Total Statistics
Type     Time(s)  Ops          TPS(ops/s)   Net(M/s)   Get_miss   Min(us)  Max(us)    Avg(us)    Std_dev    Geo_dist  
Period   10       47042        4704         0.7        0          369      103576     5122       5058.72    3250.21
Global   120      579178       4826         0.6        0          367      332539     4991       6195.17    3123.28

[1;1H[2J
Get Statistics
Type     Time(s)  Ops          TPS(ops/s)   Net(M/s)   Get_miss   Min(us)  Max(us)    Avg(us)    Std_dev    Geo_dist  
Period   10       46650        4665         0.7        0          364      128422     5163       6221.53    3151.13
Global   130      625828       4814         0.6        0          364      332539     5004       6197.16    3125.35

Total Statistics
Type     Time(s)  Ops          TPS(ops/s)   Net(M/s)   Get_miss   Min(us)  Max(us)    Avg(us)    Std_dev    Geo_dist  
Period   10       46650        4665         0.7        0          364      128422     5163       6221.53    3151.13
Global   130      625828       4814         0.6        0          364      332539     5004       6197.16    3125.35

[1;1H[2J
Get Statistics
Type     Time(s)  Ops          TPS(ops/s)   Net(M/s)   Get_miss   Min(us)  Max(us)    Avg(us)    Std_dev    Geo_dist  
Period   10       48063        4806         0.7        0          421      173228     5009       6258.29    3169.89
Global   140      673891       4813         0.7        0          364      332539     5004       6201.82    3128.51

Total Statistics
Type     Time(s)  Ops          TPS(ops/s)   Net(M/s)   Get_miss   Min(us)  Max(us)    Avg(us)    Std_dev    Geo_dist  
Period   10       48063        4806         0.7        0          421      173228     5009       6258.29    3169.89
Global   140      673891       4813         0.7        0          364      332539     5004       6201.82    3128.51

[1;1H[2J
Get Statistics
Type     Time(s)  Ops          TPS(ops/s)   Net(M/s)   Get_miss   Min(us)  Max(us)    Avg(us)    Std_dev    Geo_dist  
Period   10       49361        4936         0.7        0          420      197931     4879       6454.96    3082.63
Global   150      723252       4821         0.7        0          364      332539     4996       6219.07    3125.35

Total Statistics
Type     Time(s)  Ops          TPS(ops/s)   Net(M/s)   Get_miss   Min(us)  Max(us)    Avg(us)    Std_dev    Geo_dist  
Period   10       49361        4936         0.7        0          420      197931     4879       6454.96    3082.63
Global   150      723252       4821         0.7        0          364      332539     4996       6219.07    3125.35

[1;1H[2J
Get Statistics
Type     Time(s)  Ops          TPS(ops/s)   Net(M/s)   Get_miss   Min(us)  Max(us)    Avg(us)    Std_dev    Geo_dist  
Period   10       45848        4584         0.7        0          425      401277     5255       10454.06   3295.79
Global   160      769100       4806         0.6        0          364      401277     5011       6549.37    3135.26

Total Statistics
Type     Time(s)  Ops          TPS(ops/s)   Net(M/s)   Get_miss   Min(us)  Max(us)    Avg(us)    Std_dev    Geo_dist  
Period   10       45848        4584         0.7        0          425      401277     5255       10454.06   3295.79
Global   160      769100       4806         0.6        0          364      401277     5011       6549.37    3135.26

[1;1H[2J
Get Statistics
Type     Time(s)  Ops          TPS(ops/s)   Net(M/s)   Get_miss   Min(us)  Max(us)    Avg(us)    Std_dev    Geo_dist  
Period   10       48238        4823         0.7        0          478      210601     4992       6538.24    3167.04
Global   170      817338       4807         0.7        0          364      401277     5010       6548.61    3137.13

Total Statistics
Type     Time(s)  Ops          TPS(ops/s)   Net(M/s)   Get_miss   Min(us)  Max(us)    Avg(us)    Std_dev    Geo_dist  
Period   10       48238        4823         0.7        0          478      210601     4992       6538.24    3167.04
Global   170      817338       4807         0.7        0          364      401277     5010       6548.61    3137.13

[1;1H[2J
Get Statistics
Type     Time(s)  Ops          TPS(ops/s)   Net(M/s)   Get_miss   Min(us)  Max(us)    Avg(us)    Std_dev    Geo_dist  
Period   10       48449        4844         0.7        0          397      141571     4973       5585.92    3156.64
Global   180      865787       4809         0.7        0          364      401277     5008       6498.46    3138.22

Total Statistics
Type     Time(s)  Ops          TPS(ops/s)   Net(M/s)   Get_miss   Min(us)  Max(us)    Avg(us)    Std_dev    Geo_dist  
Period   10       48449        4844         0.7        0          397      141571     4973       5585.92    3156.64
Global   180      865787       4809         0.7        0          364      401277     5008       6498.46    3138.22

[1;1H[2J
Get Statistics
Type     Time(s)  Ops          TPS(ops/s)   Net(M/s)   Get_miss   Min(us)  Max(us)    Avg(us)    Std_dev    Geo_dist  
Period   10       49893        4989         0.7        0          464      48381      4827       4276.04    3122.32
Global   190      915680       4819         0.7        0          364      401277     4998       6397.52    3137.35

Total Statistics
Type     Time(s)  Ops          TPS(ops/s)   Net(M/s)   Get_miss   Min(us)  Max(us)    Avg(us)    Std_dev    Geo_dist  
Period   10       49893        4989         0.7        0          464      48381      4827       4276.04    3122.32
Global   190      915680       4819         0.7        0          364      401277     4998       6397.52    3137.35

[1;1H[2J
Get Statistics
Type     Time(s)  Ops          TPS(ops/s)   Net(M/s)   Get_miss   Min(us)  Max(us)    Avg(us)    Std_dev    Geo_dist  
Period   10       45048        4504         0.7        0          405      644188     5340       15446.01   3213.59
Global   200      960728       4803         0.6        0          364      644188     5014       7085.29    3140.88

Total Statistics
Type     Time(s)  Ops          TPS(ops/s)   Net(M/s)   Get_miss   Min(us)  Max(us)    Avg(us)    Std_dev    Geo_dist  
Period   10       45048        4504         0.7        0          405      644188     5340       15446.01   3213.59
Global   200      960728       4803         0.6        0          364      644188     5014       7085.29    3140.88

[1;1H[2J
Get Statistics
Type     Time(s)  Ops          TPS(ops/s)   Net(M/s)   Get_miss   Min(us)  Max(us)    Avg(us)    Std_dev    Geo_dist  
Period   10       44040        4404         0.7        0          419      278139     5471       9567.12    3292.00
Global   210      1004768      4784         0.6        0          364      644188     5034       7212.62    3147.36

Total Statistics
Type     Time(s)  Ops          TPS(ops/s)   Net(M/s)   Get_miss   Min(us)  Max(us)    Avg(us)    Std_dev    Geo_dist  
Period   10       44040        4404         0.7        0          419      278139     5471       9567.12    3292.00
Global   210      1004768      4784         0.6        0          364      644188     5034       7212.62    3147.36

[1;1H[2J
Get Statistics
Type     Time(s)  Ops          TPS(ops/s)   Net(M/s)   Get_miss   Min(us)  Max(us)    Avg(us)    Std_dev    Geo_dist  
Period   10       46043        4604         0.7        0          433      116565     5230       6052.39    3257.92
Global   220      1050811      4776         0.6        0          364      644188     5043       7165.53    3152.12

Total Statistics
Type     Time(s)  Ops          TPS(ops/s)   Net(M/s)   Get_miss   Min(us)  Max(us)    Avg(us)    Std_dev    Geo_dist  
Period   10       46043        4604         0.7        0          433      116565     5230       6052.39    3257.92
Global   220      1050811      4776         0.6        0          364      644188     5043       7165.53    3152.12

[1;1H[2J
Get Statistics
Type     Time(s)  Ops          TPS(ops/s)   Net(M/s)   Get_miss   Min(us)  Max(us)    Avg(us)    Std_dev    Geo_dist  
Period   10       48479        4847         0.7        0          413      110728     4970       4937.45    3134.97
Global   230      1099290      4779         0.7        0          364      644188     5039       7082.64    3151.36

Total Statistics
Type     Time(s)  Ops          TPS(ops/s)   Net(M/s)   Get_miss   Min(us)  Max(us)    Avg(us)    Std_dev    Geo_dist  
Period   10       48479        4847         0.7        0          413      110728     4970       4937.45    3134.97
Global   230      1099290      4779         0.7        0          364      644188     5039       7082.64    3151.36

[1;1H[2J
Get Statistics
Type     Time(s)  Ops          TPS(ops/s)   Net(M/s)   Get_miss   Min(us)  Max(us)    Avg(us)    Std_dev    Geo_dist  
Period   10       46959        4695         0.7        0          485      113356     5129       5185.27    3221.18
Global   240      1146249      4776         0.6        0          364      644188     5043       7014.79    3154.20

Total Statistics
Type     Time(s)  Ops          TPS(ops/s)   Net(M/s)   Get_miss   Min(us)  Max(us)    Avg(us)    Std_dev    Geo_dist  
Period   10       46959        4695         0.7        0          485      113356     5129       5185.27    3221.18
Global   240      1146249      4776         0.6        0          364      644188     5043       7014.79    3154.20

[1;1H[2J
Get Statistics
Type     Time(s)  Ops          TPS(ops/s)   Net(M/s)   Get_miss   Min(us)  Max(us)    Avg(us)    Std_dev    Geo_dist  
Period   10       44666        4466         0.7        0          396      712375     5392       14090.42   3245.18
Global   250      1190915      4763         0.6        0          364      712375     5056       7403.60    3157.56

Total Statistics
Type     Time(s)  Ops          TPS(ops/s)   Net(M/s)   Get_miss   Min(us)  Max(us)    Avg(us)    Std_dev    Geo_dist  
Period   10       44666        4466         0.7        0          396      712375     5392       14090.42   3245.18
Global   250      1190915      4763         0.6        0          364      712375     5056       7403.60    3157.56

[1;1H[2J
Get Statistics
Type     Time(s)  Ops          TPS(ops/s)   Net(M/s)   Get_miss   Min(us)  Max(us)    Avg(us)    Std_dev    Geo_dist  
Period   10       49138        4913         0.7        0          407      171250     4901       5558.11    3105.88
Global   260      1240053      4769         0.7        0          364      712375     5050       7339.27    3155.50

Total Statistics
Type     Time(s)  Ops          TPS(ops/s)   Net(M/s)   Get_miss   Min(us)  Max(us)    Avg(us)    Std_dev    Geo_dist  
Period   10       49138        4913         0.7        0          407      171250     4901       5558.11    3105.88
Global   260      1240053      4769         0.7        0          364      712375     5050       7339.27    3155.50

[1;1H[2J
Get Statistics
Type     Time(s)  Ops          TPS(ops/s)   Net(M/s)   Get_miss   Min(us)  Max(us)    Avg(us)    Std_dev    Geo_dist  
Period   10       47857        4785         0.7        0          449      225755     5030       7084.12    3167.65
Global   270      1287910      4770         0.7        0          364      712375     5049       7330.12    3155.95

Total Statistics
Type     Time(s)  Ops          TPS(ops/s)   Net(M/s)   Get_miss   Min(us)  Max(us)    Avg(us)    Std_dev    Geo_dist  
Period   10       47857        4785         0.7        0          449      225755     5030       7084.12    3167.65
Global   270      1287910      4770         0.7        0          364      712375     5049       7330.12    3155.95

[1;1H[2J
Get Statistics
Type     Time(s)  Ops          TPS(ops/s)   Net(M/s)   Get_miss   Min(us)  Max(us)    Avg(us)    Std_dev    Geo_dist  
Period   10       47208        4720         0.7        0          482      316310     5104       8047.03    3151.80
Global   280      1335118      4768         0.6        0          364      712375     5051       7356.62    3155.80

Total Statistics
Type     Time(s)  Ops          TPS(ops/s)   Net(M/s)   Get_miss   Min(us)  Max(us)    Avg(us)    Std_dev    Geo_dist  
Period   10       47208        4720         0.7        0          482      316310     5104       8047.03    3151.80
Global   280      1335118      4768         0.6        0          364      712375     5051       7356.62    3155.80

[1;1H[2J
Get Statistics
Type     Time(s)  Ops          TPS(ops/s)   Net(M/s)   Get_miss   Min(us)  Max(us)    Avg(us)    Std_dev    Geo_dist  
Period   10       44180        4418         0.7        0          410      382328     5452       11016.04   3303.78
Global   290      1379298      4756         0.6        0          364      712375     5064       7501.79    3160.44

Total Statistics
Type     Time(s)  Ops          TPS(ops/s)   Net(M/s)   Get_miss   Min(us)  Max(us)    Avg(us)    Std_dev    Geo_dist  
Period   10       44180        4418         0.7        0          410      382328     5452       11016.04   3303.78
Global   290      1379298      4756         0.6        0          364      712375     5064       7501.79    3160.44

[1;1H[2J
Get Statistics
Type     Time(s)  Ops          TPS(ops/s)   Net(M/s)   Get_miss   Min(us)  Max(us)    Avg(us)    Std_dev    Geo_dist  
Period   10       49149        4914         0.7        0          445      132213     4900       4991.49    3136.46
Global   300      1428447      4761         0.7        0          364      712375     5058       7429.82    3159.61

Total Statistics
Type     Time(s)  Ops          TPS(ops/s)   Net(M/s)   Get_miss   Min(us)  Max(us)    Avg(us)    Std_dev    Geo_dist  
Period   10       49149        4914         0.7        0          445      132213     4900       4991.49    3136.46
Global   300      1428447      4761         0.7        0          364      712375     5058       7429.82    3159.61

[1;1H[2J
Get Statistics
Type     Time(s)  Ops          TPS(ops/s)   Net(M/s)   Get_miss   Min(us)  Max(us)    Avg(us)    Std_dev    Geo_dist  
Period   10       45583        4558         0.7        0          454      969428     5283       22253.06   3126.05
Global   310      1474030      4754         0.6        0          364      969428     5065       8295.15    3158.57

Total Statistics
Type     Time(s)  Ops          TPS(ops/s)   Net(M/s)   Get_miss   Min(us)  Max(us)    Avg(us)    Std_dev    Geo_dist  
Period   10       45583        4558         0.7        0          454      969428     5283       22253.06   3126.05
Global   310      1474030      4754         0.6        0          364      969428     5065       8295.15    3158.57

[1;1H[2J
Get Statistics
Type     Time(s)  Ops          TPS(ops/s)   Net(M/s)   Get_miss   Min(us)  Max(us)    Avg(us)    Std_dev    Geo_dist  
Period   10       47897        4789         0.7        0          436      97521      5031       5259.00    3141.07
Global   320      1521927      4756         0.7        0          364      969428     5064       8216.67    3158.01

Total Statistics
Type     Time(s)  Ops          TPS(ops/s)   Net(M/s)   Get_miss   Min(us)  Max(us)    Avg(us)    Std_dev    Geo_dist  
Period   10       47897        4789         0.7        0          436      97521      5031       5259.00    3141.07
Global   320      1521927      4756         0.7        0          364      969428     5064       8216.67    3158.01

[1;1H[2J
Get Statistics
Type     Time(s)  Ops          TPS(ops/s)   Net(M/s)   Get_miss   Min(us)  Max(us)    Avg(us)    Std_dev    Geo_dist  
Period   10       49536        4953         0.7        0          464      119359     4861       5091.60    3065.31
Global   330      1571463      4762         0.7        0          364      969428     5058       8136.33    3155.05

Total Statistics
Type     Time(s)  Ops          TPS(ops/s)   Net(M/s)   Get_miss   Min(us)  Max(us)    Avg(us)    Std_dev    Geo_dist  
Period   10       49536        4953         0.7        0          464      119359     4861       5091.60    3065.31
Global   330      1571463      4762         0.7        0          364      969428     5058       8136.33    3155.05

[1;1H[2J
Get Statistics
Type     Time(s)  Ops          TPS(ops/s)   Net(M/s)   Get_miss   Min(us)  Max(us)    Avg(us)    Std_dev    Geo_dist  
Period   10       47607        4760         0.7        0          424      248369     5058       7588.37    3064.14
Global   340      1619070      4761         0.7        0          364      969428     5058       8120.74    3152.34

Total Statistics
Type     Time(s)  Ops          TPS(ops/s)   Net(M/s)   Get_miss   Min(us)  Max(us)    Avg(us)    Std_dev    Geo_dist  
Period   10       47607        4760         0.7        0          424      248369     5058       7588.37    3064.14
Global   340      1619070      4761         0.7        0          364      969428     5058       8120.74    3152.34

[1;1H[2J
Get Statistics
Type     Time(s)  Ops          TPS(ops/s)   Net(M/s)   Get_miss   Min(us)  Max(us)    Avg(us)    Std_dev    Geo_dist  
Period   10       48536        4853         0.7        0          431      55952      4962       4460.23    3155.46
Global   350      1667606      4764         0.7        0          364      969428     5055       8037.94    3152.43

Total Statistics
Type     Time(s)  Ops          TPS(ops/s)   Net(M/s)   Get_miss   Min(us)  Max(us)    Avg(us)    Std_dev    Geo_dist  
Period   10       48536        4853         0.7        0          431      55952      4962       4460.23    3155.46
Global   350      1667606      4764         0.7        0          364      969428     5055       8037.94    3152.43

[1;1H[2J
Get Statistics
Type     Time(s)  Ops          TPS(ops/s)   Net(M/s)   Get_miss   Min(us)  Max(us)    Avg(us)    Std_dev    Geo_dist  
Period   10       46392        4639         0.7        0          380      254625     5190       7281.42    3272.50
Global   360      1713998      4761         0.6        0          364      969428     5059       8018.21    3155.62

Total Statistics
Type     Time(s)  Ops          TPS(ops/s)   Net(M/s)   Get_miss   Min(us)  Max(us)    Avg(us)    Std_dev    Geo_dist  
Period   10       46392        4639         0.7        0          380      254625     5190       7281.42    3272.50
Global   360      1713998      4761         0.6        0          364      969428     5059       8018.21    3155.62

Get Statistics (1714022 events)
   Min:       364
   Max:    969428
   Avg:      5059
   Geo:   3155.66
   Std:   8018.20
   Log2 Dist:
       8:        0      303   173459   681125
      12:    83839   342640   402504    26438
      16:     2140      982      358      178
      20:       56

Total Statistics (1714022 events)
   Min:       364
   Max:    969428
   Avg:      5059
   Geo:   3155.66
   Std:   8018.20
   Log2 Dist:
       8:        0      303   173459   681125
      12:    83839   342640   402504    26438
      16:     2140      982      358      178
      20:       56

cmd_get: 1714046
cmd_set: 24576
get_misses: 0
written_bytes: 41640644
read_bytes: 283010238
object_bytes: 3538944

Run time: 361.5s Ops: 1738622 TPS: 4810 Net_rate: 0.9M/s
