servers : 10.0.0.6:11212
threads count: 24
concurrency: 24
run time: 360s
windows size: 1k
set proportion: set_prop=0.00
get proportion: get_prop=1.00
[1;1H[2J
Get Statistics
Type     Time(s)  Ops          TPS(ops/s)   Net(M/s)   Get_miss   Min(us)  Max(us)    Avg(us)    Std_dev    Geo_dist  
Period   10       48418        4841         0.7        0          378      213987     4974       7322.86    2869.13
Global   10       48418        4841         0.7        0          378      213987     4974       7322.86    2869.13

Total Statistics
Type     Time(s)  Ops          TPS(ops/s)   Net(M/s)   Get_miss   Min(us)  Max(us)    Avg(us)    Std_dev    Geo_dist  
Period   10       48418        4841         0.7        0          378      213987     4974       7322.86    2869.13
Global   10       48418        4841         0.7        0          378      213987     4974       7322.86    2869.13

[1;1H[2J
Get Statistics
Type     Time(s)  Ops          TPS(ops/s)   Net(M/s)   Get_miss   Min(us)  Max(us)    Avg(us)    Std_dev    Geo_dist  
Period   10       49887        4988         0.7        0          402      332134     4825       8772.99    2843.23
Global   20       98305        4915         0.7        0          378      332134     4898       8091.84    2855.96

Total Statistics
Type     Time(s)  Ops          TPS(ops/s)   Net(M/s)   Get_miss   Min(us)  Max(us)    Avg(us)    Std_dev    Geo_dist  
Period   10       49887        4988         0.7        0          402      332134     4825       8772.99    2843.23
Global   20       98305        4915         0.7        0          378      332134     4898       8091.84    2855.96

[1;1H[2J
Get Statistics
Type     Time(s)  Ops          TPS(ops/s)   Net(M/s)   Get_miss   Min(us)  Max(us)    Avg(us)    Std_dev    Geo_dist  
Period   10       51309        5130         0.7        0          405      110845     4695       5663.45    2806.37
Global   30       149614       4987         0.7        0          378      332134     4829       7350.20    2838.86

Total Statistics
Type     Time(s)  Ops          TPS(ops/s)   Net(M/s)   Get_miss   Min(us)  Max(us)    Avg(us)    Std_dev    Geo_dist  
Period   10       51309        5130         0.7        0          405      110845     4695       5663.45    2806.37
Global   30       149614       4987         0.7        0          378      332134     4829       7350.20    2838.86

[1;1H[2J
Get Statistics
Type     Time(s)  Ops          TPS(ops/s)   Net(M/s)   Get_miss   Min(us)  Max(us)    Avg(us)    Std_dev    Geo_dist  
Period   10       53894        5389         0.7        0          358      50910      4468       4275.44    2739.66
Global   40       203508       5087         0.7        0          358      332134     4733       6677.43    2812.24

Total Statistics
Type     Time(s)  Ops          TPS(ops/s)   Net(M/s)   Get_miss   Min(us)  Max(us)    Avg(us)    Std_dev    Geo_dist  
Period   10       53894        5389         0.7        0          358      50910      4468       4275.44    2739.66
Global   40       203508       5087         0.7        0          358      332134     4733       6677.43    2812.24

[1;1H[2J
Get Statistics
Type     Time(s)  Ops          TPS(ops/s)   Net(M/s)   Get_miss   Min(us)  Max(us)    Avg(us)    Std_dev    Geo_dist  
Period   10       52467        5246         0.7        0          352      38429      4591       4248.76    2843.30
Global   50       255975       5119         0.7        0          352      332134     4704       6257.09    2818.58

Total Statistics
Type     Time(s)  Ops          TPS(ops/s)   Net(M/s)   Get_miss   Min(us)  Max(us)    Avg(us)    Std_dev    Geo_dist  
Period   10       52467        5246         0.7        0          352      38429      4591       4248.76    2843.30
Global   50       255975       5119         0.7        0          352      332134     4704       6257.09    2818.58

[1;1H[2J
Get Statistics
Type     Time(s)  Ops          TPS(ops/s)   Net(M/s)   Get_miss   Min(us)  Max(us)    Avg(us)    Std_dev    Geo_dist  
Period   10       51616        5161         0.7        0          398      321584     4663       8115.71    2761.57
Global   60       307591       5126         0.7        0          352      332134     4697       6605.68    2808.93

Total Statistics
Type     Time(s)  Ops          TPS(ops/s)   Net(M/s)   Get_miss   Min(us)  Max(us)    Avg(us)    Std_dev    Geo_dist  
Period   10       51616        5161         0.7        0          398      321584     4663       8115.71    2761.57
Global   60       307591       5126         0.7        0          352      332134     4697       6605.68    2808.93

[1;1H[2J
Get Statistics
Type     Time(s)  Ops          TPS(ops/s)   Net(M/s)   Get_miss   Min(us)  Max(us)    Avg(us)    Std_dev    Geo_dist  
Period   10       51177        5117         0.7        0          438      88366      4710       5016.41    2858.57
Global   70       358768       5125         0.7        0          352      332134     4699       6403.03    2815.96

Total Statistics
Type     Time(s)  Ops          TPS(ops/s)   Net(M/s)   Get_miss   Min(us)  Max(us)    Avg(us)    Std_dev    Geo_dist  
Period   10       51177        5117         0.7        0          438      88366      4710       5016.41    2858.57
Global   70       358768       5125         0.7        0          352      332134     4699       6403.03    2815.96

[1;1H[2J
Get Statistics
Type     Time(s)  Ops          TPS(ops/s)   Net(M/s)   Get_miss   Min(us)  Max(us)    Avg(us)    Std_dev    Geo_dist  
Period   10       48034        4803         0.7        0          389      330103     5010       7973.62    3005.74
Global   80       406802       5085         0.7        0          352      332134     4736       6608.50    2837.73

Total Statistics
Type     Time(s)  Ops          TPS(ops/s)   Net(M/s)   Get_miss   Min(us)  Max(us)    Avg(us)    Std_dev    Geo_dist  
Period   10       48034        4803         0.7        0          389      330103     5010       7973.62    3005.74
Global   80       406802       5085         0.7        0          352      332134     4736       6608.50    2837.73

[1;1H[2J
Get Statistics
Type     Time(s)  Ops          TPS(ops/s)   Net(M/s)   Get_miss   Min(us)  Max(us)    Avg(us)    Std_dev    Geo_dist  
Period   10       52731        5273         0.7        0          383      124048     4571       4757.01    2809.39
Global   90       459533       5105         0.7        0          352      332134     4717       6423.47    2834.46

Total Statistics
Type     Time(s)  Ops          TPS(ops/s)   Net(M/s)   Get_miss   Min(us)  Max(us)    Avg(us)    Std_dev    Geo_dist  
Period   10       52731        5273         0.7        0          383      124048     4571       4757.01    2809.39
Global   90       459533       5105         0.7        0          352      332134     4717       6423.47    2834.46

[1;1H[2J
Get Statistics
Type     Time(s)  Ops          TPS(ops/s)   Net(M/s)   Get_miss   Min(us)  Max(us)    Avg(us)    Std_dev    Geo_dist  
Period   10       52199        5219         0.7        0          394      99030      4613       4677.84    2832.41
Global   100      511732       5117         0.7        0          352      332134     4706       6268.08    2834.25

Total Statistics
Type     Time(s)  Ops          TPS(ops/s)   Net(M/s)   Get_miss   Min(us)  Max(us)    Avg(us)    Std_dev    Geo_dist  
Period   10       52200        5220         0.7        0          394      99030      4613       4677.75    2831.99
Global   100      511733       5117         0.7        0          352      332134     4706       6268.07    2834.25

[1;1H[2J
Get Statistics
Type     Time(s)  Ops          TPS(ops/s)   Net(M/s)   Get_miss   Min(us)  Max(us)    Avg(us)    Std_dev    Geo_dist  
Period   10       54873        5487         0.7        0          385      26630      4388       4045.49    2744.99
Global   110      566605       5150         0.8        0          352      332134     4675       6089.30    2825.52

Total Statistics
Type     Time(s)  Ops          TPS(ops/s)   Net(M/s)   Get_miss   Min(us)  Max(us)    Avg(us)    Std_dev    Geo_dist  
Period   10       54872        5487         0.7        0          385      26630      4388       4045.57    2745.38
Global   110      566605       5150         0.8        0          352      332134     4675       6089.30    2825.52

[1;1H[2J
Get Statistics
Type     Time(s)  Ops          TPS(ops/s)   Net(M/s)   Get_miss   Min(us)  Max(us)    Avg(us)    Std_dev    Geo_dist  
Period   10       51584        5158         0.7        0          369      49153      4668       4483.34    2877.44
Global   120      618189       5151         0.7        0          352      332134     4675       5971.37    2829.82

Total Statistics
Type     Time(s)  Ops          TPS(ops/s)   Net(M/s)   Get_miss   Min(us)  Max(us)    Avg(us)    Std_dev    Geo_dist  
Period   10       51585        5158         0.7        0          369      49153      4668       4483.39    2877.50
Global   120      618190       5151         0.7        0          352      332134     4675       5971.37    2829.82

[1;1H[2J
Get Statistics
Type     Time(s)  Ops          TPS(ops/s)   Net(M/s)   Get_miss   Min(us)  Max(us)    Avg(us)    Std_dev    Geo_dist  
Period   10       50080        5008         0.7        0          370      128599     4810       6359.09    2795.45
Global   130      668269       5140         0.7        0          352      332134     4685       6001.50    2827.26

Total Statistics
Type     Time(s)  Ops          TPS(ops/s)   Net(M/s)   Get_miss   Min(us)  Max(us)    Avg(us)    Std_dev    Geo_dist  
Period   10       50079        5007         0.7        0          370      128599     4810       6359.19    2795.89
Global   130      668269       5140         0.7        0          352      332134     4685       6001.50    2827.26

[1;1H[2J
Get Statistics
Type     Time(s)  Ops          TPS(ops/s)   Net(M/s)   Get_miss   Min(us)  Max(us)    Avg(us)    Std_dev    Geo_dist  
Period   10       50446        5044         0.7        0          409      172993     4770       6251.43    2903.31
Global   140      718715       5133         0.7        0          352      332134     4691       6019.39    2832.54

Total Statistics
Type     Time(s)  Ops          TPS(ops/s)   Net(M/s)   Get_miss   Min(us)  Max(us)    Avg(us)    Std_dev    Geo_dist  
Period   10       50446        5044         0.7        0          409      172993     4770       6251.43    2903.31
Global   140      718715       5133         0.7        0          352      332134     4691       6019.39    2832.54

[1;1H[2J
Get Statistics
Type     Time(s)  Ops          TPS(ops/s)   Net(M/s)   Get_miss   Min(us)  Max(us)    Avg(us)    Std_dev    Geo_dist  
Period   10       53589        5358         0.7        0          390      196464     4495       5386.28    2783.02
Global   150      772304       5148         0.7        0          352      332134     4677       5978.14    2829.07

Total Statistics
Type     Time(s)  Ops          TPS(ops/s)   Net(M/s)   Get_miss   Min(us)  Max(us)    Avg(us)    Std_dev    Geo_dist  
Period   10       53589        5358         0.7        0          390      196464     4495       5386.28    2783.02
Global   150      772304       5148         0.7        0          352      332134     4677       5978.14    2829.07

[1;1H[2J
Get Statistics
Type     Time(s)  Ops          TPS(ops/s)   Net(M/s)   Get_miss   Min(us)  Max(us)    Avg(us)    Std_dev    Geo_dist  
Period   10       48056        4805         0.7        0          350      401146     5029       10721.61   3007.32
Global   160      820360       5127         0.7        0          350      401146     4698       6354.65    2839.22

Total Statistics
Type     Time(s)  Ops          TPS(ops/s)   Net(M/s)   Get_miss   Min(us)  Max(us)    Avg(us)    Std_dev    Geo_dist  
Period   10       48056        4805         0.7        0          350      401146     5029       10721.61   3007.32
Global   160      820360       5127         0.7        0          350      401146     4698       6354.65    2839.22

[1;1H[2J
Get Statistics
Type     Time(s)  Ops          TPS(ops/s)   Net(M/s)   Get_miss   Min(us)  Max(us)    Avg(us)    Std_dev    Geo_dist  
Period   10       52409        5240         0.7        0          384      107481     4600       4631.45    2895.52
Global   170      872769       5133         0.7        0          350      401146     4692       6264.69    2842.57

Total Statistics
Type     Time(s)  Ops          TPS(ops/s)   Net(M/s)   Get_miss   Min(us)  Max(us)    Avg(us)    Std_dev    Geo_dist  
Period   10       52409        5240         0.7        0          384      107481     4600       4631.45    2895.52
Global   170      872769       5133         0.7        0          350      401146     4692       6264.69    2842.57

[1;1H[2J
Get Statistics
Type     Time(s)  Ops          TPS(ops/s)   Net(M/s)   Get_miss   Min(us)  Max(us)    Avg(us)    Std_dev    Geo_dist  
Period   10       50987        5098         0.7        0          393      215973     4724       6798.28    2840.60
Global   180      923756       5131         0.7        0          350      401146     4694       6295.15    2842.46

Total Statistics
Type     Time(s)  Ops          TPS(ops/s)   Net(M/s)   Get_miss   Min(us)  Max(us)    Avg(us)    Std_dev    Geo_dist  
Period   10       50987        5098         0.7        0          393      215973     4724       6798.28    2840.60
Global   180      923756       5131         0.7        0          350      401146     4694       6295.15    2842.46

[1;1H[2J
Get Statistics
Type     Time(s)  Ops          TPS(ops/s)   Net(M/s)   Get_miss   Min(us)  Max(us)    Avg(us)    Std_dev    Geo_dist  
Period   10       53524        5352         0.7        0          417      48170      4497       4203.73    2805.29
Global   190      977280       5143         0.7        0          350      401146     4683       6199.22    2840.41

Total Statistics
Type     Time(s)  Ops          TPS(ops/s)   Net(M/s)   Get_miss   Min(us)  Max(us)    Avg(us)    Std_dev    Geo_dist  
Period   10       53524        5352         0.7        0          417      48170      4497       4203.73    2805.29
Global   190      977280       5143         0.7        0          350      401146     4683       6199.22    2840.41

[1;1H[2J
Get Statistics
Type     Time(s)  Ops          TPS(ops/s)   Net(M/s)   Get_miss   Min(us)  Max(us)    Avg(us)    Std_dev    Geo_dist  
Period   10       48002        4800         0.7        0          379      644168     5017       15037.86   2943.74
Global   200      1025282      5126         0.7        0          350      644168     4699       6871.67    2845.16

Total Statistics
Type     Time(s)  Ops          TPS(ops/s)   Net(M/s)   Get_miss   Min(us)  Max(us)    Avg(us)    Std_dev    Geo_dist  
Period   10       48002        4800         0.7        0          379      644168     5017       15037.86   2943.74
Global   200      1025282      5126         0.7        0          350      644168     4699       6871.67    2845.16

[1;1H[2J
Get Statistics
Type     Time(s)  Ops          TPS(ops/s)   Net(M/s)   Get_miss   Min(us)  Max(us)    Avg(us)    Std_dev    Geo_dist  
Period   10       46866        4686         0.7        0          417      278661     5135       9114.33    2985.58
Global   210      1072148      5105         0.6        0          350      644168     4718       6985.37    2851.16

Total Statistics
Type     Time(s)  Ops          TPS(ops/s)   Net(M/s)   Get_miss   Min(us)  Max(us)    Avg(us)    Std_dev    Geo_dist  
Period   10       46866        4686         0.7        0          417      278661     5135       9114.33    2985.58
Global   210      1072148      5105         0.6        0          350      644168     4718       6985.37    2851.16

[1;1H[2J
Get Statistics
Type     Time(s)  Ops          TPS(ops/s)   Net(M/s)   Get_miss   Min(us)  Max(us)    Avg(us)    Std_dev    Geo_dist  
Period   10       49744        4974         0.7        0          400      224225     4845       5969.77    2906.41
Global   220      1121892      5099         0.7        0          350      644168     4723       6943.96    2853.59

Total Statistics
Type     Time(s)  Ops          TPS(ops/s)   Net(M/s)   Get_miss   Min(us)  Max(us)    Avg(us)    Std_dev    Geo_dist  
Period   10       49744        4974         0.7        0          400      224225     4845       5969.77    2906.41
Global   220      1121892      5099         0.7        0          350      644168     4723       6943.96    2853.59

[1;1H[2J
Get Statistics
Type     Time(s)  Ops          TPS(ops/s)   Net(M/s)   Get_miss   Min(us)  Max(us)    Avg(us)    Std_dev    Geo_dist  
Period   10       51435        5143         0.7        0          356      82335      4684       4827.73    2876.82
Global   230      1173327      5101         0.7        0          350      644168     4722       6864.39    2854.60

Total Statistics
Type     Time(s)  Ops          TPS(ops/s)   Net(M/s)   Get_miss   Min(us)  Max(us)    Avg(us)    Std_dev    Geo_dist  
Period   10       51435        5143         0.7        0          356      82335      4684       4827.73    2876.82
Global   230      1173327      5101         0.7        0          350      644168     4722       6864.39    2854.60

[1;1H[2J
Get Statistics
Type     Time(s)  Ops          TPS(ops/s)   Net(M/s)   Get_miss   Min(us)  Max(us)    Avg(us)    Std_dev    Geo_dist  
Period   10       49899        4989         0.7        0          416      113021     4826       5092.76    2937.90
Global   240      1223226      5096         0.7        0          350      644168     4726       6801.35    2857.96

Total Statistics
Type     Time(s)  Ops          TPS(ops/s)   Net(M/s)   Get_miss   Min(us)  Max(us)    Avg(us)    Std_dev    Geo_dist  
Period   10       49899        4989         0.7        0          416      113021     4826       5092.76    2937.90
Global   240      1223226      5096         0.7        0          350      644168     4726       6801.35    2857.96

[1;1H[2J
Get Statistics
Type     Time(s)  Ops          TPS(ops/s)   Net(M/s)   Get_miss   Min(us)  Max(us)    Avg(us)    Std_dev    Geo_dist  
Period   10       48211        4821         0.7        0          363      711534     4995       13761.83   2884.78
Global   250      1271437      5085         0.7        0          350      711534     4736       7189.58    2858.97

Total Statistics
Type     Time(s)  Ops          TPS(ops/s)   Net(M/s)   Get_miss   Min(us)  Max(us)    Avg(us)    Std_dev    Geo_dist  
Period   10       48211        4821         0.7        0          363      711534     4995       13761.83   2884.78
Global   250      1271437      5085         0.7        0          350      711534     4736       7189.58    2858.97

[1;1H[2J
Get Statistics
Type     Time(s)  Ops          TPS(ops/s)   Net(M/s)   Get_miss   Min(us)  Max(us)    Avg(us)    Std_dev    Geo_dist  
Period   10       51347        5134         0.7        0          376      171152     4689       5549.29    2893.78
Global   260      1322784      5087         0.7        0          350      711534     4734       7133.07    2860.31

Total Statistics
Type     Time(s)  Ops          TPS(ops/s)   Net(M/s)   Get_miss   Min(us)  Max(us)    Avg(us)    Std_dev    Geo_dist  
Period   10       51347        5134         0.7        0          376      171152     4689       5549.29    2893.78
Global   260      1322784      5087         0.7        0          350      711534     4734       7133.07    2860.31

[1;1H[2J
Get Statistics
Type     Time(s)  Ops          TPS(ops/s)   Net(M/s)   Get_miss   Min(us)  Max(us)    Avg(us)    Std_dev    Geo_dist  
Period   10       52055        5205         0.7        0          411      130788     4625       5179.99    2879.31
Global   270      1374839      5091         0.7        0          350      711534     4730       7068.90    2861.03

Total Statistics
Type     Time(s)  Ops          TPS(ops/s)   Net(M/s)   Get_miss   Min(us)  Max(us)    Avg(us)    Std_dev    Geo_dist  
Period   10       52055        5205         0.7        0          411      130788     4625       5179.99    2879.31
Global   270      1374839      5091         0.7        0          350      711534     4730       7068.90    2861.03

[1;1H[2J
Get Statistics
Type     Time(s)  Ops          TPS(ops/s)   Net(M/s)   Get_miss   Min(us)  Max(us)    Avg(us)    Std_dev    Geo_dist  
Period   10       49579        4957         0.7        0          384      320588     4859       9202.22    2840.54
Global   280      1424418      5087         0.7        0          350      711534     4735       7153.55    2860.31

Total Statistics
Type     Time(s)  Ops          TPS(ops/s)   Net(M/s)   Get_miss   Min(us)  Max(us)    Avg(us)    Std_dev    Geo_dist  
Period   10       49579        4957         0.7        0          384      320588     4859       9202.22    2840.54
Global   280      1424418      5087         0.7        0          350      711534     4735       7153.55    2860.31

[1;1H[2J
Get Statistics
Type     Time(s)  Ops          TPS(ops/s)   Net(M/s)   Get_miss   Min(us)  Max(us)    Avg(us)    Std_dev    Geo_dist  
Period   10       47073        4707         0.7        0          329      377469     5115       10666.92   3009.29
Global   290      1471491      5074         0.6        0          329      711534     4747       7292.60    2864.96

Total Statistics
Type     Time(s)  Ops          TPS(ops/s)   Net(M/s)   Get_miss   Min(us)  Max(us)    Avg(us)    Std_dev    Geo_dist  
Period   10       47073        4707         0.7        0          329      377469     5115       10666.92   3009.29
Global   290      1471491      5074         0.6        0          329      711534     4747       7292.60    2864.96

[1;1H[2J
Get Statistics
Type     Time(s)  Ops          TPS(ops/s)   Net(M/s)   Get_miss   Min(us)  Max(us)    Avg(us)    Std_dev    Geo_dist  
Period   10       52507        5250         0.7        0          308      131891     4586       4943.32    2826.49
Global   300      1523998      5079         0.7        0          308      711534     4741       7224.73    2863.63

Total Statistics
Type     Time(s)  Ops          TPS(ops/s)   Net(M/s)   Get_miss   Min(us)  Max(us)    Avg(us)    Std_dev    Geo_dist  
Period   10       52507        5250         0.7        0          308      131891     4586       4943.32    2826.49
Global   300      1523998      5079         0.7        0          308      711534     4741       7224.73    2863.63

[1;1H[2J
Get Statistics
Type     Time(s)  Ops          TPS(ops/s)   Net(M/s)   Get_miss   Min(us)  Max(us)    Avg(us)    Std_dev    Geo_dist  
Period   10       50092        5009         0.7        0          349      969537     4811       21322.68   2742.09
Global   310      1574090      5077         0.7        0          308      969537     4743       8062.64    2859.68

Total Statistics
Type     Time(s)  Ops          TPS(ops/s)   Net(M/s)   Get_miss   Min(us)  Max(us)    Avg(us)    Std_dev    Geo_dist  
Period   10       50092        5009         0.7        0          349      969537     4811       21322.68   2742.09
Global   310      1574090      5077         0.7        0          308      969537     4743       8062.64    2859.68

[1;1H[2J
Get Statistics
Type     Time(s)  Ops          TPS(ops/s)   Net(M/s)   Get_miss   Min(us)  Max(us)    Avg(us)    Std_dev    Geo_dist  
Period   10       50138        5013         0.7        0          399      96976      4803       5227.51    2914.14
Global   320      1624228      5075         0.7        0          308      969537     4745       7990.10    2861.34

Total Statistics
Type     Time(s)  Ops          TPS(ops/s)   Net(M/s)   Get_miss   Min(us)  Max(us)    Avg(us)    Std_dev    Geo_dist  
Period   10       50138        5013         0.7        0          399      96976      4803       5227.51    2914.14
Global   320      1624228      5075         0.7        0          308      969537     4745       7990.10    2861.34

[1;1H[2J
Get Statistics
Type     Time(s)  Ops          TPS(ops/s)   Net(M/s)   Get_miss   Min(us)  Max(us)    Avg(us)    Std_dev    Geo_dist  
Period   10       53546        5354         0.7        0          366      75725      4495       4484.60    2753.23
Global   330      1677774      5084         0.7        0          308      969537     4737       7902.42    2857.83

Total Statistics
Type     Time(s)  Ops          TPS(ops/s)   Net(M/s)   Get_miss   Min(us)  Max(us)    Avg(us)    Std_dev    Geo_dist  
Period   10       53546        5354         0.7        0          366      75725      4495       4484.60    2753.23
Global   330      1677774      5084         0.7        0          308      969537     4737       7902.42    2857.83

[1;1H[2J
Get Statistics
Type     Time(s)  Ops          TPS(ops/s)   Net(M/s)   Get_miss   Min(us)  Max(us)    Avg(us)    Std_dev    Geo_dist  
Period   10       51006        5100         0.7        0          388      248163     4722       7900.46    2721.88
Global   340      1728780      5084         0.7        0          308      969537     4737       7902.10    2853.72

Total Statistics
Type     Time(s)  Ops          TPS(ops/s)   Net(M/s)   Get_miss   Min(us)  Max(us)    Avg(us)    Std_dev    Geo_dist  
Period   10       51006        5100         0.7        0          388      248163     4722       7900.46    2721.88
Global   340      1728780      5084         0.7        0          308      969537     4737       7902.10    2853.72

[1;1H[2J
Get Statistics
Type     Time(s)  Ops          TPS(ops/s)   Net(M/s)   Get_miss   Min(us)  Max(us)    Avg(us)    Std_dev    Geo_dist  
Period   10       51158        5115         0.7        0          314      55671      4709       4345.87    2937.43
Global   350      1779938      5085         0.7        0          308      969537     4736       7822.60    2856.09

Total Statistics
Type     Time(s)  Ops          TPS(ops/s)   Net(M/s)   Get_miss   Min(us)  Max(us)    Avg(us)    Std_dev    Geo_dist  
Period   10       51158        5115         0.7        0          314      55671      4709       4345.87    2937.43
Global   350      1779938      5085         0.7        0          308      969537     4736       7822.60    2856.09

[1;1H[2J
Get Statistics
Type     Time(s)  Ops          TPS(ops/s)   Net(M/s)   Get_miss   Min(us)  Max(us)    Avg(us)    Std_dev    Geo_dist  
Period   10       51068        5106         0.7        0          440      254898     4715       7008.62    2841.43
Global   360      1831006      5086         0.7        0          308      969537     4735       7801.30    2855.68

Total Statistics
Type     Time(s)  Ops          TPS(ops/s)   Net(M/s)   Get_miss   Min(us)  Max(us)    Avg(us)    Std_dev    Geo_dist  
Period   10       51068        5106         0.7        0          440      254898     4715       7008.62    2841.43
Global   360      1831006      5086         0.7        0          308      969537     4735       7801.30    2855.68

Get Statistics (1831030 events)
   Min:       308
   Max:    969537
   Avg:      4735
   Geo:   2855.73
   Std:   7801.31
   Log2 Dist:
       8:        0     1015   272324   711841
      12:    69959   378708   367917    25569
      16:     2124      969      376      170
      20:       58

Total Statistics (1831030 events)
   Min:       308
   Max:    969537
   Avg:      4735
   Geo:   2855.73
   Std:   7801.31
   Log2 Dist:
       8:        0     1015   272324   711841
      12:    69959   378708   367917    25569
      16:     2124      969      376      170
      20:       58

cmd_get: 1831054
cmd_set: 24576
get_misses: 0
written_bytes: 44214820
read_bytes: 302316558
object_bytes: 3538944

Run time: 361.5s Ops: 1855630 TPS: 5133 Net_rate: 0.9M/s
