servers : 10.0.0.6:11212
threads count: 144
concurrency: 144
run time: 360s
windows size: 1k
set proportion: set_prop=0.00
get proportion: get_prop=1.00
[1;1H[2J
Get Statistics
Type     Time(s)  Ops          TPS(ops/s)   Net(M/s)   Get_miss   Min(us)  Max(us)    Avg(us)    Std_dev    Geo_dist  
Period   10       79834        7983         1.1        0          796      398170     18153      19145.68   15164.35
Global   10       79834        7983         1.1        0          796      398170     18153      19145.68   15164.35

Total Statistics
Type     Time(s)  Ops          TPS(ops/s)   Net(M/s)   Get_miss   Min(us)  Max(us)    Avg(us)    Std_dev    Geo_dist  
Period   10       79834        7983         1.1        0          796      398170     18153      19145.68   15164.35
Global   10       79834        7983         1.1        0          796      398170     18153      19145.68   15164.35

[1;1H[2J
Get Statistics
Type     Time(s)  Ops          TPS(ops/s)   Net(M/s)   Get_miss   Min(us)  Max(us)    Avg(us)    Std_dev    Geo_dist  
Period   10       58213        5821         0.9        0          1166     1922108    24918      55511.38   18389.43
Global   20       138047       6902         0.8        0          796      1922108    21006      39020.01   16448.94

Total Statistics
Type     Time(s)  Ops          TPS(ops/s)   Net(M/s)   Get_miss   Min(us)  Max(us)    Avg(us)    Std_dev    Geo_dist  
Period   10       58213        5821         0.9        0          1166     1922108    24918      55511.38   18389.43
Global   20       138047       6902         0.8        0          796      1922108    21006      39020.01   16448.94

[1;1H[2J
Get Statistics
Type     Time(s)  Ops          TPS(ops/s)   Net(M/s)   Get_miss   Min(us)  Max(us)    Avg(us)    Std_dev    Geo_dist  
Period   10       72564        7256         1.0        0          621      269667     20006      12573.24   17712.04
Global   30       210611       7020         1.0        0          621      1922108    20662      32444.49   16873.62

Total Statistics
Type     Time(s)  Ops          TPS(ops/s)   Net(M/s)   Get_miss   Min(us)  Max(us)    Avg(us)    Std_dev    Geo_dist  
Period   10       72564        7256         1.0        0          621      269667     20006      12573.24   17712.04
Global   30       210611       7020         1.0        0          621      1922108    20662      32444.49   16873.62

[1;1H[2J
Get Statistics
Type     Time(s)  Ops          TPS(ops/s)   Net(M/s)   Get_miss   Min(us)  Max(us)    Avg(us)    Std_dev    Geo_dist  
Period   10       68462        6846         1.0        0          769      774947     21200      20702.65   17874.61
Global   40       279073       6976         0.9        0          621      1922108    20794      29993.42   17113.87

Total Statistics
Type     Time(s)  Ops          TPS(ops/s)   Net(M/s)   Get_miss   Min(us)  Max(us)    Avg(us)    Std_dev    Geo_dist  
Period   10       68462        6846         1.0        0          769      774947     21200      20702.65   17874.61
Global   40       279073       6976         0.9        0          621      1922108    20794      29993.42   17113.87

[1;1H[2J
Get Statistics
Type     Time(s)  Ops          TPS(ops/s)   Net(M/s)   Get_miss   Min(us)  Max(us)    Avg(us)    Std_dev    Geo_dist  
Period   10       69938        6993         1.0        0          766      740917     20742      20535.90   17626.89
Global   50       349011       6980         1.0        0          621      1922108    20783      28352.53   17215.46

Total Statistics
Type     Time(s)  Ops          TPS(ops/s)   Net(M/s)   Get_miss   Min(us)  Max(us)    Avg(us)    Std_dev    Geo_dist  
Period   10       69939        6993         1.0        0          766      740917     20742      20535.87   17627.00
Global   50       349012       6980         1.0        0          621      1922108    20783      28352.51   17215.49

[1;1H[2J
Get Statistics
Type     Time(s)  Ops          TPS(ops/s)   Net(M/s)   Get_miss   Min(us)  Max(us)    Avg(us)    Std_dev    Geo_dist  
Period   10       73695        7369         1.0        0          916      242987     19710      14902.29   17114.63
Global   60       422706       7045         1.0        0          621      1922108    20596      26506.61   17198.26

Total Statistics
Type     Time(s)  Ops          TPS(ops/s)   Net(M/s)   Get_miss   Min(us)  Max(us)    Avg(us)    Std_dev    Geo_dist  
Period   10       73694        7369         1.0        0          916      242987     19710      14902.57   17116.90
Global   60       422706       7045         1.0        0          621      1922108    20596      26506.61   17198.26

[1;1H[2J
Get Statistics
Type     Time(s)  Ops          TPS(ops/s)   Net(M/s)   Get_miss   Min(us)  Max(us)    Avg(us)    Std_dev    Geo_dist  
Period   10       69525        6952         1.0        0          870      286421     20228      19958.33   17158.16
Global   70       492231       7031         1.0        0          621      1922108    20544      25683.48   17192.59

Total Statistics
Type     Time(s)  Ops          TPS(ops/s)   Net(M/s)   Get_miss   Min(us)  Max(us)    Avg(us)    Std_dev    Geo_dist  
Period   10       69525        6952         1.0        0          870      286421     20228      19958.33   17158.16
Global   70       492231       7031         1.0        0          621      1922108    20544      25683.48   17192.59

[1;1H[2J
Get Statistics
Type     Time(s)  Ops          TPS(ops/s)   Net(M/s)   Get_miss   Min(us)  Max(us)    Avg(us)    Std_dev    Geo_dist  
Period   10       66141        6614         1.0        0          1011     1138111    22552      42423.97   17263.83
Global   80       558372       6979         0.9        0          621      1922108    20782      28197.66   17201.01

Total Statistics
Type     Time(s)  Ops          TPS(ops/s)   Net(M/s)   Get_miss   Min(us)  Max(us)    Avg(us)    Std_dev    Geo_dist  
Period   10       66141        6614         1.0        0          1011     1138111    22552      42423.97   17263.83
Global   80       558372       6979         0.9        0          621      1922108    20782      28197.66   17201.01

[1;1H[2J
Get Statistics
Type     Time(s)  Ops          TPS(ops/s)   Net(M/s)   Get_miss   Min(us)  Max(us)    Avg(us)    Std_dev    Geo_dist  
Period   10       67345        6734         1.0        0          930      518088     21582      28901.21   17185.21
Global   90       625717       6952         0.9        0          621      1922108    20868      28275.36   17199.31

Total Statistics
Type     Time(s)  Ops          TPS(ops/s)   Net(M/s)   Get_miss   Min(us)  Max(us)    Avg(us)    Std_dev    Geo_dist  
Period   10       67345        6734         1.0        0          930      518088     21582      28901.21   17185.21
Global   90       625717       6952         0.9        0          621      1922108    20868      28275.36   17199.31

[1;1H[2J
Get Statistics
Type     Time(s)  Ops          TPS(ops/s)   Net(M/s)   Get_miss   Min(us)  Max(us)    Avg(us)    Std_dev    Geo_dist  
Period   10       61700        6170         0.9        0          952      565325     23375      37492.65   17693.16
Global   100      687417       6874         0.8        0          621      1922108    21093      29230.44   17243.07

Total Statistics
Type     Time(s)  Ops          TPS(ops/s)   Net(M/s)   Get_miss   Min(us)  Max(us)    Avg(us)    Std_dev    Geo_dist  
Period   10       61700        6170         0.9        0          952      565325     23375      37492.65   17693.16
Global   100      687417       6874         0.8        0          621      1922108    21093      29230.44   17243.07

[1;1H[2J
Get Statistics
Type     Time(s)  Ops          TPS(ops/s)   Net(M/s)   Get_miss   Min(us)  Max(us)    Avg(us)    Std_dev    Geo_dist  
Period   10       69409        6940         0.9        0          976      344019     20924      22309.30   17407.04
Global   110      756826       6880         1.0        0          621      1922108    21078      28665.05   17258.04

Total Statistics
Type     Time(s)  Ops          TPS(ops/s)   Net(M/s)   Get_miss   Min(us)  Max(us)    Avg(us)    Std_dev    Geo_dist  
Period   10       69409        6940         0.9        0          976      344019     20924      22309.30   17407.04
Global   110      756826       6880         1.0        0          621      1922108    21078      28665.05   17258.04

[1;1H[2J
Get Statistics
Type     Time(s)  Ops          TPS(ops/s)   Net(M/s)   Get_miss   Min(us)  Max(us)    Avg(us)    Std_dev    Geo_dist  
Period   10       61986        6198         0.9        0          1062     2635449    23329      73380.80   17333.64
Global   120      818812       6823         0.9        0          621      2635449    21248      34168.48   17263.75

Total Statistics
Type     Time(s)  Ops          TPS(ops/s)   Net(M/s)   Get_miss   Min(us)  Max(us)    Avg(us)    Std_dev    Geo_dist  
Period   10       61986        6198         0.9        0          1062     2635449    23329      73380.80   17333.64
Global   120      818812       6823         0.9        0          621      2635449    21248      34168.48   17263.75

[1;1H[2J
Get Statistics
Type     Time(s)  Ops          TPS(ops/s)   Net(M/s)   Get_miss   Min(us)  Max(us)    Avg(us)    Std_dev    Geo_dist  
Period   10       69956        6995         0.9        0          771      498575     20666      22846.96   17304.97
Global   130      888768       6836         1.0        0          621      2635449    21202      33417.19   17266.99

Total Statistics
Type     Time(s)  Ops          TPS(ops/s)   Net(M/s)   Get_miss   Min(us)  Max(us)    Avg(us)    Std_dev    Geo_dist  
Period   10       69956        6995         0.9        0          771      498575     20666      22846.96   17304.97
Global   130      888768       6836         1.0        0          621      2635449    21202      33417.19   17266.99

[1;1H[2J
Get Statistics
Type     Time(s)  Ops          TPS(ops/s)   Net(M/s)   Get_miss   Min(us)  Max(us)    Avg(us)    Std_dev    Geo_dist  
Period   10       69905        6990         0.9        0          1328     421363     20675      24200.75   17180.95
Global   140      958673       6847         1.0        0          621      2635449    21164      32832.71   17260.70

Total Statistics
Type     Time(s)  Ops          TPS(ops/s)   Net(M/s)   Get_miss   Min(us)  Max(us)    Avg(us)    Std_dev    Geo_dist  
Period   10       69905        6990         0.9        0          1328     421363     20675      24200.75   17180.95
Global   140      958673       6847         1.0        0          621      2635449    21164      32832.71   17260.70

[1;1H[2J
Get Statistics
Type     Time(s)  Ops          TPS(ops/s)   Net(M/s)   Get_miss   Min(us)  Max(us)    Avg(us)    Std_dev    Geo_dist  
Period   10       58556        5855         0.9        0          1402     573431     24700      37687.20   18187.01
Global   150      1017229      6781         0.8        0          621      2635449    21367      33142.02   17312.72

Total Statistics
Type     Time(s)  Ops          TPS(ops/s)   Net(M/s)   Get_miss   Min(us)  Max(us)    Avg(us)    Std_dev    Geo_dist  
Period   10       58556        5855         0.9        0          1402     573431     24700      37687.20   18187.01
Global   150      1017229      6781         0.8        0          621      2635449    21367      33142.02   17312.72

[1;1H[2J
Get Statistics
Type     Time(s)  Ops          TPS(ops/s)   Net(M/s)   Get_miss   Min(us)  Max(us)    Avg(us)    Std_dev    Geo_dist  
Period   10       64181        6418         0.9        0          915      2784613    22519      80806.22   16769.23
Global   160      1081410      6758         0.9        0          621      2784613    21436      37693.18   17279.98

Total Statistics
Type     Time(s)  Ops          TPS(ops/s)   Net(M/s)   Get_miss   Min(us)  Max(us)    Avg(us)    Std_dev    Geo_dist  
Period   10       64181        6418         0.9        0          915      2784613    22519      80806.22   16769.23
Global   160      1081410      6758         0.9        0          621      2784613    21436      37693.18   17279.98

[1;1H[2J
Get Statistics
Type     Time(s)  Ops          TPS(ops/s)   Net(M/s)   Get_miss   Min(us)  Max(us)    Avg(us)    Std_dev    Geo_dist  
Period   10       63547        6354         0.9        0          1133     1254633    22738      41853.59   17696.83
Global   170      1144957      6735         0.9        0          621      2784613    21508      37937.35   17302.71

Total Statistics
Type     Time(s)  Ops          TPS(ops/s)   Net(M/s)   Get_miss   Min(us)  Max(us)    Avg(us)    Std_dev    Geo_dist  
Period   10       63550        6355         0.9        0          1133     1254633    22737      41853.14   17694.36
Global   170      1144960      6735         0.9        0          621      2784613    21508      37937.31   17302.72

[1;1H[2J
Get Statistics
Type     Time(s)  Ops          TPS(ops/s)   Net(M/s)   Get_miss   Min(us)  Max(us)    Avg(us)    Std_dev    Geo_dist  
Period   10       65890        6589         0.9        0          933      397589     21949      25039.52   17769.36
Global   180      1210847      6726         0.9        0          621      2784613    21532      37350.41   17328.22

Total Statistics
Type     Time(s)  Ops          TPS(ops/s)   Net(M/s)   Get_miss   Min(us)  Max(us)    Avg(us)    Std_dev    Geo_dist  
Period   10       65887        6588         0.9        0          933      397589     21950      25039.65   17777.28
Global   180      1210847      6726         0.9        0          621      2784613    21532      37350.41   17328.22

[1;1H[2J
Get Statistics
Type     Time(s)  Ops          TPS(ops/s)   Net(M/s)   Get_miss   Min(us)  Max(us)    Avg(us)    Std_dev    Geo_dist  
Period   10       61959        6195         0.9        0          968      281133     23333      22677.92   19111.11
Global   190      1272806      6698         0.9        0          621      2784613    21620      36773.82   17411.02

Total Statistics
Type     Time(s)  Ops          TPS(ops/s)   Net(M/s)   Get_miss   Min(us)  Max(us)    Avg(us)    Std_dev    Geo_dist  
Period   10       61959        6195         0.9        0          968      281133     23333      22677.92   19111.11
Global   190      1272806      6698         0.9        0          621      2784613    21620      36773.82   17411.02

[1;1H[2J
Get Statistics
Type     Time(s)  Ops          TPS(ops/s)   Net(M/s)   Get_miss   Min(us)  Max(us)    Avg(us)    Std_dev    Geo_dist  
Period   10       51696        5169         0.9        0          1084     2274480    27963      85949.74   18330.07
Global   200      1324502      6622         0.7        0          621      2784613    21867      39867.19   17446.02

Total Statistics
Type     Time(s)  Ops          TPS(ops/s)   Net(M/s)   Get_miss   Min(us)  Max(us)    Avg(us)    Std_dev    Geo_dist  
Period   10       51696        5169         0.9        0          1084     2274480    27963      85949.74   18330.07
Global   200      1324502      6622         0.7        0          621      2784613    21867      39867.19   17446.02

[1;1H[2J
Get Statistics
Type     Time(s)  Ops          TPS(ops/s)   Net(M/s)   Get_miss   Min(us)  Max(us)    Avg(us)    Std_dev    Geo_dist  
Period   10       56579        5657         0.9        0          1384     1523643    25030      74948.70   17891.07
Global   210      1381081      6576         0.8        0          621      2784613    21997      41890.05   17464.03

Total Statistics
Type     Time(s)  Ops          TPS(ops/s)   Net(M/s)   Get_miss   Min(us)  Max(us)    Avg(us)    Std_dev    Geo_dist  
Period   10       56579        5657         0.9        0          1384     1523643    25030      74948.70   17891.07
Global   210      1381081      6576         0.8        0          621      2784613    21997      41890.05   17464.03

[1;1H[2J
Get Statistics
Type     Time(s)  Ops          TPS(ops/s)   Net(M/s)   Get_miss   Min(us)  Max(us)    Avg(us)    Std_dev    Geo_dist  
Period   10       54465        5446         0.9        0          1141     2450953    27082      75251.55   19001.55
Global   220      1435546      6525         0.7        0          621      2784613    22190      43634.67   17520.03

Total Statistics
Type     Time(s)  Ops          TPS(ops/s)   Net(M/s)   Get_miss   Min(us)  Max(us)    Avg(us)    Std_dev    Geo_dist  
Period   10       54465        5446         0.9        0          1141     2450953    27082      75251.55   19001.55
Global   220      1435546      6525         0.7        0          621      2784613    22190      43634.67   17520.03

[1;1H[2J
Get Statistics
Type     Time(s)  Ops          TPS(ops/s)   Net(M/s)   Get_miss   Min(us)  Max(us)    Avg(us)    Std_dev    Geo_dist  
Period   10       67602        6760         0.9        0          1104     399393     21384      25241.78   17644.47
Global   230      1503148      6535         0.9        0          621      2784613    22153      42977.56   17525.60

Total Statistics
Type     Time(s)  Ops          TPS(ops/s)   Net(M/s)   Get_miss   Min(us)  Max(us)    Avg(us)    Std_dev    Geo_dist  
Period   10       67602        6760         0.9        0          1104     399393     21384      25241.78   17644.47
Global   230      1503148      6535         0.9        0          621      2784613    22153      42977.56   17525.60

[1;1H[2J
Get Statistics
Type     Time(s)  Ops          TPS(ops/s)   Net(M/s)   Get_miss   Min(us)  Max(us)    Avg(us)    Std_dev    Geo_dist  
Period   10       61325        6132         0.9        0          1348     1070725    23467      46314.66   17701.13
Global   240      1564473      6518         0.8        0          621      2784613    22205      43113.72   17532.45

Total Statistics
Type     Time(s)  Ops          TPS(ops/s)   Net(M/s)   Get_miss   Min(us)  Max(us)    Avg(us)    Std_dev    Geo_dist  
Period   10       61325        6132         0.9        0          1348     1070725    23467      46314.49   17698.15
Global   240      1564473      6518         0.8        0          621      2784613    22205      43113.72   17532.45

[1;1H[2J
Get Statistics
Type     Time(s)  Ops          TPS(ops/s)   Net(M/s)   Get_miss   Min(us)  Max(us)    Avg(us)    Std_dev    Geo_dist  
Period   10       68313        6831         0.9        0          890      1344944    20976      37759.09   16844.77
Global   250      1632786      6531         0.9        0          621      2784613    22154      42903.56   17503.13

Total Statistics
Type     Time(s)  Ops          TPS(ops/s)   Net(M/s)   Get_miss   Min(us)  Max(us)    Avg(us)    Std_dev    Geo_dist  
Period   10       68313        6831         0.9        0          890      1344944    20976      37759.09   16844.77
Global   250      1632786      6531         0.9        0          621      2784613    22154      42903.56   17503.13

[1;1H[2J
Get Statistics
Type     Time(s)  Ops          TPS(ops/s)   Net(M/s)   Get_miss   Min(us)  Max(us)    Avg(us)    Std_dev    Geo_dist  
Period   10       69586        6958         0.9        0          693      250012     21050      19486.09   17734.80
Global   260      1702372      6547         1.0        0          621      2784613    22108      42202.87   17512.54

Total Statistics
Type     Time(s)  Ops          TPS(ops/s)   Net(M/s)   Get_miss   Min(us)  Max(us)    Avg(us)    Std_dev    Geo_dist  
Period   10       69586        6958         0.9        0          693      250012     21050      19486.09   17734.80
Global   260      1702372      6547         1.0        0          621      2784613    22108      42202.87   17512.54

[1;1H[2J
Get Statistics
Type     Time(s)  Ops          TPS(ops/s)   Net(M/s)   Get_miss   Min(us)  Max(us)    Avg(us)    Std_dev    Geo_dist  
Period   10       58164        5816         0.9        0          1229     359798     24835      37026.24   18382.59
Global   270      1760536      6520         0.8        0          621      2784613    22198      42044.89   17540.61

Total Statistics
Type     Time(s)  Ops          TPS(ops/s)   Net(M/s)   Get_miss   Min(us)  Max(us)    Avg(us)    Std_dev    Geo_dist  
Period   10       58164        5816         0.9        0          1229     359798     24835      37026.24   18382.59
Global   270      1760536      6520         0.8        0          621      2784613    22198      42044.89   17540.61

[1;1H[2J
Get Statistics
Type     Time(s)  Ops          TPS(ops/s)   Net(M/s)   Get_miss   Min(us)  Max(us)    Avg(us)    Std_dev    Geo_dist  
Period   10       60240        6024         0.9        0          1235     2456457    23945      64497.81   17778.85
Global   280      1820776      6502         0.8        0          621      2784613    22256      42976.79   17548.44

Total Statistics
Type     Time(s)  Ops          TPS(ops/s)   Net(M/s)   Get_miss   Min(us)  Max(us)    Avg(us)    Std_dev    Geo_dist  
Period   10       60240        6024         0.9        0          1235     2456457    23945      64497.81   17778.85
Global   280      1820776      6502         0.8        0          621      2784613    22256      42976.79   17548.44

[1;1H[2J
Get Statistics
Type     Time(s)  Ops          TPS(ops/s)   Net(M/s)   Get_miss   Min(us)  Max(us)    Avg(us)    Std_dev    Geo_dist  
Period   10       60849        6084         0.9        0          940      1006969    23705      37502.62   18193.44
Global   290      1881625      6488         0.8        0          621      2784613    22303      42811.40   17568.94

Total Statistics
Type     Time(s)  Ops          TPS(ops/s)   Net(M/s)   Get_miss   Min(us)  Max(us)    Avg(us)    Std_dev    Geo_dist  
Period   10       60849        6084         0.9        0          940      1006969    23705      37502.62   18193.44
Global   290      1881625      6488         0.8        0          621      2784613    22303      42811.40   17568.94

[1;1H[2J
Get Statistics
Type     Time(s)  Ops          TPS(ops/s)   Net(M/s)   Get_miss   Min(us)  Max(us)    Avg(us)    Std_dev    Geo_dist  
Period   10       69543        6954         0.9        0          877      555811     20891      22994.16   17491.55
Global   300      1951168      6503         1.0        0          621      2784613    22253      42265.71   17566.17

Total Statistics
Type     Time(s)  Ops          TPS(ops/s)   Net(M/s)   Get_miss   Min(us)  Max(us)    Avg(us)    Std_dev    Geo_dist  
Period   10       69543        6954         0.9        0          877      555811     20891      22994.16   17491.55
Global   300      1951168      6503         1.0        0          621      2784613    22253      42265.71   17566.17

[1;1H[2J
Get Statistics
Type     Time(s)  Ops          TPS(ops/s)   Net(M/s)   Get_miss   Min(us)  Max(us)    Avg(us)    Std_dev    Geo_dist  
Period   10       59720        5972         0.9        0          962      566687     24168      39007.29   18343.24
Global   310      2010888      6486         0.8        0          621      2784613    22310      42173.74   17588.77

Total Statistics
Type     Time(s)  Ops          TPS(ops/s)   Net(M/s)   Get_miss   Min(us)  Max(us)    Avg(us)    Std_dev    Geo_dist  
Period   10       59720        5972         0.9        0          962      566687     24168      39007.29   18343.24
Global   310      2010888      6486         0.8        0          621      2784613    22310      42173.74   17588.77

[1;1H[2J
Get Statistics
Type     Time(s)  Ops          TPS(ops/s)   Net(M/s)   Get_miss   Min(us)  Max(us)    Avg(us)    Std_dev    Geo_dist  
Period   10       68302        6830         0.9        0          786      218234     20926      19639.84   17508.01
Global   320      2079190      6497         0.9        0          621      2784613    22264      41628.74   17586.11

Total Statistics
Type     Time(s)  Ops          TPS(ops/s)   Net(M/s)   Get_miss   Min(us)  Max(us)    Avg(us)    Std_dev    Geo_dist  
Period   10       68302        6830         0.9        0          786      218234     20926      19639.84   17508.01
Global   320      2079190      6497         0.9        0          621      2784613    22264      41628.74   17586.11

[1;1H[2J
Get Statistics
Type     Time(s)  Ops          TPS(ops/s)   Net(M/s)   Get_miss   Min(us)  Max(us)    Avg(us)    Std_dev    Geo_dist  
Period   10       58418        5841         0.9        0          808      1201588    25071      49392.83   18740.95
Global   330      2137608      6477         0.8        0          621      2784613    22341      41862.40   17616.71

Total Statistics
Type     Time(s)  Ops          TPS(ops/s)   Net(M/s)   Get_miss   Min(us)  Max(us)    Avg(us)    Std_dev    Geo_dist  
Period   10       58418        5841         0.9        0          808      1201588    25071      49392.83   18740.95
Global   330      2137608      6477         0.8        0          621      2784613    22341      41862.40   17616.71

[1;1H[2J
Get Statistics
Type     Time(s)  Ops          TPS(ops/s)   Net(M/s)   Get_miss   Min(us)  Max(us)    Avg(us)    Std_dev    Geo_dist  
Period   10       71114        7111         0.9        0          622      421583     20332      24518.53   16897.08
Global   340      2208722      6496         1.0        0          621      2784613    22276      41418.98   17593.07

Total Statistics
Type     Time(s)  Ops          TPS(ops/s)   Net(M/s)   Get_miss   Min(us)  Max(us)    Avg(us)    Std_dev    Geo_dist  
Period   10       71114        7111         0.9        0          622      421583     20332      24518.53   16897.08
Global   340      2208722      6496         1.0        0          621      2784613    22276      41418.98   17593.07

[1;1H[2J
Get Statistics
Type     Time(s)  Ops          TPS(ops/s)   Net(M/s)   Get_miss   Min(us)  Max(us)    Avg(us)    Std_dev    Geo_dist  
Period   10       70211        7021         0.9        0          747      1350788    20594      44853.15   16528.27
Global   350      2278933      6511         1.0        0          621      2784613    22224      41530.12   17559.26

Total Statistics
Type     Time(s)  Ops          TPS(ops/s)   Net(M/s)   Get_miss   Min(us)  Max(us)    Avg(us)    Std_dev    Geo_dist  
Period   10       70211        7021         0.9        0          747      1350788    20594      44853.15   16528.27
Global   350      2278933      6511         1.0        0          621      2784613    22224      41530.12   17559.26

[1;1H[2J
Get Statistics
Type     Time(s)  Ops          TPS(ops/s)   Net(M/s)   Get_miss   Min(us)  Max(us)    Avg(us)    Std_dev    Geo_dist  
Period   10       58881        5888         0.9        0          774      1438546    24550      41725.18   18405.94
Global   360      2337814      6493         0.8        0          621      2784613    22283      41536.41   17580.10

Total Statistics
Type     Time(s)  Ops          TPS(ops/s)   Net(M/s)   Get_miss   Min(us)  Max(us)    Avg(us)    Std_dev    Geo_dist  
Period   10       58881        5888         0.9        0          774      1438546    24550      41725.18   18405.94
Global   360      2337814      6493         0.8        0          621      2784613    22283      41536.41   17580.10

Get Statistics (2337958 events)
   Min:       621
   Max:   2784613
   Avg:     22283
   Geo:  17579.94
   Std:  41534.96
   Log2 Dist:
       8:        0        0       68     1970
      12:    10543    18220   979746   1142041
      16:   128854    31077    17592     5545
      20:     1414      844       44

Total Statistics (2337958 events)
   Min:       621
   Max:   2784613
   Avg:     22283
   Geo:  17579.94
   Std:  41534.96
   Log2 Dist:
       8:        0        0       68     1970
      12:    10543    18220   979746   1142041
      16:   128854    31077    17592     5545
      20:     1414      844       44

cmd_get: 2338102
cmd_set: 147456
get_misses: 0
written_bytes: 75028036
read_bytes: 386942718
object_bytes: 21233664

Run time: 361.8s Ops: 2485558 TPS: 6870 Net_rate: 1.2M/s
