servers : 10.0.0.6:11212
threads count: 144
concurrency: 144
run time: 360s
windows size: 1k
set proportion: set_prop=0.00
get proportion: get_prop=1.00
[1;1H[2J
Get Statistics
Type     Time(s)  Ops          TPS(ops/s)   Net(M/s)   Get_miss   Min(us)  Max(us)    Avg(us)    Std_dev    Geo_dist  
Period   10       62564        6256         0.9        0          1103     458708     23096      24306.78   18596.69
Global   10       62564        6256         0.9        0          1103     458708     23096      24306.78   18596.69

Total Statistics
Type     Time(s)  Ops          TPS(ops/s)   Net(M/s)   Get_miss   Min(us)  Max(us)    Avg(us)    Std_dev    Geo_dist  
Period   10       62564        6256         0.9        0          1103     458708     23096      24306.78   18596.69
Global   10       62564        6256         0.9        0          1103     458708     23096      24306.78   18596.69

[1;1H[2J
Get Statistics
Type     Time(s)  Ops          TPS(ops/s)   Net(M/s)   Get_miss   Min(us)  Max(us)    Avg(us)    Std_dev    Geo_dist  
Period   10       64405        6440         0.9        0          906      1015271    22492      47285.18   18044.19
Global   20       126969       6348         0.9        0          906      1015271    22790      37753.72   18314.35

Total Statistics
Type     Time(s)  Ops          TPS(ops/s)   Net(M/s)   Get_miss   Min(us)  Max(us)    Avg(us)    Std_dev    Geo_dist  
Period   10       64405        6440         0.9        0          906      1015271    22492      47285.18   18044.19
Global   20       126969       6348         0.9        0          906      1015271    22790      37753.72   18314.35

[1;1H[2J
Get Statistics
Type     Time(s)  Ops          TPS(ops/s)   Net(M/s)   Get_miss   Min(us)  Max(us)    Avg(us)    Std_dev    Geo_dist  
Period   10       68588        6858         0.9        0          743      990661     21100      22044.81   17843.64
Global   30       195557       6518         0.9        0          743      1015271    22197      33113.97   18147.86

Total Statistics
Type     Time(s)  Ops          TPS(ops/s)   Net(M/s)   Get_miss   Min(us)  Max(us)    Avg(us)    Std_dev    Geo_dist  
Period   10       68588        6858         0.9        0          743      990661     21100      22044.81   17843.64
Global   30       195557       6518         0.9        0          743      1015271    22197      33113.97   18147.86

[1;1H[2J
Get Statistics
Type     Time(s)  Ops          TPS(ops/s)   Net(M/s)   Get_miss   Min(us)  Max(us)    Avg(us)    Std_dev    Geo_dist  
Period   10       73493        7349         0.9        0          1027     235964     19648      14581.55   17073.53
Global   40       269050       6726         1.0        0          743      1015271    21501      29263.69   17847.86

Total Statistics
Type     Time(s)  Ops          TPS(ops/s)   Net(M/s)   Get_miss   Min(us)  Max(us)    Avg(us)    Std_dev    Geo_dist  
Period   10       73493        7349         0.9        0          1027     235964     19648      14581.55   17073.53
Global   40       269050       6726         1.0        0          743      1015271    21501      29263.69   17847.86

[1;1H[2J
Get Statistics
Type     Time(s)  Ops          TPS(ops/s)   Net(M/s)   Get_miss   Min(us)  Max(us)    Avg(us)    Std_dev    Geo_dist  
Period   10       70842        7084         0.9        0          1069     740874     20420      19322.42   17490.23
Global   50       339892       6797         1.0        0          743      1015271    21276      27493.11   17772.72

Total Statistics
Type     Time(s)  Ops          TPS(ops/s)   Net(M/s)   Get_miss   Min(us)  Max(us)    Avg(us)    Std_dev    Geo_dist  
Period   10       70843        7084         0.9        0          1069     740874     20419      19323.31   17490.24
Global   50       339893       6797         1.0        0          743      1015271    21276      27493.06   17772.72

[1;1H[2J
Get Statistics
Type     Time(s)  Ops          TPS(ops/s)   Net(M/s)   Get_miss   Min(us)  Max(us)    Avg(us)    Std_dev    Geo_dist  
Period   10       72863        7286         0.9        0          894      284019     19819      18757.68   16917.85
Global   60       412755       6879         1.0        0          743      1015271    21019      26169.64   17619.15

Total Statistics
Type     Time(s)  Ops          TPS(ops/s)   Net(M/s)   Get_miss   Min(us)  Max(us)    Avg(us)    Std_dev    Geo_dist  
Period   10       72862        7286         0.9        0          894      284019     19820      18756.90   16920.11
Global   60       412755       6879         1.0        0          743      1015271    21019      26169.64   17619.15

[1;1H[2J
Get Statistics
Type     Time(s)  Ops          TPS(ops/s)   Net(M/s)   Get_miss   Min(us)  Max(us)    Avg(us)    Std_dev    Geo_dist  
Period   10       60947        6094         0.9        0          1140     1046395    23748      44945.96   17700.89
Global   70       473702       6767         0.8        0          743      1046395    21370      29282.86   17629.65

Total Statistics
Type     Time(s)  Ops          TPS(ops/s)   Net(M/s)   Get_miss   Min(us)  Max(us)    Avg(us)    Std_dev    Geo_dist  
Period   10       60947        6094         0.9        0          1140     1046395    23748      44945.96   17700.89
Global   70       473702       6767         0.8        0          743      1046395    21370      29282.86   17629.65

[1;1H[2J
Get Statistics
Type     Time(s)  Ops          TPS(ops/s)   Net(M/s)   Get_miss   Min(us)  Max(us)    Avg(us)    Std_dev    Geo_dist  
Period   10       71365        7136         0.9        0          745      386736     20259      21803.29   17053.10
Global   80       545067       6813         1.0        0          743      1046395    21224      28418.65   17553.07

Total Statistics
Type     Time(s)  Ops          TPS(ops/s)   Net(M/s)   Get_miss   Min(us)  Max(us)    Avg(us)    Std_dev    Geo_dist  
Period   10       71365        7136         0.9        0          745      386736     20259      21803.29   17053.10
Global   80       545067       6813         1.0        0          743      1046395    21224      28418.65   17553.07

[1;1H[2J
Get Statistics
Type     Time(s)  Ops          TPS(ops/s)   Net(M/s)   Get_miss   Min(us)  Max(us)    Avg(us)    Std_dev    Geo_dist  
Period   10       64460        6446         0.9        0          847      566056     22417      33660.51   17360.48
Global   90       609527       6772         0.9        0          743      1046395    21350      29020.22   17532.60

Total Statistics
Type     Time(s)  Ops          TPS(ops/s)   Net(M/s)   Get_miss   Min(us)  Max(us)    Avg(us)    Std_dev    Geo_dist  
Period   10       64460        6446         0.9        0          847      566056     22417      33660.51   17360.48
Global   90       609527       6772         0.9        0          743      1046395    21350      29020.22   17532.60

[1;1H[2J
Get Statistics
Type     Time(s)  Ops          TPS(ops/s)   Net(M/s)   Get_miss   Min(us)  Max(us)    Avg(us)    Std_dev    Geo_dist  
Period   10       62515        6251         0.9        0          1003     536406     23059      33821.20   17776.52
Global   100      672042       6720         0.9        0          743      1046395    21509      29503.93   17555.15

Total Statistics
Type     Time(s)  Ops          TPS(ops/s)   Net(M/s)   Get_miss   Min(us)  Max(us)    Avg(us)    Std_dev    Geo_dist  
Period   10       62515        6251         0.9        0          1003     536406     23059      33821.15   17773.81
Global   100      672042       6720         0.9        0          743      1046395    21509      29503.93   17555.15

[1;1H[2J
Get Statistics
Type     Time(s)  Ops          TPS(ops/s)   Net(M/s)   Get_miss   Min(us)  Max(us)    Avg(us)    Std_dev    Geo_dist  
Period   10       62827        6282         0.9        0          803      2590775    23073      71544.90   17212.91
Global   110      734869       6680         0.9        0          743      2590775    21643      35126.19   17525.62

Total Statistics
Type     Time(s)  Ops          TPS(ops/s)   Net(M/s)   Get_miss   Min(us)  Max(us)    Avg(us)    Std_dev    Geo_dist  
Period   10       62828        6282         0.9        0          803      2590775    23073      71544.29   17212.84
Global   110      734870       6680         0.9        0          743      2590775    21643      35126.16   17525.62

[1;1H[2J
Get Statistics
Type     Time(s)  Ops          TPS(ops/s)   Net(M/s)   Get_miss   Min(us)  Max(us)    Avg(us)    Std_dev    Geo_dist  
Period   10       72700        7270         0.9        0          1047     279161     19883      18399.44   16999.29
Global   120      807569       6729         1.0        0          743      2590775    21485      33963.00   17477.79

Total Statistics
Type     Time(s)  Ops          TPS(ops/s)   Net(M/s)   Get_miss   Min(us)  Max(us)    Avg(us)    Std_dev    Geo_dist  
Period   10       72699        7269         0.9        0          1047     279161     19883      18399.38   16996.96
Global   120      807569       6729         1.0        0          743      2590775    21485      33963.00   17477.79

[1;1H[2J
Get Statistics
Type     Time(s)  Ops          TPS(ops/s)   Net(M/s)   Get_miss   Min(us)  Max(us)    Avg(us)    Std_dev    Geo_dist  
Period   10       69264        6926         0.9        0          1363     513971     20847      24286.43   17273.88
Global   130      876833       6744         1.0        0          743      2590775    21434      33301.88   17461.59

Total Statistics
Type     Time(s)  Ops          TPS(ops/s)   Net(M/s)   Get_miss   Min(us)  Max(us)    Avg(us)    Std_dev    Geo_dist  
Period   10       69264        6926         0.9        0          1363     513971     20847      24286.43   17273.88
Global   130      876833       6744         1.0        0          743      2590775    21434      33301.88   17461.59

[1;1H[2J
Get Statistics
Type     Time(s)  Ops          TPS(ops/s)   Net(M/s)   Get_miss   Min(us)  Max(us)    Avg(us)    Std_dev    Geo_dist  
Period   10       60983        6098         0.9        0          1240     421448     23617      33153.43   17958.77
Global   140      937816       6698         0.8        0          743      2590775    21576      33296.55   17493.50

Total Statistics
Type     Time(s)  Ops          TPS(ops/s)   Net(M/s)   Get_miss   Min(us)  Max(us)    Avg(us)    Std_dev    Geo_dist  
Period   10       60984        6098         0.9        0          1240     421448     23617      33153.87   17959.12
Global   140      937817       6698         0.8        0          743      2590775    21576      33296.58   17493.52

[1;1H[2J
Get Statistics
Type     Time(s)  Ops          TPS(ops/s)   Net(M/s)   Get_miss   Min(us)  Max(us)    Avg(us)    Std_dev    Geo_dist  
Period   10       59290        5929         0.9        0          913      2767401    24508      86878.34   17118.04
Global   150      997106       6647         0.8        0          743      2767401    21751      38626.36   17471.14

Total Statistics
Type     Time(s)  Ops          TPS(ops/s)   Net(M/s)   Get_miss   Min(us)  Max(us)    Avg(us)    Std_dev    Geo_dist  
Period   10       59289        5928         0.9        0          913      2767401    24508      86879.13   17120.86
Global   150      997106       6647         0.8        0          743      2767401    21751      38626.36   17471.14

[1;1H[2J
Get Statistics
Type     Time(s)  Ops          TPS(ops/s)   Net(M/s)   Get_miss   Min(us)  Max(us)    Avg(us)    Std_dev    Geo_dist  
Period   10       73389        7338         0.9        0          884      377771     19695      17577.60   16891.91
Global   160      1070495      6690         1.0        0          743      2767401    21610      37565.46   17430.80

Total Statistics
Type     Time(s)  Ops          TPS(ops/s)   Net(M/s)   Get_miss   Min(us)  Max(us)    Avg(us)    Std_dev    Geo_dist  
Period   10       73389        7338         0.9        0          884      377771     19695      17577.60   16891.91
Global   160      1070495      6690         1.0        0          743      2767401    21610      37565.46   17430.80

[1;1H[2J
Get Statistics
Type     Time(s)  Ops          TPS(ops/s)   Net(M/s)   Get_miss   Min(us)  Max(us)    Avg(us)    Std_dev    Geo_dist  
Period   10       62274        6227         0.9        0          1030     1373040    23203      43044.94   17541.16
Global   170      1132769      6663         0.9        0          743      2767401    21697      37889.34   17436.85

Total Statistics
Type     Time(s)  Ops          TPS(ops/s)   Net(M/s)   Get_miss   Min(us)  Max(us)    Avg(us)    Std_dev    Geo_dist  
Period   10       62274        6227         0.9        0          1030     1373040    23203      43044.94   17541.16
Global   170      1132769      6663         0.9        0          743      2767401    21697      37889.34   17436.85

[1;1H[2J
Get Statistics
Type     Time(s)  Ops          TPS(ops/s)   Net(M/s)   Get_miss   Min(us)  Max(us)    Avg(us)    Std_dev    Geo_dist  
Period   10       61619        6161         0.9        0          1202     398877     23463      25779.51   18800.80
Global   180      1194388      6635         0.8        0          743      2767401    21788      37362.83   17504.73

Total Statistics
Type     Time(s)  Ops          TPS(ops/s)   Net(M/s)   Get_miss   Min(us)  Max(us)    Avg(us)    Std_dev    Geo_dist  
Period   10       61619        6161         0.9        0          1202     398877     23463      25779.51   18800.80
Global   180      1194388      6635         0.8        0          743      2767401    21788      37362.83   17504.73

[1;1H[2J
Get Statistics
Type     Time(s)  Ops          TPS(ops/s)   Net(M/s)   Get_miss   Min(us)  Max(us)    Avg(us)    Std_dev    Geo_dist  
Period   10       54642        5464         0.9        0          962      2286030    26454      82045.02   18440.80
Global   190      1249030      6573         0.8        0          743      2767401    21992      40377.02   17544.67

Total Statistics
Type     Time(s)  Ops          TPS(ops/s)   Net(M/s)   Get_miss   Min(us)  Max(us)    Avg(us)    Std_dev    Geo_dist  
Period   10       54642        5464         0.9        0          962      2286030    26454      82045.02   18440.80
Global   190      1249030      6573         0.8        0          743      2767401    21992      40377.02   17544.67

[1;1H[2J
Get Statistics
Type     Time(s)  Ops          TPS(ops/s)   Net(M/s)   Get_miss   Min(us)  Max(us)    Avg(us)    Std_dev    Geo_dist  
Period   10       64235        6423         0.9        0          976      599956     22500      32659.01   17655.83
Global   200      1313265      6566         0.9        0          743      2767401    22017      40034.19   17550.09

Total Statistics
Type     Time(s)  Ops          TPS(ops/s)   Net(M/s)   Get_miss   Min(us)  Max(us)    Avg(us)    Std_dev    Geo_dist  
Period   10       64235        6423         0.9        0          976      599956     22500      32659.01   17655.83
Global   200      1313265      6566         0.9        0          743      2767401    22017      40034.19   17550.09

[1;1H[2J
Get Statistics
Type     Time(s)  Ops          TPS(ops/s)   Net(M/s)   Get_miss   Min(us)  Max(us)    Avg(us)    Std_dev    Geo_dist  
Period   10       42227        4222         0.9        0          750      2450482    34219      119539.12  19622.48
Global   210      1355492      6454         0.6        0          743      2767401    22397      44748.78   17611.22

Total Statistics
Type     Time(s)  Ops          TPS(ops/s)   Net(M/s)   Get_miss   Min(us)  Max(us)    Avg(us)    Std_dev    Geo_dist  
Period   10       42227        4222         0.9        0          750      2450482    34219      119539.12  19622.48
Global   210      1355492      6454         0.6        0          743      2767401    22397      44748.78   17611.22

[1;1H[2J
Get Statistics
Type     Time(s)  Ops          TPS(ops/s)   Net(M/s)   Get_miss   Min(us)  Max(us)    Avg(us)    Std_dev    Geo_dist  
Period   10       66667        6666         0.9        0          708      400596     21711      25915.70   17782.90
Global   220      1422159      6464         0.9        0          708      2767401    22365      44046.35   17619.23

Total Statistics
Type     Time(s)  Ops          TPS(ops/s)   Net(M/s)   Get_miss   Min(us)  Max(us)    Avg(us)    Std_dev    Geo_dist  
Period   10       66667        6666         0.9        0          708      400596     21711      25915.70   17782.90
Global   220      1422159      6464         0.9        0          708      2767401    22365      44046.35   17619.23

[1;1H[2J
Get Statistics
Type     Time(s)  Ops          TPS(ops/s)   Net(M/s)   Get_miss   Min(us)  Max(us)    Avg(us)    Std_dev    Geo_dist  
Period   10       71461        7146         0.9        0          962      368217     20204      19719.25   17245.16
Global   230      1493620      6494         1.0        0          708      2767401    22262      43197.90   17601.15

Total Statistics
Type     Time(s)  Ops          TPS(ops/s)   Net(M/s)   Get_miss   Min(us)  Max(us)    Avg(us)    Std_dev    Geo_dist  
Period   10       71461        7146         0.9        0          962      368217     20203      19719.27   17242.53
Global   230      1493620      6494         1.0        0          708      2767401    22262      43197.90   17601.15

[1;1H[2J
Get Statistics
Type     Time(s)  Ops          TPS(ops/s)   Net(M/s)   Get_miss   Min(us)  Max(us)    Avg(us)    Std_dev    Geo_dist  
Period   10       64822        6482         0.9        0          882      1246314    22071      44980.57   16971.97
Global   240      1558442      6493         0.9        0          708      2767401    22254      43273.54   17574.52

Total Statistics
Type     Time(s)  Ops          TPS(ops/s)   Net(M/s)   Get_miss   Min(us)  Max(us)    Avg(us)    Std_dev    Geo_dist  
Period   10       64822        6482         0.9        0          882      1246314    22071      44980.57   16971.97
Global   240      1558442      6493         0.9        0          708      2767401    22254      43273.54   17574.52

[1;1H[2J
Get Statistics
Type     Time(s)  Ops          TPS(ops/s)   Net(M/s)   Get_miss   Min(us)  Max(us)    Avg(us)    Std_dev    Geo_dist  
Period   10       63586        6358         0.9        0          772      1344722    22975      39512.27   17584.62
Global   250      1622028      6488         0.9        0          708      2767401    22282      43132.62   17574.92

Total Statistics
Type     Time(s)  Ops          TPS(ops/s)   Net(M/s)   Get_miss   Min(us)  Max(us)    Avg(us)    Std_dev    Geo_dist  
Period   10       63586        6358         0.9        0          772      1344722    22975      39512.27   17584.62
Global   250      1622028      6488         0.9        0          708      2767401    22282      43132.62   17574.92

[1;1H[2J
Get Statistics
Type     Time(s)  Ops          TPS(ops/s)   Net(M/s)   Get_miss   Min(us)  Max(us)    Avg(us)    Std_dev    Geo_dist  
Period   10       64838        6483         0.9        0          1006     328050     22291      28787.16   17718.87
Global   260      1686866      6487         0.9        0          708      2767401    22283      42670.10   17580.43

Total Statistics
Type     Time(s)  Ops          TPS(ops/s)   Net(M/s)   Get_miss   Min(us)  Max(us)    Avg(us)    Std_dev    Geo_dist  
Period   10       64839        6483         0.9        0          1006     328050     22291      28786.90   17718.90
Global   260      1686867      6487         0.9        0          708      2767401    22283      42670.09   17580.43

[1;1H[2J
Get Statistics
Type     Time(s)  Ops          TPS(ops/s)   Net(M/s)   Get_miss   Min(us)  Max(us)    Avg(us)    Std_dev    Geo_dist  
Period   10       57966        5796         0.9        0          1000     2459558    24955      67503.93   17836.20
Global   270      1744832      6462         0.8        0          708      2767401    22371      43725.21   17588.97

Total Statistics
Type     Time(s)  Ops          TPS(ops/s)   Net(M/s)   Get_miss   Min(us)  Max(us)    Avg(us)    Std_dev    Geo_dist  
Period   10       57965        5796         0.9        0          1000     2459558    24955      67504.60   17839.22
Global   270      1744832      6462         0.8        0          708      2767401    22371      43725.21   17588.97

[1;1H[2J
Get Statistics
Type     Time(s)  Ops          TPS(ops/s)   Net(M/s)   Get_miss   Min(us)  Max(us)    Avg(us)    Std_dev    Geo_dist  
Period   10       63115        6311         0.9        0          1162     877558     22908      34778.75   17772.32
Global   280      1807947      6456         0.9        0          708      2767401    22390      43443.91   17595.34

Total Statistics
Type     Time(s)  Ops          TPS(ops/s)   Net(M/s)   Get_miss   Min(us)  Max(us)    Avg(us)    Std_dev    Geo_dist  
Period   10       63115        6311         0.9        0          1162     877558     22908      34778.75   17772.32
Global   280      1807947      6456         0.9        0          708      2767401    22390      43443.91   17595.34

[1;1H[2J
Get Statistics
Type     Time(s)  Ops          TPS(ops/s)   Net(M/s)   Get_miss   Min(us)  Max(us)    Avg(us)    Std_dev    Geo_dist  
Period   10       64409        6440         0.9        0          1028     535671     22447      29979.29   17879.97
Global   290      1872356      6456         0.9        0          708      2767401    22392      43050.70   17605.05

Total Statistics
Type     Time(s)  Ops          TPS(ops/s)   Net(M/s)   Get_miss   Min(us)  Max(us)    Avg(us)    Std_dev    Geo_dist  
Period   10       64409        6440         0.9        0          1028     535671     22447      29979.29   17879.97
Global   290      1872356      6456         0.9        0          708      2767401    22392      43050.70   17605.05

[1;1H[2J
Get Statistics
Type     Time(s)  Ops          TPS(ops/s)   Net(M/s)   Get_miss   Min(us)  Max(us)    Avg(us)    Std_dev    Geo_dist  
Period   10       66711        6671         0.9        0          820      531713     21662      30570.93   17529.66
Global   300      1939067      6463         0.9        0          708      2767401    22367      42682.15   17602.45

Total Statistics
Type     Time(s)  Ops          TPS(ops/s)   Net(M/s)   Get_miss   Min(us)  Max(us)    Avg(us)    Std_dev    Geo_dist  
Period   10       66711        6671         0.9        0          820      531713     21662      30570.93   17529.66
Global   300      1939067      6463         0.9        0          708      2767401    22367      42682.15   17602.45

[1;1H[2J
Get Statistics
Type     Time(s)  Ops          TPS(ops/s)   Net(M/s)   Get_miss   Min(us)  Max(us)    Avg(us)    Std_dev    Geo_dist  
Period   10       66649        6664         0.9        0          967      488692     21686      26535.36   17666.26
Global   310      2005716      6470         0.9        0          708      2767401    22344      42245.22   17604.57

Total Statistics
Type     Time(s)  Ops          TPS(ops/s)   Net(M/s)   Get_miss   Min(us)  Max(us)    Avg(us)    Std_dev    Geo_dist  
Period   10       66649        6664         0.9        0          967      488692     21686      26535.36   17666.26
Global   310      2005716      6470         0.9        0          708      2767401    22344      42245.22   17604.57

[1;1H[2J
Get Statistics
Type     Time(s)  Ops          TPS(ops/s)   Net(M/s)   Get_miss   Min(us)  Max(us)    Avg(us)    Std_dev    Geo_dist  
Period   10       61362        6136         0.9        0          952      975908     23501      26965.21   18541.46
Global   320      2067078      6459         0.8        0          708      2767401    22379      41872.11   17631.69

Total Statistics
Type     Time(s)  Ops          TPS(ops/s)   Net(M/s)   Get_miss   Min(us)  Max(us)    Avg(us)    Std_dev    Geo_dist  
Period   10       61362        6136         0.9        0          952      975908     23501      26965.21   18541.46
Global   320      2067078      6459         0.8        0          708      2767401    22379      41872.11   17631.69

[1;1H[2J
Get Statistics
Type     Time(s)  Ops          TPS(ops/s)   Net(M/s)   Get_miss   Min(us)  Max(us)    Avg(us)    Std_dev    Geo_dist  
Period   10       61426        6142         0.9        0          510      1210830    23593      49691.43   17661.05
Global   330      2128504      6450         0.8        0          510      2767401    22414      42118.61   17632.53

Total Statistics
Type     Time(s)  Ops          TPS(ops/s)   Net(M/s)   Get_miss   Min(us)  Max(us)    Avg(us)    Std_dev    Geo_dist  
Period   10       61427        6142         0.9        0          510      1210830    23593      49691.02   17661.12
Global   330      2128505      6450         0.8        0          510      2767401    22414      42118.60   17632.54

[1;1H[2J
Get Statistics
Type     Time(s)  Ops          TPS(ops/s)   Net(M/s)   Get_miss   Min(us)  Max(us)    Avg(us)    Std_dev    Geo_dist  
Period   10       71925        7192         0.9        0          1163     1362200    20104      43905.85   16382.31
Global   340      2200429      6471         1.0        0          510      2767401    22338      42180.48   17590.28

Total Statistics
Type     Time(s)  Ops          TPS(ops/s)   Net(M/s)   Get_miss   Min(us)  Max(us)    Avg(us)    Std_dev    Geo_dist  
Period   10       71925        7192         0.9        0          1163     1362200    20104      43905.85   16378.09
Global   340      2200430      6471         1.0        0          510      2767401    22338      42180.47   17590.28

[1;1H[2J
Get Statistics
Type     Time(s)  Ops          TPS(ops/s)   Net(M/s)   Get_miss   Min(us)  Max(us)    Avg(us)    Std_dev    Geo_dist  
Period   10       67492        6749         0.9        0          588      298773     21419      22810.86   17592.82
Global   350      2267921      6479         0.9        0          510      2767401    22311      41734.15   17590.43

Total Statistics
Type     Time(s)  Ops          TPS(ops/s)   Net(M/s)   Get_miss   Min(us)  Max(us)    Avg(us)    Std_dev    Geo_dist  
Period   10       67491        6749         0.9        0          588      298773     21419      22811.04   17592.78
Global   350      2267921      6479         0.9        0          510      2767401    22311      41734.15   17590.43

[1;1H[2J
Get Statistics
Type     Time(s)  Ops          TPS(ops/s)   Net(M/s)   Get_miss   Min(us)  Max(us)    Avg(us)    Std_dev    Geo_dist  
Period   10       111511       11151        0.9        0          677      1225091    12799      28821.69   9209.92
Global   360      2379432      6609         1.5        0          510      2767401    21865      41268.56   17065.01

Total Statistics
Type     Time(s)  Ops          TPS(ops/s)   Net(M/s)   Get_miss   Min(us)  Max(us)    Avg(us)    Std_dev    Geo_dist  
Period   10       111511       11151        0.9        0          677      1225091    12799      28821.69   9209.92
Global   360      2379432      6609         1.5        0          510      2767401    21865      41268.56   17065.01

Get Statistics (2379576 events)
   Min:       510
   Max:   2767401
   Avg:     21873
   Geo:  17067.30
   Std:  41281.03
   Log2 Dist:
       8:        0        1      150     6378
      12:    20160    23350   1026660   1119214
      16:   127167    30818    17748     5622
      20:     1449      812       47

Total Statistics (2379576 events)
   Min:       510
   Max:   2767401
   Avg:     21873
   Geo:  17067.30
   Std:  41281.03
   Log2 Dist:
       8:        0        1      150     6378
      12:    20160    23350   1026660   1119214
      16:   127167    30818    17748     5622
      20:     1449      812       47

cmd_get: 2379720
cmd_set: 147456
get_misses: 0
written_bytes: 75943632
read_bytes: 393809688
object_bytes: 21233664

Run time: 361.5s Ops: 2527176 TPS: 6991 Net_rate: 1.2M/s
