servers : 10.0.0.4:11211
threads count: 4
concurrency: 4
run time: 60s
windows size: 10k
set proportion: set_prop=0.01
get proportion: get_prop=0.99
[1;1H[2J
Get Statistics
Type     Time(s)  Ops          TPS(ops/s)   Net(M/s)   Get_miss   Min(us)  Max(us)    Avg(us)    Std_dev    Geo_dist  
Period   30       158194       5273         0.7        0          141      8485       751        515.70     647.60
Global   30       158194       5273         0.7        0          141      8485       751        515.70     647.60

Set Statistics
Type     Time(s)  Ops          TPS(ops/s)   Net(M/s)   Get_miss   Min(us)  Max(us)    Avg(us)    Std_dev    Geo_dist  
Period   30       1600         53           0.0        0          184      4421       747        460.88     652.40
Global   30       1600         53           0.0        0          184      4421       747        460.88     652.40

Total Statistics
Type     Time(s)  Ops          TPS(ops/s)   Net(M/s)   Get_miss   Min(us)  Max(us)    Avg(us)    Std_dev    Geo_dist  
Period   30       159794       5326         0.7        0          141      8485       751        515.12     647.65
Global   30       159794       5326         0.7        0          141      8485       751        515.12     647.65

[1;1H[2J
Get Statistics
Type     Time(s)  Ops          TPS(ops/s)   Net(M/s)   Get_miss   Min(us)  Max(us)    Avg(us)    Std_dev    Geo_dist  
Period   30       155238       5174         0.7        0          151      10087      766        533.84     659.56
Global   60       313432       5223         0.7        0          141      10087      758        525.43     653.49

Set Statistics
Type     Time(s)  Ops          TPS(ops/s)   Net(M/s)   Get_miss   Min(us)  Max(us)    Avg(us)    Std_dev    Geo_dist  
Period   30       1568         52           0.0        0          190      6408       772        525.57     666.11
Global   60       3168         52           0.0        0          184      6408       760        493.08     659.15

Total Statistics
Type     Time(s)  Ops          TPS(ops/s)   Net(M/s)   Get_miss   Min(us)  Max(us)    Avg(us)    Std_dev    Geo_dist  
Period   30       156806       5226         0.7        0          151      10087      766        533.84     659.62
Global   60       316600       5276         0.7        0          141      10087      758        525.15     653.55

Get Statistics (313436 events)
   Min:       141
   Max:     10087
   Avg:       758
   Geo:    653.49
   Std:    525.43
   Log2 Dist:
       8:     4759   107834   143410    49555
      12:     6889      954       35

Set Statistics (3168 events)
   Min:       184
   Max:      6408
   Avg:       760
   Geo:    659.15
   Std:    493.08
   Log2 Dist:
       8:       30     1101     1447      509
      12:       74        7

Total Statistics (316604 events)
   Min:       141
   Max:     10087
   Avg:       758
   Geo:    653.55
   Std:    525.14
   Log2 Dist:
       8:     4789   108935   144857    50064
      12:     6963      961       35

cmd_get: 313440
cmd_set: 3168
get_misses: 0
written_bytes: 7402472
read_bytes: 51742284
object_bytes: 456192

Run time: 60.2s Ops: 316608 TPS: 5255 Net_rate: 0.9M/s
