servers : 10.0.0.4:11211
threads count: 28
concurrency: 28
run time: 60s
windows size: 10k
set proportion: set_prop=0.01
get proportion: get_prop=0.99
[1;1H[2J
Get Statistics
Type     Time(s)  Ops          TPS(ops/s)   Net(M/s)   Get_miss   Min(us)  Max(us)    Avg(us)    Std_dev    Geo_dist  
Period   30       472221       15740        2.2        0          162      141470     1764       1926.48    1353.40
Global   30       472221       15740        2.2        0          162      141470     1764       1926.48    1353.40

Set Statistics
Type     Time(s)  Ops          TPS(ops/s)   Net(M/s)   Get_miss   Min(us)  Max(us)    Avg(us)    Std_dev    Geo_dist  
Period   30       4783         159          0.0        0          224      9539       1754       1539.85    1354.29
Global   30       4783         159          0.0        0          224      9539       1754       1539.85    1354.29

Total Statistics
Type     Time(s)  Ops          TPS(ops/s)   Net(M/s)   Get_miss   Min(us)  Max(us)    Avg(us)    Std_dev    Geo_dist  
Period   30       477004       15900        2.2        0          162      141470     1764       1922.89    1353.40
Global   30       477004       15900        2.2        0          162      141470     1764       1922.89    1353.40

[1;1H[2J
Get Statistics
Type     Time(s)  Ops          TPS(ops/s)   Net(M/s)   Get_miss   Min(us)  Max(us)    Avg(us)    Std_dev    Geo_dist  
Period   30       479500       15983        2.2        0          153      146557     1737       2350.08    1327.56
Global   60       951721       15862        2.2        0          153      146557     1751       2149.91    1340.32

Set Statistics
Type     Time(s)  Ops          TPS(ops/s)   Net(M/s)   Get_miss   Min(us)  Max(us)    Avg(us)    Std_dev    Geo_dist  
Period   30       4846         161          0.0        0          239      72162      1772       2129.08    1337.43
Global   60       9629         160          0.0        0          224      72162      1763       1859.86    1345.78

Total Statistics
Type     Time(s)  Ops          TPS(ops/s)   Net(M/s)   Get_miss   Min(us)  Max(us)    Avg(us)    Std_dev    Geo_dist  
Period   30       484346       16144        2.2        0          153      146557     1738       2347.49    1327.66
Global   60       961350       16022        2.2        0          153      146557     1751       2147.29    1340.37

Get Statistics (951749 events)
   Min:       153
   Max:    146557
   Avg:      1751
   Geo:   1340.38
   Std:   2150.20
   Log2 Dist:
       8:      354    37764   335778   357706
      12:   147584    67455     4775       84
      16:      104       89       56

Set Statistics (9629 events)
   Min:       224
   Max:     72162
   Avg:      1763
   Geo:   1345.78
   Std:   1859.86
   Log2 Dist:
       8:        3      399     3376     3594
      12:     1480      724       50        0
      16:        1        2

Total Statistics (961378 events)
   Min:       153
   Max:    146557
   Avg:      1751
   Geo:   1340.44
   Std:   2147.58
   Log2 Dist:
       8:      357    38163   339154   361300
      12:   149064    68179     4825       84
      16:      105       91       56

cmd_get: 951777
cmd_set: 9629
get_misses: 0
written_bytes: 22479118
read_bytes: 157115617
object_bytes: 1386576

Run time: 60.3s Ops: 961406 TPS: 15951 Net_rate: 2.8M/s
