servers : 10.0.0.4:11211
threads count: 2
concurrency: 2
run time: 60s
windows size: 10k
set proportion: set_prop=0.01
get proportion: get_prop=0.99
[1;1H[2J
Get Statistics
Type     Time(s)  Ops          TPS(ops/s)   Net(M/s)   Get_miss   Min(us)  Max(us)    Avg(us)    Std_dev    Geo_dist  
Period   30       84343        2811         0.4        0          131      17447      704        500.90     598.86
Global   30       84343        2811         0.4        0          131      17447      704        500.90     598.86

Set Statistics
Type     Time(s)  Ops          TPS(ops/s)   Net(M/s)   Get_miss   Min(us)  Max(us)    Avg(us)    Std_dev    Geo_dist  
Period   30       853          28           0.0        0          190      4251       713        483.60     606.48
Global   30       853          28           0.0        0          190      4251       713        483.60     606.48

Total Statistics
Type     Time(s)  Ops          TPS(ops/s)   Net(M/s)   Get_miss   Min(us)  Max(us)    Avg(us)    Std_dev    Geo_dist  
Period   30       85196        2839         0.4        0          131      17447      704        500.85     598.93
Global   30       85196        2839         0.4        0          131      17447      704        500.85     598.93

[1;1H[2J
Get Statistics
Type     Time(s)  Ops          TPS(ops/s)   Net(M/s)   Get_miss   Min(us)  Max(us)    Avg(us)    Std_dev    Geo_dist  
Period   30       82157        2738         0.4        0          153      8926       722        527.22     612.55
Global   60       166500       2775         0.4        0          131      17447      713        513.97     605.58

Set Statistics
Type     Time(s)  Ops          TPS(ops/s)   Net(M/s)   Get_miss   Min(us)  Max(us)    Avg(us)    Std_dev    Geo_dist  
Period   30       830          27           0.0        0          199      6014       776        613.02     645.20
Global   60       1683         28           0.0        0          190      6014       744        552.07     625.28

Total Statistics
Type     Time(s)  Ops          TPS(ops/s)   Net(M/s)   Get_miss   Min(us)  Max(us)    Avg(us)    Std_dev    Geo_dist  
Period   30       82987        2766         0.4        0          153      8926       723        527.54     612.87
Global   60       168183       2803         0.4        0          131      17447      714        513.42     605.77

Get Statistics (166502 events)
   Min:       131
   Max:     17447
   Avg:       713
   Geo:    605.58
   Std:    513.97
   Log2 Dist:
       8:     5784    64982    68412    23755
      12:     3057      507        3        2

Set Statistics (1683 events)
   Min:       190
   Max:      6014
   Avg:       744
   Geo:    625.28
   Std:    552.07
   Log2 Dist:
       8:       52      651      683      249
      12:       38       10

Total Statistics (168185 events)
   Min:       131
   Max:     17447
   Avg:       714
   Geo:    605.77
   Std:    513.41
   Log2 Dist:
       8:     5836    65633    69095    24004
      12:     3095      517        3        2

cmd_get: 166504
cmd_set: 1683
get_misses: 0
written_bytes: 3932324
read_bytes: 27486294
object_bytes: 242352

Run time: 60.2s Ops: 168187 TPS: 2792 Net_rate: 0.5M/s
