servers : 10.0.0.4:11211
threads count: 16
concurrency: 16
run time: 60s
windows size: 10k
set proportion: set_prop=0.01
get proportion: get_prop=0.99
[1;1H[2J
Get Statistics
Type     Time(s)  Ops          TPS(ops/s)   Net(M/s)   Get_miss   Min(us)  Max(us)    Avg(us)    Std_dev    Geo_dist  
Period   30       386470       12882        1.8        0          143      15683      1233       892.21     1049.18
Global   30       386470       12882        1.8        0          143      15683      1233       892.21     1049.18

Set Statistics
Type     Time(s)  Ops          TPS(ops/s)   Net(M/s)   Get_miss   Min(us)  Max(us)    Avg(us)    Std_dev    Geo_dist  
Period   30       3912         130          0.0        0          191      8720       1266       945.87     1065.19
Global   30       3912         130          0.0        0          191      8720       1266       945.87     1065.19

Total Statistics
Type     Time(s)  Ops          TPS(ops/s)   Net(M/s)   Get_miss   Min(us)  Max(us)    Avg(us)    Std_dev    Geo_dist  
Period   30       390382       13012        1.8        0          143      15683      1233       893.22     1049.33
Global   30       390382       13012        1.8        0          143      15683      1233       893.22     1049.33

[1;1H[2J
Get Statistics
Type     Time(s)  Ops          TPS(ops/s)   Net(M/s)   Get_miss   Min(us)  Max(us)    Avg(us)    Std_dev    Geo_dist  
Period   30       394770       13159        1.8        0          140      10031      1207       902.03     1019.15
Global   60       781240       13020        1.8        0          140      15683      1220       897.09     1033.89

Set Statistics
Type     Time(s)  Ops          TPS(ops/s)   Net(M/s)   Get_miss   Min(us)  Max(us)    Avg(us)    Std_dev    Geo_dist  
Period   30       3987         132          0.0        0          239      7678       1205       874.05     1025.40
Global   60       7899         131          0.0        0          191      8720       1235       911.06     1044.92

Total Statistics
Type     Time(s)  Ops          TPS(ops/s)   Net(M/s)   Get_miss   Min(us)  Max(us)    Avg(us)    Std_dev    Geo_dist  
Period   30       398757       13291        1.8        0          140      10031      1207       901.73     1019.21
Global   60       789139       13152        1.8        0          140      15683      1220       897.44     1034.00

Get Statistics (781256 events)
   Min:       140
   Max:     15683
   Avg:      1220
   Geo:   1033.91
   Std:    897.11
   Log2 Dist:
       8:      736    56862   359674   286642
      12:    62239    14883      220

Set Statistics (7899 events)
   Min:       191
   Max:      8720
   Avg:      1235
   Geo:   1044.92
   Std:    911.06
   Log2 Dist:
       8:        3      544     3644     2882
      12:      669      156        1

Total Statistics (789155 events)
   Min:       140
   Max:     15683
   Avg:      1220
   Geo:   1034.02
   Std:    897.46
   Log2 Dist:
       8:      739    57406   363318   289524
      12:    62908    15039      221

cmd_get: 781271
cmd_set: 7900
get_misses: 0
written_bytes: 18451472
read_bytes: 128970432
object_bytes: 1137600

Run time: 60.3s Ops: 789171 TPS: 13089 Net_rate: 2.3M/s
