servers : 10.0.0.4:11211
threads count: 40
concurrency: 40
run time: 60s
windows size: 10k
set proportion: set_prop=0.01
get proportion: get_prop=0.99
[1;1H[2J
Get Statistics
Type     Time(s)  Ops          TPS(ops/s)   Net(M/s)   Get_miss   Min(us)  Max(us)    Avg(us)    Std_dev    Geo_dist  
Period   30       511553       17051        2.3        0          187      111712     2331       2527.36    1721.49
Global   30       511553       17051        2.3        0          187      111712     2331       2527.36    1721.49

Set Statistics
Type     Time(s)  Ops          TPS(ops/s)   Net(M/s)   Get_miss   Min(us)  Max(us)    Avg(us)    Std_dev    Geo_dist  
Period   30       5188         172          0.0        0          273      36891      2332       2129.53    1730.34
Global   30       5188         172          0.0        0          273      36891      2332       2129.53    1730.34

Total Statistics
Type     Time(s)  Ops          TPS(ops/s)   Net(M/s)   Get_miss   Min(us)  Max(us)    Avg(us)    Std_dev    Geo_dist  
Period   30       516741       17224        2.4        0          187      111712     2331       2523.69    1721.58
Global   30       516741       17224        2.4        0          187      111712     2331       2523.69    1721.58

[1;1H[2J
Get Statistics
Type     Time(s)  Ops          TPS(ops/s)   Net(M/s)   Get_miss   Min(us)  Max(us)    Avg(us)    Std_dev    Geo_dist  
Period   30       507697       16923        2.3        0          206      205442     2342       2485.00    1714.57
Global   60       1019250      16987        2.3        0          187      205442     2337       2505.87    1718.04

Set Statistics
Type     Time(s)  Ops          TPS(ops/s)   Net(M/s)   Get_miss   Min(us)  Max(us)    Avg(us)    Std_dev    Geo_dist  
Period   30       5132         171          0.0        0          259      111313     2382       2824.62    1722.15
Global   60       10320        172          0.0        0          259      111313     2357       2499.35    1726.26

Total Statistics
Type     Time(s)  Ops          TPS(ops/s)   Net(M/s)   Get_miss   Min(us)  Max(us)    Avg(us)    Std_dev    Geo_dist  
Period   30       512829       17094        2.4        0          206      205442     2343       2488.06    1714.65
Global   60       1029570      17159        2.3        0          187      205442     2337       2505.99    1718.12

Get Statistics (1019290 events)
   Min:       187
   Max:    205442
   Avg:      2337
   Geo:   1718.13
   Std:   2506.11
   Log2 Dist:
       8:      105    18692   266282   365223
      12:   217321   132085    18639      371
      16:      412      159        1

Set Statistics (10320 events)
   Min:       259
   Max:    111313
   Avg:      2357
   Geo:   1726.26
   Std:   2499.35
   Log2 Dist:
       8:        0      204     2665     3695
      12:     2186     1345      214        4
      16:        6        1

Total Statistics (1029610 events)
   Min:       187
   Max:    205442
   Avg:      2337
   Geo:   1718.21
   Std:   2506.23
   Log2 Dist:
       8:      105    18896   268947   368918
      12:   219507   133430    18853      375
      16:      418      160        1

cmd_get: 1019330
cmd_set: 10320
get_misses: 0
written_bytes: 24075580
read_bytes: 168265410
object_bytes: 1486080

Run time: 60.3s Ops: 1029650 TPS: 17071 Net_rate: 3.0M/s
