servers : 10.0.0.4:11211
threads count: 52
concurrency: 52
run time: 60s
windows size: 10k
set proportion: set_prop=0.01
get proportion: get_prop=0.99
[1;1H[2J
Get Statistics
Type     Time(s)  Ops          TPS(ops/s)   Net(M/s)   Get_miss   Min(us)  Max(us)    Avg(us)    Std_dev    Geo_dist  
Period   30       529346       17644        2.4        0          189      94624      2921       2776.16    2114.35
Global   30       529346       17644        2.4        0          189      94624      2921       2776.16    2114.35

Set Statistics
Type     Time(s)  Ops          TPS(ops/s)   Net(M/s)   Get_miss   Min(us)  Max(us)    Avg(us)    Std_dev    Geo_dist  
Period   30       5375         179          0.0        0          284      35176      2924       2551.14    2123.86
Global   30       5375         179          0.0        0          284      35176      2924       2551.14    2123.86

Total Statistics
Type     Time(s)  Ops          TPS(ops/s)   Net(M/s)   Get_miss   Min(us)  Max(us)    Avg(us)    Std_dev    Geo_dist  
Period   30       534721       17824        2.4        0          189      94624      2921       2774.02    2114.44
Global   30       534721       17824        2.4        0          189      94624      2921       2774.02    2114.44

[1;1H[2J
Get Statistics
Type     Time(s)  Ops          TPS(ops/s)   Net(M/s)   Get_miss   Min(us)  Max(us)    Avg(us)    Std_dev    Geo_dist  
Period   30       534230       17807        2.4        0          190      53984      2892       2593.00    2095.21
Global   60       1063576      17726        2.4        0          189      94624      2906       2686.23    2104.71

Set Statistics
Type     Time(s)  Ops          TPS(ops/s)   Net(M/s)   Get_miss   Min(us)  Max(us)    Avg(us)    Std_dev    Geo_dist  
Period   30       5392         179          0.0        0          256      52522      2977       2674.35    2163.05
Global   60       10767        179          0.0        0          256      52522      2950       2614.19    2143.40

Total Statistics
Type     Time(s)  Ops          TPS(ops/s)   Net(M/s)   Get_miss   Min(us)  Max(us)    Avg(us)    Std_dev    Geo_dist  
Period   30       539622       17987        2.5        0          190      53984      2893       2593.67    2095.88
Global   60       1074343      17905        2.5        0          189      94624      2907       2684.91    2105.10

Get Statistics (1063628 events)
   Min:       189
   Max:     94624
   Avg:      2906
   Geo:   2104.81
   Std:   2686.41
   Log2 Dist:
       8:       65    11237   203237   355665
      12:   251177   192616    48487      750
      16:      319       75

Set Statistics (10767 events)
   Min:       256
   Max:     52522
   Avg:      2950
   Geo:   2143.40
   Std:   2614.19
   Log2 Dist:
       8:        1      103     2002     3567
      12:     2600     1974      511        6
      16:        3

Total Statistics (1074395 events)
   Min:       189
   Max:     94624
   Avg:      2907
   Geo:   2105.19
   Std:   2685.10
   Log2 Dist:
       8:       66    11340   205239   359232
      12:   253777   194590    48998      756
      16:      322       75

cmd_get: 1063679
cmd_set: 10768
get_misses: 0
written_bytes: 25122536
read_bytes: 175584756
object_bytes: 1550592

Run time: 60.2s Ops: 1074447 TPS: 17836 Net_rate: 3.2M/s
