servers : 10.0.0.4:11211
threads count: 32
concurrency: 32
run time: 60s
windows size: 10k
set proportion: set_prop=0.01
get proportion: get_prop=0.99
[1;1H[2J
Get Statistics
Type     Time(s)  Ops          TPS(ops/s)   Net(M/s)   Get_miss   Min(us)  Max(us)    Avg(us)    Std_dev    Geo_dist  
Period   30       458433       15281        2.1        0          161      41071      2077       2228.52    1388.64
Global   30       458433       15281        2.1        0          161      41071      2077       2228.52    1388.62

Set Statistics
Type     Time(s)  Ops          TPS(ops/s)   Net(M/s)   Get_miss   Min(us)  Max(us)    Avg(us)    Std_dev    Geo_dist  
Period   30       4647         154          0.0        0          241      24708      2189       2282.33    1467.36
Global   30       4647         154          0.0        0          241      24708      2189       2282.33    1467.36

Total Statistics
Type     Time(s)  Ops          TPS(ops/s)   Net(M/s)   Get_miss   Min(us)  Max(us)    Avg(us)    Std_dev    Geo_dist  
Period   30       463083       15436        2.1        0          161      41071      2078       2229.20    1389.39
Global   30       463083       15436        2.1        0          161      41071      2078       2229.20    1389.39

[1;1H[2J
Get Statistics
Type     Time(s)  Ops          TPS(ops/s)   Net(M/s)   Get_miss   Min(us)  Max(us)    Avg(us)    Std_dev    Geo_dist  
Period   30       454565       15152        2.1        0          168      111884     2096       2640.92    1384.03
Global   60       912998       15216        2.1        0          161      111884     2086       2442.98    1386.36

Set Statistics
Type     Time(s)  Ops          TPS(ops/s)   Net(M/s)   Get_miss   Min(us)  Max(us)    Avg(us)    Std_dev    Geo_dist  
Period   30       4588         152          0.0        0          223      11356      2029       2144.48    1368.00
Global   60       9235         153          0.0        0          223      24708      2110       2215.77    1417.13

Total Statistics
Type     Time(s)  Ops          TPS(ops/s)   Net(M/s)   Get_miss   Min(us)  Max(us)    Avg(us)    Std_dev    Geo_dist  
Period   30       459151       15305        2.1        0          168      111884     2095       2636.71    1383.92
Global   60       922234       15370        2.1        0          161      111884     2087       2440.16    1386.66

Get Statistics (913030 events)
   Min:       161
   Max:    111884
   Avg:      2087
   Geo:   1386.44
   Std:   2442.74
   Log2 Dist:
       8:      394    58558   355253   257843
      12:   103358   123484    13750      230
      16:       64       96

Set Statistics (9236 events)
   Min:       223
   Max:     24708
   Avg:      2110
   Geo:   1417.38
   Std:   2216.84
   Log2 Dist:
       8:        4      557     3489     2677
      12:     1099     1266      141        3

Total Statistics (922266 events)
   Min:       161
   Max:    111884
   Avg:      2087
   Geo:   1386.75
   Std:   2440.78
   Log2 Dist:
       8:      398    59115   358742   260520
      12:   104457   124750    13891      233
      16:       64       96

cmd_get: 913061
cmd_set: 9237
get_misses: 0
written_bytes: 21564420
read_bytes: 150723838
object_bytes: 1330128

Run time: 60.3s Ops: 922298 TPS: 15294 Net_rate: 2.7M/s
