servers : 10.0.0.4:11211
threads count: 8
concurrency: 8
run time: 60s
windows size: 10k
set proportion: set_prop=0.01
get proportion: get_prop=0.99
[1;1H[2J
Get Statistics
Type     Time(s)  Ops          TPS(ops/s)   Net(M/s)   Get_miss   Min(us)  Max(us)    Avg(us)    Std_dev    Geo_dist  
Period   30       286022       9534         1.3        0          131      11745      831        577.21     716.76
Global   30       286022       9534         1.3        0          131      11745      831        577.21     716.76

Set Statistics
Type     Time(s)  Ops          TPS(ops/s)   Net(M/s)   Get_miss   Min(us)  Max(us)    Avg(us)    Std_dev    Geo_dist  
Period   30       2893         96           0.0        0          175      8779       833        588.01     719.10
Global   30       2893         96           0.0        0          175      8779       833        588.01     719.10

Total Statistics
Type     Time(s)  Ops          TPS(ops/s)   Net(M/s)   Get_miss   Min(us)  Max(us)    Avg(us)    Std_dev    Geo_dist  
Period   30       288915       9630         1.3        0          131      11745      831        577.35     716.79
Global   30       288915       9630         1.3        0          131      11745      831        577.35     716.79

[1;1H[2J
Get Statistics
Type     Time(s)  Ops          TPS(ops/s)   Net(M/s)   Get_miss   Min(us)  Max(us)    Avg(us)    Std_dev    Geo_dist  
Period   30       291963       9732         1.3        0          121      10908      814        553.18     704.22
Global   60       577985       9633         1.3        0          121      11745      823        564.41     710.40

Set Statistics
Type     Time(s)  Ops          TPS(ops/s)   Net(M/s)   Get_miss   Min(us)  Max(us)    Avg(us)    Std_dev    Geo_dist  
Period   30       2950         98           0.0        0          165      8547       830        572.50     716.06
Global   60       5843         97           0.0        0          165      8779       831        580.88     717.57

Total Statistics
Type     Time(s)  Ops          TPS(ops/s)   Net(M/s)   Get_miss   Min(us)  Max(us)    Avg(us)    Std_dev    Geo_dist  
Period   30       294913       9830         1.3        0          121      10908      814        553.62     704.34
Global   60       583828       9730         1.4        0          121      11745      823        564.69     710.47

Get Statistics (577993 events)
   Min:       121
   Max:     11745
   Avg:       823
   Geo:    710.41
   Std:    564.46
   Log2 Dist:
       4:        0        0        0        1
       8:     6485   149098   294975   110171
      12:    14831     2337       95

Set Statistics (5843 events)
   Min:       165
   Max:      8779
   Avg:       831
   Geo:    717.57
   Std:    580.88
   Log2 Dist:
       8:       58     1475     3005     1115
      12:      168       19        3

Total Statistics (583836 events)
   Min:       121
   Max:     11745
   Avg:       823
   Geo:    710.48
   Std:    564.75
   Log2 Dist:
       4:        0        0        0        1
       8:     6543   150573   297980   111286
      12:    14999     2356       98

cmd_get: 578001
cmd_set: 5843
get_misses: 0
written_bytes: 13650726
read_bytes: 95415589
object_bytes: 841392

Run time: 60.2s Ops: 583844 TPS: 9692 Net_rate: 1.7M/s
