servers : 10.0.0.4:11211
threads count: 36
concurrency: 36
run time: 60s
windows size: 10k
set proportion: set_prop=0.01
get proportion: get_prop=0.99
[1;1H[2J
Get Statistics
Type     Time(s)  Ops          TPS(ops/s)   Net(M/s)   Get_miss   Min(us)  Max(us)    Avg(us)    Std_dev    Geo_dist  
Period   30       508857       16961        2.3        0          157      49579      2103       1979.78    1563.45
Global   30       508857       16961        2.3        0          157      49579      2103       1979.78    1563.08

Set Statistics
Type     Time(s)  Ops          TPS(ops/s)   Net(M/s)   Get_miss   Min(us)  Max(us)    Avg(us)    Std_dev    Geo_dist  
Period   30       5159         171          0.0        0          206      31915      2152       2005.77    1590.77
Global   30       5159         171          0.0        0          206      31915      2152       2005.77    1590.77

Total Statistics
Type     Time(s)  Ops          TPS(ops/s)   Net(M/s)   Get_miss   Min(us)  Max(us)    Avg(us)    Std_dev    Geo_dist  
Period   30       514036       17134        2.4        0          157      49579      2103       1980.49    1563.31
Global   30       514036       17134        2.4        0          157      49579      2103       1980.49    1563.31

[1;1H[2J
Get Statistics
Type     Time(s)  Ops          TPS(ops/s)   Net(M/s)   Get_miss   Min(us)  Max(us)    Avg(us)    Std_dev    Geo_dist  
Period   30       503806       16793        2.3        0          181      112834     2127       2209.90    1589.96
Global   60       1012663      16877        2.3        0          157      112834     2115       2097.40    1576.59

Set Statistics
Type     Time(s)  Ops          TPS(ops/s)   Net(M/s)   Get_miss   Min(us)  Max(us)    Avg(us)    Std_dev    Geo_dist  
Period   30       5090         169          0.0        0          296      37188      2090       1955.21    1577.25
Global   60       10249        170          0.0        0          206      37188      2121       1981.19    1584.04

Total Statistics
Type     Time(s)  Ops          TPS(ops/s)   Net(M/s)   Get_miss   Min(us)  Max(us)    Avg(us)    Std_dev    Geo_dist  
Period   30       508876       16962        2.3        0          181      112834     2127       2207.23    1590.28
Global   60       1022912      17048        2.3        0          157      112834     2115       2096.33    1576.67

Get Statistics (1012698 events)
   Min:       157
   Max:    112834
   Avg:      2115
   Geo:   1576.60
   Std:   2097.36
   Log2 Dist:
       8:      194    25566   294932   373553
      12:   192454   111978    13519      354
      16:       76       72

Set Statistics (10250 events)
   Min:       206
   Max:     37188
   Avg:      2121
   Geo:   1584.10
   Std:   1981.12
   Log2 Dist:
       8:        1      224     2992     3843
      12:     1906     1138      141        3
      16:        2

Total Statistics (1022948 events)
   Min:       157
   Max:    112834
   Avg:      2115
   Geo:   1576.67
   Std:   2096.29
   Log2 Dist:
       8:      195    25790   297924   377396
      12:   194360   113116    13660      357
      16:       78       72

cmd_get: 1012734
cmd_set: 10250
get_misses: 0
written_bytes: 23919356
read_bytes: 167177170
object_bytes: 1476000

Run time: 60.3s Ops: 1022984 TPS: 16977 Net_rate: 3.0M/s
