servers : 10.0.0.4:11211
threads count: 2
concurrency: 2
run time: 60s
windows size: 10k
set proportion: set_prop=0.01
get proportion: get_prop=0.99
[1;1H[2J
Get Statistics
Type     Time(s)  Ops          TPS(ops/s)   Net(M/s)   Get_miss   Min(us)  Max(us)    Avg(us)    Std_dev    Geo_dist  
Period   30       80725        2690         0.4        0          162      7253       736        437.50     646.63
Global   30       80725        2690         0.4        0          162      7253       736        437.50     646.63

Set Statistics
Type     Time(s)  Ops          TPS(ops/s)   Net(M/s)   Get_miss   Min(us)  Max(us)    Avg(us)    Std_dev    Geo_dist  
Period   30       816          27           0.0        0          213      3425       727        413.28     642.83
Global   30       816          27           0.0        0          213      3425       727        413.28     642.83

Total Statistics
Type     Time(s)  Ops          TPS(ops/s)   Net(M/s)   Get_miss   Min(us)  Max(us)    Avg(us)    Std_dev    Geo_dist  
Period   30       81541        2718         0.4        0          162      7253       736        437.11     646.60
Global   30       81541        2718         0.4        0          162      7253       736        437.11     646.60

[1;1H[2J
Get Statistics
Type     Time(s)  Ops          TPS(ops/s)   Net(M/s)   Get_miss   Min(us)  Max(us)    Avg(us)    Std_dev    Geo_dist  
Period   30       81223        2707         0.4        0          163      6978       732        455.88     637.93
Global   60       161948       2699         0.4        0          162      7253       734        446.80     642.25

Set Statistics
Type     Time(s)  Ops          TPS(ops/s)   Net(M/s)   Get_miss   Min(us)  Max(us)    Avg(us)    Std_dev    Geo_dist  
Period   30       820          27           0.0        0          185      4078       741        459.32     643.93
Global   60       1636         27           0.0        0          185      4078       734        436.91     643.38

Total Statistics
Type     Time(s)  Ops          TPS(ops/s)   Net(M/s)   Get_miss   Min(us)  Max(us)    Avg(us)    Std_dev    Geo_dist  
Period   30       82043        2734         0.4        0          163      6978       732        456.05     637.99
Global   60       163584       2726         0.4        0          162      7253       734        446.71     642.26

Get Statistics (161950 events)
   Min:       162
   Max:      7253
   Avg:       734
   Geo:    642.25
   Std:    446.80
   Log2 Dist:
       8:     2571    54029    77289    25204
      12:     2648      209

Set Statistics (1636 events)
   Min:       185
   Max:      4078
   Avg:       734
   Geo:    643.38
   Std:    436.91
   Log2 Dist:
       8:       16      557      782      246
      12:       35

Total Statistics (163586 events)
   Min:       162
   Max:      7253
   Avg:       734
   Geo:    642.26
   Std:    446.70
   Log2 Dist:
       8:     2587    54586    78071    25450
      12:     2683      209

cmd_get: 161952
cmd_set: 1636
get_misses: 0
written_bytes: 3824660
read_bytes: 26734838
object_bytes: 235584

Run time: 60.2s Ops: 163588 TPS: 2716 Net_rate: 0.5M/s
