servers : 10.0.0.4:11211
threads count: 48
concurrency: 48
run time: 60s
windows size: 10k
set proportion: set_prop=0.01
get proportion: get_prop=0.99
[1;1H[2J
Get Statistics
Type     Time(s)  Ops          TPS(ops/s)   Net(M/s)   Get_miss   Min(us)  Max(us)    Avg(us)    Std_dev    Geo_dist  
Period   30       536330       17877        2.5        0          194      141523     2667       2699.08    1940.43
Global   30       536330       17877        2.5        0          194      141523     2667       2699.08    1940.43

Set Statistics
Type     Time(s)  Ops          TPS(ops/s)   Net(M/s)   Get_miss   Min(us)  Max(us)    Avg(us)    Std_dev    Geo_dist  
Period   30       5444         181          0.0        0          247      138429     2679       2975.69    1955.78
Global   30       5444         181          0.0        0          247      138429     2679       2975.69    1955.78

Total Statistics
Type     Time(s)  Ops          TPS(ops/s)   Net(M/s)   Get_miss   Min(us)  Max(us)    Avg(us)    Std_dev    Geo_dist  
Period   30       541774       18059        2.5        0          194      141523     2667       2702.12    1940.58
Global   30       541774       18059        2.5        0          194      141523     2667       2702.12    1940.58

[1;1H[2J
Get Statistics
Type     Time(s)  Ops          TPS(ops/s)   Net(M/s)   Get_miss   Min(us)  Max(us)    Avg(us)    Std_dev    Geo_dist  
Period   30       539360       17978        2.5        0          143      143322     2643       2668.87    1929.37
Global   60       1075690      17928        2.5        0          143      143322     2655       2683.97    1934.88

Set Statistics
Type     Time(s)  Ops          TPS(ops/s)   Net(M/s)   Get_miss   Min(us)  Max(us)    Avg(us)    Std_dev    Geo_dist  
Period   30       5445         181          0.0        0          285      142687     2700       3027.49    1947.68
Global   60       10889        181          0.0        0          247      142687     2689       3002.03    1951.73

Total Statistics
Type     Time(s)  Ops          TPS(ops/s)   Net(M/s)   Get_miss   Min(us)  Max(us)    Avg(us)    Std_dev    Geo_dist  
Period   30       544806       18160        2.5        0          143      143322     2644       2672.27    1929.56
Global   60       1086580      18109        2.5        0          143      143322     2655       2687.68    1935.05

Get Statistics (1075740 events)
   Min:       143
   Max:    143322
   Avg:      2655
   Geo:   1935.01
   Std:   2684.51
   Log2 Dist:
       8:      104    14604   234279   375245
      12:   241154   176056    33582      494
      16:      128        0       94

Set Statistics (10889 events)
   Min:       247
   Max:    142687
   Avg:      2689
   Geo:   1951.73
   Std:   3002.03
   Log2 Dist:
       8:        1      140     2368     3740
      12:     2494     1790      350        3
      16:        1        0        2

Total Statistics (1086629 events)
   Min:       143
   Max:    143322
   Avg:      2655
   Geo:   1935.18
   Std:   2688.22
   Log2 Dist:
       8:      105    14744   236647   378985
      12:   243648   177846    33932      497
      16:      129        0       96

cmd_get: 1075787
cmd_set: 10890
get_misses: 0
written_bytes: 25408520
read_bytes: 177584212
object_bytes: 1568160

Run time: 60.3s Ops: 1086677 TPS: 18016 Net_rate: 3.2M/s
