servers : 10.0.0.4:11211
threads count: 48
concurrency: 48
run time: 60s
windows size: 10k
set proportion: set_prop=0.01
get proportion: get_prop=0.99
[1;1H[2J
Get Statistics
Type     Time(s)  Ops          TPS(ops/s)   Net(M/s)   Get_miss   Min(us)  Max(us)    Avg(us)    Std_dev    Geo_dist  
Period   30       527260       17575        2.4        0          190      141056     2708       3215.36    1782.58
Global   30       527260       17575        2.4        0          190      141056     2708       3215.36    1782.58

Set Statistics
Type     Time(s)  Ops          TPS(ops/s)   Net(M/s)   Get_miss   Min(us)  Max(us)    Avg(us)    Std_dev    Geo_dist  
Period   30       5347         178          0.0        0          264      140841     2784       3788.58    1808.48
Global   30       5347         178          0.0        0          264      140841     2784       3788.58    1808.48

Total Statistics
Type     Time(s)  Ops          TPS(ops/s)   Net(M/s)   Get_miss   Min(us)  Max(us)    Avg(us)    Std_dev    Geo_dist  
Period   30       532607       17753        2.4        0          190      141056     2708       3222.27    1782.84
Global   30       532607       17753        2.4        0          190      141056     2708       3222.27    1782.84

[1;1H[2J
Get Statistics
Type     Time(s)  Ops          TPS(ops/s)   Net(M/s)   Get_miss   Min(us)  Max(us)    Avg(us)    Std_dev    Geo_dist  
Period   30       530959       17698        2.4        0          187      112135     2690       2874.19    1796.79
Global   60       1058219      17636        2.4        0          187      141056     2699       3048.94    1789.70

Set Statistics
Type     Time(s)  Ops          TPS(ops/s)   Net(M/s)   Get_miss   Min(us)  Max(us)    Avg(us)    Std_dev    Geo_dist  
Period   30       5364         178          0.0        0          303      38501      2738       2667.04    1837.59
Global   60       10711        178          0.0        0          264      140841     2761       3275.18    1823.00

Total Statistics
Type     Time(s)  Ops          TPS(ops/s)   Net(M/s)   Get_miss   Min(us)  Max(us)    Avg(us)    Std_dev    Geo_dist  
Period   30       536323       17877        2.4        0          187      112135     2691       2871.70    1797.19
Global   60       1068930      17815        2.5        0          187      141056     2700       3050.96    1790.03

Get Statistics (1058267 events)
   Min:       187
   Max:    141056
   Avg:      2699
   Geo:   1789.81
   Std:   3049.23
   Log2 Dist:
       8:       99    23310   331050   310641
      12:   160980   190969    40403      246
      16:      361      161       47

Set Statistics (10711 events)
   Min:       264
   Max:    140841
   Avg:      2761
   Geo:   1823.00
   Std:   3275.18
   Log2 Dist:
       8:        0      236     3277     3120
      12:     1658     1964      448        2
      16:        3        2        1

Total Statistics (1068978 events)
   Min:       187
   Max:    141056
   Avg:      2700
   Geo:   1790.14
   Std:   3051.24
   Log2 Dist:
       8:       99    23546   334327   313761
      12:   162638   192933    40851      248
      16:      364      163       48

cmd_get: 1058313
cmd_set: 10713
get_misses: 0
written_bytes: 24995634
read_bytes: 174699743
object_bytes: 1542672

Run time: 60.3s Ops: 1069026 TPS: 17732 Net_rate: 3.2M/s
