servers : 10.0.0.4:11211
threads count: 56
concurrency: 56
run time: 60s
windows size: 10k
set proportion: set_prop=0.01
get proportion: get_prop=0.99
[1;1H[2J
Get Statistics
Type     Time(s)  Ops          TPS(ops/s)   Net(M/s)   Get_miss   Min(us)  Max(us)    Avg(us)    Std_dev    Geo_dist  
Period   30       513383       17112        2.4        0          179      52515      3249       2967.23    2160.13
Global   30       513383       17112        2.4        0          179      52515      3249       2967.23    2160.13

Set Statistics
Type     Time(s)  Ops          TPS(ops/s)   Net(M/s)   Get_miss   Min(us)  Max(us)    Avg(us)    Std_dev    Geo_dist  
Period   30       5213         173          0.0        0          328      45170      3324       3015.33    2220.59
Global   30       5213         173          0.0        0          328      45170      3324       3015.33    2220.59

Total Statistics
Type     Time(s)  Ops          TPS(ops/s)   Net(M/s)   Get_miss   Min(us)  Max(us)    Avg(us)    Std_dev    Geo_dist  
Period   30       518596       17286        2.4        0          179      52515      3250       2967.45    2160.73
Global   30       518596       17286        2.4        0          179      52515      3250       2967.45    2160.73

[1;1H[2J
Get Statistics
Type     Time(s)  Ops          TPS(ops/s)   Net(M/s)   Get_miss   Min(us)  Max(us)    Avg(us)    Std_dev    Geo_dist  
Period   30       521315       17377        2.4        0          223      113722     3195       3360.98    2112.60
Global   60       1034698      17244        2.4        0          179      113722     3222       3171.62    2136.03

Set Statistics
Type     Time(s)  Ops          TPS(ops/s)   Net(M/s)   Get_miss   Min(us)  Max(us)    Avg(us)    Std_dev    Geo_dist  
Period   30       5264         175          0.0        0          265      112472     3378       4254.76    2190.74
Global   60       10477        174          0.0        0          265      112472     3351       3690.51    2205.54

Total Statistics
Type     Time(s)  Ops          TPS(ops/s)   Net(M/s)   Get_miss   Min(us)  Max(us)    Avg(us)    Std_dev    Geo_dist  
Period   30       526581       17552        2.4        0          223      113722     3197       3370.98    2113.34
Global   60       1045177      17419        2.4        0          179      113722     3223       3177.58    2136.72

Get Statistics (1034756 events)
   Min:       179
   Max:    113722
   Avg:      3222
   Geo:   2136.17
   Std:   3172.10
   Log2 Dist:
       8:       25    12592   264452   297785
      12:   158094   236273    64337      818
      16:      273      107

Set Statistics (10478 events)
   Min:       265
   Max:    112472
   Avg:      3351
   Geo:   2205.56
   Std:   3690.27
   Log2 Dist:
       8:        0      114     2552     3028
      12:     1589     2464      715        9
      16:        2        5

Total Statistics (1045234 events)
   Min:       179
   Max:    113722
   Avg:      3223
   Geo:   2136.85
   Std:   3178.04
   Log2 Dist:
       8:       25    12706   267004   300813
      12:   159683   238737    65052      827
      16:      275      112

cmd_get: 1034810
cmd_set: 10480
get_misses: 0
written_bytes: 24441112
read_bytes: 170818564
object_bytes: 1509120

Run time: 60.3s Ops: 1045290 TPS: 17333 Net_rate: 3.1M/s
