servers : 10.0.0.4:11211
threads count: 40
concurrency: 40
run time: 60s
windows size: 10k
set proportion: set_prop=0.01
get proportion: get_prop=0.99
[1;1H[2J
Get Statistics
Type     Time(s)  Ops          TPS(ops/s)   Net(M/s)   Get_miss   Min(us)  Max(us)    Avg(us)    Std_dev    Geo_dist  
Period   30       478572       15952        2.2        0          162      64166      2485       2584.85    1652.96
Global   30       478572       15952        2.2        0          162      64166      2485       2584.85    1652.96

Set Statistics
Type     Time(s)  Ops          TPS(ops/s)   Net(M/s)   Get_miss   Min(us)  Max(us)    Avg(us)    Std_dev    Geo_dist  
Period   30       4855         161          0.0        0          227      31810      2533       2560.24    1694.65
Global   30       4855         161          0.0        0          227      31810      2533       2560.24    1694.65

Total Statistics
Type     Time(s)  Ops          TPS(ops/s)   Net(M/s)   Get_miss   Min(us)  Max(us)    Avg(us)    Std_dev    Geo_dist  
Period   30       483427       16114        2.2        0          162      64166      2486       2584.11    1653.37
Global   30       483427       16114        2.2        0          162      64166      2486       2584.11    1653.37

[1;1H[2J
Get Statistics
Type     Time(s)  Ops          TPS(ops/s)   Net(M/s)   Get_miss   Min(us)  Max(us)    Avg(us)    Std_dev    Geo_dist  
Period   30       493387       16446        2.2        0          188      96288      2410       2684.28    1590.12
Global   60       971959       16199        2.3        0          162      96288      2447       2635.99    1620.76

Set Statistics
Type     Time(s)  Ops          TPS(ops/s)   Net(M/s)   Get_miss   Min(us)  Max(us)    Avg(us)    Std_dev    Geo_dist  
Period   30       4984         166          0.0        0          290      49293      2411       2526.26    1600.45
Global   60       9839         163          0.0        0          227      49293      2471       2543.88    1646.26

Total Statistics
Type     Time(s)  Ops          TPS(ops/s)   Net(M/s)   Get_miss   Min(us)  Max(us)    Avg(us)    Std_dev    Geo_dist  
Period   30       498373       16612        2.2        0          188      96288      2410       2682.78    1590.24
Global   60       981800       16363        2.3        0          162      96288      2447       2635.32    1621.02

Get Statistics (972001 events)
   Min:       162
   Max:     96288
   Avg:      2447
   Geo:   1620.84
   Std:   2636.34
   Log2 Dist:
       8:      154    35722   332365   284915
      12:   134618   155881    27566      532
      16:      208       40

Set Statistics (9839 events)
   Min:       227
   Max:     49293
   Avg:      2471
   Geo:   1646.26
   Std:   2543.88
   Log2 Dist:
       8:        1      387     3285     2844
      12:     1423     1592      301        5
      16:        1

Total Statistics (981840 events)
   Min:       162
   Max:     96288
   Avg:      2447
   Geo:   1621.09
   Std:   2635.66
   Log2 Dist:
       8:      155    36109   335650   287759
      12:   136041   157473    27867      537
      16:      209       40

cmd_get: 972041
cmd_set: 9839
get_misses: 0
written_bytes: 22958262
read_bytes: 160458877
object_bytes: 1416816

Run time: 60.2s Ops: 981880 TPS: 16300 Net_rate: 2.9M/s
