servers : 10.0.0.4:11211
threads count: 12
concurrency: 12
run time: 60s
windows size: 10k
set proportion: set_prop=0.01
get proportion: get_prop=0.99
[1;1H[2J
Get Statistics
Type     Time(s)  Ops          TPS(ops/s)   Net(M/s)   Get_miss   Min(us)  Max(us)    Avg(us)    Std_dev    Geo_dist  
Period   30       380678       12689        1.7        0          145      11345      941        696.15     802.49
Global   30       380678       12689        1.7        0          145      11345      941        696.15     802.49

Set Statistics
Type     Time(s)  Ops          TPS(ops/s)   Net(M/s)   Get_miss   Min(us)  Max(us)    Avg(us)    Std_dev    Geo_dist  
Period   30       3853         128          0.0        0          188      9231       932        659.71     803.03
Global   30       3853         128          0.0        0          188      9231       932        659.71     803.03

Total Statistics
Type     Time(s)  Ops          TPS(ops/s)   Net(M/s)   Get_miss   Min(us)  Max(us)    Avg(us)    Std_dev    Geo_dist  
Period   30       384532       12817        1.8        0          145      11345      941        695.67     802.49
Global   30       384532       12817        1.8        0          145      11345      941        695.67     802.49

[1;1H[2J
Get Statistics
Type     Time(s)  Ops          TPS(ops/s)   Net(M/s)   Get_miss   Min(us)  Max(us)    Avg(us)    Std_dev    Geo_dist  
Period   30       387768       12925        1.8        0          135      11054      922        660.66     794.29
Global   60       768446       12807        1.8        0          135      11345      931        679.11     798.35

Set Statistics
Type     Time(s)  Ops          TPS(ops/s)   Net(M/s)   Get_miss   Min(us)  Max(us)    Avg(us)    Std_dev    Geo_dist  
Period   30       3915         130          0.0        0          196      8106       939        703.72     804.78
Global   60       7768         129          0.0        0          188      9231       936        681.56     803.91

Total Statistics
Type     Time(s)  Ops          TPS(ops/s)   Net(M/s)   Get_miss   Min(us)  Max(us)    Avg(us)    Std_dev    Geo_dist  
Period   30       391683       13056        1.8        0          135      11054      922        661.35     794.40
Global   60       776215       12936        1.8        0          135      11345      932        677.83     798.40

Get Statistics (768460 events)
   Min:       135
   Max:     11345
   Avg:       931
   Geo:    798.35
   Std:    679.18
   Log2 Dist:
       8:     3964   133245   417546   179329
      12:    27764     6529       83

Set Statistics (7768 events)
   Min:       188
   Max:      9231
   Avg:       936
   Geo:    803.91
   Std:    681.56
   Log2 Dist:
       8:       36     1309     4201     1891
      12:      261       69        1

Total Statistics (776228 events)
   Min:       135
   Max:     11345
   Avg:       932
   Geo:    798.40
   Std:    677.90
   Log2 Dist:
       8:     4000   134554   421747   181220
      12:    28025     6598       84

cmd_get: 768472
cmd_set: 7768
get_misses: 0
written_bytes: 18149000
read_bytes: 126858044
object_bytes: 1118592

Run time: 60.4s Ops: 776240 TPS: 12844 Net_rate: 2.3M/s
