servers : 10.0.0.4:11211
threads count: 56
concurrency: 56
run time: 60s
windows size: 10k
set proportion: set_prop=0.01
get proportion: get_prop=0.99
[1;1H[2J
Get Statistics
Type     Time(s)  Ops          TPS(ops/s)   Net(M/s)   Get_miss   Min(us)  Max(us)    Avg(us)    Std_dev    Geo_dist  
Period   30       476430       15881        2.2        0          190      100913     3494       3437.61    2289.48
Global   30       476430       15881        2.2        0          190      100913     3494       3437.61    2289.48

Set Statistics
Type     Time(s)  Ops          TPS(ops/s)   Net(M/s)   Get_miss   Min(us)  Max(us)    Avg(us)    Std_dev    Geo_dist  
Period   30       4840         161          0.0        0          311      98629      3590       3610.45    2367.33
Global   30       4840         161          0.0        0          311      98629      3590       3610.45    2367.33

Total Statistics
Type     Time(s)  Ops          TPS(ops/s)   Net(M/s)   Get_miss   Min(us)  Max(us)    Avg(us)    Std_dev    Geo_dist  
Period   30       481272       16042        2.2        0          190      100913     3495       3439.35    2290.24
Global   30       481272       16042        2.2        0          190      100913     3495       3439.35    2290.24

[1;1H[2J
Get Statistics
Type     Time(s)  Ops          TPS(ops/s)   Net(M/s)   Get_miss   Min(us)  Max(us)    Avg(us)    Std_dev    Geo_dist  
Period   30       500400       16680        2.2        0          191      66394      3330       3139.25    2201.00
Global   60       976830       16280        2.3        0          190      100913     3410       3289.16    2243.73

Set Statistics
Type     Time(s)  Ops          TPS(ops/s)   Net(M/s)   Get_miss   Min(us)  Max(us)    Avg(us)    Std_dev    Geo_dist  
Period   30       5056         168          0.0        0          272      66014      3445       3226.02    2276.17
Global   60       9896         164          0.0        0          272      98629      3516       3419.95    2320.31

Total Statistics
Type     Time(s)  Ops          TPS(ops/s)   Net(M/s)   Get_miss   Min(us)  Max(us)    Avg(us)    Std_dev    Geo_dist  
Period   30       505454       16848        2.3        0          191      66394      3331       3140.32    2201.75
Global   60       986726       16445        2.3        0          190      100913     3411       3290.58    2244.49

Get Statistics (976884 events)
   Min:       190
   Max:    100913
   Avg:      3410
   Geo:   2243.89
   Std:   3289.47
   Log2 Dist:
       8:       46    12545   238942   268416
      12:   148139   236108    71175     1071
      16:      277      165

Set Statistics (9898 events)
   Min:       272
   Max:     98629
   Avg:      3517
   Geo:   2320.89
   Std:   3420.12
   Log2 Dist:
       8:        0      109     2296     2695
      12:     1545     2457      777       15
      16:        1        3

Total Statistics (986782 events)
   Min:       190
   Max:    100913
   Avg:      3412
   Geo:   2244.64
   Std:   3289.86
   Log2 Dist:
       8:       46    12654   241238   271111
      12:   149684   238565    71952     1086
      16:      278      168

cmd_get: 976939
cmd_set: 9899
get_misses: 0
written_bytes: 23075128
read_bytes: 161265044
object_bytes: 1425456

Run time: 60.3s Ops: 986838 TPS: 16376 Net_rate: 2.9M/s
