servers : 10.0.0.4:11211
threads count: 24
concurrency: 24
run time: 60s
windows size: 10k
set proportion: set_prop=0.01
get proportion: get_prop=0.99
[1;1H[2J
Get Statistics
Type     Time(s)  Ops          TPS(ops/s)   Net(M/s)   Get_miss   Min(us)  Max(us)    Avg(us)    Std_dev    Geo_dist  
Period   30       462714       15423        2.1        0          145      85770      1542       1729.99    1116.44
Global   30       462714       15423        2.1        0          145      85770      1542       1729.99    1116.44

Set Statistics
Type     Time(s)  Ops          TPS(ops/s)   Net(M/s)   Get_miss   Min(us)  Max(us)    Avg(us)    Std_dev    Geo_dist  
Period   30       4684         156          0.0        0          217      9532       1560       1636.16    1130.08
Global   30       4684         156          0.0        0          217      9532       1560       1636.16    1130.08

Total Statistics
Type     Time(s)  Ops          TPS(ops/s)   Net(M/s)   Get_miss   Min(us)  Max(us)    Avg(us)    Std_dev    Geo_dist  
Period   30       467398       15579        2.1        0          145      85770      1542       1729.23    1116.58
Global   30       467398       15579        2.1        0          145      85770      1542       1729.23    1116.58

[1;1H[2J
Get Statistics
Type     Time(s)  Ops          TPS(ops/s)   Net(M/s)   Get_miss   Min(us)  Max(us)    Avg(us)    Std_dev    Geo_dist  
Period   30       462974       15432        2.1        0          157      50005      1542       1698.54    1127.09
Global   60       925688       15428        2.1        0          145      85770      1542       1714.33    1121.75

Set Statistics
Type     Time(s)  Ops          TPS(ops/s)   Net(M/s)   Get_miss   Min(us)  Max(us)    Avg(us)    Std_dev    Geo_dist  
Period   30       4677         155          0.0        0          195      25814      1527       1614.07    1122.52
Global   60       9361         156          0.0        0          195      25814      1544       1624.70    1126.30

Total Statistics
Type     Time(s)  Ops          TPS(ops/s)   Net(M/s)   Get_miss   Min(us)  Max(us)    Avg(us)    Std_dev    Geo_dist  
Period   30       467651       15588        2.1        0          157      50005      1542       1697.57    1127.04
Global   60       935049       15584        2.1        0          145      85770      1542       1713.47    1121.80

Get Statistics (925711 events)
   Min:       145
   Max:     85770
   Avg:      1542
   Geo:   1121.81
   Std:   1714.75
   Log2 Dist:
       8:     1030    84269   409505   275889
      12:    85783    64846     4131      138
      16:       96       24

Set Statistics (9362 events)
   Min:       195
   Max:     25814
   Avg:      1544
   Geo:   1126.52
   Std:   1626.30
   Log2 Dist:
       8:        9      844     4122     2801
      12:      884      656       45        1

Total Statistics (935073 events)
   Min:       145
   Max:     85770
   Avg:      1542
   Geo:   1121.86
   Std:   1713.90
   Log2 Dist:
       8:     1039    85113   413627   278690
      12:    86667    65502     4176      139
      16:       96       24

cmd_get: 925734
cmd_set: 9363
get_misses: 0
written_bytes: 21863562
read_bytes: 152817211
object_bytes: 1348272

Run time: 60.2s Ops: 935097 TPS: 15520 Net_rate: 2.8M/s
