servers : 10.0.0.4:11211
threads count: 20
concurrency: 20
run time: 60s
windows size: 10k
set proportion: set_prop=0.01
get proportion: get_prop=0.99
[1;1H[2J
Get Statistics
Type     Time(s)  Ops          TPS(ops/s)   Net(M/s)   Get_miss   Min(us)  Max(us)    Avg(us)    Std_dev    Geo_dist  
Period   30       448279       14942        2.1        0          158      32428      1328       1079.38    1099.45
Global   30       448279       14942        2.1        0          158      32428      1328       1079.38    1099.45

Set Statistics
Type     Time(s)  Ops          TPS(ops/s)   Net(M/s)   Get_miss   Min(us)  Max(us)    Avg(us)    Std_dev    Geo_dist  
Period   30       4537         151          0.0        0          201      9364       1318       1001.53    1108.07
Global   30       4537         151          0.0        0          201      9364       1318       1001.53    1108.07

Total Statistics
Type     Time(s)  Ops          TPS(ops/s)   Net(M/s)   Get_miss   Min(us)  Max(us)    Avg(us)    Std_dev    Geo_dist  
Period   30       452816       15093        2.1        0          158      32428      1327       1079.73    1099.54
Global   30       452816       15093        2.1        0          158      32428      1327       1079.73    1099.54

[1;1H[2J
Get Statistics
Type     Time(s)  Ops          TPS(ops/s)   Net(M/s)   Get_miss   Min(us)  Max(us)    Avg(us)    Std_dev    Geo_dist  
Period   30       444047       14801        2.0        0          153      48347      1340       1141.53    1096.66
Global   60       892326       14872        2.0        0          153      48347      1334       1110.72    1098.06

Set Statistics
Type     Time(s)  Ops          TPS(ops/s)   Net(M/s)   Get_miss   Min(us)  Max(us)    Avg(us)    Std_dev    Geo_dist  
Period   30       4488         149          0.0        0          222      9037       1327       1078.15    1093.94
Global   60       9025         150          0.0        0          201      9364       1322       1040.89    1101.02

Total Statistics
Type     Time(s)  Ops          TPS(ops/s)   Net(M/s)   Get_miss   Min(us)  Max(us)    Avg(us)    Std_dev    Geo_dist  
Period   30       448535       14951        2.1        0          153      48347      1340       1140.76    1096.64
Global   60       901351       15022        2.1        0          153      48347      1334       1109.90    1098.09

Get Statistics (892346 events)
   Min:       153
   Max:     48347
   Avg:      1334
   Geo:   1098.11
   Std:   1111.39
   Log2 Dist:
       8:      529    54028   395834   326790
      12:    87014    27442      669       20
      16:       20

Set Statistics (9025 events)
   Min:       201
   Max:      9364
   Avg:      1322
   Geo:   1101.02
   Std:   1040.89
   Log2 Dist:
       8:        5      487     4023     3404
      12:      849      252        5

Total Statistics (901371 events)
   Min:       153
   Max:     48347
   Avg:      1334
   Geo:   1098.14
   Std:   1110.56
   Log2 Dist:
       8:      534    54515   399857   330194
      12:    87863    27694      674       20
      16:       20

cmd_get: 892366
cmd_set: 9025
get_misses: 0
written_bytes: 21075612
read_bytes: 147309290
object_bytes: 1299600

Run time: 60.2s Ops: 901391 TPS: 14963 Net_rate: 2.7M/s
