servers : 10.0.0.4:11211
threads count: 28
concurrency: 28
run time: 60s
windows size: 10k
set proportion: set_prop=0.01
get proportion: get_prop=0.99
[1;1H[2J
Get Statistics
Type     Time(s)  Ops          TPS(ops/s)   Net(M/s)   Get_miss   Min(us)  Max(us)    Avg(us)    Std_dev    Geo_dist  
Period   30       478929       15964        2.2        0          157      111394     1739       1831.89    1336.90
Global   30       478929       15964        2.2        0          157      111394     1739       1831.89    1336.90

Set Statistics
Type     Time(s)  Ops          TPS(ops/s)   Net(M/s)   Get_miss   Min(us)  Max(us)    Avg(us)    Std_dev    Geo_dist  
Period   30       4855         161          0.0        0          248      10392      1763       1568.98    1352.84
Global   30       4855         161          0.0        0          248      10392      1763       1568.98    1352.84

Total Statistics
Type     Time(s)  Ops          TPS(ops/s)   Net(M/s)   Get_miss   Min(us)  Max(us)    Avg(us)    Std_dev    Geo_dist  
Period   30       483784       16126        2.2        0          157      111394     1739       1829.67    1337.06
Global   30       483784       16126        2.2        0          157      111394     1739       1829.67    1337.06

[1;1H[2J
Get Statistics
Type     Time(s)  Ops          TPS(ops/s)   Net(M/s)   Get_miss   Min(us)  Max(us)    Avg(us)    Std_dev    Geo_dist  
Period   30       467564       15585        2.2        0          173      43662      1781       1630.33    1363.11
Global   60       946493       15774        2.1        0          157      111394     1760       1735.12    1349.79

Set Statistics
Type     Time(s)  Ops          TPS(ops/s)   Net(M/s)   Get_miss   Min(us)  Max(us)    Avg(us)    Std_dev    Geo_dist  
Period   30       4722         157          0.0        0          241      10814      1769       1570.18    1360.90
Global   60       9577         159          0.0        0          241      10814      1766       1569.44    1356.81

Total Statistics
Type     Time(s)  Ops          TPS(ops/s)   Net(M/s)   Get_miss   Min(us)  Max(us)    Avg(us)    Std_dev    Geo_dist  
Period   30       472286       15742        2.2        0          173      43662      1781       1629.61    1363.09
Global   60       956070       15934        2.2        0          157      111394     1760       1733.60    1349.86

Get Statistics (946521 events)
   Min:       157
   Max:    111394
   Avg:      1760
   Geo:   1349.85
   Std:   1735.34
   Log2 Dist:
       8:      317    35705   336804   349104
      12:   149321    69553     5577       28
      16:       84       28

Set Statistics (9577 events)
   Min:       241
   Max:     10814
   Avg:      1766
   Geo:   1356.81
   Std:   1569.44
   Log2 Dist:
       8:        3      358     3448     3418
      12:     1570      729       51

Total Statistics (956098 events)
   Min:       157
   Max:    111394
   Avg:      1760
   Geo:   1349.92
   Std:   1733.82
   Log2 Dist:
       8:      320    36063   340252   352522
      12:   150891    70282     5628       28
      16:       84       28

cmd_get: 946549
cmd_set: 9577
get_misses: 0
written_bytes: 22355782
read_bytes: 156252581
object_bytes: 1379088

Run time: 60.2s Ops: 956126 TPS: 15870 Net_rate: 2.8M/s
