servers : 10.0.0.4:11211
threads count: 1
concurrency: 1
run time: 60s
windows size: 10k
set proportion: set_prop=0.01
get proportion: get_prop=0.99
[1;1H[2J
Get Statistics
Type     Time(s)  Ops          TPS(ops/s)   Net(M/s)   Get_miss   Min(us)  Max(us)    Avg(us)    Std_dev    Geo_dist  
Period   30       50992        1699         0.2        0          151      9161       581        437.96     500.63
Global   30       50992        1699         0.2        0          151      9161       581        437.96     500.63

Set Statistics
Type     Time(s)  Ops          TPS(ops/s)   Net(M/s)   Get_miss   Min(us)  Max(us)    Avg(us)    Std_dev    Geo_dist  
Period   30       516          17           0.0        0          201      4912       623        439.53     541.30
Global   30       516          17           0.0        0          201      4912       623        439.53     541.30

Total Statistics
Type     Time(s)  Ops          TPS(ops/s)   Net(M/s)   Get_miss   Min(us)  Max(us)    Avg(us)    Std_dev    Geo_dist  
Period   30       51508        1716         0.2        0          151      9161       581        438.55     501.02
Global   30       51508        1716         0.2        0          151      9161       581        438.55     501.02

[1;1H[2J
Get Statistics
Type     Time(s)  Ops          TPS(ops/s)   Net(M/s)   Get_miss   Min(us)  Max(us)    Avg(us)    Std_dev    Geo_dist  
Period   30       49003        1633         0.2        0          145      10158      605        452.19     515.05
Global   60       99995        1666         0.2        0          145      10158      592        446.16     507.65

Set Statistics
Type     Time(s)  Ops          TPS(ops/s)   Net(M/s)   Get_miss   Min(us)  Max(us)    Avg(us)    Std_dev    Geo_dist  
Period   30       495          16           0.0        0          172      4194       623        401.74     542.89
Global   60       1011         16           0.0        0          172      4912       623        421.24     542.07

Total Statistics
Type     Time(s)  Ops          TPS(ops/s)   Net(M/s)   Get_miss   Min(us)  Max(us)    Avg(us)    Std_dev    Geo_dist  
Period   30       49499        1649         0.2        0          145      10158      605        451.95     515.32
Global   60       101007       1683         0.2        0          145      10158      593        445.01     507.98

Get Statistics (99997 events)
   Min:       145
   Max:     10158
   Avg:       592
   Geo:    507.65
   Std:    446.15
   Log2 Dist:
       8:     7325    48031    35657     7757
      12:      936      286        5

Set Statistics (1011 events)
   Min:       172
   Max:      4912
   Avg:       623
   Geo:    542.07
   Std:    421.24
   Log2 Dist:
       8:       50      452      411       85
      12:       11        2

Total Statistics (101008 events)
   Min:       145
   Max:     10158
   Avg:       593
   Geo:    507.98
   Std:    445.00
   Log2 Dist:
       8:     7375    48483    36068     7842
      12:      947      288        5

cmd_get: 99998
cmd_set: 1011
get_misses: 0
written_bytes: 2361694
read_bytes: 16507593
object_bytes: 145584

Run time: 60.2s Ops: 101009 TPS: 1677 Net_rate: 0.3M/s
