servers : 10.0.0.4:11211
threads count: 56
concurrency: 56
run time: 60s
windows size: 10k
set proportion: set_prop=0.01
get proportion: get_prop=0.99
[1;1H[2J
Get Statistics
Type     Time(s)  Ops          TPS(ops/s)   Net(M/s)   Get_miss   Min(us)  Max(us)    Avg(us)    Std_dev    Geo_dist  
Period   30       595158       19838        2.7        0          190      69035      2797       2570.02    2057.29
Global   30       595158       19838        2.7        0          190      69035      2797       2570.02    2057.29

Set Statistics
Type     Time(s)  Ops          TPS(ops/s)   Net(M/s)   Get_miss   Min(us)  Max(us)    Avg(us)    Std_dev    Geo_dist  
Period   30       6043         201          0.0        0          265      68759      2811       2743.16    2064.85
Global   30       6043         201          0.0        0          265      68759      2811       2743.16    2064.85

Total Statistics
Type     Time(s)  Ops          TPS(ops/s)   Net(M/s)   Get_miss   Min(us)  Max(us)    Avg(us)    Std_dev    Geo_dist  
Period   30       601201       20040        2.8        0          190      69035      2797       2571.97    2057.36
Global   30       601201       20040        2.8        0          190      69035      2797       2571.97    2057.36

[1;1H[2J
Get Statistics
Type     Time(s)  Ops          TPS(ops/s)   Net(M/s)   Get_miss   Min(us)  Max(us)    Avg(us)    Std_dev    Geo_dist  
Period   30       565256       18841        2.7        0          189      61959      2947       2552.38    2149.91
Global   60       1160414      19340        2.6        0          189      69035      2870       2562.62    2101.89

Set Statistics
Type     Time(s)  Ops          TPS(ops/s)   Net(M/s)   Get_miss   Min(us)  Max(us)    Avg(us)    Std_dev    Geo_dist  
Period   30       5706         190          0.0        0          249      61896      2973       2711.93    2164.25
Global   60       11749        195          0.0        0          249      68759      2890       2728.78    2112.54

Total Statistics
Type     Time(s)  Ops          TPS(ops/s)   Net(M/s)   Get_miss   Min(us)  Max(us)    Avg(us)    Std_dev    Geo_dist  
Period   30       570964       19032        2.7        0          189      61959      2947       2554.32    2150.05
Global   60       1172165      19536        2.6        0          189      69035      2870       2564.56    2102.00

Get Statistics (1160472 events)
   Min:       189
   Max:     69035
   Avg:      2870
   Geo:   2101.94
   Std:   2562.67
   Log2 Dist:
       8:       68    11071   208475   411904
      12:   269383   211729    47174      390
      16:      169      109

Set Statistics (11750 events)
   Min:       249
   Max:     68759
   Avg:      2890
   Geo:   2112.65
   Std:   2728.76
   Log2 Dist:
       8:        1       83     2126     4180
      12:     2705     2186      463        1
      16:        2        3

Total Statistics (1172222 events)
   Min:       189
   Max:     69035
   Avg:      2870
   Geo:   2102.05
   Std:   2564.61
   Log2 Dist:
       8:       69    11154   210601   416084
      12:   272088   213915    47637      391
      16:      171      112

cmd_get: 1160528
cmd_set: 11750
get_misses: 0
written_bytes: 27410384
read_bytes: 191571880
object_bytes: 1692000

Run time: 60.2s Ops: 1172278 TPS: 19458 Net_rate: 3.5M/s
