servers : 10.0.0.4:11211
threads count: 4
concurrency: 4
run time: 60s
windows size: 10k
set proportion: set_prop=0.01
get proportion: get_prop=0.99
[1;1H[2J
Get Statistics
Type     Time(s)  Ops          TPS(ops/s)   Net(M/s)   Get_miss   Min(us)  Max(us)    Avg(us)    Std_dev    Geo_dist  
Period   30       149452       4981         0.7        0          164      8645       797        478.89     700.23
Global   30       149452       4981         0.7        0          164      8645       797        478.89     700.23

Set Statistics
Type     Time(s)  Ops          TPS(ops/s)   Net(M/s)   Get_miss   Min(us)  Max(us)    Avg(us)    Std_dev    Geo_dist  
Period   30       1512         50           0.0        0          189      4304       806        448.73     713.13
Global   30       1512         50           0.0        0          189      4304       806        448.73     713.13

Total Statistics
Type     Time(s)  Ops          TPS(ops/s)   Net(M/s)   Get_miss   Min(us)  Max(us)    Avg(us)    Std_dev    Geo_dist  
Period   30       150964       5032         0.7        0          164      8645       797        478.75     700.36
Global   30       150964       5032         0.7        0          164      8645       797        478.75     700.36

[1;1H[2J
Get Statistics
Type     Time(s)  Ops          TPS(ops/s)   Net(M/s)   Get_miss   Min(us)  Max(us)    Avg(us)    Std_dev    Geo_dist  
Period   30       149007       4966         0.7        0          141      8823       798        463.17     704.04
Global   60       298459       4974         0.7        0          141      8823       797        471.95     702.13

Set Statistics
Type     Time(s)  Ops          TPS(ops/s)   Net(M/s)   Get_miss   Min(us)  Max(us)    Avg(us)    Std_dev    Geo_dist  
Period   30       1505         50           0.0        0          173      4856       804        477.68     706.63
Global   60       3017         50           0.0        0          173      4856       805        463.33     709.88

Total Statistics
Type     Time(s)  Ops          TPS(ops/s)   Net(M/s)   Get_miss   Min(us)  Max(us)    Avg(us)    Std_dev    Geo_dist  
Period   30       150512       5017         0.7        0          141      8823       798        463.42     704.06
Global   60       301476       5024         0.7        0          141      8823       797        472.00     702.20

Get Statistics (298463 events)
   Min:       141
   Max:      8823
   Avg:       797
   Geo:    702.14
   Std:    471.99
   Log2 Dist:
       8:     2184    80022   152790    56859
      12:     6239      355       14

Set Statistics (3017 events)
   Min:       173
   Max:      4856
   Avg:       805
   Geo:    709.88
   Std:    463.33
   Log2 Dist:
       8:       18      777     1577      563
      12:       79        3

Total Statistics (301480 events)
   Min:       141
   Max:      8823
   Avg:       797
   Geo:    702.21
   Std:    472.04
   Log2 Dist:
       8:     2202    80799   154367    57422
      12:     6318      358       14

cmd_get: 298467
cmd_set: 3017
get_misses: 0
written_bytes: 7048906
read_bytes: 49270531
object_bytes: 434448

Run time: 60.3s Ops: 301484 TPS: 5000 Net_rate: 0.9M/s
