servers : 10.0.0.4:11211
threads count: 64
concurrency: 64
run time: 60s
windows size: 10k
set proportion: set_prop=0.01
get proportion: get_prop=0.99
[1;1H[2J
Get Statistics
Type     Time(s)  Ops          TPS(ops/s)   Net(M/s)   Get_miss   Min(us)  Max(us)    Avg(us)    Std_dev    Geo_dist  
Period   30       534942       17831        2.4        0          184      142396     3562       4362.85    2361.14
Global   30       534942       17831        2.4        0          184      142396     3562       4362.85    2361.11

Set Statistics
Type     Time(s)  Ops          TPS(ops/s)   Net(M/s)   Get_miss   Min(us)  Max(us)    Avg(us)    Std_dev    Geo_dist  
Period   30       5437         181          0.0        0          297      139902     3594       4392.51    2384.32
Global   30       5437         181          0.0        0          297      139902     3594       4392.51    2384.32

Total Statistics
Type     Time(s)  Ops          TPS(ops/s)   Net(M/s)   Get_miss   Min(us)  Max(us)    Avg(us)    Std_dev    Geo_dist  
Period   30       540382       18012        2.5        0          184      142396     3562       4363.39    2361.34
Global   30       540382       18012        2.5        0          184      142396     3562       4363.39    2361.34

[1;1H[2J
Get Statistics
Type     Time(s)  Ops          TPS(ops/s)   Net(M/s)   Get_miss   Min(us)  Max(us)    Avg(us)    Std_dev    Geo_dist  
Period   30       520990       17366        2.4        0          211      58064      3657       3242.65    2431.98
Global   60       1055932      17598        2.4        0          184      142396     3609       3851.26    2395.87

Set Statistics
Type     Time(s)  Ops          TPS(ops/s)   Net(M/s)   Get_miss   Min(us)  Max(us)    Avg(us)    Std_dev    Geo_dist  
Period   30       5263         175          0.0        0          340      29219      3835       3301.58    2551.91
Global   60       10700        178          0.0        0          297      139902     3713       3895.54    2465.33

Total Statistics
Type     Time(s)  Ops          TPS(ops/s)   Net(M/s)   Get_miss   Min(us)  Max(us)    Avg(us)    Std_dev    Geo_dist  
Period   30       526251       17541        2.4        0          211      58064      3659       3243.07    2433.23
Global   60       1066633      17777        2.4        0          184      142396     3610       3851.77    2396.55

Get Statistics (1055998 events)
   Min:       184
   Max:    142396
   Avg:      3609
   Geo:   2396.04
   Std:   3851.56
   Log2 Dist:
       8:       39     9623   224185   303490
      12:   163999   264552    88068     1493
      16:      169      190      190

Set Statistics (10700 events)
   Min:       297
   Max:    139902
   Avg:      3713
   Geo:   2465.33
   Std:   3895.54
   Log2 Dist:
       8:        0       65     2258     3009
      12:     1665     2672     1007       19
      16:        1        2        2

Total Statistics (1066698 events)
   Min:       184
   Max:    142396
   Avg:      3610
   Geo:   2396.72
   Std:   3852.06
   Log2 Dist:
       8:       39     9688   226443   306499
      12:   165664   267224    89075     1512
      16:      170      192      192

cmd_get: 1056061
cmd_set: 10701
get_misses: 0
written_bytes: 24943956
read_bytes: 174325270
object_bytes: 1540944

Run time: 60.3s Ops: 1066762 TPS: 17681 Net_rate: 3.1M/s
