servers : 10.0.0.4:11211
threads count: 16
concurrency: 16
run time: 60s
windows size: 10k
set proportion: set_prop=0.01
get proportion: get_prop=0.99
[1;1H[2J
Get Statistics
Type     Time(s)  Ops          TPS(ops/s)   Net(M/s)   Get_miss   Min(us)  Max(us)    Avg(us)    Std_dev    Geo_dist  
Period   30       388053       12935        1.8        0          130      26665      1226       1363.10    916.13
Global   30       388053       12935        1.8        0          130      26665      1226       1363.10    916.13

Set Statistics
Type     Time(s)  Ops          TPS(ops/s)   Net(M/s)   Get_miss   Min(us)  Max(us)    Avg(us)    Std_dev    Geo_dist  
Period   30       3927         130          0.0        0          189      8668       1227       1329.11    927.81
Global   30       3927         130          0.0        0          189      8668       1227       1329.11    927.81

Total Statistics
Type     Time(s)  Ops          TPS(ops/s)   Net(M/s)   Get_miss   Min(us)  Max(us)    Avg(us)    Std_dev    Geo_dist  
Period   30       391980       13066        1.8        0          130      26665      1226       1362.77    916.25
Global   30       391980       13066        1.8        0          130      26665      1226       1362.77    916.25

[1;1H[2J
Get Statistics
Type     Time(s)  Ops          TPS(ops/s)   Net(M/s)   Get_miss   Min(us)  Max(us)    Avg(us)    Std_dev    Geo_dist  
Period   30       377255       12575        1.8        0          149      26904      1260       1465.37    915.88
Global   60       765308       12755        1.7        0          130      26904      1243       1414.33    916.01

Set Statistics
Type     Time(s)  Ops          TPS(ops/s)   Net(M/s)   Get_miss   Min(us)  Max(us)    Avg(us)    Std_dev    Geo_dist  
Period   30       3811         127          0.0        0          178      11524      1296       1498.31    936.97
Global   60       7738         128          0.0        0          178      11524      1261       1415.28    932.31

Total Statistics
Type     Time(s)  Ops          TPS(ops/s)   Net(M/s)   Get_miss   Min(us)  Max(us)    Avg(us)    Std_dev    Geo_dist  
Period   30       381068       12702        1.8        0          149      26904      1261       1465.15    916.09
Global   60       773048       12884        1.7        0          130      26904      1243       1414.49    916.17

Get Statistics (765325 events)
   Min:       130
   Max:     26904
   Avg:      1243
   Geo:    916.01
   Std:   1414.31
   Log2 Dist:
       8:     2901   120596   380791   183086
      12:    38244    38198     1466       43

Set Statistics (7739 events)
   Min:       178
   Max:     11524
   Avg:      1261
   Geo:    932.29
   Std:   1415.14
   Log2 Dist:
       8:       20     1158     3805     1960
      12:      387      396       13

Total Statistics (773064 events)
   Min:       130
   Max:     26904
   Avg:      1243
   Geo:    916.17
   Std:   1414.47
   Log2 Dist:
       8:     2921   121754   384596   185046
      12:    38631    38594     1479       43

cmd_get: 765341
cmd_set: 7739
get_misses: 0
written_bytes: 18075390
read_bytes: 126340537
object_bytes: 1114416

Run time: 60.2s Ops: 773080 TPS: 12834 Net_rate: 2.3M/s
