servers : 10.0.0.4:11211
threads count: 12
concurrency: 12
run time: 60s
windows size: 10k
set proportion: set_prop=0.01
get proportion: get_prop=0.99
[1;1H[2J
Get Statistics
Type     Time(s)  Ops          TPS(ops/s)   Net(M/s)   Get_miss   Min(us)  Max(us)    Avg(us)    Std_dev    Geo_dist  
Period   30       352383       11746        1.6        0          142      12572      1013       651.39     883.47
Global   30       352383       11746        1.6        0          142      12572      1013       651.39     883.47

Set Statistics
Type     Time(s)  Ops          TPS(ops/s)   Net(M/s)   Get_miss   Min(us)  Max(us)    Avg(us)    Std_dev    Geo_dist  
Period   30       3565         118          0.0        0          158      6836       1000       633.05     876.15
Global   30       3565         118          0.0        0          158      6836       1000       633.05     876.15

Total Statistics
Type     Time(s)  Ops          TPS(ops/s)   Net(M/s)   Get_miss   Min(us)  Max(us)    Avg(us)    Std_dev    Geo_dist  
Period   30       355948       11864        1.6        0          142      12572      1013       651.01     883.39
Global   30       355948       11864        1.6        0          142      12572      1013       651.01     883.39

[1;1H[2J
Get Statistics
Type     Time(s)  Ops          TPS(ops/s)   Net(M/s)   Get_miss   Min(us)  Max(us)    Avg(us)    Std_dev    Geo_dist  
Period   30       357006       11900        1.6        0          161      10836      1000       620.54     877.51
Global   60       709389       11823        1.6        0          142      12572      1006       636.81     880.46

Set Statistics
Type     Time(s)  Ops          TPS(ops/s)   Net(M/s)   Get_miss   Min(us)  Max(us)    Avg(us)    Std_dev    Geo_dist  
Period   30       3606         120          0.0        0          201      6402       995        626.22     873.01
Global   60       7171         119          0.0        0          158      6836       998        628.77     874.57

Total Statistics
Type     Time(s)  Ops          TPS(ops/s)   Net(M/s)   Get_miss   Min(us)  Max(us)    Avg(us)    Std_dev    Geo_dist  
Period   30       360612       12020        1.6        0          161      10836      1000       620.52     877.45
Global   60       716560       11942        1.7        0          142      12572      1006       636.60     880.41

Get Statistics (709401 events)
   Min:       142
   Max:     12572
   Avg:      1006
   Geo:    880.48
   Std:    636.85
   Log2 Dist:
       8:     1410    85155   377067   208995
      12:    32205     4512       57

Set Statistics (7171 events)
   Min:       158
   Max:      6836
   Avg:       998
   Geo:    874.57
   Std:    628.77
   Log2 Dist:
       8:       13      876     3832     2095
      12:      306       49

Total Statistics (716572 events)
   Min:       142
   Max:     12572
   Avg:      1006
   Geo:    880.42
   Std:    636.65
   Log2 Dist:
       8:     1423    86031   380899   211090
      12:    32511     4561       57

cmd_get: 709413
cmd_set: 7171
get_misses: 0
written_bytes: 16754182
read_bytes: 117108533
object_bytes: 1032624

Run time: 60.2s Ops: 716584 TPS: 11896 Net_rate: 2.1M/s
