servers : 10.0.0.4:11211
threads count: 48
concurrency: 48
run time: 60s
windows size: 10k
set proportion: set_prop=0.01
get proportion: get_prop=0.99
[1;1H[2J
Get Statistics
Type     Time(s)  Ops          TPS(ops/s)   Net(M/s)   Get_miss   Min(us)  Max(us)    Avg(us)    Std_dev    Geo_dist  
Period   30       502118       16737        2.3        0          204      22202      2840       2717.93    1873.76
Global   30       502118       16737        2.3        0          204      22202      2840       2717.93    1873.76

Set Statistics
Type     Time(s)  Ops          TPS(ops/s)   Net(M/s)   Get_miss   Min(us)  Max(us)    Avg(us)    Std_dev    Geo_dist  
Period   30       5095         169          0.0        0          318      17969      2954       2806.80    1936.00
Global   30       5095         169          0.0        0          318      17969      2954       2806.80    1936.00

Total Statistics
Type     Time(s)  Ops          TPS(ops/s)   Net(M/s)   Get_miss   Min(us)  Max(us)    Avg(us)    Std_dev    Geo_dist  
Period   30       507213       16907        2.3        0          204      22202      2841       2719.01    1874.38
Global   30       507213       16907        2.3        0          204      22202      2841       2719.01    1874.38

[1;1H[2J
Get Statistics
Type     Time(s)  Ops          TPS(ops/s)   Net(M/s)   Get_miss   Min(us)  Max(us)    Avg(us)    Std_dev    Geo_dist  
Period   30       487774       16259        2.3        0          189      146398     2926       3363.35    1890.79
Global   60       989892       16498        2.2        0          189      146398     2883       3052.78    1882.13

Set Statistics
Type     Time(s)  Ops          TPS(ops/s)   Net(M/s)   Get_miss   Min(us)  Max(us)    Avg(us)    Std_dev    Geo_dist  
Period   30       4930         164          0.0        0          274      32063      2970       2837.17    1945.82
Global   60       10025        167          0.0        0          274      32063      2962       2821.51    1940.82

Total Statistics
Type     Time(s)  Ops          TPS(ops/s)   Net(M/s)   Get_miss   Min(us)  Max(us)    Avg(us)    Std_dev    Geo_dist  
Period   30       492705       16423        2.3        0          189      146398     2926       3358.87    1891.33
Global   60       999918       16665        2.3        0          189      146398     2883       3051.30    1882.71

Get Statistics (989941 events)
   Min:       189
   Max:    146398
   Avg:      2883
   Geo:   1882.17
   Std:   3053.09
   Log2 Dist:
       8:       83    21994   300173   282542
      12:   135540   204864    43942      419
      16:      288       48       48

Set Statistics (10025 events)
   Min:       274
   Max:     32063
   Avg:      2962
   Geo:   1940.82
   Std:   2821.51
   Log2 Dist:
       8:        0      176     2969     2877
      12:     1342     2162      493        6

Total Statistics (999966 events)
   Min:       189
   Max:    146398
   Avg:      2883
   Geo:   1882.75
   Std:   3051.61
   Log2 Dist:
       8:       83    22170   303142   285419
      12:   136882   207026    44435      425
      16:      288       48       48

cmd_get: 989988
cmd_set: 10026
get_misses: 0
written_bytes: 23382702
read_bytes: 163420465
object_bytes: 1443744

Run time: 60.2s Ops: 1000014 TPS: 16600 Net_rate: 3.0M/s
