servers : 10.0.0.4:11211
threads count: 8
concurrency: 8
run time: 60s
windows size: 10k
set proportion: set_prop=0.01
get proportion: get_prop=0.99
[1;1H[2J
Get Statistics
Type     Time(s)  Ops          TPS(ops/s)   Net(M/s)   Get_miss   Min(us)  Max(us)    Avg(us)    Std_dev    Geo_dist  
Period   30       284730       9491         1.3        0          141      8837       839        561.79     724.01
Global   30       284730       9491         1.3        0          141      8837       839        561.79     724.01

Set Statistics
Type     Time(s)  Ops          TPS(ops/s)   Net(M/s)   Get_miss   Min(us)  Max(us)    Avg(us)    Std_dev    Geo_dist  
Period   30       2881         96           0.0        0          161      7071       833        563.45     722.11
Global   30       2881         96           0.0        0          161      7071       833        563.45     722.11

Total Statistics
Type     Time(s)  Ops          TPS(ops/s)   Net(M/s)   Get_miss   Min(us)  Max(us)    Avg(us)    Std_dev    Geo_dist  
Period   30       287611       9587         1.3        0          141      8837       839        561.71     723.99
Global   30       287611       9587         1.3        0          141      8837       839        561.71     723.99

[1;1H[2J
Get Statistics
Type     Time(s)  Ops          TPS(ops/s)   Net(M/s)   Get_miss   Min(us)  Max(us)    Avg(us)    Std_dev    Geo_dist  
Period   30       287762       9592         1.3        0          133      9103       830        546.59     720.77
Global   60       572492       9541         1.3        0          133      9103       834        554.93     722.38

Set Statistics
Type     Time(s)  Ops          TPS(ops/s)   Net(M/s)   Get_miss   Min(us)  Max(us)    Avg(us)    Std_dev    Geo_dist  
Period   30       2906         96           0.0        0          190      7980       830        547.40     721.76
Global   60       5787         96           0.0        0          161      7980       831        556.14     721.93

Total Statistics
Type     Time(s)  Ops          TPS(ops/s)   Net(M/s)   Get_miss   Min(us)  Max(us)    Avg(us)    Std_dev    Geo_dist  
Period   30       290668       9688         1.3        0          133      9103       830        546.59     720.78
Global   60       578279       9637         1.3        0          133      9103       834        554.90     722.37

Get Statistics (572500 events)
   Min:       133
   Max:      9103
   Avg:       834
   Geo:    722.38
   Std:    554.93
   Log2 Dist:
       8:     6004   139746   295353   113552
      12:    15485     2308       52

Set Statistics (5787 events)
   Min:       161
   Max:      7980
   Avg:       831
   Geo:    721.93
   Std:    556.14
   Log2 Dist:
       8:       55     1401     3010     1159
      12:      140       22

Total Statistics (578287 events)
   Min:       133
   Max:      9103
   Avg:       834
   Geo:    722.37
   Std:    554.89
   Log2 Dist:
       8:     6059   141147   298363   114711
      12:    15625     2330       52

cmd_get: 572508
cmd_set: 5787
get_misses: 0
written_bytes: 13520920
read_bytes: 94508796
object_bytes: 833328

Run time: 60.5s Ops: 578295 TPS: 9562 Net_rate: 1.7M/s
