servers : 10.0.0.4:11211
threads count: 2
concurrency: 2
run time: 60s
windows size: 10k
set proportion: set_prop=0.01
get proportion: get_prop=0.99
[1;1H[2J
Get Statistics
Type     Time(s)  Ops          TPS(ops/s)   Net(M/s)   Get_miss   Min(us)  Max(us)    Avg(us)    Std_dev    Geo_dist  
Period   30       86255        2875         0.4        0          135      8644       689        492.83     589.10
Global   30       86255        2875         0.4        0          135      8644       689        492.83     589.10

Set Statistics
Type     Time(s)  Ops          TPS(ops/s)   Net(M/s)   Get_miss   Min(us)  Max(us)    Avg(us)    Std_dev    Geo_dist  
Period   30       872          29           0.0        0          172      4219       676        417.53     591.64
Global   30       872          29           0.0        0          172      4219       676        417.53     591.64

Total Statistics
Type     Time(s)  Ops          TPS(ops/s)   Net(M/s)   Get_miss   Min(us)  Max(us)    Avg(us)    Std_dev    Geo_dist  
Period   30       87127        2904         0.4        0          135      8644       689        491.95     589.12
Global   30       87127        2904         0.4        0          135      8644       689        491.95     589.12

[1;1H[2J
Get Statistics
Type     Time(s)  Ops          TPS(ops/s)   Net(M/s)   Get_miss   Min(us)  Max(us)    Avg(us)    Std_dev    Geo_dist  
Period   30       86652        2888         0.4        0          150      9144       686        495.07     585.45
Global   60       172907       2881         0.4        0          135      9144       687        494.64     587.27

Set Statistics
Type     Time(s)  Ops          TPS(ops/s)   Net(M/s)   Get_miss   Min(us)  Max(us)    Avg(us)    Std_dev    Geo_dist  
Period   30       876          29           0.0        0          165      4178       685        488.96     583.66
Global   60       1748         29           0.0        0          165      4219       681        453.89     587.62

Total Statistics
Type     Time(s)  Ops          TPS(ops/s)   Net(M/s)   Get_miss   Min(us)  Max(us)    Avg(us)    Std_dev    Geo_dist  
Period   30       87528        2917         0.4        0          150      9144       686        494.99     585.43
Global   60       174655       2910         0.4        0          135      9144       687        494.17     587.27

Get Statistics (172909 events)
   Min:       135
   Max:      9144
   Avg:       687
   Geo:    587.27
   Std:    494.64
   Log2 Dist:
       8:     5865    71215    70567    22178
      12:     2545      526       13

Set Statistics (1748 events)
   Min:       165
   Max:      4219
   Avg:       681
   Geo:    587.62
   Std:    453.89
   Log2 Dist:
       8:       53      719      731      214
      12:       29        2

Total Statistics (174657 events)
   Min:       135
   Max:      9144
   Avg:       687
   Geo:    587.27
   Std:    494.16
   Log2 Dist:
       8:     5918    71934    71298    22392
      12:     2574      528       13

cmd_get: 172911
cmd_set: 1748
get_misses: 0
written_bytes: 4083678
read_bytes: 28543969
object_bytes: 251712

Run time: 60.3s Ops: 174659 TPS: 2899 Net_rate: 0.5M/s
