servers : 10.0.0.4:11211
threads count: 60
concurrency: 60
run time: 60s
windows size: 10k
set proportion: set_prop=0.01
get proportion: get_prop=0.99
[1;1H[2J
Get Statistics
Type     Time(s)  Ops          TPS(ops/s)   Net(M/s)   Get_miss   Min(us)  Max(us)    Avg(us)    Std_dev    Geo_dist  
Period   30       594781       19826        2.7        0          187      102122     3001       2776.46    2209.58
Global   30       594781       19826        2.7        0          187      102122     3001       2776.46    2209.58

Set Statistics
Type     Time(s)  Ops          TPS(ops/s)   Net(M/s)   Get_miss   Min(us)  Max(us)    Avg(us)    Std_dev    Geo_dist  
Period   30       6040         201          0.0        0          328      101376     2959       2745.60    2194.31
Global   30       6040         201          0.0        0          328      101376     2959       2745.60    2194.31

Total Statistics
Type     Time(s)  Ops          TPS(ops/s)   Net(M/s)   Get_miss   Min(us)  Max(us)    Avg(us)    Std_dev    Geo_dist  
Period   30       600821       20027        2.8        0          187      102122     3001       2775.70    2209.43
Global   30       600821       20027        2.8        0          187      102122     3001       2775.70    2209.43

[1;1H[2J
Get Statistics
Type     Time(s)  Ops          TPS(ops/s)   Net(M/s)   Get_miss   Min(us)  Max(us)    Avg(us)    Std_dev    Geo_dist  
Period   30       538651       17955        2.6        0          174      130826     3312       3583.12    2369.71
Global   60       1133432      18890        2.5        0          174      130826     3149       3188.97    2284.28

Set Statistics
Type     Time(s)  Ops          TPS(ops/s)   Net(M/s)   Get_miss   Min(us)  Max(us)    Avg(us)    Std_dev    Geo_dist  
Period   30       5441         181          0.0        0          273      100849     3310       3033.18    2389.07
Global   60       11481        191          0.0        0          273      101376     3125       2891.03    2284.54

Total Statistics
Type     Time(s)  Ops          TPS(ops/s)   Net(M/s)   Get_miss   Min(us)  Max(us)    Avg(us)    Std_dev    Geo_dist  
Period   30       544092       18136        2.6        0          174      130826     3312       3578.02    2369.90
Global   60       1144913      19081        2.5        0          174      130826     3149       3185.89    2284.29

Get Statistics (1133491 events)
   Min:       174
   Max:    130826
   Avg:      3149
   Geo:   2284.35
   Std:   3189.12
   Log2 Dist:
       8:       38     8618   180817   376997
      12:   272233   233190    60216      831
      16:      253      298

Set Statistics (11482 events)
   Min:       273
   Max:    101376
   Avg:      3125
   Geo:   2284.60
   Std:   2890.89
   Log2 Dist:
       8:        0       87     1825     3828
      12:     2769     2389      577        4
      16:        1        2

Total Statistics (1144973 events)
   Min:       174
   Max:    130826
   Avg:      3149
   Geo:   2284.35
   Std:   3186.03
   Log2 Dist:
       8:       38     8705   182642   380825
      12:   275002   235579    60793      835
      16:      254      300

cmd_get: 1133548
cmd_set: 11485
get_misses: 0
written_bytes: 26773922
read_bytes: 187117871
object_bytes: 1653840

Run time: 60.3s Ops: 1145033 TPS: 18996 Net_rate: 3.4M/s
