servers : 10.0.0.4:11211
threads count: 40
concurrency: 40
run time: 60s
windows size: 10k
set proportion: set_prop=0.01
get proportion: get_prop=0.99
[1;1H[2J
Get Statistics
Type     Time(s)  Ops          TPS(ops/s)   Net(M/s)   Get_miss   Min(us)  Max(us)    Avg(us)    Std_dev    Geo_dist  
Period   30       524366       17478        2.4        0          170      65919      2266       2141.32    1679.04
Global   30       524366       17478        2.4        0          170      65919      2266       2141.32    1679.04

Set Statistics
Type     Time(s)  Ops          TPS(ops/s)   Net(M/s)   Get_miss   Min(us)  Max(us)    Avg(us)    Std_dev    Geo_dist  
Period   30       5315         177          0.0        0          283      65856      2299       2366.93    1692.26
Global   30       5315         177          0.0        0          283      65856      2299       2366.93    1692.26

Total Statistics
Type     Time(s)  Ops          TPS(ops/s)   Net(M/s)   Get_miss   Min(us)  Max(us)    Avg(us)    Std_dev    Geo_dist  
Period   30       529681       17656        2.4        0          170      65919      2267       2143.00    1679.18
Global   30       529681       17656        2.4        0          170      65919      2267       2143.00    1679.18

[1;1H[2J
Get Statistics
Type     Time(s)  Ops          TPS(ops/s)   Net(M/s)   Get_miss   Min(us)  Max(us)    Avg(us)    Std_dev    Geo_dist  
Period   30       515970       17199        2.4        0          157      87411      2308       2419.54    1704.51
Global   60       1040336      17338        2.4        0          157      87411      2287       2283.48    1691.63

Set Statistics
Type     Time(s)  Ops          TPS(ops/s)   Net(M/s)   Get_miss   Min(us)  Max(us)    Avg(us)    Std_dev    Geo_dist  
Period   30       5212         173          0.0        0          266      24792      2263       2030.37    1687.52
Global   60       10527        175          0.0        0          266      65856      2281       2206.87    1689.91

Total Statistics
Type     Time(s)  Ops          TPS(ops/s)   Net(M/s)   Get_miss   Min(us)  Max(us)    Avg(us)    Std_dev    Geo_dist  
Period   30       521185       17372        2.4        0          157      87411      2307       2416.48    1704.33
Global   60       1050866      17514        2.4        0          157      87411      2287       2282.66    1691.61

Get Statistics (1040378 events)
   Min:       157
   Max:     87411
   Avg:      2287
   Geo:   1691.63
   Std:   2283.44
   Log2 Dist:
       8:      198    20893   275633   378082
      12:   214792   131827    18228      449
      16:      138      138

Set Statistics (10528 events)
   Min:       266
   Max:     65856
   Avg:      2281
   Geo:   1690.08
   Std:   2207.17
   Log2 Dist:
       8:        0      224     2766     3825
      12:     2202     1300      205        4
      16:        1        1

Total Statistics (1050906 events)
   Min:       157
   Max:     87411
   Avg:      2287
   Geo:   1691.62
   Std:   2282.63
   Log2 Dist:
       8:      198    21117   278399   381907
      12:   216994   133127    18433      453
      16:      139      139

cmd_get: 1040418
cmd_set: 10528
get_misses: 0
written_bytes: 24572796
read_bytes: 171746594
object_bytes: 1516032

Run time: 60.3s Ops: 1050946 TPS: 17439 Net_rate: 3.1M/s
