servers : 10.0.0.4:11211
threads count: 8
concurrency: 8
run time: 60s
windows size: 10k
set proportion: set_prop=0.01
get proportion: get_prop=0.99
[1;1H[2J
Get Statistics
Type     Time(s)  Ops          TPS(ops/s)   Net(M/s)   Get_miss   Min(us)  Max(us)    Avg(us)    Std_dev    Geo_dist  
Period   30       279930       9331         1.3        0          145      9420       853        547.70     742.01
Global   30       279930       9331         1.3        0          145      9420       853        547.70     742.01

Set Statistics
Type     Time(s)  Ops          TPS(ops/s)   Net(M/s)   Get_miss   Min(us)  Max(us)    Avg(us)    Std_dev    Geo_dist  
Period   30       2832         94           0.0        0          178      6701       877        576.41     759.67
Global   30       2832         94           0.0        0          178      6701       877        576.41     759.67

Total Statistics
Type     Time(s)  Ops          TPS(ops/s)   Net(M/s)   Get_miss   Min(us)  Max(us)    Avg(us)    Std_dev    Geo_dist  
Period   30       282762       9425         1.3        0          145      9420       853        548.37     742.18
Global   30       282762       9425         1.3        0          145      9420       853        548.37     742.18

[1;1H[2J
Get Statistics
Type     Time(s)  Ops          TPS(ops/s)   Net(M/s)   Get_miss   Min(us)  Max(us)    Avg(us)    Std_dev    Geo_dist  
Period   30       287938       9597         1.3        0          129      10037      827        541.57     718.04
Global   60       567868       9464         1.3        0          129      10037      840        544.47     729.76

Set Statistics
Type     Time(s)  Ops          TPS(ops/s)   Net(M/s)   Get_miss   Min(us)  Max(us)    Avg(us)    Std_dev    Geo_dist  
Period   30       2910         97           0.0        0          151      6466       836        520.28     730.13
Global   60       5742         95           0.0        0          151      6701       856        549.36     744.55

Total Statistics
Type     Time(s)  Ops          TPS(ops/s)   Net(M/s)   Get_miss   Min(us)  Max(us)    Avg(us)    Std_dev    Geo_dist  
Period   30       290848       9694         1.3        0          129      10037      827        541.49     718.16
Global   60       573610       9560         1.3        0          129      10037      840        544.77     729.90

Get Statistics (567876 events)
   Min:       129
   Max:     10037
   Avg:       840
   Geo:    729.76
   Std:    544.46
   Log2 Dist:
       8:     5273   133986   295319   115530
      12:    15778     1946       44

Set Statistics (5742 events)
   Min:       151
   Max:      6701
   Avg:       856
   Geo:    744.55
   Std:    549.36
   Log2 Dist:
       8:       60     1267     2982     1245
      12:      166       22

Total Statistics (573618 events)
   Min:       129
   Max:     10037
   Avg:       840
   Geo:    729.90
   Std:    544.76
   Log2 Dist:
       8:     5333   135253   298301   116775
      12:    15944     1968       44

cmd_get: 567884
cmd_set: 5742
get_misses: 0
written_bytes: 13411992
read_bytes: 93745476
object_bytes: 826848

Run time: 60.4s Ops: 573626 TPS: 9494 Net_rate: 1.7M/s
