servers : 10.0.0.4:11211
threads count: 1
concurrency: 1
run time: 60s
windows size: 10k
set proportion: set_prop=0.01
get proportion: get_prop=0.99
[1;1H[2J
Get Statistics
Type     Time(s)  Ops          TPS(ops/s)   Net(M/s)   Get_miss   Min(us)  Max(us)    Avg(us)    Std_dev    Geo_dist  
Period   30       46827        1560         0.2        0          148      9925       633        466.61     534.55
Global   30       46827        1560         0.2        0          148      9925       633        466.61     534.55

Set Statistics
Type     Time(s)  Ops          TPS(ops/s)   Net(M/s)   Get_miss   Min(us)  Max(us)    Avg(us)    Std_dev    Geo_dist  
Period   30       473          15           0.0        0          193      3182       633        394.52     550.59
Global   30       473          15           0.0        0          193      3182       633        394.52     550.59

Total Statistics
Type     Time(s)  Ops          TPS(ops/s)   Net(M/s)   Get_miss   Min(us)  Max(us)    Avg(us)    Std_dev    Geo_dist  
Period   30       47300        1576         0.2        0          148      9925       633        465.94     534.71
Global   30       47300        1576         0.2        0          148      9925       633        465.94     534.71

[1;1H[2J
Get Statistics
Type     Time(s)  Ops          TPS(ops/s)   Net(M/s)   Get_miss   Min(us)  Max(us)    Avg(us)    Std_dev    Geo_dist  
Period   30       46940        1564         0.2        0          142      7832       631        467.73     532.19
Global   60       93767        1562         0.2        0          142      9925       632        467.17     533.37

Set Statistics
Type     Time(s)  Ops          TPS(ops/s)   Net(M/s)   Get_miss   Min(us)  Max(us)    Avg(us)    Std_dev    Geo_dist  
Period   30       475          15           0.0        0          183      4924       640        508.82     532.03
Global   60       948          15           0.0        0          183      4924       637        454.47     541.21

Total Statistics
Type     Time(s)  Ops          TPS(ops/s)   Net(M/s)   Get_miss   Min(us)  Max(us)    Avg(us)    Std_dev    Geo_dist  
Period   30       47415        1580         0.2        0          142      7832       632        466.93     532.19
Global   60       94715        1578         0.2        0          142      9925       632        467.11     533.44

Get Statistics (93768 events)
   Min:       142
   Max:      9925
   Avg:       632
   Geo:    533.37
   Std:    467.18
   Log2 Dist:
       8:     7267    41013    33789    10294
      12:     1209      194        2

Set Statistics (948 events)
   Min:       183
   Max:      4924
   Avg:       637
   Geo:    541.21
   Std:    454.47
   Log2 Dist:
       8:       61      429      346       98
      12:       12        2

Total Statistics (94716 events)
   Min:       142
   Max:      9925
   Avg:       632
   Geo:    533.45
   Std:    467.12
   Log2 Dist:
       8:     7328    41442    34135    10392
      12:     1221      196        2

cmd_get: 93769
cmd_set: 948
get_misses: 0
written_bytes: 2214576
read_bytes: 15479304
object_bytes: 136512

Run time: 60.2s Ops: 94717 TPS: 1572 Net_rate: 0.3M/s
