servers : 10.0.0.4:11211
threads count: 12
concurrency: 12
run time: 60s
windows size: 10k
set proportion: set_prop=0.01
get proportion: get_prop=0.99
[1;1H[2J
Get Statistics
Type     Time(s)  Ops          TPS(ops/s)   Net(M/s)   Get_miss   Min(us)  Max(us)    Avg(us)    Std_dev    Geo_dist  
Period   30       358141       11938        1.6        0          131      12824      996        980.38     803.03
Global   30       358141       11938        1.6        0          131      12824      996        980.38     803.03

Set Statistics
Type     Time(s)  Ops          TPS(ops/s)   Net(M/s)   Get_miss   Min(us)  Max(us)    Avg(us)    Std_dev    Geo_dist  
Period   30       3624         120          0.0        0          194      8003       1002       1004.62    805.75
Global   30       3624         120          0.0        0          194      8003       1002       1004.62    805.75

Total Statistics
Type     Time(s)  Ops          TPS(ops/s)   Net(M/s)   Get_miss   Min(us)  Max(us)    Avg(us)    Std_dev    Geo_dist  
Period   30       361766       12058        1.7        0          131      12824      996        980.75     803.06
Global   30       361766       12058        1.7        0          131      12824      996        980.75     803.06

[1;1H[2J
Get Statistics
Type     Time(s)  Ops          TPS(ops/s)   Net(M/s)   Get_miss   Min(us)  Max(us)    Avg(us)    Std_dev    Geo_dist  
Period   30       377666       12588        1.7        0          146      11319      945        781.35     795.69
Global   60       735807       12263        1.7        0          131      12824      970        884.05     799.26

Set Statistics
Type     Time(s)  Ops          TPS(ops/s)   Net(M/s)   Get_miss   Min(us)  Max(us)    Avg(us)    Std_dev    Geo_dist  
Period   30       3814         127          0.0        0          229      8328       947        739.92     807.01
Global   60       7438         123          0.0        0          194      8328       974        879.05     806.40

Total Statistics
Type     Time(s)  Ops          TPS(ops/s)   Net(M/s)   Get_miss   Min(us)  Max(us)    Avg(us)    Std_dev    Geo_dist  
Period   30       381479       12715        1.7        0          146      11319      945        780.97     795.82
Global   60       743245       12387        1.7        0          131      12824      970        884.04     799.34

Get Statistics (735819 events)
   Min:       131
   Max:     12824
   Avg:       970
   Geo:    799.27
   Std:    884.05
   Log2 Dist:
       8:     4083   137391   391402   165652
      12:    24826    12179      286

Set Statistics (7438 events)
   Min:       194
   Max:      8328
   Avg:       974
   Geo:    806.40
   Std:    879.05
   Log2 Dist:
       8:       33     1349     3955     1750
      12:      229      121        1

Total Statistics (743257 events)
   Min:       131
   Max:     12824
   Avg:       970
   Geo:    799.34
   Std:    884.04
   Log2 Dist:
       8:     4116   138740   395357   167402
      12:    25055    12300      287

cmd_get: 735831
cmd_set: 7438
get_misses: 0
written_bytes: 17378098
read_bytes: 121469639
object_bytes: 1071072

Run time: 60.3s Ops: 743269 TPS: 12336 Net_rate: 2.2M/s
