servers : 10.0.0.4:11211
threads count: 28
concurrency: 28
run time: 60s
windows size: 10k
set proportion: set_prop=0.01
get proportion: get_prop=0.99
[1;1H[2J
Get Statistics
Type     Time(s)  Ops          TPS(ops/s)   Net(M/s)   Get_miss   Min(us)  Max(us)    Avg(us)    Std_dev    Geo_dist  
Period   30       464473       15482        2.1        0          155      28397      1799       1922.12    1256.62
Global   30       464473       15482        2.1        0          155      28397      1799       1922.12    1256.62

Set Statistics
Type     Time(s)  Ops          TPS(ops/s)   Net(M/s)   Get_miss   Min(us)  Max(us)    Avg(us)    Std_dev    Geo_dist  
Period   30       4704         156          0.0        0          224      28103      1869       2071.11    1284.18
Global   30       4704         156          0.0        0          224      28103      1869       2071.11    1284.18

Total Statistics
Type     Time(s)  Ops          TPS(ops/s)   Net(M/s)   Get_miss   Min(us)  Max(us)    Avg(us)    Std_dev    Geo_dist  
Period   30       469179       15639        2.1        0          155      28397      1799       1924.38    1256.90
Global   30       469179       15639        2.1        0          155      28397      1799       1924.38    1256.90

[1;1H[2J
Get Statistics
Type     Time(s)  Ops          TPS(ops/s)   Net(M/s)   Get_miss   Min(us)  Max(us)    Avg(us)    Std_dev    Geo_dist  
Period   30       478951       15965        2.2        0          175      111528     1746       2246.55    1221.32
Global   60       943424       15723        2.2        0          155      111528     1772       2093.38    1238.59

Set Statistics
Type     Time(s)  Ops          TPS(ops/s)   Net(M/s)   Get_miss   Min(us)  Max(us)    Avg(us)    Std_dev    Geo_dist  
Period   30       4841         161          0.0        0          249      49629      1766       2108.94    1229.20
Global   60       9545         159          0.0        0          224      49629      1817       2090.70    1255.99

Total Statistics
Type     Time(s)  Ops          TPS(ops/s)   Net(M/s)   Get_miss   Min(us)  Max(us)    Avg(us)    Std_dev    Geo_dist  
Period   30       483790       16126        2.2        0          175      111528     1747       2244.58    1221.42
Global   60       952969       15882        2.2        0          155      111528     1773       2092.89    1238.76

Get Statistics (943452 events)
   Min:       155
   Max:    111528
   Avg:      1772
   Geo:   1238.60
   Std:   2093.34
   Log2 Dist:
       8:      733    72633   389575   277672
      12:   107053    87137     8333      152
      16:      108       56

Set Statistics (9545 events)
   Min:       224
   Max:     49629
   Avg:      1817
   Geo:   1255.99
   Std:   2090.70
   Log2 Dist:
       8:        2      705     3949     2809
      12:     1036      933      105        2
      16:        4

Total Statistics (952997 events)
   Min:       155
   Max:    111528
   Avg:      1773
   Geo:   1238.77
   Std:   2092.86
   Log2 Dist:
       8:      735    73338   393524   280481
      12:   108089    88070     8438      154
      16:      112       56

cmd_get: 943479
cmd_set: 9546
get_misses: 0
written_bytes: 22283144
read_bytes: 155745940
object_bytes: 1374624

Run time: 60.5s Ops: 953025 TPS: 15755 Net_rate: 2.8M/s
