servers : 10.0.0.4:11211
threads count: 8
concurrency: 8
run time: 60s
windows size: 10k
set proportion: set_prop=0.01
get proportion: get_prop=0.99
[1;1H[2J
Get Statistics
Type     Time(s)  Ops          TPS(ops/s)   Net(M/s)   Get_miss   Min(us)  Max(us)    Avg(us)    Std_dev    Geo_dist  
Period   30       263924       8797         1.2        0          145      9149       903        517.41     798.96
Global   30       263924       8797         1.2        0          145      9149       903        517.41     798.96

Set Statistics
Type     Time(s)  Ops          TPS(ops/s)   Net(M/s)   Get_miss   Min(us)  Max(us)    Avg(us)    Std_dev    Geo_dist  
Period   30       2671         89           0.0        0          208      6887       909        522.95     807.55
Global   30       2671         89           0.0        0          208      6887       909        522.95     807.55

Total Statistics
Type     Time(s)  Ops          TPS(ops/s)   Net(M/s)   Get_miss   Min(us)  Max(us)    Avg(us)    Std_dev    Geo_dist  
Period   30       266595       8886         1.2        0          145      9149       903        517.57     799.05
Global   30       266595       8886         1.2        0          145      9149       903        517.57     799.05

[1;1H[2J
Get Statistics
Type     Time(s)  Ops          TPS(ops/s)   Net(M/s)   Get_miss   Min(us)  Max(us)    Avg(us)    Std_dev    Geo_dist  
Period   30       267517       8917         1.2        0          142      9533       893        510.26     790.09
Global   60       531441       8857         1.2        0          142      9533       898        513.79     794.48

Set Statistics
Type     Time(s)  Ops          TPS(ops/s)   Net(M/s)   Get_miss   Min(us)  Max(us)    Avg(us)    Std_dev    Geo_dist  
Period   30       2701         90           0.0        0          183      6077       909        534.28     802.02
Global   60       5372         89           0.0        0          183      6887       909        528.63     804.77

Total Statistics
Type     Time(s)  Ops          TPS(ops/s)   Net(M/s)   Get_miss   Min(us)  Max(us)    Avg(us)    Std_dev    Geo_dist  
Period   30       270218       9007         1.2        0          142      9533       893        510.79     790.21
Global   60       536813       8946         1.2        0          142      9533       898        514.13     794.59

Get Statistics (531449 events)
   Min:       142
   Max:      9533
   Avg:       898
   Geo:    794.48
   Std:    513.78
   Log2 Dist:
       8:     1971    92415   288807   130327
      12:    16836     1065       28

Set Statistics (5372 events)
   Min:       183
   Max:      6887
   Avg:       909
   Geo:    804.77
   Std:    528.63
   Log2 Dist:
       8:       13      861     2998     1317
      12:      165       18

Total Statistics (536821 events)
   Min:       142
   Max:      9533
   Avg:       898
   Geo:    794.58
   Std:    514.12
   Log2 Dist:
       8:     1984    93276   291805   131644
      12:    17001     1083       28

cmd_get: 531456
cmd_set: 5373
get_misses: 0
written_bytes: 12551398
read_bytes: 87732061
object_bytes: 773712

Run time: 60.4s Ops: 536829 TPS: 8886 Net_rate: 1.6M/s
