servers : 10.0.0.4:11211
threads count: 24
concurrency: 24
run time: 60s
windows size: 10k
set proportion: set_prop=0.01
get proportion: get_prop=0.99
[1;1H[2J
Get Statistics
Type     Time(s)  Ops          TPS(ops/s)   Net(M/s)   Get_miss   Min(us)  Max(us)    Avg(us)    Std_dev    Geo_dist  
Period   30       464333       15477        2.1        0          152      83538      1536       1945.86    1119.94
Global   30       464333       15477        2.1        0          152      83538      1536       1945.86    1119.94

Set Statistics
Type     Time(s)  Ops          TPS(ops/s)   Net(M/s)   Get_miss   Min(us)  Max(us)    Avg(us)    Std_dev    Geo_dist  
Period   30       4702         156          0.0        0          229      80733      1536       2000.39    1114.76
Global   30       4702         156          0.0        0          229      80733      1536       2000.39    1114.76

Total Statistics
Type     Time(s)  Ops          TPS(ops/s)   Net(M/s)   Get_miss   Min(us)  Max(us)    Avg(us)    Std_dev    Geo_dist  
Period   30       469035       15634        2.1        0          152      83538      1536       1946.41    1119.88
Global   30       469035       15634        2.1        0          152      83538      1536       1946.41    1119.88

[1;1H[2J
Get Statistics
Type     Time(s)  Ops          TPS(ops/s)   Net(M/s)   Get_miss   Min(us)  Max(us)    Avg(us)    Std_dev    Geo_dist  
Period   30       477980       15932        2.2        0          148      45312      1493       1577.04    1107.69
Global   60       942313       15705        2.2        0          148      83538      1514       1768.71    1113.71

Set Statistics
Type     Time(s)  Ops          TPS(ops/s)   Net(M/s)   Get_miss   Min(us)  Max(us)    Avg(us)    Std_dev    Geo_dist  
Period   30       4827         160          0.0        0          182      10612      1507       1527.76    1118.56
Global   60       9529         158          0.0        0          182      80733      1522       1776.13    1116.68

Total Statistics
Type     Time(s)  Ops          TPS(ops/s)   Net(M/s)   Get_miss   Min(us)  Max(us)    Avg(us)    Std_dev    Geo_dist  
Period   30       482807       16093        2.2        0          148      45312      1493       1576.68    1107.80
Global   60       951842       15864        2.2        0          148      83538      1514       1768.85    1113.74

Get Statistics (942337 events)
   Min:       148
   Max:     83538
   Avg:      1515
   Geo:   1113.76
   Std:   1768.23
   Log2 Dist:
       8:     1046    83076   420256   285735
      12:    86879    61669     3343      143
      16:      119       71

Set Statistics (9529 events)
   Min:       182
   Max:     80733
   Avg:      1522
   Geo:   1116.68
   Std:   1776.13
   Log2 Dist:
       8:       10      842     4256     2839
      12:      904      640       36        1
      16:        0        1

Total Statistics (951866 events)
   Min:       148
   Max:     83538
   Avg:      1515
   Geo:   1113.79
   Std:   1768.37
   Log2 Dist:
       8:     1056    83918   424512   288574
      12:    87783    62309     3379      144
      16:      119       72

cmd_get: 942361
cmd_set: 9529
get_misses: 0
written_bytes: 22256054
read_bytes: 155561837
object_bytes: 1372176

Run time: 60.2s Ops: 951890 TPS: 15802 Net_rate: 2.8M/s
