servers : 10.0.0.4:11211
threads count: 4
concurrency: 4
run time: 60s
windows size: 10k
set proportion: set_prop=0.01
get proportion: get_prop=0.99
[1;1H[2J
Get Statistics
Type     Time(s)  Ops          TPS(ops/s)   Net(M/s)   Get_miss   Min(us)  Max(us)    Avg(us)    Std_dev    Geo_dist  
Period   30       160127       5337         0.7        0          148      10342      745        505.14     644.19
Global   30       160127       5337         0.7        0          148      10342      745        505.14     644.19

Set Statistics
Type     Time(s)  Ops          TPS(ops/s)   Net(M/s)   Get_miss   Min(us)  Max(us)    Avg(us)    Std_dev    Geo_dist  
Period   30       1619         53           0.0        0          180      7070       755        507.47     653.18
Global   30       1619         53           0.0        0          180      7070       755        507.47     653.18

Total Statistics
Type     Time(s)  Ops          TPS(ops/s)   Net(M/s)   Get_miss   Min(us)  Max(us)    Avg(us)    Std_dev    Geo_dist  
Period   30       161746       5391         0.7        0          148      10342      745        505.31     644.28
Global   30       161746       5391         0.7        0          148      10342      745        505.31     644.28

[1;1H[2J
Get Statistics
Type     Time(s)  Ops          TPS(ops/s)   Net(M/s)   Get_miss   Min(us)  Max(us)    Avg(us)    Std_dev    Geo_dist  
Period   30       161647       5388         0.7        0          146      10126      738        485.00     640.49
Global   60       321774       5362         0.7        0          146      10342      741        495.86     642.33

Set Statistics
Type     Time(s)  Ops          TPS(ops/s)   Net(M/s)   Get_miss   Min(us)  Max(us)    Avg(us)    Std_dev    Geo_dist  
Period   30       1634         54           0.0        0          167      4190       752        453.45     656.91
Global   60       3253         54           0.0        0          167      7070       754        480.23     655.05

Total Statistics
Type     Time(s)  Ops          TPS(ops/s)   Net(M/s)   Get_miss   Min(us)  Max(us)    Avg(us)    Std_dev    Geo_dist  
Period   30       163281       5442         0.7        0          146      10126      738        484.91     640.65
Global   60       325027       5417         0.7        0          146      10342      741        495.90     642.45

Get Statistics (321778 events)
   Min:       146
   Max:     10342
   Avg:       741
   Geo:    642.33
   Std:    495.86
   Log2 Dist:
       8:     5811   113426   145660    50242
      12:     5823      801       15

Set Statistics (3253 events)
   Min:       167
   Max:      7070
   Avg:       754
   Geo:    655.05
   Std:    480.23
   Log2 Dist:
       8:       58     1099     1480      549
      12:       61        6

Total Statistics (325031 events)
   Min:       146
   Max:     10342
   Avg:       741
   Geo:    642.46
   Std:    495.91
   Log2 Dist:
       8:     5869   114525   147140    50791
      12:     5884      807       15

cmd_get: 321782
cmd_set: 3253
get_misses: 0
written_bytes: 7599596
read_bytes: 53119394
object_bytes: 468432

Run time: 60.5s Ops: 325035 TPS: 5374 Net_rate: 1.0M/s
