servers : 10.0.0.4:11211
threads count: 4
concurrency: 4
run time: 60s
windows size: 10k
set proportion: set_prop=0.01
get proportion: get_prop=0.99
[1;1H[2J
Get Statistics
Type     Time(s)  Ops          TPS(ops/s)   Net(M/s)   Get_miss   Min(us)  Max(us)    Avg(us)    Std_dev    Geo_dist  
Period   30       156443       5214         0.7        0          142      8376       760        521.02     655.21
Global   30       156443       5214         0.7        0          142      8376       760        521.02     655.21

Set Statistics
Type     Time(s)  Ops          TPS(ops/s)   Net(M/s)   Get_miss   Min(us)  Max(us)    Avg(us)    Std_dev    Geo_dist  
Period   30       1582         52           0.0        0          206      5155       744        478.95     647.00
Global   30       1582         52           0.0        0          206      5155       744        478.95     647.00

Total Statistics
Type     Time(s)  Ops          TPS(ops/s)   Net(M/s)   Get_miss   Min(us)  Max(us)    Avg(us)    Std_dev    Geo_dist  
Period   30       158025       5267         0.7        0          142      8376       760        520.38     655.13
Global   30       158025       5267         0.7        0          142      8376       760        520.38     655.13

[1;1H[2J
Get Statistics
Type     Time(s)  Ops          TPS(ops/s)   Net(M/s)   Get_miss   Min(us)  Max(us)    Avg(us)    Std_dev    Geo_dist  
Period   30       157476       5249         0.7        0          144      12207      755        510.60     652.46
Global   60       313919       5231         0.7        0          142      12207      757        516.54     653.83

Set Statistics
Type     Time(s)  Ops          TPS(ops/s)   Net(M/s)   Get_miss   Min(us)  Max(us)    Avg(us)    Std_dev    Geo_dist  
Period   30       1591         53           0.0        0          220      6961       761        520.91     658.54
Global   60       3173         52           0.0        0          206      6961       752        501.21     652.76

Total Statistics
Type     Time(s)  Ops          TPS(ops/s)   Net(M/s)   Get_miss   Min(us)  Max(us)    Avg(us)    Std_dev    Geo_dist  
Period   30       159067       5302         0.7        0          144      12207      755        510.79     652.52
Global   60       317092       5284         0.7        0          142      12207      757        516.32     653.82

Get Statistics (313923 events)
   Min:       142
   Max:     12207
   Avg:       757
   Geo:    653.83
   Std:    516.54
   Log2 Dist:
       8:     4414   108147   144151    49340
      12:     6932      919       20

Set Statistics (3173 events)
   Min:       206
   Max:      6961
   Avg:       752
   Geo:    652.76
   Std:    501.21
   Log2 Dist:
       8:       43     1081     1489      494
      12:       59        7

Total Statistics (317096 events)
   Min:       142
   Max:     12207
   Avg:       757
   Geo:    653.82
   Std:    516.32
   Log2 Dist:
       8:     4457   109228   145640    49834
      12:     6991      926       20

cmd_get: 313927
cmd_set: 3173
get_misses: 0
written_bytes: 7413986
read_bytes: 51822679
object_bytes: 456912

Run time: 60.2s Ops: 317100 TPS: 5264 Net_rate: 0.9M/s
