servers : 10.0.0.4:11211
threads count: 60
concurrency: 60
run time: 60s
windows size: 10k
set proportion: set_prop=0.01
get proportion: get_prop=0.99
[1;1H[2J
Get Statistics
Type     Time(s)  Ops          TPS(ops/s)   Net(M/s)   Get_miss   Min(us)  Max(us)    Avg(us)    Std_dev    Geo_dist  
Period   30       576135       19204        2.6        0          173      99434      3096       2896.79    2250.45
Global   30       576135       19204        2.6        0          173      99434      3096       2896.79    2250.45

Set Statistics
Type     Time(s)  Ops          TPS(ops/s)   Net(M/s)   Get_miss   Min(us)  Max(us)    Avg(us)    Std_dev    Geo_dist  
Period   30       5849         194          0.0        0          292      98915      3111       2876.09    2274.26
Global   30       5849         194          0.0        0          292      98915      3111       2876.09    2274.26

Total Statistics
Type     Time(s)  Ops          TPS(ops/s)   Net(M/s)   Get_miss   Min(us)  Max(us)    Avg(us)    Std_dev    Geo_dist  
Period   30       581984       19399        2.7        0          173      99434      3096       2896.74    2250.68
Global   30       581984       19399        2.7        0          173      99434      3096       2896.74    2250.68

[1;1H[2J
Get Statistics
Type     Time(s)  Ops          TPS(ops/s)   Net(M/s)   Get_miss   Min(us)  Max(us)    Avg(us)    Std_dev    Geo_dist  
Period   30       561353       18711        2.6        0          208      97861      3176       3140.66    2293.63
Global   60       1137488      18958        2.6        0          173      99434      3136       3019.33    2271.66

Set Statistics
Type     Time(s)  Ops          TPS(ops/s)   Net(M/s)   Get_miss   Min(us)  Max(us)    Avg(us)    Std_dev    Geo_dist  
Period   30       5671         189          0.0        0          345      64063      3186       2845.41    2312.33
Global   60       11520        192          0.0        0          292      98915      3148       2861.06    2292.92

Total Statistics
Type     Time(s)  Ops          TPS(ops/s)   Net(M/s)   Get_miss   Min(us)  Max(us)    Avg(us)    Std_dev    Geo_dist  
Period   30       567024       18900        2.6        0          208      97861      3176       3137.94    2293.82
Global   60       1149008      19150        2.6        0          173      99434      3136       3017.91    2271.87

Get Statistics (1137548 events)
   Min:       173
   Max:     99434
   Avg:      3136
   Geo:   2271.81
   Std:   3019.97
   Log2 Dist:
       8:       69     8908   184739   378421
      12:   272845   229628    61169     1045
      16:      544      180

Set Statistics (11520 events)
   Min:       292
   Max:     98915
   Avg:      3148
   Geo:   2292.92
   Std:   2861.06
   Log2 Dist:
       8:        0       85     1827     3830
      12:     2800     2317      640       16
      16:        4        1

Total Statistics (1149068 events)
   Min:       173
   Max:     99434
   Avg:      3136
   Geo:   2272.02
   Std:   3018.54
   Log2 Dist:
       8:       69     8993   186566   382251
      12:   275645   231945    61809     1061
      16:      548      181

cmd_get: 1137608
cmd_set: 11520
get_misses: 0
written_bytes: 26869256
read_bytes: 187787580
object_bytes: 1658880

Run time: 60.2s Ops: 1149128 TPS: 19077 Net_rate: 3.4M/s
