servers : 10.0.0.4:11211
threads count: 52
concurrency: 52
run time: 60s
windows size: 10k
set proportion: set_prop=0.01
get proportion: get_prop=0.99
[1;1H[2J
Get Statistics
Type     Time(s)  Ops          TPS(ops/s)   Net(M/s)   Get_miss   Min(us)  Max(us)    Avg(us)    Std_dev    Geo_dist  
Period   30       519127       17304        2.4        0          205      66607      2984       2960.22    1964.46
Global   30       519127       17304        2.4        0          205      66607      2984       2960.22    1964.46

Set Statistics
Type     Time(s)  Ops          TPS(ops/s)   Net(M/s)   Get_miss   Min(us)  Max(us)    Avg(us)    Std_dev    Geo_dist  
Period   30       5269         175          0.0        0          305      28557      2995       2844.56    1986.34
Global   30       5269         175          0.0        0          305      28557      2995       2844.56    1986.34

Total Statistics
Type     Time(s)  Ops          TPS(ops/s)   Net(M/s)   Get_miss   Min(us)  Max(us)    Avg(us)    Std_dev    Geo_dist  
Period   30       524396       17479        2.4        0          205      66607      2984       2959.19    1964.68
Global   30       524396       17479        2.4        0          205      66607      2984       2959.19    1964.68

[1;1H[2J
Get Statistics
Type     Time(s)  Ops          TPS(ops/s)   Net(M/s)   Get_miss   Min(us)  Max(us)    Avg(us)    Std_dev    Geo_dist  
Period   30       505924       16864        2.3        0          186      47028      3066       2854.71    2056.91
Global   60       1025051      17084        2.3        0          186      66607      3025       2908.36    2009.56

Set Statistics
Type     Time(s)  Ops          TPS(ops/s)   Net(M/s)   Get_miss   Min(us)  Max(us)    Avg(us)    Std_dev    Geo_dist  
Period   30       5109         170          0.0        0          329      46862      3124       2923.21    2092.66
Global   60       10378        172          0.0        0          305      46862      3059       2883.61    2037.99

Total Statistics
Type     Time(s)  Ops          TPS(ops/s)   Net(M/s)   Get_miss   Min(us)  Max(us)    Avg(us)    Std_dev    Geo_dist  
Period   30       511035       17034        2.4        0          186      47028      3067       2854.94    2057.25
Global   60       1035431      17257        2.3        0          186      66607      3025       2908.46    2009.83

Get Statistics (1025104 events)
   Min:       186
   Max:     66607
   Avg:      3025
   Geo:   2009.55
   Std:   2908.43
   Log2 Dist:
       8:       45    15101   285347   291912
      12:   158514   218772    54414      659
      16:      304       36

Set Statistics (10379 events)
   Min:       305
   Max:     46862
   Avg:      3059
   Geo:   2037.87
   Std:   2883.33
   Log2 Dist:
       8:        0      146     2813     2978
      12:     1631     2236      568        4
      16:        3

Total Statistics (1035483 events)
   Min:       186
   Max:     66607
   Avg:      3025
   Geo:   2009.83
   Std:   2908.54
   Log2 Dist:
       8:       45    15247   288160   294890
      12:   160145   221008    54982      663
      16:      307       36

cmd_get: 1025155
cmd_set: 10380
get_misses: 0
written_bytes: 24212928
read_bytes: 169225192
object_bytes: 1494720

Run time: 60.4s Ops: 1035535 TPS: 17154 Net_rate: 3.1M/s
