servers : 10.0.0.4:11211
threads count: 32
concurrency: 32
run time: 60s
windows size: 10k
set proportion: set_prop=0.01
get proportion: get_prop=0.99
[1;1H[2J
Get Statistics
Type     Time(s)  Ops          TPS(ops/s)   Net(M/s)   Get_miss   Min(us)  Max(us)    Avg(us)    Std_dev    Geo_dist  
Period   30       462056       15401        2.1        0          181      52872      2059       2236.16    1373.15
Global   30       462056       15401        2.1        0          181      52872      2059       2236.16    1373.15

Set Statistics
Type     Time(s)  Ops          TPS(ops/s)   Net(M/s)   Get_miss   Min(us)  Max(us)    Avg(us)    Std_dev    Geo_dist  
Period   30       4682         156          0.0        0          244      14294      2114       2231.03    1412.97
Global   30       4682         156          0.0        0          244      14294      2114       2231.03    1412.97

Total Statistics
Type     Time(s)  Ops          TPS(ops/s)   Net(M/s)   Get_miss   Min(us)  Max(us)    Avg(us)    Std_dev    Geo_dist  
Period   30       466738       15557        2.1        0          181      52872      2059       2236.62    1373.54
Global   30       466738       15557        2.1        0          181      52872      2059       2236.62    1373.54

[1;1H[2J
Get Statistics
Type     Time(s)  Ops          TPS(ops/s)   Net(M/s)   Get_miss   Min(us)  Max(us)    Avg(us)    Std_dev    Geo_dist  
Period   30       459495       15316        2.1        0          155      67416      2069       2380.96    1358.19
Global   60       921551       15359        2.1        0          155      67416      2064       2309.49    1365.67

Set Statistics
Type     Time(s)  Ops          TPS(ops/s)   Net(M/s)   Get_miss   Min(us)  Max(us)    Avg(us)    Std_dev    Geo_dist  
Period   30       4644         154          0.0        0          222      41169      2092       2372.10    1377.65
Global   60       9326         155          0.0        0          222      41169      2103       2302.30    1395.27

Total Statistics
Type     Time(s)  Ops          TPS(ops/s)   Net(M/s)   Get_miss   Min(us)  Max(us)    Avg(us)    Std_dev    Geo_dist  
Period   30       464139       15471        2.1        0          155      67416      2069       2381.07    1358.38
Global   60       930877       15514        2.1        0          155      67416      2064       2309.77    1365.96

Get Statistics (921583 events)
   Min:       155
   Max:     67416
   Avg:      2064
   Geo:   1365.74
   Std:   2309.81
   Log2 Dist:
       8:      513    63301   361476   258517
      12:   102035   120298    15047      248
      16:      147        1

Set Statistics (9326 events)
   Min:       222
   Max:     41169
   Avg:      2103
   Geo:   1395.27
   Std:   2302.30
   Log2 Dist:
       8:        6      581     3634     2618
      12:     1062     1266      157        0
      16:        2

Total Statistics (930909 events)
   Min:       155
   Max:     67416
   Avg:      2064
   Geo:   1366.04
   Std:   2310.08
   Log2 Dist:
       8:      519    63882   365110   261135
      12:   103097   121564    15204      248
      16:      149        1

cmd_get: 921615
cmd_set: 9326
get_misses: 0
written_bytes: 21766986
read_bytes: 152135803
object_bytes: 1342944

Run time: 60.2s Ops: 930941 TPS: 15454 Net_rate: 2.8M/s
