servers : 10.0.0.4:11211
threads count: 24
concurrency: 24
run time: 60s
windows size: 10k
set proportion: set_prop=0.01
get proportion: get_prop=0.99
[1;1H[2J
Get Statistics
Type     Time(s)  Ops          TPS(ops/s)   Net(M/s)   Get_miss   Min(us)  Max(us)    Avg(us)    Std_dev    Geo_dist  
Period   30       412074       13735        1.9        0          148      63730      1739       2049.32    1172.82
Global   30       412074       13735        1.9        0          148      63730      1739       2049.32    1172.82

Set Statistics
Type     Time(s)  Ops          TPS(ops/s)   Net(M/s)   Get_miss   Min(us)  Max(us)    Avg(us)    Std_dev    Geo_dist  
Period   30       4174         139          0.0        0          225      13451      1760       2003.75    1189.53
Global   30       4174         139          0.0        0          225      13451      1760       2003.75    1189.53

Total Statistics
Type     Time(s)  Ops          TPS(ops/s)   Net(M/s)   Get_miss   Min(us)  Max(us)    Avg(us)    Std_dev    Geo_dist  
Period   30       416249       13874        1.9        0          148      63730      1739       2049.05    1172.98
Global   30       416249       13874        1.9        0          148      63730      1739       2049.05    1172.98

[1;1H[2J
Get Statistics
Type     Time(s)  Ops          TPS(ops/s)   Net(M/s)   Get_miss   Min(us)  Max(us)    Avg(us)    Std_dev    Geo_dist  
Period   30       424412       14147        1.9        0          148      81032      1689       1978.90    1167.79
Global   60       836486       13941        1.9        0          148      81032      1713       2014.59    1170.28

Set Statistics
Type     Time(s)  Ops          TPS(ops/s)   Net(M/s)   Get_miss   Min(us)  Max(us)    Avg(us)    Std_dev    Geo_dist  
Period   30       4288         142          0.0        0          240      17193      1689       1897.97    1169.91
Global   60       8462         141          0.0        0          225      17193      1724       1951.09    1179.55

Total Statistics
Type     Time(s)  Ops          TPS(ops/s)   Net(M/s)   Get_miss   Min(us)  Max(us)    Avg(us)    Std_dev    Geo_dist  
Period   30       428699       14289        1.9        0          148      81032      1689       1978.10    1167.83
Global   60       844948       14082        2.0        0          148      81032      1714       2013.21    1170.37

Get Statistics (836510 events)
   Min:       148
   Max:     81032
   Avg:      1714
   Geo:   1170.31
   Std:   2013.91
   Log2 Dist:
       8:      892    76276   370918   232880
      12:    68786    78905     7664      141
      16:       24       24

Set Statistics (8462 events)
   Min:       225
   Max:     17193
   Avg:      1724
   Geo:   1179.55
   Std:   1951.09
   Log2 Dist:
       8:        8      745     3760     2361
      12:      709      787       91        1

Total Statistics (844972 events)
   Min:       148
   Max:     81032
   Avg:      1714
   Geo:   1170.40
   Std:   2013.37
   Log2 Dist:
       8:      900    77021   374678   235241
      12:    69495    79692     7755      142
      16:       24       24

cmd_get: 836533
cmd_set: 8463
get_misses: 0
written_bytes: 19757140
read_bytes: 138091846
object_bytes: 1218672

Run time: 60.5s Ops: 844996 TPS: 13966 Net_rate: 2.5M/s
