servers : 10.0.0.4:11211
threads count: 12
concurrency: 12
run time: 60s
windows size: 10k
set proportion: set_prop=0.01
get proportion: get_prop=0.99
[1;1H[2J
Get Statistics
Type     Time(s)  Ops          TPS(ops/s)   Net(M/s)   Get_miss   Min(us)  Max(us)    Avg(us)    Std_dev    Geo_dist  
Period   30       381743       12724        1.7        0          127      11337      935        686.38     802.96
Global   30       381743       12724        1.7        0          127      11337      935        686.38     802.96

Set Statistics
Type     Time(s)  Ops          TPS(ops/s)   Net(M/s)   Get_miss   Min(us)  Max(us)    Avg(us)    Std_dev    Geo_dist  
Period   30       3862         128          0.0        0          185      8083       952        735.44     811.02
Global   30       3862         128          0.0        0          185      8083       952        735.44     811.02

Total Statistics
Type     Time(s)  Ops          TPS(ops/s)   Net(M/s)   Get_miss   Min(us)  Max(us)    Avg(us)    Std_dev    Geo_dist  
Period   30       385604       12853        1.8        0          127      11337      935        687.12     803.06
Global   30       385604       12853        1.8        0          127      11337      935        687.12     803.06

[1;1H[2J
Get Statistics
Type     Time(s)  Ops          TPS(ops/s)   Net(M/s)   Get_miss   Min(us)  Max(us)    Avg(us)    Std_dev    Geo_dist  
Period   30       382683       12756        1.7        0          124      9687       932        666.72     800.86
Global   60       764426       12740        1.8        0          124      11337      934        675.92     801.91

Set Statistics
Type     Time(s)  Ops          TPS(ops/s)   Net(M/s)   Get_miss   Min(us)  Max(us)    Avg(us)    Std_dev    Geo_dist  
Period   30       3866         128          0.0        0          192      8374       956        707.77     815.20
Global   60       7728         128          0.0        0          185      8374       954        721.69     813.11

Total Statistics
Type     Time(s)  Ops          TPS(ops/s)   Net(M/s)   Get_miss   Min(us)  Max(us)    Avg(us)    Std_dev    Geo_dist  
Period   30       386550       12885        1.8        0          124      9687       933        666.08     800.99
Global   60       772154       12869        1.8        0          124      11337      934        676.67     802.02

Get Statistics (764438 events)
   Min:       124
   Max:     11337
   Avg:       934
   Geo:    801.91
   Std:    675.92
   Log2 Dist:
       4:        0        0        0        2
       8:     3865   127792   418370   180062
      12:    27926     6293      128

Set Statistics (7728 events)
   Min:       185
   Max:      8374
   Avg:       954
   Geo:    813.11
   Std:    721.69
   Log2 Dist:
       8:       37     1297     4169     1852
      12:      289       83        1

Total Statistics (772166 events)
   Min:       124
   Max:     11337
   Avg:       934
   Geo:    802.02
   Std:    676.67
   Log2 Dist:
       4:        0        0        0        2
       8:     3902   129089   422539   181914
      12:    28215     6376      129

cmd_get: 764450
cmd_set: 7728
get_misses: 0
written_bytes: 18054116
read_bytes: 126194094
object_bytes: 1112832

Run time: 60.3s Ops: 772178 TPS: 12814 Net_rate: 2.3M/s
