servers : 10.0.0.4:11211
threads count: 64
concurrency: 64
run time: 60s
windows size: 10k
set proportion: set_prop=0.01
get proportion: get_prop=0.99
[1;1H[2J
Get Statistics
Type     Time(s)  Ops          TPS(ops/s)   Net(M/s)   Get_miss   Min(us)  Max(us)    Avg(us)    Std_dev    Geo_dist  
Period   30       573983       19132        2.6        0          180      51681      3316       2832.55    2415.73
Global   30       573983       19132        2.6        0          180      51681      3316       2832.55    2415.73

Set Statistics
Type     Time(s)  Ops          TPS(ops/s)   Net(M/s)   Get_miss   Min(us)  Max(us)    Avg(us)    Std_dev    Geo_dist  
Period   30       5833         194          0.0        0          315      51167      3349       2920.06    2439.47
Global   30       5833         194          0.0        0          315      51167      3349       2920.06    2439.47

Total Statistics
Type     Time(s)  Ops          TPS(ops/s)   Net(M/s)   Get_miss   Min(us)  Max(us)    Avg(us)    Std_dev    Geo_dist  
Period   30       579816       19327        2.7        0          180      51681      3317       2832.66    2415.97
Global   30       579816       19327        2.7        0          180      51681      3317       2832.66    2415.97

[1;1H[2J
Get Statistics
Type     Time(s)  Ops          TPS(ops/s)   Net(M/s)   Get_miss   Min(us)  Max(us)    Avg(us)    Std_dev    Geo_dist  
Period   30       584218       19473        2.7        0          194      62813      3257       2967.68    2356.35
Global   60       1158201      19303        2.7        0          180      62813      3286       2901.92    2385.60

Set Statistics
Type     Time(s)  Ops          TPS(ops/s)   Net(M/s)   Get_miss   Min(us)  Max(us)    Avg(us)    Std_dev    Geo_dist  
Period   30       5898         196          0.0        0          290      58841      3307       3128.41    2385.48
Global   60       11731        195          0.0        0          290      58841      3328       3026.42    2412.18

Total Statistics
Type     Time(s)  Ops          TPS(ops/s)   Net(M/s)   Get_miss   Min(us)  Max(us)    Avg(us)    Std_dev    Geo_dist  
Period   30       590116       19670        2.7        0          194      62813      3257       2969.88    2356.61
Global   60       1169932      19498        2.7        0          180      62813      3287       2902.54    2385.86

Get Statistics (1158265 events)
   Min:       180
   Max:     62813
   Avg:      3287
   Geo:   2385.79
   Std:   2902.00
   Log2 Dist:
       8:       44     7045   168229   383901
      12:   275518   247028    75152      760
      16:      588

Set Statistics (11731 events)
   Min:       290
   Max:     58841
   Avg:      3328
   Geo:   2412.18
   Std:   3026.42
   Log2 Dist:
       8:        0       61     1733     3824
      12:     2727     2637      733        6
      16:       10

Total Statistics (1169996 events)
   Min:       180
   Max:     62813
   Avg:      3287
   Geo:   2386.05
   Std:   2903.74
   Log2 Dist:
       8:       44     7106   169962   387725
      12:   278245   249665    75885      766
      16:      598

cmd_get: 1158326
cmd_set: 11734
get_misses: 0
written_bytes: 27358790
read_bytes: 191207573
object_bytes: 1689696

Run time: 60.2s Ops: 1170060 TPS: 19423 Net_rate: 3.5M/s
