servers : 10.0.0.4:11211
threads count: 1
concurrency: 1
run time: 60s
windows size: 10k
set proportion: set_prop=0.01
get proportion: get_prop=0.99
[1;1H[2J
Get Statistics
Type     Time(s)  Ops          TPS(ops/s)   Net(M/s)   Get_miss   Min(us)  Max(us)    Avg(us)    Std_dev    Geo_dist  
Period   30       45923        1530         0.2        0          144      8576       646        490.49     542.63
Global   30       45923        1530         0.2        0          144      8576       646        490.49     542.63

Set Statistics
Type     Time(s)  Ops          TPS(ops/s)   Net(M/s)   Get_miss   Min(us)  Max(us)    Avg(us)    Std_dev    Geo_dist  
Period   30       464          15           0.0        0          195      4194       636        446.17     540.83
Global   30       464          15           0.0        0          195      4194       636        446.17     540.83

Total Statistics
Type     Time(s)  Ops          TPS(ops/s)   Net(M/s)   Get_miss   Min(us)  Max(us)    Avg(us)    Std_dev    Geo_dist  
Period   30       46387        1546         0.2        0          144      8576       646        489.93     542.62
Global   30       46387        1546         0.2        0          144      8576       646        489.93     542.62

[1;1H[2J
Get Statistics
Type     Time(s)  Ops          TPS(ops/s)   Net(M/s)   Get_miss   Min(us)  Max(us)    Avg(us)    Std_dev    Geo_dist  
Period   30       47129        1570         0.2        0          148      8953       629        459.81     532.47
Global   60       93052        1550         0.2        0          144      8953       637        475.80     537.46

Set Statistics
Type     Time(s)  Ops          TPS(ops/s)   Net(M/s)   Get_miss   Min(us)  Max(us)    Avg(us)    Std_dev    Geo_dist  
Period   30       476          15           0.0        0          177      6898       630        546.60     519.83
Global   60       940          15           0.0        0          177      6898       633        499.25     530.09

Total Statistics
Type     Time(s)  Ops          TPS(ops/s)   Net(M/s)   Get_miss   Min(us)  Max(us)    Avg(us)    Std_dev    Geo_dist  
Period   30       47605        1586         0.2        0          148      8953       629        460.77     532.34
Global   60       93992        1566         0.2        0          144      8953       637        475.98     537.39

Get Statistics (93053 events)
   Min:       144
   Max:      8953
   Avg:       637
   Geo:    537.46
   Std:    475.79
   Log2 Dist:
       8:     7158    40029    34199    10285
      12:     1133      246        3

Set Statistics (940 events)
   Min:       177
   Max:      6898
   Avg:       633
   Geo:    530.09
   Std:    499.25
   Log2 Dist:
       8:       71      427      326       96
      12:       16        4

Total Statistics (93993 events)
   Min:       144
   Max:      8953
   Avg:       637
   Geo:    537.39
   Std:    475.98
   Log2 Dist:
       8:     7229    40456    34525    10381
      12:     1149      250        3

cmd_get: 93054
cmd_set: 940
get_misses: 0
written_bytes: 2197566
read_bytes: 15361265
object_bytes: 135360

Run time: 60.2s Ops: 93994 TPS: 1560 Net_rate: 0.3M/s
