servers : 10.0.0.4:11211
threads count: 4
concurrency: 4
run time: 60s
windows size: 10k
set proportion: set_prop=0.01
get proportion: get_prop=0.99
[1;1H[2J
Get Statistics
Type     Time(s)  Ops          TPS(ops/s)   Net(M/s)   Get_miss   Min(us)  Max(us)    Avg(us)    Std_dev    Geo_dist  
Period   30       147450       4915         0.7        0          151      8899       806        472.59     710.94
Global   30       147450       4915         0.7        0          151      8899       806        472.59     710.94

Set Statistics
Type     Time(s)  Ops          TPS(ops/s)   Net(M/s)   Get_miss   Min(us)  Max(us)    Avg(us)    Std_dev    Geo_dist  
Period   30       1492         49           0.0        0          204      8893       800        495.34     706.93
Global   30       1492         49           0.0        0          204      8893       800        495.34     706.93

Total Statistics
Type     Time(s)  Ops          TPS(ops/s)   Net(M/s)   Get_miss   Min(us)  Max(us)    Avg(us)    Std_dev    Geo_dist  
Period   30       148943       4964         0.7        0          151      8899       806        472.72     710.90
Global   30       148943       4964         0.7        0          151      8899       806        472.72     710.90

[1;1H[2J
Get Statistics
Type     Time(s)  Ops          TPS(ops/s)   Net(M/s)   Get_miss   Min(us)  Max(us)    Avg(us)    Std_dev    Geo_dist  
Period   30       145160       4838         0.7        0          143      8899       819        494.14     720.51
Global   60       292610       4876         0.7        0          143      8899       813        482.52     715.69

Set Statistics
Type     Time(s)  Ops          TPS(ops/s)   Net(M/s)   Get_miss   Min(us)  Max(us)    Avg(us)    Std_dev    Geo_dist  
Period   30       1466         48           0.0        0          201      4684       818        483.25     722.58
Global   60       2958         49           0.0        0          201      8893       809        489.26     714.64

Total Statistics
Type     Time(s)  Ops          TPS(ops/s)   Net(M/s)   Get_miss   Min(us)  Max(us)    Avg(us)    Std_dev    Geo_dist  
Period   30       146625       4887         0.7        0          143      8899       819        494.02     720.56
Global   60       295568       4926         0.7        0          143      8899       813        482.52     715.68

Get Statistics (292614 events)
   Min:       143
   Max:      8899
   Avg:       813
   Geo:    715.69
   Std:    482.52
   Log2 Dist:
       8:     1795    73784   152882    56818
      12:     6878      446       11

Set Statistics (2958 events)
   Min:       201
   Max:      8893
   Avg:       809
   Geo:    714.64
   Std:    489.26
   Log2 Dist:
       8:       12      748     1550      582
      12:       61        4        1

Total Statistics (295572 events)
   Min:       143
   Max:      8899
   Avg:       813
   Geo:    715.68
   Std:    482.52
   Log2 Dist:
       8:     1807    74532   154432    57400
      12:     6939      450       12

cmd_get: 292618
cmd_set: 2958
get_misses: 0
written_bytes: 6910788
read_bytes: 48304974
object_bytes: 425952

Run time: 60.2s Ops: 295576 TPS: 4907 Net_rate: 0.9M/s
