servers : 10.0.0.4:11211
threads count: 4
concurrency: 4
run time: 60s
windows size: 10k
set proportion: set_prop=0.01
get proportion: get_prop=0.99
[1;1H[2J
Get Statistics
Type     Time(s)  Ops          TPS(ops/s)   Net(M/s)   Get_miss   Min(us)  Max(us)    Avg(us)    Std_dev    Geo_dist  
Period   30       164787       5492         0.8        0          134      9245       721        483.23     626.80
Global   30       164787       5492         0.8        0          134      9245       721        483.23     626.80

Set Statistics
Type     Time(s)  Ops          TPS(ops/s)   Net(M/s)   Get_miss   Min(us)  Max(us)    Avg(us)    Std_dev    Geo_dist  
Period   30       1668         55           0.0        0          214      6435       750        528.61     646.11
Global   30       1668         55           0.0        0          214      6435       750        528.61     646.11

Total Statistics
Type     Time(s)  Ops          TPS(ops/s)   Net(M/s)   Get_miss   Min(us)  Max(us)    Avg(us)    Std_dev    Geo_dist  
Period   30       166455       5548         0.8        0          134      9245       721        484.14     626.99
Global   30       166455       5548         0.8        0          134      9245       721        484.14     626.99

[1;1H[2J
Get Statistics
Type     Time(s)  Ops          TPS(ops/s)   Net(M/s)   Get_miss   Min(us)  Max(us)    Avg(us)    Std_dev    Geo_dist  
Period   30       159263       5308         0.7        0          146      10286      747        510.40     646.44
Global   60       324050       5400         0.7        0          134      10286      734        496.61     636.38

Set Statistics
Type     Time(s)  Ops          TPS(ops/s)   Net(M/s)   Get_miss   Min(us)  Max(us)    Avg(us)    Std_dev    Geo_dist  
Period   30       1608         53           0.0        0          174      6902       754        497.08     658.26
Global   60       3276         54           0.0        0          174      6902       752        513.25     652.05

Total Statistics
Type     Time(s)  Ops          TPS(ops/s)   Net(M/s)   Get_miss   Min(us)  Max(us)    Avg(us)    Std_dev    Geo_dist  
Period   30       160871       5362         0.7        0          146      10286      747        510.37     646.56
Global   60       327326       5455         0.7        0          134      10286      734        497.05     636.53

Get Statistics (324054 events)
   Min:       134
   Max:     10286
   Avg:       734
   Geo:    636.38
   Std:    496.61
   Log2 Dist:
       8:     5225   116240   148512    47479
      12:     5654      929       15

Set Statistics (3276 events)
   Min:       174
   Max:      6902
   Avg:       752
   Geo:    652.05
   Std:    513.25
   Log2 Dist:
       8:       40     1131     1522      516
      12:       55       12

Total Statistics (327330 events)
   Min:       134
   Max:     10286
   Avg:       734
   Geo:    636.53
   Std:    497.05
   Log2 Dist:
       8:     5265   117371   150034    47995
      12:     5709      941       15

cmd_get: 324058
cmd_set: 3276
get_misses: 0
written_bytes: 7653348
read_bytes: 53495118
object_bytes: 471744

Run time: 60.3s Ops: 327334 TPS: 5431 Net_rate: 1.0M/s
