servers : 10.0.0.4:11211
threads count: 32
concurrency: 32
run time: 60s
windows size: 10k
set proportion: set_prop=0.01
get proportion: get_prop=0.99
[1;1H[2J
Get Statistics
Type     Time(s)  Ops          TPS(ops/s)   Net(M/s)   Get_miss   Min(us)  Max(us)    Avg(us)    Std_dev    Geo_dist  
Period   30       517236       17241        2.4        0          188      40749      1840       1673.98    1413.63
Global   30       517236       17241        2.4        0          188      40749      1840       1673.98    1413.63

Set Statistics
Type     Time(s)  Ops          TPS(ops/s)   Net(M/s)   Get_miss   Min(us)  Max(us)    Avg(us)    Std_dev    Geo_dist  
Period   30       5244         174          0.0        0          267      25346      1844       1659.85    1411.17
Global   30       5244         174          0.0        0          267      25346      1844       1659.85    1411.17

Total Statistics
Type     Time(s)  Ops          TPS(ops/s)   Net(M/s)   Get_miss   Min(us)  Max(us)    Avg(us)    Std_dev    Geo_dist  
Period   30       522480       17416        2.4        0          188      40749      1840       1673.88    1413.60
Global   30       522480       17416        2.4        0          188      40749      1840       1673.88    1413.60

[1;1H[2J
Get Statistics
Type     Time(s)  Ops          TPS(ops/s)   Net(M/s)   Get_miss   Min(us)  Max(us)    Avg(us)    Std_dev    Geo_dist  
Period   30       516035       17201        2.4        0          181      112049     1843       2094.20    1413.80
Global   60       1033271      17221        2.4        0          181      112049     1842       1895.04    1413.71

Set Statistics
Type     Time(s)  Ops          TPS(ops/s)   Net(M/s)   Get_miss   Min(us)  Max(us)    Avg(us)    Std_dev    Geo_dist  
Period   30       5210         173          0.0        0          241      111593     1889       2406.11    1428.13
Global   60       10454        174          0.0        0          241      111593     1866       2066.15    1419.60

Total Statistics
Type     Time(s)  Ops          TPS(ops/s)   Net(M/s)   Get_miss   Min(us)  Max(us)    Avg(us)    Std_dev    Geo_dist  
Period   30       521245       17374        2.4        0          181      112049     1844       2097.08    1413.94
Global   60       1043725      17395        2.4        0          181      112049     1842       1897.07    1413.77

Get Statistics (1033303 events)
   Min:       181
   Max:    112049
   Avg:      1842
   Geo:   1413.75
   Std:   1895.07
   Log2 Dist:
       8:      179    30994   340535   401707
      12:   170403    83305     5880      143
      16:       62       95

Set Statistics (10454 events)
   Min:       241
   Max:    111593
   Avg:      1866
   Geo:   1419.60
   Std:   2066.15
   Log2 Dist:
       8:        1      343     3447     3970
      12:     1733      906       50        1
      16:        2        1

Total Statistics (1043757 events)
   Min:       181
   Max:    112049
   Avg:      1842
   Geo:   1413.80
   Std:   1897.09
   Log2 Dist:
       8:      180    31337   343982   405677
      12:   172136    84211     5930      144
      16:       64       96

cmd_get: 1033335
cmd_set: 10454
get_misses: 0
written_bytes: 24405306
read_bytes: 170578627
object_bytes: 1505376

Run time: 60.2s Ops: 1043789 TPS: 17327 Net_rate: 3.1M/s
