servers : 10.0.0.4:11211
threads count: 28
concurrency: 28
run time: 60s
windows size: 10k
set proportion: set_prop=0.01
get proportion: get_prop=0.99
[1;1H[2J
Get Statistics
Type     Time(s)  Ops          TPS(ops/s)   Net(M/s)   Get_miss   Min(us)  Max(us)    Avg(us)    Std_dev    Geo_dist  
Period   30       470360       15678        2.2        0          168      101185     1771       1974.59    1350.88
Global   30       470360       15678        2.2        0          168      101185     1771       1974.59    1350.88

Set Statistics
Type     Time(s)  Ops          TPS(ops/s)   Net(M/s)   Get_miss   Min(us)  Max(us)    Avg(us)    Std_dev    Geo_dist  
Period   30       4763         158          0.0        0          225      16607      1740       1548.60    1341.78
Global   30       4763         158          0.0        0          225      16607      1740       1548.60    1341.78

Total Statistics
Type     Time(s)  Ops          TPS(ops/s)   Net(M/s)   Get_miss   Min(us)  Max(us)    Avg(us)    Std_dev    Geo_dist  
Period   30       475123       15837        2.2        0          168      101185     1771       1970.49    1350.79
Global   30       475123       15837        2.2        0          168      101185     1771       1970.49    1350.79

[1;1H[2J
Get Statistics
Type     Time(s)  Ops          TPS(ops/s)   Net(M/s)   Get_miss   Min(us)  Max(us)    Avg(us)    Std_dev    Geo_dist  
Period   30       475663       15855        2.2        0          120      81154      1750       1711.55    1342.79
Global   60       946023       15767        2.2        0          120      101185     1760       1847.47    1346.80

Set Statistics
Type     Time(s)  Ops          TPS(ops/s)   Net(M/s)   Get_miss   Min(us)  Max(us)    Avg(us)    Std_dev    Geo_dist  
Period   30       4806         160          0.0        0          201      49321      1724       1648.17    1338.29
Global   60       9569         159          0.0        0          201      49321      1732       1599.28    1340.02

Total Statistics
Type     Time(s)  Ops          TPS(ops/s)   Net(M/s)   Get_miss   Min(us)  Max(us)    Avg(us)    Std_dev    Geo_dist  
Period   30       480469       16015        2.2        0          120      81154      1750       1710.66    1342.74
Global   60       955592       15926        2.2        0          120      101185     1760       1844.88    1346.73

Get Statistics (946050 events)
   Min:       120
   Max:    101185
   Avg:      1761
   Geo:   1346.88
   Std:   1847.65
   Log2 Dist:
       4:        0        0        0        2
       8:      463    34945   339896   348535
      12:   146766    70397     4790      117
      16:       47       92

Set Statistics (9570 events)
   Min:       201
   Max:     49321
   Avg:      1735
   Geo:   1340.44
   Std:   1619.08
   Log2 Dist:
       8:        5      332     3493     3487
      12:     1546      654       50        2
      16:        1

Total Statistics (955620 events)
   Min:       120
   Max:    101185
   Avg:      1760
   Geo:   1346.81
   Std:   1846.20
   Log2 Dist:
       4:        0        0        0        2
       8:      468    35277   343389   352022
      12:   148312    71051     4840      119
      16:       48       92

cmd_get: 946078
cmd_set: 9570
get_misses: 0
written_bytes: 22344300
read_bytes: 156174810
object_bytes: 1378080

Run time: 60.2s Ops: 955648 TPS: 15864 Net_rate: 2.8M/s
