servers : 10.0.0.4:11211
threads count: 4
concurrency: 4
run time: 60s
windows size: 10k
set proportion: set_prop=0.01
get proportion: get_prop=0.99
[1;1H[2J
Get Statistics
Type     Time(s)  Ops          TPS(ops/s)   Net(M/s)   Get_miss   Min(us)  Max(us)    Avg(us)    Std_dev    Geo_dist  
Period   30       145686       4856         0.7        0          140      8553       819        508.39     715.52
Global   30       145686       4856         0.7        0          140      8553       819        508.39     715.52

Set Statistics
Type     Time(s)  Ops          TPS(ops/s)   Net(M/s)   Get_miss   Min(us)  Max(us)    Avg(us)    Std_dev    Geo_dist  
Period   30       1473         49           0.0        0          215      5439       839        525.88     733.38
Global   30       1473         49           0.0        0          215      5439       839        525.88     733.38

Total Statistics
Type     Time(s)  Ops          TPS(ops/s)   Net(M/s)   Get_miss   Min(us)  Max(us)    Avg(us)    Std_dev    Geo_dist  
Period   30       147159       4905         0.7        0          140      8553       819        508.89     715.69
Global   30       147159       4905         0.7        0          140      8553       819        508.89     715.69

[1;1H[2J
Get Statistics
Type     Time(s)  Ops          TPS(ops/s)   Net(M/s)   Get_miss   Min(us)  Max(us)    Avg(us)    Std_dev    Geo_dist  
Period   30       146135       4871         0.7        0          153      8059       817        502.16     714.30
Global   60       291821       4863         0.7        0          140      8553       818        505.28     714.91

Set Statistics
Type     Time(s)  Ops          TPS(ops/s)   Net(M/s)   Get_miss   Min(us)  Max(us)    Avg(us)    Std_dev    Geo_dist  
Period   30       1477         49           0.0        0          183      3541       832        508.13     722.53
Global   60       2950         49           0.0        0          183      5439       835        517.79     727.93

Total Statistics
Type     Time(s)  Ops          TPS(ops/s)   Net(M/s)   Get_miss   Min(us)  Max(us)    Avg(us)    Std_dev    Geo_dist  
Period   30       147612       4920         0.7        0          153      8059       817        502.47     714.38
Global   60       294771       4912         0.7        0          140      8553       818        505.68     715.04

Get Statistics (291825 events)
   Min:       140
   Max:      8553
   Avg:       818
   Geo:    714.92
   Std:    505.30
   Log2 Dist:
       8:     2024    75342   149740    56369
      12:     7811      533        6

Set Statistics (2950 events)
   Min:       183
   Max:      5439
   Avg:       835
   Geo:    727.93
   Std:    517.79
   Log2 Dist:
       8:       21      725     1528      572
      12:      100        4

Total Statistics (294775 events)
   Min:       140
   Max:      8553
   Avg:       818
   Geo:    715.04
   Std:    505.71
   Log2 Dist:
       8:     2045    76067   151268    56941
      12:     7911      537        6

cmd_get: 291829
cmd_set: 2950
get_misses: 0
written_bytes: 6892150
read_bytes: 48174725
object_bytes: 424800

Run time: 60.5s Ops: 294779 TPS: 4874 Net_rate: 0.9M/s
