servers : 10.0.0.4:11211
threads count: 32
concurrency: 32
run time: 60s
windows size: 10k
set proportion: set_prop=0.01
get proportion: get_prop=0.99
[1;1H[2J
Get Statistics
Type     Time(s)  Ops          TPS(ops/s)   Net(M/s)   Get_miss   Min(us)  Max(us)    Avg(us)    Std_dev    Geo_dist  
Period   30       457514       15250        2.1        0          165      114792     2079       2606.60    1363.67
Global   30       457514       15250        2.1        0          165      114792     2079       2606.60    1363.67

Set Statistics
Type     Time(s)  Ops          TPS(ops/s)   Net(M/s)   Get_miss   Min(us)  Max(us)    Avg(us)    Std_dev    Geo_dist  
Period   30       4635         154          0.0        0          199      37461      2066       2298.64    1373.10
Global   30       4635         154          0.0        0          199      37461      2066       2298.64    1373.10

Total Statistics
Type     Time(s)  Ops          TPS(ops/s)   Net(M/s)   Get_miss   Min(us)  Max(us)    Avg(us)    Std_dev    Geo_dist  
Period   30       462149       15404        2.1        0          165      114792     2079       2603.58    1363.76
Global   30       462149       15404        2.1        0          165      114792     2079       2603.58    1363.76

[1;1H[2J
Get Statistics
Type     Time(s)  Ops          TPS(ops/s)   Net(M/s)   Get_miss   Min(us)  Max(us)    Avg(us)    Std_dev    Geo_dist  
Period   30       452406       15080        2.1        0          147      131194     2103       2587.32    1373.80
Global   60       909920       15165        2.1        0          147      131194     2091       2597.00    1368.70

Set Statistics
Type     Time(s)  Ops          TPS(ops/s)   Net(M/s)   Get_miss   Min(us)  Max(us)    Avg(us)    Std_dev    Geo_dist  
Period   30       4570         152          0.0        0          225      60996      2108       2391.22    1389.27
Global   60       9205         153          0.0        0          199      60996      2087       2344.89    1381.10

Total Statistics
Type     Time(s)  Ops          TPS(ops/s)   Net(M/s)   Get_miss   Min(us)  Max(us)    Avg(us)    Std_dev    Geo_dist  
Period   30       456978       15232        2.1        0          147      131194     2103       2585.46    1373.96
Global   60       919127       15318        2.1        0          147      131194     2091       2594.56    1368.82

Get Statistics (909953 events)
   Min:       147
   Max:    131194
   Avg:      2091
   Geo:   1368.71
   Std:   2597.05
   Log2 Dist:
       8:      499    63118   357466   254205
      12:    95995   124265    13844      296
      16:      173       84        8

Set Statistics (9207 events)
   Min:       199
   Max:     60996
   Avg:      2087
   Geo:   1381.06
   Std:   2344.58
   Log2 Dist:
       8:        3      608     3597     2588
      12:     1011     1236      160        2
      16:        2

Total Statistics (919160 events)
   Min:       147
   Max:    131194
   Avg:      2091
   Geo:   1368.84
   Std:   2594.61
   Log2 Dist:
       8:      502    63726   361063   256793
      12:    97006   125501    14004      298
      16:      175       84        8

cmd_get: 909985
cmd_set: 9207
get_misses: 0
written_bytes: 21492086
read_bytes: 150215901
object_bytes: 1325808

Run time: 60.2s Ops: 919192 TPS: 15258 Net_rate: 2.7M/s
