servers : 10.0.0.4:11211
threads count: 4
concurrency: 4
run time: 60s
windows size: 10k
set proportion: set_prop=0.01
get proportion: get_prop=0.99
[1;1H[2J
Get Statistics
Type     Time(s)  Ops          TPS(ops/s)   Net(M/s)   Get_miss   Min(us)  Max(us)    Avg(us)    Std_dev    Geo_dist  
Period   30       149710       4990         0.7        0          148      7485       797        464.55     702.46
Global   30       149710       4990         0.7        0          148      7485       797        464.55     702.46

Set Statistics
Type     Time(s)  Ops          TPS(ops/s)   Net(M/s)   Get_miss   Min(us)  Max(us)    Avg(us)    Std_dev    Geo_dist  
Period   30       1514         50           0.0        0          206      4351       804        470.75     708.75
Global   30       1514         50           0.0        0          206      4351       804        470.75     708.75

Total Statistics
Type     Time(s)  Ops          TPS(ops/s)   Net(M/s)   Get_miss   Min(us)  Max(us)    Avg(us)    Std_dev    Geo_dist  
Period   30       151224       5040         0.7        0          148      7485       797        464.73     702.52
Global   30       151224       5040         0.7        0          148      7485       797        464.73     702.52

[1;1H[2J
Get Statistics
Type     Time(s)  Ops          TPS(ops/s)   Net(M/s)   Get_miss   Min(us)  Max(us)    Avg(us)    Std_dev    Geo_dist  
Period   30       148080       4936         0.7        0          145      8543       806        468.87     710.71
Global   60       297790       4963         0.7        0          145      8543       802        465.82     706.55

Set Statistics
Type     Time(s)  Ops          TPS(ops/s)   Net(M/s)   Get_miss   Min(us)  Max(us)    Avg(us)    Std_dev    Geo_dist  
Period   30       1497         49           0.0        0          210      4625       820        478.74     720.16
Global   60       3011         50           0.0        0          206      4625       812        474.65     714.40

Total Statistics
Type     Time(s)  Ops          TPS(ops/s)   Net(M/s)   Get_miss   Min(us)  Max(us)    Avg(us)    Std_dev    Geo_dist  
Period   30       149577       4985         0.7        0          145      8543       806        469.21     710.81
Global   60       300801       5013         0.7        0          145      8543       802        466.08     706.63

Get Statistics (297794 events)
   Min:       145
   Max:      8543
   Avg:       802
   Geo:    706.55
   Std:    465.82
   Log2 Dist:
       8:     2095    78079   153475    57455
      12:     6356      333        1

Set Statistics (3011 events)
   Min:       206
   Max:      4625
   Avg:       812
   Geo:    714.40
   Std:    474.65
   Log2 Dist:
       8:       15      781     1545      587
      12:       77        6

Total Statistics (300805 events)
   Min:       145
   Max:      8543
   Avg:       802
   Geo:    706.63
   Std:    466.08
   Log2 Dist:
       8:     2110    78860   155020    58042
      12:     6433      339        1

cmd_get: 297798
cmd_set: 3011
get_misses: 0
written_bytes: 7033228
read_bytes: 49160098
object_bytes: 433584

Run time: 60.5s Ops: 300809 TPS: 4974 Net_rate: 0.9M/s
