servers : 10.0.0.4:11211
threads count: 52
concurrency: 52
run time: 60s
windows size: 10k
set proportion: set_prop=0.01
get proportion: get_prop=0.99
[1;1H[2J
Get Statistics
Type     Time(s)  Ops          TPS(ops/s)   Net(M/s)   Get_miss   Min(us)  Max(us)    Avg(us)    Std_dev    Geo_dist  
Period   30       501469       16715        2.3        0          195      110994     3082       3193.78    2006.36
Global   30       501469       16715        2.3        0          195      110994     3082       3193.78    2006.36

Set Statistics
Type     Time(s)  Ops          TPS(ops/s)   Net(M/s)   Get_miss   Min(us)  Max(us)    Avg(us)    Std_dev    Geo_dist  
Period   30       5092         169          0.0        0          317      81992      3191       3140.01    2086.37
Global   30       5092         169          0.0        0          317      81992      3191       3140.01    2086.37

Total Statistics
Type     Time(s)  Ops          TPS(ops/s)   Net(M/s)   Get_miss   Min(us)  Max(us)    Avg(us)    Std_dev    Geo_dist  
Period   30       506561       16885        2.3        0          195      110994     3083       3193.36    2007.15
Global   30       506561       16885        2.3        0          195      110994     3083       3193.36    2007.15

[1;1H[2J
Get Statistics
Type     Time(s)  Ops          TPS(ops/s)   Net(M/s)   Get_miss   Min(us)  Max(us)    Avg(us)    Std_dev    Geo_dist  
Period   30       502656       16755        2.3        0          208      96850      3077       3341.34    2015.30
Global   60       1004125      16735        2.3        0          195      110994     3079       3268.95    2010.83

Set Statistics
Type     Time(s)  Ops          TPS(ops/s)   Net(M/s)   Get_miss   Min(us)  Max(us)    Avg(us)    Std_dev    Geo_dist  
Period   30       5076         169          0.0        0          337      92791      3174       3478.98    2075.94
Global   60       10168        169          0.0        0          317      92791      3183       3312.94    2081.16

Total Statistics
Type     Time(s)  Ops          TPS(ops/s)   Net(M/s)   Get_miss   Min(us)  Max(us)    Avg(us)    Std_dev    Geo_dist  
Period   30       507732       16924        2.3        0          208      96850      3078       3342.72    2015.90
Global   60       1014293      16904        2.3        0          195      110994     3080       3269.45    2011.52

Get Statistics (1004176 events)
   Min:       195
   Max:    110994
   Avg:      3079
   Geo:   2010.84
   Std:   3268.93
   Log2 Dist:
       8:       52    17160   282353   286193
      12:   143035   220557    53697      665
      16:      156      308

Set Statistics (10169 events)
   Min:       317
   Max:     92791
   Avg:      3183
   Geo:   2081.14
   Std:   3312.68
   Log2 Dist:
       8:        0      133     2744     2960
      12:     1425     2280      618        5
      16:        0        4

Total Statistics (1014345 events)
   Min:       195
   Max:    110994
   Avg:      3080
   Geo:   2011.53
   Std:   3269.42
   Log2 Dist:
       8:       52    17293   285097   289153
      12:   144460   222837    54315      670
      16:      156      312

cmd_get: 1004227
cmd_set: 10170
get_misses: 0
written_bytes: 23718912
read_bytes: 165770392
object_bytes: 1464480

Run time: 60.2s Ops: 1014397 TPS: 16837 Net_rate: 3.0M/s
