servers : 10.0.0.6:11212
threads count: 120
concurrency: 120
run time: 360s
windows size: 1k
set proportion: set_prop=0.00
get proportion: get_prop=1.00
[1;1H[2J
Get Statistics
Type     Time(s)  Ops          TPS(ops/s)   Net(M/s)   Get_miss   Min(us)  Max(us)    Avg(us)    Std_dev    Geo_dist  
Period   10       62597        6259         0.9        0          843      200162     19216      15233.99   16152.54
Global   10       62597        6259         0.9        0          843      200162     19216      15233.99   16152.54

Total Statistics
Type     Time(s)  Ops          TPS(ops/s)   Net(M/s)   Get_miss   Min(us)  Max(us)    Avg(us)    Std_dev    Geo_dist  
Period   10       62597        6259         0.9        0          843      200162     19216      15233.99   16152.54
Global   10       62597        6259         0.9        0          843      200162     19216      15233.99   16152.54

[1;1H[2J
Get Statistics
Type     Time(s)  Ops          TPS(ops/s)   Net(M/s)   Get_miss   Min(us)  Max(us)    Avg(us)    Std_dev    Geo_dist  
Period   10       61912        6191         0.9        0          551      1182363    19471      42787.35   14804.00
Global   20       124509       6225         0.9        0          551      1182363    19343      32047.13   15467.28

Total Statistics
Type     Time(s)  Ops          TPS(ops/s)   Net(M/s)   Get_miss   Min(us)  Max(us)    Avg(us)    Std_dev    Geo_dist  
Period   10       61912        6191         0.9        0          551      1182363    19471      42787.35   14804.00
Global   20       124509       6225         0.9        0          551      1182363    19343      32047.13   15467.28

[1;1H[2J
Get Statistics
Type     Time(s)  Ops          TPS(ops/s)   Net(M/s)   Get_miss   Min(us)  Max(us)    Avg(us)    Std_dev    Geo_dist  
Period   10       64227        6422         0.9        0          922      695401     18756      31076.72   14894.11
Global   30       188736       6291         0.9        0          551      1182363    19143      31721.52   15269.80

Total Statistics
Type     Time(s)  Ops          TPS(ops/s)   Net(M/s)   Get_miss   Min(us)  Max(us)    Avg(us)    Std_dev    Geo_dist  
Period   10       64227        6422         0.9        0          922      695401     18756      31076.72   14894.11
Global   30       188736       6291         0.9        0          551      1182363    19143      31721.52   15269.80

[1;1H[2J
Get Statistics
Type     Time(s)  Ops          TPS(ops/s)   Net(M/s)   Get_miss   Min(us)  Max(us)    Avg(us)    Std_dev    Geo_dist  
Period   10       69382        6938         0.9        0          591      273712     17358      15718.47   14817.82
Global   40       258118       6452         1.0        0          551      1182363    18663      28334.04   15146.97

Total Statistics
Type     Time(s)  Ops          TPS(ops/s)   Net(M/s)   Get_miss   Min(us)  Max(us)    Avg(us)    Std_dev    Geo_dist  
Period   10       69382        6938         0.9        0          591      273712     17358      15718.47   14817.82
Global   40       258118       6452         1.0        0          551      1182363    18663      28334.04   15146.97

[1;1H[2J
Get Statistics
Type     Time(s)  Ops          TPS(ops/s)   Net(M/s)   Get_miss   Min(us)  Max(us)    Avg(us)    Std_dev    Geo_dist  
Period   10       58396        5839         0.9        0          857      541712     20629      35404.66   15489.02
Global   50       316514       6330         0.8        0          551      1182363    19026      29774.70   15209.50

Total Statistics
Type     Time(s)  Ops          TPS(ops/s)   Net(M/s)   Get_miss   Min(us)  Max(us)    Avg(us)    Std_dev    Geo_dist  
Period   10       58396        5839         0.9        0          857      541712     20629      35404.66   15489.02
Global   50       316514       6330         0.8        0          551      1182363    19026      29774.70   15209.50

[1;1H[2J
Get Statistics
Type     Time(s)  Ops          TPS(ops/s)   Net(M/s)   Get_miss   Min(us)  Max(us)    Avg(us)    Std_dev    Geo_dist  
Period   10       68283        6828         0.9        0          876      1184228    17616      36124.27   13890.94
Global   60       384797       6413         0.9        0          551      1184228    18776      31001.02   14966.71

Total Statistics
Type     Time(s)  Ops          TPS(ops/s)   Net(M/s)   Get_miss   Min(us)  Max(us)    Avg(us)    Std_dev    Geo_dist  
Period   10       68283        6828         0.9        0          876      1184228    17616      36124.27   13890.94
Global   60       384797       6413         0.9        0          551      1184228    18776      31001.02   14966.71

[1;1H[2J
Get Statistics
Type     Time(s)  Ops          TPS(ops/s)   Net(M/s)   Get_miss   Min(us)  Max(us)    Avg(us)    Std_dev    Geo_dist  
Period   10       64105        6410         0.9        0          892      536847     18811      26463.23   15068.98
Global   70       448902       6412         0.9        0          551      1184228    18781      30394.48   14981.27

Total Statistics
Type     Time(s)  Ops          TPS(ops/s)   Net(M/s)   Get_miss   Min(us)  Max(us)    Avg(us)    Std_dev    Geo_dist  
Period   10       64105        6410         0.9        0          892      536847     18811      26463.23   15068.98
Global   70       448902       6412         0.9        0          551      1184228    18781      30394.48   14981.27

[1;1H[2J
Get Statistics
Type     Time(s)  Ops          TPS(ops/s)   Net(M/s)   Get_miss   Min(us)  Max(us)    Avg(us)    Std_dev    Geo_dist  
Period   10       65996        6599         0.9        0          924      413827     18258      25579.06   15036.67
Global   80       514898       6436         0.9        0          551      1184228    18714      29821.22   14988.36

Total Statistics
Type     Time(s)  Ops          TPS(ops/s)   Net(M/s)   Get_miss   Min(us)  Max(us)    Avg(us)    Std_dev    Geo_dist  
Period   10       65996        6599         0.9        0          924      413827     18258      25579.06   15036.67
Global   80       514898       6436         0.9        0          551      1184228    18714      29821.22   14988.36

[1;1H[2J
Get Statistics
Type     Time(s)  Ops          TPS(ops/s)   Net(M/s)   Get_miss   Min(us)  Max(us)    Avg(us)    Std_dev    Geo_dist  
Period   10       54525        5452         0.9        0          895      2763748    22098      95753.16   14748.48
Global   90       569423       6326         0.7        0          551      2763748    19038      41025.26   14965.22

Total Statistics
Type     Time(s)  Ops          TPS(ops/s)   Net(M/s)   Get_miss   Min(us)  Max(us)    Avg(us)    Std_dev    Geo_dist  
Period   10       54525        5452         0.9        0          895      2763748    22098      95753.16   14748.48
Global   90       569423       6326         0.7        0          551      2763748    19038      41025.26   14965.22

[1;1H[2J
Get Statistics
Type     Time(s)  Ops          TPS(ops/s)   Net(M/s)   Get_miss   Min(us)  Max(us)    Avg(us)    Std_dev    Geo_dist  
Period   10       60426        6042         0.9        0          979      727368     19747      31313.97   15266.60
Global   100      629849       6298         0.8        0          551      2763748    19106      40196.00   14993.88

Total Statistics
Type     Time(s)  Ops          TPS(ops/s)   Net(M/s)   Get_miss   Min(us)  Max(us)    Avg(us)    Std_dev    Geo_dist  
Period   10       60426        6042         0.9        0          979      727368     19747      31313.97   15266.60
Global   100      629849       6298         0.8        0          551      2763748    19106      40196.00   14993.88

[1;1H[2J
Get Statistics
Type     Time(s)  Ops          TPS(ops/s)   Net(M/s)   Get_miss   Min(us)  Max(us)    Avg(us)    Std_dev    Geo_dist  
Period   10       58256        5825         0.9        0          729      921092     20868      41644.30   15143.36
Global   110      688105       6255         0.8        0          551      2763748    19255      40323.66   15006.47

Total Statistics
Type     Time(s)  Ops          TPS(ops/s)   Net(M/s)   Get_miss   Min(us)  Max(us)    Avg(us)    Std_dev    Geo_dist  
Period   10       58256        5825         0.9        0          729      921092     20868      41644.30   15143.36
Global   110      688105       6255         0.8        0          551      2763748    19255      40323.66   15006.47

[1;1H[2J
Get Statistics
Type     Time(s)  Ops          TPS(ops/s)   Net(M/s)   Get_miss   Min(us)  Max(us)    Avg(us)    Std_dev    Geo_dist  
Period   10       62660        6266         0.9        0          840      520106     19216      25552.11   15360.76
Global   120      750765       6256         0.9        0          551      2763748    19252      39303.58   15035.73

Total Statistics
Type     Time(s)  Ops          TPS(ops/s)   Net(M/s)   Get_miss   Min(us)  Max(us)    Avg(us)    Std_dev    Geo_dist  
Period   10       62660        6266         0.9        0          840      520106     19216      25552.11   15360.76
Global   120      750765       6256         0.9        0          551      2763748    19252      39303.58   15035.73

[1;1H[2J
Get Statistics
Type     Time(s)  Ops          TPS(ops/s)   Net(M/s)   Get_miss   Min(us)  Max(us)    Avg(us)    Std_dev    Geo_dist  
Period   10       56701        5670         0.9        0          917      440134     20810      24909.43   16642.08
Global   130      807466       6211         0.8        0          551      2763748    19361      38471.29   15143.28

Total Statistics
Type     Time(s)  Ops          TPS(ops/s)   Net(M/s)   Get_miss   Min(us)  Max(us)    Avg(us)    Std_dev    Geo_dist  
Period   10       56701        5670         0.9        0          917      440134     20810      24909.43   16642.08
Global   130      807466       6211         0.8        0          551      2763748    19361      38471.29   15143.28

[1;1H[2J
Get Statistics
Type     Time(s)  Ops          TPS(ops/s)   Net(M/s)   Get_miss   Min(us)  Max(us)    Avg(us)    Std_dev    Geo_dist  
Period   10       42501        4250         0.8        0          740      2734828    28920      144043.15  15388.93
Global   140      849967       6071         0.6        0          551      2763748    19839      49475.61   15155.47

Total Statistics
Type     Time(s)  Ops          TPS(ops/s)   Net(M/s)   Get_miss   Min(us)  Max(us)    Avg(us)    Std_dev    Geo_dist  
Period   10       42501        4250         0.8        0          740      2734828    28920      144043.15  15388.93
Global   140      849967       6071         0.6        0          551      2763748    19839      49475.61   15155.47

[1;1H[2J
Get Statistics
Type     Time(s)  Ops          TPS(ops/s)   Net(M/s)   Get_miss   Min(us)  Max(us)    Avg(us)    Std_dev    Geo_dist  
Period   10       53845        5384         0.8        0          899      3503325    22380      95910.12   14716.88
Global   150      903812       6025         0.7        0          551      3503325    19991      53388.69   15128.98

Total Statistics
Type     Time(s)  Ops          TPS(ops/s)   Net(M/s)   Get_miss   Min(us)  Max(us)    Avg(us)    Std_dev    Geo_dist  
Period   10       53845        5384         0.8        0          899      3503325    22380      95910.12   14716.88
Global   150      903812       6025         0.7        0          551      3503325    19991      53388.69   15128.98

[1;1H[2J
Get Statistics
Type     Time(s)  Ops          TPS(ops/s)   Net(M/s)   Get_miss   Min(us)  Max(us)    Avg(us)    Std_dev    Geo_dist  
Period   10       58101        5810         0.8        0          628      1187964    20748      46420.08   15140.53
Global   160      961913       6011         0.8        0          551      3503325    20036      52994.35   15129.68

Total Statistics
Type     Time(s)  Ops          TPS(ops/s)   Net(M/s)   Get_miss   Min(us)  Max(us)    Avg(us)    Std_dev    Geo_dist  
Period   10       58101        5810         0.8        0          628      1187964    20748      46420.08   15140.53
Global   160      961913       6011         0.8        0          551      3503325    20036      52994.35   15129.68

[1;1H[2J
Get Statistics
Type     Time(s)  Ops          TPS(ops/s)   Net(M/s)   Get_miss   Min(us)  Max(us)    Avg(us)    Std_dev    Geo_dist  
Period   10       70298        7029         0.8        0          953      371278     17133      19229.96   14473.10
Global   170      1032211      6071         1.0        0          551      3503325    19839      51408.43   15084.03

Total Statistics
Type     Time(s)  Ops          TPS(ops/s)   Net(M/s)   Get_miss   Min(us)  Max(us)    Avg(us)    Std_dev    Geo_dist  
Period   10       70298        7029         0.8        0          953      371278     17133      19229.96   14473.10
Global   170      1032211      6071         1.0        0          551      3503325    19839      51408.43   15084.03

[1;1H[2J
Get Statistics
Type     Time(s)  Ops          TPS(ops/s)   Net(M/s)   Get_miss   Min(us)  Max(us)    Avg(us)    Std_dev    Geo_dist  
Period   10       66602        6660         0.8        0          946      399578     18072      23187.97   14923.08
Global   180      1098813      6104         0.9        0          551      3503325    19732      50153.78   15074.23

Total Statistics
Type     Time(s)  Ops          TPS(ops/s)   Net(M/s)   Get_miss   Min(us)  Max(us)    Avg(us)    Std_dev    Geo_dist  
Period   10       66602        6660         0.8        0          946      399578     18072      23187.97   14923.08
Global   180      1098813      6104         0.9        0          551      3503325    19732      50153.78   15074.23

[1;1H[2J
Get Statistics
Type     Time(s)  Ops          TPS(ops/s)   Net(M/s)   Get_miss   Min(us)  Max(us)    Avg(us)    Std_dev    Geo_dist  
Period   10       55096        5509         0.8        0          762      1913052    21872      89257.35   14892.76
Global   190      1153909      6073         0.8        0          551      3503325    19834      52686.84   15065.51

Total Statistics
Type     Time(s)  Ops          TPS(ops/s)   Net(M/s)   Get_miss   Min(us)  Max(us)    Avg(us)    Std_dev    Geo_dist  
Period   10       55096        5509         0.8        0          762      1913052    21872      89257.35   14892.76
Global   190      1153909      6073         0.8        0          551      3503325    19834      52686.84   15065.51

[1;1H[2J
Get Statistics
Type     Time(s)  Ops          TPS(ops/s)   Net(M/s)   Get_miss   Min(us)  Max(us)    Avg(us)    Std_dev    Geo_dist  
Period   10       73744        7374         0.8        0          717      201701     16314      12600.77   14392.50
Global   200      1227653      6138         1.0        0          551      3503325    19622      51180.23   15024.21

Total Statistics
Type     Time(s)  Ops          TPS(ops/s)   Net(M/s)   Get_miss   Min(us)  Max(us)    Avg(us)    Std_dev    Geo_dist  
Period   10       73744        7374         0.8        0          717      201701     16314      12600.77   14392.50
Global   200      1227653      6138         1.0        0          551      3503325    19622      51180.23   15024.21

[1;1H[2J
Get Statistics
Type     Time(s)  Ops          TPS(ops/s)   Net(M/s)   Get_miss   Min(us)  Max(us)    Avg(us)    Std_dev    Geo_dist  
Period   10       63813        6381         0.8        0          1169     680293     18908      28828.69   15096.48
Global   210      1291466      6149         0.9        0          551      3503325    19587      50309.69   15027.77

Total Statistics
Type     Time(s)  Ops          TPS(ops/s)   Net(M/s)   Get_miss   Min(us)  Max(us)    Avg(us)    Std_dev    Geo_dist  
Period   10       63813        6381         0.8        0          1169     680293     18908      28828.69   15096.48
Global   210      1291466      6149         0.9        0          551      3503325    19587      50309.69   15027.77

[1;1H[2J
Get Statistics
Type     Time(s)  Ops          TPS(ops/s)   Net(M/s)   Get_miss   Min(us)  Max(us)    Avg(us)    Std_dev    Geo_dist  
Period   10       56604        5660         0.8        0          740      578803     21280      36368.15   15724.41
Global   220      1348070      6127         0.8        0          551      3503325    19658      49804.04   15056.39

Total Statistics
Type     Time(s)  Ops          TPS(ops/s)   Net(M/s)   Get_miss   Min(us)  Max(us)    Avg(us)    Std_dev    Geo_dist  
Period   10       56604        5660         0.8        0          740      578803     21280      36368.15   15724.41
Global   220      1348070      6127         0.8        0          551      3503325    19658      49804.04   15056.39

[1;1H[2J
Get Statistics
Type     Time(s)  Ops          TPS(ops/s)   Net(M/s)   Get_miss   Min(us)  Max(us)    Avg(us)    Std_dev    Geo_dist  
Period   10       63125        6312         0.8        0          678      367695     19087      25577.12   15430.50
Global   230      1411195      6135         0.9        0          551      3503325    19633      48976.97   15072.93

Total Statistics
Type     Time(s)  Ops          TPS(ops/s)   Net(M/s)   Get_miss   Min(us)  Max(us)    Avg(us)    Std_dev    Geo_dist  
Period   10       63125        6312         0.8        0          678      367695     19087      25577.12   15430.50
Global   230      1411195      6135         0.9        0          551      3503325    19633      48976.97   15072.93

[1;1H[2J
Get Statistics
Type     Time(s)  Ops          TPS(ops/s)   Net(M/s)   Get_miss   Min(us)  Max(us)    Avg(us)    Std_dev    Geo_dist  
Period   10       66408        6640         0.8        0          524      293112     18041      19321.94   15050.58
Global   240      1477603      6156         0.9        0          524      3503325    19561      48040.00   15071.93

Total Statistics
Type     Time(s)  Ops          TPS(ops/s)   Net(M/s)   Get_miss   Min(us)  Max(us)    Avg(us)    Std_dev    Geo_dist  
Period   10       66408        6640         0.8        0          524      293112     18041      19321.94   15050.58
Global   240      1477603      6156         0.9        0          524      3503325    19561      48040.00   15071.93

[1;1H[2J
Get Statistics
Type     Time(s)  Ops          TPS(ops/s)   Net(M/s)   Get_miss   Min(us)  Max(us)    Avg(us)    Std_dev    Geo_dist  
Period   10       62122        6212         0.8        0          849      1494760    19496      44103.31   14897.79
Global   250      1539725      6158         0.9        0          524      3503325    19558      47887.58   15064.86

Total Statistics
Type     Time(s)  Ops          TPS(ops/s)   Net(M/s)   Get_miss   Min(us)  Max(us)    Avg(us)    Std_dev    Geo_dist  
Period   10       62122        6212         0.8        0          849      1494760    19496      44103.31   14897.79
Global   250      1539725      6158         0.9        0          524      3503325    19558      47887.58   15064.86

[1;1H[2J
Get Statistics
Type     Time(s)  Ops          TPS(ops/s)   Net(M/s)   Get_miss   Min(us)  Max(us)    Avg(us)    Std_dev    Geo_dist  
Period   10       64432        6443         0.8        0          612      397635     18656      23557.87   15239.22
Global   260      1604157      6169         0.9        0          524      3503325    19522      47153.20   15071.83

Total Statistics
Type     Time(s)  Ops          TPS(ops/s)   Net(M/s)   Get_miss   Min(us)  Max(us)    Avg(us)    Std_dev    Geo_dist  
Period   10       64432        6443         0.8        0          612      397635     18655      23558.63   15237.04
Global   260      1604157      6169         0.9        0          524      3503325    19522      47153.20   15071.83

[1;1H[2J
Get Statistics
Type     Time(s)  Ops          TPS(ops/s)   Net(M/s)   Get_miss   Min(us)  Max(us)    Avg(us)    Std_dev    Geo_dist  
Period   10       60034        6003         0.8        0          911      798421     20108      35056.57   15146.87
Global   270      1664191      6163         0.8        0          524      3503325    19543      46771.43   15074.53

Total Statistics
Type     Time(s)  Ops          TPS(ops/s)   Net(M/s)   Get_miss   Min(us)  Max(us)    Avg(us)    Std_dev    Geo_dist  
Period   10       60034        6003         0.8        0          911      798421     20108      35056.57   15146.87
Global   270      1664191      6163         0.8        0          524      3503325    19543      46771.43   15074.53

[1;1H[2J
Get Statistics
Type     Time(s)  Ops          TPS(ops/s)   Net(M/s)   Get_miss   Min(us)  Max(us)    Avg(us)    Std_dev    Geo_dist  
Period   10       60474        6047         0.8        0          804      999118     19914      36856.86   15026.90
Global   280      1724665      6159         0.8        0          524      3503325    19556      46459.64   15072.86

Total Statistics
Type     Time(s)  Ops          TPS(ops/s)   Net(M/s)   Get_miss   Min(us)  Max(us)    Avg(us)    Std_dev    Geo_dist  
Period   10       60474        6047         0.8        0          804      999118     19914      36856.86   15026.90
Global   280      1724665      6159         0.8        0          524      3503325    19556      46459.64   15072.86

[1;1H[2J
Get Statistics
Type     Time(s)  Ops          TPS(ops/s)   Net(M/s)   Get_miss   Min(us)  Max(us)    Avg(us)    Std_dev    Geo_dist  
Period   10       63190        6319         0.8        0          927      707953     18928      35147.46   14848.50
Global   290      1787855      6165         0.9        0          524      3503325    19534      46107.21   15064.87

Total Statistics
Type     Time(s)  Ops          TPS(ops/s)   Net(M/s)   Get_miss   Min(us)  Max(us)    Avg(us)    Std_dev    Geo_dist  
Period   10       63190        6319         0.8        0          927      707953     18928      35147.46   14848.50
Global   290      1787855      6165         0.9        0          524      3503325    19534      46107.21   15064.87

[1;1H[2J
Get Statistics
Type     Time(s)  Ops          TPS(ops/s)   Net(M/s)   Get_miss   Min(us)  Max(us)    Avg(us)    Std_dev    Geo_dist  
Period   10       66389        6638         0.8        0          649      849043     18271      29901.88   14720.65
Global   300      1854244      6180         0.9        0          524      3503325    19489      45626.96   15052.41

Total Statistics
Type     Time(s)  Ops          TPS(ops/s)   Net(M/s)   Get_miss   Min(us)  Max(us)    Avg(us)    Std_dev    Geo_dist  
Period   10       66389        6638         0.8        0          649      849043     18271      29901.88   14720.65
Global   300      1854244      6180         0.9        0          524      3503325    19489      45626.96   15052.41

[1;1H[2J
Get Statistics
Type     Time(s)  Ops          TPS(ops/s)   Net(M/s)   Get_miss   Min(us)  Max(us)    Avg(us)    Std_dev    Geo_dist  
Period   10       60180        6018         0.8        0          1062     406119     19998      22991.32   16522.72
Global   310      1914424      6175         0.8        0          524      3503325    19505      45088.82   15096.57

Total Statistics
Type     Time(s)  Ops          TPS(ops/s)   Net(M/s)   Get_miss   Min(us)  Max(us)    Avg(us)    Std_dev    Geo_dist  
Period   10       60180        6018         0.8        0          1062     406119     19998      22991.32   16522.72
Global   310      1914424      6175         0.8        0          524      3503325    19505      45088.82   15096.57

[1;1H[2J
Get Statistics
Type     Time(s)  Ops          TPS(ops/s)   Net(M/s)   Get_miss   Min(us)  Max(us)    Avg(us)    Std_dev    Geo_dist  
Period   10       61487        6148         0.8        0          1027     530869     19613      30124.12   15166.10
Global   320      1975911      6174         0.8        0          524      3503325    19508      44698.89   15098.73

Total Statistics
Type     Time(s)  Ops          TPS(ops/s)   Net(M/s)   Get_miss   Min(us)  Max(us)    Avg(us)    Std_dev    Geo_dist  
Period   10       61487        6148         0.8        0          1027     530869     19613      30124.12   15166.10
Global   320      1975911      6174         0.8        0          524      3503325    19508      44698.89   15098.73

[1;1H[2J
Get Statistics
Type     Time(s)  Ops          TPS(ops/s)   Net(M/s)   Get_miss   Min(us)  Max(us)    Avg(us)    Std_dev    Geo_dist  
Period   10       66331        6633         0.8        0          892      232845     17940      19364.47   14874.18
Global   330      2042242      6188         0.9        0          524      3503325    19457      44106.19   15091.38

Total Statistics
Type     Time(s)  Ops          TPS(ops/s)   Net(M/s)   Get_miss   Min(us)  Max(us)    Avg(us)    Std_dev    Geo_dist  
Period   10       66331        6633         0.8        0          892      232845     17940      19364.47   14874.18
Global   330      2042242      6188         0.9        0          524      3503325    19457      44106.19   15091.38

[1;1H[2J
Get Statistics
Type     Time(s)  Ops          TPS(ops/s)   Net(M/s)   Get_miss   Min(us)  Max(us)    Avg(us)    Std_dev    Geo_dist  
Period   10       62232        6223         0.9        0          791      355771     19604      28626.34   15232.53
Global   340      2104474      6189         0.9        0          524      3503325    19462      43726.84   15095.54

Total Statistics
Type     Time(s)  Ops          TPS(ops/s)   Net(M/s)   Get_miss   Min(us)  Max(us)    Avg(us)    Std_dev    Geo_dist  
Period   10       62232        6223         0.9        0          791      355771     19604      28626.34   15232.53
Global   340      2104474      6189         0.9        0          524      3503325    19462      43726.84   15095.54

[1;1H[2J
Get Statistics
Type     Time(s)  Ops          TPS(ops/s)   Net(M/s)   Get_miss   Min(us)  Max(us)    Avg(us)    Std_dev    Geo_dist  
Period   10       66349        6634         0.9        0          883      1025880    18086      25951.66   14664.13
Global   350      2170823      6202         0.9        0          524      3503325    19420      43292.44   15082.17

Total Statistics
Type     Time(s)  Ops          TPS(ops/s)   Net(M/s)   Get_miss   Min(us)  Max(us)    Avg(us)    Std_dev    Geo_dist  
Period   10       66349        6634         0.9        0          883      1025880    18086      25951.66   14664.13
Global   350      2170823      6202         0.9        0          524      3503325    19420      43292.44   15082.17

[1;1H[2J
Get Statistics
Type     Time(s)  Ops          TPS(ops/s)   Net(M/s)   Get_miss   Min(us)  Max(us)    Avg(us)    Std_dev    Geo_dist  
Period   10       58198        5819         0.9        0          655      1267115    20625      45744.39   15090.36
Global   360      2229021      6191         0.8        0          524      3503325    19451      43358.85   15082.38

Total Statistics
Type     Time(s)  Ops          TPS(ops/s)   Net(M/s)   Get_miss   Min(us)  Max(us)    Avg(us)    Std_dev    Geo_dist  
Period   10       58198        5819         0.9        0          655      1267115    20625      45744.39   15090.36
Global   360      2229021      6191         0.8        0          524      3503325    19451      43358.85   15082.38

Get Statistics (2229141 events)
   Min:       524
   Max:   3503325
   Avg:     19464
   Geo:  15084.69
   Std:  43393.24
   Log2 Dist:
       8:        0        0      340     5780
      12:    24941    24760   1240814   811280
      16:    80269    19008    14226     5917
      20:     1094      501      211

Total Statistics (2229141 events)
   Min:       524
   Max:   3503325
   Avg:     19464
   Geo:  15084.69
   Std:  43393.24
   Log2 Dist:
       8:        0        0      340     5780
      12:    24941    24760   1240814   811280
      16:    80269    19008    14226     5917
      20:     1094      501      211

cmd_get: 2229261
cmd_set: 122880
get_misses: 0
written_bytes: 68701902
read_bytes: 368791305
object_bytes: 17694720

Run time: 361.4s Ops: 2352141 TPS: 6508 Net_rate: 1.2M/s
