servers : 10.0.0.6:11212
threads count: 120
concurrency: 120
run time: 360s
windows size: 1k
set proportion: set_prop=0.00
get proportion: get_prop=1.00
[1;1H[2J
Get Statistics
Type     Time(s)  Ops          TPS(ops/s)   Net(M/s)   Get_miss   Min(us)  Max(us)    Avg(us)    Std_dev    Geo_dist  
Period   10       63060        6306         0.9        0          938      202709     19159      15161.61   16146.72
Global   10       63060        6306         0.9        0          938      202709     19159      15161.61   16146.72

Total Statistics
Type     Time(s)  Ops          TPS(ops/s)   Net(M/s)   Get_miss   Min(us)  Max(us)    Avg(us)    Std_dev    Geo_dist  
Period   10       63060        6306         0.9        0          938      202709     19159      15161.61   16146.72
Global   10       63060        6306         0.9        0          938      202709     19159      15161.61   16146.72

[1;1H[2J
Get Statistics
Type     Time(s)  Ops          TPS(ops/s)   Net(M/s)   Get_miss   Min(us)  Max(us)    Avg(us)    Std_dev    Geo_dist  
Period   10       61920        6192         0.9        0          561      1193041    19534      42781.67   14910.96
Global   20       124980       6249         0.9        0          561      1193041    19345      31981.13   15522.18

Total Statistics
Type     Time(s)  Ops          TPS(ops/s)   Net(M/s)   Get_miss   Min(us)  Max(us)    Avg(us)    Std_dev    Geo_dist  
Period   10       61920        6192         0.9        0          561      1193041    19534      42781.67   14910.96
Global   20       124980       6249         0.9        0          561      1193041    19345      31981.13   15522.18

[1;1H[2J
Get Statistics
Type     Time(s)  Ops          TPS(ops/s)   Net(M/s)   Get_miss   Min(us)  Max(us)    Avg(us)    Std_dev    Geo_dist  
Period   10       64077        6407         0.9        0          858      695736     18866      31910.48   15027.52
Global   30       189057       6301         0.9        0          561      1193041    19183      31957.71   15352.73

Total Statistics
Type     Time(s)  Ops          TPS(ops/s)   Net(M/s)   Get_miss   Min(us)  Max(us)    Avg(us)    Std_dev    Geo_dist  
Period   10       64077        6407         0.9        0          858      695736     18866      31910.48   15027.52
Global   30       189057       6301         0.9        0          561      1193041    19183      31957.71   15352.73

[1;1H[2J
Get Statistics
Type     Time(s)  Ops          TPS(ops/s)   Net(M/s)   Get_miss   Min(us)  Max(us)    Avg(us)    Std_dev    Geo_dist  
Period   10       69093        6909         0.9        0          463      277546     17475      15499.34   14979.91
Global   40       258150       6453         0.9        0          463      1193041    18725      28510.49   15252.04

Total Statistics
Type     Time(s)  Ops          TPS(ops/s)   Net(M/s)   Get_miss   Min(us)  Max(us)    Avg(us)    Std_dev    Geo_dist  
Period   10       69093        6909         0.9        0          463      277546     17475      15499.34   14979.91
Global   40       258150       6453         0.9        0          463      1193041    18725      28510.49   15252.04

[1;1H[2J
Get Statistics
Type     Time(s)  Ops          TPS(ops/s)   Net(M/s)   Get_miss   Min(us)  Max(us)    Avg(us)    Std_dev    Geo_dist  
Period   10       58519        5851         0.9        0          944      495032     20642      33219.51   15544.31
Global   50       316669       6333         0.8        0          463      1193041    19080      29446.35   15305.64

Total Statistics
Type     Time(s)  Ops          TPS(ops/s)   Net(M/s)   Get_miss   Min(us)  Max(us)    Avg(us)    Std_dev    Geo_dist  
Period   10       58519        5851         0.9        0          944      495032     20642      33219.51   15544.31
Global   50       316669       6333         0.8        0          463      1193041    19080      29446.35   15305.64

[1;1H[2J
Get Statistics
Type     Time(s)  Ops          TPS(ops/s)   Net(M/s)   Get_miss   Min(us)  Max(us)    Avg(us)    Std_dev    Geo_dist  
Period   10       67845        6784         0.9        0          981      1180110    17760      37189.69   14025.31
Global   60       384514       6408         0.9        0          463      1193041    18847      30957.77   15071.53

Total Statistics
Type     Time(s)  Ops          TPS(ops/s)   Net(M/s)   Get_miss   Min(us)  Max(us)    Avg(us)    Std_dev    Geo_dist  
Period   10       67846        6784         0.9        0          981      1180110    17760      37189.38   14025.27
Global   60       384515       6408         0.9        0          463      1193041    18847      30957.72   15071.52

[1;1H[2J
Get Statistics
Type     Time(s)  Ops          TPS(ops/s)   Net(M/s)   Get_miss   Min(us)  Max(us)    Avg(us)    Std_dev    Geo_dist  
Period   10       62869        6286         0.9        0          961      528762     19124      26410.39   15303.44
Global   70       447383       6391         0.9        0          463      1193041    18886      30359.99   15104.22

Total Statistics
Type     Time(s)  Ops          TPS(ops/s)   Net(M/s)   Get_miss   Min(us)  Max(us)    Avg(us)    Std_dev    Geo_dist  
Period   10       62868        6286         0.9        0          961      528762     19124      26410.71   15305.78
Global   70       447383       6391         0.9        0          463      1193041    18886      30359.99   15104.22

[1;1H[2J
Get Statistics
Type     Time(s)  Ops          TPS(ops/s)   Net(M/s)   Get_miss   Min(us)  Max(us)    Avg(us)    Std_dev    Geo_dist  
Period   10       66584        6658         0.9        0          756      414996     18118      25348.83   14978.51
Global   80       513967       6424         0.9        0          463      1193041    18786      29759.83   15087.88

Total Statistics
Type     Time(s)  Ops          TPS(ops/s)   Net(M/s)   Get_miss   Min(us)  Max(us)    Avg(us)    Std_dev    Geo_dist  
Period   10       66584        6658         0.9        0          756      414996     18118      25348.83   14978.51
Global   80       513967       6424         0.9        0          463      1193041    18786      29759.83   15087.88

[1;1H[2J
Get Statistics
Type     Time(s)  Ops          TPS(ops/s)   Net(M/s)   Get_miss   Min(us)  Max(us)    Avg(us)    Std_dev    Geo_dist  
Period   10       53713        5371         0.9        0          884      2894462    22419      98954.07   14924.19
Global   90       567680       6307         0.7        0          463      2894462    19130      41586.65   15072.31

Total Statistics
Type     Time(s)  Ops          TPS(ops/s)   Net(M/s)   Get_miss   Min(us)  Max(us)    Avg(us)    Std_dev    Geo_dist  
Period   10       53713        5371         0.9        0          884      2894462    22419      98954.07   14924.19
Global   90       567680       6307         0.7        0          463      2894462    19130      41586.65   15072.31

[1;1H[2J
Get Statistics
Type     Time(s)  Ops          TPS(ops/s)   Net(M/s)   Get_miss   Min(us)  Max(us)    Avg(us)    Std_dev    Geo_dist  
Period   10       58491        5849         0.9        0          861      658757     20333      32564.49   15568.57
Global   100      626171       6261         0.8        0          463      2894462    19242      40830.04   15117.99

Total Statistics
Type     Time(s)  Ops          TPS(ops/s)   Net(M/s)   Get_miss   Min(us)  Max(us)    Avg(us)    Std_dev    Geo_dist  
Period   10       58491        5849         0.9        0          861      658757     20333      32564.49   15568.57
Global   100      626171       6261         0.8        0          463      2894462    19242      40830.04   15117.99

[1;1H[2J
Get Statistics
Type     Time(s)  Ops          TPS(ops/s)   Net(M/s)   Get_miss   Min(us)  Max(us)    Avg(us)    Std_dev    Geo_dist  
Period   10       58216        5821         0.9        0          860      920599     20664      41073.97   15150.16
Global   110      684387       6221         0.8        0          463      2894462    19363      40852.73   15120.72

Total Statistics
Type     Time(s)  Ops          TPS(ops/s)   Net(M/s)   Get_miss   Min(us)  Max(us)    Avg(us)    Std_dev    Geo_dist  
Period   10       58216        5821         0.9        0          860      920599     20664      41073.97   15150.16
Global   110      684387       6221         0.8        0          463      2894462    19363      40852.73   15120.72

[1;1H[2J
Get Statistics
Type     Time(s)  Ops          TPS(ops/s)   Net(M/s)   Get_miss   Min(us)  Max(us)    Avg(us)    Std_dev    Geo_dist  
Period   10       63625        6362         0.9        0          734      542588     19202      25419.97   15394.42
Global   120      748012       6233         0.9        0          463      2894462    19350      39773.40   15143.81

Total Statistics
Type     Time(s)  Ops          TPS(ops/s)   Net(M/s)   Get_miss   Min(us)  Max(us)    Avg(us)    Std_dev    Geo_dist  
Period   10       63625        6362         0.9        0          734      542588     19202      25419.97   15394.42
Global   120      748012       6233         0.9        0          463      2894462    19350      39773.40   15143.81

[1;1H[2J
Get Statistics
Type     Time(s)  Ops          TPS(ops/s)   Net(M/s)   Get_miss   Min(us)  Max(us)    Avg(us)    Std_dev    Geo_dist  
Period   10       55139        5513         0.8        0          849      440188     21012      25231.70   16797.59
Global   130      803151       6178         0.8        0          463      2894462    19464      38951.33   15251.95

Total Statistics
Type     Time(s)  Ops          TPS(ops/s)   Net(M/s)   Get_miss   Min(us)  Max(us)    Avg(us)    Std_dev    Geo_dist  
Period   10       55139        5513         0.8        0          849      440188     21012      25231.70   16797.59
Global   130      803151       6178         0.8        0          463      2894462    19464      38951.33   15251.95

[1;1H[2J
Get Statistics
Type     Time(s)  Ops          TPS(ops/s)   Net(M/s)   Get_miss   Min(us)  Max(us)    Avg(us)    Std_dev    Geo_dist  
Period   10       43539        4353         0.8        0          785      3184873    28725      144185.23  15398.37
Global   140      846690       6047         0.6        0          463      3184873    19940      50123.85   15259.45

Total Statistics
Type     Time(s)  Ops          TPS(ops/s)   Net(M/s)   Get_miss   Min(us)  Max(us)    Avg(us)    Std_dev    Geo_dist  
Period   10       43539        4353         0.8        0          785      3184873    28725      144185.23  15398.37
Global   140      846690       6047         0.6        0          463      3184873    19940      50123.85   15259.45

[1;1H[2J
Get Statistics
Type     Time(s)  Ops          TPS(ops/s)   Net(M/s)   Get_miss   Min(us)  Max(us)    Avg(us)    Std_dev    Geo_dist  
Period   10       53695        5369         0.8        0          734      3346893    22430      95018.30   14802.72
Global   150      900385       6002         0.7        0          463      3346893    20088      53864.17   15231.82

Total Statistics
Type     Time(s)  Ops          TPS(ops/s)   Net(M/s)   Get_miss   Min(us)  Max(us)    Avg(us)    Std_dev    Geo_dist  
Period   10       53695        5369         0.8        0          734      3346893    22430      95018.30   14802.72
Global   150      900385       6002         0.7        0          463      3346893    20088      53864.17   15231.82

[1;1H[2J
Get Statistics
Type     Time(s)  Ops          TPS(ops/s)   Net(M/s)   Get_miss   Min(us)  Max(us)    Avg(us)    Std_dev    Geo_dist  
Period   10       57889        5788         0.8        0          779      1207046    20821      43701.11   15308.41
Global   160      958274       5989         0.8        0          463      3346893    20133      53305.24   15236.43

Total Statistics
Type     Time(s)  Ops          TPS(ops/s)   Net(M/s)   Get_miss   Min(us)  Max(us)    Avg(us)    Std_dev    Geo_dist  
Period   10       57889        5788         0.8        0          779      1207046    20821      43701.11   15308.41
Global   160      958274       5989         0.8        0          463      3346893    20133      53305.24   15236.43

[1;1H[2J
Get Statistics
Type     Time(s)  Ops          TPS(ops/s)   Net(M/s)   Get_miss   Min(us)  Max(us)    Avg(us)    Std_dev    Geo_dist  
Period   10       69914        6991         0.8        0          847      368508     17234      19234.70   14588.01
Global   170      1028188      6048         1.0        0          463      3346893    19936      51709.98   15191.44

Total Statistics
Type     Time(s)  Ops          TPS(ops/s)   Net(M/s)   Get_miss   Min(us)  Max(us)    Avg(us)    Std_dev    Geo_dist  
Period   10       69914        6991         0.8        0          847      368508     17234      19234.70   14588.01
Global   170      1028188      6048         1.0        0          463      3346893    19936      51709.98   15191.44

[1;1H[2J
Get Statistics
Type     Time(s)  Ops          TPS(ops/s)   Net(M/s)   Get_miss   Min(us)  Max(us)    Avg(us)    Std_dev    Geo_dist  
Period   10       66224        6622         0.8        0          1025     402663     18189      23179.88   15059.11
Global   180      1094412      6080         0.9        0          463      3346893    19830      50446.18   15183.40

Total Statistics
Type     Time(s)  Ops          TPS(ops/s)   Net(M/s)   Get_miss   Min(us)  Max(us)    Avg(us)    Std_dev    Geo_dist  
Period   10       66224        6622         0.8        0          1025     402663     18189      23179.88   15059.11
Global   180      1094412      6080         0.9        0          463      3346893    19830      50446.18   15183.40

[1;1H[2J
Get Statistics
Type     Time(s)  Ops          TPS(ops/s)   Net(M/s)   Get_miss   Min(us)  Max(us)    Avg(us)    Std_dev    Geo_dist  
Period   10       54699        5469         0.8        0          871      1912529    22021      89058.36   15014.16
Global   190      1149111      6047         0.8        0          463      3346893    19934      52928.70   15175.30

Total Statistics
Type     Time(s)  Ops          TPS(ops/s)   Net(M/s)   Get_miss   Min(us)  Max(us)    Avg(us)    Std_dev    Geo_dist  
Period   10       54699        5469         0.8        0          871      1912529    22021      89058.36   15014.16
Global   190      1149111      6047         0.8        0          463      3346893    19934      52928.70   15175.30

[1;1H[2J
Get Statistics
Type     Time(s)  Ops          TPS(ops/s)   Net(M/s)   Get_miss   Min(us)  Max(us)    Avg(us)    Std_dev    Geo_dist  
Period   10       72623        7262         0.8        0          1004     201374     16367      12826.85   14436.78
Global   200      1221734      6108         1.0        0          463      3346893    19722      51433.57   15130.37

Total Statistics
Type     Time(s)  Ops          TPS(ops/s)   Net(M/s)   Get_miss   Min(us)  Max(us)    Avg(us)    Std_dev    Geo_dist  
Period   10       72623        7262         0.8        0          1004     201374     16366      12827.86   14434.79
Global   200      1221734      6108         1.0        0          463      3346893    19722      51433.57   15130.37

[1;1H[2J
Get Statistics
Type     Time(s)  Ops          TPS(ops/s)   Net(M/s)   Get_miss   Min(us)  Max(us)    Avg(us)    Std_dev    Geo_dist  
Period   10       65063        6506         0.8        0          1021     695748     18756      28450.75   15029.78
Global   210      1286797      6127         0.9        0          463      3346893    19673      50523.58   15125.26

Total Statistics
Type     Time(s)  Ops          TPS(ops/s)   Net(M/s)   Get_miss   Min(us)  Max(us)    Avg(us)    Std_dev    Geo_dist  
Period   10       65063        6506         0.8        0          1021     695748     18756      28450.75   15029.78
Global   210      1286797      6127         0.9        0          463      3346893    19673      50523.58   15125.26

[1;1H[2J
Get Statistics
Type     Time(s)  Ops          TPS(ops/s)   Net(M/s)   Get_miss   Min(us)  Max(us)    Avg(us)    Std_dev    Geo_dist  
Period   10       56259        5625         0.8        0          826      576250     21435      36423.48   15856.56
Global   220      1343056      6104         0.8        0          463      3346893    19747      50013.94   15155.21

Total Statistics
Type     Time(s)  Ops          TPS(ops/s)   Net(M/s)   Get_miss   Min(us)  Max(us)    Avg(us)    Std_dev    Geo_dist  
Period   10       56259        5625         0.8        0          826      576250     21435      36423.48   15856.56
Global   220      1343056      6104         0.8        0          463      3346893    19747      50013.94   15155.21

[1;1H[2J
Get Statistics
Type     Time(s)  Ops          TPS(ops/s)   Net(M/s)   Get_miss   Min(us)  Max(us)    Avg(us)    Std_dev    Geo_dist  
Period   10       62788        6278         0.8        0          672      387249     19178      25728.27   15479.61
Global   230      1405844      6112         0.9        0          463      3346893    19722      49185.74   15169.55

Total Statistics
Type     Time(s)  Ops          TPS(ops/s)   Net(M/s)   Get_miss   Min(us)  Max(us)    Avg(us)    Std_dev    Geo_dist  
Period   10       62788        6278         0.8        0          672      387249     19177      25728.92   15474.95
Global   230      1405844      6112         0.9        0          463      3346893    19722      49185.74   15169.55

[1;1H[2J
Get Statistics
Type     Time(s)  Ops          TPS(ops/s)   Net(M/s)   Get_miss   Min(us)  Max(us)    Avg(us)    Std_dev    Geo_dist  
Period   10       65511        6551         0.8        0          627      301691     18392      20321.68   15187.11
Global   240      1471355      6130         0.9        0          463      3346893    19662      48270.23   15170.33

Total Statistics
Type     Time(s)  Ops          TPS(ops/s)   Net(M/s)   Get_miss   Min(us)  Max(us)    Avg(us)    Std_dev    Geo_dist  
Period   10       65511        6551         0.8        0          627      301691     18392      20321.68   15187.11
Global   240      1471355      6130         0.9        0          463      3346893    19662      48270.23   15170.33

[1;1H[2J
Get Statistics
Type     Time(s)  Ops          TPS(ops/s)   Net(M/s)   Get_miss   Min(us)  Max(us)    Avg(us)    Std_dev    Geo_dist  
Period   10       62814        6281         0.8        0          974      1479282    19174      43732.18   14882.97
Global   250      1534169      6136         0.9        0          463      3346893    19642      48092.93   15158.46

Total Statistics
Type     Time(s)  Ops          TPS(ops/s)   Net(M/s)   Get_miss   Min(us)  Max(us)    Avg(us)    Std_dev    Geo_dist  
Period   10       62814        6281         0.8        0          974      1479282    19174      43732.18   14882.97
Global   250      1534169      6136         0.9        0          463      3346893    19642      48092.93   15158.46

[1;1H[2J
Get Statistics
Type     Time(s)  Ops          TPS(ops/s)   Net(M/s)   Get_miss   Min(us)  Max(us)    Avg(us)    Std_dev    Geo_dist  
Period   10       63184        6318         0.8        0          889      399239     19063      24716.98   15404.39
Global   260      1597353      6143         0.9        0          463      3346893    19619      47388.00   15168.11

Total Statistics
Type     Time(s)  Ops          TPS(ops/s)   Net(M/s)   Get_miss   Min(us)  Max(us)    Avg(us)    Std_dev    Geo_dist  
Period   10       63184        6318         0.8        0          889      399239     19063      24716.98   15404.39
Global   260      1597353      6143         0.9        0          463      3346893    19619      47388.00   15168.11

[1;1H[2J
Get Statistics
Type     Time(s)  Ops          TPS(ops/s)   Net(M/s)   Get_miss   Min(us)  Max(us)    Avg(us)    Std_dev    Geo_dist  
Period   10       61485        6148         0.8        0          822      1000109    19596      34319.15   14998.52
Global   270      1658838      6143         0.8        0          463      3346893    19619      46968.18   15161.79

Total Statistics
Type     Time(s)  Ops          TPS(ops/s)   Net(M/s)   Get_miss   Min(us)  Max(us)    Avg(us)    Std_dev    Geo_dist  
Period   10       61485        6148         0.8        0          822      1000109    19596      34319.15   14998.52
Global   270      1658838      6143         0.8        0          463      3346893    19619      46968.18   15161.79

[1;1H[2J
Get Statistics
Type     Time(s)  Ops          TPS(ops/s)   Net(M/s)   Get_miss   Min(us)  Max(us)    Avg(us)    Std_dev    Geo_dist  
Period   10       60685        6068         0.8        0          961      999352     19845      37244.61   14950.39
Global   280      1719523      6141         0.8        0          463      3346893    19627      46659.52   15154.28

Total Statistics
Type     Time(s)  Ops          TPS(ops/s)   Net(M/s)   Get_miss   Min(us)  Max(us)    Avg(us)    Std_dev    Geo_dist  
Period   10       60685        6068         0.8        0          961      999352     19845      37244.61   14950.39
Global   280      1719523      6141         0.8        0          463      3346893    19627      46659.52   15154.28

[1;1H[2J
Get Statistics
Type     Time(s)  Ops          TPS(ops/s)   Net(M/s)   Get_miss   Min(us)  Max(us)    Avg(us)    Std_dev    Geo_dist  
Period   10       63327        6332         0.8        0          919      1222190    19013      38913.35   14763.03
Global   290      1782850      6147         0.9        0          463      3346893    19605      46406.74   15140.21

Total Statistics
Type     Time(s)  Ops          TPS(ops/s)   Net(M/s)   Get_miss   Min(us)  Max(us)    Avg(us)    Std_dev    Geo_dist  
Period   10       63327        6332         0.8        0          919      1222190    19013      38913.35   14763.03
Global   290      1782850      6147         0.9        0          463      3346893    19605      46406.74   15140.21

[1;1H[2J
Get Statistics
Type     Time(s)  Ops          TPS(ops/s)   Net(M/s)   Get_miss   Min(us)  Max(us)    Avg(us)    Std_dev    Geo_dist  
Period   10       66773        6677         0.8        0          630      1046907    18049      29173.28   14616.85
Global   300      1849623      6165         0.9        0          463      3346893    19549      45898.16   15120.99

Total Statistics
Type     Time(s)  Ops          TPS(ops/s)   Net(M/s)   Get_miss   Min(us)  Max(us)    Avg(us)    Std_dev    Geo_dist  
Period   10       66773        6677         0.8        0          630      1046907    18049      29173.28   14616.85
Global   300      1849623      6165         0.9        0          463      3346893    19549      45898.16   15120.99

[1;1H[2J
Get Statistics
Type     Time(s)  Ops          TPS(ops/s)   Net(M/s)   Get_miss   Min(us)  Max(us)    Avg(us)    Std_dev    Geo_dist  
Period   10       60291        6029         0.8        0          1060     406895     19982      22912.08   16567.34
Global   310      1909914      6161         0.8        0          463      3346893    19562      45351.33   15164.66

Total Statistics
Type     Time(s)  Ops          TPS(ops/s)   Net(M/s)   Get_miss   Min(us)  Max(us)    Avg(us)    Std_dev    Geo_dist  
Period   10       60291        6029         0.8        0          1060     406895     19982      22912.08   16567.34
Global   310      1909914      6161         0.8        0          463      3346893    19562      45351.33   15164.66

[1;1H[2J
Get Statistics
Type     Time(s)  Ops          TPS(ops/s)   Net(M/s)   Get_miss   Min(us)  Max(us)    Avg(us)    Std_dev    Geo_dist  
Period   10       61548        6154         0.8        0          871      555888     19582      30072.80   15122.66
Global   320      1971462      6160         0.8        0          463      3346893    19563      44952.77   15163.35

Total Statistics
Type     Time(s)  Ops          TPS(ops/s)   Net(M/s)   Get_miss   Min(us)  Max(us)    Avg(us)    Std_dev    Geo_dist  
Period   10       61548        6154         0.8        0          871      555888     19582      30072.80   15122.66
Global   320      1971462      6160         0.8        0          463      3346893    19563      44952.77   15163.35

[1;1H[2J
Get Statistics
Type     Time(s)  Ops          TPS(ops/s)   Net(M/s)   Get_miss   Min(us)  Max(us)    Avg(us)    Std_dev    Geo_dist  
Period   10       65898        6589         0.8        0          769      243990     18287      20757.47   15039.77
Global   330      2037360      6173         0.9        0          463      3346893    19522      44377.56   15159.33

Total Statistics
Type     Time(s)  Ops          TPS(ops/s)   Net(M/s)   Get_miss   Min(us)  Max(us)    Avg(us)    Std_dev    Geo_dist  
Period   10       65898        6589         0.8        0          769      243990     18287      20757.47   15039.77
Global   330      2037360      6173         0.9        0          463      3346893    19522      44377.56   15159.33

[1;1H[2J
Get Statistics
Type     Time(s)  Ops          TPS(ops/s)   Net(M/s)   Get_miss   Min(us)  Max(us)    Avg(us)    Std_dev    Geo_dist  
Period   10       62235        6223         0.8        0          970      350637     19212      27562.25   15129.12
Global   340      2099595      6175         0.9        0          463      3346893    19513      43971.64   15158.44

Total Statistics
Type     Time(s)  Ops          TPS(ops/s)   Net(M/s)   Get_miss   Min(us)  Max(us)    Avg(us)    Std_dev    Geo_dist  
Period   10       62235        6223         0.8        0          970      350637     19212      27562.25   15129.12
Global   340      2099595      6175         0.9        0          463      3346893    19513      43971.64   15158.44

[1;1H[2J
Get Statistics
Type     Time(s)  Ops          TPS(ops/s)   Net(M/s)   Get_miss   Min(us)  Max(us)    Avg(us)    Std_dev    Geo_dist  
Period   10       66892        6689         0.9        0          847      735777     18137      25970.10   14612.62
Global   350      2166487      6189         0.9        0          463      3346893    19470      43528.24   15141.28

Total Statistics
Type     Time(s)  Ops          TPS(ops/s)   Net(M/s)   Get_miss   Min(us)  Max(us)    Avg(us)    Std_dev    Geo_dist  
Period   10       66892        6689         0.9        0          847      735777     18137      25970.10   14612.62
Global   350      2166487      6189         0.9        0          463      3346893    19470      43528.24   15141.28

[1;1H[2J
Get Statistics
Type     Time(s)  Ops          TPS(ops/s)   Net(M/s)   Get_miss   Min(us)  Max(us)    Avg(us)    Std_dev    Geo_dist  
Period   10       57418        5741         0.8        0          955      1266766    20934      46282.65   15193.32
Global   360      2223905      6177         0.8        0          463      3346893    19508      43602.06   15142.62

Total Statistics
Type     Time(s)  Ops          TPS(ops/s)   Net(M/s)   Get_miss   Min(us)  Max(us)    Avg(us)    Std_dev    Geo_dist  
Period   10       57418        5741         0.8        0          955      1266766    20934      46282.65   15193.32
Global   360      2223905      6177         0.8        0          463      3346893    19508      43602.06   15142.62

Get Statistics (2224025 events)
   Min:       463
   Max:   3346893
   Avg:     19509
   Geo:  15143.07
   Std:  43605.69
   Log2 Dist:
       8:        0        1      311     5132
      12:    23570    24936   1235283   814663
      16:    79324    18794    14305     5886
      20:     1099      502      219

Total Statistics (2224025 events)
   Min:       463
   Max:   3346893
   Avg:     19509
   Geo:  15143.07
   Std:  43605.69
   Log2 Dist:
       8:        0        1      311     5132
      12:    23570    24936   1235283   814663
      16:    79324    18794    14305     5886
      20:     1099      502      219

cmd_get: 2224145
cmd_set: 122880
get_misses: 0
written_bytes: 68589350
read_bytes: 367947165
object_bytes: 17694720

Run time: 361.6s Ops: 2347025 TPS: 6490 Net_rate: 1.2M/s
