servers : 10.0.0.6:11212
threads count: 168
concurrency: 168
run time: 360s
windows size: 1k
set proportion: set_prop=0.00
get proportion: get_prop=1.00
[1;1H[2J
Get Statistics
Type     Time(s)  Ops          TPS(ops/s)   Net(M/s)   Get_miss   Min(us)  Max(us)    Avg(us)    Std_dev    Geo_dist  
Period   10       22793        2279         0.3        0          428      463669     72772      133546.18  13005.87
Global   10       22793        2279         0.3        0          428      463669     72772      133546.18  13005.87

Total Statistics
Type     Time(s)  Ops          TPS(ops/s)   Net(M/s)   Get_miss   Min(us)  Max(us)    Avg(us)    Std_dev    Geo_dist  
Period   10       22793        2279         0.3        0          428      463669     72772      133546.18  13005.87
Global   10       22793        2279         0.3        0          428      463669     72772      133546.18  13005.87

[1;1H[2J
Get Statistics
Type     Time(s)  Ops          TPS(ops/s)   Net(M/s)   Get_miss   Min(us)  Max(us)    Avg(us)    Std_dev    Geo_dist  
Period   10       21938        2193         0.3        0          378      421704     76948      135899.96  14474.52
Global   20       44731        2236         0.3        0          378      463669     74820      134720.43  13706.53

Total Statistics
Type     Time(s)  Ops          TPS(ops/s)   Net(M/s)   Get_miss   Min(us)  Max(us)    Avg(us)    Std_dev    Geo_dist  
Period   10       21938        2193         0.3        0          378      421704     76948      135899.96  14474.52
Global   20       44731        2236         0.3        0          378      463669     74820      134720.43  13706.53

[1;1H[2J
Get Statistics
Type     Time(s)  Ops          TPS(ops/s)   Net(M/s)   Get_miss   Min(us)  Max(us)    Avg(us)    Std_dev    Geo_dist  
Period   10       21046        2104         0.3        0          401      557697     79949      144146.23  14631.02
Global   30       65777        2192         0.3        0          378      557697     76461      137826.18  13995.79

Total Statistics
Type     Time(s)  Ops          TPS(ops/s)   Net(M/s)   Get_miss   Min(us)  Max(us)    Avg(us)    Std_dev    Geo_dist  
Period   10       21046        2104         0.3        0          401      557697     79949      144146.23  14631.02
Global   30       65777        2192         0.3        0          378      557697     76461      137826.18  13995.79

[1;1H[2J
Get Statistics
Type     Time(s)  Ops          TPS(ops/s)   Net(M/s)   Get_miss   Min(us)  Max(us)    Avg(us)    Std_dev    Geo_dist  
Period   10       21456        2145         0.3        0          431      503052     78429      142782.10  13787.37
Global   40       87233        2180         0.3        0          378      557697     76945      139063.31  13944.24

Total Statistics
Type     Time(s)  Ops          TPS(ops/s)   Net(M/s)   Get_miss   Min(us)  Max(us)    Avg(us)    Std_dev    Geo_dist  
Period   10       21456        2145         0.3        0          431      503052     78429      142782.10  13787.37
Global   40       87233        2180         0.3        0          378      557697     76945      139063.31  13944.24

[1;1H[2J
Get Statistics
Type     Time(s)  Ops          TPS(ops/s)   Net(M/s)   Get_miss   Min(us)  Max(us)    Avg(us)    Std_dev    Geo_dist  
Period   10       21440        2144         0.3        0          371      520571     79094      144233.29  13029.79
Global   50       108673       2173         0.3        0          371      557697     77369      140100.32  13758.88

Total Statistics
Type     Time(s)  Ops          TPS(ops/s)   Net(M/s)   Get_miss   Min(us)  Max(us)    Avg(us)    Std_dev    Geo_dist  
Period   10       21440        2144         0.3        0          371      520571     79094      144233.29  13029.79
Global   50       108673       2173         0.3        0          371      557697     77369      140100.32  13758.88

[1;1H[2J
Get Statistics
Type     Time(s)  Ops          TPS(ops/s)   Net(M/s)   Get_miss   Min(us)  Max(us)    Avg(us)    Std_dev    Geo_dist  
Period   10       21506        2150         0.3        0          364      460895     78393      139916.57  14154.48
Global   60       130179       2169         0.3        0          364      557697     77538      140070.05  13823.47

Total Statistics
Type     Time(s)  Ops          TPS(ops/s)   Net(M/s)   Get_miss   Min(us)  Max(us)    Avg(us)    Std_dev    Geo_dist  
Period   10       21506        2150         0.3        0          364      460895     78393      139916.57  14154.48
Global   60       130179       2169         0.3        0          364      557697     77538      140070.05  13823.47

[1;1H[2J
Get Statistics
Type     Time(s)  Ops          TPS(ops/s)   Net(M/s)   Get_miss   Min(us)  Max(us)    Avg(us)    Std_dev    Geo_dist  
Period   10       21457        2145         0.3        0          380      465185     78656      142171.54  13692.77
Global   70       151636       2166         0.3        0          364      557697     77696      140369.51  13804.90

Total Statistics
Type     Time(s)  Ops          TPS(ops/s)   Net(M/s)   Get_miss   Min(us)  Max(us)    Avg(us)    Std_dev    Geo_dist  
Period   10       21457        2145         0.3        0          380      465185     78656      142171.54  13692.77
Global   70       151636       2166         0.3        0          364      557697     77696      140369.51  13804.90

[1;1H[2J
Get Statistics
Type     Time(s)  Ops          TPS(ops/s)   Net(M/s)   Get_miss   Min(us)  Max(us)    Avg(us)    Std_dev    Geo_dist  
Period   10       21492        2149         0.3        0          415      475544     78396      138338.52  14337.69
Global   80       173128       2164         0.3        0          364      557697     77783      140118.72  13869.95

Total Statistics
Type     Time(s)  Ops          TPS(ops/s)   Net(M/s)   Get_miss   Min(us)  Max(us)    Avg(us)    Std_dev    Geo_dist  
Period   10       21492        2149         0.3        0          415      475544     78396      138338.52  14337.69
Global   80       173128       2164         0.3        0          364      557697     77783      140118.72  13869.95

[1;1H[2J
Get Statistics
Type     Time(s)  Ops          TPS(ops/s)   Net(M/s)   Get_miss   Min(us)  Max(us)    Avg(us)    Std_dev    Geo_dist  
Period   10       20426        2042         0.3        0          408      478401     82374      147336.86  14149.04
Global   90       193554       2150         0.3        0          364      557697     78268      140904.30  13899.14

Total Statistics
Type     Time(s)  Ops          TPS(ops/s)   Net(M/s)   Get_miss   Min(us)  Max(us)    Avg(us)    Std_dev    Geo_dist  
Period   10       20426        2042         0.3        0          408      478401     82374      147336.86  14149.04
Global   90       193554       2150         0.3        0          364      557697     78268      140904.30  13899.14

[1;1H[2J
Get Statistics
Type     Time(s)  Ops          TPS(ops/s)   Net(M/s)   Get_miss   Min(us)  Max(us)    Avg(us)    Std_dev    Geo_dist  
Period   10       20688        2068         0.3        0          411      478760     81852      146136.02  13244.41
Global   100      214242       2142         0.3        0          364      557697     78614      141421.60  13834.53

Total Statistics
Type     Time(s)  Ops          TPS(ops/s)   Net(M/s)   Get_miss   Min(us)  Max(us)    Avg(us)    Std_dev    Geo_dist  
Period   10       20688        2068         0.3        0          411      478760     81852      146136.02  13244.41
Global   100      214242       2142         0.3        0          364      557697     78614      141421.60  13834.53

[1;1H[2J
Get Statistics
Type     Time(s)  Ops          TPS(ops/s)   Net(M/s)   Get_miss   Min(us)  Max(us)    Avg(us)    Std_dev    Geo_dist  
Period   10       21399        2139         0.3        0          390      632614     78619      144631.30  12764.23
Global   110      235641       2142         0.3        0          364      632614     78614      141716.02  13733.73

Total Statistics
Type     Time(s)  Ops          TPS(ops/s)   Net(M/s)   Get_miss   Min(us)  Max(us)    Avg(us)    Std_dev    Geo_dist  
Period   10       21399        2139         0.3        0          390      632614     78619      144631.30  12764.23
Global   110      235641       2142         0.3        0          364      632614     78614      141716.02  13733.73

[1;1H[2J
Get Statistics
Type     Time(s)  Ops          TPS(ops/s)   Net(M/s)   Get_miss   Min(us)  Max(us)    Avg(us)    Std_dev    Geo_dist  
Period   10       21300        2130         0.3        0          408      452236     79197      143211.56  13079.04
Global   120      256941       2141         0.3        0          364      632614     78663      141840.03  13678.24

Total Statistics
Type     Time(s)  Ops          TPS(ops/s)   Net(M/s)   Get_miss   Min(us)  Max(us)    Avg(us)    Std_dev    Geo_dist  
Period   10       21300        2130         0.3        0          408      452236     79197      143211.56  13079.04
Global   120      256941       2141         0.3        0          364      632614     78663      141840.03  13678.24

[1;1H[2J
Get Statistics
Type     Time(s)  Ops          TPS(ops/s)   Net(M/s)   Get_miss   Min(us)  Max(us)    Avg(us)    Std_dev    Geo_dist  
Period   10       21180        2118         0.3        0          379      439686     79939      142921.91  13655.40
Global   130      278121       2139         0.3        0          364      632614     78760      141922.95  13676.50

Total Statistics
Type     Time(s)  Ops          TPS(ops/s)   Net(M/s)   Get_miss   Min(us)  Max(us)    Avg(us)    Std_dev    Geo_dist  
Period   10       21180        2118         0.3        0          379      439686     79939      142921.91  13655.40
Global   130      278121       2139         0.3        0          364      632614     78760      141922.95  13676.50

[1;1H[2J
Get Statistics
Type     Time(s)  Ops          TPS(ops/s)   Net(M/s)   Get_miss   Min(us)  Max(us)    Avg(us)    Std_dev    Geo_dist  
Period   10       22372        2237         0.3        0          425      407391     74190      131555.82  14559.43
Global   140      300493       2146         0.3        0          364      632614     78420      141182.10  13740.35

Total Statistics
Type     Time(s)  Ops          TPS(ops/s)   Net(M/s)   Get_miss   Min(us)  Max(us)    Avg(us)    Std_dev    Geo_dist  
Period   10       22372        2237         0.3        0          425      407391     74190      131555.82  14559.43
Global   140      300493       2146         0.3        0          364      632614     78420      141182.10  13740.35

[1;1H[2J
Get Statistics
Type     Time(s)  Ops          TPS(ops/s)   Net(M/s)   Get_miss   Min(us)  Max(us)    Avg(us)    Std_dev    Geo_dist  
Period   10       20670        2067         0.3        0          367      657890     82557      154229.97  13644.67
Global   150      321163       2141         0.3        0          364      657890     78686      142061.46  13734.17

Total Statistics
Type     Time(s)  Ops          TPS(ops/s)   Net(M/s)   Get_miss   Min(us)  Max(us)    Avg(us)    Std_dev    Geo_dist  
Period   10       20670        2067         0.3        0          367      657890     82557      154229.97  13644.67
Global   150      321163       2141         0.3        0          364      657890     78686      142061.46  13734.17

[1;1H[2J
Get Statistics
Type     Time(s)  Ops          TPS(ops/s)   Net(M/s)   Get_miss   Min(us)  Max(us)    Avg(us)    Std_dev    Geo_dist  
Period   10       21060        2106         0.3        0          402      477395     80114      141310.52  14205.90
Global   160      342223       2138         0.3        0          364      657890     78774      142015.50  13762.74

Total Statistics
Type     Time(s)  Ops          TPS(ops/s)   Net(M/s)   Get_miss   Min(us)  Max(us)    Avg(us)    Std_dev    Geo_dist  
Period   10       21060        2106         0.3        0          402      477395     80114      141310.52  14205.90
Global   160      342223       2138         0.3        0          364      657890     78774      142015.50  13762.74

[1;1H[2J
Get Statistics
Type     Time(s)  Ops          TPS(ops/s)   Net(M/s)   Get_miss   Min(us)  Max(us)    Avg(us)    Std_dev    Geo_dist  
Period   10       21522        2152         0.3        0          390      453153     78580      141422.94  13376.34
Global   170      363745       2139         0.3        0          364      657890     78762      141980.61  13739.57

Total Statistics
Type     Time(s)  Ops          TPS(ops/s)   Net(M/s)   Get_miss   Min(us)  Max(us)    Avg(us)    Std_dev    Geo_dist  
Period   10       21522        2152         0.3        0          390      453153     78580      141422.94  13376.34
Global   170      363745       2139         0.3        0          364      657890     78762      141980.61  13739.57

[1;1H[2J
Get Statistics
Type     Time(s)  Ops          TPS(ops/s)   Net(M/s)   Get_miss   Min(us)  Max(us)    Avg(us)    Std_dev    Geo_dist  
Period   10       21752        2175         0.3        0          363      461090     77698      140675.86  14396.82
Global   180      385497       2141         0.3        0          363      657890     78702      141907.32  13775.84

Total Statistics
Type     Time(s)  Ops          TPS(ops/s)   Net(M/s)   Get_miss   Min(us)  Max(us)    Avg(us)    Std_dev    Geo_dist  
Period   10       21752        2175         0.3        0          363      461090     77698      140675.86  14396.82
Global   180      385497       2141         0.3        0          363      657890     78702      141907.32  13775.84

[1;1H[2J
Get Statistics
Type     Time(s)  Ops          TPS(ops/s)   Net(M/s)   Get_miss   Min(us)  Max(us)    Avg(us)    Std_dev    Geo_dist  
Period   10       21245        2124         0.3        0          396      457885     79401      140536.39  14381.80
Global   190      406742       2140         0.3        0          363      657890     78739      141835.68  13806.85

Total Statistics
Type     Time(s)  Ops          TPS(ops/s)   Net(M/s)   Get_miss   Min(us)  Max(us)    Avg(us)    Std_dev    Geo_dist  
Period   10       21245        2124         0.3        0          396      457885     79401      140536.39  14381.80
Global   190      406742       2140         0.3        0          363      657890     78739      141835.68  13806.85

[1;1H[2J
Get Statistics
Type     Time(s)  Ops          TPS(ops/s)   Net(M/s)   Get_miss   Min(us)  Max(us)    Avg(us)    Std_dev    Geo_dist  
Period   10       21016        2101         0.3        0          395      457215     80418      146719.80  13692.93
Global   200      427758       2138         0.3        0          363      657890     78821      142080.12  13801.23

Total Statistics
Type     Time(s)  Ops          TPS(ops/s)   Net(M/s)   Get_miss   Min(us)  Max(us)    Avg(us)    Std_dev    Geo_dist  
Period   10       21016        2101         0.3        0          395      457215     80418      146719.80  13692.93
Global   200      427758       2138         0.3        0          363      657890     78821      142080.12  13801.23

[1;1H[2J
Get Statistics
Type     Time(s)  Ops          TPS(ops/s)   Net(M/s)   Get_miss   Min(us)  Max(us)    Avg(us)    Std_dev    Geo_dist  
Period   10       21042        2104         0.3        0          399      450925     79538      142740.17  14120.17
Global   210      448800       2137         0.3        0          363      657890     78855      142110.85  13816.03

Total Statistics
Type     Time(s)  Ops          TPS(ops/s)   Net(M/s)   Get_miss   Min(us)  Max(us)    Avg(us)    Std_dev    Geo_dist  
Period   10       21042        2104         0.3        0          399      450925     79538      142740.17  14120.17
Global   210      448800       2137         0.3        0          363      657890     78855      142110.85  13816.03

[1;1H[2J
Get Statistics
Type     Time(s)  Ops          TPS(ops/s)   Net(M/s)   Get_miss   Min(us)  Max(us)    Avg(us)    Std_dev    Geo_dist  
Period   10       22259        2225         0.3        0          398      426494     76156      134401.47  15639.61
Global   220      471059       2141         0.3        0          363      657890     78727      141757.27  13897.20

Total Statistics
Type     Time(s)  Ops          TPS(ops/s)   Net(M/s)   Get_miss   Min(us)  Max(us)    Avg(us)    Std_dev    Geo_dist  
Period   10       22259        2225         0.3        0          398      426494     76156      134401.47  15639.61
Global   220      471059       2141         0.3        0          363      657890     78727      141757.27  13897.20

[1;1H[2J
Get Statistics
Type     Time(s)  Ops          TPS(ops/s)   Net(M/s)   Get_miss   Min(us)  Max(us)    Avg(us)    Std_dev    Geo_dist  
Period   10       21389        2138         0.3        0          397      453766     78874      140661.44  14834.09
Global   230      492448       2141         0.3        0          363      657890     78734      141709.37  13936.64

Total Statistics
Type     Time(s)  Ops          TPS(ops/s)   Net(M/s)   Get_miss   Min(us)  Max(us)    Avg(us)    Std_dev    Geo_dist  
Period   10       21389        2138         0.3        0          397      453766     78874      140661.44  14834.09
Global   230      492448       2141         0.3        0          363      657890     78734      141709.37  13936.64

[1;1H[2J
Get Statistics
Type     Time(s)  Ops          TPS(ops/s)   Net(M/s)   Get_miss   Min(us)  Max(us)    Avg(us)    Std_dev    Geo_dist  
Period   10       20702        2070         0.3        0          381      440844     81228      141940.80  16752.08
Global   240      513150       2138         0.3        0          363      657890     78834      141719.77  14040.48

Total Statistics
Type     Time(s)  Ops          TPS(ops/s)   Net(M/s)   Get_miss   Min(us)  Max(us)    Avg(us)    Std_dev    Geo_dist  
Period   10       20702        2070         0.3        0          381      440844     81228      141940.80  16752.08
Global   240      513150       2138         0.3        0          363      657890     78834      141719.77  14040.48

[1;1H[2J
Get Statistics
Type     Time(s)  Ops          TPS(ops/s)   Net(M/s)   Get_miss   Min(us)  Max(us)    Avg(us)    Std_dev    Geo_dist  
Period   10       19925        1992         0.3        0          413      481801     85009      153590.18  14813.13
Global   250      533075       2132         0.3        0          363      657890     79065      142185.85  14068.62

Total Statistics
Type     Time(s)  Ops          TPS(ops/s)   Net(M/s)   Get_miss   Min(us)  Max(us)    Avg(us)    Std_dev    Geo_dist  
Period   10       19925        1992         0.3        0          413      481801     85009      153590.18  14813.13
Global   250      533075       2132         0.3        0          363      657890     79065      142185.85  14068.62

[1;1H[2J
Get Statistics
Type     Time(s)  Ops          TPS(ops/s)   Net(M/s)   Get_miss   Min(us)  Max(us)    Avg(us)    Std_dev    Geo_dist  
Period   10       20875        2087         0.3        0          379      461248     80607      141641.85  16107.06
Global   260      553950       2130         0.3        0          363      657890     79123      142165.62  14140.54

Total Statistics
Type     Time(s)  Ops          TPS(ops/s)   Net(M/s)   Get_miss   Min(us)  Max(us)    Avg(us)    Std_dev    Geo_dist  
Period   10       20875        2087         0.3        0          379      461248     80607      141641.85  16107.06
Global   260      553950       2130         0.3        0          363      657890     79123      142165.62  14140.54

[1;1H[2J
Get Statistics
Type     Time(s)  Ops          TPS(ops/s)   Net(M/s)   Get_miss   Min(us)  Max(us)    Avg(us)    Std_dev    Geo_dist  
Period   10       20261        2026         0.3        0          386      515054     83222      151102.52  13516.44
Global   270      574211       2126         0.3        0          363      657890     79268      142492.16  14118.03

Total Statistics
Type     Time(s)  Ops          TPS(ops/s)   Net(M/s)   Get_miss   Min(us)  Max(us)    Avg(us)    Std_dev    Geo_dist  
Period   10       20261        2026         0.3        0          386      515054     83222      151102.52  13516.44
Global   270      574211       2126         0.3        0          363      657890     79268      142492.16  14118.03

[1;1H[2J
Get Statistics
Type     Time(s)  Ops          TPS(ops/s)   Net(M/s)   Get_miss   Min(us)  Max(us)    Avg(us)    Std_dev    Geo_dist  
Period   10       20170        2017         0.3        0          428      478996     83762      141474.48  18356.38
Global   280      594381       2122         0.3        0          363      657890     79420      142460.23  14244.37

Total Statistics
Type     Time(s)  Ops          TPS(ops/s)   Net(M/s)   Get_miss   Min(us)  Max(us)    Avg(us)    Std_dev    Geo_dist  
Period   10       20170        2017         0.3        0          428      478996     83762      141474.48  18356.38
Global   280      594381       2122         0.3        0          363      657890     79420      142460.23  14244.37

[1;1H[2J
Get Statistics
Type     Time(s)  Ops          TPS(ops/s)   Net(M/s)   Get_miss   Min(us)  Max(us)    Avg(us)    Std_dev    Geo_dist  
Period   10       20815        2081         0.3        0          412      533970     80929      144136.19  16284.85
Global   290      615196       2121         0.3        0          363      657890     79471      142517.43  14309.03

Total Statistics
Type     Time(s)  Ops          TPS(ops/s)   Net(M/s)   Get_miss   Min(us)  Max(us)    Avg(us)    Std_dev    Geo_dist  
Period   10       20815        2081         0.3        0          412      533970     80929      144136.19  16284.85
Global   290      615196       2121         0.3        0          363      657890     79471      142517.43  14309.03

[1;1H[2J
Get Statistics
Type     Time(s)  Ops          TPS(ops/s)   Net(M/s)   Get_miss   Min(us)  Max(us)    Avg(us)    Std_dev    Geo_dist  
Period   10       21343        2134         0.3        0          419      526719     79082      141764.43  14751.89
Global   300      636539       2121         0.3        0          363      657890     79458      142492.13  14323.67

Total Statistics
Type     Time(s)  Ops          TPS(ops/s)   Net(M/s)   Get_miss   Min(us)  Max(us)    Avg(us)    Std_dev    Geo_dist  
Period   10       21343        2134         0.3        0          419      526719     79082      141764.43  14751.89
Global   300      636539       2121         0.3        0          363      657890     79458      142492.13  14323.67

[1;1H[2J
Get Statistics
Type     Time(s)  Ops          TPS(ops/s)   Net(M/s)   Get_miss   Min(us)  Max(us)    Avg(us)    Std_dev    Geo_dist  
Period   10       20513        2051         0.3        0          377      484175     81653      141691.06  17036.07
Global   310      657052       2119         0.3        0          363      657890     79527      142467.33  14401.43

Total Statistics
Type     Time(s)  Ops          TPS(ops/s)   Net(M/s)   Get_miss   Min(us)  Max(us)    Avg(us)    Std_dev    Geo_dist  
Period   10       20513        2051         0.3        0          377      484175     81653      141691.06  17036.07
Global   310      657052       2119         0.3        0          363      657890     79527      142467.33  14401.43

[1;1H[2J
Get Statistics
Type     Time(s)  Ops          TPS(ops/s)   Net(M/s)   Get_miss   Min(us)  Max(us)    Avg(us)    Std_dev    Geo_dist  
Period   10       20726        2072         0.3        0          401      482538     82092      146399.09  14789.93
Global   320      677778       2118         0.3        0          363      657890     79605      142589.99  14413.15

Total Statistics
Type     Time(s)  Ops          TPS(ops/s)   Net(M/s)   Get_miss   Min(us)  Max(us)    Avg(us)    Std_dev    Geo_dist  
Period   10       20726        2072         0.3        0          401      482538     82092      146399.09  14789.93
Global   320      677778       2118         0.3        0          363      657890     79605      142589.99  14413.15

[1;1H[2J
Get Statistics
Type     Time(s)  Ops          TPS(ops/s)   Net(M/s)   Get_miss   Min(us)  Max(us)    Avg(us)    Std_dev    Geo_dist  
Period   10       20930        2093         0.3        0          412      714071     80451      145912.76  15036.89
Global   330      698708       2117         0.3        0          363      714071     79631      142690.24  14431.46

Total Statistics
Type     Time(s)  Ops          TPS(ops/s)   Net(M/s)   Get_miss   Min(us)  Max(us)    Avg(us)    Std_dev    Geo_dist  
Period   10       20930        2093         0.3        0          412      714071     80451      145912.76  15036.89
Global   330      698708       2117         0.3        0          363      714071     79631      142690.24  14431.46

[1;1H[2J
Get Statistics
Type     Time(s)  Ops          TPS(ops/s)   Net(M/s)   Get_miss   Min(us)  Max(us)    Avg(us)    Std_dev    Geo_dist  
Period   10       20946        2094         0.3        0          416      461359     80540      142176.43  15543.79
Global   340      719654       2116         0.3        0          363      714071     79657      142675.55  14462.68

Total Statistics
Type     Time(s)  Ops          TPS(ops/s)   Net(M/s)   Get_miss   Min(us)  Max(us)    Avg(us)    Std_dev    Geo_dist  
Period   10       20946        2094         0.3        0          416      461359     80540      142176.43  15543.79
Global   340      719654       2116         0.3        0          363      714071     79657      142675.55  14462.68

[1;1H[2J
Get Statistics
Type     Time(s)  Ops          TPS(ops/s)   Net(M/s)   Get_miss   Min(us)  Max(us)    Avg(us)    Std_dev    Geo_dist  
Period   10       21306        2130         0.3        0          402      441526     79267      140843.32  14556.10
Global   350      740960       2117         0.3        0          363      714071     79646      142623.00  14465.36

Total Statistics
Type     Time(s)  Ops          TPS(ops/s)   Net(M/s)   Get_miss   Min(us)  Max(us)    Avg(us)    Std_dev    Geo_dist  
Period   10       21306        2130         0.3        0          402      441526     79267      140843.32  14556.10
Global   350      740960       2117         0.3        0          363      714071     79646      142623.00  14465.36

[1;1H[2J
Get Statistics
Type     Time(s)  Ops          TPS(ops/s)   Net(M/s)   Get_miss   Min(us)  Max(us)    Avg(us)    Std_dev    Geo_dist  
Period   10       36354        3635         0.3        0          412      484080     46911      97070.07   12686.40
Global   360      777314       2159         0.5        0          363      714071     78115      140990.88  14376.85

Total Statistics
Type     Time(s)  Ops          TPS(ops/s)   Net(M/s)   Get_miss   Min(us)  Max(us)    Avg(us)    Std_dev    Geo_dist  
Period   10       36354        3635         0.3        0          412      484080     46911      97070.07   12686.40
Global   360      777314       2159         0.5        0          363      714071     78115      140990.88  14376.85

Get Statistics (777482 events)
   Min:       363
   Max:    714071
   Avg:     78125
   Geo:  14383.39
   Std:  140977.77
   Log2 Dist:
       8:        0     1231    19104    55506
      12:   102362   140422   245718    46235
      16:     9759     6378     1409   148705
      20:      653

Total Statistics (777482 events)
   Min:       363
   Max:    714071
   Avg:     78125
   Geo:  14383.39
   Std:  140977.77
   Log2 Dist:
       8:        0     1231    19104    55506
      12:   102362   140422   245718    46235
      16:     9759     6378     1409   148705
      20:      653

cmd_get: 777650
cmd_set: 172032
get_misses: 0
written_bytes: 44629724
read_bytes: 129660786
object_bytes: 24772608

Run time: 361.5s Ops: 949682 TPS: 2627 Net_rate: 0.5M/s
