servers : 10.0.0.6:11212
threads count: 168
concurrency: 168
run time: 360s
windows size: 1k
set proportion: set_prop=0.00
get proportion: get_prop=1.00
[1;1H[2J
Get Statistics
Type     Time(s)  Ops          TPS(ops/s)   Net(M/s)   Get_miss   Min(us)  Max(us)    Avg(us)    Std_dev    Geo_dist  
Period   10       29630        2963         0.4        0          372      459920     56377      103181.25  13332.13
Global   10       29630        2963         0.4        0          372      459920     56377      103181.25  13332.13

Total Statistics
Type     Time(s)  Ops          TPS(ops/s)   Net(M/s)   Get_miss   Min(us)  Max(us)    Avg(us)    Std_dev    Geo_dist  
Period   10       29630        2963         0.4        0          372      459920     56377      103181.25  13332.13
Global   10       29630        2963         0.4        0          372      459920     56377      103181.25  13332.13

[1;1H[2J
Get Statistics
Type     Time(s)  Ops          TPS(ops/s)   Net(M/s)   Get_miss   Min(us)  Max(us)    Avg(us)    Std_dev    Geo_dist  
Period   10       22731        2273         0.4        0          376      438047     74279      134623.60  13211.44
Global   20       52361        2618         0.3        0          372      459920     64149      118197.94  13279.60

Total Statistics
Type     Time(s)  Ops          TPS(ops/s)   Net(M/s)   Get_miss   Min(us)  Max(us)    Avg(us)    Std_dev    Geo_dist  
Period   10       22731        2273         0.4        0          376      438047     74279      134623.60  13211.44
Global   20       52361        2618         0.3        0          372      459920     64149      118197.94  13279.60

[1;1H[2J
Get Statistics
Type     Time(s)  Ops          TPS(ops/s)   Net(M/s)   Get_miss   Min(us)  Max(us)    Avg(us)    Std_dev    Geo_dist  
Period   10       21445        2144         0.3        0          438      556553     78011      137621.20  15484.76
Global   30       73806        2460         0.3        0          372      556553     68177      124313.44  13885.80

Total Statistics
Type     Time(s)  Ops          TPS(ops/s)   Net(M/s)   Get_miss   Min(us)  Max(us)    Avg(us)    Std_dev    Geo_dist  
Period   10       21445        2144         0.3        0          438      556553     78011      137621.20  15484.76
Global   30       73806        2460         0.3        0          372      556553     68177      124313.44  13885.80

[1;1H[2J
Get Statistics
Type     Time(s)  Ops          TPS(ops/s)   Net(M/s)   Get_miss   Min(us)  Max(us)    Avg(us)    Std_dev    Geo_dist  
Period   10       20620        2062         0.3        0          419      531325     82861      146883.46  14970.71
Global   40       94426        2360         0.3        0          372      556553     71383      129719.47  14115.80

Total Statistics
Type     Time(s)  Ops          TPS(ops/s)   Net(M/s)   Get_miss   Min(us)  Max(us)    Avg(us)    Std_dev    Geo_dist  
Period   10       20620        2062         0.3        0          419      531325     82861      146883.46  14970.71
Global   40       94426        2360         0.3        0          372      556553     71383      129719.47  14115.80

[1;1H[2J
Get Statistics
Type     Time(s)  Ops          TPS(ops/s)   Net(M/s)   Get_miss   Min(us)  Max(us)    Avg(us)    Std_dev    Geo_dist  
Period   10       20645        2064         0.3        0          416      517909     81457      147168.96  14113.88
Global   50       115071       2301         0.3        0          372      556553     73191      133073.84  14115.46

Total Statistics
Type     Time(s)  Ops          TPS(ops/s)   Net(M/s)   Get_miss   Min(us)  Max(us)    Avg(us)    Std_dev    Geo_dist  
Period   10       20645        2064         0.3        0          416      517909     81457      147168.96  14113.88
Global   50       115071       2301         0.3        0          372      556553     73191      133073.84  14115.46

[1;1H[2J
Get Statistics
Type     Time(s)  Ops          TPS(ops/s)   Net(M/s)   Get_miss   Min(us)  Max(us)    Avg(us)    Std_dev    Geo_dist  
Period   10       21269        2126         0.3        0          408      467180     79653      143832.45  14075.96
Global   60       136340       2272         0.3        0          372      556553     74199      134828.59  14109.29

Total Statistics
Type     Time(s)  Ops          TPS(ops/s)   Net(M/s)   Get_miss   Min(us)  Max(us)    Avg(us)    Std_dev    Geo_dist  
Period   10       21269        2126         0.3        0          408      467180     79653      143832.45  14075.96
Global   60       136340       2272         0.3        0          372      556553     74199      134828.59  14109.29

[1;1H[2J
Get Statistics
Type     Time(s)  Ops          TPS(ops/s)   Net(M/s)   Get_miss   Min(us)  Max(us)    Avg(us)    Std_dev    Geo_dist  
Period   10       21194        2119         0.3        0          444      455097     79389      140602.21  14770.25
Global   70       157534       2250         0.3        0          372      556553     74897      135630.90  14196.46

Total Statistics
Type     Time(s)  Ops          TPS(ops/s)   Net(M/s)   Get_miss   Min(us)  Max(us)    Avg(us)    Std_dev    Geo_dist  
Period   10       21194        2119         0.3        0          444      455097     79389      140602.21  14770.25
Global   70       157534       2250         0.3        0          372      556553     74897      135630.90  14196.46

[1;1H[2J
Get Statistics
Type     Time(s)  Ops          TPS(ops/s)   Net(M/s)   Get_miss   Min(us)  Max(us)    Avg(us)    Std_dev    Geo_dist  
Period   10       21694        2169         0.3        0          455      473224     77759      140438.25  13578.24
Global   80       179228       2240         0.3        0          372      556553     75244      136224.29  14120.16

Total Statistics
Type     Time(s)  Ops          TPS(ops/s)   Net(M/s)   Get_miss   Min(us)  Max(us)    Avg(us)    Std_dev    Geo_dist  
Period   10       21694        2169         0.3        0          455      473224     77759      140438.25  13578.24
Global   80       179228       2240         0.3        0          372      556553     75244      136224.29  14120.16

[1;1H[2J
Get Statistics
Type     Time(s)  Ops          TPS(ops/s)   Net(M/s)   Get_miss   Min(us)  Max(us)    Avg(us)    Std_dev    Geo_dist  
Period   10       21599        2159         0.3        0          421      478317     78128      138948.34  14888.51
Global   90       200827       2231         0.3        0          372      556553     75554      136522.54  14200.85

Total Statistics
Type     Time(s)  Ops          TPS(ops/s)   Net(M/s)   Get_miss   Min(us)  Max(us)    Avg(us)    Std_dev    Geo_dist  
Period   10       21599        2159         0.3        0          421      478317     78128      138948.34  14888.51
Global   90       200827       2231         0.3        0          372      556553     75554      136522.54  14200.85

[1;1H[2J
Get Statistics
Type     Time(s)  Ops          TPS(ops/s)   Net(M/s)   Get_miss   Min(us)  Max(us)    Avg(us)    Std_dev    Geo_dist  
Period   10       20748        2074         0.3        0          405      474133     81251      147128.01  14083.99
Global   100      221575       2215         0.3        0          372      556553     76087      137560.25  14189.87

Total Statistics
Type     Time(s)  Ops          TPS(ops/s)   Net(M/s)   Get_miss   Min(us)  Max(us)    Avg(us)    Std_dev    Geo_dist  
Period   10       20748        2074         0.3        0          405      474133     81251      147128.01  14083.99
Global   100      221575       2215         0.3        0          372      556553     76087      137560.25  14189.87

[1;1H[2J
Get Statistics
Type     Time(s)  Ops          TPS(ops/s)   Net(M/s)   Get_miss   Min(us)  Max(us)    Avg(us)    Std_dev    Geo_dist  
Period   10       21392        2139         0.3        0          435      456216     78741      142360.95  13317.37
Global   110      242967       2208         0.3        0          372      556553     76321      137991.20  14110.81

Total Statistics
Type     Time(s)  Ops          TPS(ops/s)   Net(M/s)   Get_miss   Min(us)  Max(us)    Avg(us)    Std_dev    Geo_dist  
Period   10       21392        2139         0.3        0          435      456216     78741      142360.95  13317.37
Global   110      242967       2208         0.3        0          372      556553     76321      137991.20  14110.81

[1;1H[2J
Get Statistics
Type     Time(s)  Ops          TPS(ops/s)   Net(M/s)   Get_miss   Min(us)  Max(us)    Avg(us)    Std_dev    Geo_dist  
Period   10       20496        2049         0.3        0          419      633198     81865      148405.51  13679.10
Global   120      263463       2195         0.3        0          372      633198     76752      138837.20  14076.74

Total Statistics
Type     Time(s)  Ops          TPS(ops/s)   Net(M/s)   Get_miss   Min(us)  Max(us)    Avg(us)    Std_dev    Geo_dist  
Period   10       20496        2049         0.3        0          419      633198     81865      148405.51  13679.10
Global   120      263463       2195         0.3        0          372      633198     76752      138837.20  14076.74

[1;1H[2J
Get Statistics
Type     Time(s)  Ops          TPS(ops/s)   Net(M/s)   Get_miss   Min(us)  Max(us)    Avg(us)    Std_dev    Geo_dist  
Period   10       21570        2157         0.3        0          376      453944     78552      140856.12  13378.20
Global   130      285033       2192         0.3        0          372      633198     76888      138991.70  14022.62

Total Statistics
Type     Time(s)  Ops          TPS(ops/s)   Net(M/s)   Get_miss   Min(us)  Max(us)    Avg(us)    Std_dev    Geo_dist  
Period   10       21570        2157         0.3        0          376      453944     78552      140856.12  13378.20
Global   130      285033       2192         0.3        0          372      633198     76888      138991.70  14022.62

[1;1H[2J
Get Statistics
Type     Time(s)  Ops          TPS(ops/s)   Net(M/s)   Get_miss   Min(us)  Max(us)    Avg(us)    Std_dev    Geo_dist  
Period   10       21112        2111         0.3        0          430      439520     79999      137038.49  16092.96
Global   140      306145       2186         0.3        0          372      633198     77103      138859.64  14156.43

Total Statistics
Type     Time(s)  Ops          TPS(ops/s)   Net(M/s)   Get_miss   Min(us)  Max(us)    Avg(us)    Std_dev    Geo_dist  
Period   10       21112        2111         0.3        0          430      439520     79999      137038.49  16092.96
Global   140      306145       2186         0.3        0          372      633198     77103      138859.64  14156.43

[1;1H[2J
Get Statistics
Type     Time(s)  Ops          TPS(ops/s)   Net(M/s)   Get_miss   Min(us)  Max(us)    Avg(us)    Std_dev    Geo_dist  
Period   10       19988        1998         0.3        0          418      655855     84087      154548.87  14113.18
Global   150      326133       2174         0.3        0          372      655855     77531      139881.63  14153.77

Total Statistics
Type     Time(s)  Ops          TPS(ops/s)   Net(M/s)   Get_miss   Min(us)  Max(us)    Avg(us)    Std_dev    Geo_dist  
Period   10       19988        1998         0.3        0          418      655855     84087      154548.87  14113.18
Global   150      326133       2174         0.3        0          372      655855     77531      139881.63  14153.77

[1;1H[2J
Get Statistics
Type     Time(s)  Ops          TPS(ops/s)   Net(M/s)   Get_miss   Min(us)  Max(us)    Avg(us)    Std_dev    Geo_dist  
Period   10       21861        2186         0.3        0          462      482762     77456      140583.88  14283.82
Global   160      347994       2174         0.3        0          372      655855     77526      139925.80  14161.91

Total Statistics
Type     Time(s)  Ops          TPS(ops/s)   Net(M/s)   Get_miss   Min(us)  Max(us)    Avg(us)    Std_dev    Geo_dist  
Period   10       21861        2186         0.3        0          462      482762     77456      140583.88  14283.82
Global   160      347994       2174         0.3        0          372      655855     77526      139925.80  14161.91

[1;1H[2J
Get Statistics
Type     Time(s)  Ops          TPS(ops/s)   Net(M/s)   Get_miss   Min(us)  Max(us)    Avg(us)    Std_dev    Geo_dist  
Period   10       21529        2152         0.3        0          388      429937     78149      140573.37  13384.38
Global   170      369523       2173         0.3        0          372      655855     77563      139963.11  14115.39

Total Statistics
Type     Time(s)  Ops          TPS(ops/s)   Net(M/s)   Get_miss   Min(us)  Max(us)    Avg(us)    Std_dev    Geo_dist  
Period   10       21529        2152         0.3        0          388      429937     78149      140573.37  13384.38
Global   170      369523       2173         0.3        0          372      655855     77563      139963.11  14115.39

[1;1H[2J
Get Statistics
Type     Time(s)  Ops          TPS(ops/s)   Net(M/s)   Get_miss   Min(us)  Max(us)    Avg(us)    Std_dev    Geo_dist  
Period   10       21602        2160         0.3        0          433      460743     78226      139986.72  14631.84
Global   180      391125       2172         0.3        0          372      655855     77599      139964.66  14143.43

Total Statistics
Type     Time(s)  Ops          TPS(ops/s)   Net(M/s)   Get_miss   Min(us)  Max(us)    Avg(us)    Std_dev    Geo_dist  
Period   10       21602        2160         0.3        0          433      460743     78226      139986.72  14631.84
Global   180      391125       2172         0.3        0          372      655855     77599      139964.66  14143.43

[1;1H[2J
Get Statistics
Type     Time(s)  Ops          TPS(ops/s)   Net(M/s)   Get_miss   Min(us)  Max(us)    Avg(us)    Std_dev    Geo_dist  
Period   10       21296        2129         0.3        0          455      441741     79012      140927.63  14635.63
Global   190      412421       2170         0.3        0          372      655855     77672      140014.70  14168.44

Total Statistics
Type     Time(s)  Ops          TPS(ops/s)   Net(M/s)   Get_miss   Min(us)  Max(us)    Avg(us)    Std_dev    Geo_dist  
Period   10       21296        2129         0.3        0          455      441741     79012      140927.63  14635.63
Global   190      412421       2170         0.3        0          372      655855     77672      140014.70  14168.44

[1;1H[2J
Get Statistics
Type     Time(s)  Ops          TPS(ops/s)   Net(M/s)   Get_miss   Min(us)  Max(us)    Avg(us)    Std_dev    Geo_dist  
Period   10       20931        2093         0.3        0          465      457819     80584      144532.15  14836.83
Global   200      433352       2166         0.3        0          372      655855     77813      140237.27  14200.02

Total Statistics
Type     Time(s)  Ops          TPS(ops/s)   Net(M/s)   Get_miss   Min(us)  Max(us)    Avg(us)    Std_dev    Geo_dist  
Period   10       20931        2093         0.3        0          465      457819     80584      144532.15  14836.83
Global   200      433352       2166         0.3        0          372      655855     77813      140237.27  14200.02

[1;1H[2J
Get Statistics
Type     Time(s)  Ops          TPS(ops/s)   Net(M/s)   Get_miss   Min(us)  Max(us)    Avg(us)    Std_dev    Geo_dist  
Period   10       21128        2112         0.3        0          395      456206     79901      143159.99  14497.64
Global   210      454480       2164         0.3        0          372      655855     77910      140375.05  14213.72

Total Statistics
Type     Time(s)  Ops          TPS(ops/s)   Net(M/s)   Get_miss   Min(us)  Max(us)    Avg(us)    Std_dev    Geo_dist  
Period   10       21128        2112         0.3        0          395      456206     79901      143159.99  14497.64
Global   210      454480       2164         0.3        0          372      655855     77910      140375.05  14213.72

[1;1H[2J
Get Statistics
Type     Time(s)  Ops          TPS(ops/s)   Net(M/s)   Get_miss   Min(us)  Max(us)    Avg(us)    Std_dev    Geo_dist  
Period   10       21106        2110         0.3        0          466      450092     80157      142008.42  15184.58
Global   220      475586       2161         0.3        0          372      655855     78010      140448.40  14255.46

Total Statistics
Type     Time(s)  Ops          TPS(ops/s)   Net(M/s)   Get_miss   Min(us)  Max(us)    Avg(us)    Std_dev    Geo_dist  
Period   10       21107        2110         0.3        0          466      450092     80154      142005.68  15183.24
Global   220      475587       2161         0.3        0          372      655855     78009      140448.76  14255.40

[1;1H[2J
Get Statistics
Type     Time(s)  Ops          TPS(ops/s)   Net(M/s)   Get_miss   Min(us)  Max(us)    Avg(us)    Std_dev    Geo_dist  
Period   10       22062        2206         0.3        0          497      430785     76297      133157.86  16083.77
Global   230      497648       2163         0.3        0          372      655855     77934      140133.57  14332.15

Total Statistics
Type     Time(s)  Ops          TPS(ops/s)   Net(M/s)   Get_miss   Min(us)  Max(us)    Avg(us)    Std_dev    Geo_dist  
Period   10       22061        2206         0.3        0          497      430785     76301      133159.58  16090.84
Global   230      497648       2163         0.3        0          372      655855     77934      140133.57  14332.15

[1;1H[2J
Get Statistics
Type     Time(s)  Ops          TPS(ops/s)   Net(M/s)   Get_miss   Min(us)  Max(us)    Avg(us)    Std_dev    Geo_dist  
Period   10       20372        2037         0.3        0          439      452651     82669      143806.69  17291.55
Global   240      518020       2158         0.3        0          372      655855     78120      140282.84  14438.34

Total Statistics
Type     Time(s)  Ops          TPS(ops/s)   Net(M/s)   Get_miss   Min(us)  Max(us)    Avg(us)    Std_dev    Geo_dist  
Period   10       20372        2037         0.3        0          439      452651     82669      143806.69  17291.55
Global   240      518020       2158         0.3        0          372      655855     78120      140282.84  14438.34

[1;1H[2J
Get Statistics
Type     Time(s)  Ops          TPS(ops/s)   Net(M/s)   Get_miss   Min(us)  Max(us)    Avg(us)    Std_dev    Geo_dist  
Period   10       19878        1987         0.3        0          463      482567     84994      149917.28  16278.10
Global   250      537898       2151         0.3        0          372      655855     78374      140656.47  14502.47

Total Statistics
Type     Time(s)  Ops          TPS(ops/s)   Net(M/s)   Get_miss   Min(us)  Max(us)    Avg(us)    Std_dev    Geo_dist  
Period   10       19878        1987         0.3        0          463      482567     84994      149917.28  16278.10
Global   250      537898       2151         0.3        0          372      655855     78374      140656.47  14502.47

[1;1H[2J
Get Statistics
Type     Time(s)  Ops          TPS(ops/s)   Net(M/s)   Get_miss   Min(us)  Max(us)    Avg(us)    Std_dev    Geo_dist  
Period   10       19956        1995         0.3        0          450      475572     84465      149263.12  15929.98
Global   260      557854       2145         0.3        0          372      655855     78592      140977.75  14551.26

Total Statistics
Type     Time(s)  Ops          TPS(ops/s)   Net(M/s)   Get_miss   Min(us)  Max(us)    Avg(us)    Std_dev    Geo_dist  
Period   10       19956        1995         0.3        0          450      475572     84465      149263.12  15929.98
Global   260      557854       2145         0.3        0          372      655855     78592      140977.75  14551.26

[1;1H[2J
Get Statistics
Type     Time(s)  Ops          TPS(ops/s)   Net(M/s)   Get_miss   Min(us)  Max(us)    Avg(us)    Std_dev    Geo_dist  
Period   10       20384        2038         0.3        0          454      515266     82629      147972.01  15292.94
Global   270      578238       2141         0.3        0          372      655855     78734      141232.21  14576.79

Total Statistics
Type     Time(s)  Ops          TPS(ops/s)   Net(M/s)   Get_miss   Min(us)  Max(us)    Avg(us)    Std_dev    Geo_dist  
Period   10       20384        2038         0.3        0          454      515266     82629      147972.01  15292.94
Global   270      578238       2141         0.3        0          372      655855     78734      141232.21  14576.79

[1;1H[2J
Get Statistics
Type     Time(s)  Ops          TPS(ops/s)   Net(M/s)   Get_miss   Min(us)  Max(us)    Avg(us)    Std_dev    Geo_dist  
Period   10       20415        2041         0.3        0          438      482483     82530      147819.32  14707.07
Global   280      598653       2138         0.3        0          372      655855     78864      141463.13  14581.21

Total Statistics
Type     Time(s)  Ops          TPS(ops/s)   Net(M/s)   Get_miss   Min(us)  Max(us)    Avg(us)    Std_dev    Geo_dist  
Period   10       20415        2041         0.3        0          438      482483     82530      147819.32  14707.07
Global   280      598653       2138         0.3        0          372      655855     78864      141463.13  14581.21

[1;1H[2J
Get Statistics
Type     Time(s)  Ops          TPS(ops/s)   Net(M/s)   Get_miss   Min(us)  Max(us)    Avg(us)    Std_dev    Geo_dist  
Period   10       20273        2027         0.3        0          467      488796     83300      137622.16  19803.55
Global   290      618926       2134         0.3        0          372      655855     79009      141341.24  14728.15

Total Statistics
Type     Time(s)  Ops          TPS(ops/s)   Net(M/s)   Get_miss   Min(us)  Max(us)    Avg(us)    Std_dev    Geo_dist  
Period   10       20273        2027         0.3        0          467      488796     83300      137622.16  19803.55
Global   290      618926       2134         0.3        0          372      655855     79009      141341.24  14728.15

[1;1H[2J
Get Statistics
Type     Time(s)  Ops          TPS(ops/s)   Net(M/s)   Get_miss   Min(us)  Max(us)    Avg(us)    Std_dev    Geo_dist  
Period   10       19537        1953         0.3        0          395      530800     86665      152308.51  16055.63
Global   300      638463       2128         0.3        0          372      655855     79243      141695.59  14767.10

Total Statistics
Type     Time(s)  Ops          TPS(ops/s)   Net(M/s)   Get_miss   Min(us)  Max(us)    Avg(us)    Std_dev    Geo_dist  
Period   10       19537        1953         0.3        0          395      530800     86665      152308.51  16055.63
Global   300      638463       2128         0.3        0          372      655855     79243      141695.59  14767.10

[1;1H[2J
Get Statistics
Type     Time(s)  Ops          TPS(ops/s)   Net(M/s)   Get_miss   Min(us)  Max(us)    Avg(us)    Std_dev    Geo_dist  
Period   10       21049        2104         0.3        0          490      467086     80147      140588.00  16170.74
Global   310      659512       2127         0.3        0          372      655855     79272      141660.27  14809.96

Total Statistics
Type     Time(s)  Ops          TPS(ops/s)   Net(M/s)   Get_miss   Min(us)  Max(us)    Avg(us)    Std_dev    Geo_dist  
Period   10       21049        2104         0.3        0          490      467086     80147      140588.00  16170.74
Global   310      659512       2127         0.3        0          372      655855     79272      141660.27  14809.96

[1;1H[2J
Get Statistics
Type     Time(s)  Ops          TPS(ops/s)   Net(M/s)   Get_miss   Min(us)  Max(us)    Avg(us)    Std_dev    Geo_dist  
Period   10       20674        2067         0.3        0          408      484570     81637      144342.58  16227.89
Global   320      680186       2125         0.3        0          372      655855     79344      141742.96  14851.17

Total Statistics
Type     Time(s)  Ops          TPS(ops/s)   Net(M/s)   Get_miss   Min(us)  Max(us)    Avg(us)    Std_dev    Geo_dist  
Period   10       20674        2067         0.3        0          408      484570     81637      144342.58  16227.89
Global   320      680186       2125         0.3        0          372      655855     79344      141742.96  14851.17

[1;1H[2J
Get Statistics
Type     Time(s)  Ops          TPS(ops/s)   Net(M/s)   Get_miss   Min(us)  Max(us)    Avg(us)    Std_dev    Geo_dist  
Period   10       20158        2015         0.3        0          405      713766     83592      149231.98  16038.07
Global   330      700344       2122         0.3        0          372      713766     79466      141965.85  14884.07

Total Statistics
Type     Time(s)  Ops          TPS(ops/s)   Net(M/s)   Get_miss   Min(us)  Max(us)    Avg(us)    Std_dev    Geo_dist  
Period   10       20158        2015         0.3        0          405      713766     83592      149231.98  16038.07
Global   330      700344       2122         0.3        0          372      713766     79466      141965.85  14884.07

[1;1H[2J
Get Statistics
Type     Time(s)  Ops          TPS(ops/s)   Net(M/s)   Get_miss   Min(us)  Max(us)    Avg(us)    Std_dev    Geo_dist  
Period   10       22022        2202         0.3        0          453      462872     76669      137211.89  15704.27
Global   340      722366       2124         0.3        0          372      713766     79381      141823.85  14908.43

Total Statistics
Type     Time(s)  Ops          TPS(ops/s)   Net(M/s)   Get_miss   Min(us)  Max(us)    Avg(us)    Std_dev    Geo_dist  
Period   10       22022        2202         0.3        0          453      462872     76669      137211.89  15704.27
Global   340      722366       2124         0.3        0          372      713766     79381      141823.85  14908.43

[1;1H[2J
Get Statistics
Type     Time(s)  Ops          TPS(ops/s)   Net(M/s)   Get_miss   Min(us)  Max(us)    Avg(us)    Std_dev    Geo_dist  
Period   10       21084        2108         0.3        0          448      447158     80526      141339.08  15457.22
Global   350      743450       2124         0.3        0          372      713766     79413      141810.42  14923.73

Total Statistics
Type     Time(s)  Ops          TPS(ops/s)   Net(M/s)   Get_miss   Min(us)  Max(us)    Avg(us)    Std_dev    Geo_dist  
Period   10       21084        2108         0.3        0          448      447158     80526      141339.08  15457.22
Global   350      743450       2124         0.3        0          372      713766     79413      141810.42  14923.73

[1;1H[2J
Get Statistics
Type     Time(s)  Ops          TPS(ops/s)   Net(M/s)   Get_miss   Min(us)  Max(us)    Avg(us)    Std_dev    Geo_dist  
Period   10       20566        2056         0.3        0          450      475715     82404      147224.57  15352.98
Global   360      764016       2122         0.3        0          372      713766     79494      141959.32  14935.12

Total Statistics
Type     Time(s)  Ops          TPS(ops/s)   Net(M/s)   Get_miss   Min(us)  Max(us)    Avg(us)    Std_dev    Geo_dist  
Period   10       20566        2056         0.3        0          450      475715     82404      147224.57  15352.98
Global   360      764016       2122         0.3        0          372      713766     79494      141959.32  14935.12

Get Statistics (764184 events)
   Min:       372
   Max:    713766
   Avg:     79542
   Geo:  14943.87
   Std:  141989.66
   Log2 Dist:
       8:        0      384    15853    51255
      12:    98868   138575   245459    48226
      16:    10255     3062     2990   148643
      20:      614

Total Statistics (764184 events)
   Min:       372
   Max:    713766
   Avg:     79542
   Geo:  14943.87
   Std:  141989.66
   Log2 Dist:
       8:        0      384    15853    51255
      12:    98868   138575   245459    48226
      16:    10255     3062     2990   148643
      20:      614

cmd_get: 764352
cmd_set: 172032
get_misses: 0
written_bytes: 44337168
read_bytes: 127466616
object_bytes: 24772608

Run time: 361.7s Ops: 936384 TPS: 2589 Net_rate: 0.5M/s
