servers : 10.0.0.6:11212
threads count: 96
concurrency: 96
run time: 360s
windows size: 1k
set proportion: set_prop=0.00
get proportion: get_prop=1.00
[1;1H[2J
Get Statistics
Type     Time(s)  Ops          TPS(ops/s)   Net(M/s)   Get_miss   Min(us)  Max(us)    Avg(us)    Std_dev    Geo_dist  
Period   10       19536        1953         0.3        0          438      275288     49188      69174.98   18368.19
Global   10       19536        1953         0.3        0          438      275288     49188      69174.98   18368.19

Total Statistics
Type     Time(s)  Ops          TPS(ops/s)   Net(M/s)   Get_miss   Min(us)  Max(us)    Avg(us)    Std_dev    Geo_dist  
Period   10       19536        1953         0.3        0          438      275288     49188      69174.98   18368.19
Global   10       19536        1953         0.3        0          438      275288     49188      69174.98   18368.19

[1;1H[2J
Get Statistics
Type     Time(s)  Ops          TPS(ops/s)   Net(M/s)   Get_miss   Min(us)  Max(us)    Avg(us)    Std_dev    Geo_dist  
Period   10       21439        2143         0.3        0          385      240737     45239      69026.77   15522.85
Global   20       40975        2048         0.3        0          385      275288     47122      69124.64   16819.83

Total Statistics
Type     Time(s)  Ops          TPS(ops/s)   Net(M/s)   Get_miss   Min(us)  Max(us)    Avg(us)    Std_dev    Geo_dist  
Period   10       21439        2143         0.3        0          385      240737     45239      69026.77   15522.85
Global   20       40975        2048         0.3        0          385      275288     47122      69124.64   16819.83

[1;1H[2J
Get Statistics
Type     Time(s)  Ops          TPS(ops/s)   Net(M/s)   Get_miss   Min(us)  Max(us)    Avg(us)    Std_dev    Geo_dist  
Period   10       20571        2057         0.3        0          378      278102     46950      66203.65   18088.89
Global   30       61546        2051         0.3        0          378      278102     47065      68161.44   17233.77

Total Statistics
Type     Time(s)  Ops          TPS(ops/s)   Net(M/s)   Get_miss   Min(us)  Max(us)    Avg(us)    Std_dev    Geo_dist  
Period   10       20571        2057         0.3        0          378      278102     46950      66203.65   18088.89
Global   30       61546        2051         0.3        0          378      278102     47065      68161.44   17233.77

[1;1H[2J
Get Statistics
Type     Time(s)  Ops          TPS(ops/s)   Net(M/s)   Get_miss   Min(us)  Max(us)    Avg(us)    Std_dev    Geo_dist  
Period   10       20079        2007         0.3        0          423      291343     48135      71105.55   17689.24
Global   40       81625        2040         0.3        0          378      291343     47328      68898.57   17344.71

Total Statistics
Type     Time(s)  Ops          TPS(ops/s)   Net(M/s)   Get_miss   Min(us)  Max(us)    Avg(us)    Std_dev    Geo_dist  
Period   10       20079        2007         0.3        0          423      291343     48135      71105.55   17689.24
Global   40       81625        2040         0.3        0          378      291343     47328      68898.57   17344.71

[1;1H[2J
Get Statistics
Type     Time(s)  Ops          TPS(ops/s)   Net(M/s)   Get_miss   Min(us)  Max(us)    Avg(us)    Std_dev    Geo_dist  
Period   10       20198        2019         0.3        0          422      258655     47939      67083.62   18267.67
Global   50       101823       2036         0.3        0          378      291343     47449      68542.62   17524.01

Total Statistics
Type     Time(s)  Ops          TPS(ops/s)   Net(M/s)   Get_miss   Min(us)  Max(us)    Avg(us)    Std_dev    Geo_dist  
Period   10       20198        2019         0.3        0          422      258655     47939      67083.62   18267.67
Global   50       101823       2036         0.3        0          378      291343     47449      68542.62   17524.01

[1;1H[2J
Get Statistics
Type     Time(s)  Ops          TPS(ops/s)   Net(M/s)   Get_miss   Min(us)  Max(us)    Avg(us)    Std_dev    Geo_dist  
Period   10       21260        2126         0.3        0          414      269714     45459      69109.23   15714.43
Global   60       123083       2051         0.3        0          378      291343     47105      68644.85   17197.18

Total Statistics
Type     Time(s)  Ops          TPS(ops/s)   Net(M/s)   Get_miss   Min(us)  Max(us)    Avg(us)    Std_dev    Geo_dist  
Period   10       21260        2126         0.3        0          414      269714     45459      69109.23   15714.43
Global   60       123083       2051         0.3        0          378      291343     47105      68644.85   17197.18

[1;1H[2J
Get Statistics
Type     Time(s)  Ops          TPS(ops/s)   Net(M/s)   Get_miss   Min(us)  Max(us)    Avg(us)    Std_dev    Geo_dist  
Period   10       21262        2126         0.3        0          395      259494     45518      67901.34   16730.70
Global   70       144345       2062         0.3        0          378      291343     46871      68538.07   17127.66

Total Statistics
Type     Time(s)  Ops          TPS(ops/s)   Net(M/s)   Get_miss   Min(us)  Max(us)    Avg(us)    Std_dev    Geo_dist  
Period   10       21262        2126         0.3        0          395      259494     45518      67901.34   16730.70
Global   70       144345       2062         0.3        0          378      291343     46871      68538.07   17127.66

[1;1H[2J
Get Statistics
Type     Time(s)  Ops          TPS(ops/s)   Net(M/s)   Get_miss   Min(us)  Max(us)    Avg(us)    Std_dev    Geo_dist  
Period   10       21843        2184         0.3        0          443      282030     44176      63933.24   16546.82
Global   80       166188       2077         0.3        0          378      291343     46517      67956.41   17050.17

Total Statistics
Type     Time(s)  Ops          TPS(ops/s)   Net(M/s)   Get_miss   Min(us)  Max(us)    Avg(us)    Std_dev    Geo_dist  
Period   10       21843        2184         0.3        0          443      282030     44176      63933.24   16546.82
Global   80       166188       2077         0.3        0          378      291343     46517      67956.41   17050.17

[1;1H[2J
Get Statistics
Type     Time(s)  Ops          TPS(ops/s)   Net(M/s)   Get_miss   Min(us)  Max(us)    Avg(us)    Std_dev    Geo_dist  
Period   10       20422        2042         0.3        0          448      272904     47474      70072.74   17634.45
Global   90       186610       2073         0.3        0          378      291343     46622      68191.50   17113.16

Total Statistics
Type     Time(s)  Ops          TPS(ops/s)   Net(M/s)   Get_miss   Min(us)  Max(us)    Avg(us)    Std_dev    Geo_dist  
Period   10       20422        2042         0.3        0          448      272904     47474      70072.74   17634.45
Global   90       186610       2073         0.3        0          378      291343     46622      68191.50   17113.16

[1;1H[2J
Get Statistics
Type     Time(s)  Ops          TPS(ops/s)   Net(M/s)   Get_miss   Min(us)  Max(us)    Avg(us)    Std_dev    Geo_dist  
Period   10       21034        2103         0.3        0          399      328757     46082      58213.55   19526.46
Global   100      207644       2076         0.3        0          378      328757     46567      67248.45   17343.39

Total Statistics
Type     Time(s)  Ops          TPS(ops/s)   Net(M/s)   Get_miss   Min(us)  Max(us)    Avg(us)    Std_dev    Geo_dist  
Period   10       21034        2103         0.3        0          399      328757     46082      58213.55   19526.46
Global   100      207644       2076         0.3        0          378      328757     46567      67248.45   17343.39

[1;1H[2J
Get Statistics
Type     Time(s)  Ops          TPS(ops/s)   Net(M/s)   Get_miss   Min(us)  Max(us)    Avg(us)    Std_dev    Geo_dist  
Period   10       21547        2154         0.3        0          385      288553     44715      66487.48   15947.09
Global   110      229191       2083         0.3        0          378      328757     46393      67179.23   17207.07

Total Statistics
Type     Time(s)  Ops          TPS(ops/s)   Net(M/s)   Get_miss   Min(us)  Max(us)    Avg(us)    Std_dev    Geo_dist  
Period   10       21547        2154         0.3        0          385      288553     44715      66487.48   15947.09
Global   110      229191       2083         0.3        0          378      328757     46393      67179.23   17207.07

[1;1H[2J
Get Statistics
Type     Time(s)  Ops          TPS(ops/s)   Net(M/s)   Get_miss   Min(us)  Max(us)    Avg(us)    Std_dev    Geo_dist  
Period   10       20781        2078         0.3        0          448      466234     46399      72023.34   15612.29
Global   120      249972       2083         0.3        0          378      466234     46394      67594.67   17068.50

Total Statistics
Type     Time(s)  Ops          TPS(ops/s)   Net(M/s)   Get_miss   Min(us)  Max(us)    Avg(us)    Std_dev    Geo_dist  
Period   10       20781        2078         0.3        0          448      466234     46399      72023.34   15612.29
Global   120      249972       2083         0.3        0          378      466234     46394      67594.67   17068.50

[1;1H[2J
Get Statistics
Type     Time(s)  Ops          TPS(ops/s)   Net(M/s)   Get_miss   Min(us)  Max(us)    Avg(us)    Std_dev    Geo_dist  
Period   10       21523        2152         0.3        0          476      295675     44900      65733.15   16737.85
Global   130      271495       2088         0.3        0          378      466234     46275      67450.45   17042.05

Total Statistics
Type     Time(s)  Ops          TPS(ops/s)   Net(M/s)   Get_miss   Min(us)  Max(us)    Avg(us)    Std_dev    Geo_dist  
Period   10       21523        2152         0.3        0          476      295675     44900      65733.15   16737.85
Global   130      271495       2088         0.3        0          378      466234     46275      67450.45   17042.05

[1;1H[2J
Get Statistics
Type     Time(s)  Ops          TPS(ops/s)   Net(M/s)   Get_miss   Min(us)  Max(us)    Avg(us)    Std_dev    Geo_dist  
Period   10       21445        2144         0.3        0          440      324127     44922      66975.36   16521.09
Global   140      292940       2092         0.3        0          378      466234     46176      67416.55   17003.36

Total Statistics
Type     Time(s)  Ops          TPS(ops/s)   Net(M/s)   Get_miss   Min(us)  Max(us)    Avg(us)    Std_dev    Geo_dist  
Period   10       21445        2144         0.3        0          440      324127     44922      66975.36   16521.09
Global   140      292940       2092         0.3        0          378      466234     46176      67416.55   17003.36

[1;1H[2J
Get Statistics
Type     Time(s)  Ops          TPS(ops/s)   Net(M/s)   Get_miss   Min(us)  Max(us)    Avg(us)    Std_dev    Geo_dist  
Period   10       21967        2196         0.3        0          384      334633     43768      66912.72   15832.18
Global   150      314907       2099         0.3        0          378      466234     46008      67384.23   16918.92

Total Statistics
Type     Time(s)  Ops          TPS(ops/s)   Net(M/s)   Get_miss   Min(us)  Max(us)    Avg(us)    Std_dev    Geo_dist  
Period   10       21967        2196         0.3        0          384      334633     43768      66912.72   15832.18
Global   150      314907       2099         0.3        0          378      466234     46008      67384.23   16918.92

[1;1H[2J
Get Statistics
Type     Time(s)  Ops          TPS(ops/s)   Net(M/s)   Get_miss   Min(us)  Max(us)    Avg(us)    Std_dev    Geo_dist  
Period   10       21148        2114         0.3        0          418      268265     45635      68404.61   16900.68
Global   160      336055       2100         0.3        0          378      466234     45985      67448.54   16917.77

Total Statistics
Type     Time(s)  Ops          TPS(ops/s)   Net(M/s)   Get_miss   Min(us)  Max(us)    Avg(us)    Std_dev    Geo_dist  
Period   10       21148        2114         0.3        0          418      268265     45635      68404.61   16900.68
Global   160      336055       2100         0.3        0          378      466234     45985      67448.54   16917.77

[1;1H[2J
Get Statistics
Type     Time(s)  Ops          TPS(ops/s)   Net(M/s)   Get_miss   Min(us)  Max(us)    Avg(us)    Std_dev    Geo_dist  
Period   10       20578        2057         0.3        0          473      257201     46938      69380.83   17531.13
Global   170      356633       2097         0.3        0          378      466234     46040      67561.79   16952.57

Total Statistics
Type     Time(s)  Ops          TPS(ops/s)   Net(M/s)   Get_miss   Min(us)  Max(us)    Avg(us)    Std_dev    Geo_dist  
Period   10       20578        2057         0.3        0          473      257201     46938      69380.83   17531.13
Global   170      356633       2097         0.3        0          378      466234     46040      67561.79   16952.57

[1;1H[2J
Get Statistics
Type     Time(s)  Ops          TPS(ops/s)   Net(M/s)   Get_miss   Min(us)  Max(us)    Avg(us)    Std_dev    Geo_dist  
Period   10       19378        1937         0.3        0          415      831679     49594      89596.88   14522.72
Global   180      376011       2088         0.3        0          378      831679     46223      68874.34   16817.95

Total Statistics
Type     Time(s)  Ops          TPS(ops/s)   Net(M/s)   Get_miss   Min(us)  Max(us)    Avg(us)    Std_dev    Geo_dist  
Period   10       19378        1937         0.3        0          415      831679     49594      89596.88   14522.72
Global   180      376011       2088         0.3        0          378      831679     46223      68874.34   16817.95

[1;1H[2J
Get Statistics
Type     Time(s)  Ops          TPS(ops/s)   Net(M/s)   Get_miss   Min(us)  Max(us)    Avg(us)    Std_dev    Geo_dist  
Period   10       21288        2128         0.3        0          402      253021     45243      69446.21   14834.77
Global   190      397299       2091         0.3        0          378      831679     46170      68905.70   16705.26

Total Statistics
Type     Time(s)  Ops          TPS(ops/s)   Net(M/s)   Get_miss   Min(us)  Max(us)    Avg(us)    Std_dev    Geo_dist  
Period   10       21288        2128         0.3        0          402      253021     45243      69446.21   14834.77
Global   190      397299       2091         0.3        0          378      831679     46170      68905.70   16705.26

[1;1H[2J
Get Statistics
Type     Time(s)  Ops          TPS(ops/s)   Net(M/s)   Get_miss   Min(us)  Max(us)    Avg(us)    Std_dev    Geo_dist  
Period   10       20983        2098         0.3        0          409      246626     45899      67142.34   15893.43
Global   200      418282       2091         0.3        0          378      831679     46157      68817.87   16663.57

Total Statistics
Type     Time(s)  Ops          TPS(ops/s)   Net(M/s)   Get_miss   Min(us)  Max(us)    Avg(us)    Std_dev    Geo_dist  
Period   10       20983        2098         0.3        0          409      246626     45899      67142.34   15893.43
Global   200      418282       2091         0.3        0          378      831679     46157      68817.87   16663.57

[1;1H[2J
Get Statistics
Type     Time(s)  Ops          TPS(ops/s)   Net(M/s)   Get_miss   Min(us)  Max(us)    Avg(us)    Std_dev    Geo_dist  
Period   10       20451        2045         0.3        0          410      267287     47212      66775.36   17609.99
Global   210      438733       2089         0.3        0          378      831679     46206      68724.41   16706.53

Total Statistics
Type     Time(s)  Ops          TPS(ops/s)   Net(M/s)   Get_miss   Min(us)  Max(us)    Avg(us)    Std_dev    Geo_dist  
Period   10       20451        2045         0.3        0          410      267287     47212      66775.36   17609.99
Global   210      438733       2089         0.3        0          378      831679     46206      68724.41   16706.53

[1;1H[2J
Get Statistics
Type     Time(s)  Ops          TPS(ops/s)   Net(M/s)   Get_miss   Min(us)  Max(us)    Avg(us)    Std_dev    Geo_dist  
Period   10       20716        2071         0.3        0          438      245613     46541      62660.03   18838.27
Global   220      459449       2088         0.3        0          378      831679     46221      68462.58   16797.24

Total Statistics
Type     Time(s)  Ops          TPS(ops/s)   Net(M/s)   Get_miss   Min(us)  Max(us)    Avg(us)    Std_dev    Geo_dist  
Period   10       20716        2071         0.3        0          438      245613     46541      62660.03   18838.27
Global   220      459449       2088         0.3        0          378      831679     46221      68462.58   16797.24

[1;1H[2J
Get Statistics
Type     Time(s)  Ops          TPS(ops/s)   Net(M/s)   Get_miss   Min(us)  Max(us)    Avg(us)    Std_dev    Geo_dist  
Period   10       21419        2141         0.3        0          419      435934     44913      61984.97   18497.54
Global   230      480868       2090         0.3        0          378      831679     46163      68187.45   16869.54

Total Statistics
Type     Time(s)  Ops          TPS(ops/s)   Net(M/s)   Get_miss   Min(us)  Max(us)    Avg(us)    Std_dev    Geo_dist  
Period   10       21419        2141         0.3        0          419      435934     44913      61984.97   18497.54
Global   230      480868       2090         0.3        0          378      831679     46163      68187.45   16869.54

[1;1H[2J
Get Statistics
Type     Time(s)  Ops          TPS(ops/s)   Net(M/s)   Get_miss   Min(us)  Max(us)    Avg(us)    Std_dev    Geo_dist  
Period   10       21356        2135         0.3        0          410      318264     45132      67367.76   16419.82
Global   240      502224       2092         0.3        0          378      831679     46119      68153.15   16850.16

Total Statistics
Type     Time(s)  Ops          TPS(ops/s)   Net(M/s)   Get_miss   Min(us)  Max(us)    Avg(us)    Std_dev    Geo_dist  
Period   10       21356        2135         0.3        0          410      318264     45132      67367.76   16419.82
Global   240      502224       2092         0.3        0          378      831679     46119      68153.15   16850.16

[1;1H[2J
Get Statistics
Type     Time(s)  Ops          TPS(ops/s)   Net(M/s)   Get_miss   Min(us)  Max(us)    Avg(us)    Std_dev    Geo_dist  
Period   10       21025        2102         0.3        0          376      286461     45921      71320.77   15415.88
Global   250      523249       2092         0.3        0          376      831679     46111      68283.24   16790.04

Total Statistics
Type     Time(s)  Ops          TPS(ops/s)   Net(M/s)   Get_miss   Min(us)  Max(us)    Avg(us)    Std_dev    Geo_dist  
Period   10       21025        2102         0.3        0          376      286461     45921      71320.77   15415.88
Global   250      523249       2092         0.3        0          376      831679     46111      68283.24   16790.04

[1;1H[2J
Get Statistics
Type     Time(s)  Ops          TPS(ops/s)   Net(M/s)   Get_miss   Min(us)  Max(us)    Avg(us)    Std_dev    Geo_dist  
Period   10       21017        2101         0.3        0          412      295048     45964      69499.68   16460.10
Global   260      544266       2093         0.3        0          376      831679     46105      68330.77   16777.18

Total Statistics
Type     Time(s)  Ops          TPS(ops/s)   Net(M/s)   Get_miss   Min(us)  Max(us)    Avg(us)    Std_dev    Geo_dist  
Period   10       21017        2101         0.3        0          412      295048     45964      69499.68   16460.10
Global   260      544266       2093         0.3        0          376      831679     46105      68330.77   16777.18

[1;1H[2J
Get Statistics
Type     Time(s)  Ops          TPS(ops/s)   Net(M/s)   Get_miss   Min(us)  Max(us)    Avg(us)    Std_dev    Geo_dist  
Period   10       21469        2146         0.3        0          425      237418     44794      66907.04   16008.98
Global   270      565735       2095         0.3        0          376      831679     46056      68277.18   16747.36

Total Statistics
Type     Time(s)  Ops          TPS(ops/s)   Net(M/s)   Get_miss   Min(us)  Max(us)    Avg(us)    Std_dev    Geo_dist  
Period   10       21469        2146         0.3        0          425      237418     44794      66907.04   16008.98
Global   270      565735       2095         0.3        0          376      831679     46056      68277.18   16747.36

[1;1H[2J
Get Statistics
Type     Time(s)  Ops          TPS(ops/s)   Net(M/s)   Get_miss   Min(us)  Max(us)    Avg(us)    Std_dev    Geo_dist  
Period   10       21630        2163         0.3        0          391      248752     44677      55239.18   19863.90
Global   280      587365       2097         0.3        0          376      831679     46005      67842.11   16852.95

Total Statistics
Type     Time(s)  Ops          TPS(ops/s)   Net(M/s)   Get_miss   Min(us)  Max(us)    Avg(us)    Std_dev    Geo_dist  
Period   10       21630        2163         0.3        0          391      248752     44677      55239.18   19863.90
Global   280      587365       2097         0.3        0          376      831679     46005      67842.11   16852.95

[1;1H[2J
Get Statistics
Type     Time(s)  Ops          TPS(ops/s)   Net(M/s)   Get_miss   Min(us)  Max(us)    Avg(us)    Std_dev    Geo_dist  
Period   10       21222        2122         0.3        0          374      291915     45487      61572.25   18305.81
Global   290      608587       2098         0.3        0          374      831679     45987      67633.23   16901.61

Total Statistics
Type     Time(s)  Ops          TPS(ops/s)   Net(M/s)   Get_miss   Min(us)  Max(us)    Avg(us)    Std_dev    Geo_dist  
Period   10       21222        2122         0.3        0          374      291915     45487      61572.25   18305.81
Global   290      608587       2098         0.3        0          374      831679     45987      67633.23   16901.61

[1;1H[2J
Get Statistics
Type     Time(s)  Ops          TPS(ops/s)   Net(M/s)   Get_miss   Min(us)  Max(us)    Avg(us)    Std_dev    Geo_dist  
Period   10       21596        2159         0.3        0          414      258046     44129      57813.83   18294.53
Global   300      630183       2100         0.3        0          374      831679     45923      67321.46   16947.54

Total Statistics
Type     Time(s)  Ops          TPS(ops/s)   Net(M/s)   Get_miss   Min(us)  Max(us)    Avg(us)    Std_dev    Geo_dist  
Period   10       21596        2159         0.3        0          414      258046     44123      57812.32   18284.60
Global   300      630183       2100         0.3        0          374      831679     45923      67321.46   16947.54

[1;1H[2J
Get Statistics
Type     Time(s)  Ops          TPS(ops/s)   Net(M/s)   Get_miss   Min(us)  Max(us)    Avg(us)    Std_dev    Geo_dist  
Period   10       20910        2091         0.3        0          436      474699     46531      66739.76   18522.40
Global   310      651093       2100         0.3        0          374      831679     45943      67302.57   16995.98

Total Statistics
Type     Time(s)  Ops          TPS(ops/s)   Net(M/s)   Get_miss   Min(us)  Max(us)    Avg(us)    Std_dev    Geo_dist  
Period   10       20910        2091         0.3        0          436      474699     46531      66739.76   18522.40
Global   310      651093       2100         0.3        0          374      831679     45943      67302.57   16995.98

[1;1H[2J
Get Statistics
Type     Time(s)  Ops          TPS(ops/s)   Net(M/s)   Get_miss   Min(us)  Max(us)    Avg(us)    Std_dev    Geo_dist  
Period   10       21014        2101         0.3        0          355      271741     45878      63744.85   18281.80
Global   320      672107       2100         0.3        0          355      831679     45941      67194.12   17034.77

Total Statistics
Type     Time(s)  Ops          TPS(ops/s)   Net(M/s)   Get_miss   Min(us)  Max(us)    Avg(us)    Std_dev    Geo_dist  
Period   10       21014        2101         0.3        0          355      271741     45878      63744.85   18281.80
Global   320      672107       2100         0.3        0          355      831679     45941      67194.12   17034.77

[1;1H[2J
Get Statistics
Type     Time(s)  Ops          TPS(ops/s)   Net(M/s)   Get_miss   Min(us)  Max(us)    Avg(us)    Std_dev    Geo_dist  
Period   10       21792        2179         0.3        0          369      259462     44107      58242.98   18721.98
Global   330      693899       2102         0.3        0          355      831679     45883      66932.22   17085.37

Total Statistics
Type     Time(s)  Ops          TPS(ops/s)   Net(M/s)   Get_miss   Min(us)  Max(us)    Avg(us)    Std_dev    Geo_dist  
Period   10       21792        2179         0.3        0          369      259462     44107      58242.98   18721.98
Global   330      693899       2102         0.3        0          355      831679     45883      66932.22   17085.37

[1;1H[2J
Get Statistics
Type     Time(s)  Ops          TPS(ops/s)   Net(M/s)   Get_miss   Min(us)  Max(us)    Avg(us)    Std_dev    Geo_dist  
Period   10       21514        2151         0.3        0          414      258118     44758      66115.61   16109.72
Global   340      715413       2104         0.3        0          355      831679     45849      66908.16   17055.19

Total Statistics
Type     Time(s)  Ops          TPS(ops/s)   Net(M/s)   Get_miss   Min(us)  Max(us)    Avg(us)    Std_dev    Geo_dist  
Period   10       21514        2151         0.3        0          414      258118     44758      66115.61   16109.72
Global   340      715413       2104         0.3        0          355      831679     45849      66908.16   17055.19

[1;1H[2J
Get Statistics
Type     Time(s)  Ops          TPS(ops/s)   Net(M/s)   Get_miss   Min(us)  Max(us)    Avg(us)    Std_dev    Geo_dist  
Period   10       21998        2199         0.3        0          365      300361     43781      65876.41   14906.93
Global   350      737411       2106         0.3        0          355      831679     45787      66878.70   16986.83

Total Statistics
Type     Time(s)  Ops          TPS(ops/s)   Net(M/s)   Get_miss   Min(us)  Max(us)    Avg(us)    Std_dev    Geo_dist  
Period   10       21999        2199         0.3        0          365      300361     43787      65880.28   14908.58
Global   350      737412       2106         0.3        0          355      831679     45788      66878.24   16986.88

[1;1H[2J
Get Statistics
Type     Time(s)  Ops          TPS(ops/s)   Net(M/s)   Get_miss   Min(us)  Max(us)    Avg(us)    Std_dev    Geo_dist  
Period   10       20555        2055         0.3        0          392      435695     47141      76365.16   15010.71
Global   360      757966       2105         0.3        0          355      831679     45824      67154.04   16930.22

Total Statistics
Type     Time(s)  Ops          TPS(ops/s)   Net(M/s)   Get_miss   Min(us)  Max(us)    Avg(us)    Std_dev    Geo_dist  
Period   10       20554        2055         0.3        0          392      435695     47143      76366.49   15017.73
Global   360      757966       2105         0.3        0          355      831679     45824      67154.04   16930.22

Get Statistics (758062 events)
   Min:       355
   Max:    831679
   Avg:     45827
   Geo:  16932.55
   Std:  67151.22
   Log2 Dist:
       8:        0      407     7023    27732
      12:    78750    98259   267358    79410
      16:    34069    32584   130645     1729
      20:       96

Total Statistics (758062 events)
   Min:       355
   Max:    831679
   Avg:     45827
   Geo:  16932.55
   Std:  67151.22
   Log2 Dist:
       8:        0      407     7023    27732
      12:    78750    98259   267358    79410
      16:    34069    32584   130645     1729
      20:       96

cmd_get: 758158
cmd_set: 98304
get_misses: 0
written_bytes: 32406004
read_bytes: 125866662
object_bytes: 14155776

Run time: 361.9s Ops: 856462 TPS: 2367 Net_rate: 0.4M/s
