servers : 10.0.0.6:11212
threads count: 12
concurrency: 12
run time: 360s
windows size: 1k
set proportion: set_prop=0.00
get proportion: get_prop=1.00
[1;1H[2J
Get Statistics
Type     Time(s)  Ops          TPS(ops/s)   Net(M/s)   Get_miss   Min(us)  Max(us)    Avg(us)    Std_dev    Geo_dist  
Period   10       31236        3123         0.4        0          373      183424     3854       5487.96    2012.03
Global   10       31236        3123         0.4        0          373      183424     3854       5487.96    2012.03

Total Statistics
Type     Time(s)  Ops          TPS(ops/s)   Net(M/s)   Get_miss   Min(us)  Max(us)    Avg(us)    Std_dev    Geo_dist  
Period   10       31236        3123         0.4        0          373      183424     3854       5487.96    2012.03
Global   10       31236        3123         0.4        0          373      183424     3854       5487.96    2012.03

[1;1H[2J
Get Statistics
Type     Time(s)  Ops          TPS(ops/s)   Net(M/s)   Get_miss   Min(us)  Max(us)    Avg(us)    Std_dev    Geo_dist  
Period   10       31569        3156         0.4        0          331      176434     3813       5065.80    2078.83
Global   20       62805        3140         0.4        0          331      183424     3834       5279.54    2045.33

Total Statistics
Type     Time(s)  Ops          TPS(ops/s)   Net(M/s)   Get_miss   Min(us)  Max(us)    Avg(us)    Std_dev    Geo_dist  
Period   10       31569        3156         0.4        0          331      176434     3813       5065.80    2078.83
Global   20       62805        3140         0.4        0          331      183424     3834       5279.54    2045.33

[1;1H[2J
Get Statistics
Type     Time(s)  Ops          TPS(ops/s)   Net(M/s)   Get_miss   Min(us)  Max(us)    Avg(us)    Std_dev    Geo_dist  
Period   10       32191        3219         0.4        0          336      171902     3740       5201.14    1997.71
Global   30       94996        3166         0.4        0          331      183424     3802       5253.37    2029.07

Total Statistics
Type     Time(s)  Ops          TPS(ops/s)   Net(M/s)   Get_miss   Min(us)  Max(us)    Avg(us)    Std_dev    Geo_dist  
Period   10       32191        3219         0.4        0          336      171902     3740       5201.14    1997.71
Global   30       94996        3166         0.4        0          331      183424     3802       5253.37    2029.07

[1;1H[2J
Get Statistics
Type     Time(s)  Ops          TPS(ops/s)   Net(M/s)   Get_miss   Min(us)  Max(us)    Avg(us)    Std_dev    Geo_dist  
Period   10       31313        3131         0.4        0          319      38620      3842       4091.42    2108.92
Global   40       126309       3157         0.4        0          319      183424     3812       4990.55    2048.58

Total Statistics
Type     Time(s)  Ops          TPS(ops/s)   Net(M/s)   Get_miss   Min(us)  Max(us)    Avg(us)    Std_dev    Geo_dist  
Period   10       31313        3131         0.4        0          319      38620      3842       4091.42    2108.92
Global   40       126309       3157         0.4        0          319      183424     3812       4990.55    2048.58

[1;1H[2J
Get Statistics
Type     Time(s)  Ops          TPS(ops/s)   Net(M/s)   Get_miss   Min(us)  Max(us)    Avg(us)    Std_dev    Geo_dist  
Period   10       29994        2999         0.4        0          344      185716     4017       5405.02    2229.03
Global   50       156303       3126         0.4        0          319      185716     3851       5073.59    2082.03

Total Statistics
Type     Time(s)  Ops          TPS(ops/s)   Net(M/s)   Get_miss   Min(us)  Max(us)    Avg(us)    Std_dev    Geo_dist  
Period   10       29994        2999         0.4        0          344      185716     4017       5405.02    2229.03
Global   50       156303       3126         0.4        0          319      185716     3851       5073.59    2082.03

[1;1H[2J
Get Statistics
Type     Time(s)  Ops          TPS(ops/s)   Net(M/s)   Get_miss   Min(us)  Max(us)    Avg(us)    Std_dev    Geo_dist  
Period   10       30568        3056         0.4        0          361      28233      3937       4085.45    2183.00
Global   60       186871       3114         0.4        0          319      185716     3865       4925.68    2098.23

Total Statistics
Type     Time(s)  Ops          TPS(ops/s)   Net(M/s)   Get_miss   Min(us)  Max(us)    Avg(us)    Std_dev    Geo_dist  
Period   10       30568        3056         0.4        0          361      28233      3937       4085.45    2183.00
Global   60       186871       3114         0.4        0          319      185716     3865       4925.68    2098.23

[1;1H[2J
Get Statistics
Type     Time(s)  Ops          TPS(ops/s)   Net(M/s)   Get_miss   Min(us)  Max(us)    Avg(us)    Std_dev    Geo_dist  
Period   10       30725        3072         0.4        0          370      100910     3921       4396.11    2113.24
Global   70       217596       3108         0.4        0          319      185716     3873       4854.36    2100.34

Total Statistics
Type     Time(s)  Ops          TPS(ops/s)   Net(M/s)   Get_miss   Min(us)  Max(us)    Avg(us)    Std_dev    Geo_dist  
Period   10       30725        3072         0.4        0          370      100910     3921       4396.11    2113.24
Global   70       217596       3108         0.4        0          319      185716     3873       4854.36    2100.34

[1;1H[2J
Get Statistics
Type     Time(s)  Ops          TPS(ops/s)   Net(M/s)   Get_miss   Min(us)  Max(us)    Avg(us)    Std_dev    Geo_dist  
Period   10       30698        3069         0.4        0          348      363862     3923       7907.30    2051.97
Global   80       248294       3103         0.4        0          319      363862     3879       5327.59    2094.30

Total Statistics
Type     Time(s)  Ops          TPS(ops/s)   Net(M/s)   Get_miss   Min(us)  Max(us)    Avg(us)    Std_dev    Geo_dist  
Period   10       30699        3069         0.4        0          348      363862     3923       7907.14    2051.90
Global   80       248295       3103         0.4        0          319      363862     3879       5327.57    2094.29

[1;1H[2J
Get Statistics
Type     Time(s)  Ops          TPS(ops/s)   Net(M/s)   Get_miss   Min(us)  Max(us)    Avg(us)    Std_dev    Geo_dist  
Period   10       31264        3126         0.4        0          362      85178      3851       4075.57    2157.60
Global   90       279558       3106         0.4        0          319      363862     3876       5202.46    2101.33

Total Statistics
Type     Time(s)  Ops          TPS(ops/s)   Net(M/s)   Get_miss   Min(us)  Max(us)    Avg(us)    Std_dev    Geo_dist  
Period   10       31263        3126         0.4        0          362      85178      3851       4075.69    2157.68
Global   90       279558       3106         0.4        0          319      363862     3876       5202.46    2101.33

[1;1H[2J
Get Statistics
Type     Time(s)  Ops          TPS(ops/s)   Net(M/s)   Get_miss   Min(us)  Max(us)    Avg(us)    Std_dev    Geo_dist  
Period   10       32256        3225         0.4        0          353      178217     3730       4997.77    2114.03
Global   100      311814       3118         0.4        0          319      363862     3861       5181.77    2102.64

Total Statistics
Type     Time(s)  Ops          TPS(ops/s)   Net(M/s)   Get_miss   Min(us)  Max(us)    Avg(us)    Std_dev    Geo_dist  
Period   10       32256        3225         0.4        0          353      178217     3730       4997.77    2114.03
Global   100      311814       3118         0.4        0          319      363862     3861       5181.77    2102.64

[1;1H[2J
Get Statistics
Type     Time(s)  Ops          TPS(ops/s)   Net(M/s)   Get_miss   Min(us)  Max(us)    Avg(us)    Std_dev    Geo_dist  
Period   10       30174        3017         0.4        0          371      38237      3991       3890.93    2328.30
Global   110      341988       3108         0.4        0          319      363862     3873       5080.81    2121.64

Total Statistics
Type     Time(s)  Ops          TPS(ops/s)   Net(M/s)   Get_miss   Min(us)  Max(us)    Avg(us)    Std_dev    Geo_dist  
Period   10       30174        3017         0.4        0          371      38237      3991       3890.93    2328.30
Global   110      341988       3108         0.4        0          319      363862     3873       5080.81    2121.64

[1;1H[2J
Get Statistics
Type     Time(s)  Ops          TPS(ops/s)   Net(M/s)   Get_miss   Min(us)  Max(us)    Avg(us)    Std_dev    Geo_dist  
Period   10       29459        2945         0.4        0          381      47645      4086       3878.50    2498.70
Global   120      371447       3095         0.4        0          319      363862     3890       4996.27    2149.35

Total Statistics
Type     Time(s)  Ops          TPS(ops/s)   Net(M/s)   Get_miss   Min(us)  Max(us)    Avg(us)    Std_dev    Geo_dist  
Period   10       29459        2945         0.4        0          381      47645      4086       3878.50    2498.70
Global   120      371447       3095         0.4        0          319      363862     3890       4996.27    2149.35

[1;1H[2J
Get Statistics
Type     Time(s)  Ops          TPS(ops/s)   Net(M/s)   Get_miss   Min(us)  Max(us)    Avg(us)    Std_dev    Geo_dist  
Period   10       30276        3027         0.4        0          317      154407     3976       5126.45    2269.34
Global   130      401723       3090         0.4        0          317      363862     3896       5006.62    2158.16

Total Statistics
Type     Time(s)  Ops          TPS(ops/s)   Net(M/s)   Get_miss   Min(us)  Max(us)    Avg(us)    Std_dev    Geo_dist  
Period   10       30276        3027         0.4        0          317      154407     3976       5126.45    2269.34
Global   130      401723       3090         0.4        0          317      363862     3896       5006.62    2158.16

[1;1H[2J
Get Statistics
Type     Time(s)  Ops          TPS(ops/s)   Net(M/s)   Get_miss   Min(us)  Max(us)    Avg(us)    Std_dev    Geo_dist  
Period   10       30757        3075         0.4        0          374      29217      3914       3819.23    2259.78
Global   140      432480       3089         0.4        0          317      363862     3897       4931.85    2165.24

Total Statistics
Type     Time(s)  Ops          TPS(ops/s)   Net(M/s)   Get_miss   Min(us)  Max(us)    Avg(us)    Std_dev    Geo_dist  
Period   10       30757        3075         0.4        0          374      29217      3914       3819.23    2259.78
Global   140      432480       3089         0.4        0          317      363862     3897       4931.85    2165.24

[1;1H[2J
Get Statistics
Type     Time(s)  Ops          TPS(ops/s)   Net(M/s)   Get_miss   Min(us)  Max(us)    Avg(us)    Std_dev    Geo_dist  
Period   10       30892        3089         0.4        0          325      38559      3899       3815.73    2260.55
Global   150      463372       3089         0.4        0          317      363862     3897       4865.52    2171.47

Total Statistics
Type     Time(s)  Ops          TPS(ops/s)   Net(M/s)   Get_miss   Min(us)  Max(us)    Avg(us)    Std_dev    Geo_dist  
Period   10       30892        3089         0.4        0          325      38559      3899       3815.73    2260.55
Global   150      463372       3089         0.4        0          317      363862     3897       4865.52    2171.47

[1;1H[2J
Get Statistics
Type     Time(s)  Ops          TPS(ops/s)   Net(M/s)   Get_miss   Min(us)  Max(us)    Avg(us)    Std_dev    Geo_dist  
Period   10       31966        3196         0.4        0          341      97141      3767       4375.30    2092.52
Global   160      495338       3095         0.4        0          317      363862     3889       4835.17    2166.28

Total Statistics
Type     Time(s)  Ops          TPS(ops/s)   Net(M/s)   Get_miss   Min(us)  Max(us)    Avg(us)    Std_dev    Geo_dist  
Period   10       31966        3196         0.4        0          341      97141      3767       4375.30    2092.52
Global   160      495338       3095         0.4        0          317      363862     3889       4835.17    2166.28

[1;1H[2J
Get Statistics
Type     Time(s)  Ops          TPS(ops/s)   Net(M/s)   Get_miss   Min(us)  Max(us)    Avg(us)    Std_dev    Geo_dist  
Period   10       31618        3161         0.4        0          344      77432      3805       3944.85    2123.88
Global   170      526956       3099         0.4        0          317      363862     3884       4786.43    2163.71

Total Statistics
Type     Time(s)  Ops          TPS(ops/s)   Net(M/s)   Get_miss   Min(us)  Max(us)    Avg(us)    Std_dev    Geo_dist  
Period   10       31618        3161         0.4        0          344      77432      3805       3944.85    2123.88
Global   170      526956       3099         0.4        0          317      363862     3884       4786.43    2163.71

[1;1H[2J
Get Statistics
Type     Time(s)  Ops          TPS(ops/s)   Net(M/s)   Get_miss   Min(us)  Max(us)    Avg(us)    Std_dev    Geo_dist  
Period   10       29104        2910         0.4        0          376      107908     4137       4387.75    2440.76
Global   180      556060       3089         0.4        0          317      363862     3897       4766.91    2177.40

Total Statistics
Type     Time(s)  Ops          TPS(ops/s)   Net(M/s)   Get_miss   Min(us)  Max(us)    Avg(us)    Std_dev    Geo_dist  
Period   10       29104        2910         0.4        0          376      107908     4137       4387.75    2440.76
Global   180      556060       3089         0.4        0          317      363862     3897       4766.91    2177.40

[1;1H[2J
Get Statistics
Type     Time(s)  Ops          TPS(ops/s)   Net(M/s)   Get_miss   Min(us)  Max(us)    Avg(us)    Std_dev    Geo_dist  
Period   10       32376        3237         0.4        0          375      56031      3719       3969.63    2075.22
Global   190      588436       3097         0.4        0          317      363862     3887       4726.89    2171.65

Total Statistics
Type     Time(s)  Ops          TPS(ops/s)   Net(M/s)   Get_miss   Min(us)  Max(us)    Avg(us)    Std_dev    Geo_dist  
Period   10       32376        3237         0.4        0          375      56031      3719       3969.63    2075.22
Global   190      588436       3097         0.4        0          317      363862     3887       4726.89    2171.65

[1;1H[2J
Get Statistics
Type     Time(s)  Ops          TPS(ops/s)   Net(M/s)   Get_miss   Min(us)  Max(us)    Avg(us)    Std_dev    Geo_dist  
Period   10       31853        3185         0.4        0          354      135502     3781       4594.80    2082.68
Global   200      620289       3101         0.4        0          317      363862     3882       4719.88    2166.99

Total Statistics
Type     Time(s)  Ops          TPS(ops/s)   Net(M/s)   Get_miss   Min(us)  Max(us)    Avg(us)    Std_dev    Geo_dist  
Period   10       31853        3185         0.4        0          354      135502     3781       4594.80    2082.68
Global   200      620289       3101         0.4        0          317      363862     3882       4719.88    2166.99

[1;1H[2J
Get Statistics
Type     Time(s)  Ops          TPS(ops/s)   Net(M/s)   Get_miss   Min(us)  Max(us)    Avg(us)    Std_dev    Geo_dist  
Period   10       34161        3416         0.4        0          337      38432      3525       3707.86    1948.89
Global   210      654450       3116         0.5        0          317      363862     3863       4673.46    2155.02

Total Statistics
Type     Time(s)  Ops          TPS(ops/s)   Net(M/s)   Get_miss   Min(us)  Max(us)    Avg(us)    Std_dev    Geo_dist  
Period   10       34163        3416         0.4        0          337      38432      3525       3707.66    1948.80
Global   210      654452       3116         0.5        0          317      363862     3863       4673.45    2155.02

[1;1H[2J
Get Statistics
Type     Time(s)  Ops          TPS(ops/s)   Net(M/s)   Get_miss   Min(us)  Max(us)    Avg(us)    Std_dev    Geo_dist  
Period   10       32439        3243         0.4        0          339      135510     3711       4825.29    2018.59
Global   220      686889       3122         0.4        0          317      363862     3856       4680.70    2148.42

Total Statistics
Type     Time(s)  Ops          TPS(ops/s)   Net(M/s)   Get_miss   Min(us)  Max(us)    Avg(us)    Std_dev    Geo_dist  
Period   10       32437        3243         0.4        0          339      135510     3711       4825.53    2019.54
Global   220      686889       3122         0.4        0          317      363862     3856       4680.70    2148.42

[1;1H[2J
Get Statistics
Type     Time(s)  Ops          TPS(ops/s)   Net(M/s)   Get_miss   Min(us)  Max(us)    Avg(us)    Std_dev    Geo_dist  
Period   10       33004        3300         0.4        0          358      90664      3648       3963.35    2001.86
Global   230      719893       3129         0.5        0          317      363862     3847       4649.99    2141.47

Total Statistics
Type     Time(s)  Ops          TPS(ops/s)   Net(M/s)   Get_miss   Min(us)  Max(us)    Avg(us)    Std_dev    Geo_dist  
Period   10       33004        3300         0.4        0          358      90664      3648       3963.35    2001.86
Global   230      719893       3129         0.5        0          317      363862     3847       4649.99    2141.47

[1;1H[2J
Get Statistics
Type     Time(s)  Ops          TPS(ops/s)   Net(M/s)   Get_miss   Min(us)  Max(us)    Avg(us)    Std_dev    Geo_dist  
Period   10       29188        2918         0.4        0          325      518080     4127       11858.88   2075.72
Global   240      749081       3121         0.4        0          317      518080     3857       5125.37    2138.87

Total Statistics
Type     Time(s)  Ops          TPS(ops/s)   Net(M/s)   Get_miss   Min(us)  Max(us)    Avg(us)    Std_dev    Geo_dist  
Period   10       29188        2918         0.4        0          325      518080     4127       11858.88   2075.72
Global   240      749081       3121         0.4        0          317      518080     3857       5125.37    2138.87

[1;1H[2J
Get Statistics
Type     Time(s)  Ops          TPS(ops/s)   Net(M/s)   Get_miss   Min(us)  Max(us)    Avg(us)    Std_dev    Geo_dist  
Period   10       31482        3148         0.4        0          363      214892     3838       5580.20    2066.92
Global   250      780563       3122         0.4        0          317      518080     3857       5143.92    2135.92

Total Statistics
Type     Time(s)  Ops          TPS(ops/s)   Net(M/s)   Get_miss   Min(us)  Max(us)    Avg(us)    Std_dev    Geo_dist  
Period   10       31482        3148         0.4        0          363      214892     3838       5580.20    2066.92
Global   250      780563       3122         0.4        0          317      518080     3857       5143.92    2135.92

[1;1H[2J
Get Statistics
Type     Time(s)  Ops          TPS(ops/s)   Net(M/s)   Get_miss   Min(us)  Max(us)    Avg(us)    Std_dev    Geo_dist  
Period   10       33172        3317         0.4        0          343      51873      3645       3911.87    1995.94
Global   260      813735       3129         0.5        0          317      518080     3848       5099.96    2130.03

Total Statistics
Type     Time(s)  Ops          TPS(ops/s)   Net(M/s)   Get_miss   Min(us)  Max(us)    Avg(us)    Std_dev    Geo_dist  
Period   10       33173        3317         0.4        0          343      51873      3644       3912.69    1995.89
Global   260      813736       3129         0.5        0          317      518080     3848       5099.95    2130.03

[1;1H[2J
Get Statistics
Type     Time(s)  Ops          TPS(ops/s)   Net(M/s)   Get_miss   Min(us)  Max(us)    Avg(us)    Std_dev    Geo_dist  
Period   10       31490        3149         0.4        0          329      265392     3835       6596.63    2038.06
Global   270      845225       3130         0.4        0          317      518080     3848       5163.14    2126.55

Total Statistics
Type     Time(s)  Ops          TPS(ops/s)   Net(M/s)   Get_miss   Min(us)  Max(us)    Avg(us)    Std_dev    Geo_dist  
Period   10       31489        3148         0.4        0          329      265392     3835       6596.77    2038.56
Global   270      845225       3130         0.4        0          317      518080     3848       5163.14    2126.55

[1;1H[2J
Get Statistics
Type     Time(s)  Ops          TPS(ops/s)   Net(M/s)   Get_miss   Min(us)  Max(us)    Avg(us)    Std_dev    Geo_dist  
Period   10       29179        2917         0.4        0          395      973524     4145       19809.25   2058.85
Global   280      874404       3122         0.4        0          317      973524     3857       6234.78    2124.25

Total Statistics
Type     Time(s)  Ops          TPS(ops/s)   Net(M/s)   Get_miss   Min(us)  Max(us)    Avg(us)    Std_dev    Geo_dist  
Period   10       29179        2917         0.4        0          395      973524     4145       19809.25   2058.85
Global   280      874404       3122         0.4        0          317      973524     3857       6234.78    2124.25

[1;1H[2J
Get Statistics
Type     Time(s)  Ops          TPS(ops/s)   Net(M/s)   Get_miss   Min(us)  Max(us)    Avg(us)    Std_dev    Geo_dist  
Period   10       29372        2937         0.4        0          338      515621     4116       13099.52   2008.87
Global   290      903776       3116         0.4        0          317      973524     3866       6571.41    2120.40

Total Statistics
Type     Time(s)  Ops          TPS(ops/s)   Net(M/s)   Get_miss   Min(us)  Max(us)    Avg(us)    Std_dev    Geo_dist  
Period   10       29372        2937         0.4        0          338      515621     4116       13099.52   2008.87
Global   290      903776       3116         0.4        0          317      973524     3866       6571.41    2120.40

[1;1H[2J
Get Statistics
Type     Time(s)  Ops          TPS(ops/s)   Net(M/s)   Get_miss   Min(us)  Max(us)    Avg(us)    Std_dev    Geo_dist  
Period   10       32800        3280         0.4        0          326      68783      3686       3971.60    2020.34
Global   300      936576       3121         0.5        0          317      973524     3860       6497.86    2116.81

Total Statistics
Type     Time(s)  Ops          TPS(ops/s)   Net(M/s)   Get_miss   Min(us)  Max(us)    Avg(us)    Std_dev    Geo_dist  
Period   10       32800        3280         0.4        0          326      68783      3686       3971.60    2020.34
Global   300      936576       3121         0.5        0          317      973524     3860       6497.86    2116.81

[1;1H[2J
Get Statistics
Type     Time(s)  Ops          TPS(ops/s)   Net(M/s)   Get_miss   Min(us)  Max(us)    Avg(us)    Std_dev    Geo_dist  
Period   10       32790        3279         0.4        0          368      37984      3686       3905.54    2019.17
Global   310      969366       3126         0.5        0          317      973524     3854       6427.43    2113.43

Total Statistics
Type     Time(s)  Ops          TPS(ops/s)   Net(M/s)   Get_miss   Min(us)  Max(us)    Avg(us)    Std_dev    Geo_dist  
Period   10       32790        3279         0.4        0          368      37984      3686       3905.54    2019.17
Global   310      969366       3126         0.5        0          317      973524     3854       6427.43    2113.43

[1;1H[2J
Get Statistics
Type     Time(s)  Ops          TPS(ops/s)   Net(M/s)   Get_miss   Min(us)  Max(us)    Avg(us)    Std_dev    Geo_dist  
Period   10       31611        3161         0.4        0          313      364963     3823       8927.35    1971.44
Global   320      1000977      3128         0.4        0          313      973524     3853       6521.05    2108.80

Total Statistics
Type     Time(s)  Ops          TPS(ops/s)   Net(M/s)   Get_miss   Min(us)  Max(us)    Avg(us)    Std_dev    Geo_dist  
Period   10       31611        3161         0.4        0          313      364963     3823       8927.35    1971.44
Global   320      1000977      3128         0.4        0          313      973524     3853       6521.05    2108.80

[1;1H[2J
Get Statistics
Type     Time(s)  Ops          TPS(ops/s)   Net(M/s)   Get_miss   Min(us)  Max(us)    Avg(us)    Std_dev    Geo_dist  
Period   10       30388        3038         0.4        0          359      103009     3979       4136.02    2271.47
Global   330      1031365      3125         0.4        0          313      973524     3856       6463.84    2113.42

Total Statistics
Type     Time(s)  Ops          TPS(ops/s)   Net(M/s)   Get_miss   Min(us)  Max(us)    Avg(us)    Std_dev    Geo_dist  
Period   10       30388        3038         0.4        0          359      103009     3979       4136.02    2271.47
Global   330      1031365      3125         0.4        0          313      973524     3856       6463.84    2113.42

[1;1H[2J
Get Statistics
Type     Time(s)  Ops          TPS(ops/s)   Net(M/s)   Get_miss   Min(us)  Max(us)    Avg(us)    Std_dev    Geo_dist  
Period   10       31839        3183         0.4        0          318      378474     3797       7220.87    2011.24
Global   340      1063204      3127         0.4        0          313      973524     3855       6487.34    2110.29

Total Statistics
Type     Time(s)  Ops          TPS(ops/s)   Net(M/s)   Get_miss   Min(us)  Max(us)    Avg(us)    Std_dev    Geo_dist  
Period   10       31839        3183         0.4        0          318      378474     3797       7220.87    2011.24
Global   340      1063204      3127         0.4        0          313      973524     3855       6487.34    2110.29

[1;1H[2J
Get Statistics
Type     Time(s)  Ops          TPS(ops/s)   Net(M/s)   Get_miss   Min(us)  Max(us)    Avg(us)    Std_dev    Geo_dist  
Period   10       30414        3041         0.4        0          357      171140     3975       6066.90    2165.65
Global   350      1093618      3124         0.4        0          313      973524     3858       6476.24    2111.81

Total Statistics
Type     Time(s)  Ops          TPS(ops/s)   Net(M/s)   Get_miss   Min(us)  Max(us)    Avg(us)    Std_dev    Geo_dist  
Period   10       30414        3041         0.4        0          357      171140     3975       6066.90    2165.65
Global   350      1093618      3124         0.4        0          313      973524     3858       6476.24    2111.81

[1;1H[2J
Get Statistics
Type     Time(s)  Ops          TPS(ops/s)   Net(M/s)   Get_miss   Min(us)  Max(us)    Avg(us)    Std_dev    Geo_dist  
Period   10       32829        3282         0.4        0          354      37346      3681       3750.84    2055.21
Global   360      1126447      3129         0.5        0          313      973524     3853       6413.19    2110.13

Total Statistics
Type     Time(s)  Ops          TPS(ops/s)   Net(M/s)   Get_miss   Min(us)  Max(us)    Avg(us)    Std_dev    Geo_dist  
Period   10       32829        3282         0.4        0          354      37346      3681       3750.84    2055.21
Global   360      1126447      3129         0.5        0          313      973524     3853       6413.19    2110.13

Get Statistics (1126459 events)
   Min:       313
   Max:    973524
   Avg:      3853
   Geo:   2110.17
   Std:   6413.20
   Log2 Dist:
       8:        0     8970   459386   220435
      12:    24029   248623   155083     8880
      16:      511      248      187       95
      20:       12

Total Statistics (1126459 events)
   Min:       313
   Max:    973524
   Avg:      3853
   Geo:   2110.17
   Std:   6413.20
   Log2 Dist:
       8:        0     8970   459386   220435
      12:    24029   248623   155083     8880
      16:      511      248      187       95
      20:       12

cmd_get: 1126471
cmd_set: 12288
get_misses: 0
written_bytes: 26748178
read_bytes: 185964039
object_bytes: 1769472

Run time: 361.9s Ops: 1138759 TPS: 3146 Net_rate: 0.6M/s
