servers : 10.0.0.6:11212
threads count: 12
concurrency: 12
run time: 360s
windows size: 1k
set proportion: set_prop=0.00
get proportion: get_prop=1.00
[1;1H[2J
Get Statistics
Type     Time(s)  Ops          TPS(ops/s)   Net(M/s)   Get_miss   Min(us)  Max(us)    Avg(us)    Std_dev    Geo_dist  
Period   10       37038        3703         0.5        0          289      183401     3262       5102.11    1559.68
Global   10       37038        3703         0.5        0          289      183401     3262       5102.11    1559.68

Total Statistics
Type     Time(s)  Ops          TPS(ops/s)   Net(M/s)   Get_miss   Min(us)  Max(us)    Avg(us)    Std_dev    Geo_dist  
Period   10       37038        3703         0.5        0          289      183401     3262       5102.11    1559.68
Global   10       37038        3703         0.5        0          289      183401     3262       5102.11    1559.68

[1;1H[2J
Get Statistics
Type     Time(s)  Ops          TPS(ops/s)   Net(M/s)   Get_miss   Min(us)  Max(us)    Avg(us)    Std_dev    Geo_dist  
Period   10       37554        3755         0.5        0          295      173778     3217       4769.51    1579.28
Global   20       74592        3729         0.5        0          289      183401     3239       4937.71    1569.51

Total Statistics
Type     Time(s)  Ops          TPS(ops/s)   Net(M/s)   Get_miss   Min(us)  Max(us)    Avg(us)    Std_dev    Geo_dist  
Period   10       37554        3755         0.5        0          295      173778     3217       4769.51    1579.28
Global   20       74592        3729         0.5        0          289      183401     3239       4937.71    1569.51

[1;1H[2J
Get Statistics
Type     Time(s)  Ops          TPS(ops/s)   Net(M/s)   Get_miss   Min(us)  Max(us)    Avg(us)    Std_dev    Geo_dist  
Period   10       36900        3690         0.5        0          308      171497     3276       4762.67    1620.49
Global   30       111492       3716         0.5        0          289      183401     3252       4879.98    1586.21

Total Statistics
Type     Time(s)  Ops          TPS(ops/s)   Net(M/s)   Get_miss   Min(us)  Max(us)    Avg(us)    Std_dev    Geo_dist  
Period   10       36900        3690         0.5        0          308      171497     3276       4762.67    1620.49
Global   30       111492       3716         0.5        0          289      183401     3252       4879.98    1586.21

[1;1H[2J
Get Statistics
Type     Time(s)  Ops          TPS(ops/s)   Net(M/s)   Get_miss   Min(us)  Max(us)    Avg(us)    Std_dev    Geo_dist  
Period   10       37464        3746         0.5        0          305      38363      3225       3893.99    1612.02
Global   40       148956       3723         0.5        0          289      183401     3245       4651.85    1592.66

Total Statistics
Type     Time(s)  Ops          TPS(ops/s)   Net(M/s)   Get_miss   Min(us)  Max(us)    Avg(us)    Std_dev    Geo_dist  
Period   10       37464        3746         0.5        0          305      38363      3225       3893.99    1612.02
Global   40       148956       3723         0.5        0          289      183401     3245       4651.85    1592.66

[1;1H[2J
Get Statistics
Type     Time(s)  Ops          TPS(ops/s)   Net(M/s)   Get_miss   Min(us)  Max(us)    Avg(us)    Std_dev    Geo_dist  
Period   10       36513        3651         0.5        0          293      182410     3312       5104.20    1609.20
Global   50       185469       3709         0.5        0          289      183401     3258       4744.51    1595.90

Total Statistics
Type     Time(s)  Ops          TPS(ops/s)   Net(M/s)   Get_miss   Min(us)  Max(us)    Avg(us)    Std_dev    Geo_dist  
Period   10       36513        3651         0.5        0          293      182410     3312       5104.20    1609.20
Global   50       185469       3709         0.5        0          289      183401     3258       4744.51    1595.90

[1;1H[2J
Get Statistics
Type     Time(s)  Ops          TPS(ops/s)   Net(M/s)   Get_miss   Min(us)  Max(us)    Avg(us)    Std_dev    Geo_dist  
Period   10       36586        3658         0.5        0          299      28176      3303       3900.76    1660.54
Global   60       222055       3700         0.5        0          289      183401     3265       4616.43    1606.37

Total Statistics
Type     Time(s)  Ops          TPS(ops/s)   Net(M/s)   Get_miss   Min(us)  Max(us)    Avg(us)    Std_dev    Geo_dist  
Period   10       36587        3658         0.5        0          299      28176      3303       3900.89    1660.61
Global   60       222056       3700         0.5        0          289      183401     3265       4616.45    1606.39

[1;1H[2J
Get Statistics
Type     Time(s)  Ops          TPS(ops/s)   Net(M/s)   Get_miss   Min(us)  Max(us)    Avg(us)    Std_dev    Geo_dist  
Period   10       36234        3623         0.5        0          287      62916      3335       4190.82    1622.79
Global   70       258289       3689         0.5        0          287      183401     3275       4559.08    1608.72

Total Statistics
Type     Time(s)  Ops          TPS(ops/s)   Net(M/s)   Get_miss   Min(us)  Max(us)    Avg(us)    Std_dev    Geo_dist  
Period   10       36233        3623         0.5        0          287      62916      3335       4190.91    1623.13
Global   70       258289       3689         0.5        0          287      183401     3275       4559.08    1608.72

[1;1H[2J
Get Statistics
Type     Time(s)  Ops          TPS(ops/s)   Net(M/s)   Get_miss   Min(us)  Max(us)    Avg(us)    Std_dev    Geo_dist  
Period   10       35678        3567         0.5        0          303      357848     3388       7220.79    1611.20
Global   80       293967       3674         0.5        0          287      357848     3289       4958.82    1609.02

Total Statistics
Type     Time(s)  Ops          TPS(ops/s)   Net(M/s)   Get_miss   Min(us)  Max(us)    Avg(us)    Std_dev    Geo_dist  
Period   10       35678        3567         0.5        0          303      357848     3388       7220.79    1611.20
Global   80       293967       3674         0.5        0          287      357848     3289       4958.82    1609.02

[1;1H[2J
Get Statistics
Type     Time(s)  Ops          TPS(ops/s)   Net(M/s)   Get_miss   Min(us)  Max(us)    Avg(us)    Std_dev    Geo_dist  
Period   10       36672        3667         0.5        0          295      82637      3296       3915.72    1680.39
Global   90       330639       3673         0.5        0          287      357848     3290       4854.04    1616.79

Total Statistics
Type     Time(s)  Ops          TPS(ops/s)   Net(M/s)   Get_miss   Min(us)  Max(us)    Avg(us)    Std_dev    Geo_dist  
Period   10       36673        3667         0.5        0          295      82637      3296       3915.63    1680.35
Global   90       330640       3673         0.5        0          287      357848     3290       4854.03    1616.78

[1;1H[2J
Get Statistics
Type     Time(s)  Ops          TPS(ops/s)   Net(M/s)   Get_miss   Min(us)  Max(us)    Avg(us)    Std_dev    Geo_dist  
Period   10       36846        3684         0.5        0          303      178102     3275       4862.15    1702.36
Global   100      367485       3674         0.5        0          287      357848     3288       4855.18    1625.20

Total Statistics
Type     Time(s)  Ops          TPS(ops/s)   Net(M/s)   Get_miss   Min(us)  Max(us)    Avg(us)    Std_dev    Geo_dist  
Period   10       36845        3684         0.5        0          303      178102     3275       4862.25    1702.70
Global   100      367485       3674         0.5        0          287      357848     3288       4855.18    1625.20

[1;1H[2J
Get Statistics
Type     Time(s)  Ops          TPS(ops/s)   Net(M/s)   Get_miss   Min(us)  Max(us)    Avg(us)    Std_dev    Geo_dist  
Period   10       37212        3721         0.5        0          268      37951      3237       3712.28    1671.89
Global   110      404697       3679         0.5        0          268      357848     3284       4761.10    1629.44

Total Statistics
Type     Time(s)  Ops          TPS(ops/s)   Net(M/s)   Get_miss   Min(us)  Max(us)    Avg(us)    Std_dev    Geo_dist  
Period   10       37212        3721         0.5        0          268      37951      3237       3712.28    1671.89
Global   110      404697       3679         0.5        0          268      357848     3284       4761.10    1629.44

[1;1H[2J
Get Statistics
Type     Time(s)  Ops          TPS(ops/s)   Net(M/s)   Get_miss   Min(us)  Max(us)    Avg(us)    Std_dev    Geo_dist  
Period   10       37666        3766         0.5        0          304      47180      3197       3672.91    1682.00
Global   120      442363       3686         0.5        0          268      357848     3276       4678.79    1633.85

Total Statistics
Type     Time(s)  Ops          TPS(ops/s)   Net(M/s)   Get_miss   Min(us)  Max(us)    Avg(us)    Std_dev    Geo_dist  
Period   10       37666        3766         0.5        0          304      47180      3197       3672.91    1682.00
Global   120      442363       3686         0.5        0          268      357848     3276       4678.79    1633.85

[1;1H[2J
Get Statistics
Type     Time(s)  Ops          TPS(ops/s)   Net(M/s)   Get_miss   Min(us)  Max(us)    Avg(us)    Std_dev    Geo_dist  
Period   10       36103        3610         0.5        0          294      154246     3335       4921.95    1694.86
Global   130      478466       3680         0.5        0          268      357848     3281       4697.22    1638.37

Total Statistics
Type     Time(s)  Ops          TPS(ops/s)   Net(M/s)   Get_miss   Min(us)  Max(us)    Avg(us)    Std_dev    Geo_dist  
Period   10       36103        3610         0.5        0          294      154246     3335       4921.95    1694.86
Global   130      478466       3680         0.5        0          268      357848     3281       4697.22    1638.37

[1;1H[2J
Get Statistics
Type     Time(s)  Ops          TPS(ops/s)   Net(M/s)   Get_miss   Min(us)  Max(us)    Avg(us)    Std_dev    Geo_dist  
Period   10       36285        3628         0.5        0          296      28623      3317       3693.23    1731.71
Global   140      514751       3676         0.5        0          268      357848     3283       4633.96    1644.78

Total Statistics
Type     Time(s)  Ops          TPS(ops/s)   Net(M/s)   Get_miss   Min(us)  Max(us)    Avg(us)    Std_dev    Geo_dist  
Period   10       36285        3628         0.5        0          296      28623      3317       3693.23    1731.71
Global   140      514751       3676         0.5        0          268      357848     3283       4633.96    1644.78

[1;1H[2J
Get Statistics
Type     Time(s)  Ops          TPS(ops/s)   Net(M/s)   Get_miss   Min(us)  Max(us)    Avg(us)    Std_dev    Geo_dist  
Period   10       37127        3712         0.5        0          304      38830      3243       3679.34    1686.28
Global   150      551878       3679         0.5        0          268      357848     3280       4576.22    1647.54

Total Statistics
Type     Time(s)  Ops          TPS(ops/s)   Net(M/s)   Get_miss   Min(us)  Max(us)    Avg(us)    Std_dev    Geo_dist  
Period   10       37127        3712         0.5        0          304      38830      3243       3679.34    1686.28
Global   150      551878       3679         0.5        0          268      357848     3280       4576.22    1647.54

[1;1H[2J
Get Statistics
Type     Time(s)  Ops          TPS(ops/s)   Net(M/s)   Get_miss   Min(us)  Max(us)    Avg(us)    Std_dev    Geo_dist  
Period   10       36464        3646         0.5        0          301      102141     3302       4204.91    1697.39
Global   160      588342       3677         0.5        0          268      357848     3282       4553.63    1650.59

Total Statistics
Type     Time(s)  Ops          TPS(ops/s)   Net(M/s)   Get_miss   Min(us)  Max(us)    Avg(us)    Std_dev    Geo_dist  
Period   10       36464        3646         0.5        0          301      102141     3302       4204.91    1697.39
Global   160      588342       3677         0.5        0          268      357848     3282       4553.63    1650.59

[1;1H[2J
Get Statistics
Type     Time(s)  Ops          TPS(ops/s)   Net(M/s)   Get_miss   Min(us)  Max(us)    Avg(us)    Std_dev    Geo_dist  
Period   10       36213        3621         0.5        0          303      57856      3322       3803.91    1717.67
Global   170      624555       3673         0.5        0          268      357848     3284       4513.80    1654.41

Total Statistics
Type     Time(s)  Ops          TPS(ops/s)   Net(M/s)   Get_miss   Min(us)  Max(us)    Avg(us)    Std_dev    Geo_dist  
Period   10       36220        3622         0.5        0          303      57856      3323       3804.00    1718.18
Global   170      624562       3673         0.5        0          268      357848     3284       4513.84    1654.44

[1;1H[2J
Get Statistics
Type     Time(s)  Ops          TPS(ops/s)   Net(M/s)   Get_miss   Min(us)  Max(us)    Avg(us)    Std_dev    Geo_dist  
Period   10       36571        3657         0.5        0          320      106761     3292       4119.37    1690.73
Global   180      661126       3672         0.5        0          268      357848     3285       4492.55    1656.55

Total Statistics
Type     Time(s)  Ops          TPS(ops/s)   Net(M/s)   Get_miss   Min(us)  Max(us)    Avg(us)    Std_dev    Geo_dist  
Period   10       36564        3656         0.5        0          320      106761     3293       4119.22    1693.13
Global   180      661126       3672         0.5        0          268      357848     3285       4492.55    1656.55

[1;1H[2J
Get Statistics
Type     Time(s)  Ops          TPS(ops/s)   Net(M/s)   Get_miss   Min(us)  Max(us)    Avg(us)    Std_dev    Geo_dist  
Period   10       36366        3636         0.5        0          300      55869      3310       3846.28    1731.44
Global   190      697492       3671         0.5        0          268      357848     3286       4461.40    1660.38

Total Statistics
Type     Time(s)  Ops          TPS(ops/s)   Net(M/s)   Get_miss   Min(us)  Max(us)    Avg(us)    Std_dev    Geo_dist  
Period   10       36366        3636         0.5        0          300      55869      3310       3846.28    1731.44
Global   190      697492       3671         0.5        0          268      357848     3286       4461.40    1660.38

[1;1H[2J
Get Statistics
Type     Time(s)  Ops          TPS(ops/s)   Net(M/s)   Get_miss   Min(us)  Max(us)    Avg(us)    Std_dev    Geo_dist  
Period   10       35449        3544         0.5        0          310      132396     3395       4430.41    1762.23
Global   200      732941       3664         0.5        0          268      357848     3291       4460.16    1665.16

Total Statistics
Type     Time(s)  Ops          TPS(ops/s)   Net(M/s)   Get_miss   Min(us)  Max(us)    Avg(us)    Std_dev    Geo_dist  
Period   10       35449        3544         0.5        0          310      132396     3395       4430.41    1762.23
Global   200      732941       3664         0.5        0          268      357848     3291       4460.16    1665.16

[1;1H[2J
Get Statistics
Type     Time(s)  Ops          TPS(ops/s)   Net(M/s)   Get_miss   Min(us)  Max(us)    Avg(us)    Std_dev    Geo_dist  
Period   10       37403        3740         0.5        0          320      28407      3217       3583.06    1696.19
Global   210      770344       3668         0.5        0          268      357848     3288       4421.18    1666.66

Total Statistics
Type     Time(s)  Ops          TPS(ops/s)   Net(M/s)   Get_miss   Min(us)  Max(us)    Avg(us)    Std_dev    Geo_dist  
Period   10       37403        3740         0.5        0          320      28407      3217       3583.06    1696.19
Global   210      770344       3668         0.5        0          268      357848     3288       4421.18    1666.66

[1;1H[2J
Get Statistics
Type     Time(s)  Ops          TPS(ops/s)   Net(M/s)   Get_miss   Min(us)  Max(us)    Avg(us)    Std_dev    Geo_dist  
Period   10       35755        3575         0.5        0          308      135526     3366       4690.64    1723.67
Global   220      806099       3664         0.5        0          268      357848     3291       4433.85    1669.15

Total Statistics
Type     Time(s)  Ops          TPS(ops/s)   Net(M/s)   Get_miss   Min(us)  Max(us)    Avg(us)    Std_dev    Geo_dist  
Period   10       35755        3575         0.5        0          308      135526     3366       4690.64    1723.67
Global   220      806099       3664         0.5        0          268      357848     3291       4433.85    1669.15

[1;1H[2J
Get Statistics
Type     Time(s)  Ops          TPS(ops/s)   Net(M/s)   Get_miss   Min(us)  Max(us)    Avg(us)    Std_dev    Geo_dist  
Period   10       35878        3587         0.5        0          328      69998      3355       3868.12    1761.06
Global   230      841977       3660         0.5        0          268      357848     3294       4411.04    1672.96

Total Statistics
Type     Time(s)  Ops          TPS(ops/s)   Net(M/s)   Get_miss   Min(us)  Max(us)    Avg(us)    Std_dev    Geo_dist  
Period   10       35878        3587         0.5        0          328      69998      3355       3868.12    1761.06
Global   230      841977       3660         0.5        0          268      357848     3294       4411.04    1672.96

[1;1H[2J
Get Statistics
Type     Time(s)  Ops          TPS(ops/s)   Net(M/s)   Get_miss   Min(us)  Max(us)    Avg(us)    Std_dev    Geo_dist  
Period   10       32653        3265         0.5        0          304      518141     3689       11130.87   1755.90
Global   240      874630       3644         0.4        0          268      518141     3309       4833.23    1675.99

Total Statistics
Type     Time(s)  Ops          TPS(ops/s)   Net(M/s)   Get_miss   Min(us)  Max(us)    Avg(us)    Std_dev    Geo_dist  
Period   10       32653        3265         0.5        0          304      518141     3689       11130.87   1755.90
Global   240      874630       3644         0.4        0          268      518141     3309       4833.23    1675.99

[1;1H[2J
Get Statistics
Type     Time(s)  Ops          TPS(ops/s)   Net(M/s)   Get_miss   Min(us)  Max(us)    Avg(us)    Std_dev    Geo_dist  
Period   10       35200        3520         0.5        0          278      214773     3420       5517.26    1708.76
Global   250      909830       3639         0.5        0          268      518141     3313       4861.73    1677.24

Total Statistics
Type     Time(s)  Ops          TPS(ops/s)   Net(M/s)   Get_miss   Min(us)  Max(us)    Avg(us)    Std_dev    Geo_dist  
Period   10       35200        3520         0.5        0          278      214773     3420       5517.26    1708.76
Global   250      909830       3639         0.5        0          268      518141     3313       4861.73    1677.24

[1;1H[2J
Get Statistics
Type     Time(s)  Ops          TPS(ops/s)   Net(M/s)   Get_miss   Min(us)  Max(us)    Avg(us)    Std_dev    Geo_dist  
Period   10       37071        3707         0.5        0          321      51440      3246       3787.90    1678.22
Global   260      946901       3641         0.5        0          268      518141     3310       4824.46    1677.28

Total Statistics
Type     Time(s)  Ops          TPS(ops/s)   Net(M/s)   Get_miss   Min(us)  Max(us)    Avg(us)    Std_dev    Geo_dist  
Period   10       37071        3707         0.5        0          321      51440      3246       3787.90    1678.22
Global   260      946901       3641         0.5        0          268      518141     3310       4824.46    1677.28

[1;1H[2J
Get Statistics
Type     Time(s)  Ops          TPS(ops/s)   Net(M/s)   Get_miss   Min(us)  Max(us)    Avg(us)    Std_dev    Geo_dist  
Period   10       34404        3440         0.5        0          292      265307     3500       6366.76    1761.09
Global   270      981305       3634         0.5        0          268      518141     3317       4886.66    1680.15

Total Statistics
Type     Time(s)  Ops          TPS(ops/s)   Net(M/s)   Get_miss   Min(us)  Max(us)    Avg(us)    Std_dev    Geo_dist  
Period   10       34404        3440         0.5        0          292      265307     3500       6366.76    1761.09
Global   270      981305       3634         0.5        0          268      518141     3317       4886.66    1680.15

[1;1H[2J
Get Statistics
Type     Time(s)  Ops          TPS(ops/s)   Net(M/s)   Get_miss   Min(us)  Max(us)    Avg(us)    Std_dev    Geo_dist  
Period   10       33176        3317         0.5        0          297      973367     3629       18888.61   1672.61
Global   280      1014481      3623         0.5        0          268      973367     3327       5896.63    1679.90

Total Statistics
Type     Time(s)  Ops          TPS(ops/s)   Net(M/s)   Get_miss   Min(us)  Max(us)    Avg(us)    Std_dev    Geo_dist  
Period   10       33176        3317         0.5        0          297      973367     3629       18888.61   1672.61
Global   280      1014481      3623         0.5        0          268      973367     3327       5896.63    1679.90

[1;1H[2J
Get Statistics
Type     Time(s)  Ops          TPS(ops/s)   Net(M/s)   Get_miss   Min(us)  Max(us)    Avg(us)    Std_dev    Geo_dist  
Period   10       32063        3206         0.5        0          320      500426     3754       12243.28   1732.78
Global   290      1046544      3608         0.4        0          268      973367     3340       6188.96    1681.50

Total Statistics
Type     Time(s)  Ops          TPS(ops/s)   Net(M/s)   Get_miss   Min(us)  Max(us)    Avg(us)    Std_dev    Geo_dist  
Period   10       32063        3206         0.5        0          320      500426     3754       12243.28   1732.78
Global   290      1046544      3608         0.4        0          268      973367     3340       6188.96    1681.50

[1;1H[2J
Get Statistics
Type     Time(s)  Ops          TPS(ops/s)   Net(M/s)   Get_miss   Min(us)  Max(us)    Avg(us)    Std_dev    Geo_dist  
Period   10       35657        3565         0.5        0          309      68544      3377       3883.34    1759.10
Global   300      1082201      3607         0.5        0          268      973367     3341       6126.95    1684.00

Total Statistics
Type     Time(s)  Ops          TPS(ops/s)   Net(M/s)   Get_miss   Min(us)  Max(us)    Avg(us)    Std_dev    Geo_dist  
Period   10       35657        3565         0.5        0          309      68544      3377       3883.34    1759.10
Global   300      1082201      3607         0.5        0          268      973367     3341       6126.95    1684.00

[1;1H[2J
Get Statistics
Type     Time(s)  Ops          TPS(ops/s)   Net(M/s)   Get_miss   Min(us)  Max(us)    Avg(us)    Std_dev    Geo_dist  
Period   10       35866        3586         0.5        0          324      37795      3354       3821.44    1741.29
Global   310      1118067      3606         0.5        0          268      973367     3342       6066.29    1685.81

Total Statistics
Type     Time(s)  Ops          TPS(ops/s)   Net(M/s)   Get_miss   Min(us)  Max(us)    Avg(us)    Std_dev    Geo_dist  
Period   10       35866        3586         0.5        0          324      37795      3354       3821.44    1741.29
Global   310      1118067      3606         0.5        0          268      973367     3342       6066.29    1685.81

[1;1H[2J
Get Statistics
Type     Time(s)  Ops          TPS(ops/s)   Net(M/s)   Get_miss   Min(us)  Max(us)    Avg(us)    Std_dev    Geo_dist  
Period   10       33917        3391         0.5        0          289      369213     3551       8476.90    1740.90
Global   320      1151984      3599         0.5        0          268      973367     3348       6150.96    1687.41

Total Statistics
Type     Time(s)  Ops          TPS(ops/s)   Net(M/s)   Get_miss   Min(us)  Max(us)    Avg(us)    Std_dev    Geo_dist  
Period   10       33917        3391         0.5        0          289      369213     3551       8476.90    1740.90
Global   320      1151984      3599         0.5        0          268      973367     3348       6150.96    1687.41

[1;1H[2J
Get Statistics
Type     Time(s)  Ops          TPS(ops/s)   Net(M/s)   Get_miss   Min(us)  Max(us)    Avg(us)    Std_dev    Geo_dist  
Period   10       35370        3537         0.5        0          306      66303      3402       3984.61    1763.81
Global   330      1187354      3598         0.5        0          268      973367     3350       6097.35    1689.63

Total Statistics
Type     Time(s)  Ops          TPS(ops/s)   Net(M/s)   Get_miss   Min(us)  Max(us)    Avg(us)    Std_dev    Geo_dist  
Period   10       35370        3537         0.5        0          306      66303      3402       3984.61    1763.81
Global   330      1187354      3598         0.5        0          268      973367     3350       6097.35    1689.63

[1;1H[2J
Get Statistics
Type     Time(s)  Ops          TPS(ops/s)   Net(M/s)   Get_miss   Min(us)  Max(us)    Avg(us)    Std_dev    Geo_dist  
Period   10       35099        3509         0.5        0          301      378489     3429       7089.99    1704.28
Global   340      1222453      3595         0.5        0          268      973367     3352       6128.25    1690.05

Total Statistics
Type     Time(s)  Ops          TPS(ops/s)   Net(M/s)   Get_miss   Min(us)  Max(us)    Avg(us)    Std_dev    Geo_dist  
Period   10       35099        3509         0.5        0          301      378489     3429       7089.99    1704.28
Global   340      1222453      3595         0.5        0          268      973367     3352       6128.25    1690.05

[1;1H[2J
Get Statistics
Type     Time(s)  Ops          TPS(ops/s)   Net(M/s)   Get_miss   Min(us)  Max(us)    Avg(us)    Std_dev    Geo_dist  
Period   10       35002        3500         0.5        0          300      172648     3440       5795.42    1707.12
Global   350      1257455      3592         0.5        0          268      973367     3354       6119.49    1690.53

Total Statistics
Type     Time(s)  Ops          TPS(ops/s)   Net(M/s)   Get_miss   Min(us)  Max(us)    Avg(us)    Std_dev    Geo_dist  
Period   10       35002        3500         0.5        0          300      172648     3440       5795.42    1707.12
Global   350      1257455      3592         0.5        0          268      973367     3354       6119.49    1690.53

[1;1H[2J
Get Statistics
Type     Time(s)  Ops          TPS(ops/s)   Net(M/s)   Get_miss   Min(us)  Max(us)    Avg(us)    Std_dev    Geo_dist  
Period   10       36573        3657         0.5        0          324      37034      3292       3648.29    1731.10
Global   360      1294028      3594         0.5        0          268      973367     3353       6063.08    1691.66

Total Statistics
Type     Time(s)  Ops          TPS(ops/s)   Net(M/s)   Get_miss   Min(us)  Max(us)    Avg(us)    Std_dev    Geo_dist  
Period   10       36573        3657         0.5        0          324      37034      3292       3648.29    1731.10
Global   360      1294028      3594         0.5        0          268      973367     3353       6063.08    1691.66

Get Statistics (1294040 events)
   Min:       268
   Max:    973367
   Avg:      3353
   Geo:   1691.68
   Std:   6063.09
   Log2 Dist:
       8:        0    48208   676289   136116
      12:    20487   280757   122709     8431
      16:      508      243      191       89
      20:       12

Total Statistics (1294040 events)
   Min:       268
   Max:    973367
   Avg:      3353
   Geo:   1691.68
   Std:   6063.09
   Log2 Dist:
       8:        0    48208   676289   136116
      12:    20487   280757   122709     8431
      16:      508      243      191       89
      20:       12

cmd_get: 1294052
cmd_set: 12288
get_misses: 0
written_bytes: 30434960
read_bytes: 213614904
object_bytes: 1769472

Run time: 361.8s Ops: 1306340 TPS: 3610 Net_rate: 0.6M/s
