servers : 10.0.0.6:11212
threads count: 72
concurrency: 72
run time: 360s
windows size: 1k
set proportion: set_prop=0.00
get proportion: get_prop=1.00
[1;1H[2J
Get Statistics
Type     Time(s)  Ops          TPS(ops/s)   Net(M/s)   Get_miss   Min(us)  Max(us)    Avg(us)    Std_dev    Geo_dist  
Period   10       53413        5341         0.7        0          814      1006993    13573      35883.70   9781.92
Global   10       53413        5341         0.7        0          814      1006993    13573      35883.70   9781.92

Total Statistics
Type     Time(s)  Ops          TPS(ops/s)   Net(M/s)   Get_miss   Min(us)  Max(us)    Avg(us)    Std_dev    Geo_dist  
Period   10       53413        5341         0.7        0          814      1006993    13573      35883.70   9781.92
Global   10       53413        5341         0.7        0          814      1006993    13573      35883.70   9781.92

[1;1H[2J
Get Statistics
Type     Time(s)  Ops          TPS(ops/s)   Net(M/s)   Get_miss   Min(us)  Max(us)    Avg(us)    Std_dev    Geo_dist  
Period   10       56318        5631         0.8        0          726      768887     11986      21613.89   9574.84
Global   20       109731       5486         0.8        0          726      1006993    12758      29447.80   9675.08

Total Statistics
Type     Time(s)  Ops          TPS(ops/s)   Net(M/s)   Get_miss   Min(us)  Max(us)    Avg(us)    Std_dev    Geo_dist  
Period   10       56318        5631         0.8        0          726      768887     11986      21613.89   9574.84
Global   20       109731       5486         0.8        0          726      1006993    12758      29447.80   9675.08

[1;1H[2J
Get Statistics
Type     Time(s)  Ops          TPS(ops/s)   Net(M/s)   Get_miss   Min(us)  Max(us)    Avg(us)    Std_dev    Geo_dist  
Period   10       59468        5946         0.8        0          595      1798827    13044      32978.14   9997.85
Global   30       169199       5639         0.8        0          595      1798827    12859      30734.86   9787.32

Total Statistics
Type     Time(s)  Ops          TPS(ops/s)   Net(M/s)   Get_miss   Min(us)  Max(us)    Avg(us)    Std_dev    Geo_dist  
Period   10       59468        5946         0.8        0          595      1798827    13044      32978.14   9997.85
Global   30       169199       5639         0.8        0          595      1798827    12859      30734.86   9787.32

[1;1H[2J
Get Statistics
Type     Time(s)  Ops          TPS(ops/s)   Net(M/s)   Get_miss   Min(us)  Max(us)    Avg(us)    Std_dev    Geo_dist  
Period   10       65061        6506         0.8        0          657      90039      11135      6005.91    9655.07
Global   40       234260       5856         0.9        0          595      1798827    12380      26322.93   9750.41

Total Statistics
Type     Time(s)  Ops          TPS(ops/s)   Net(M/s)   Get_miss   Min(us)  Max(us)    Avg(us)    Std_dev    Geo_dist  
Period   10       65061        6506         0.8        0          657      90039      11135      6005.91    9655.07
Global   40       234260       5856         0.9        0          595      1798827    12380      26322.93   9750.41

[1;1H[2J
Get Statistics
Type     Time(s)  Ops          TPS(ops/s)   Net(M/s)   Get_miss   Min(us)  Max(us)    Avg(us)    Std_dev    Geo_dist  
Period   10       62584        6258         0.8        0          552      321192     11550      11272.81   9609.27
Global   50       296844       5936         0.9        0          552      1798827    12205      23952.41   9720.48

Total Statistics
Type     Time(s)  Ops          TPS(ops/s)   Net(M/s)   Get_miss   Min(us)  Max(us)    Avg(us)    Std_dev    Geo_dist  
Period   10       62584        6258         0.8        0          552      321192     11550      11272.81   9609.27
Global   50       296844       5936         0.9        0          552      1798827    12205      23952.41   9720.48

[1;1H[2J
Get Statistics
Type     Time(s)  Ops          TPS(ops/s)   Net(M/s)   Get_miss   Min(us)  Max(us)    Avg(us)    Std_dev    Geo_dist  
Period   10       62760        6276         0.8        0          633      167261     11293      7841.78    9655.86
Global   60       359604       5993         0.9        0          552      1798827    12046      22009.94   9709.17

Total Statistics
Type     Time(s)  Ops          TPS(ops/s)   Net(M/s)   Get_miss   Min(us)  Max(us)    Avg(us)    Std_dev    Geo_dist  
Period   10       62760        6276         0.8        0          633      167261     11293      7841.78    9655.86
Global   60       359604       5993         0.9        0          552      1798827    12046      22009.94   9709.17

[1;1H[2J
Get Statistics
Type     Time(s)  Ops          TPS(ops/s)   Net(M/s)   Get_miss   Min(us)  Max(us)    Avg(us)    Std_dev    Geo_dist  
Period   10       64309        6430         0.8        0          554      248473     11432      10611.34   9526.35
Global   70       423913       6055         0.9        0          552      1798827    11953      20689.93   9681.21

Total Statistics
Type     Time(s)  Ops          TPS(ops/s)   Net(M/s)   Get_miss   Min(us)  Max(us)    Avg(us)    Std_dev    Geo_dist  
Period   10       64309        6430         0.8        0          554      248473     11432      10611.34   9526.35
Global   70       423913       6055         0.9        0          552      1798827    11953      20689.93   9681.21

[1;1H[2J
Get Statistics
Type     Time(s)  Ops          TPS(ops/s)   Net(M/s)   Get_miss   Min(us)  Max(us)    Avg(us)    Std_dev    Geo_dist  
Period   10       61199        6119         0.8        0          461      258740     11827      12386.79   9694.15
Global   80       485112       6063         0.8        0          461      1798827    11937      19835.07   9682.84

Total Statistics
Type     Time(s)  Ops          TPS(ops/s)   Net(M/s)   Get_miss   Min(us)  Max(us)    Avg(us)    Std_dev    Geo_dist  
Period   10       61199        6119         0.8        0          461      258740     11827      12386.79   9694.15
Global   80       485112       6063         0.8        0          461      1798827    11937      19835.07   9682.84

[1;1H[2J
Get Statistics
Type     Time(s)  Ops          TPS(ops/s)   Net(M/s)   Get_miss   Min(us)  Max(us)    Avg(us)    Std_dev    Geo_dist  
Period   10       47693        4769         0.8        0          569      2369534    15098      56237.76   9782.81
Global   90       532805       5920         0.7        0          461      2369534    12220      25340.13   9691.75

Total Statistics
Type     Time(s)  Ops          TPS(ops/s)   Net(M/s)   Get_miss   Min(us)  Max(us)    Avg(us)    Std_dev    Geo_dist  
Period   10       47693        4769         0.8        0          569      2369534    15098      56237.76   9782.81
Global   90       532805       5920         0.7        0          461      2369534    12220      25340.13   9691.75

[1;1H[2J
Get Statistics
Type     Time(s)  Ops          TPS(ops/s)   Net(M/s)   Get_miss   Min(us)  Max(us)    Avg(us)    Std_dev    Geo_dist  
Period   10       55516        5551         0.8        0          605      2624353    12761      17861.60   10117.85
Global   100      588321       5883         0.8        0          461      2624353    12271      24731.77   9731.18

Total Statistics
Type     Time(s)  Ops          TPS(ops/s)   Net(M/s)   Get_miss   Min(us)  Max(us)    Avg(us)    Std_dev    Geo_dist  
Period   10       55516        5551         0.8        0          605      2624353    12761      17861.60   10117.85
Global   100      588321       5883         0.8        0          461      2624353    12271      24731.77   9731.18

[1;1H[2J
Get Statistics
Type     Time(s)  Ops          TPS(ops/s)   Net(M/s)   Get_miss   Min(us)  Max(us)    Avg(us)    Std_dev    Geo_dist  
Period   10       62178        6217         0.8        0          512      303835     11883      14677.43   9600.21
Global   110      650499       5913         0.9        0          461      2624353    12234      23954.06   9718.59

Total Statistics
Type     Time(s)  Ops          TPS(ops/s)   Net(M/s)   Get_miss   Min(us)  Max(us)    Avg(us)    Std_dev    Geo_dist  
Period   10       62178        6217         0.8        0          512      303835     11883      14677.43   9600.21
Global   110      650499       5913         0.9        0          461      2624353    12234      23954.06   9718.59

[1;1H[2J
Get Statistics
Type     Time(s)  Ops          TPS(ops/s)   Net(M/s)   Get_miss   Min(us)  Max(us)    Avg(us)    Std_dev    Geo_dist  
Period   10       63224        6322         0.8        0          542      177348     11478      10276.39   9597.79
Global   120      713723       5947         0.9        0          461      2624353    12167      23073.13   9707.82

Total Statistics
Type     Time(s)  Ops          TPS(ops/s)   Net(M/s)   Get_miss   Min(us)  Max(us)    Avg(us)    Std_dev    Geo_dist  
Period   10       63224        6322         0.8        0          542      177348     11478      10276.39   9597.79
Global   120      713723       5947         0.9        0          461      2624353    12167      23073.13   9707.82

[1;1H[2J
Get Statistics
Type     Time(s)  Ops          TPS(ops/s)   Net(M/s)   Get_miss   Min(us)  Max(us)    Avg(us)    Std_dev    Geo_dist  
Period   10       60338        6033         0.8        0          593      255429     11969      12865.88   9794.59
Global   130      774061       5954         0.8        0          461      2624353    12152      22444.74   9714.56

Total Statistics
Type     Time(s)  Ops          TPS(ops/s)   Net(M/s)   Get_miss   Min(us)  Max(us)    Avg(us)    Std_dev    Geo_dist  
Period   10       60338        6033         0.8        0          593      255429     11969      12865.88   9794.59
Global   130      774061       5954         0.8        0          461      2624353    12152      22444.74   9714.56

[1;1H[2J
Get Statistics
Type     Time(s)  Ops          TPS(ops/s)   Net(M/s)   Get_miss   Min(us)  Max(us)    Avg(us)    Std_dev    Geo_dist  
Period   10       57375        5737         0.8        0          702      278998     12607      18253.38   9771.10
Global   140      831436       5938         0.8        0          461      2624353    12183      22181.47   9718.45

Total Statistics
Type     Time(s)  Ops          TPS(ops/s)   Net(M/s)   Get_miss   Min(us)  Max(us)    Avg(us)    Std_dev    Geo_dist  
Period   10       57375        5737         0.8        0          702      278998     12607      18253.38   9771.10
Global   140      831436       5938         0.8        0          461      2624353    12183      22181.47   9718.45

[1;1H[2J
Get Statistics
Type     Time(s)  Ops          TPS(ops/s)   Net(M/s)   Get_miss   Min(us)  Max(us)    Avg(us)    Std_dev    Geo_dist  
Period   10       62342        6234         0.8        0          631      203934     11588      8925.93    9787.11
Global   150      893778       5958         0.9        0          461      2624353    12141      21524.20   9723.22

Total Statistics
Type     Time(s)  Ops          TPS(ops/s)   Net(M/s)   Get_miss   Min(us)  Max(us)    Avg(us)    Std_dev    Geo_dist  
Period   10       62342        6234         0.8        0          631      203934     11588      8925.93    9787.11
Global   150      893778       5958         0.9        0          461      2624353    12141      21524.20   9723.22

[1;1H[2J
Get Statistics
Type     Time(s)  Ops          TPS(ops/s)   Net(M/s)   Get_miss   Min(us)  Max(us)    Avg(us)    Std_dev    Geo_dist  
Period   10       63763        6376         0.8        0          707      128272     11335      8127.61    9526.84
Global   160      957541       5984         0.9        0          461      2624353    12088      20901.27   9710.02

Total Statistics
Type     Time(s)  Ops          TPS(ops/s)   Net(M/s)   Get_miss   Min(us)  Max(us)    Avg(us)    Std_dev    Geo_dist  
Period   10       63763        6376         0.8        0          707      128272     11335      8127.61    9526.84
Global   160      957541       5984         0.9        0          461      2624353    12088      20901.27   9710.02

[1;1H[2J
Get Statistics
Type     Time(s)  Ops          TPS(ops/s)   Net(M/s)   Get_miss   Min(us)  Max(us)    Avg(us)    Std_dev    Geo_dist  
Period   10       51899        5189         0.8        0          870      482320     13926      24445.60   10509.89
Global   170      1009440      5937         0.7        0          461      2624353    12182      21102.20   9749.62

Total Statistics
Type     Time(s)  Ops          TPS(ops/s)   Net(M/s)   Get_miss   Min(us)  Max(us)    Avg(us)    Std_dev    Geo_dist  
Period   10       51899        5189         0.8        0          870      482320     13926      24445.60   10509.89
Global   170      1009440      5937         0.7        0          461      2624353    12182      21102.20   9749.62

[1;1H[2J
Get Statistics
Type     Time(s)  Ops          TPS(ops/s)   Net(M/s)   Get_miss   Min(us)  Max(us)    Avg(us)    Std_dev    Geo_dist  
Period   10       45748        4574         0.8        0          618      3412784    15793      81348.80   9742.67
Global   180      1055188      5862         0.6        0          461      3412784    12339      26710.11   9749.32

Total Statistics
Type     Time(s)  Ops          TPS(ops/s)   Net(M/s)   Get_miss   Min(us)  Max(us)    Avg(us)    Std_dev    Geo_dist  
Period   10       45748        4574         0.8        0          618      3412784    15793      81348.80   9742.67
Global   180      1055188      5862         0.6        0          461      3412784    12339      26710.11   9749.32

[1;1H[2J
Get Statistics
Type     Time(s)  Ops          TPS(ops/s)   Net(M/s)   Get_miss   Min(us)  Max(us)    Avg(us)    Std_dev    Geo_dist  
Period   10       64200        6420         0.8        0          534      193358     11268      11835.03   9161.52
Global   190      1119388      5891         0.9        0          461      3412784    12277      26088.73   9714.61

Total Statistics
Type     Time(s)  Ops          TPS(ops/s)   Net(M/s)   Get_miss   Min(us)  Max(us)    Avg(us)    Std_dev    Geo_dist  
Period   10       64201        6420         0.8        0          534      193358     11268      11834.87   9161.40
Global   190      1119389      5891         0.9        0          461      3412784    12277      26088.72   9714.60

[1;1H[2J
Get Statistics
Type     Time(s)  Ops          TPS(ops/s)   Net(M/s)   Get_miss   Min(us)  Max(us)    Avg(us)    Std_dev    Geo_dist  
Period   10       62443        6244         0.8        0          477      160889     11563      8716.82    9613.38
Global   200      1181831      5909         0.9        0          461      3412784    12240      25469.26   9709.30

Total Statistics
Type     Time(s)  Ops          TPS(ops/s)   Net(M/s)   Get_miss   Min(us)  Max(us)    Avg(us)    Std_dev    Geo_dist  
Period   10       62442        6244         0.8        0          477      160889     11564      8715.69    9614.79
Global   200      1181831      5909         0.9        0          461      3412784    12240      25469.26   9709.30

[1;1H[2J
Get Statistics
Type     Time(s)  Ops          TPS(ops/s)   Net(M/s)   Get_miss   Min(us)  Max(us)    Avg(us)    Std_dev    Geo_dist  
Period   10       54538        5453         0.8        0          620      1115427    13259      29871.58   9499.21
Global   210      1236369      5887         0.7        0          461      3412784    12285      25680.18   9699.94

Total Statistics
Type     Time(s)  Ops          TPS(ops/s)   Net(M/s)   Get_miss   Min(us)  Max(us)    Avg(us)    Std_dev    Geo_dist  
Period   10       54538        5453         0.8        0          620      1115427    13259      29871.58   9499.21
Global   210      1236369      5887         0.7        0          461      3412784    12285      25680.18   9699.94

[1;1H[2J
Get Statistics
Type     Time(s)  Ops          TPS(ops/s)   Net(M/s)   Get_miss   Min(us)  Max(us)    Avg(us)    Std_dev    Geo_dist  
Period   10       53208        5320         0.8        0          443      1215650    13570      34325.07   9710.37
Global   220      1289577      5861         0.7        0          443      3412784    12338      26094.82   9700.37

Total Statistics
Type     Time(s)  Ops          TPS(ops/s)   Net(M/s)   Get_miss   Min(us)  Max(us)    Avg(us)    Std_dev    Geo_dist  
Period   10       53208        5320         0.8        0          443      1215650    13570      34325.07   9710.37
Global   220      1289577      5861         0.7        0          443      3412784    12338      26094.82   9700.37

[1;1H[2J
Get Statistics
Type     Time(s)  Ops          TPS(ops/s)   Net(M/s)   Get_miss   Min(us)  Max(us)    Avg(us)    Std_dev    Geo_dist  
Period   10       56548        5654         0.8        0          626      382323     12794      16967.84   10122.01
Global   230      1346125      5852         0.8        0          443      3412784    12357      25776.76   9717.72

Total Statistics
Type     Time(s)  Ops          TPS(ops/s)   Net(M/s)   Get_miss   Min(us)  Max(us)    Avg(us)    Std_dev    Geo_dist  
Period   10       56549        5654         0.8        0          626      382323     12794      16967.64   10121.99
Global   230      1346126      5852         0.8        0          443      3412784    12357      25776.75   9717.72

[1;1H[2J
Get Statistics
Type     Time(s)  Ops          TPS(ops/s)   Net(M/s)   Get_miss   Min(us)  Max(us)    Avg(us)    Std_dev    Geo_dist  
Period   10       58111        5811         0.8        0          651      390722     12437      15370.44   9891.56
Global   240      1404236      5850         0.8        0          443      3412784    12360      25430.87   9724.92

Total Statistics
Type     Time(s)  Ops          TPS(ops/s)   Net(M/s)   Get_miss   Min(us)  Max(us)    Avg(us)    Std_dev    Geo_dist  
Period   10       58110        5811         0.8        0          651      390722     12437      15370.66   9893.12
Global   240      1404236      5850         0.8        0          443      3412784    12360      25430.87   9724.92

[1;1H[2J
Get Statistics
Type     Time(s)  Ops          TPS(ops/s)   Net(M/s)   Get_miss   Min(us)  Max(us)    Avg(us)    Std_dev    Geo_dist  
Period   10       59269        5926         0.8        0          605      396279     12181      17348.53   9615.05
Global   250      1463505      5854         0.8        0          443      3412784    12353      25153.96   9720.44

Total Statistics
Type     Time(s)  Ops          TPS(ops/s)   Net(M/s)   Get_miss   Min(us)  Max(us)    Avg(us)    Std_dev    Geo_dist  
Period   10       59269        5926         0.8        0          605      396279     12181      17348.53   9615.05
Global   250      1463505      5854         0.8        0          443      3412784    12353      25153.96   9720.44

[1;1H[2J
Get Statistics
Type     Time(s)  Ops          TPS(ops/s)   Net(M/s)   Get_miss   Min(us)  Max(us)    Avg(us)    Std_dev    Geo_dist  
Period   10       49504        4950         0.8        0          660      1701642    14619      47474.93   9703.03
Global   260      1513009      5819         0.7        0          443      3412784    12427      26190.24   9719.87

Total Statistics
Type     Time(s)  Ops          TPS(ops/s)   Net(M/s)   Get_miss   Min(us)  Max(us)    Avg(us)    Std_dev    Geo_dist  
Period   10       49505        4950         0.8        0          660      1701642    14619      47474.41   9702.84
Global   260      1513010      5819         0.7        0          443      3412784    12427      26190.23   9719.87

[1;1H[2J
Get Statistics
Type     Time(s)  Ops          TPS(ops/s)   Net(M/s)   Get_miss   Min(us)  Max(us)    Avg(us)    Std_dev    Geo_dist  
Period   10       61147        6114         0.8        0          745      243891     11812      11309.23   9747.56
Global   270      1574156      5830         0.8        0          443      3412784    12403      25773.42   9721.00

Total Statistics
Type     Time(s)  Ops          TPS(ops/s)   Net(M/s)   Get_miss   Min(us)  Max(us)    Avg(us)    Std_dev    Geo_dist  
Period   10       61146        6114         0.8        0          745      243891     11812      11309.41   9747.69
Global   270      1574156      5830         0.8        0          443      3412784    12403      25773.42   9721.00

[1;1H[2J
Get Statistics
Type     Time(s)  Ops          TPS(ops/s)   Net(M/s)   Get_miss   Min(us)  Max(us)    Avg(us)    Std_dev    Geo_dist  
Period   10       55749        5574         0.8        0          720      472261     12968      24675.92   9648.14
Global   280      1629905      5821         0.8        0          443      3412784    12422      25737.01   9718.50

Total Statistics
Type     Time(s)  Ops          TPS(ops/s)   Net(M/s)   Get_miss   Min(us)  Max(us)    Avg(us)    Std_dev    Geo_dist  
Period   10       55749        5574         0.8        0          720      472261     12968      24675.92   9648.14
Global   280      1629905      5821         0.8        0          443      3412784    12422      25737.01   9718.50

[1;1H[2J
Get Statistics
Type     Time(s)  Ops          TPS(ops/s)   Net(M/s)   Get_miss   Min(us)  Max(us)    Avg(us)    Std_dev    Geo_dist  
Period   10       55999        5599         0.8        0          678      499433     12908      22465.17   9657.14
Global   290      1685904      5813         0.8        0          443      3412784    12439      25634.76   9716.45

Total Statistics
Type     Time(s)  Ops          TPS(ops/s)   Net(M/s)   Get_miss   Min(us)  Max(us)    Avg(us)    Std_dev    Geo_dist  
Period   10       55999        5599         0.8        0          678      499433     12908      22465.17   9657.14
Global   290      1685904      5813         0.8        0          443      3412784    12439      25634.76   9716.45

[1;1H[2J
Get Statistics
Type     Time(s)  Ops          TPS(ops/s)   Net(M/s)   Get_miss   Min(us)  Max(us)    Avg(us)    Std_dev    Geo_dist  
Period   10       62675        6267         0.8        0          496      156700     11519      10605.57   9478.22
Global   300      1748579      5828         0.9        0          443      3412784    12406      25251.70   9707.81

Total Statistics
Type     Time(s)  Ops          TPS(ops/s)   Net(M/s)   Get_miss   Min(us)  Max(us)    Avg(us)    Std_dev    Geo_dist  
Period   10       62675        6267         0.8        0          496      156700     11519      10605.57   9478.22
Global   300      1748579      5828         0.9        0          443      3412784    12406      25251.70   9707.81

[1;1H[2J
Get Statistics
Type     Time(s)  Ops          TPS(ops/s)   Net(M/s)   Get_miss   Min(us)  Max(us)    Avg(us)    Std_dev    Geo_dist  
Period   10       64414        6441         0.8        0          634      168779     11224      9713.36    9371.34
Global   310      1812993      5848         0.9        0          443      3412784    12364      24867.51   9695.65

Total Statistics
Type     Time(s)  Ops          TPS(ops/s)   Net(M/s)   Get_miss   Min(us)  Max(us)    Avg(us)    Std_dev    Geo_dist  
Period   10       64414        6441         0.8        0          634      168779     11224      9713.36    9371.34
Global   310      1812993      5848         0.9        0          443      3412784    12364      24867.51   9695.65

[1;1H[2J
Get Statistics
Type     Time(s)  Ops          TPS(ops/s)   Net(M/s)   Get_miss   Min(us)  Max(us)    Avg(us)    Std_dev    Geo_dist  
Period   10       53457        5345         0.8        0          716      1094622    13525      30746.85   10084.38
Global   320      1866450      5832         0.7        0          443      3412784    12397      25055.96   9706.58

Total Statistics
Type     Time(s)  Ops          TPS(ops/s)   Net(M/s)   Get_miss   Min(us)  Max(us)    Avg(us)    Std_dev    Geo_dist  
Period   10       53457        5345         0.8        0          716      1094622    13525      30746.85   10084.38
Global   320      1866450      5832         0.7        0          443      3412784    12397      25055.96   9706.58

[1;1H[2J
Get Statistics
Type     Time(s)  Ops          TPS(ops/s)   Net(M/s)   Get_miss   Min(us)  Max(us)    Avg(us)    Std_dev    Geo_dist  
Period   10       44678        4467         0.8        0          637      2859110    16180      76646.00   9747.26
Global   330      1911128      5791         0.6        0          443      3412784    12485      27400.64   9707.52

Total Statistics
Type     Time(s)  Ops          TPS(ops/s)   Net(M/s)   Get_miss   Min(us)  Max(us)    Avg(us)    Std_dev    Geo_dist  
Period   10       44678        4467         0.8        0          637      2859110    16180      76646.00   9747.26
Global   330      1911128      5791         0.6        0          443      3412784    12485      27400.64   9707.52

[1;1H[2J
Get Statistics
Type     Time(s)  Ops          TPS(ops/s)   Net(M/s)   Get_miss   Min(us)  Max(us)    Avg(us)    Std_dev    Geo_dist  
Period   10       62902        6290         0.8        0          451      168907     11487      11080.77   9466.59
Global   340      1974030      5805         0.9        0          443      3412784    12454      27033.20   9699.75

Total Statistics
Type     Time(s)  Ops          TPS(ops/s)   Net(M/s)   Get_miss   Min(us)  Max(us)    Avg(us)    Std_dev    Geo_dist  
Period   10       62902        6290         0.8        0          451      168907     11487      11080.69   9465.20
Global   340      1974030      5805         0.9        0          443      3412784    12454      27033.20   9699.75

[1;1H[2J
Get Statistics
Type     Time(s)  Ops          TPS(ops/s)   Net(M/s)   Get_miss   Min(us)  Max(us)    Avg(us)    Std_dev    Geo_dist  
Period   10       56024        5602         0.8        0          751      703554     12905      27421.73   9776.44
Global   350      2030054      5800         0.8        0          443      3412784    12466      27044.30   9701.86

Total Statistics
Type     Time(s)  Ops          TPS(ops/s)   Net(M/s)   Get_miss   Min(us)  Max(us)    Avg(us)    Std_dev    Geo_dist  
Period   10       56024        5602         0.8        0          751      703554     12905      27421.73   9776.44
Global   350      2030054      5800         0.8        0          443      3412784    12466      27044.30   9701.86

[1;1H[2J
Get Statistics
Type     Time(s)  Ops          TPS(ops/s)   Net(M/s)   Get_miss   Min(us)  Max(us)    Avg(us)    Std_dev    Geo_dist  
Period   10       63201        6320         0.8        0          529      406925     11429      19504.84   8403.22
Global   360      2093255      5814         0.9        0          443      3412784    12435      26848.12   9659.86

Total Statistics
Type     Time(s)  Ops          TPS(ops/s)   Net(M/s)   Get_miss   Min(us)  Max(us)    Avg(us)    Std_dev    Geo_dist  
Period   10       63202        6320         0.8        0          529      406925     11429      19504.72   8403.29
Global   360      2093256      5814         0.9        0          443      3412784    12435      26848.11   9659.86

Get Statistics (2093329 events)
   Min:       443
   Max:   3412784
   Avg:     12435
   Geo:   9659.81
   Std:  26847.63
   Log2 Dist:
       8:        0        9     1254    47824
      12:   204459    97783   1445486   257951
      16:    21438     9198     5534     1438
      20:      624      314       17

Total Statistics (2093329 events)
   Min:       443
   Max:   3412784
   Avg:     12435
   Geo:   9659.81
   Std:  26847.63
   Log2 Dist:
       8:        0        9     1254    47824
      12:   204459    97783   1445486   257951
      16:    21438     9198     5534     1438
      20:      624      314       17

cmd_get: 2093401
cmd_set: 73728
get_misses: 0
written_bytes: 57849718
read_bytes: 345989109
object_bytes: 10616832

Run time: 361.6s Ops: 2167129 TPS: 5993 Net_rate: 1.1M/s
