servers : 10.0.0.6:11212
threads count: 48
concurrency: 48
run time: 360s
windows size: 1k
set proportion: set_prop=0.00
get proportion: get_prop=1.00
[1;1H[2J
Get Statistics
Type     Time(s)  Ops          TPS(ops/s)   Net(M/s)   Get_miss   Min(us)  Max(us)    Avg(us)    Std_dev    Geo_dist  
Period   10       54930        5493         0.8        0          458      967809     8762       15486.67   6508.21
Global   10       54930        5493         0.8        0          458      967809     8762       15486.67   6508.21

Total Statistics
Type     Time(s)  Ops          TPS(ops/s)   Net(M/s)   Get_miss   Min(us)  Max(us)    Avg(us)    Std_dev    Geo_dist  
Period   10       54930        5493         0.8        0          458      967809     8762       15486.67   6508.21
Global   10       54930        5493         0.8        0          458      967809     8762       15486.67   6508.21

[1;1H[2J
Get Statistics
Type     Time(s)  Ops          TPS(ops/s)   Net(M/s)   Get_miss   Min(us)  Max(us)    Avg(us)    Std_dev    Geo_dist  
Period   10       54616        5461         0.8        0          418      1226175    8827       23269.01   6239.54
Global   20       109546       5477         0.8        0          418      1226175    8795       19753.40   6372.84

Total Statistics
Type     Time(s)  Ops          TPS(ops/s)   Net(M/s)   Get_miss   Min(us)  Max(us)    Avg(us)    Std_dev    Geo_dist  
Period   10       54616        5461         0.8        0          418      1226175    8827       23269.01   6239.54
Global   20       109546       5477         0.8        0          418      1226175    8795       19753.40   6372.84

[1;1H[2J
Get Statistics
Type     Time(s)  Ops          TPS(ops/s)   Net(M/s)   Get_miss   Min(us)  Max(us)    Avg(us)    Std_dev    Geo_dist  
Period   10       58148        5814         0.8        0          443      242971     8191       8717.67    6269.17
Global   30       167694       5589         0.8        0          418      1226175    8585       16773.17   6336.70

Total Statistics
Type     Time(s)  Ops          TPS(ops/s)   Net(M/s)   Get_miss   Min(us)  Max(us)    Avg(us)    Std_dev    Geo_dist  
Period   10       58148        5814         0.8        0          443      242971     8191       8717.67    6269.17
Global   30       167694       5589         0.8        0          418      1226175    8585       16773.17   6336.70

[1;1H[2J
Get Statistics
Type     Time(s)  Ops          TPS(ops/s)   Net(M/s)   Get_miss   Min(us)  Max(us)    Avg(us)    Std_dev    Geo_dist  
Period   10       53685        5368         0.8        0          539      731162     9073       24179.81   6278.38
Global   40       221379       5534         0.7        0          418      1226175    8703       18839.94   6322.51

Total Statistics
Type     Time(s)  Ops          TPS(ops/s)   Net(M/s)   Get_miss   Min(us)  Max(us)    Avg(us)    Std_dev    Geo_dist  
Period   10       53685        5368         0.8        0          539      731162     9073       24179.81   6278.38
Global   40       221379       5534         0.7        0          418      1226175    8703       18839.94   6322.51

[1;1H[2J
Get Statistics
Type     Time(s)  Ops          TPS(ops/s)   Net(M/s)   Get_miss   Min(us)  Max(us)    Avg(us)    Std_dev    Geo_dist  
Period   10       61036        6103         0.8        0          453      99399      7890       5820.55    6049.85
Global   50       282415       5648         0.8        0          418      1226175    8528       16901.30   6262.56

Total Statistics
Type     Time(s)  Ops          TPS(ops/s)   Net(M/s)   Get_miss   Min(us)  Max(us)    Avg(us)    Std_dev    Geo_dist  
Period   10       61036        6103         0.8        0          453      99399      7890       5820.55    6049.85
Global   50       282415       5648         0.8        0          418      1226175    8528       16901.30   6262.56

[1;1H[2J
Get Statistics
Type     Time(s)  Ops          TPS(ops/s)   Net(M/s)   Get_miss   Min(us)  Max(us)    Avg(us)    Std_dev    Geo_dist  
Period   10       55780        5578         0.8        0          562      135388     8632       7166.47    6627.92
Global   60       338195       5636         0.8        0          418      1226175    8545       15716.69   6321.40

Total Statistics
Type     Time(s)  Ops          TPS(ops/s)   Net(M/s)   Get_miss   Min(us)  Max(us)    Avg(us)    Std_dev    Geo_dist  
Period   10       55780        5578         0.8        0          562      135388     8632       7166.47    6627.92
Global   60       338195       5636         0.8        0          418      1226175    8545       15716.69   6321.40

[1;1H[2J
Get Statistics
Type     Time(s)  Ops          TPS(ops/s)   Net(M/s)   Get_miss   Min(us)  Max(us)    Avg(us)    Std_dev    Geo_dist  
Period   10       59013        5901         0.8        0          420      157507     8162       6733.39    6273.96
Global   70       397208       5674         0.8        0          418      1226175    8488       14733.35   6314.33

Total Statistics
Type     Time(s)  Ops          TPS(ops/s)   Net(M/s)   Get_miss   Min(us)  Max(us)    Avg(us)    Std_dev    Geo_dist  
Period   10       59013        5901         0.8        0          420      157507     8162       6733.39    6273.96
Global   70       397208       5674         0.8        0          418      1226175    8488       14733.35   6314.33

[1;1H[2J
Get Statistics
Type     Time(s)  Ops          TPS(ops/s)   Net(M/s)   Get_miss   Min(us)  Max(us)    Avg(us)    Std_dev    Geo_dist  
Period   10       59088        5908         0.8        0          426      143239     8157       7942.01    6106.94
Global   80       456296       5703         0.8        0          418      1226175    8445       14040.81   6287.08

Total Statistics
Type     Time(s)  Ops          TPS(ops/s)   Net(M/s)   Get_miss   Min(us)  Max(us)    Avg(us)    Std_dev    Geo_dist  
Period   10       59088        5908         0.8        0          426      143239     8157       7942.01    6106.94
Global   80       456296       5703         0.8        0          418      1226175    8445       14040.81   6287.08

[1;1H[2J
Get Statistics
Type     Time(s)  Ops          TPS(ops/s)   Net(M/s)   Get_miss   Min(us)  Max(us)    Avg(us)    Std_dev    Geo_dist  
Period   10       57572        5757         0.8        0          562      240271     8365       8852.08    6292.37
Global   90       513868       5709         0.8        0          418      1226175    8436       13558.66   6287.67

Total Statistics
Type     Time(s)  Ops          TPS(ops/s)   Net(M/s)   Get_miss   Min(us)  Max(us)    Avg(us)    Std_dev    Geo_dist  
Period   10       57572        5757         0.8        0          562      240271     8365       8852.08    6292.37
Global   90       513868       5709         0.8        0          418      1226175    8436       13558.66   6287.67

[1;1H[2J
Get Statistics
Type     Time(s)  Ops          TPS(ops/s)   Net(M/s)   Get_miss   Min(us)  Max(us)    Avg(us)    Std_dev    Geo_dist  
Period   10       55862        5586         0.8        0          371      128332     8629       8631.01    6432.07
Global   100      569730       5697         0.8        0          371      1226175    8455       13157.43   6301.69

Total Statistics
Type     Time(s)  Ops          TPS(ops/s)   Net(M/s)   Get_miss   Min(us)  Max(us)    Avg(us)    Std_dev    Geo_dist  
Period   10       55862        5586         0.8        0          371      128332     8629       8631.01    6432.07
Global   100      569730       5697         0.8        0          371      1226175    8455       13157.43   6301.69

[1;1H[2J
Get Statistics
Type     Time(s)  Ops          TPS(ops/s)   Net(M/s)   Get_miss   Min(us)  Max(us)    Avg(us)    Std_dev    Geo_dist  
Period   10       53980        5398         0.8        0          524      804280     8918       25201.46   6178.58
Global   110      623710       5670         0.7        0          371      1226175    8495       14598.61   6290.94

Total Statistics
Type     Time(s)  Ops          TPS(ops/s)   Net(M/s)   Get_miss   Min(us)  Max(us)    Avg(us)    Std_dev    Geo_dist  
Period   10       53980        5398         0.8        0          524      804280     8918       25201.46   6178.58
Global   110      623710       5670         0.7        0          371      1226175    8495       14598.61   6290.94

[1;1H[2J
Get Statistics
Type     Time(s)  Ops          TPS(ops/s)   Net(M/s)   Get_miss   Min(us)  Max(us)    Avg(us)    Std_dev    Geo_dist  
Period   10       57125        5712         0.8        0          450      155788     8439       8017.64    6299.98
Global   120      680835       5673         0.8        0          371      1226175    8490       14164.62   6291.69

Total Statistics
Type     Time(s)  Ops          TPS(ops/s)   Net(M/s)   Get_miss   Min(us)  Max(us)    Avg(us)    Std_dev    Geo_dist  
Period   10       57125        5712         0.8        0          450      155788     8439       8017.64    6299.98
Global   120      680835       5673         0.8        0          371      1226175    8490       14164.62   6291.69

[1;1H[2J
Get Statistics
Type     Time(s)  Ops          TPS(ops/s)   Net(M/s)   Get_miss   Min(us)  Max(us)    Avg(us)    Std_dev    Geo_dist  
Period   10       56500        5650         0.8        0          553      223949     8526       10278.67   6163.21
Global   130      737335       5671         0.8        0          371      1226175    8493       13905.17   6281.75

Total Statistics
Type     Time(s)  Ops          TPS(ops/s)   Net(M/s)   Get_miss   Min(us)  Max(us)    Avg(us)    Std_dev    Geo_dist  
Period   10       56501        5650         0.8        0          553      223949     8526       10278.59   6163.25
Global   130      737336       5671         0.8        0          371      1226175    8493       13905.17   6281.76

[1;1H[2J
Get Statistics
Type     Time(s)  Ops          TPS(ops/s)   Net(M/s)   Get_miss   Min(us)  Max(us)    Avg(us)    Std_dev    Geo_dist  
Period   10       52114        5211         0.8        0          534      314180     9245       13863.33   6489.63
Global   140      789449       5638         0.7        0          371      1226175    8543       13903.44   6295.34

Total Statistics
Type     Time(s)  Ops          TPS(ops/s)   Net(M/s)   Get_miss   Min(us)  Max(us)    Avg(us)    Std_dev    Geo_dist  
Period   10       52114        5211         0.8        0          534      314180     9245       13863.40   6490.78
Global   140      789450       5638         0.7        0          371      1226175    8543       13903.44   6295.35

[1;1H[2J
Get Statistics
Type     Time(s)  Ops          TPS(ops/s)   Net(M/s)   Get_miss   Min(us)  Max(us)    Avg(us)    Std_dev    Geo_dist  
Period   10       55203        5520         0.8        0          473      236942     8727       11053.00   6300.64
Global   150      844652       5631         0.8        0          371      1226175    8555       13735.32   6295.76

Total Statistics
Type     Time(s)  Ops          TPS(ops/s)   Net(M/s)   Get_miss   Min(us)  Max(us)    Avg(us)    Std_dev    Geo_dist  
Period   10       55202        5520         0.8        0          473      236942     8727       11053.16   6300.77
Global   150      844652       5631         0.8        0          371      1226175    8555       13735.32   6295.76

[1;1H[2J
Get Statistics
Type     Time(s)  Ops          TPS(ops/s)   Net(M/s)   Get_miss   Min(us)  Max(us)    Avg(us)    Std_dev    Geo_dist  
Period   10       54414        5441         0.8        0          479      257731     8848       11379.46   6275.79
Global   160      899066       5619         0.7        0          371      1226175    8573       13604.35   6294.55

Total Statistics
Type     Time(s)  Ops          TPS(ops/s)   Net(M/s)   Get_miss   Min(us)  Max(us)    Avg(us)    Std_dev    Geo_dist  
Period   10       54414        5441         0.8        0          479      257731     8848       11379.46   6275.79
Global   160      899066       5619         0.7        0          371      1226175    8573       13604.35   6294.55

[1;1H[2J
Get Statistics
Type     Time(s)  Ops          TPS(ops/s)   Net(M/s)   Get_miss   Min(us)  Max(us)    Avg(us)    Std_dev    Geo_dist  
Period   10       56646        5664         0.8        0          588      277602     8505       10068.62   6192.09
Global   170      955712       5621         0.8        0          371      1226175    8569       13420.76   6288.43

Total Statistics
Type     Time(s)  Ops          TPS(ops/s)   Net(M/s)   Get_miss   Min(us)  Max(us)    Avg(us)    Std_dev    Geo_dist  
Period   10       56646        5664         0.8        0          588      277602     8505       10068.62   6192.09
Global   170      955712       5621         0.8        0          371      1226175    8569       13420.76   6288.43

[1;1H[2J
Get Statistics
Type     Time(s)  Ops          TPS(ops/s)   Net(M/s)   Get_miss   Min(us)  Max(us)    Avg(us)    Std_dev    Geo_dist  
Period   10       55541        5554         0.8        0          487      186441     8674       9139.65    6473.56
Global   180      1011253      5618         0.8        0          371      1226175    8574       13222.17   6298.46

Total Statistics
Type     Time(s)  Ops          TPS(ops/s)   Net(M/s)   Get_miss   Min(us)  Max(us)    Avg(us)    Std_dev    Geo_dist  
Period   10       55541        5554         0.8        0          487      186441     8674       9139.65    6473.56
Global   180      1011253      5618         0.8        0          371      1226175    8574       13222.17   6298.46

[1;1H[2J
Get Statistics
Type     Time(s)  Ops          TPS(ops/s)   Net(M/s)   Get_miss   Min(us)  Max(us)    Avg(us)    Std_dev    Geo_dist  
Period   10       58261        5826         0.8        0          477      133133     8270       6553.93    6443.07
Global   190      1069514      5629         0.8        0          371      1226175    8558       12947.48   6306.25

Total Statistics
Type     Time(s)  Ops          TPS(ops/s)   Net(M/s)   Get_miss   Min(us)  Max(us)    Avg(us)    Std_dev    Geo_dist  
Period   10       58261        5826         0.8        0          477      133133     8270       6553.93    6443.07
Global   190      1069514      5629         0.8        0          371      1226175    8558       12947.48   6306.25

[1;1H[2J
Get Statistics
Type     Time(s)  Ops          TPS(ops/s)   Net(M/s)   Get_miss   Min(us)  Max(us)    Avg(us)    Std_dev    Geo_dist  
Period   10       57551        5755         0.8        0          612      153079     8368       8477.58    6262.88
Global   200      1127065      5635         0.8        0          371      1226175    8548       12757.50   6304.03

Total Statistics
Type     Time(s)  Ops          TPS(ops/s)   Net(M/s)   Get_miss   Min(us)  Max(us)    Avg(us)    Std_dev    Geo_dist  
Period   10       57551        5755         0.8        0          612      153079     8368       8477.58    6262.88
Global   200      1127065      5635         0.8        0          371      1226175    8548       12757.50   6304.03

[1;1H[2J
Get Statistics
Type     Time(s)  Ops          TPS(ops/s)   Net(M/s)   Get_miss   Min(us)  Max(us)    Avg(us)    Std_dev    Geo_dist  
Period   10       46277        4627         0.8        0          501      1908841    10409      39800.54   6519.08
Global   210      1173342      5587         0.6        0          371      1908841    8621       14796.90   6312.37

Total Statistics
Type     Time(s)  Ops          TPS(ops/s)   Net(M/s)   Get_miss   Min(us)  Max(us)    Avg(us)    Std_dev    Geo_dist  
Period   10       46277        4627         0.8        0          501      1908841    10409      39800.54   6519.08
Global   210      1173342      5587         0.6        0          371      1908841    8621       14796.90   6312.37

[1;1H[2J
Get Statistics
Type     Time(s)  Ops          TPS(ops/s)   Net(M/s)   Get_miss   Min(us)  Max(us)    Avg(us)    Std_dev    Geo_dist  
Period   10       55939        5593         0.8        0          469      569921     8608       17499.18   6271.65
Global   220      1229281      5587         0.8        0          371      1908841    8621       14930.15   6310.51

Total Statistics
Type     Time(s)  Ops          TPS(ops/s)   Net(M/s)   Get_miss   Min(us)  Max(us)    Avg(us)    Std_dev    Geo_dist  
Period   10       55939        5593         0.8        0          469      569921     8608       17499.18   6271.65
Global   220      1229281      5587         0.8        0          371      1908841    8621       14930.15   6310.51

[1;1H[2J
Get Statistics
Type     Time(s)  Ops          TPS(ops/s)   Net(M/s)   Get_miss   Min(us)  Max(us)    Avg(us)    Std_dev    Geo_dist  
Period   10       53975        5397         0.8        0          508      579966     8930       18342.99   6460.74
Global   230      1283256      5579         0.7        0          371      1908841    8634       15089.37   6316.76

Total Statistics
Type     Time(s)  Ops          TPS(ops/s)   Net(M/s)   Get_miss   Min(us)  Max(us)    Avg(us)    Std_dev    Geo_dist  
Period   10       53975        5397         0.8        0          508      579966     8930       18342.99   6460.74
Global   230      1283256      5579         0.7        0          371      1908841    8634       15089.37   6316.76

[1;1H[2J
Get Statistics
Type     Time(s)  Ops          TPS(ops/s)   Net(M/s)   Get_miss   Min(us)  Max(us)    Avg(us)    Std_dev    Geo_dist  
Period   10       54289        5428         0.8        0          438      482976     8870       17127.12   6233.58
Global   240      1337545      5573         0.7        0          371      1908841    8643       15177.80   6313.36

Total Statistics
Type     Time(s)  Ops          TPS(ops/s)   Net(M/s)   Get_miss   Min(us)  Max(us)    Avg(us)    Std_dev    Geo_dist  
Period   10       54289        5428         0.8        0          438      482976     8870       17127.12   6233.58
Global   240      1337545      5573         0.7        0          371      1908841    8643       15177.80   6313.36

[1;1H[2J
Get Statistics
Type     Time(s)  Ops          TPS(ops/s)   Net(M/s)   Get_miss   Min(us)  Max(us)    Avg(us)    Std_dev    Geo_dist  
Period   10       57914        5791         0.8        0          472      171404     8317       8711.53    6158.98
Global   250      1395459      5581         0.8        0          371      1908841    8630       14964.95   6306.88

Total Statistics
Type     Time(s)  Ops          TPS(ops/s)   Net(M/s)   Get_miss   Min(us)  Max(us)    Avg(us)    Std_dev    Geo_dist  
Period   10       57914        5791         0.8        0          472      171404     8317       8711.53    6158.98
Global   250      1395459      5581         0.8        0          371      1908841    8630       14964.95   6306.88

[1;1H[2J
Get Statistics
Type     Time(s)  Ops          TPS(ops/s)   Net(M/s)   Get_miss   Min(us)  Max(us)    Avg(us)    Std_dev    Geo_dist  
Period   10       55514        5551         0.8        0          513      602933     8673       18923.71   6128.21
Global   260      1450973      5580         0.8        0          371      1908841    8632       15135.27   6299.95

Total Statistics
Type     Time(s)  Ops          TPS(ops/s)   Net(M/s)   Get_miss   Min(us)  Max(us)    Avg(us)    Std_dev    Geo_dist  
Period   10       55514        5551         0.8        0          513      602933     8673       18923.71   6128.21
Global   260      1450973      5580         0.8        0          371      1908841    8632       15135.27   6299.95

[1;1H[2J
Get Statistics
Type     Time(s)  Ops          TPS(ops/s)   Net(M/s)   Get_miss   Min(us)  Max(us)    Avg(us)    Std_dev    Geo_dist  
Period   10       56183        5618         0.8        0          521      382255     8579       9377.21    6395.36
Global   270      1507156      5582         0.8        0          371      1908841    8630       14960.46   6303.48

Total Statistics
Type     Time(s)  Ops          TPS(ops/s)   Net(M/s)   Get_miss   Min(us)  Max(us)    Avg(us)    Std_dev    Geo_dist  
Period   10       56186        5618         0.8        0          521      382255     8579       9376.95    6395.45
Global   270      1507159      5582         0.8        0          371      1908841    8630       14960.44   6303.48

[1;1H[2J
Get Statistics
Type     Time(s)  Ops          TPS(ops/s)   Net(M/s)   Get_miss   Min(us)  Max(us)    Avg(us)    Std_dev    Geo_dist  
Period   10       59401        5940         0.8        0          528      157868     8113       8068.33    6134.50
Global   280      1566557      5594         0.8        0          371      1908841    8610       14758.51   6297.10

Total Statistics
Type     Time(s)  Ops          TPS(ops/s)   Net(M/s)   Get_miss   Min(us)  Max(us)    Avg(us)    Std_dev    Geo_dist  
Period   10       59398        5939         0.8        0          528      157868     8113       8068.73    6137.20
Global   280      1566557      5594         0.8        0          371      1908841    8610       14758.51   6297.10

[1;1H[2J
Get Statistics
Type     Time(s)  Ops          TPS(ops/s)   Net(M/s)   Get_miss   Min(us)  Max(us)    Avg(us)    Std_dev    Geo_dist  
Period   10       53171        5317         0.8        0          499      613942     8664       18657.75   6085.38
Global   290      1619728      5585         0.7        0          371      1908841    8612       14902.58   6290.03

Total Statistics
Type     Time(s)  Ops          TPS(ops/s)   Net(M/s)   Get_miss   Min(us)  Max(us)    Avg(us)    Std_dev    Geo_dist  
Period   10       53171        5317         0.8        0          499      613942     8664       18657.75   6085.38
Global   290      1619728      5585         0.7        0          371      1908841    8612       14902.58   6290.03

[1;1H[2J
Get Statistics
Type     Time(s)  Ops          TPS(ops/s)   Net(M/s)   Get_miss   Min(us)  Max(us)    Avg(us)    Std_dev    Geo_dist  
Period   10       44600        4460         0.8        0          598      747768     11273      37896.24   6647.89
Global   300      1664328      5547         0.6        0          371      1908841    8683       15962.75   6299.37

Total Statistics
Type     Time(s)  Ops          TPS(ops/s)   Net(M/s)   Get_miss   Min(us)  Max(us)    Avg(us)    Std_dev    Geo_dist  
Period   10       44600        4460         0.8        0          598      747768     11273      37896.24   6647.89
Global   300      1664328      5547         0.6        0          371      1908841    8683       15962.75   6299.37

[1;1H[2J
Get Statistics
Type     Time(s)  Ops          TPS(ops/s)   Net(M/s)   Get_miss   Min(us)  Max(us)    Avg(us)    Std_dev    Geo_dist  
Period   10       52466        5246         0.8        0          400      2092211    9186       31550.06   6341.46
Global   310      1716794      5538         0.7        0          371      2092211    8698       16657.00   6300.65

Total Statistics
Type     Time(s)  Ops          TPS(ops/s)   Net(M/s)   Get_miss   Min(us)  Max(us)    Avg(us)    Std_dev    Geo_dist  
Period   10       52466        5246         0.8        0          400      2092211    9186       31550.06   6341.46
Global   310      1716794      5538         0.7        0          371      2092211    8698       16657.00   6300.65

[1;1H[2J
Get Statistics
Type     Time(s)  Ops          TPS(ops/s)   Net(M/s)   Get_miss   Min(us)  Max(us)    Avg(us)    Std_dev    Geo_dist  
Period   10       45455        4545         0.8        0          387      1120773    10593      40196.63   6587.77
Global   320      1762249      5507         0.6        0          371      2092211    8747       17665.31   6307.89

Total Statistics
Type     Time(s)  Ops          TPS(ops/s)   Net(M/s)   Get_miss   Min(us)  Max(us)    Avg(us)    Std_dev    Geo_dist  
Period   10       45455        4545         0.8        0          387      1120773    10593      40196.63   6587.77
Global   320      1762249      5507         0.6        0          371      2092211    8747       17665.31   6307.89

[1;1H[2J
Get Statistics
Type     Time(s)  Ops          TPS(ops/s)   Net(M/s)   Get_miss   Min(us)  Max(us)    Avg(us)    Std_dev    Geo_dist  
Period   10       61887        6188         0.8        0          555      110579     7786       6189.76    5989.03
Global   330      1824136      5527         0.8        0          371      2092211    8715       17401.02   6296.80

Total Statistics
Type     Time(s)  Ops          TPS(ops/s)   Net(M/s)   Get_miss   Min(us)  Max(us)    Avg(us)    Std_dev    Geo_dist  
Period   10       61887        6188         0.8        0          555      110579     7786       6189.76    5989.03
Global   330      1824136      5527         0.8        0          371      2092211    8715       17401.02   6296.80

[1;1H[2J
Get Statistics
Type     Time(s)  Ops          TPS(ops/s)   Net(M/s)   Get_miss   Min(us)  Max(us)    Avg(us)    Std_dev    Geo_dist  
Period   10       56820        5682         0.8        0          398      269439     8478       11276.69   6241.55
Global   340      1880956      5532         0.8        0          371      2092211    8708       17247.86   6295.13

Total Statistics
Type     Time(s)  Ops          TPS(ops/s)   Net(M/s)   Get_miss   Min(us)  Max(us)    Avg(us)    Std_dev    Geo_dist  
Period   10       56820        5682         0.8        0          398      269439     8478       11276.61   6240.54
Global   340      1880956      5532         0.8        0          371      2092211    8708       17247.86   6295.13

[1;1H[2J
Get Statistics
Type     Time(s)  Ops          TPS(ops/s)   Net(M/s)   Get_miss   Min(us)  Max(us)    Avg(us)    Std_dev    Geo_dist  
Period   10       54867        5486         0.8        0          431      452416     8783       15236.73   6438.61
Global   350      1935823      5530         0.8        0          371      2092211    8710       17194.16   6299.15

Total Statistics
Type     Time(s)  Ops          TPS(ops/s)   Net(M/s)   Get_miss   Min(us)  Max(us)    Avg(us)    Std_dev    Geo_dist  
Period   10       54867        5486         0.8        0          431      452416     8783       15236.73   6438.61
Global   350      1935823      5530         0.8        0          371      2092211    8710       17194.16   6299.15

[1;1H[2J
Get Statistics
Type     Time(s)  Ops          TPS(ops/s)   Net(M/s)   Get_miss   Min(us)  Max(us)    Avg(us)    Std_dev    Geo_dist  
Period   10       50283        5028         0.8        0          591      565369     9582       26435.71   6367.72
Global   360      1986106      5516         0.7        0          371      2092211    8732       17489.06   6300.88

Total Statistics
Type     Time(s)  Ops          TPS(ops/s)   Net(M/s)   Get_miss   Min(us)  Max(us)    Avg(us)    Std_dev    Geo_dist  
Period   10       50283        5028         0.8        0          591      565369     9582       26435.71   6367.72
Global   360      1986106      5516         0.7        0          371      2092211    8732       17489.06   6300.88

Get Statistics (1986154 events)
   Min:       371
   Max:   2092211
   Avg:      8732
   Geo:   6300.94
   Std:  17488.92
   Log2 Dist:
       8:        0       61     7634   246982
      12:   361860   200117   1058182    94291
      16:     8541     5365     1981      513
      20:      550       77

Total Statistics (1986154 events)
   Min:       371
   Max:   2092211
   Avg:      8732
   Geo:   6300.94
   Std:  17488.92
   Log2 Dist:
       8:        0       61     7634   246982
      12:   361860   200117   1058182    94291
      16:     8541     5365     1981      513
      20:      550       77

cmd_get: 1986202
cmd_set: 49152
get_misses: 0
written_bytes: 51559708
read_bytes: 328108626
object_bytes: 7077888

Run time: 361.4s Ops: 2035354 TPS: 5631 Net_rate: 1.0M/s
