servers : 10.0.0.6:11212
threads count: 60
concurrency: 60
run time: 600s
windows size: 1k
set proportion: set_prop=0.00
get proportion: get_prop=1.00
[1;1H[2J
Get Statistics
Type     Time(s)  Ops          TPS(ops/s)   Net(M/s)   Get_miss   Min(us)  Max(us)    Avg(us)    Std_dev    Geo_dist  
Period   10       61107        6110         0.8        0          458      182254     9852       10061.05   7493.03
Global   10       61107        6110         0.8        0          458      182254     9852       10061.05   7493.03

Total Statistics
Type     Time(s)  Ops          TPS(ops/s)   Net(M/s)   Get_miss   Min(us)  Max(us)    Avg(us)    Std_dev    Geo_dist  
Period   10       61107        6110         0.8        0          458      182254     9852       10061.05   7493.03
Global   10       61107        6110         0.8        0          458      182254     9852       10061.05   7493.03

[1;1H[2J
Get Statistics
Type     Time(s)  Ops          TPS(ops/s)   Net(M/s)   Get_miss   Min(us)  Max(us)    Avg(us)    Std_dev    Geo_dist  
Period   10       64817        6481         0.9        0          617      191576     9290       9651.67    7231.26
Global   20       125924       6296         0.9        0          458      191576     9563       9856.15    7357.13

Total Statistics
Type     Time(s)  Ops          TPS(ops/s)   Net(M/s)   Get_miss   Min(us)  Max(us)    Avg(us)    Std_dev    Geo_dist  
Period   10       64817        6481         0.9        0          617      191576     9290       9651.67    7231.26
Global   20       125924       6296         0.9        0          458      191576     9563       9856.15    7357.13

[1;1H[2J
Get Statistics
Type     Time(s)  Ops          TPS(ops/s)   Net(M/s)   Get_miss   Min(us)  Max(us)    Avg(us)    Std_dev    Geo_dist  
Period   10       61944        6194         0.9        0          439      193074     9724       10130.77   7395.92
Global   30       187868       6262         0.9        0          439      193074     9616       9947.88    7369.90

Total Statistics
Type     Time(s)  Ops          TPS(ops/s)   Net(M/s)   Get_miss   Min(us)  Max(us)    Avg(us)    Std_dev    Geo_dist  
Period   10       61944        6194         0.9        0          439      193074     9724       10130.77   7395.92
Global   30       187868       6262         0.9        0          439      193074     9616       9947.88    7369.90

[1;1H[2J
Get Statistics
Type     Time(s)  Ops          TPS(ops/s)   Net(M/s)   Get_miss   Min(us)  Max(us)    Avg(us)    Std_dev    Geo_dist  
Period   10       67224        6722         0.9        0          554      198318     8959       7972.78    6989.43
Global   40       255092       6377         0.9        0          439      198318     9443       9471.72    7267.67

Total Statistics
Type     Time(s)  Ops          TPS(ops/s)   Net(M/s)   Get_miss   Min(us)  Max(us)    Avg(us)    Std_dev    Geo_dist  
Period   10       67224        6722         0.9        0          554      198318     8959       7972.78    6989.43
Global   40       255092       6377         0.9        0          439      198318     9443       9471.72    7267.67

[1;1H[2J
Get Statistics
Type     Time(s)  Ops          TPS(ops/s)   Net(M/s)   Get_miss   Min(us)  Max(us)    Avg(us)    Std_dev    Geo_dist  
Period   10       65690        6569         0.9        0          513      115924     9163       6623.82    7269.66
Global   50       320782       6415         0.9        0          439      198318     9386       8962.86    7268.08

Total Statistics
Type     Time(s)  Ops          TPS(ops/s)   Net(M/s)   Get_miss   Min(us)  Max(us)    Avg(us)    Std_dev    Geo_dist  
Period   10       65690        6569         0.9        0          513      115924     9163       6623.82    7269.66
Global   50       320782       6415         0.9        0          439      198318     9386       8962.86    7268.08

[1;1H[2J
Get Statistics
Type     Time(s)  Ops          TPS(ops/s)   Net(M/s)   Get_miss   Min(us)  Max(us)    Avg(us)    Std_dev    Geo_dist  
Period   10       63015        6301         0.9        0          653      478798     9557       15180.26   7359.59
Global   60       383797       6396         0.9        0          439      478798     9414       10246.16   7283.02

Total Statistics
Type     Time(s)  Ops          TPS(ops/s)   Net(M/s)   Get_miss   Min(us)  Max(us)    Avg(us)    Std_dev    Geo_dist  
Period   10       63015        6301         0.9        0          653      478798     9557       15180.26   7359.59
Global   60       383797       6396         0.9        0          439      478798     9414       10246.16   7283.02

[1;1H[2J
Get Statistics
Type     Time(s)  Ops          TPS(ops/s)   Net(M/s)   Get_miss   Min(us)  Max(us)    Avg(us)    Std_dev    Geo_dist  
Period   10       58448        5844         0.9        0          608      1144587    10302      36763.58   7107.88
Global   70       442245       6317         0.8        0          439      1144587    9531       16426.46   7259.63

Total Statistics
Type     Time(s)  Ops          TPS(ops/s)   Net(M/s)   Get_miss   Min(us)  Max(us)    Avg(us)    Std_dev    Geo_dist  
Period   10       58448        5844         0.9        0          608      1144587    10302      36763.58   7107.88
Global   70       442245       6317         0.8        0          439      1144587    9531       16426.46   7259.63

[1;1H[2J
Get Statistics
Type     Time(s)  Ops          TPS(ops/s)   Net(M/s)   Get_miss   Min(us)  Max(us)    Avg(us)    Std_dev    Geo_dist  
Period   10       66204        6620         0.9        0          504      134790     9101       7982.54    7048.62
Global   80       508449       6355         0.9        0          439      1144587    9475       15588.86   7231.80

Total Statistics
Type     Time(s)  Ops          TPS(ops/s)   Net(M/s)   Get_miss   Min(us)  Max(us)    Avg(us)    Std_dev    Geo_dist  
Period   10       66204        6620         0.9        0          504      134790     9101       7982.54    7048.62
Global   80       508449       6355         0.9        0          439      1144587    9475       15588.86   7231.80

[1;1H[2J
Get Statistics
Type     Time(s)  Ops          TPS(ops/s)   Net(M/s)   Get_miss   Min(us)  Max(us)    Avg(us)    Std_dev    Geo_dist  
Period   10       60851        6085         0.9        0          417      244584     9898       13122.23   7266.38
Global   90       569300       6325         0.8        0          417      1144587    9520       15344.83   7235.49

Total Statistics
Type     Time(s)  Ops          TPS(ops/s)   Net(M/s)   Get_miss   Min(us)  Max(us)    Avg(us)    Std_dev    Geo_dist  
Period   10       60851        6085         0.9        0          417      244584     9898       13122.23   7266.38
Global   90       569300       6325         0.8        0          417      1144587    9520       15344.83   7235.49

[1;1H[2J
Get Statistics
Type     Time(s)  Ops          TPS(ops/s)   Net(M/s)   Get_miss   Min(us)  Max(us)    Avg(us)    Std_dev    Geo_dist  
Period   10       67162        6716         0.9        0          580      184224     8963       7836.91    6993.62
Global   100      636462       6364         0.9        0          417      1144587    9461       14735.37   7209.58

Total Statistics
Type     Time(s)  Ops          TPS(ops/s)   Net(M/s)   Get_miss   Min(us)  Max(us)    Avg(us)    Std_dev    Geo_dist  
Period   10       67162        6716         0.9        0          580      184224     8963       7836.91    6993.62
Global   100      636462       6364         0.9        0          417      1144587    9461       14735.37   7209.58

[1;1H[2J
Get Statistics
Type     Time(s)  Ops          TPS(ops/s)   Net(M/s)   Get_miss   Min(us)  Max(us)    Avg(us)    Std_dev    Geo_dist  
Period   10       62146        6214         0.9        0          475      200634     9689       10253.80   7362.19
Global   110      698608       6350         0.9        0          417      1144587    9482       14393.02   7223.02

Total Statistics
Type     Time(s)  Ops          TPS(ops/s)   Net(M/s)   Get_miss   Min(us)  Max(us)    Avg(us)    Std_dev    Geo_dist  
Period   10       62146        6214         0.9        0          475      200634     9689       10253.80   7362.19
Global   110      698608       6350         0.9        0          417      1144587    9482       14393.02   7223.02

[1;1H[2J
Get Statistics
Type     Time(s)  Ops          TPS(ops/s)   Net(M/s)   Get_miss   Min(us)  Max(us)    Avg(us)    Std_dev    Geo_dist  
Period   10       62407        6240         0.9        0          440      141933     9653       8230.62    7491.10
Global   120      761015       6341         0.9        0          417      1144587    9496       13990.31   7244.64

Total Statistics
Type     Time(s)  Ops          TPS(ops/s)   Net(M/s)   Get_miss   Min(us)  Max(us)    Avg(us)    Std_dev    Geo_dist  
Period   10       62407        6240         0.9        0          440      141933     9653       8230.62    7491.10
Global   120      761015       6341         0.9        0          417      1144587    9496       13990.31   7244.64

[1;1H[2J
Get Statistics
Type     Time(s)  Ops          TPS(ops/s)   Net(M/s)   Get_miss   Min(us)  Max(us)    Avg(us)    Std_dev    Geo_dist  
Period   10       63834        6383         0.9        0          505      180095     9433       8901.88    7339.99
Global   130      824849       6344         0.9        0          417      1144587    9491       13664.43   7251.98

Total Statistics
Type     Time(s)  Ops          TPS(ops/s)   Net(M/s)   Get_miss   Min(us)  Max(us)    Avg(us)    Std_dev    Geo_dist  
Period   10       63834        6383         0.9        0          505      180095     9433       8901.88    7339.99
Global   130      824849       6344         0.9        0          417      1144587    9491       13664.43   7251.98

[1;1H[2J
Get Statistics
Type     Time(s)  Ops          TPS(ops/s)   Net(M/s)   Get_miss   Min(us)  Max(us)    Avg(us)    Std_dev    Geo_dist  
Period   10       62384        6238         0.9        0          582      129920     9649       7955.06    7518.00
Global   140      887233       6337         0.9        0          417      1144587    9502       13343.21   7270.37

Total Statistics
Type     Time(s)  Ops          TPS(ops/s)   Net(M/s)   Get_miss   Min(us)  Max(us)    Avg(us)    Std_dev    Geo_dist  
Period   10       62384        6238         0.9        0          582      129920     9649       7955.06    7518.00
Global   140      887233       6337         0.9        0          417      1144587    9502       13343.21   7270.37

[1;1H[2J
Get Statistics
Type     Time(s)  Ops          TPS(ops/s)   Net(M/s)   Get_miss   Min(us)  Max(us)    Avg(us)    Std_dev    Geo_dist  
Period   10       62490        6249         0.9        0          602      106464     9641       7183.93    7616.07
Global   150      949723       6331         0.9        0          417      1144587    9511       13027.90   7292.63

Total Statistics
Type     Time(s)  Ops          TPS(ops/s)   Net(M/s)   Get_miss   Min(us)  Max(us)    Avg(us)    Std_dev    Geo_dist  
Period   10       62490        6249         0.9        0          602      106464     9641       7183.93    7616.07
Global   150      949723       6331         0.9        0          417      1144587    9511       13027.90   7292.63

[1;1H[2J
Get Statistics
Type     Time(s)  Ops          TPS(ops/s)   Net(M/s)   Get_miss   Min(us)  Max(us)    Avg(us)    Std_dev    Geo_dist  
Period   10       59153        5915         0.9        0          554      355494     10183      14842.37   7603.66
Global   160      1008876      6305         0.8        0          417      1144587    9551       13141.71   7310.51

Total Statistics
Type     Time(s)  Ops          TPS(ops/s)   Net(M/s)   Get_miss   Min(us)  Max(us)    Avg(us)    Std_dev    Geo_dist  
Period   10       59153        5915         0.9        0          554      355494     10183      14842.37   7603.66
Global   160      1008876      6305         0.8        0          417      1144587    9551       13141.71   7310.51

[1;1H[2J
Get Statistics
Type     Time(s)  Ops          TPS(ops/s)   Net(M/s)   Get_miss   Min(us)  Max(us)    Avg(us)    Std_dev    Geo_dist  
Period   10       65123        6512         0.9        0          575      156256     9246       6883.64    7320.33
Global   170      1073999      6317         0.9        0          417      1144587    9532       12849.92   7311.10

Total Statistics
Type     Time(s)  Ops          TPS(ops/s)   Net(M/s)   Get_miss   Min(us)  Max(us)    Avg(us)    Std_dev    Geo_dist  
Period   10       65123        6512         0.9        0          575      156256     9246       6883.64    7320.33
Global   170      1073999      6317         0.9        0          417      1144587    9532       12849.92   7311.10

[1;1H[2J
Get Statistics
Type     Time(s)  Ops          TPS(ops/s)   Net(M/s)   Get_miss   Min(us)  Max(us)    Avg(us)    Std_dev    Geo_dist  
Period   10       61839        6183         0.9        0          584      177652     9716       10429.84   7310.79
Global   180      1135838      6310         0.8        0          417      1144587    9542       12730.09   7311.08

Total Statistics
Type     Time(s)  Ops          TPS(ops/s)   Net(M/s)   Get_miss   Min(us)  Max(us)    Avg(us)    Std_dev    Geo_dist  
Period   10       61839        6183         0.9        0          584      177652     9716       10429.84   7310.79
Global   180      1135838      6310         0.8        0          417      1144587    9542       12730.09   7311.08

[1;1H[2J
Get Statistics
Type     Time(s)  Ops          TPS(ops/s)   Net(M/s)   Get_miss   Min(us)  Max(us)    Avg(us)    Std_dev    Geo_dist  
Period   10       62280        6228         0.9        0          411      159372     9693       6712.42    7635.55
Global   190      1198118      6305         0.9        0          411      1144587    9550       12488.86   7327.61

Total Statistics
Type     Time(s)  Ops          TPS(ops/s)   Net(M/s)   Get_miss   Min(us)  Max(us)    Avg(us)    Std_dev    Geo_dist  
Period   10       62280        6228         0.9        0          411      159372     9693       6712.42    7635.55
Global   190      1198118      6305         0.9        0          411      1144587    9550       12488.86   7327.61

[1;1H[2J
Get Statistics
Type     Time(s)  Ops          TPS(ops/s)   Net(M/s)   Get_miss   Min(us)  Max(us)    Avg(us)    Std_dev    Geo_dist  
Period   10       62385        6238         0.9        0          520      180206     9645       9146.48    7377.10
Global   200      1260503      6302         0.9        0          411      1144587    9555       12344.53   7330.05

Total Statistics
Type     Time(s)  Ops          TPS(ops/s)   Net(M/s)   Get_miss   Min(us)  Max(us)    Avg(us)    Std_dev    Geo_dist  
Period   10       62385        6238         0.9        0          520      180206     9645       9146.48    7377.10
Global   200      1260503      6302         0.9        0          411      1144587    9555       12344.53   7330.05

[1;1H[2J
Get Statistics
Type     Time(s)  Ops          TPS(ops/s)   Net(M/s)   Get_miss   Min(us)  Max(us)    Avg(us)    Std_dev    Geo_dist  
Period   10       63544        6354         0.9        0          484      108437     9471       8109.73    7277.85
Global   210      1324047      6304         0.9        0          411      1144587    9551       12174.97   7327.53

Total Statistics
Type     Time(s)  Ops          TPS(ops/s)   Net(M/s)   Get_miss   Min(us)  Max(us)    Avg(us)    Std_dev    Geo_dist  
Period   10       63544        6354         0.9        0          484      108437     9471       8109.73    7277.85
Global   210      1324047      6304         0.9        0          411      1144587    9551       12174.97   7327.53

[1;1H[2J
Get Statistics
Type     Time(s)  Ops          TPS(ops/s)   Net(M/s)   Get_miss   Min(us)  Max(us)    Avg(us)    Std_dev    Geo_dist  
Period   10       64999        6499         0.9        0          446      184937     9307       8193.54    7207.07
Global   220      1389046      6313         0.9        0          411      1144587    9539       12018.69   7321.85

Total Statistics
Type     Time(s)  Ops          TPS(ops/s)   Net(M/s)   Get_miss   Min(us)  Max(us)    Avg(us)    Std_dev    Geo_dist  
Period   10       64999        6499         0.9        0          446      184937     9307       8193.54    7207.07
Global   220      1389046      6313         0.9        0          411      1144587    9539       12018.69   7321.85

[1;1H[2J
Get Statistics
Type     Time(s)  Ops          TPS(ops/s)   Net(M/s)   Get_miss   Min(us)  Max(us)    Avg(us)    Std_dev    Geo_dist  
Period   10       61935        6193         0.9        0          520      373673     9757       13217.75   7409.47
Global   230      1450981      6308         0.9        0          411      1144587    9549       12071.83   7325.57

Total Statistics
Type     Time(s)  Ops          TPS(ops/s)   Net(M/s)   Get_miss   Min(us)  Max(us)    Avg(us)    Std_dev    Geo_dist  
Period   10       61935        6193         0.9        0          520      373673     9757       13217.75   7409.47
Global   230      1450981      6308         0.9        0          411      1144587    9549       12071.83   7325.57

[1;1H[2J
Get Statistics
Type     Time(s)  Ops          TPS(ops/s)   Net(M/s)   Get_miss   Min(us)  Max(us)    Avg(us)    Std_dev    Geo_dist  
Period   10       62397        6239         0.9        0          451      374093     9695       13479.65   7301.44
Global   240      1513378      6305         0.9        0          411      1144587    9555       12133.15   7324.57

Total Statistics
Type     Time(s)  Ops          TPS(ops/s)   Net(M/s)   Get_miss   Min(us)  Max(us)    Avg(us)    Std_dev    Geo_dist  
Period   10       62397        6239         0.9        0          451      374093     9695       13479.65   7301.44
Global   240      1513378      6305         0.9        0          411      1144587    9555       12133.15   7324.57

[1;1H[2J
Get Statistics
Type     Time(s)  Ops          TPS(ops/s)   Net(M/s)   Get_miss   Min(us)  Max(us)    Avg(us)    Std_dev    Geo_dist  
Period   10       59404        5940         0.9        0          516      246726     10179      12377.76   7388.81
Global   250      1572782      6291         0.8        0          411      1144587    9578       12143.51   7326.99

Total Statistics
Type     Time(s)  Ops          TPS(ops/s)   Net(M/s)   Get_miss   Min(us)  Max(us)    Avg(us)    Std_dev    Geo_dist  
Period   10       59404        5940         0.9        0          516      246726     10179      12377.76   7388.81
Global   250      1572782      6291         0.8        0          411      1144587    9578       12143.51   7326.99

[1;1H[2J
Get Statistics
Type     Time(s)  Ops          TPS(ops/s)   Net(M/s)   Get_miss   Min(us)  Max(us)    Avg(us)    Std_dev    Geo_dist  
Period   10       58807        5880         0.9        0          518      311498     10270      13539.70   7521.23
Global   260      1631589      6275         0.8        0          411      1144587    9603       12197.24   7333.90

Total Statistics
Type     Time(s)  Ops          TPS(ops/s)   Net(M/s)   Get_miss   Min(us)  Max(us)    Avg(us)    Std_dev    Geo_dist  
Period   10       58807        5880         0.9        0          518      311498     10270      13539.70   7521.23
Global   260      1631589      6275         0.8        0          411      1144587    9603       12197.24   7333.90

[1;1H[2J
Get Statistics
Type     Time(s)  Ops          TPS(ops/s)   Net(M/s)   Get_miss   Min(us)  Max(us)    Avg(us)    Std_dev    Geo_dist  
Period   10       63209        6320         0.9        0          565      184731     9572       8944.69    7326.96
Global   270      1694798      6277         0.9        0          411      1144587    9602       12091.52   7333.64

Total Statistics
Type     Time(s)  Ops          TPS(ops/s)   Net(M/s)   Get_miss   Min(us)  Max(us)    Avg(us)    Std_dev    Geo_dist  
Period   10       63209        6320         0.9        0          565      184731     9572       8944.69    7326.96
Global   270      1694798      6277         0.9        0          411      1144587    9602       12091.52   7333.64

[1;1H[2J
Get Statistics
Type     Time(s)  Ops          TPS(ops/s)   Net(M/s)   Get_miss   Min(us)  Max(us)    Avg(us)    Std_dev    Geo_dist  
Period   10       59852        5985         0.9        0          611      141417     10107      9343.55    7639.50
Global   280      1754650      6266         0.8        0          411      1144587    9619       12008.68   7343.87

Total Statistics
Type     Time(s)  Ops          TPS(ops/s)   Net(M/s)   Get_miss   Min(us)  Max(us)    Avg(us)    Std_dev    Geo_dist  
Period   10       59852        5985         0.9        0          611      141417     10107      9343.55    7639.50
Global   280      1754650      6266         0.8        0          411      1144587    9619       12008.68   7343.87

[1;1H[2J
Get Statistics
Type     Time(s)  Ops          TPS(ops/s)   Net(M/s)   Get_miss   Min(us)  Max(us)    Avg(us)    Std_dev    Geo_dist  
Period   10       60964        6096         0.9        0          526      166759     9916       8506.28    7693.18
Global   290      1815614      6260         0.8        0          411      1144587    9629       11907.90   7355.34

Total Statistics
Type     Time(s)  Ops          TPS(ops/s)   Net(M/s)   Get_miss   Min(us)  Max(us)    Avg(us)    Std_dev    Geo_dist  
Period   10       60964        6096         0.9        0          526      166759     9916       8506.28    7693.18
Global   290      1815614      6260         0.8        0          411      1144587    9629       11907.90   7355.34

[1;1H[2J
Get Statistics
Type     Time(s)  Ops          TPS(ops/s)   Net(M/s)   Get_miss   Min(us)  Max(us)    Avg(us)    Std_dev    Geo_dist  
Period   10       57473        5747         0.9        0          592      442792     10520      17647.59   7795.67
Global   300      1873087      6243         0.8        0          411      1144587    9656       12125.73   7368.47

Total Statistics
Type     Time(s)  Ops          TPS(ops/s)   Net(M/s)   Get_miss   Min(us)  Max(us)    Avg(us)    Std_dev    Geo_dist  
Period   10       57473        5747         0.9        0          592      442792     10520      17647.59   7795.67
Global   300      1873087      6243         0.8        0          411      1144587    9656       12125.73   7368.47

[1;1H[2J
Get Statistics
Type     Time(s)  Ops          TPS(ops/s)   Net(M/s)   Get_miss   Min(us)  Max(us)    Avg(us)    Std_dev    Geo_dist  
Period   10       59181        5918         0.9        0          544      302824     10209      12943.27   7511.05
Global   310      1932268      6233         0.8        0          411      1144587    9673       12151.90   7372.80

Total Statistics
Type     Time(s)  Ops          TPS(ops/s)   Net(M/s)   Get_miss   Min(us)  Max(us)    Avg(us)    Std_dev    Geo_dist  
Period   10       59181        5918         0.9        0          544      302824     10209      12943.27   7511.05
Global   310      1932268      6233         0.8        0          411      1144587    9673       12151.90   7372.80

[1;1H[2J
Get Statistics
Type     Time(s)  Ops          TPS(ops/s)   Net(M/s)   Get_miss   Min(us)  Max(us)    Avg(us)    Std_dev    Geo_dist  
Period   10       61547        6154         0.9        0          541      222726     9822       12027.53   7280.53
Global   320      1993815      6230         0.8        0          411      1144587    9678       12147.79   7369.93

Total Statistics
Type     Time(s)  Ops          TPS(ops/s)   Net(M/s)   Get_miss   Min(us)  Max(us)    Avg(us)    Std_dev    Geo_dist  
Period   10       61547        6154         0.9        0          541      222726     9822       12027.53   7280.53
Global   320      1993815      6230         0.8        0          411      1144587    9678       12147.79   7369.93

[1;1H[2J
Get Statistics
Type     Time(s)  Ops          TPS(ops/s)   Net(M/s)   Get_miss   Min(us)  Max(us)    Avg(us)    Std_dev    Geo_dist  
Period   10       61154        6115         0.9        0          576      486320     9893       16264.14   7501.77
Global   330      2054969      6227         0.8        0          411      1144587    9684       12290.57   7373.82

Total Statistics
Type     Time(s)  Ops          TPS(ops/s)   Net(M/s)   Get_miss   Min(us)  Max(us)    Avg(us)    Std_dev    Geo_dist  
Period   10       61154        6115         0.9        0          576      486320     9893       16264.14   7501.77
Global   330      2054969      6227         0.8        0          411      1144587    9684       12290.57   7373.82

[1;1H[2J
Get Statistics
Type     Time(s)  Ops          TPS(ops/s)   Net(M/s)   Get_miss   Min(us)  Max(us)    Avg(us)    Std_dev    Geo_dist  
Period   10       56476        5647         0.9        0          488      251345     10706      16738.11   7524.66
Global   340      2111445      6210         0.8        0          411      1144587    9712       12430.83   7377.82

Total Statistics
Type     Time(s)  Ops          TPS(ops/s)   Net(M/s)   Get_miss   Min(us)  Max(us)    Avg(us)    Std_dev    Geo_dist  
Period   10       56476        5647         0.9        0          488      251345     10706      16738.07   7523.46
Global   340      2111445      6210         0.8        0          411      1144587    9712       12430.83   7377.82

[1;1H[2J
Get Statistics
Type     Time(s)  Ops          TPS(ops/s)   Net(M/s)   Get_miss   Min(us)  Max(us)    Avg(us)    Std_dev    Geo_dist  
Period   10       60799        6079         0.9        0          606      174898     9930       9953.56    7442.96
Global   350      2172244      6206         0.8        0          411      1144587    9718       12368.37   7379.63

Total Statistics
Type     Time(s)  Ops          TPS(ops/s)   Net(M/s)   Get_miss   Min(us)  Max(us)    Avg(us)    Std_dev    Geo_dist  
Period   10       60799        6079         0.9        0          606      174898     9930       9953.56    7442.96
Global   350      2172244      6206         0.8        0          411      1144587    9718       12368.37   7379.63

[1;1H[2J
Get Statistics
Type     Time(s)  Ops          TPS(ops/s)   Net(M/s)   Get_miss   Min(us)  Max(us)    Avg(us)    Std_dev    Geo_dist  
Period   10       60319        6031         0.9        0          571      464483     10035      16902.26   7426.39
Global   360      2232563      6201         0.8        0          411      1144587    9726       12513.02   7380.89

Total Statistics
Type     Time(s)  Ops          TPS(ops/s)   Net(M/s)   Get_miss   Min(us)  Max(us)    Avg(us)    Std_dev    Geo_dist  
Period   10       60319        6031         0.9        0          571      464483     10035      16902.26   7426.39
Global   360      2232563      6201         0.8        0          411      1144587    9726       12513.02   7380.89

[1;1H[2J
Get Statistics
Type     Time(s)  Ops          TPS(ops/s)   Net(M/s)   Get_miss   Min(us)  Max(us)    Avg(us)    Std_dev    Geo_dist  
Period   10       65254        6525         0.9        0          565      173922     9273       8560.02    7158.64
Global   370      2297817      6210         0.9        0          411      1144587    9714       12417.69   7374.49

Total Statistics
Type     Time(s)  Ops          TPS(ops/s)   Net(M/s)   Get_miss   Min(us)  Max(us)    Avg(us)    Std_dev    Geo_dist  
Period   10       65254        6525         0.9        0          565      173922     9273       8560.02    7158.64
Global   370      2297817      6210         0.9        0          411      1144587    9714       12417.69   7374.49

[1;1H[2J
Get Statistics
Type     Time(s)  Ops          TPS(ops/s)   Net(M/s)   Get_miss   Min(us)  Max(us)    Avg(us)    Std_dev    Geo_dist  
Period   10       59521        5952         0.9        0          494      193235     10155      11412.93   7581.97
Global   380      2357338      6203         0.8        0          411      1144587    9725       12393.62   7379.66

Total Statistics
Type     Time(s)  Ops          TPS(ops/s)   Net(M/s)   Get_miss   Min(us)  Max(us)    Avg(us)    Std_dev    Geo_dist  
Period   10       59521        5952         0.9        0          494      193235     10155      11412.93   7581.97
Global   380      2357338      6203         0.8        0          411      1144587    9725       12393.62   7379.66

[1;1H[2J
Get Statistics
Type     Time(s)  Ops          TPS(ops/s)   Net(M/s)   Get_miss   Min(us)  Max(us)    Avg(us)    Std_dev    Geo_dist  
Period   10       62357        6235         0.9        0          535      182954     9698       9238.31    7454.03
Global   390      2419695      6204         0.9        0          411      1144587    9724       12322.69   7381.56

Total Statistics
Type     Time(s)  Ops          TPS(ops/s)   Net(M/s)   Get_miss   Min(us)  Max(us)    Avg(us)    Std_dev    Geo_dist  
Period   10       62357        6235         0.9        0          535      182954     9698       9238.22    7452.93
Global   390      2419695      6204         0.9        0          411      1144587    9724       12322.69   7381.56

[1;1H[2J
Get Statistics
Type     Time(s)  Ops          TPS(ops/s)   Net(M/s)   Get_miss   Min(us)  Max(us)    Avg(us)    Std_dev    Geo_dist  
Period   10       61213        6121         0.9        0          586      233859     9873       13113.02   7260.94
Global   400      2480908      6202         0.8        0          411      1144587    9728       12342.56   7378.56

Total Statistics
Type     Time(s)  Ops          TPS(ops/s)   Net(M/s)   Get_miss   Min(us)  Max(us)    Avg(us)    Std_dev    Geo_dist  
Period   10       61213        6121         0.9        0          586      233859     9873       13113.02   7260.94
Global   400      2480908      6202         0.8        0          411      1144587    9728       12342.56   7378.56

[1;1H[2J
Get Statistics
Type     Time(s)  Ops          TPS(ops/s)   Net(M/s)   Get_miss   Min(us)  Max(us)    Avg(us)    Std_dev    Geo_dist  
Period   10       61054        6105         0.9        0          503      283624     9902       12529.06   7415.09
Global   410      2541962      6199         0.8        0          411      1144587    9732       12347.24   7379.44

Total Statistics
Type     Time(s)  Ops          TPS(ops/s)   Net(M/s)   Get_miss   Min(us)  Max(us)    Avg(us)    Std_dev    Geo_dist  
Period   10       61054        6105         0.9        0          503      283624     9902       12529.06   7415.09
Global   410      2541962      6199         0.8        0          411      1144587    9732       12347.24   7379.44

[1;1H[2J
Get Statistics
Type     Time(s)  Ops          TPS(ops/s)   Net(M/s)   Get_miss   Min(us)  Max(us)    Avg(us)    Std_dev    Geo_dist  
Period   10       59733        5973         0.9        0          626      292645     10125      13204.63   7564.17
Global   420      2601695      6194         0.8        0          411      1144587    9741       12367.75   7383.63

Total Statistics
Type     Time(s)  Ops          TPS(ops/s)   Net(M/s)   Get_miss   Min(us)  Max(us)    Avg(us)    Std_dev    Geo_dist  
Period   10       59733        5973         0.9        0          626      292645     10125      13204.63   7564.17
Global   420      2601695      6194         0.8        0          411      1144587    9741       12367.75   7383.63

[1;1H[2J
Get Statistics
Type     Time(s)  Ops          TPS(ops/s)   Net(M/s)   Get_miss   Min(us)  Max(us)    Avg(us)    Std_dev    Geo_dist  
Period   10       61788        6178         0.9        0          508      292682     9786       12670.05   7310.94
Global   430      2663483      6194         0.8        0          411      1144587    9742       12374.88   7381.93

Total Statistics
Type     Time(s)  Ops          TPS(ops/s)   Net(M/s)   Get_miss   Min(us)  Max(us)    Avg(us)    Std_dev    Geo_dist  
Period   10       61788        6178         0.9        0          508      292682     9786       12670.05   7310.94
Global   430      2663483      6194         0.8        0          411      1144587    9742       12374.88   7381.93

[1;1H[2J
Get Statistics
Type     Time(s)  Ops          TPS(ops/s)   Net(M/s)   Get_miss   Min(us)  Max(us)    Avg(us)    Std_dev    Geo_dist  
Period   10       60468        6046         0.9        0          476      293615     10003      12619.01   7362.62
Global   440      2723951      6190         0.8        0          411      1144587    9748       12380.24   7381.51

Total Statistics
Type     Time(s)  Ops          TPS(ops/s)   Net(M/s)   Get_miss   Min(us)  Max(us)    Avg(us)    Std_dev    Geo_dist  
Period   10       60468        6046         0.9        0          476      293615     10003      12619.01   7362.62
Global   440      2723951      6190         0.8        0          411      1144587    9748       12380.24   7381.51

[1;1H[2J
Get Statistics
Type     Time(s)  Ops          TPS(ops/s)   Net(M/s)   Get_miss   Min(us)  Max(us)    Avg(us)    Std_dev    Geo_dist  
Period   10       63471        6347         0.9        0          523      116908     9523       7069.94    7506.01
Global   450      2787422      6194         0.9        0          411      1144587    9743       12284.84   7384.32

Total Statistics
Type     Time(s)  Ops          TPS(ops/s)   Net(M/s)   Get_miss   Min(us)  Max(us)    Avg(us)    Std_dev    Geo_dist  
Period   10       63473        6347         0.9        0          523      116908     9523       7069.80    7506.05
Global   450      2787424      6194         0.9        0          411      1144587    9743       12284.83   7384.32

[1;1H[2J
Get Statistics
Type     Time(s)  Ops          TPS(ops/s)   Net(M/s)   Get_miss   Min(us)  Max(us)    Avg(us)    Std_dev    Geo_dist  
Period   10       59249        5924         0.8        0          539      220085     10147      12413.58   7529.99
Global   460      2846671      6188         0.8        0          411      1144587    9751       12287.99   7387.37

Total Statistics
Type     Time(s)  Ops          TPS(ops/s)   Net(M/s)   Get_miss   Min(us)  Max(us)    Avg(us)    Std_dev    Geo_dist  
Period   10       59247        5924         0.8        0          539      220085     10147      12413.93   7532.26
Global   460      2846671      6188         0.8        0          411      1144587    9751       12287.99   7387.37

[1;1H[2J
Get Statistics
Type     Time(s)  Ops          TPS(ops/s)   Net(M/s)   Get_miss   Min(us)  Max(us)    Avg(us)    Std_dev    Geo_dist  
Period   10       57779        5777         0.8        0          557      359686     10518      16232.32   7689.96
Global   470      2904450      6179         0.8        0          411      1144587    9766       12379.38   7393.27

Total Statistics
Type     Time(s)  Ops          TPS(ops/s)   Net(M/s)   Get_miss   Min(us)  Max(us)    Avg(us)    Std_dev    Geo_dist  
Period   10       57779        5777         0.8        0          557      359686     10518      16232.32   7689.96
Global   470      2904450      6179         0.8        0          411      1144587    9766       12379.38   7393.27

[1;1H[2J
Get Statistics
Type     Time(s)  Ops          TPS(ops/s)   Net(M/s)   Get_miss   Min(us)  Max(us)    Avg(us)    Std_dev    Geo_dist  
Period   10       60680        6068         0.8        0          626      199678     9975       10287.76   7705.70
Global   480      2965130      6177         0.8        0          411      1144587    9771       12339.59   7399.53

Total Statistics
Type     Time(s)  Ops          TPS(ops/s)   Net(M/s)   Get_miss   Min(us)  Max(us)    Avg(us)    Std_dev    Geo_dist  
Period   10       60680        6068         0.8        0          626      199678     9975       10287.76   7705.70
Global   480      2965130      6177         0.8        0          411      1144587    9771       12339.59   7399.53

[1;1H[2J
Get Statistics
Type     Time(s)  Ops          TPS(ops/s)   Net(M/s)   Get_miss   Min(us)  Max(us)    Avg(us)    Std_dev    Geo_dist  
Period   10       64109        6410         0.8        0          499      177567     9426       7784.92    7349.46
Global   490      3029239      6182         0.9        0          411      1144587    9763       12261.39   7398.47

Total Statistics
Type     Time(s)  Ops          TPS(ops/s)   Net(M/s)   Get_miss   Min(us)  Max(us)    Avg(us)    Std_dev    Geo_dist  
Period   10       64109        6410         0.8        0          499      177567     9426       7784.92    7349.46
Global   490      3029239      6182         0.9        0          411      1144587    9763       12261.39   7398.47

[1;1H[2J
Get Statistics
Type     Time(s)  Ops          TPS(ops/s)   Net(M/s)   Get_miss   Min(us)  Max(us)    Avg(us)    Std_dev    Geo_dist  
Period   10       62737        6273         0.8        0          468      201220     9641       8945.91    7431.81
Global   500      3091976      6183         0.9        0          411      1144587    9761       12202.71   7399.15

Total Statistics
Type     Time(s)  Ops          TPS(ops/s)   Net(M/s)   Get_miss   Min(us)  Max(us)    Avg(us)    Std_dev    Geo_dist  
Period   10       62737        6273         0.8        0          468      201220     9641       8945.91    7431.81
Global   500      3091976      6183         0.9        0          411      1144587    9761       12202.71   7399.15

[1;1H[2J
Get Statistics
Type     Time(s)  Ops          TPS(ops/s)   Net(M/s)   Get_miss   Min(us)  Max(us)    Avg(us)    Std_dev    Geo_dist  
Period   10       63533        6353         0.8        0          647      119594     9508       7503.66    7439.38
Global   510      3155509      6187         0.9        0          411      1144587    9756       12126.05   7399.95

Total Statistics
Type     Time(s)  Ops          TPS(ops/s)   Net(M/s)   Get_miss   Min(us)  Max(us)    Avg(us)    Std_dev    Geo_dist  
Period   10       63533        6353         0.8        0          647      119594     9508       7503.66    7439.38
Global   510      3155509      6187         0.9        0          411      1144587    9756       12126.05   7399.95

[1;1H[2J
Get Statistics
Type     Time(s)  Ops          TPS(ops/s)   Net(M/s)   Get_miss   Min(us)  Max(us)    Avg(us)    Std_dev    Geo_dist  
Period   10       61559        6155         0.8        0          632      203067     9784       10793.39   7505.41
Global   520      3217068      6186         0.8        0          411      1144587    9756       12102.36   7401.96

Total Statistics
Type     Time(s)  Ops          TPS(ops/s)   Net(M/s)   Get_miss   Min(us)  Max(us)    Avg(us)    Std_dev    Geo_dist  
Period   10       61559        6155         0.8        0          632      203067     9784       10793.39   7505.41
Global   520      3217068      6186         0.8        0          411      1144587    9756       12102.36   7401.96

[1;1H[2J
Get Statistics
Type     Time(s)  Ops          TPS(ops/s)   Net(M/s)   Get_miss   Min(us)  Max(us)    Avg(us)    Std_dev    Geo_dist  
Period   10       62766        6276         0.8        0          574      493364     9595       16288.32   7169.26
Global   530      3279834      6188         0.9        0          411      1144587    9753       12195.91   7397.43

Total Statistics
Type     Time(s)  Ops          TPS(ops/s)   Net(M/s)   Get_miss   Min(us)  Max(us)    Avg(us)    Std_dev    Geo_dist  
Period   10       62766        6276         0.8        0          574      493364     9595       16288.32   7169.26
Global   530      3279834      6188         0.9        0          411      1144587    9753       12195.91   7397.43

[1;1H[2J
Get Statistics
Type     Time(s)  Ops          TPS(ops/s)   Net(M/s)   Get_miss   Min(us)  Max(us)    Avg(us)    Std_dev    Geo_dist  
Period   10       63302        6330         0.9        0          461      128973     9519       7858.34    7374.99
Global   540      3343136      6190         0.9        0          411      1144587    9749       12127.89   7397.01

Total Statistics
Type     Time(s)  Ops          TPS(ops/s)   Net(M/s)   Get_miss   Min(us)  Max(us)    Avg(us)    Std_dev    Geo_dist  
Period   10       63302        6330         0.9        0          461      128973     9519       7858.34    7374.99
Global   540      3343136      6190         0.9        0          411      1144587    9749       12127.89   7397.01

[1;1H[2J
Get Statistics
Type     Time(s)  Ops          TPS(ops/s)   Net(M/s)   Get_miss   Min(us)  Max(us)    Avg(us)    Std_dev    Geo_dist  
Period   10       61261        6126         0.9        0          473      177631     9793       10403.07   7331.65
Global   550      3404397      6189         0.8        0          411      1144587    9750       12098.85   7395.83

Total Statistics
Type     Time(s)  Ops          TPS(ops/s)   Net(M/s)   Get_miss   Min(us)  Max(us)    Avg(us)    Std_dev    Geo_dist  
Period   10       61261        6126         0.9        0          473      177631     9793       10403.07   7331.65
Global   550      3404397      6189         0.8        0          411      1144587    9750       12098.85   7395.83

[1;1H[2J
Get Statistics
Type     Time(s)  Ops          TPS(ops/s)   Net(M/s)   Get_miss   Min(us)  Max(us)    Avg(us)    Std_dev    Geo_dist  
Period   10       63107        6310         0.9        0          585      195128     9573       9308.21    7314.31
Global   560      3467504      6191         0.9        0          411      1144587    9746       12054.49   7394.34

Total Statistics
Type     Time(s)  Ops          TPS(ops/s)   Net(M/s)   Get_miss   Min(us)  Max(us)    Avg(us)    Std_dev    Geo_dist  
Period   10       63107        6310         0.9        0          585      195128     9573       9308.21    7314.31
Global   560      3467504      6191         0.9        0          411      1144587    9746       12054.49   7394.34

[1;1H[2J
Get Statistics
Type     Time(s)  Ops          TPS(ops/s)   Net(M/s)   Get_miss   Min(us)  Max(us)    Avg(us)    Std_dev    Geo_dist  
Period   10       62642        6264         0.9        0          590      181211     9613       8989.68    7403.12
Global   570      3530146      6193         0.9        0          411      1144587    9744       12006.65   7394.49

Total Statistics
Type     Time(s)  Ops          TPS(ops/s)   Net(M/s)   Get_miss   Min(us)  Max(us)    Avg(us)    Std_dev    Geo_dist  
Period   10       62642        6264         0.9        0          590      181211     9613       8989.68    7403.12
Global   570      3530146      6193         0.9        0          411      1144587    9744       12006.65   7394.49

[1;1H[2J
Get Statistics
Type     Time(s)  Ops          TPS(ops/s)   Net(M/s)   Get_miss   Min(us)  Max(us)    Avg(us)    Std_dev    Geo_dist  
Period   10       62459        6245         0.9        0          477      378276     9658       13317.06   7250.37
Global   580      3592605      6194         0.9        0          411      1144587    9742       12031.06   7391.96

Total Statistics
Type     Time(s)  Ops          TPS(ops/s)   Net(M/s)   Get_miss   Min(us)  Max(us)    Avg(us)    Std_dev    Geo_dist  
Period   10       62459        6245         0.9        0          477      378276     9658       13317.06   7250.37
Global   580      3592605      6194         0.9        0          411      1144587    9742       12031.06   7391.96

[1;1H[2J
Get Statistics
Type     Time(s)  Ops          TPS(ops/s)   Net(M/s)   Get_miss   Min(us)  Max(us)    Avg(us)    Std_dev    Geo_dist  
Period   10       58288        5828         0.8        0          546      504303     10368      18374.82   7605.78
Global   590      3650893      6187         0.8        0          411      1144587    9752       12158.61   7395.33

Total Statistics
Type     Time(s)  Ops          TPS(ops/s)   Net(M/s)   Get_miss   Min(us)  Max(us)    Avg(us)    Std_dev    Geo_dist  
Period   10       58288        5828         0.8        0          546      504303     10368      18374.82   7605.78
Global   590      3650893      6187         0.8        0          411      1144587    9752       12158.61   7395.33

[1;1H[2J
Get Statistics
Type     Time(s)  Ops          TPS(ops/s)   Net(M/s)   Get_miss   Min(us)  Max(us)    Avg(us)    Std_dev    Geo_dist  
Period   10       63115        6311         0.9        0          559      193366     9582       10896.50   7024.03
Global   600      3714008      6190         0.9        0          411      1144587    9750       12137.57   7388.86

Total Statistics
Type     Time(s)  Ops          TPS(ops/s)   Net(M/s)   Get_miss   Min(us)  Max(us)    Avg(us)    Std_dev    Geo_dist  
Period   10       63115        6311         0.9        0          559      193366     9582       10896.50   7024.03
Global   600      3714008      6190         0.9        0          411      1144587    9750       12137.57   7388.86

Get Statistics (3714068 events)
   Min:       411
   Max:   1144587
   Avg:      9750
   Geo:   7388.88
   Std:  12137.46
   Log2 Dist:
       8:        0       32    14497   313371
      12:   574798   307910   2182614   278235
      16:    24836    12228     4604      883
      20:        1       59

Total Statistics (3714068 events)
   Min:       411
   Max:   1144587
   Avg:      9750
   Geo:   7388.88
   Std:  12137.46
   Log2 Dist:
       8:        0       32    14497   313371
      12:   574798   307910   2182614   278235
      16:    24836    12228     4604      883
      20:        1       59

cmd_get: 3714128
cmd_set: 61440
get_misses: 0
written_bytes: 91539896
read_bytes: 613312740
object_bytes: 8847360

Run time: 603.7s Ops: 3775568 TPS: 6254 Net_rate: 1.1M/s
