servers : 10.0.0.6:11212
threads count: 60
concurrency: 60
run time: 600s
windows size: 1k
set proportion: set_prop=0.00
get proportion: get_prop=1.00
[1;1H[2J
Get Statistics
Type     Time(s)  Ops          TPS(ops/s)   Net(M/s)   Get_miss   Min(us)  Max(us)    Avg(us)    Std_dev    Geo_dist  
Period   10       61588        6158         0.8        0          492      180610     9776       9264.53    7526.86
Global   10       61588        6158         0.8        0          492      180610     9776       9264.53    7526.86

Total Statistics
Type     Time(s)  Ops          TPS(ops/s)   Net(M/s)   Get_miss   Min(us)  Max(us)    Avg(us)    Std_dev    Geo_dist  
Period   10       61588        6158         0.8        0          492      180610     9776       9264.53    7526.86
Global   10       61588        6158         0.8        0          492      180610     9776       9264.53    7526.86

[1;1H[2J
Get Statistics
Type     Time(s)  Ops          TPS(ops/s)   Net(M/s)   Get_miss   Min(us)  Max(us)    Avg(us)    Std_dev    Geo_dist  
Period   10       61486        6148         0.8        0          462      191302     9791       10702.52   7604.77
Global   20       123074       6153         0.8        0          462      191302     9784       10008.26   7565.68

Total Statistics
Type     Time(s)  Ops          TPS(ops/s)   Net(M/s)   Get_miss   Min(us)  Max(us)    Avg(us)    Std_dev    Geo_dist  
Period   10       61486        6148         0.8        0          462      191302     9791       10702.52   7604.77
Global   20       123074       6153         0.8        0          462      191302     9784       10008.26   7565.68

[1;1H[2J
Get Statistics
Type     Time(s)  Ops          TPS(ops/s)   Net(M/s)   Get_miss   Min(us)  Max(us)    Avg(us)    Std_dev    Geo_dist  
Period   10       60213        6021         0.8        0          528      195420     10000      9955.69    7744.19
Global   30       183287       6109         0.8        0          462      195420     9855       9991.47    7623.87

Total Statistics
Type     Time(s)  Ops          TPS(ops/s)   Net(M/s)   Get_miss   Min(us)  Max(us)    Avg(us)    Std_dev    Geo_dist  
Period   10       60214        6021         0.8        0          528      195420     10000      9955.61    7744.22
Global   30       183288       6109         0.8        0          462      195420     9855       9991.44    7623.88

[1;1H[2J
Get Statistics
Type     Time(s)  Ops          TPS(ops/s)   Net(M/s)   Get_miss   Min(us)  Max(us)    Avg(us)    Std_dev    Geo_dist  
Period   10       63844        6384         0.8        0          569      197122     9437       8411.15    7439.28
Global   40       247131       6178         0.9        0          462      197122     9747       9609.90    7576.03

Total Statistics
Type     Time(s)  Ops          TPS(ops/s)   Net(M/s)   Get_miss   Min(us)  Max(us)    Avg(us)    Std_dev    Geo_dist  
Period   10       63843        6384         0.8        0          569      197122     9437       8411.30    7440.32
Global   40       247131       6178         0.9        0          462      197122     9747       9609.90    7576.03

[1;1H[2J
Get Statistics
Type     Time(s)  Ops          TPS(ops/s)   Net(M/s)   Get_miss   Min(us)  Max(us)    Avg(us)    Std_dev    Geo_dist  
Period   10       63412        6341         0.9        0          571      116065     9492       6708.75    7639.60
Global   50       310543       6210         0.9        0          462      197122     9695       9093.51    7588.97

Total Statistics
Type     Time(s)  Ops          TPS(ops/s)   Net(M/s)   Get_miss   Min(us)  Max(us)    Avg(us)    Std_dev    Geo_dist  
Period   10       63412        6341         0.9        0          571      116065     9492       6708.75    7639.60
Global   50       310543       6210         0.9        0          462      197122     9695       9093.51    7588.97

[1;1H[2J
Get Statistics
Type     Time(s)  Ops          TPS(ops/s)   Net(M/s)   Get_miss   Min(us)  Max(us)    Avg(us)    Std_dev    Geo_dist  
Period   10       60875        6087         0.9        0          618      476055     9893       15415.51   7787.77
Global   60       371418       6190         0.8        0          462      476055     9727       10397.17   7621.20

Total Statistics
Type     Time(s)  Ops          TPS(ops/s)   Net(M/s)   Get_miss   Min(us)  Max(us)    Avg(us)    Std_dev    Geo_dist  
Period   10       60875        6087         0.9        0          618      476055     9893       15415.51   7787.77
Global   60       371418       6190         0.8        0          462      476055     9727       10397.17   7621.20

[1;1H[2J
Get Statistics
Type     Time(s)  Ops          TPS(ops/s)   Net(M/s)   Get_miss   Min(us)  Max(us)    Avg(us)    Std_dev    Geo_dist  
Period   10       55777        5577         0.8        0          683      1146811    10785      37498.32   7567.46
Global   70       427195       6102         0.8        0          462      1146811    9865       16664.49   7614.16

Total Statistics
Type     Time(s)  Ops          TPS(ops/s)   Net(M/s)   Get_miss   Min(us)  Max(us)    Avg(us)    Std_dev    Geo_dist  
Period   10       55777        5577         0.8        0          683      1146811    10785      37498.32   7567.46
Global   70       427195       6102         0.8        0          462      1146811    9865       16664.49   7614.16

[1;1H[2J
Get Statistics
Type     Time(s)  Ops          TPS(ops/s)   Net(M/s)   Get_miss   Min(us)  Max(us)    Avg(us)    Std_dev    Geo_dist  
Period   10       63684        6368         0.8        0          488      135687     9467       8042.67    7459.79
Global   80       490879       6135         0.9        0          462      1146811    9814       15813.74   7593.96

Total Statistics
Type     Time(s)  Ops          TPS(ops/s)   Net(M/s)   Get_miss   Min(us)  Max(us)    Avg(us)    Std_dev    Geo_dist  
Period   10       63684        6368         0.8        0          488      135687     9467       8042.67    7459.79
Global   80       490879       6135         0.9        0          462      1146811    9814       15813.74   7593.96

[1;1H[2J
Get Statistics
Type     Time(s)  Ops          TPS(ops/s)   Net(M/s)   Get_miss   Min(us)  Max(us)    Avg(us)    Std_dev    Geo_dist  
Period   10       59150        5915         0.8        0          510      247180     10179      13433.02   7541.86
Global   90       550029       6111         0.8        0          462      1146811    9853       15575.75   7588.34

Total Statistics
Type     Time(s)  Ops          TPS(ops/s)   Net(M/s)   Get_miss   Min(us)  Max(us)    Avg(us)    Std_dev    Geo_dist  
Period   10       59150        5915         0.8        0          510      247180     10179      13433.02   7541.86
Global   90       550029       6111         0.8        0          462      1146811    9853       15575.75   7588.34

[1;1H[2J
Get Statistics
Type     Time(s)  Ops          TPS(ops/s)   Net(M/s)   Get_miss   Min(us)  Max(us)    Avg(us)    Std_dev    Geo_dist  
Period   10       64502        6450         0.8        0          511      184153     9337       7957.82    7411.41
Global   100      614531       6145         0.9        0          462      1146811    9799       14960.23   7569.57

Total Statistics
Type     Time(s)  Ops          TPS(ops/s)   Net(M/s)   Get_miss   Min(us)  Max(us)    Avg(us)    Std_dev    Geo_dist  
Period   10       64502        6450         0.8        0          511      184153     9337       7957.82    7411.41
Global   100      614531       6145         0.9        0          462      1146811    9799       14960.23   7569.57

[1;1H[2J
Get Statistics
Type     Time(s)  Ops          TPS(ops/s)   Net(M/s)   Get_miss   Min(us)  Max(us)    Avg(us)    Std_dev    Geo_dist  
Period   10       60646        6064         0.8        0          497      205587     9932       10445.07   7629.29
Global   110      675177       6137         0.8        0          462      1146811    9811       14611.82   7574.91

Total Statistics
Type     Time(s)  Ops          TPS(ops/s)   Net(M/s)   Get_miss   Min(us)  Max(us)    Avg(us)    Std_dev    Geo_dist  
Period   10       60646        6064         0.8        0          497      205587     9932       10445.07   7629.29
Global   110      675177       6137         0.8        0          462      1146811    9811       14611.82   7574.91

[1;1H[2J
Get Statistics
Type     Time(s)  Ops          TPS(ops/s)   Net(M/s)   Get_miss   Min(us)  Max(us)    Avg(us)    Std_dev    Geo_dist  
Period   10       60657        6065         0.8        0          543      142712     9921       8245.54    7806.00
Global   120      735834       6131         0.8        0          462      1146811    9820       14195.49   7593.70

Total Statistics
Type     Time(s)  Ops          TPS(ops/s)   Net(M/s)   Get_miss   Min(us)  Max(us)    Avg(us)    Std_dev    Geo_dist  
Period   10       60657        6065         0.8        0          543      142712     9921       8245.54    7806.00
Global   120      735834       6131         0.8        0          462      1146811    9820       14195.49   7593.70

[1;1H[2J
Get Statistics
Type     Time(s)  Ops          TPS(ops/s)   Net(M/s)   Get_miss   Min(us)  Max(us)    Avg(us)    Std_dev    Geo_dist  
Period   10       61615        6161         0.8        0          627      181015     9783       9031.06    7713.35
Global   130      797449       6134         0.8        0          462      1146811    9817       13865.31   7602.88

Total Statistics
Type     Time(s)  Ops          TPS(ops/s)   Net(M/s)   Get_miss   Min(us)  Max(us)    Avg(us)    Std_dev    Geo_dist  
Period   10       61615        6161         0.8        0          627      181015     9783       9031.06    7713.35
Global   130      797449       6134         0.8        0          462      1146811    9817       13865.31   7602.88

[1;1H[2J
Get Statistics
Type     Time(s)  Ops          TPS(ops/s)   Net(M/s)   Get_miss   Min(us)  Max(us)    Avg(us)    Std_dev    Geo_dist  
Period   10       60262        6026         0.8        0          559      138210     9986       8140.30    7905.23
Global   140      857711       6126         0.8        0          462      1146811    9829       13542.33   7623.74

Total Statistics
Type     Time(s)  Ops          TPS(ops/s)   Net(M/s)   Get_miss   Min(us)  Max(us)    Avg(us)    Std_dev    Geo_dist  
Period   10       60262        6026         0.8        0          559      138210     9986       8140.30    7905.23
Global   140      857711       6126         0.8        0          462      1146811    9829       13542.33   7623.74

[1;1H[2J
Get Statistics
Type     Time(s)  Ops          TPS(ops/s)   Net(M/s)   Get_miss   Min(us)  Max(us)    Avg(us)    Std_dev    Geo_dist  
Period   10       60861        6086         0.8        0          675      106922     9869       7178.77    7899.34
Global   150      918572       6123         0.8        0          462      1146811    9832       13215.57   7641.70

Total Statistics
Type     Time(s)  Ops          TPS(ops/s)   Net(M/s)   Get_miss   Min(us)  Max(us)    Avg(us)    Std_dev    Geo_dist  
Period   10       60861        6086         0.8        0          675      106922     9869       7178.77    7899.34
Global   150      918572       6123         0.8        0          462      1146811    9832       13215.57   7641.70

[1;1H[2J
Get Statistics
Type     Time(s)  Ops          TPS(ops/s)   Net(M/s)   Get_miss   Min(us)  Max(us)    Avg(us)    Std_dev    Geo_dist  
Period   10       58142        5814         0.8        0          457      356585     10390      14875.04   7920.54
Global   160      976714       6104         0.8        0          457      1146811    9865       13320.95   7658.02

Total Statistics
Type     Time(s)  Ops          TPS(ops/s)   Net(M/s)   Get_miss   Min(us)  Max(us)    Avg(us)    Std_dev    Geo_dist  
Period   10       58142        5814         0.8        0          457      356585     10390      14875.04   7920.54
Global   160      976714       6104         0.8        0          457      1146811    9865       13320.95   7658.02

[1;1H[2J
Get Statistics
Type     Time(s)  Ops          TPS(ops/s)   Net(M/s)   Get_miss   Min(us)  Max(us)    Avg(us)    Std_dev    Geo_dist  
Period   10       62268        6226         0.8        0          609      152725     9666       7408.56    7697.09
Global   170      1038982      6111         0.9        0          457      1146811    9853       13042.47   7660.36

Total Statistics
Type     Time(s)  Ops          TPS(ops/s)   Net(M/s)   Get_miss   Min(us)  Max(us)    Avg(us)    Std_dev    Geo_dist  
Period   10       62268        6226         0.8        0          609      152725     9666       7408.56    7697.09
Global   170      1038982      6111         0.9        0          457      1146811    9853       13042.47   7660.36

[1;1H[2J
Get Statistics
Type     Time(s)  Ops          TPS(ops/s)   Net(M/s)   Get_miss   Min(us)  Max(us)    Avg(us)    Std_dev    Geo_dist  
Period   10       59835        5983         0.8        0          616      177705     10073      10620.67   7662.94
Global   180      1098817      6104         0.8        0          457      1146811    9865       12922.36   7660.50

Total Statistics
Type     Time(s)  Ops          TPS(ops/s)   Net(M/s)   Get_miss   Min(us)  Max(us)    Avg(us)    Std_dev    Geo_dist  
Period   10       59835        5983         0.8        0          616      177705     10073      10620.67   7662.94
Global   180      1098817      6104         0.8        0          457      1146811    9865       12922.36   7660.50

[1;1H[2J
Get Statistics
Type     Time(s)  Ops          TPS(ops/s)   Net(M/s)   Get_miss   Min(us)  Max(us)    Avg(us)    Std_dev    Geo_dist  
Period   10       60042        6004         0.8        0          433      159531     10029      6682.86    8019.34
Global   190      1158859      6099         0.8        0          433      1146811    9873       12675.19   7678.69

Total Statistics
Type     Time(s)  Ops          TPS(ops/s)   Net(M/s)   Get_miss   Min(us)  Max(us)    Avg(us)    Std_dev    Geo_dist  
Period   10       60042        6004         0.8        0          433      159531     10029      6682.86    8019.34
Global   190      1158859      6099         0.8        0          433      1146811    9873       12675.19   7678.69

[1;1H[2J
Get Statistics
Type     Time(s)  Ops          TPS(ops/s)   Net(M/s)   Get_miss   Min(us)  Max(us)    Avg(us)    Std_dev    Geo_dist  
Period   10       61457        6145         0.8        0          641      188783     9805       9015.90    7648.34
Global   200      1220316      6101         0.8        0          433      1146811    9870       12516.19   7677.16

Total Statistics
Type     Time(s)  Ops          TPS(ops/s)   Net(M/s)   Get_miss   Min(us)  Max(us)    Avg(us)    Std_dev    Geo_dist  
Period   10       61457        6145         0.8        0          641      188783     9805       9015.90    7648.34
Global   200      1220316      6101         0.8        0          433      1146811    9870       12516.19   7677.16

[1;1H[2J
Get Statistics
Type     Time(s)  Ops          TPS(ops/s)   Net(M/s)   Get_miss   Min(us)  Max(us)    Avg(us)    Std_dev    Geo_dist  
Period   10       61320        6132         0.8        0          669      109978     9815       8099.23    7649.12
Global   210      1281636      6103         0.8        0          433      1146811    9867       12341.22   7675.81

Total Statistics
Type     Time(s)  Ops          TPS(ops/s)   Net(M/s)   Get_miss   Min(us)  Max(us)    Avg(us)    Std_dev    Geo_dist  
Period   10       61320        6132         0.8        0          669      109978     9815       8099.23    7649.12
Global   210      1281636      6103         0.8        0          433      1146811    9867       12341.22   7675.81

[1;1H[2J
Get Statistics
Type     Time(s)  Ops          TPS(ops/s)   Net(M/s)   Get_miss   Min(us)  Max(us)    Avg(us)    Std_dev    Geo_dist  
Period   10       62035        6203         0.8        0          545      185556     9711       8706.02    7563.21
Global   220      1343671      6107         0.9        0          433      1146811    9860       12197.14   7670.58

Total Statistics
Type     Time(s)  Ops          TPS(ops/s)   Net(M/s)   Get_miss   Min(us)  Max(us)    Avg(us)    Std_dev    Geo_dist  
Period   10       62036        6203         0.8        0          545      185556     9711       8705.87    7563.07
Global   220      1343672      6107         0.9        0          433      1146811    9860       12197.13   7670.57

[1;1H[2J
Get Statistics
Type     Time(s)  Ops          TPS(ops/s)   Net(M/s)   Get_miss   Min(us)  Max(us)    Avg(us)    Std_dev    Geo_dist  
Period   10       60686        6068         0.8        0          519      374779     9922       12980.36   7688.03
Global   230      1404357      6105         0.8        0          433      1146811    9863       12231.77   7671.37

Total Statistics
Type     Time(s)  Ops          TPS(ops/s)   Net(M/s)   Get_miss   Min(us)  Max(us)    Avg(us)    Std_dev    Geo_dist  
Period   10       60686        6068         0.8        0          519      374779     9922       12980.53   7686.23
Global   230      1404358      6105         0.8        0          433      1146811    9863       12231.77   7671.38

[1;1H[2J
Get Statistics
Type     Time(s)  Ops          TPS(ops/s)   Net(M/s)   Get_miss   Min(us)  Max(us)    Avg(us)    Std_dev    Geo_dist  
Period   10       60077        6007         0.8        0          589      374118     10004      13691.38   7649.44
Global   240      1464434      6101         0.8        0          433      1146811    9869       12294.92   7670.52

Total Statistics
Type     Time(s)  Ops          TPS(ops/s)   Net(M/s)   Get_miss   Min(us)  Max(us)    Avg(us)    Std_dev    Geo_dist  
Period   10       60076        6007         0.8        0          589      374118     10004      13691.49   7649.40
Global   240      1464434      6101         0.8        0          433      1146811    9869       12294.92   7670.52

[1;1H[2J
Get Statistics
Type     Time(s)  Ops          TPS(ops/s)   Net(M/s)   Get_miss   Min(us)  Max(us)    Avg(us)    Std_dev    Geo_dist  
Period   10       56509        5650         0.8        0          440      246482     10688      13062.51   7810.25
Global   250      1520943      6083         0.8        0          433      1146811    9899       12325.60   7675.67

Total Statistics
Type     Time(s)  Ops          TPS(ops/s)   Net(M/s)   Get_miss   Min(us)  Max(us)    Avg(us)    Std_dev    Geo_dist  
Period   10       56510        5651         0.8        0          440      246482     10688      13062.33   7810.17
Global   250      1520944      6083         0.8        0          433      1146811    9899       12325.60   7675.67

[1;1H[2J
Get Statistics
Type     Time(s)  Ops          TPS(ops/s)   Net(M/s)   Get_miss   Min(us)  Max(us)    Avg(us)    Std_dev    Geo_dist  
Period   10       58186        5818         0.8        0          624      190275     10345      10732.22   7949.66
Global   260      1579129      6073         0.8        0          433      1146811    9915       12271.20   7685.64

Total Statistics
Type     Time(s)  Ops          TPS(ops/s)   Net(M/s)   Get_miss   Min(us)  Max(us)    Avg(us)    Std_dev    Geo_dist  
Period   10       58185        5818         0.8        0          624      190275     10345      10732.40   7950.88
Global   260      1579129      6073         0.8        0          433      1146811    9915       12271.20   7685.64

[1;1H[2J
Get Statistics
Type     Time(s)  Ops          TPS(ops/s)   Net(M/s)   Get_miss   Min(us)  Max(us)    Avg(us)    Std_dev    Geo_dist  
Period   10       58766        5876         0.8        0          563      311870     10256      12185.05   7779.26
Global   270      1637895      6066         0.8        0          433      1146811    9928       12267.66   7688.98

Total Statistics
Type     Time(s)  Ops          TPS(ops/s)   Net(M/s)   Get_miss   Min(us)  Max(us)    Avg(us)    Std_dev    Geo_dist  
Period   10       58766        5876         0.8        0          563      311870     10256      12185.05   7779.26
Global   270      1637895      6066         0.8        0          433      1146811    9928       12267.66   7688.98

[1;1H[2J
Get Statistics
Type     Time(s)  Ops          TPS(ops/s)   Net(M/s)   Get_miss   Min(us)  Max(us)    Avg(us)    Std_dev    Geo_dist  
Period   10       58649        5864         0.8        0          638      140434     10306      8837.22    8011.83
Global   280      1696544      6059         0.8        0          433      1146811    9941       12165.47   7699.92

Total Statistics
Type     Time(s)  Ops          TPS(ops/s)   Net(M/s)   Get_miss   Min(us)  Max(us)    Avg(us)    Std_dev    Geo_dist  
Period   10       58649        5864         0.8        0          638      140434     10306      8837.22    8011.83
Global   280      1696544      6059         0.8        0          433      1146811    9941       12165.47   7699.92

[1;1H[2J
Get Statistics
Type     Time(s)  Ops          TPS(ops/s)   Net(M/s)   Get_miss   Min(us)  Max(us)    Avg(us)    Std_dev    Geo_dist  
Period   10       58259        5825         0.8        0          662      167315     10378      9029.81    8100.94
Global   290      1754803      6051         0.8        0          433      1146811    9955       12075.12   7712.91

Total Statistics
Type     Time(s)  Ops          TPS(ops/s)   Net(M/s)   Get_miss   Min(us)  Max(us)    Avg(us)    Std_dev    Geo_dist  
Period   10       58259        5825         0.8        0          662      167315     10378      9029.81    8100.94
Global   290      1754803      6051         0.8        0          433      1146811    9955       12075.12   7712.91

[1;1H[2J
Get Statistics
Type     Time(s)  Ops          TPS(ops/s)   Net(M/s)   Get_miss   Min(us)  Max(us)    Avg(us)    Std_dev    Geo_dist  
Period   10       55489        5548         0.8        0          668      442786     10898      17913.58   8198.88
Global   300      1810292      6034         0.8        0          433      1146811    9984       12296.32   7727.37

Total Statistics
Type     Time(s)  Ops          TPS(ops/s)   Net(M/s)   Get_miss   Min(us)  Max(us)    Avg(us)    Std_dev    Geo_dist  
Period   10       55489        5548         0.8        0          668      442786     10898      17913.58   8198.88
Global   300      1810292      6034         0.8        0          433      1146811    9984       12296.32   7727.37

[1;1H[2J
Get Statistics
Type     Time(s)  Ops          TPS(ops/s)   Net(M/s)   Get_miss   Min(us)  Max(us)    Avg(us)    Std_dev    Geo_dist  
Period   10       56880        5688         0.8        0          551      303065     10626      13475.70   7874.71
Global   310      1867172      6023         0.8        0          433      1146811    10004      12334.05   7731.81

Total Statistics
Type     Time(s)  Ops          TPS(ops/s)   Net(M/s)   Get_miss   Min(us)  Max(us)    Avg(us)    Std_dev    Geo_dist  
Period   10       56880        5688         0.8        0          551      303065     10626      13475.70   7874.71
Global   310      1867172      6023         0.8        0          433      1146811    10004      12334.05   7731.81

[1;1H[2J
Get Statistics
Type     Time(s)  Ops          TPS(ops/s)   Net(M/s)   Get_miss   Min(us)  Max(us)    Avg(us)    Std_dev    Geo_dist  
Period   10       60709        6070         0.8        0          567      234272     9914       11349.40   7600.23
Global   320      1927881      6024         0.8        0          433      1146811    10001      12304.39   7727.63

Total Statistics
Type     Time(s)  Ops          TPS(ops/s)   Net(M/s)   Get_miss   Min(us)  Max(us)    Avg(us)    Std_dev    Geo_dist  
Period   10       60709        6070         0.8        0          567      234272     9914       11349.40   7600.23
Global   320      1927881      6024         0.8        0          433      1146811    10001      12304.39   7727.63

[1;1H[2J
Get Statistics
Type     Time(s)  Ops          TPS(ops/s)   Net(M/s)   Get_miss   Min(us)  Max(us)    Avg(us)    Std_dev    Geo_dist  
Period   10       57776        5777         0.8        0          590      486376     10508      17172.72   8001.68
Global   330      1985657      6017         0.8        0          433      1146811    10016      12472.99   7735.47

Total Statistics
Type     Time(s)  Ops          TPS(ops/s)   Net(M/s)   Get_miss   Min(us)  Max(us)    Avg(us)    Std_dev    Geo_dist  
Period   10       57776        5777         0.8        0          590      486376     10508      17172.72   8001.68
Global   330      1985657      6017         0.8        0          433      1146811    10016      12472.99   7735.47

[1;1H[2J
Get Statistics
Type     Time(s)  Ops          TPS(ops/s)   Net(M/s)   Get_miss   Min(us)  Max(us)    Avg(us)    Std_dev    Geo_dist  
Period   10       54835        5483         0.8        0          536      248788     11035      16932.91   7870.76
Global   340      2040492      6001         0.8        0          433      1146811    10043      12614.86   7739.08

Total Statistics
Type     Time(s)  Ops          TPS(ops/s)   Net(M/s)   Get_miss   Min(us)  Max(us)    Avg(us)    Std_dev    Geo_dist  
Period   10       54835        5483         0.8        0          536      248788     11035      16932.91   7870.76
Global   340      2040492      6001         0.8        0          433      1146811    10043      12614.86   7739.08

[1;1H[2J
Get Statistics
Type     Time(s)  Ops          TPS(ops/s)   Net(M/s)   Get_miss   Min(us)  Max(us)    Avg(us)    Std_dev    Geo_dist  
Period   10       60362        6036         0.8        0          616      176209     10016      9673.56    7638.54
Global   350      2100854      6002         0.8        0          433      1146811    10042      12540.16   7736.17

Total Statistics
Type     Time(s)  Ops          TPS(ops/s)   Net(M/s)   Get_miss   Min(us)  Max(us)    Avg(us)    Std_dev    Geo_dist  
Period   10       60362        6036         0.8        0          616      176209     10016      9673.56    7638.54
Global   350      2100854      6002         0.8        0          433      1146811    10042      12540.16   7736.17

[1;1H[2J
Get Statistics
Type     Time(s)  Ops          TPS(ops/s)   Net(M/s)   Get_miss   Min(us)  Max(us)    Avg(us)    Std_dev    Geo_dist  
Period   10       57547        5754         0.8        0          534      459442     10509      17392.43   7827.99
Global   360      2158401      5995         0.8        0          433      1146811    10055      12693.40   7738.61

Total Statistics
Type     Time(s)  Ops          TPS(ops/s)   Net(M/s)   Get_miss   Min(us)  Max(us)    Avg(us)    Std_dev    Geo_dist  
Period   10       57547        5754         0.8        0          534      459442     10509      17392.43   7827.99
Global   360      2158401      5995         0.8        0          433      1146811    10055      12693.40   7738.61

[1;1H[2J
Get Statistics
Type     Time(s)  Ops          TPS(ops/s)   Net(M/s)   Get_miss   Min(us)  Max(us)    Avg(us)    Std_dev    Geo_dist  
Period   10       63409        6340         0.8        0          630      173671     9506       8659.77    7427.51
Global   370      2221810      6004         0.9        0          433      1146811    10039      12596.80   7729.55

Total Statistics
Type     Time(s)  Ops          TPS(ops/s)   Net(M/s)   Get_miss   Min(us)  Max(us)    Avg(us)    Std_dev    Geo_dist  
Period   10       63409        6340         0.8        0          630      173671     9506       8659.77    7427.51
Global   370      2221810      6004         0.9        0          433      1146811    10039      12596.80   7729.55

[1;1H[2J
Get Statistics
Type     Time(s)  Ops          TPS(ops/s)   Net(M/s)   Get_miss   Min(us)  Max(us)    Avg(us)    Std_dev    Geo_dist  
Period   10       57325        5732         0.8        0          528      201958     10508      11614.34   7947.78
Global   380      2279135      5997         0.8        0          433      1146811    10051      12573.08   7734.96

Total Statistics
Type     Time(s)  Ops          TPS(ops/s)   Net(M/s)   Get_miss   Min(us)  Max(us)    Avg(us)    Std_dev    Geo_dist  
Period   10       57325        5732         0.8        0          528      201958     10508      11614.34   7947.78
Global   380      2279135      5997         0.8        0          433      1146811    10051      12573.08   7734.96

[1;1H[2J
Get Statistics
Type     Time(s)  Ops          TPS(ops/s)   Net(M/s)   Get_miss   Min(us)  Max(us)    Avg(us)    Std_dev    Geo_dist  
Period   10       61056        6105         0.8        0          499      188162     9856       8632.78    7759.93
Global   390      2340191      6000         0.8        0          433      1146811    10046      12486.05   7735.62

Total Statistics
Type     Time(s)  Ops          TPS(ops/s)   Net(M/s)   Get_miss   Min(us)  Max(us)    Avg(us)    Std_dev    Geo_dist  
Period   10       61056        6105         0.8        0          499      188162     9856       8632.78    7759.93
Global   390      2340191      6000         0.8        0          433      1146811    10046      12486.05   7735.62

[1;1H[2J
Get Statistics
Type     Time(s)  Ops          TPS(ops/s)   Net(M/s)   Get_miss   Min(us)  Max(us)    Avg(us)    Std_dev    Geo_dist  
Period   10       58329        5832         0.8        0          561      233189     10327      13530.19   7728.99
Global   400      2398520      5996         0.8        0          433      1146811    10053      12512.41   7735.45

Total Statistics
Type     Time(s)  Ops          TPS(ops/s)   Net(M/s)   Get_miss   Min(us)  Max(us)    Avg(us)    Std_dev    Geo_dist  
Period   10       58329        5832         0.8        0          561      233189     10327      13530.19   7728.99
Global   400      2398520      5996         0.8        0          433      1146811    10053      12512.41   7735.45

[1;1H[2J
Get Statistics
Type     Time(s)  Ops          TPS(ops/s)   Net(M/s)   Get_miss   Min(us)  Max(us)    Avg(us)    Std_dev    Geo_dist  
Period   10       58991        5899         0.8        0          590      181019     9986       9374.57    7781.33
Global   410      2457511      5993         0.8        0          433      1146811    10051      12446.68   7736.55

Total Statistics
Type     Time(s)  Ops          TPS(ops/s)   Net(M/s)   Get_miss   Min(us)  Max(us)    Avg(us)    Std_dev    Geo_dist  
Period   10       58991        5899         0.8        0          590      181019     9986       9374.57    7781.33
Global   410      2457511      5993         0.8        0          433      1146811    10051      12446.68   7736.55

[1;1H[2J
Get Statistics
Type     Time(s)  Ops          TPS(ops/s)   Net(M/s)   Get_miss   Min(us)  Max(us)    Avg(us)    Std_dev    Geo_dist  
Period   10       59217        5921         0.8        0          598      295861     10397      14741.80   7748.39
Global   420      2516728      5992         0.8        0          433      1146811    10059      12505.74   7736.83

Total Statistics
Type     Time(s)  Ops          TPS(ops/s)   Net(M/s)   Get_miss   Min(us)  Max(us)    Avg(us)    Std_dev    Geo_dist  
Period   10       59217        5921         0.8        0          598      295861     10397      14741.80   7748.39
Global   420      2516728      5992         0.8        0          433      1146811    10059      12505.74   7736.83

[1;1H[2J
Get Statistics
Type     Time(s)  Ops          TPS(ops/s)   Net(M/s)   Get_miss   Min(us)  Max(us)    Avg(us)    Std_dev    Geo_dist  
Period   10       59779        5977         0.8        0          492      295083     10071      13640.52   7610.95
Global   430      2576507      5991         0.8        0          433      1146811    10059      12533.46   7733.89

Total Statistics
Type     Time(s)  Ops          TPS(ops/s)   Net(M/s)   Get_miss   Min(us)  Max(us)    Avg(us)    Std_dev    Geo_dist  
Period   10       59780        5978         0.8        0          492      295083     10070      13641.13   7610.96
Global   430      2576508      5991         0.8        0          433      1146811    10059      12533.45   7733.89

[1;1H[2J
Get Statistics
Type     Time(s)  Ops          TPS(ops/s)   Net(M/s)   Get_miss   Min(us)  Max(us)    Avg(us)    Std_dev    Geo_dist  
Period   10       56318        5631         0.8        0          593      237324     10694      13374.13   7927.94
Global   440      2632825      5983         0.8        0          433      1146811    10073      12552.03   7738.01

Total Statistics
Type     Time(s)  Ops          TPS(ops/s)   Net(M/s)   Get_miss   Min(us)  Max(us)    Avg(us)    Std_dev    Geo_dist  
Period   10       56317        5631         0.8        0          593      237324     10695      13373.52   7929.21
Global   440      2632825      5983         0.8        0          433      1146811    10073      12552.03   7738.01

[1;1H[2J
Get Statistics
Type     Time(s)  Ops          TPS(ops/s)   Net(M/s)   Get_miss   Min(us)  Max(us)    Avg(us)    Std_dev    Geo_dist  
Period   10       62089        6208         0.8        0          528      116895     9661       6880.53    7695.59
Global   450      2694914      5988         0.9        0          433      1146811    10063      12451.03   7737.03

Total Statistics
Type     Time(s)  Ops          TPS(ops/s)   Net(M/s)   Get_miss   Min(us)  Max(us)    Avg(us)    Std_dev    Geo_dist  
Period   10       62089        6208         0.8        0          528      116895     9661       6880.53    7695.59
Global   450      2694914      5988         0.9        0          433      1146811    10063      12451.03   7737.03

[1;1H[2J
Get Statistics
Type     Time(s)  Ops          TPS(ops/s)   Net(M/s)   Get_miss   Min(us)  Max(us)    Avg(us)    Std_dev    Geo_dist  
Period   10       59831        5983         0.8        0          543      179270     10046      9968.51    7734.39
Global   460      2754745      5988         0.8        0          433      1146811    10063      12402.09   7736.98

Total Statistics
Type     Time(s)  Ops          TPS(ops/s)   Net(M/s)   Get_miss   Min(us)  Max(us)    Avg(us)    Std_dev    Geo_dist  
Period   10       59831        5983         0.8        0          543      179270     10046      9968.51    7734.39
Global   460      2754745      5988         0.8        0          433      1146811    10063      12402.09   7736.98

[1;1H[2J
Get Statistics
Type     Time(s)  Ops          TPS(ops/s)   Net(M/s)   Get_miss   Min(us)  Max(us)    Avg(us)    Std_dev    Geo_dist  
Period   10       55472        5547         0.8        0          592      359205     10933      16627.84   8052.02
Global   470      2810217      5979         0.8        0          433      1146811    10080      12500.06   7743.07

Total Statistics
Type     Time(s)  Ops          TPS(ops/s)   Net(M/s)   Get_miss   Min(us)  Max(us)    Avg(us)    Std_dev    Geo_dist  
Period   10       55472        5547         0.8        0          592      359205     10933      16627.84   8052.02
Global   470      2810217      5979         0.8        0          433      1146811    10080      12500.06   7743.07

[1;1H[2J
Get Statistics
Type     Time(s)  Ops          TPS(ops/s)   Net(M/s)   Get_miss   Min(us)  Max(us)    Avg(us)    Std_dev    Geo_dist  
Period   10       56699        5669         0.8        0          572      247511     10621      12856.61   8149.55
Global   480      2866916      5972         0.8        0          433      1146811    10091      12507.19   7750.91

Total Statistics
Type     Time(s)  Ops          TPS(ops/s)   Net(M/s)   Get_miss   Min(us)  Max(us)    Avg(us)    Std_dev    Geo_dist  
Period   10       56699        5669         0.8        0          572      247511     10621      12856.61   8149.55
Global   480      2866916      5972         0.8        0          433      1146811    10091      12507.19   7750.91

[1;1H[2J
Get Statistics
Type     Time(s)  Ops          TPS(ops/s)   Net(M/s)   Get_miss   Min(us)  Max(us)    Avg(us)    Std_dev    Geo_dist  
Period   10       62620        6262         0.8        0          598      177749     9616       7899.42    7573.99
Global   490      2929536      5978         0.9        0          433      1146811    10081      12426.65   7747.09

Total Statistics
Type     Time(s)  Ops          TPS(ops/s)   Net(M/s)   Get_miss   Min(us)  Max(us)    Avg(us)    Std_dev    Geo_dist  
Period   10       62620        6262         0.8        0          598      177749     9616       7899.42    7573.99
Global   490      2929536      5978         0.9        0          433      1146811    10081      12426.65   7747.09

[1;1H[2J
Get Statistics
Type     Time(s)  Ops          TPS(ops/s)   Net(M/s)   Get_miss   Min(us)  Max(us)    Avg(us)    Std_dev    Geo_dist  
Period   10       59933        5993         0.8        0          608      194111     10040      9109.05    7893.72
Global   500      2989469      5978         0.8        0          433      1146811    10080      12369.02   7750.00

Total Statistics
Type     Time(s)  Ops          TPS(ops/s)   Net(M/s)   Get_miss   Min(us)  Max(us)    Avg(us)    Std_dev    Geo_dist  
Period   10       59933        5993         0.8        0          608      194111     10040      9109.05    7893.72
Global   500      2989469      5978         0.8        0          433      1146811    10080      12369.02   7750.00

[1;1H[2J
Get Statistics
Type     Time(s)  Ops          TPS(ops/s)   Net(M/s)   Get_miss   Min(us)  Max(us)    Avg(us)    Std_dev    Geo_dist  
Period   10       62288        6228         0.8        0          654      122210     9674       6825.25    7715.85
Global   510      3051757      5983         0.9        0          433      1146811    10072      12280.81   7749.30

Total Statistics
Type     Time(s)  Ops          TPS(ops/s)   Net(M/s)   Get_miss   Min(us)  Max(us)    Avg(us)    Std_dev    Geo_dist  
Period   10       62288        6228         0.8        0          654      122210     9674       6825.25    7715.85
Global   510      3051757      5983         0.9        0          433      1146811    10072      12280.81   7749.30

[1;1H[2J
Get Statistics
Type     Time(s)  Ops          TPS(ops/s)   Net(M/s)   Get_miss   Min(us)  Max(us)    Avg(us)    Std_dev    Geo_dist  
Period   10       60311        6031         0.8        0          556      203229     9988       11401.44   7708.94
Global   520      3112068      5984         0.8        0          433      1146811    10070      12264.68   7748.52

Total Statistics
Type     Time(s)  Ops          TPS(ops/s)   Net(M/s)   Get_miss   Min(us)  Max(us)    Avg(us)    Std_dev    Geo_dist  
Period   10       60312        6031         0.8        0          556      203229     9988       11401.34   7708.97
Global   520      3112069      5984         0.8        0          433      1146811    10070      12264.68   7748.52

[1;1H[2J
Get Statistics
Type     Time(s)  Ops          TPS(ops/s)   Net(M/s)   Get_miss   Min(us)  Max(us)    Avg(us)    Std_dev    Geo_dist  
Period   10       59091        5909         0.8        0          539      493370     10183      16860.55   7725.06
Global   530      3171159      5983         0.8        0          433      1146811    10072      12366.04   7748.10

Total Statistics
Type     Time(s)  Ops          TPS(ops/s)   Net(M/s)   Get_miss   Min(us)  Max(us)    Avg(us)    Std_dev    Geo_dist  
Period   10       59090        5909         0.8        0          539      493370     10183      16860.74   7726.23
Global   530      3171159      5983         0.8        0          433      1146811    10072      12366.04   7748.10

[1;1H[2J
Get Statistics
Type     Time(s)  Ops          TPS(ops/s)   Net(M/s)   Get_miss   Min(us)  Max(us)    Avg(us)    Std_dev    Geo_dist  
Period   10       63212        6321         0.8        0          582      109643     9530       6657.50    7634.47
Global   540      3234371      5989         0.9        0          433      1146811    10062      12279.67   7745.87

Total Statistics
Type     Time(s)  Ops          TPS(ops/s)   Net(M/s)   Get_miss   Min(us)  Max(us)    Avg(us)    Std_dev    Geo_dist  
Period   10       63212        6321         0.8        0          582      109643     9530       6657.50    7634.47
Global   540      3234371      5989         0.9        0          433      1146811    10062      12279.67   7745.87

[1;1H[2J
Get Statistics
Type     Time(s)  Ops          TPS(ops/s)   Net(M/s)   Get_miss   Min(us)  Max(us)    Avg(us)    Std_dev    Geo_dist  
Period   10       57999        5799         0.8        0          569      177852     10390      11457.17   7742.44
Global   550      3292370      5986         0.8        0          433      1146811    10067      12266.37   7745.81

Total Statistics
Type     Time(s)  Ops          TPS(ops/s)   Net(M/s)   Get_miss   Min(us)  Max(us)    Avg(us)    Std_dev    Geo_dist  
Period   10       57999        5799         0.8        0          569      177852     10390      11457.17   7742.44
Global   550      3292370      5986         0.8        0          433      1146811    10067      12266.37   7745.81

[1;1H[2J
Get Statistics
Type     Time(s)  Ops          TPS(ops/s)   Net(M/s)   Get_miss   Min(us)  Max(us)    Avg(us)    Std_dev    Geo_dist  
Period   10       61629        6162         0.8        0          546      192062     9768       9155.12    7614.56
Global   560      3353999      5989         0.8        0          433      1146811    10062      12216.01   7743.37

Total Statistics
Type     Time(s)  Ops          TPS(ops/s)   Net(M/s)   Get_miss   Min(us)  Max(us)    Avg(us)    Std_dev    Geo_dist  
Period   10       61629        6162         0.8        0          546      192062     9768       9155.12    7614.56
Global   560      3353999      5989         0.8        0          433      1146811    10062      12216.01   7743.37

[1;1H[2J
Get Statistics
Type     Time(s)  Ops          TPS(ops/s)   Net(M/s)   Get_miss   Min(us)  Max(us)    Avg(us)    Std_dev    Geo_dist  
Period   10       61882        6188         0.8        0          550      181071     9732       8233.30    7650.26
Global   570      3415881      5992         0.8        0          433      1146811    10056      12155.56   7741.68

Total Statistics
Type     Time(s)  Ops          TPS(ops/s)   Net(M/s)   Get_miss   Min(us)  Max(us)    Avg(us)    Std_dev    Geo_dist  
Period   10       61882        6188         0.8        0          550      181071     9732       8233.30    7650.26
Global   570      3415881      5992         0.8        0          433      1146811    10056      12155.56   7741.68

[1;1H[2J
Get Statistics
Type     Time(s)  Ops          TPS(ops/s)   Net(M/s)   Get_miss   Min(us)  Max(us)    Avg(us)    Std_dev    Geo_dist  
Period   10       59003        5900         0.8        0          540      378585     10206      14162.52   7724.61
Global   580      3474884      5991         0.8        0          433      1146811    10058      12192.86   7741.39

Total Statistics
Type     Time(s)  Ops          TPS(ops/s)   Net(M/s)   Get_miss   Min(us)  Max(us)    Avg(us)    Std_dev    Geo_dist  
Period   10       59003        5900         0.8        0          540      378585     10206      14162.52   7724.61
Global   580      3474884      5991         0.8        0          433      1146811    10058      12192.86   7741.39

[1;1H[2J
Get Statistics
Type     Time(s)  Ops          TPS(ops/s)   Net(M/s)   Get_miss   Min(us)  Max(us)    Avg(us)    Std_dev    Geo_dist  
Period   10       56689        5668         0.8        0          651      504929     10620      18622.65   7875.19
Global   590      3531573      5985         0.8        0          433      1146811    10067      12322.81   7743.52

Total Statistics
Type     Time(s)  Ops          TPS(ops/s)   Net(M/s)   Get_miss   Min(us)  Max(us)    Avg(us)    Std_dev    Geo_dist  
Period   10       56689        5668         0.8        0          651      504929     10620      18622.65   7875.19
Global   590      3531573      5985         0.8        0          433      1146811    10067      12322.81   7743.52

[1;1H[2J
Get Statistics
Type     Time(s)  Ops          TPS(ops/s)   Net(M/s)   Get_miss   Min(us)  Max(us)    Avg(us)    Std_dev    Geo_dist  
Period   10       58250        5825         0.8        0          491      192169     10344      11187.63   7841.01
Global   600      3589823      5983         0.8        0          433      1146811    10072      12304.87   7745.09

Total Statistics
Type     Time(s)  Ops          TPS(ops/s)   Net(M/s)   Get_miss   Min(us)  Max(us)    Avg(us)    Std_dev    Geo_dist  
Period   10       58250        5825         0.8        0          491      192169     10344      11187.63   7841.01
Global   600      3589823      5983         0.8        0          433      1146811    10072      12304.87   7745.09

Get Statistics (3589883 events)
   Min:       433
   Max:   1146811
   Avg:     10072
   Geo:   7745.26
   Std:  12305.30
   Log2 Dist:
       8:        0       17    10358   254363
      12:   529201   305340   2154129   293492
      16:    25119    12260     4677      867
      20:        3       57

Total Statistics (3589883 events)
   Min:       433
   Max:   1146811
   Avg:     10072
   Geo:   7745.26
   Std:  12305.30
   Log2 Dist:
       8:        0       17    10358   254363
      12:   529201   305340   2154129   293492
      16:    25119    12260     4677      867
      20:        3       57

cmd_get: 3589943
cmd_set: 61440
get_misses: 0
written_bytes: 88807826
read_bytes: 592822215
object_bytes: 8847360

Run time: 602.8s Ops: 3651383 TPS: 6057 Net_rate: 1.1M/s
