servers : 10.0.0.6:11212
threads count: 168
concurrency: 168
run time: 600s
windows size: 1k
set proportion: set_prop=0.00
get proportion: get_prop=1.00
[1;1H[2J
Get Statistics
Type     Time(s)  Ops          TPS(ops/s)   Net(M/s)   Get_miss   Min(us)  Max(us)    Avg(us)    Std_dev    Geo_dist  
Period   10       56206        5620         0.8        0          631      409560     29891      40277.17   15191.89
Global   10       56206        5620         0.8        0          631      409560     29891      40277.17   15191.89

Total Statistics
Type     Time(s)  Ops          TPS(ops/s)   Net(M/s)   Get_miss   Min(us)  Max(us)    Avg(us)    Std_dev    Geo_dist  
Period   10       56206        5620         0.8        0          631      409560     29891      40277.17   15191.89
Global   10       56206        5620         0.8        0          631      409560     29891      40277.17   15191.89

[1;1H[2J
Get Statistics
Type     Time(s)  Ops          TPS(ops/s)   Net(M/s)   Get_miss   Min(us)  Max(us)    Avg(us)    Std_dev    Geo_dist  
Period   10       50679        5067         0.7        0          566      234091     33252      43324.59   15165.77
Global   20       106885       5344         0.7        0          566      409560     31485      41783.05   15179.50

Total Statistics
Type     Time(s)  Ops          TPS(ops/s)   Net(M/s)   Get_miss   Min(us)  Max(us)    Avg(us)    Std_dev    Geo_dist  
Period   10       50679        5067         0.7        0          566      234091     33252      43324.59   15165.77
Global   20       106885       5344         0.7        0          566      409560     31485      41783.05   15179.50

[1;1H[2J
Get Statistics
Type     Time(s)  Ops          TPS(ops/s)   Net(M/s)   Get_miss   Min(us)  Max(us)    Avg(us)    Std_dev    Geo_dist  
Period   10       51173        5117         0.7        0          561      353189     32981      42037.09   15427.79
Global   30       158058       5268         0.7        0          561      409560     31969      41871.45   15259.44

Total Statistics
Type     Time(s)  Ops          TPS(ops/s)   Net(M/s)   Get_miss   Min(us)  Max(us)    Avg(us)    Std_dev    Geo_dist  
Period   10       51173        5117         0.7        0          561      353189     32981      42037.09   15427.79
Global   30       158058       5268         0.7        0          561      409560     31969      41871.45   15259.44

[1;1H[2J
Get Statistics
Type     Time(s)  Ops          TPS(ops/s)   Net(M/s)   Get_miss   Min(us)  Max(us)    Avg(us)    Std_dev    Geo_dist  
Period   10       47492        4749         0.7        0          621      326793     35504      47680.14   15637.57
Global   40       205550       5138         0.7        0          561      409560     32786      43308.18   15345.99

Total Statistics
Type     Time(s)  Ops          TPS(ops/s)   Net(M/s)   Get_miss   Min(us)  Max(us)    Avg(us)    Std_dev    Geo_dist  
Period   10       47492        4749         0.7        0          621      326793     35504      47680.14   15637.57
Global   40       205550       5138         0.7        0          561      409560     32786      43308.18   15345.99

[1;1H[2J
Get Statistics
Type     Time(s)  Ops          TPS(ops/s)   Net(M/s)   Get_miss   Min(us)  Max(us)    Avg(us)    Std_dev    Geo_dist  
Period   10       49563        4956         0.7        0          614      201528     34006      43713.40   15526.64
Global   50       255113       5102         0.7        0          561      409560     33023      43389.81   15380.92

Total Statistics
Type     Time(s)  Ops          TPS(ops/s)   Net(M/s)   Get_miss   Min(us)  Max(us)    Avg(us)    Std_dev    Geo_dist  
Period   10       49564        4956         0.7        0          614      201528     34006      43712.73   15526.58
Global   50       255114       5102         0.7        0          561      409560     33023      43389.69   15380.91

[1;1H[2J
Get Statistics
Type     Time(s)  Ops          TPS(ops/s)   Net(M/s)   Get_miss   Min(us)  Max(us)    Avg(us)    Std_dev    Geo_dist  
Period   10       47572        4757         0.7        0          575      289491     35497      43964.95   16497.42
Global   60       302685       5044         0.7        0          561      409560     33412      43489.83   15551.74

Total Statistics
Type     Time(s)  Ops          TPS(ops/s)   Net(M/s)   Get_miss   Min(us)  Max(us)    Avg(us)    Std_dev    Geo_dist  
Period   10       47571        4757         0.7        0          575      289491     35497      43965.71   16500.79
Global   60       302685       5044         0.7        0          561      409560     33412      43489.83   15551.74

[1;1H[2J
Get Statistics
Type     Time(s)  Ops          TPS(ops/s)   Net(M/s)   Get_miss   Min(us)  Max(us)    Avg(us)    Std_dev    Geo_dist  
Period   10       51515        5151         0.7        0          586      188236     32695      40184.88   15300.90
Global   70       354200       5060         0.7        0          561      409560     33308      43025.41   15515.01

Total Statistics
Type     Time(s)  Ops          TPS(ops/s)   Net(M/s)   Get_miss   Min(us)  Max(us)    Avg(us)    Std_dev    Geo_dist  
Period   10       51515        5151         0.7        0          586      188236     32695      40184.88   15300.90
Global   70       354200       5060         0.7        0          561      409560     33308      43025.41   15515.01

[1;1H[2J
Get Statistics
Type     Time(s)  Ops          TPS(ops/s)   Net(M/s)   Get_miss   Min(us)  Max(us)    Avg(us)    Std_dev    Geo_dist  
Period   10       49893        4989         0.7        0          644      228821     33849      44923.20   15080.83
Global   80       404093       5051         0.7        0          561      409560     33374      43265.16   15460.73

Total Statistics
Type     Time(s)  Ops          TPS(ops/s)   Net(M/s)   Get_miss   Min(us)  Max(us)    Avg(us)    Std_dev    Geo_dist  
Period   10       49893        4989         0.7        0          644      228821     33849      44923.20   15080.83
Global   80       404093       5051         0.7        0          561      409560     33374      43265.16   15460.73

[1;1H[2J
Get Statistics
Type     Time(s)  Ops          TPS(ops/s)   Net(M/s)   Get_miss   Min(us)  Max(us)    Avg(us)    Std_dev    Geo_dist  
Period   10       48530        4853         0.7        0          577      443534     34758      49262.50   15245.57
Global   90       452623       5029         0.7        0          561      443534     33523      43948.94   15437.52

Total Statistics
Type     Time(s)  Ops          TPS(ops/s)   Net(M/s)   Get_miss   Min(us)  Max(us)    Avg(us)    Std_dev    Geo_dist  
Period   10       48530        4853         0.7        0          577      443534     34758      49262.50   15245.57
Global   90       452623       5029         0.7        0          561      443534     33523      43948.94   15437.52

[1;1H[2J
Get Statistics
Type     Time(s)  Ops          TPS(ops/s)   Net(M/s)   Get_miss   Min(us)  Max(us)    Avg(us)    Std_dev    Geo_dist  
Period   10       49861        4986         0.7        0          629      292016     33836      41558.21   16146.41
Global   100      502484       5024         0.7        0          561      443534     33554      43717.66   15506.44

Total Statistics
Type     Time(s)  Ops          TPS(ops/s)   Net(M/s)   Get_miss   Min(us)  Max(us)    Avg(us)    Std_dev    Geo_dist  
Period   10       49861        4986         0.7        0          629      292016     33836      41558.21   16146.41
Global   100      502484       5024         0.7        0          561      443534     33554      43717.66   15506.44

[1;1H[2J
Get Statistics
Type     Time(s)  Ops          TPS(ops/s)   Net(M/s)   Get_miss   Min(us)  Max(us)    Avg(us)    Std_dev    Geo_dist  
Period   10       51337        5133         0.7        0          603      213564     32834      42574.30   14969.19
Global   110      553821       5034         0.7        0          561      443534     33487      43613.60   15455.84

Total Statistics
Type     Time(s)  Ops          TPS(ops/s)   Net(M/s)   Get_miss   Min(us)  Max(us)    Avg(us)    Std_dev    Geo_dist  
Period   10       51337        5133         0.7        0          603      213564     32834      42574.30   14969.19
Global   110      553821       5034         0.7        0          561      443534     33487      43613.60   15455.84

[1;1H[2J
Get Statistics
Type     Time(s)  Ops          TPS(ops/s)   Net(M/s)   Get_miss   Min(us)  Max(us)    Avg(us)    Std_dev    Geo_dist  
Period   10       48101        4810         0.7        0          495      370272     35161      47266.91   15674.05
Global   120      601922       5016         0.7        0          495      443534     33621      43918.85   15473.17

Total Statistics
Type     Time(s)  Ops          TPS(ops/s)   Net(M/s)   Get_miss   Min(us)  Max(us)    Avg(us)    Std_dev    Geo_dist  
Period   10       48101        4810         0.7        0          495      370272     35161      47266.91   15674.05
Global   120      601922       5016         0.7        0          495      443534     33621      43918.85   15473.17

[1;1H[2J
Get Statistics
Type     Time(s)  Ops          TPS(ops/s)   Net(M/s)   Get_miss   Min(us)  Max(us)    Avg(us)    Std_dev    Geo_dist  
Period   10       49487        4948         0.7        0          616      277654     34241      43592.07   15881.61
Global   130      651409       5010         0.7        0          495      443534     33668      43894.46   15503.82

Total Statistics
Type     Time(s)  Ops          TPS(ops/s)   Net(M/s)   Get_miss   Min(us)  Max(us)    Avg(us)    Std_dev    Geo_dist  
Period   10       49487        4948         0.7        0          616      277654     34241      43592.07   15881.61
Global   130      651409       5010         0.7        0          495      443534     33668      43894.46   15503.82

[1;1H[2J
Get Statistics
Type     Time(s)  Ops          TPS(ops/s)   Net(M/s)   Get_miss   Min(us)  Max(us)    Avg(us)    Std_dev    Geo_dist  
Period   10       49295        4929         0.7        0          543      337528     34176      47839.59   14494.19
Global   140      700704       5005         0.7        0          495      443534     33704      44183.48   15430.55

Total Statistics
Type     Time(s)  Ops          TPS(ops/s)   Net(M/s)   Get_miss   Min(us)  Max(us)    Avg(us)    Std_dev    Geo_dist  
Period   10       49295        4929         0.7        0          543      337528     34175      47840.12   14491.17
Global   140      700704       5005         0.7        0          495      443534     33704      44183.48   15430.55

[1;1H[2J
Get Statistics
Type     Time(s)  Ops          TPS(ops/s)   Net(M/s)   Get_miss   Min(us)  Max(us)    Avg(us)    Std_dev    Geo_dist  
Period   10       49519        4951         0.7        0          621      386286     34353      46642.21   15367.12
Global   150      750223       5001         0.7        0          495      443534     33747      44350.11   15426.36

Total Statistics
Type     Time(s)  Ops          TPS(ops/s)   Net(M/s)   Get_miss   Min(us)  Max(us)    Avg(us)    Std_dev    Geo_dist  
Period   10       49519        4951         0.7        0          621      386286     34353      46642.21   15367.12
Global   150      750223       5001         0.7        0          495      443534     33747      44350.11   15426.36

[1;1H[2J
Get Statistics
Type     Time(s)  Ops          TPS(ops/s)   Net(M/s)   Get_miss   Min(us)  Max(us)    Avg(us)    Std_dev    Geo_dist  
Period   10       49537        4953         0.7        0          653      252890     34175      40768.61   16520.14
Global   160      799760       4998         0.7        0          495      443534     33773      44137.20   15491.95

Total Statistics
Type     Time(s)  Ops          TPS(ops/s)   Net(M/s)   Get_miss   Min(us)  Max(us)    Avg(us)    Std_dev    Geo_dist  
Period   10       49537        4953         0.7        0          653      252890     34175      40768.61   16520.14
Global   160      799760       4998         0.7        0          495      443534     33773      44137.20   15491.95

[1;1H[2J
Get Statistics
Type     Time(s)  Ops          TPS(ops/s)   Net(M/s)   Get_miss   Min(us)  Max(us)    Avg(us)    Std_dev    Geo_dist  
Period   10       49767        4976         0.7        0          629      292038     34042      43771.62   15492.16
Global   170      849527       4997         0.7        0          495      443534     33789      44115.70   15491.96

Total Statistics
Type     Time(s)  Ops          TPS(ops/s)   Net(M/s)   Get_miss   Min(us)  Max(us)    Avg(us)    Std_dev    Geo_dist  
Period   10       49767        4976         0.7        0          629      292038     34042      43771.62   15492.16
Global   170      849527       4997         0.7        0          495      443534     33789      44115.70   15491.96

[1;1H[2J
Get Statistics
Type     Time(s)  Ops          TPS(ops/s)   Net(M/s)   Get_miss   Min(us)  Max(us)    Avg(us)    Std_dev    Geo_dist  
Period   10       49173        4917         0.7        0          567      340599     34425      45286.14   15349.98
Global   180      898700       4992         0.7        0          495      443534     33824      44180.60   15484.16

Total Statistics
Type     Time(s)  Ops          TPS(ops/s)   Net(M/s)   Get_miss   Min(us)  Max(us)    Avg(us)    Std_dev    Geo_dist  
Period   10       49174        4917         0.7        0          567      340599     34425      45285.75   15350.27
Global   180      898701       4992         0.7        0          495      443534     33824      44180.58   15484.18

[1;1H[2J
Get Statistics
Type     Time(s)  Ops          TPS(ops/s)   Net(M/s)   Get_miss   Min(us)  Max(us)    Avg(us)    Std_dev    Geo_dist  
Period   10       49565        4956         0.7        0          569      245203     34150      43848.88   15550.72
Global   190      948265       4990         0.7        0          495      443534     33841      44163.41   15487.80

Total Statistics
Type     Time(s)  Ops          TPS(ops/s)   Net(M/s)   Get_miss   Min(us)  Max(us)    Avg(us)    Std_dev    Geo_dist  
Period   10       49564        4956         0.7        0          569      245203     34150      43849.26   15550.44
Global   190      948265       4990         0.7        0          495      443534     33841      44163.41   15487.80

[1;1H[2J
Get Statistics
Type     Time(s)  Ops          TPS(ops/s)   Net(M/s)   Get_miss   Min(us)  Max(us)    Avg(us)    Std_dev    Geo_dist  
Period   10       49273        4927         0.7        0          671      573530     34397      51810.04   15016.18
Global   200      997538       4987         0.7        0          495      573530     33868      44572.41   15464.17

Total Statistics
Type     Time(s)  Ops          TPS(ops/s)   Net(M/s)   Get_miss   Min(us)  Max(us)    Avg(us)    Std_dev    Geo_dist  
Period   10       49273        4927         0.7        0          671      573530     34397      51810.04   15016.18
Global   200      997538       4987         0.7        0          495      573530     33868      44572.41   15464.17

[1;1H[2J
Get Statistics
Type     Time(s)  Ops          TPS(ops/s)   Net(M/s)   Get_miss   Min(us)  Max(us)    Avg(us)    Std_dev    Geo_dist  
Period   10       45263        4526         0.7        0          552      511715     37392      51905.25   17266.17
Global   210      1042801      4965         0.6        0          495      573530     34021      44921.23   15538.33

Total Statistics
Type     Time(s)  Ops          TPS(ops/s)   Net(M/s)   Get_miss   Min(us)  Max(us)    Avg(us)    Std_dev    Geo_dist  
Period   10       45263        4526         0.7        0          552      511715     37392      51905.25   17266.17
Global   210      1042801      4965         0.6        0          495      573530     34021      44921.23   15538.33

[1;1H[2J
Get Statistics
Type     Time(s)  Ops          TPS(ops/s)   Net(M/s)   Get_miss   Min(us)  Max(us)    Avg(us)    Std_dev    Geo_dist  
Period   10       48121        4812         0.7        0          613      316356     35204      46267.45   15930.66
Global   220      1090922      4958         0.7        0          495      573530     34073      44982.24   15555.43

Total Statistics
Type     Time(s)  Ops          TPS(ops/s)   Net(M/s)   Get_miss   Min(us)  Max(us)    Avg(us)    Std_dev    Geo_dist  
Period   10       48121        4812         0.7        0          613      316356     35204      46267.45   15930.66
Global   220      1090922      4958         0.7        0          495      573530     34073      44982.24   15555.43

[1;1H[2J
Get Statistics
Type     Time(s)  Ops          TPS(ops/s)   Net(M/s)   Get_miss   Min(us)  Max(us)    Avg(us)    Std_dev    Geo_dist  
Period   10       51339        5133         0.7        0          539      194437     32819      43447.14   14674.05
Global   230      1142261      4966         0.7        0          495      573530     34017      44914.83   15514.70

Total Statistics
Type     Time(s)  Ops          TPS(ops/s)   Net(M/s)   Get_miss   Min(us)  Max(us)    Avg(us)    Std_dev    Geo_dist  
Period   10       51339        5133         0.7        0          539      194437     32819      43447.14   14674.05
Global   230      1142261      4966         0.7        0          495      573530     34017      44914.83   15514.70

[1;1H[2J
Get Statistics
Type     Time(s)  Ops          TPS(ops/s)   Net(M/s)   Get_miss   Min(us)  Max(us)    Avg(us)    Std_dev    Geo_dist  
Period   10       46710        4671         0.7        0          620      420795     36097      54696.64   15007.56
Global   240      1188971      4954         0.6        0          495      573530     34099      45340.52   15494.46

Total Statistics
Type     Time(s)  Ops          TPS(ops/s)   Net(M/s)   Get_miss   Min(us)  Max(us)    Avg(us)    Std_dev    Geo_dist  
Period   10       46710        4671         0.7        0          620      420795     36097      54696.64   15007.56
Global   240      1188971      4954         0.6        0          495      573530     34099      45340.52   15494.46

[1;1H[2J
Get Statistics
Type     Time(s)  Ops          TPS(ops/s)   Net(M/s)   Get_miss   Min(us)  Max(us)    Avg(us)    Std_dev    Geo_dist  
Period   10       50382        5038         0.7        0          613      238941     33464      41714.72   15708.57
Global   250      1239353      4957         0.7        0          495      573530     34073      45199.09   15503.10

Total Statistics
Type     Time(s)  Ops          TPS(ops/s)   Net(M/s)   Get_miss   Min(us)  Max(us)    Avg(us)    Std_dev    Geo_dist  
Period   10       50382        5038         0.7        0          613      238941     33464      41714.72   15708.57
Global   250      1239353      4957         0.7        0          495      573530     34073      45199.09   15503.10

[1;1H[2J
Get Statistics
Type     Time(s)  Ops          TPS(ops/s)   Net(M/s)   Get_miss   Min(us)  Max(us)    Avg(us)    Std_dev    Geo_dist  
Period   10       50417        5041         0.7        0          565      525669     33486      47592.86   15076.16
Global   260      1289770      4960         0.7        0          495      573530     34050      45295.21   15486.19

Total Statistics
Type     Time(s)  Ops          TPS(ops/s)   Net(M/s)   Get_miss   Min(us)  Max(us)    Avg(us)    Std_dev    Geo_dist  
Period   10       50417        5041         0.7        0          565      525669     33486      47592.86   15076.16
Global   260      1289770      4960         0.7        0          495      573530     34050      45295.21   15486.19

[1;1H[2J
Get Statistics
Type     Time(s)  Ops          TPS(ops/s)   Net(M/s)   Get_miss   Min(us)  Max(us)    Avg(us)    Std_dev    Geo_dist  
Period   10       48190        4819         0.7        0          552      309150     34949      44528.01   16458.13
Global   270      1337960      4955         0.7        0          495      573530     34082      45268.38   15520.18

Total Statistics
Type     Time(s)  Ops          TPS(ops/s)   Net(M/s)   Get_miss   Min(us)  Max(us)    Avg(us)    Std_dev    Geo_dist  
Period   10       48190        4819         0.7        0          552      309150     34949      44528.01   16458.13
Global   270      1337960      4955         0.7        0          495      573530     34082      45268.38   15520.18

[1;1H[2J
Get Statistics
Type     Time(s)  Ops          TPS(ops/s)   Net(M/s)   Get_miss   Min(us)  Max(us)    Avg(us)    Std_dev    Geo_dist  
Period   10       46739        4673         0.7        0          600      328197     36160      42395.25   17878.96
Global   280      1384699      4945         0.6        0          495      573530     34152      45176.03   15594.48

Total Statistics
Type     Time(s)  Ops          TPS(ops/s)   Net(M/s)   Get_miss   Min(us)  Max(us)    Avg(us)    Std_dev    Geo_dist  
Period   10       46739        4673         0.7        0          600      328197     36160      42395.25   17878.96
Global   280      1384699      4945         0.6        0          495      573530     34152      45176.03   15594.48

[1;1H[2J
Get Statistics
Type     Time(s)  Ops          TPS(ops/s)   Net(M/s)   Get_miss   Min(us)  Max(us)    Avg(us)    Std_dev    Geo_dist  
Period   10       50195        5019         0.7        0          667      432866     33690      45124.64   15502.85
Global   290      1434894      4947         0.7        0          495      573530     34136      45174.17   15591.26

Total Statistics
Type     Time(s)  Ops          TPS(ops/s)   Net(M/s)   Get_miss   Min(us)  Max(us)    Avg(us)    Std_dev    Geo_dist  
Period   10       50195        5019         0.7        0          667      432866     33690      45124.64   15502.85
Global   290      1434894      4947         0.7        0          495      573530     34136      45174.17   15591.26

[1;1H[2J
Get Statistics
Type     Time(s)  Ops          TPS(ops/s)   Net(M/s)   Get_miss   Min(us)  Max(us)    Avg(us)    Std_dev    Geo_dist  
Period   10       51457        5145         0.7        0          697      172024     32730      36721.51   16369.89
Global   300      1486351      4954         0.7        0          495      573530     34088      44908.35   15617.59

Total Statistics
Type     Time(s)  Ops          TPS(ops/s)   Net(M/s)   Get_miss   Min(us)  Max(us)    Avg(us)    Std_dev    Geo_dist  
Period   10       51458        5145         0.7        0          697      172024     32730      36720.89   16369.66
Global   300      1486352      4954         0.7        0          495      573530     34088      44908.33   15617.58

[1;1H[2J
Get Statistics
Type     Time(s)  Ops          TPS(ops/s)   Net(M/s)   Get_miss   Min(us)  Max(us)    Avg(us)    Std_dev    Geo_dist  
Period   10       51259        5125         0.7        0          647      246093     32935      40350.87   15562.23
Global   310      1537610      4960         0.7        0          495      573530     34049      44764.79   15615.83

Total Statistics
Type     Time(s)  Ops          TPS(ops/s)   Net(M/s)   Get_miss   Min(us)  Max(us)    Avg(us)    Std_dev    Geo_dist  
Period   10       51258        5125         0.7        0          647      246093     32935      40351.53   15565.16
Global   310      1537610      4960         0.7        0          495      573530     34049      44764.79   15615.83

[1;1H[2J
Get Statistics
Type     Time(s)  Ops          TPS(ops/s)   Net(M/s)   Get_miss   Min(us)  Max(us)    Avg(us)    Std_dev    Geo_dist  
Period   10       51129        5112         0.7        0          560      279271     33029      40105.65   15855.69
Global   320      1588739      4964         0.7        0          495      573530     34016      44622.91   15623.49

Total Statistics
Type     Time(s)  Ops          TPS(ops/s)   Net(M/s)   Get_miss   Min(us)  Max(us)    Avg(us)    Std_dev    Geo_dist  
Period   10       51129        5112         0.7        0          560      279271     33029      40105.65   15855.69
Global   320      1588739      4964         0.7        0          495      573530     34016      44622.91   15623.49

[1;1H[2J
Get Statistics
Type     Time(s)  Ops          TPS(ops/s)   Net(M/s)   Get_miss   Min(us)  Max(us)    Avg(us)    Std_dev    Geo_dist  
Period   10       46924        4692         0.7        0          570      331419     35907      43037.83   17308.80
Global   330      1635663      4956         0.6        0          495      573530     34071      44578.76   15669.47

Total Statistics
Type     Time(s)  Ops          TPS(ops/s)   Net(M/s)   Get_miss   Min(us)  Max(us)    Avg(us)    Std_dev    Geo_dist  
Period   10       46924        4692         0.7        0          570      331419     35907      43037.83   17308.80
Global   330      1635663      4956         0.6        0          495      573530     34071      44578.76   15669.47

[1;1H[2J
Get Statistics
Type     Time(s)  Ops          TPS(ops/s)   Net(M/s)   Get_miss   Min(us)  Max(us)    Avg(us)    Std_dev    Geo_dist  
Period   10       51742        5174         0.7        0          608      244822     32413      39751.94   15811.37
Global   340      1687405      4962         0.7        0          495      573530     34020      44439.57   15673.81

Total Statistics
Type     Time(s)  Ops          TPS(ops/s)   Net(M/s)   Get_miss   Min(us)  Max(us)    Avg(us)    Std_dev    Geo_dist  
Period   10       51742        5174         0.7        0          608      244822     32413      39751.94   15811.37
Global   340      1687405      4962         0.7        0          495      573530     34020      44439.57   15673.81

[1;1H[2J
Get Statistics
Type     Time(s)  Ops          TPS(ops/s)   Net(M/s)   Get_miss   Min(us)  Max(us)    Avg(us)    Std_dev    Geo_dist  
Period   10       49426        4942         0.7        0          707      307326     34320      45189.12   15729.33
Global   350      1736831      4962         0.7        0          495      573530     34028      44461.50   15675.38

Total Statistics
Type     Time(s)  Ops          TPS(ops/s)   Net(M/s)   Get_miss   Min(us)  Max(us)    Avg(us)    Std_dev    Geo_dist  
Period   10       49426        4942         0.7        0          707      307326     34320      45189.12   15729.33
Global   350      1736831      4962         0.7        0          495      573530     34028      44461.50   15675.38

[1;1H[2J
Get Statistics
Type     Time(s)  Ops          TPS(ops/s)   Net(M/s)   Get_miss   Min(us)  Max(us)    Avg(us)    Std_dev    Geo_dist  
Period   10       49459        4945         0.7        0          606      445503     34091      48188.68   15344.39
Global   360      1786290      4961         0.7        0          495      573530     34030      44568.69   15666.12

Total Statistics
Type     Time(s)  Ops          TPS(ops/s)   Net(M/s)   Get_miss   Min(us)  Max(us)    Avg(us)    Std_dev    Geo_dist  
Period   10       49459        4945         0.7        0          606      445503     34091      48188.68   15344.39
Global   360      1786290      4961         0.7        0          495      573530     34030      44568.69   15666.12

[1;1H[2J
Get Statistics
Type     Time(s)  Ops          TPS(ops/s)   Net(M/s)   Get_miss   Min(us)  Max(us)    Avg(us)    Std_dev    Geo_dist  
Period   10       51432        5143         0.7        0          613      298669     32791      42171.70   15192.21
Global   370      1837722      4966         0.7        0          495      573530     33995      44504.07   15652.66

Total Statistics
Type     Time(s)  Ops          TPS(ops/s)   Net(M/s)   Get_miss   Min(us)  Max(us)    Avg(us)    Std_dev    Geo_dist  
Period   10       51432        5143         0.7        0          613      298669     32791      42171.70   15192.21
Global   370      1837722      4966         0.7        0          495      573530     33995      44504.07   15652.66

[1;1H[2J
Get Statistics
Type     Time(s)  Ops          TPS(ops/s)   Net(M/s)   Get_miss   Min(us)  Max(us)    Avg(us)    Std_dev    Geo_dist  
Period   10       47863        4786         0.7        0          657      759078     35221      52556.02   16087.91
Global   380      1885585      4962         0.7        0          495      759078     34026      44726.88   15663.56

Total Statistics
Type     Time(s)  Ops          TPS(ops/s)   Net(M/s)   Get_miss   Min(us)  Max(us)    Avg(us)    Std_dev    Geo_dist  
Period   10       47863        4786         0.7        0          657      759078     35221      52556.02   16087.91
Global   380      1885585      4962         0.7        0          495      759078     34026      44726.88   15663.56

[1;1H[2J
Get Statistics
Type     Time(s)  Ops          TPS(ops/s)   Net(M/s)   Get_miss   Min(us)  Max(us)    Avg(us)    Std_dev    Geo_dist  
Period   10       49531        4953         0.7        0          501      323213     34029      42660.60   16326.48
Global   390      1935116      4961         0.7        0          495      759078     34027      44674.47   15680.19

Total Statistics
Type     Time(s)  Ops          TPS(ops/s)   Net(M/s)   Get_miss   Min(us)  Max(us)    Avg(us)    Std_dev    Geo_dist  
Period   10       49531        4953         0.7        0          501      323213     34029      42660.60   16326.48
Global   390      1935116      4961         0.7        0          495      759078     34027      44674.47   15680.19

[1;1H[2J
Get Statistics
Type     Time(s)  Ops          TPS(ops/s)   Net(M/s)   Get_miss   Min(us)  Max(us)    Avg(us)    Std_dev    Geo_dist  
Period   10       47007        4700         0.7        0          601      744724     35951      60558.78   15381.02
Global   400      1982123      4955         0.6        0          495      759078     34072      45117.37   15673.03

Total Statistics
Type     Time(s)  Ops          TPS(ops/s)   Net(M/s)   Get_miss   Min(us)  Max(us)    Avg(us)    Std_dev    Geo_dist  
Period   10       47007        4700         0.7        0          601      744724     35951      60558.78   15381.02
Global   400      1982123      4955         0.6        0          495      759078     34072      45117.37   15673.03

[1;1H[2J
Get Statistics
Type     Time(s)  Ops          TPS(ops/s)   Net(M/s)   Get_miss   Min(us)  Max(us)    Avg(us)    Std_dev    Geo_dist  
Period   10       49615        4961         0.7        0          590      544919     33952      50506.19   15116.43
Global   410      2031738      4955         0.7        0          495      759078     34069      45256.65   15659.20

Total Statistics
Type     Time(s)  Ops          TPS(ops/s)   Net(M/s)   Get_miss   Min(us)  Max(us)    Avg(us)    Std_dev    Geo_dist  
Period   10       49615        4961         0.7        0          590      544919     33952      50506.19   15116.43
Global   410      2031738      4955         0.7        0          495      759078     34069      45256.65   15659.20

[1;1H[2J
Get Statistics
Type     Time(s)  Ops          TPS(ops/s)   Net(M/s)   Get_miss   Min(us)  Max(us)    Avg(us)    Std_dev    Geo_dist  
Period   10       49343        4934         0.7        0          600      565709     34190      47919.19   16458.90
Global   420      2081081      4954         0.7        0          495      759078     34072      45321.48   15677.70

Total Statistics
Type     Time(s)  Ops          TPS(ops/s)   Net(M/s)   Get_miss   Min(us)  Max(us)    Avg(us)    Std_dev    Geo_dist  
Period   10       49343        4934         0.7        0          600      565709     34190      47919.19   16458.90
Global   420      2081081      4954         0.7        0          495      759078     34072      45321.48   15677.70

[1;1H[2J
Get Statistics
Type     Time(s)  Ops          TPS(ops/s)   Net(M/s)   Get_miss   Min(us)  Max(us)    Avg(us)    Std_dev    Geo_dist  
Period   10       49524        4952         0.7        0          590      330821     34040      44721.21   15795.51
Global   430      2130605      4954         0.7        0          495      759078     34071      45307.80   15680.43

Total Statistics
Type     Time(s)  Ops          TPS(ops/s)   Net(M/s)   Get_miss   Min(us)  Max(us)    Avg(us)    Std_dev    Geo_dist  
Period   10       49524        4952         0.7        0          590      330821     34040      44721.21   15795.51
Global   430      2130605      4954         0.7        0          495      759078     34071      45307.80   15680.43

[1;1H[2J
Get Statistics
Type     Time(s)  Ops          TPS(ops/s)   Net(M/s)   Get_miss   Min(us)  Max(us)    Avg(us)    Std_dev    Geo_dist  
Period   10       49377        4937         0.7        0          511      284646     34203      41970.33   16182.71
Global   440      2179982      4954         0.7        0          495      759078     34074      45234.92   15691.63

Total Statistics
Type     Time(s)  Ops          TPS(ops/s)   Net(M/s)   Get_miss   Min(us)  Max(us)    Avg(us)    Std_dev    Geo_dist  
Period   10       49377        4937         0.7        0          511      284646     34203      41970.33   16182.71
Global   440      2179982      4954         0.7        0          495      759078     34074      45234.92   15691.63

[1;1H[2J
Get Statistics
Type     Time(s)  Ops          TPS(ops/s)   Net(M/s)   Get_miss   Min(us)  Max(us)    Avg(us)    Std_dev    Geo_dist  
Period   10       50066        5006         0.7        0          572      275786     33681      41011.82   16344.00
Global   450      2230048      4955         0.7        0          495      759078     34065      45144.61   15705.99

Total Statistics
Type     Time(s)  Ops          TPS(ops/s)   Net(M/s)   Get_miss   Min(us)  Max(us)    Avg(us)    Std_dev    Geo_dist  
Period   10       50066        5006         0.7        0          572      275786     33681      41011.82   16344.00
Global   450      2230048      4955         0.7        0          495      759078     34065      45144.61   15705.99

[1;1H[2J
Get Statistics
Type     Time(s)  Ops          TPS(ops/s)   Net(M/s)   Get_miss   Min(us)  Max(us)    Avg(us)    Std_dev    Geo_dist  
Period   10       51685        5168         0.7        0          635      291608     32595      39832.40   15913.09
Global   460      2281733      4960         0.7        0          495      759078     34032      45031.51   15710.65

Total Statistics
Type     Time(s)  Ops          TPS(ops/s)   Net(M/s)   Get_miss   Min(us)  Max(us)    Avg(us)    Std_dev    Geo_dist  
Period   10       51685        5168         0.7        0          635      291608     32595      39832.40   15913.09
Global   460      2281733      4960         0.7        0          495      759078     34032      45031.51   15710.65

[1;1H[2J
Get Statistics
Type     Time(s)  Ops          TPS(ops/s)   Net(M/s)   Get_miss   Min(us)  Max(us)    Avg(us)    Std_dev    Geo_dist  
Period   10       50630        5063         0.7        0          595      256058     33328      41516.51   15806.59
Global   470      2332363      4962         0.7        0          495      759078     34017      44958.02   15712.72

Total Statistics
Type     Time(s)  Ops          TPS(ops/s)   Net(M/s)   Get_miss   Min(us)  Max(us)    Avg(us)    Std_dev    Geo_dist  
Period   10       50630        5063         0.7        0          595      256058     33328      41516.51   15806.59
Global   470      2332363      4962         0.7        0          495      759078     34017      44958.02   15712.72

[1;1H[2J
Get Statistics
Type     Time(s)  Ops          TPS(ops/s)   Net(M/s)   Get_miss   Min(us)  Max(us)    Avg(us)    Std_dev    Geo_dist  
Period   10       50226        5022         0.7        0          488      220885     33540      37103.80   16803.71
Global   480      2382589      4963         0.7        0          488      759078     34007      44806.66   15734.98

Total Statistics
Type     Time(s)  Ops          TPS(ops/s)   Net(M/s)   Get_miss   Min(us)  Max(us)    Avg(us)    Std_dev    Geo_dist  
Period   10       50226        5022         0.7        0          488      220885     33540      37103.80   16803.71
Global   480      2382589      4963         0.7        0          488      759078     34007      44806.66   15734.98

[1;1H[2J
Get Statistics
Type     Time(s)  Ops          TPS(ops/s)   Net(M/s)   Get_miss   Min(us)  Max(us)    Avg(us)    Std_dev    Geo_dist  
Period   10       48122        4812         0.7        0          606      352815     35085      45681.35   16752.74
Global   490      2430711      4960         0.7        0          488      759078     34028      44824.65   15754.51

Total Statistics
Type     Time(s)  Ops          TPS(ops/s)   Net(M/s)   Get_miss   Min(us)  Max(us)    Avg(us)    Std_dev    Geo_dist  
Period   10       48122        4812         0.7        0          606      352815     35085      45681.35   16752.74
Global   490      2430711      4960         0.7        0          488      759078     34028      44824.65   15754.51

[1;1H[2J
Get Statistics
Type     Time(s)  Ops          TPS(ops/s)   Net(M/s)   Get_miss   Min(us)  Max(us)    Avg(us)    Std_dev    Geo_dist  
Period   10       51570        5157         0.7        0          637      278732     32729      42591.89   15036.25
Global   500      2482281      4964         0.7        0          488      759078     34001      44779.78   15739.25

Total Statistics
Type     Time(s)  Ops          TPS(ops/s)   Net(M/s)   Get_miss   Min(us)  Max(us)    Avg(us)    Std_dev    Geo_dist  
Period   10       51570        5157         0.7        0          637      278732     32729      42591.89   15036.25
Global   500      2482281      4964         0.7        0          488      759078     34001      44779.78   15739.25

[1;1H[2J
Get Statistics
Type     Time(s)  Ops          TPS(ops/s)   Net(M/s)   Get_miss   Min(us)  Max(us)    Avg(us)    Std_dev    Geo_dist  
Period   10       48479        4847         0.7        0          674      567798     34765      52727.33   15456.35
Global   510      2530760      4962         0.7        0          488      759078     34016      44945.06   15733.78

Total Statistics
Type     Time(s)  Ops          TPS(ops/s)   Net(M/s)   Get_miss   Min(us)  Max(us)    Avg(us)    Std_dev    Geo_dist  
Period   10       48480        4848         0.7        0          674      567798     34764      52727.21   15455.61
Global   510      2530761      4962         0.7        0          488      759078     34016      44945.05   15733.76

[1;1H[2J
Get Statistics
Type     Time(s)  Ops          TPS(ops/s)   Net(M/s)   Get_miss   Min(us)  Max(us)    Avg(us)    Std_dev    Geo_dist  
Period   10       50422        5042         0.7        0          593      280411     33462      44713.13   15412.64
Global   520      2581182      4963         0.7        0          488      759078     34005      44940.73   15727.49

Total Statistics
Type     Time(s)  Ops          TPS(ops/s)   Net(M/s)   Get_miss   Min(us)  Max(us)    Avg(us)    Std_dev    Geo_dist  
Period   10       50421        5042         0.7        0          593      280411     33462      44713.82   15415.58
Global   520      2581182      4963         0.7        0          488      759078     34005      44940.73   15727.49

[1;1H[2J
Get Statistics
Type     Time(s)  Ops          TPS(ops/s)   Net(M/s)   Get_miss   Min(us)  Max(us)    Avg(us)    Std_dev    Geo_dist  
Period   10       43658        4365         0.7        0          596      434400     38476      56808.59   16768.09
Global   530      2624840      4952         0.6        0          488      759078     34079      45167.52   15744.25

Total Statistics
Type     Time(s)  Ops          TPS(ops/s)   Net(M/s)   Get_miss   Min(us)  Max(us)    Avg(us)    Std_dev    Geo_dist  
Period   10       43658        4365         0.7        0          596      434400     38476      56808.59   16768.09
Global   530      2624840      4952         0.6        0          488      759078     34079      45167.52   15744.25

[1;1H[2J
Get Statistics
Type     Time(s)  Ops          TPS(ops/s)   Net(M/s)   Get_miss   Min(us)  Max(us)    Avg(us)    Std_dev    Geo_dist  
Period   10       50699        5069         0.7        0          644      329423     33365      42578.72   15706.98
Global   540      2675539      4954         0.7        0          488      759078     34066      45119.54   15743.55

Total Statistics
Type     Time(s)  Ops          TPS(ops/s)   Net(M/s)   Get_miss   Min(us)  Max(us)    Avg(us)    Std_dev    Geo_dist  
Period   10       50699        5069         0.7        0          644      329423     33365      42578.72   15706.98
Global   540      2675539      4954         0.7        0          488      759078     34066      45119.54   15743.55

[1;1H[2J
Get Statistics
Type     Time(s)  Ops          TPS(ops/s)   Net(M/s)   Get_miss   Min(us)  Max(us)    Avg(us)    Std_dev    Geo_dist  
Period   10       50867        5086         0.7        0          609      258212     33123      40793.81   15583.93
Global   550      2726406      4957         0.7        0          488      759078     34048      45043.12   15740.55

Total Statistics
Type     Time(s)  Ops          TPS(ops/s)   Net(M/s)   Get_miss   Min(us)  Max(us)    Avg(us)    Std_dev    Geo_dist  
Period   10       50867        5086         0.7        0          609      258212     33123      40793.81   15583.93
Global   550      2726406      4957         0.7        0          488      759078     34048      45043.12   15740.55

[1;1H[2J
Get Statistics
Type     Time(s)  Ops          TPS(ops/s)   Net(M/s)   Get_miss   Min(us)  Max(us)    Avg(us)    Std_dev    Geo_dist  
Period   10       50415        5041         0.7        0          585      204800     33506      42785.89   15438.11
Global   560      2776821      4958         0.7        0          488      759078     34038      45003.32   15735.01

Total Statistics
Type     Time(s)  Ops          TPS(ops/s)   Net(M/s)   Get_miss   Min(us)  Max(us)    Avg(us)    Std_dev    Geo_dist  
Period   10       50415        5041         0.7        0          585      204800     33506      42785.89   15438.11
Global   560      2776821      4958         0.7        0          488      759078     34038      45003.32   15735.01

[1;1H[2J
Get Statistics
Type     Time(s)  Ops          TPS(ops/s)   Net(M/s)   Get_miss   Min(us)  Max(us)    Avg(us)    Std_dev    Geo_dist  
Period   10       49428        4942         0.7        0          642      411409     34112      43163.74   16317.65
Global   570      2826249      4958         0.7        0          488      759078     34040      44971.25   15745.02

Total Statistics
Type     Time(s)  Ops          TPS(ops/s)   Net(M/s)   Get_miss   Min(us)  Max(us)    Avg(us)    Std_dev    Geo_dist  
Period   10       49428        4942         0.7        0          642      411409     34112      43163.74   16317.65
Global   570      2826249      4958         0.7        0          488      759078     34040      44971.25   15745.02

[1;1H[2J
Get Statistics
Type     Time(s)  Ops          TPS(ops/s)   Net(M/s)   Get_miss   Min(us)  Max(us)    Avg(us)    Std_dev    Geo_dist  
Period   10       50554        5055         0.7        0          629      254989     33332      37433.32   16560.70
Global   580      2876803      4960         0.7        0          488      759078     34027      44850.24   15759.00

Total Statistics
Type     Time(s)  Ops          TPS(ops/s)   Net(M/s)   Get_miss   Min(us)  Max(us)    Avg(us)    Std_dev    Geo_dist  
Period   10       50554        5055         0.7        0          629      254989     33332      37433.32   16560.70
Global   580      2876803      4960         0.7        0          488      759078     34027      44850.24   15759.00

[1;1H[2J
Get Statistics
Type     Time(s)  Ops          TPS(ops/s)   Net(M/s)   Get_miss   Min(us)  Max(us)    Avg(us)    Std_dev    Geo_dist  
Period   10       47031        4703         0.7        0          558      311471     35908      46013.51   16496.78
Global   590      2923834      4955         0.6        0          488      759078     34058      44869.24   15770.60

Total Statistics
Type     Time(s)  Ops          TPS(ops/s)   Net(M/s)   Get_miss   Min(us)  Max(us)    Avg(us)    Std_dev    Geo_dist  
Period   10       47031        4703         0.7        0          558      311471     35908      46013.51   16496.78
Global   590      2923834      4955         0.6        0          488      759078     34058      44869.24   15770.60

[1;1H[2J
Get Statistics
Type     Time(s)  Ops          TPS(ops/s)   Net(M/s)   Get_miss   Min(us)  Max(us)    Avg(us)    Std_dev    Geo_dist  
Period   10       46036        4603         0.7        0          487      460217     36629      52638.38   15889.08
Global   600      2969870      4949         0.6        0          487      759078     34097      45001.66   15772.43

Total Statistics
Type     Time(s)  Ops          TPS(ops/s)   Net(M/s)   Get_miss   Min(us)  Max(us)    Avg(us)    Std_dev    Geo_dist  
Period   10       46036        4603         0.7        0          487      460217     36629      52638.38   15889.08
Global   600      2969870      4949         0.6        0          487      759078     34097      45001.66   15772.43

Get Statistics (2970038 events)
   Min:       487
   Max:    759078
   Avg:     34100
   Geo:  15773.57
   Std:  45003.29
   Log2 Dist:
       8:        0        5    12720   198761
      12:   266385   176940   1134955   377886
      16:   191271   532178    70922     7289
      20:      726

Total Statistics (2970038 events)
   Min:       487
   Max:    759078
   Avg:     34100
   Geo:  15773.57
   Std:  45003.29
   Log2 Dist:
       8:        0        5    12720   198761
      12:   266385   176940   1134955   377886
      16:   191271   532178    70922     7289
      20:      726

cmd_get: 2970206
cmd_set: 172032
get_misses: 0
written_bytes: 92865956
read_bytes: 491432526
object_bytes: 24772608

Run time: 602.9s Ops: 3142238 TPS: 5212 Net_rate: 0.9M/s
