servers : 10.0.0.6:11212
threads count: 120
concurrency: 120
run time: 360s
windows size: 1k
set proportion: set_prop=0.00
get proportion: get_prop=1.00
[1;1H[2J
Get Statistics
Type     Time(s)  Ops          TPS(ops/s)   Net(M/s)   Get_miss   Min(us)  Max(us)    Avg(us)    Std_dev    Geo_dist  
Period   10       75127        7512         1.0        0          665      207170     16022      11458.67   14064.89
Global   10       75127        7512         1.0        0          665      207170     16022      11458.67   14064.89

Total Statistics
Type     Time(s)  Ops          TPS(ops/s)   Net(M/s)   Get_miss   Min(us)  Max(us)    Avg(us)    Std_dev    Geo_dist  
Period   10       75127        7512         1.0        0          665      207170     16022      11458.67   14064.89
Global   10       75127        7512         1.0        0          665      207170     16022      11458.67   14064.89

[1;1H[2J
Get Statistics
Type     Time(s)  Ops          TPS(ops/s)   Net(M/s)   Get_miss   Min(us)  Max(us)    Avg(us)    Std_dev    Geo_dist  
Period   10       73050        7305         1.0        0          711      192485     16495      14359.74   14233.47
Global   20       148177       7408         1.0        0          665      207170     16255      12972.57   14147.75

Total Statistics
Type     Time(s)  Ops          TPS(ops/s)   Net(M/s)   Get_miss   Min(us)  Max(us)    Avg(us)    Std_dev    Geo_dist  
Period   10       73051        7305         1.0        0          711      192485     16494      14360.75   14233.46
Global   20       148178       7408         1.0        0          665      207170     16255      12972.51   14147.75

[1;1H[2J
Get Statistics
Type     Time(s)  Ops          TPS(ops/s)   Net(M/s)   Get_miss   Min(us)  Max(us)    Avg(us)    Std_dev    Geo_dist  
Period   10       65933        6593         1.0        0          797      1109919    18144      47855.44   14371.60
Global   30       214110       7137         0.9        0          665      1109919    16837      28678.13   14216.94

Total Statistics
Type     Time(s)  Ops          TPS(ops/s)   Net(M/s)   Get_miss   Min(us)  Max(us)    Avg(us)    Std_dev    Geo_dist  
Period   10       65932        6593         1.0        0          797      1109919    18144      47855.83   14371.64
Global   30       214110       7137         0.9        0          665      1109919    16837      28678.13   14216.94

[1;1H[2J
Get Statistics
Type     Time(s)  Ops          TPS(ops/s)   Net(M/s)   Get_miss   Min(us)  Max(us)    Avg(us)    Std_dev    Geo_dist  
Period   10       50603        5060         0.9        0          661      3254847    23171      103892.17  15231.29
Global   40       264713       6617         0.7        0          661      3254847    18048      52294.36   14405.48

Total Statistics
Type     Time(s)  Ops          TPS(ops/s)   Net(M/s)   Get_miss   Min(us)  Max(us)    Avg(us)    Std_dev    Geo_dist  
Period   10       50603        5060         0.9        0          661      3254847    23171      103892.17  15231.29
Global   40       264713       6617         0.7        0          661      3254847    18048      52294.36   14405.48

[1;1H[2J
Get Statistics
Type     Time(s)  Ops          TPS(ops/s)   Net(M/s)   Get_miss   Min(us)  Max(us)    Avg(us)    Std_dev    Geo_dist  
Period   10       68606        6860         0.9        0          872      4042139    18104      51567.69   14428.87
Global   50       333319       6666         0.9        0          661      4042139    18059      52145.73   14410.29

Total Statistics
Type     Time(s)  Ops          TPS(ops/s)   Net(M/s)   Get_miss   Min(us)  Max(us)    Avg(us)    Std_dev    Geo_dist  
Period   10       68606        6860         0.9        0          872      4042139    18104      51567.69   14428.87
Global   50       333319       6666         0.9        0          661      4042139    18059      52145.73   14410.29

[1;1H[2J
Get Statistics
Type     Time(s)  Ops          TPS(ops/s)   Net(M/s)   Get_miss   Min(us)  Max(us)    Avg(us)    Std_dev    Geo_dist  
Period   10       62108        6210         0.9        0          752      397686     17578      19038.56   14718.39
Global   60       395427       6590         0.9        0          661      4042139    17984      48466.77   14458.25

Total Statistics
Type     Time(s)  Ops          TPS(ops/s)   Net(M/s)   Get_miss   Min(us)  Max(us)    Avg(us)    Std_dev    Geo_dist  
Period   10       62108        6210         0.9        0          752      397686     17578      19038.56   14718.39
Global   60       395427       6590         0.9        0          661      4042139    17984      48466.77   14458.25

[1;1H[2J
Get Statistics
Type     Time(s)  Ops          TPS(ops/s)   Net(M/s)   Get_miss   Min(us)  Max(us)    Avg(us)    Std_dev    Geo_dist  
Period   10       60666        6066         0.9        0          954      2843041    21850      76740.77   14751.76
Global   70       456093       6515         0.8        0          661      4042139    18498      53118.99   14496.95

Total Statistics
Type     Time(s)  Ops          TPS(ops/s)   Net(M/s)   Get_miss   Min(us)  Max(us)    Avg(us)    Std_dev    Geo_dist  
Period   10       60666        6066         0.9        0          954      2843041    21850      76740.77   14751.76
Global   70       456093       6515         0.8        0          661      4042139    18498      53118.99   14496.95

[1;1H[2J
Get Statistics
Type     Time(s)  Ops          TPS(ops/s)   Net(M/s)   Get_miss   Min(us)  Max(us)    Avg(us)    Std_dev    Geo_dist  
Period   10       56536        5653         0.9        0          728      686042     21300      32543.13   17086.74
Global   80       512629       6407         0.8        0          661      4042139    18807      51264.11   14762.14

Total Statistics
Type     Time(s)  Ops          TPS(ops/s)   Net(M/s)   Get_miss   Min(us)  Max(us)    Avg(us)    Std_dev    Geo_dist  
Period   10       56536        5653         0.9        0          728      686042     21300      32543.13   17086.74
Global   80       512629       6407         0.8        0          661      4042139    18807      51264.11   14762.14

[1;1H[2J
Get Statistics
Type     Time(s)  Ops          TPS(ops/s)   Net(M/s)   Get_miss   Min(us)  Max(us)    Avg(us)    Std_dev    Geo_dist  
Period   10       65488        6548         0.9        0          911      375463     18397      22272.41   15111.56
Global   90       578117       6423         0.9        0          661      4042139    18760      48852.25   14801.31

Total Statistics
Type     Time(s)  Ops          TPS(ops/s)   Net(M/s)   Get_miss   Min(us)  Max(us)    Avg(us)    Std_dev    Geo_dist  
Period   10       65488        6548         0.9        0          911      375463     18397      22272.41   15111.56
Global   90       578117       6423         0.9        0          661      4042139    18760      48852.25   14801.31

[1;1H[2J
Get Statistics
Type     Time(s)  Ops          TPS(ops/s)   Net(M/s)   Get_miss   Min(us)  Max(us)    Avg(us)    Std_dev    Geo_dist  
Period   10       52535        5253         0.9        0          753      2750230    21067      86078.56   14658.22
Global   100      630652       6306         0.7        0          661      4042139    18953      52965.40   14789.34

Total Statistics
Type     Time(s)  Ops          TPS(ops/s)   Net(M/s)   Get_miss   Min(us)  Max(us)    Avg(us)    Std_dev    Geo_dist  
Period   10       52535        5253         0.9        0          753      2750230    21067      86078.56   14658.22
Global   100      630652       6306         0.7        0          661      4042139    18953      52965.40   14789.34

[1;1H[2J
Get Statistics
Type     Time(s)  Ops          TPS(ops/s)   Net(M/s)   Get_miss   Min(us)  Max(us)    Avg(us)    Std_dev    Geo_dist  
Period   10       59420        5942         0.9        0          759      6445674    21916      129577.45  14500.77
Global   110      690072       6273         0.8        0          661      6445674    19208      63326.23   14764.27

Total Statistics
Type     Time(s)  Ops          TPS(ops/s)   Net(M/s)   Get_miss   Min(us)  Max(us)    Avg(us)    Std_dev    Geo_dist  
Period   10       59420        5942         0.9        0          759      6445674    21916      129577.45  14500.77
Global   110      690072       6273         0.8        0          661      6445674    19208      63326.23   14764.27

[1;1H[2J
Get Statistics
Type     Time(s)  Ops          TPS(ops/s)   Net(M/s)   Get_miss   Min(us)  Max(us)    Avg(us)    Std_dev    Geo_dist  
Period   10       66160        6616         0.9        0          662      1001998    18208      30310.45   14476.09
Global   120      756232       6301         0.9        0          661      6445674    19120      61154.28   14738.83

Total Statistics
Type     Time(s)  Ops          TPS(ops/s)   Net(M/s)   Get_miss   Min(us)  Max(us)    Avg(us)    Std_dev    Geo_dist  
Period   10       66160        6616         0.9        0          662      1001998    18208      30310.45   14476.09
Global   120      756232       6301         0.9        0          661      6445674    19120      61154.28   14738.83

[1;1H[2J
Get Statistics
Type     Time(s)  Ops          TPS(ops/s)   Net(M/s)   Get_miss   Min(us)  Max(us)    Avg(us)    Std_dev    Geo_dist  
Period   10       42576        4257         0.8        0          644      1580588    28211      99327.76   15974.25
Global   130      798808       6144         0.6        0          644      6445674    19605      63800.53   14802.20

Total Statistics
Type     Time(s)  Ops          TPS(ops/s)   Net(M/s)   Get_miss   Min(us)  Max(us)    Avg(us)    Std_dev    Geo_dist  
Period   10       42576        4257         0.8        0          644      1580588    28211      99327.76   15974.25
Global   130      798808       6144         0.6        0          644      6445674    19605      63800.53   14802.20

[1;1H[2J
Get Statistics
Type     Time(s)  Ops          TPS(ops/s)   Net(M/s)   Get_miss   Min(us)  Max(us)    Avg(us)    Std_dev    Geo_dist  
Period   10       63490        6349         0.8        0          1289     1381915    18965      29379.51   15382.08
Global   140      862298       6159         0.9        0          644      6445674    19558      61922.33   14844.14

Total Statistics
Type     Time(s)  Ops          TPS(ops/s)   Net(M/s)   Get_miss   Min(us)  Max(us)    Avg(us)    Std_dev    Geo_dist  
Period   10       63490        6349         0.8        0          1289     1381915    18965      29379.51   15382.08
Global   140      862298       6159         0.9        0          644      6445674    19558      61922.33   14844.14

[1;1H[2J
Get Statistics
Type     Time(s)  Ops          TPS(ops/s)   Net(M/s)   Get_miss   Min(us)  Max(us)    Avg(us)    Std_dev    Geo_dist  
Period   10       56653        5665         0.8        0          855      349416     17434      21817.36   14566.64
Global   150      918951       6126         0.8        0          644      6445674    19427      60229.52   14826.88

Total Statistics
Type     Time(s)  Ops          TPS(ops/s)   Net(M/s)   Get_miss   Min(us)  Max(us)    Avg(us)    Std_dev    Geo_dist  
Period   10       56653        5665         0.8        0          855      349416     17434      21817.36   14566.64
Global   150      918951       6126         0.8        0          644      6445674    19427      60229.52   14826.88

[1;1H[2J
Get Statistics
Type     Time(s)  Ops          TPS(ops/s)   Net(M/s)   Get_miss   Min(us)  Max(us)    Avg(us)    Std_dev    Geo_dist  
Period   10       69764        6976         0.8        0          573      4283313    20437      100345.55  14093.99
Global   160      988715       6179         1.0        0          573      6445674    19498      63891.99   14773.94

Total Statistics
Type     Time(s)  Ops          TPS(ops/s)   Net(M/s)   Get_miss   Min(us)  Max(us)    Avg(us)    Std_dev    Geo_dist  
Period   10       69765        6976         0.8        0          573      4283313    20437      100344.83  14094.06
Global   160      988716       6179         1.0        0          573      6445674    19498      63891.96   14773.94

[1;1H[2J
Get Statistics
Type     Time(s)  Ops          TPS(ops/s)   Net(M/s)   Get_miss   Min(us)  Max(us)    Avg(us)    Std_dev    Geo_dist  
Period   10       67473        6747         0.9        0          852      215622     17848      18875.63   14766.99
Global   170      1056188      6212         0.9        0          573      6445674    19393      62002.50   14773.63

Total Statistics
Type     Time(s)  Ops          TPS(ops/s)   Net(M/s)   Get_miss   Min(us)  Max(us)    Avg(us)    Std_dev    Geo_dist  
Period   10       67472        6747         0.9        0          852      215622     17848      18875.83   14767.03
Global   170      1056188      6212         0.9        0          573      6445674    19393      62002.50   14773.63

[1;1H[2J
Get Statistics
Type     Time(s)  Ops          TPS(ops/s)   Net(M/s)   Get_miss   Min(us)  Max(us)    Avg(us)    Std_dev    Geo_dist  
Period   10       49570        4957         0.8        0          847      2289305    24306      112306.67  15652.46
Global   180      1105758      6143         0.7        0          573      6445674    19613      65103.18   14811.95

Total Statistics
Type     Time(s)  Ops          TPS(ops/s)   Net(M/s)   Get_miss   Min(us)  Max(us)    Avg(us)    Std_dev    Geo_dist  
Period   10       49571        4957         0.8        0          847      2289305    24306      112305.52  15652.52
Global   180      1105759      6143         0.7        0          573      6445674    19613      65103.15   14811.95

[1;1H[2J
Get Statistics
Type     Time(s)  Ops          TPS(ops/s)   Net(M/s)   Get_miss   Min(us)  Max(us)    Avg(us)    Std_dev    Geo_dist  
Period   10       53808        5380         0.8        0          826      2668646    22395      82051.55   15404.74
Global   190      1159566      6102         0.7        0          573      6445674    19742      65988.61   14839.07

Total Statistics
Type     Time(s)  Ops          TPS(ops/s)   Net(M/s)   Get_miss   Min(us)  Max(us)    Avg(us)    Std_dev    Geo_dist  
Period   10       53807        5380         0.8        0          826      2668646    22396      82052.09   15407.50
Global   190      1159566      6102         0.7        0          573      6445674    19742      65988.61   14839.07

[1;1H[2J
Get Statistics
Type     Time(s)  Ops          TPS(ops/s)   Net(M/s)   Get_miss   Min(us)  Max(us)    Avg(us)    Std_dev    Geo_dist  
Period   10       64838        6483         0.8        0          603      476605     18551      26343.21   14851.76
Global   200      1224404      6122         0.9        0          573      6445674    19679      64503.66   14839.74

Total Statistics
Type     Time(s)  Ops          TPS(ops/s)   Net(M/s)   Get_miss   Min(us)  Max(us)    Avg(us)    Std_dev    Geo_dist  
Period   10       64838        6483         0.8        0          603      476605     18551      26343.21   14851.76
Global   200      1224404      6122         0.9        0          573      6445674    19679      64503.66   14839.74

[1;1H[2J
Get Statistics
Type     Time(s)  Ops          TPS(ops/s)   Net(M/s)   Get_miss   Min(us)  Max(us)    Avg(us)    Std_dev    Geo_dist  
Period   10       59797        5979         0.8        0          775      1240043    20173      35272.74   15718.04
Global   210      1284201      6115         0.8        0          573      6445674    19702      63442.31   14879.53

Total Statistics
Type     Time(s)  Ops          TPS(ops/s)   Net(M/s)   Get_miss   Min(us)  Max(us)    Avg(us)    Std_dev    Geo_dist  
Period   10       59797        5979         0.8        0          775      1240043    20173      35272.74   15718.04
Global   210      1284201      6115         0.8        0          573      6445674    19702      63442.31   14879.53

[1;1H[2J
Get Statistics
Type     Time(s)  Ops          TPS(ops/s)   Net(M/s)   Get_miss   Min(us)  Max(us)    Avg(us)    Std_dev    Geo_dist  
Period   10       64265        6426         0.8        0          628      904399     18753      31901.59   14561.57
Global   220      1348466      6129         0.9        0          573      6445674    19657      62302.81   14864.22

Total Statistics
Type     Time(s)  Ops          TPS(ops/s)   Net(M/s)   Get_miss   Min(us)  Max(us)    Avg(us)    Std_dev    Geo_dist  
Period   10       64265        6426         0.8        0          628      904399     18753      31901.59   14561.57
Global   220      1348466      6129         0.9        0          573      6445674    19657      62302.81   14864.22

[1;1H[2J
Get Statistics
Type     Time(s)  Ops          TPS(ops/s)   Net(M/s)   Get_miss   Min(us)  Max(us)    Avg(us)    Std_dev    Geo_dist  
Period   10       64516        6451         0.8        0          718      1126323    18673      36598.94   14841.05
Global   230      1412982      6143         0.9        0          573      6445674    19612      61364.57   14863.16

Total Statistics
Type     Time(s)  Ops          TPS(ops/s)   Net(M/s)   Get_miss   Min(us)  Max(us)    Avg(us)    Std_dev    Geo_dist  
Period   10       64516        6451         0.8        0          718      1126323    18673      36598.92   14838.89
Global   230      1412982      6143         0.9        0          573      6445674    19612      61364.57   14863.16

[1;1H[2J
Get Statistics
Type     Time(s)  Ops          TPS(ops/s)   Net(M/s)   Get_miss   Min(us)  Max(us)    Avg(us)    Std_dev    Geo_dist  
Period   10       55431        5543         0.8        0          1019     699367     21428      45134.76   15217.08
Global   240      1468413      6118         0.8        0          573      6445674    19680      60831.76   14876.37

Total Statistics
Type     Time(s)  Ops          TPS(ops/s)   Net(M/s)   Get_miss   Min(us)  Max(us)    Avg(us)    Std_dev    Geo_dist  
Period   10       55431        5543         0.8        0          1019     699367     21428      45134.76   15217.08
Global   240      1468413      6118         0.8        0          573      6445674    19680      60831.76   14876.37

[1;1H[2J
Get Statistics
Type     Time(s)  Ops          TPS(ops/s)   Net(M/s)   Get_miss   Min(us)  Max(us)    Avg(us)    Std_dev    Geo_dist  
Period   10       58844        5884         0.8        0          613      1222077    20758      50451.76   14777.98
Global   250      1527257      6109         0.8        0          573      6445674    19722      60465.03   14872.57

Total Statistics
Type     Time(s)  Ops          TPS(ops/s)   Net(M/s)   Get_miss   Min(us)  Max(us)    Avg(us)    Std_dev    Geo_dist  
Period   10       58844        5884         0.8        0          613      1222077    20758      50451.76   14777.98
Global   250      1527257      6109         0.8        0          573      6445674    19722      60465.03   14872.57

[1;1H[2J
Get Statistics
Type     Time(s)  Ops          TPS(ops/s)   Net(M/s)   Get_miss   Min(us)  Max(us)    Avg(us)    Std_dev    Geo_dist  
Period   10       56798        5679         0.8        0          624      1282112    20132      62430.74   14661.87
Global   260      1584055      6092         0.8        0          573      6445674    19737      60536.55   14864.96

Total Statistics
Type     Time(s)  Ops          TPS(ops/s)   Net(M/s)   Get_miss   Min(us)  Max(us)    Avg(us)    Std_dev    Geo_dist  
Period   10       56798        5679         0.8        0          624      1282112    20132      62430.74   14661.87
Global   260      1584055      6092         0.8        0          573      6445674    19737      60536.55   14864.96

[1;1H[2J
Get Statistics
Type     Time(s)  Ops          TPS(ops/s)   Net(M/s)   Get_miss   Min(us)  Max(us)    Avg(us)    Std_dev    Geo_dist  
Period   10       58501        5850         0.8        0          780      1243191    19167      56166.24   14368.80
Global   270      1642556      6083         0.8        0          573      6445674    19716      60386.63   14847.00

Total Statistics
Type     Time(s)  Ops          TPS(ops/s)   Net(M/s)   Get_miss   Min(us)  Max(us)    Avg(us)    Std_dev    Geo_dist  
Period   10       58501        5850         0.8        0          780      1243191    19167      56166.24   14368.80
Global   270      1642556      6083         0.8        0          573      6445674    19716      60386.63   14847.00

[1;1H[2J
Get Statistics
Type     Time(s)  Ops          TPS(ops/s)   Net(M/s)   Get_miss   Min(us)  Max(us)    Avg(us)    Std_dev    Geo_dist  
Period   10       63529        6352         0.8        0          952      3018383    21248      73556.70   15007.27
Global   280      1706085      6093         0.9        0          573      6445674    19773      60928.77   14852.94

Total Statistics
Type     Time(s)  Ops          TPS(ops/s)   Net(M/s)   Get_miss   Min(us)  Max(us)    Avg(us)    Std_dev    Geo_dist  
Period   10       63529        6352         0.8        0          952      3018383    21248      73556.70   15007.27
Global   280      1706085      6093         0.9        0          573      6445674    19773      60928.77   14852.94

[1;1H[2J
Get Statistics
Type     Time(s)  Ops          TPS(ops/s)   Net(M/s)   Get_miss   Min(us)  Max(us)    Avg(us)    Std_dev    Geo_dist  
Period   10       59689        5968         0.8        0          809      973772     20182      41587.64   15050.30
Global   290      1765774      6088         0.8        0          573      6445674    19787      60376.22   14859.56

Total Statistics
Type     Time(s)  Ops          TPS(ops/s)   Net(M/s)   Get_miss   Min(us)  Max(us)    Avg(us)    Std_dev    Geo_dist  
Period   10       59689        5968         0.8        0          809      973772     20182      41587.64   15050.30
Global   290      1765774      6088         0.8        0          573      6445674    19787      60376.22   14859.56

[1;1H[2J
Get Statistics
Type     Time(s)  Ops          TPS(ops/s)   Net(M/s)   Get_miss   Min(us)  Max(us)    Avg(us)    Std_dev    Geo_dist  
Period   10       67952        6795         0.8        0          421      1037178    17734      30508.25   13962.30
Global   300      1833726      6112         0.9        0          421      6445674    19711      59538.58   14825.31

Total Statistics
Type     Time(s)  Ops          TPS(ops/s)   Net(M/s)   Get_miss   Min(us)  Max(us)    Avg(us)    Std_dev    Geo_dist  
Period   10       67952        6795         0.8        0          421      1037178    17734      30508.25   13962.30
Global   300      1833726      6112         0.9        0          421      6445674    19711      59538.58   14825.31

[1;1H[2J
Get Statistics
Type     Time(s)  Ops          TPS(ops/s)   Net(M/s)   Get_miss   Min(us)  Max(us)    Avg(us)    Std_dev    Geo_dist  
Period   10       56926        5692         0.8        0          770      1469153    20516      65851.44   14761.67
Global   310      1890652      6098         0.8        0          421      6445674    19735      59738.62   14823.39

Total Statistics
Type     Time(s)  Ops          TPS(ops/s)   Net(M/s)   Get_miss   Min(us)  Max(us)    Avg(us)    Std_dev    Geo_dist  
Period   10       56926        5692         0.8        0          770      1469153    20516      65851.44   14761.67
Global   310      1890652      6098         0.8        0          421      6445674    19735      59738.62   14823.39

[1;1H[2J
Get Statistics
Type     Time(s)  Ops          TPS(ops/s)   Net(M/s)   Get_miss   Min(us)  Max(us)    Avg(us)    Std_dev    Geo_dist  
Period   10       63176        6317         0.8        0          672      877839     19658      45407.12   14442.16
Global   320      1953828      6105         0.9        0          421      6445674    19733      59329.23   14810.91

Total Statistics
Type     Time(s)  Ops          TPS(ops/s)   Net(M/s)   Get_miss   Min(us)  Max(us)    Avg(us)    Std_dev    Geo_dist  
Period   10       63176        6317         0.8        0          672      877839     19658      45407.12   14442.16
Global   320      1953828      6105         0.9        0          421      6445674    19733      59329.23   14810.91

[1;1H[2J
Get Statistics
Type     Time(s)  Ops          TPS(ops/s)   Net(M/s)   Get_miss   Min(us)  Max(us)    Avg(us)    Std_dev    Geo_dist  
Period   10       53316        5331         0.8        0          684      5099879    22586      134234.44  14201.23
Global   330      2007144      6082         0.7        0          421      6445674    19809      62492.30   14794.38

Total Statistics
Type     Time(s)  Ops          TPS(ops/s)   Net(M/s)   Get_miss   Min(us)  Max(us)    Avg(us)    Std_dev    Geo_dist  
Period   10       53317        5331         0.8        0          684      5099879    22586      134233.17  14201.27
Global   330      2007145      6082         0.7        0          421      6445674    19809      62492.28   14794.38

[1;1H[2J
Get Statistics
Type     Time(s)  Ops          TPS(ops/s)   Net(M/s)   Get_miss   Min(us)  Max(us)    Avg(us)    Std_dev    Geo_dist  
Period   10       64278        6427         0.8        0          716      340720     18744      23084.61   15083.90
Global   340      2071422      6092         0.9        0          421      6445674    19776      61649.58   14803.35

Total Statistics
Type     Time(s)  Ops          TPS(ops/s)   Net(M/s)   Get_miss   Min(us)  Max(us)    Avg(us)    Std_dev    Geo_dist  
Period   10       64277        6427         0.8        0          716      340720     18744      23084.81   15083.88
Global   340      2071422      6092         0.9        0          421      6445674    19776      61649.58   14803.35

[1;1H[2J
Get Statistics
Type     Time(s)  Ops          TPS(ops/s)   Net(M/s)   Get_miss   Min(us)  Max(us)    Avg(us)    Std_dev    Geo_dist  
Period   10       57548        5754         0.8        0          718      1729872    20938      76433.78   14723.71
Global   350      2128970      6082         0.8        0          421      6445674    19807      62095.92   14801.19

Total Statistics
Type     Time(s)  Ops          TPS(ops/s)   Net(M/s)   Get_miss   Min(us)  Max(us)    Avg(us)    Std_dev    Geo_dist  
Period   10       57548        5754         0.8        0          718      1729872    20938      76433.78   14723.71
Global   350      2128970      6082         0.8        0          421      6445674    19807      62095.92   14801.19

[1;1H[2J
Get Statistics
Type     Time(s)  Ops          TPS(ops/s)   Net(M/s)   Get_miss   Min(us)  Max(us)    Avg(us)    Std_dev    Geo_dist  
Period   10       73125        7312         0.8        0          515      3994073    16487      85309.08   9397.87
Global   360      2202095      6116         1.0        0          421      6445674    19697      63006.90   14579.61

Total Statistics
Type     Time(s)  Ops          TPS(ops/s)   Net(M/s)   Get_miss   Min(us)  Max(us)    Avg(us)    Std_dev    Geo_dist  
Period   10       73125        7312         0.8        0          515      3994073    16487      85309.08   9397.87
Global   360      2202095      6116         1.0        0          421      6445674    19697      63006.90   14579.61

Get Statistics (2202215 events)
   Min:       421
   Max:   6445674
   Avg:     19696
   Geo:  14579.56
   Std:  63005.41
   Log2 Dist:
       8:        0       13      891    12552
      12:    35954    27416   1237464   785628
      16:    64727    18604    12020     3553
      20:     1461     1276      631       25

Total Statistics (2202215 events)
   Min:       421
   Max:   6445674
   Avg:     19696
   Geo:  14579.56
   Std:  63005.41
   Log2 Dist:
       8:        0       13      891    12552
      12:    35954    27416   1237464   785628
      16:    64727    18604    12020     3553
      20:     1461     1276      631       25

cmd_get: 2202335
cmd_set: 122880
get_misses: 0
written_bytes: 68109530
read_bytes: 364348515
object_bytes: 17694720

Run time: 361.5s Ops: 2325215 TPS: 6432 Net_rate: 1.1M/s
