servers : 10.0.0.6:11212
threads count: 168
concurrency: 168
run time: 360s
windows size: 1k
set proportion: set_prop=0.00
get proportion: get_prop=1.00
[1;1H[2J
Get Statistics
Type     Time(s)  Ops          TPS(ops/s)   Net(M/s)   Get_miss   Min(us)  Max(us)    Avg(us)    Std_dev    Geo_dist  
Period   10       58048        5804         0.8        0          944      3031815    29114      120665.42  18024.11
Global   10       58048        5804         0.8        0          944      3031815    29114      120665.42  18024.11

Total Statistics
Type     Time(s)  Ops          TPS(ops/s)   Net(M/s)   Get_miss   Min(us)  Max(us)    Avg(us)    Std_dev    Geo_dist  
Period   10       58048        5804         0.8        0          944      3031815    29114      120665.42  18024.11
Global   10       58048        5804         0.8        0          944      3031815    29114      120665.42  18024.11

[1;1H[2J
Get Statistics
Type     Time(s)  Ops          TPS(ops/s)   Net(M/s)   Get_miss   Min(us)  Max(us)    Avg(us)    Std_dev    Geo_dist  
Period   10       47256        4725         0.7        0          806      1180753    32846      80522.08   21056.09
Global   20       105304       5265         0.6        0          806      3031815    30789      104590.43  19326.61

Total Statistics
Type     Time(s)  Ops          TPS(ops/s)   Net(M/s)   Get_miss   Min(us)  Max(us)    Avg(us)    Std_dev    Geo_dist  
Period   10       47256        4725         0.7        0          806      1180753    32846      80522.08   21056.09
Global   20       105304       5265         0.6        0          806      3031815    30789      104590.43  19326.61

[1;1H[2J
Get Statistics
Type     Time(s)  Ops          TPS(ops/s)   Net(M/s)   Get_miss   Min(us)  Max(us)    Avg(us)    Std_dev    Geo_dist  
Period   10       49456        4945         0.7        0          766      3539207    37116      115345.34  21689.49
Global   30       154760       5158         0.7        0          766      3539207    32811      108183.51  20052.29

Total Statistics
Type     Time(s)  Ops          TPS(ops/s)   Net(M/s)   Get_miss   Min(us)  Max(us)    Avg(us)    Std_dev    Geo_dist  
Period   10       49456        4945         0.7        0          766      3539207    37116      115345.34  21689.49
Global   30       154760       5158         0.7        0          766      3539207    32811      108183.51  20052.29

[1;1H[2J
Get Statistics
Type     Time(s)  Ops          TPS(ops/s)   Net(M/s)   Get_miss   Min(us)  Max(us)    Avg(us)    Std_dev    Geo_dist  
Period   10       44811        4481         0.7        0          947      2956625    37645      149306.85  21589.01
Global   40       199571       4989         0.6        0          766      3539207    33896      118681.32  20387.53

Total Statistics
Type     Time(s)  Ops          TPS(ops/s)   Net(M/s)   Get_miss   Min(us)  Max(us)    Avg(us)    Std_dev    Geo_dist  
Period   10       44811        4481         0.7        0          947      2956625    37645      149306.85  21589.01
Global   40       199571       4989         0.6        0          766      3539207    33896      118681.32  20387.53

[1;1H[2J
Get Statistics
Type     Time(s)  Ops          TPS(ops/s)   Net(M/s)   Get_miss   Min(us)  Max(us)    Avg(us)    Std_dev    Geo_dist  
Period   10       65602        6560         0.7        0          791      380218     25905      22318.64   20926.14
Global   50       265173       5303         0.9        0          766      3539207    31919      103613.57  20519.47

Total Statistics
Type     Time(s)  Ops          TPS(ops/s)   Net(M/s)   Get_miss   Min(us)  Max(us)    Avg(us)    Std_dev    Geo_dist  
Period   10       65602        6560         0.7        0          791      380218     25905      22318.64   20926.14
Global   50       265173       5303         0.9        0          766      3539207    31919      103613.57  20519.47

[1;1H[2J
Get Statistics
Type     Time(s)  Ops          TPS(ops/s)   Net(M/s)   Get_miss   Min(us)  Max(us)    Avg(us)    Std_dev    Geo_dist  
Period   10       58408        5840         0.7        0          891      548392     28983      37233.57   20346.77
Global   60       323581       5393         0.8        0          766      3539207    31389      95128.44   20488.19

Total Statistics
Type     Time(s)  Ops          TPS(ops/s)   Net(M/s)   Get_miss   Min(us)  Max(us)    Avg(us)    Std_dev    Geo_dist  
Period   10       58408        5840         0.7        0          891      548392     28983      37233.50   20343.36
Global   60       323581       5393         0.8        0          766      3539207    31389      95128.44   20488.19

[1;1H[2J
Get Statistics
Type     Time(s)  Ops          TPS(ops/s)   Net(M/s)   Get_miss   Min(us)  Max(us)    Avg(us)    Std_dev    Geo_dist  
Period   10       52539        5253         0.7        0          1064     825126     31990      52721.37   21926.38
Global   70       376120       5373         0.7        0          766      3539207    31473      90408.14   20683.27

Total Statistics
Type     Time(s)  Ops          TPS(ops/s)   Net(M/s)   Get_miss   Min(us)  Max(us)    Avg(us)    Std_dev    Geo_dist  
Period   10       52539        5253         0.7        0          1064     825126     31990      52721.37   21926.38
Global   70       376120       5373         0.7        0          766      3539207    31473      90408.14   20683.27

[1;1H[2J
Get Statistics
Type     Time(s)  Ops          TPS(ops/s)   Net(M/s)   Get_miss   Min(us)  Max(us)    Avg(us)    Std_dev    Geo_dist  
Period   10       40303        4030         0.7        0          948      1063872    31835      70403.91   20389.08
Global   80       416423       5205         0.6        0          766      3539207    31508      88669.54   20654.61

Total Statistics
Type     Time(s)  Ops          TPS(ops/s)   Net(M/s)   Get_miss   Min(us)  Max(us)    Avg(us)    Std_dev    Geo_dist  
Period   10       40303        4030         0.7        0          948      1063872    31835      70403.91   20389.08
Global   80       416423       5205         0.6        0          766      3539207    31508      88669.54   20654.61

[1;1H[2J
Get Statistics
Type     Time(s)  Ops          TPS(ops/s)   Net(M/s)   Get_miss   Min(us)  Max(us)    Avg(us)    Std_dev    Geo_dist  
Period   10       48406        4840         0.7        0          1115     3817004    43694      180011.15  23430.51
Global   90       464829       5164         0.7        0          766      3817004    32777      102136.11  20927.63

Total Statistics
Type     Time(s)  Ops          TPS(ops/s)   Net(M/s)   Get_miss   Min(us)  Max(us)    Avg(us)    Std_dev    Geo_dist  
Period   10       48406        4840         0.7        0          1115     3817004    43694      180011.15  23430.51
Global   90       464829       5164         0.7        0          766      3817004    32777      102136.11  20927.63

[1;1H[2J
Get Statistics
Type     Time(s)  Ops          TPS(ops/s)   Net(M/s)   Get_miss   Min(us)  Max(us)    Avg(us)    Std_dev    Geo_dist  
Period   10       50624        5062         0.7        0          1275     809929     32750      59241.47   21975.03
Global   100      515453       5154         0.7        0          766      3817004    32775      98751.62   21028.25

Total Statistics
Type     Time(s)  Ops          TPS(ops/s)   Net(M/s)   Get_miss   Min(us)  Max(us)    Avg(us)    Std_dev    Geo_dist  
Period   10       50624        5062         0.7        0          1275     809929     32750      59241.47   21975.03
Global   100      515453       5154         0.7        0          766      3817004    32775      98751.62   21028.25

[1;1H[2J
Get Statistics
Type     Time(s)  Ops          TPS(ops/s)   Net(M/s)   Get_miss   Min(us)  Max(us)    Avg(us)    Std_dev    Geo_dist  
Period   10       49327        4932         0.7        0          1181     957711     35097      73623.80   22430.66
Global   110      564780       5134         0.7        0          766      3817004    32977      96819.71   21147.16

Total Statistics
Type     Time(s)  Ops          TPS(ops/s)   Net(M/s)   Get_miss   Min(us)  Max(us)    Avg(us)    Std_dev    Geo_dist  
Period   10       49327        4932         0.7        0          1181     957711     35097      73623.80   22430.66
Global   110      564780       5134         0.7        0          766      3817004    32977      96819.71   21147.16

[1;1H[2J
Get Statistics
Type     Time(s)  Ops          TPS(ops/s)   Net(M/s)   Get_miss   Min(us)  Max(us)    Avg(us)    Std_dev    Geo_dist  
Period   10       54542        5454         0.7        0          1044     475123     30998      37740.22   22296.60
Global   120      619322       5161         0.7        0          766      3817004    32803      93135.58   21245.96

Total Statistics
Type     Time(s)  Ops          TPS(ops/s)   Net(M/s)   Get_miss   Min(us)  Max(us)    Avg(us)    Std_dev    Geo_dist  
Period   10       54542        5454         0.7        0          1044     475123     30998      37740.22   22296.60
Global   120      619322       5161         0.7        0          766      3817004    32803      93135.58   21245.96

[1;1H[2J
Get Statistics
Type     Time(s)  Ops          TPS(ops/s)   Net(M/s)   Get_miss   Min(us)  Max(us)    Avg(us)    Std_dev    Geo_dist  
Period   10       52107        5210         0.7        0          1099     716459     32529      52785.91   22782.65
Global   130      671429       5164         0.7        0          766      3817004    32782      90649.24   21361.42

Total Statistics
Type     Time(s)  Ops          TPS(ops/s)   Net(M/s)   Get_miss   Min(us)  Max(us)    Avg(us)    Std_dev    Geo_dist  
Period   10       52107        5210         0.7        0          1099     716459     32529      52785.91   22782.65
Global   130      671429       5164         0.7        0          766      3817004    32782      90649.24   21361.42

[1;1H[2J
Get Statistics
Type     Time(s)  Ops          TPS(ops/s)   Net(M/s)   Get_miss   Min(us)  Max(us)    Avg(us)    Std_dev    Geo_dist  
Period   10       60855        6085         0.7        0          1152     316324     27816      30054.60   20142.21
Global   140      732284       5230         0.8        0          766      3817004    32369      87243.14   21257.34

Total Statistics
Type     Time(s)  Ops          TPS(ops/s)   Net(M/s)   Get_miss   Min(us)  Max(us)    Avg(us)    Std_dev    Geo_dist  
Period   10       60855        6085         0.7        0          1152     316324     27816      30054.60   20142.21
Global   140      732284       5230         0.8        0          766      3817004    32369      87243.14   21257.34

[1;1H[2J
Get Statistics
Type     Time(s)  Ops          TPS(ops/s)   Net(M/s)   Get_miss   Min(us)  Max(us)    Avg(us)    Std_dev    Geo_dist  
Period   10       51155        5115         0.7        0          951      759076     33126      51102.29   22731.42
Global   150      783439       5222         0.7        0          766      3817004    32419      85351.55   21350.61

Total Statistics
Type     Time(s)  Ops          TPS(ops/s)   Net(M/s)   Get_miss   Min(us)  Max(us)    Avg(us)    Std_dev    Geo_dist  
Period   10       51155        5115         0.7        0          951      759076     33126      51102.29   22731.42
Global   150      783439       5222         0.7        0          766      3817004    32419      85351.55   21350.61

[1;1H[2J
Get Statistics
Type     Time(s)  Ops          TPS(ops/s)   Net(M/s)   Get_miss   Min(us)  Max(us)    Avg(us)    Std_dev    Geo_dist  
Period   10       35926        3592         0.7        0          1111     2218195    47055      159004.49  22543.81
Global   160      819365       5121         0.5        0          766      3817004    33060      89905.56   21401.58

Total Statistics
Type     Time(s)  Ops          TPS(ops/s)   Net(M/s)   Get_miss   Min(us)  Max(us)    Avg(us)    Std_dev    Geo_dist  
Period   10       35926        3592         0.7        0          1111     2218195    47055      159004.49  22543.81
Global   160      819365       5121         0.5        0          766      3817004    33060      89905.56   21401.58

[1;1H[2J
Get Statistics
Type     Time(s)  Ops          TPS(ops/s)   Net(M/s)   Get_miss   Min(us)  Max(us)    Avg(us)    Std_dev    Geo_dist  
Period   10       29458        2945         0.7        0          628      3058053    57320      247304.92  22751.86
Global   170      848823       4993         0.4        0          628      3817004    33902      99722.89   21447.07

Total Statistics
Type     Time(s)  Ops          TPS(ops/s)   Net(M/s)   Get_miss   Min(us)  Max(us)    Avg(us)    Std_dev    Geo_dist  
Period   10       29458        2945         0.7        0          628      3058053    57320      247304.92  22751.86
Global   170      848823       4993         0.4        0          628      3817004    33902      99722.89   21447.07

[1;1H[2J
Get Statistics
Type     Time(s)  Ops          TPS(ops/s)   Net(M/s)   Get_miss   Min(us)  Max(us)    Avg(us)    Std_dev    Geo_dist  
Period   10       49793        4979         0.7        0          1291     1144860    33877      60707.80   22447.31
Global   180      898616       4992         0.7        0          628      3817004    33901      97968.34   21501.31

Total Statistics
Type     Time(s)  Ops          TPS(ops/s)   Net(M/s)   Get_miss   Min(us)  Max(us)    Avg(us)    Std_dev    Geo_dist  
Period   10       49793        4979         0.7        0          1291     1144860    33877      60707.80   22447.31
Global   180      898616       4992         0.7        0          628      3817004    33901      97968.34   21501.31

[1;1H[2J
Get Statistics
Type     Time(s)  Ops          TPS(ops/s)   Net(M/s)   Get_miss   Min(us)  Max(us)    Avg(us)    Std_dev    Geo_dist  
Period   10       49946        4994         0.7        0          854      2932948    33746      92705.73   21169.31
Global   190      948562       4992         0.7        0          628      3817004    33893      97698.21   21483.70

Total Statistics
Type     Time(s)  Ops          TPS(ops/s)   Net(M/s)   Get_miss   Min(us)  Max(us)    Avg(us)    Std_dev    Geo_dist  
Period   10       49946        4994         0.7        0          854      2932948    33746      92705.73   21169.31
Global   190      948562       4992         0.7        0          628      3817004    33893      97698.21   21483.70

[1;1H[2J
Get Statistics
Type     Time(s)  Ops          TPS(ops/s)   Net(M/s)   Get_miss   Min(us)  Max(us)    Avg(us)    Std_dev    Geo_dist  
Period   10       59370        5937         0.7        0          973      396508     28405      31406.79   21340.96
Global   200      1007932      5039         0.8        0          628      3817004    33569      95092.25   21475.26

Total Statistics
Type     Time(s)  Ops          TPS(ops/s)   Net(M/s)   Get_miss   Min(us)  Max(us)    Avg(us)    Std_dev    Geo_dist  
Period   10       59370        5937         0.7        0          973      396508     28405      31406.79   21340.96
Global   200      1007932      5039         0.8        0          628      3817004    33569      95092.25   21475.26

[1;1H[2J
Get Statistics
Type     Time(s)  Ops          TPS(ops/s)   Net(M/s)   Get_miss   Min(us)  Max(us)    Avg(us)    Std_dev    Geo_dist  
Period   10       59058        5905         0.7        0          1190     338858     28604      29610.10   22106.57
Global   210      1066990      5080         0.8        0          628      3817004    33295      92691.92   21509.73

Total Statistics
Type     Time(s)  Ops          TPS(ops/s)   Net(M/s)   Get_miss   Min(us)  Max(us)    Avg(us)    Std_dev    Geo_dist  
Period   10       59058        5905         0.7        0          1190     338858     28604      29610.10   22106.57
Global   210      1066990      5080         0.8        0          628      3817004    33295      92691.92   21509.73

[1;1H[2J
Get Statistics
Type     Time(s)  Ops          TPS(ops/s)   Net(M/s)   Get_miss   Min(us)  Max(us)    Avg(us)    Std_dev    Geo_dist  
Period   10       57339        5733         0.7        0          906      445837     29401      31538.61   21534.43
Global   220      1124329      5110         0.8        0          628      3817004    33096      90582.07   21510.99

Total Statistics
Type     Time(s)  Ops          TPS(ops/s)   Net(M/s)   Get_miss   Min(us)  Max(us)    Avg(us)    Std_dev    Geo_dist  
Period   10       57339        5733         0.7        0          906      445837     29401      31538.61   21534.43
Global   220      1124329      5110         0.8        0          628      3817004    33096      90582.07   21510.99

[1;1H[2J
Get Statistics
Type     Time(s)  Ops          TPS(ops/s)   Net(M/s)   Get_miss   Min(us)  Max(us)    Avg(us)    Std_dev    Geo_dist  
Period   10       61495        6149         0.7        0          998      331584     27420      28077.98   20737.29
Global   230      1185824      5155         0.8        0          628      3817004    32802      88442.36   21470.16

Total Statistics
Type     Time(s)  Ops          TPS(ops/s)   Net(M/s)   Get_miss   Min(us)  Max(us)    Avg(us)    Std_dev    Geo_dist  
Period   10       61495        6149         0.7        0          998      331584     27420      28077.98   20737.29
Global   230      1185824      5155         0.8        0          628      3817004    32802      88442.36   21470.16

[1;1H[2J
Get Statistics
Type     Time(s)  Ops          TPS(ops/s)   Net(M/s)   Get_miss   Min(us)  Max(us)    Avg(us)    Std_dev    Geo_dist  
Period   10       47738        4773         0.7        0          921      1449374    35338      93201.84   21590.11
Global   240      1233562      5139         0.7        0          628      3817004    32900      88632.67   21474.79

Total Statistics
Type     Time(s)  Ops          TPS(ops/s)   Net(M/s)   Get_miss   Min(us)  Max(us)    Avg(us)    Std_dev    Geo_dist  
Period   10       47738        4773         0.7        0          921      1449374    35338      93201.84   21590.11
Global   240      1233562      5139         0.7        0          628      3817004    32900      88632.67   21474.79

[1;1H[2J
Get Statistics
Type     Time(s)  Ops          TPS(ops/s)   Net(M/s)   Get_miss   Min(us)  Max(us)    Avg(us)    Std_dev    Geo_dist  
Period   10       61224        6122         0.7        0          1062     502392     27509      34168.69   19812.20
Global   250      1294786      5179         0.8        0          628      3817004    32645      86837.84   21393.12

Total Statistics
Type     Time(s)  Ops          TPS(ops/s)   Net(M/s)   Get_miss   Min(us)  Max(us)    Avg(us)    Std_dev    Geo_dist  
Period   10       61224        6122         0.7        0          1062     502392     27509      34168.69   19812.20
Global   250      1294786      5179         0.8        0          628      3817004    32645      86837.84   21393.12

[1;1H[2J
Get Statistics
Type     Time(s)  Ops          TPS(ops/s)   Net(M/s)   Get_miss   Min(us)  Max(us)    Avg(us)    Std_dev    Geo_dist  
Period   10       58494        5849         0.7        0          871      583855     28893      35497.78   20239.87
Global   260      1353280      5204         0.8        0          628      3817004    32483      85263.72   21341.94

Total Statistics
Type     Time(s)  Ops          TPS(ops/s)   Net(M/s)   Get_miss   Min(us)  Max(us)    Avg(us)    Std_dev    Geo_dist  
Period   10       58494        5849         0.7        0          871      583855     28893      35497.78   20239.87
Global   260      1353280      5204         0.8        0          628      3817004    32483      85263.72   21341.94

[1;1H[2J
Get Statistics
Type     Time(s)  Ops          TPS(ops/s)   Net(M/s)   Get_miss   Min(us)  Max(us)    Avg(us)    Std_dev    Geo_dist  
Period   10       55736        5573         0.7        0          979      402798     30238      36900.56   21793.55
Global   270      1409016      5218         0.8        0          628      3817004    32394      83883.22   21359.63

Total Statistics
Type     Time(s)  Ops          TPS(ops/s)   Net(M/s)   Get_miss   Min(us)  Max(us)    Avg(us)    Std_dev    Geo_dist  
Period   10       55736        5573         0.7        0          979      402798     30237      36901.36   21789.99
Global   270      1409016      5218         0.8        0          628      3817004    32394      83883.22   21359.63

[1;1H[2J
Get Statistics
Type     Time(s)  Ops          TPS(ops/s)   Net(M/s)   Get_miss   Min(us)  Max(us)    Avg(us)    Std_dev    Geo_dist  
Period   10       58303        5830         0.7        0          1324     343962     28933      27784.16   22851.51
Global   280      1467319      5240         0.8        0          628      3817004    32256      82389.13   21417.00

Total Statistics
Type     Time(s)  Ops          TPS(ops/s)   Net(M/s)   Get_miss   Min(us)  Max(us)    Avg(us)    Std_dev    Geo_dist  
Period   10       58303        5830         0.7        0          1324     343962     28933      27784.16   22851.51
Global   280      1467319      5240         0.8        0          628      3817004    32256      82389.13   21417.00

[1;1H[2J
Get Statistics
Type     Time(s)  Ops          TPS(ops/s)   Net(M/s)   Get_miss   Min(us)  Max(us)    Avg(us)    Std_dev    Geo_dist  
Period   10       48062        4806         0.7        0          1005     610175     31568      40093.25   21929.71
Global   290      1515381      5225         0.7        0          628      3817004    32235      81385.65   21433.08

Total Statistics
Type     Time(s)  Ops          TPS(ops/s)   Net(M/s)   Get_miss   Min(us)  Max(us)    Avg(us)    Std_dev    Geo_dist  
Period   10       48062        4806         0.7        0          1005     610175     31568      40093.25   21929.71
Global   290      1515381      5225         0.7        0          628      3817004    32235      81385.65   21433.08

[1;1H[2J
Get Statistics
Type     Time(s)  Ops          TPS(ops/s)   Net(M/s)   Get_miss   Min(us)  Max(us)    Avg(us)    Std_dev    Geo_dist  
Period   10       47239        4723         0.7        0          1415     1601910    39290      114273.35  23144.97
Global   300      1562620      5208         0.6        0          628      3817004    32448      82580.99   21482.93

Total Statistics
Type     Time(s)  Ops          TPS(ops/s)   Net(M/s)   Get_miss   Min(us)  Max(us)    Avg(us)    Std_dev    Geo_dist  
Period   10       47239        4723         0.7        0          1415     1601910    39290      114273.35  23144.97
Global   300      1562620      5208         0.6        0          628      3817004    32448      82580.99   21482.93

[1;1H[2J
Get Statistics
Type     Time(s)  Ops          TPS(ops/s)   Net(M/s)   Get_miss   Min(us)  Max(us)    Avg(us)    Std_dev    Geo_dist  
Period   10       50598        5059         0.7        0          1251     943382     32447      58824.34   22621.33
Global   310      1613218      5203         0.7        0          628      3817004    32448      81940.54   21517.75

Total Statistics
Type     Time(s)  Ops          TPS(ops/s)   Net(M/s)   Get_miss   Min(us)  Max(us)    Avg(us)    Std_dev    Geo_dist  
Period   10       50598        5059         0.7        0          1251     943382     32447      58824.34   22621.33
Global   310      1613218      5203         0.7        0          628      3817004    32448      81940.54   21517.75

[1;1H[2J
Get Statistics
Type     Time(s)  Ops          TPS(ops/s)   Net(M/s)   Get_miss   Min(us)  Max(us)    Avg(us)    Std_dev    Geo_dist  
Period   10       63348        6334         0.7        0          1040     466151     27260      31319.08   20367.69
Global   320      1676566      5239         0.9        0          628      3817004    32252      80613.87   21473.13

Total Statistics
Type     Time(s)  Ops          TPS(ops/s)   Net(M/s)   Get_miss   Min(us)  Max(us)    Avg(us)    Std_dev    Geo_dist  
Period   10       63348        6334         0.7        0          1040     466151     27260      31319.08   20367.69
Global   320      1676566      5239         0.9        0          628      3817004    32252      80613.87   21473.13

[1;1H[2J
Get Statistics
Type     Time(s)  Ops          TPS(ops/s)   Net(M/s)   Get_miss   Min(us)  Max(us)    Avg(us)    Std_dev    Geo_dist  
Period   10       54685        5468         0.7        0          1197     513641     30885      41847.69   22003.24
Global   330      1731251      5246         0.8        0          628      3817004    32209      79678.64   21489.68

Total Statistics
Type     Time(s)  Ops          TPS(ops/s)   Net(M/s)   Get_miss   Min(us)  Max(us)    Avg(us)    Std_dev    Geo_dist  
Period   10       54685        5468         0.7        0          1197     513641     30885      41847.69   22003.24
Global   330      1731251      5246         0.8        0          628      3817004    32209      79678.64   21489.68

[1;1H[2J
Get Statistics
Type     Time(s)  Ops          TPS(ops/s)   Net(M/s)   Get_miss   Min(us)  Max(us)    Avg(us)    Std_dev    Geo_dist  
Period   10       47094        4709         0.7        0          548      4162241    35882      133324.31  20506.44
Global   340      1778345      5230         0.6        0          548      4162241    32306      81557.60   21463.05

Total Statistics
Type     Time(s)  Ops          TPS(ops/s)   Net(M/s)   Get_miss   Min(us)  Max(us)    Avg(us)    Std_dev    Geo_dist  
Period   10       47094        4709         0.7        0          548      4162241    35881      133324.48  20501.87
Global   340      1778345      5230         0.6        0          548      4162241    32306      81557.60   21463.05

[1;1H[2J
Get Statistics
Type     Time(s)  Ops          TPS(ops/s)   Net(M/s)   Get_miss   Min(us)  Max(us)    Avg(us)    Std_dev    Geo_dist  
Period   10       53664        5366         0.7        0          1070     1483854    31401      58214.49   21547.22
Global   350      1832009      5234         0.7        0          548      4162241    32279      80969.88   21465.51

Total Statistics
Type     Time(s)  Ops          TPS(ops/s)   Net(M/s)   Get_miss   Min(us)  Max(us)    Avg(us)    Std_dev    Geo_dist  
Period   10       53664        5366         0.7        0          1070     1483854    31401      58214.49   21547.22
Global   350      1832009      5234         0.7        0          548      4162241    32279      80969.88   21465.51

[1;1H[2J
Get Statistics
Type     Time(s)  Ops          TPS(ops/s)   Net(M/s)   Get_miss   Min(us)  Max(us)    Avg(us)    Std_dev    Geo_dist  
Period   10       50917        5091         0.7        0          1212     953537     32216      58881.29   22261.55
Global   360      1882926      5230         0.7        0          548      4162241    32278      80452.10   21486.65

Total Statistics
Type     Time(s)  Ops          TPS(ops/s)   Net(M/s)   Get_miss   Min(us)  Max(us)    Avg(us)    Std_dev    Geo_dist  
Period   10       50917        5091         0.7        0          1212     953537     32216      58881.29   22261.55
Global   360      1882926      5230         0.7        0          548      4162241    32278      80452.10   21486.65

Get Statistics (1883094 events)
   Min:       548
   Max:   4162241
   Avg:     32332
   Geo:  21493.15
   Std:  80650.87
   Log2 Dist:
       8:        0        0      355     5568
      12:    21208    10455   653355   738278
      16:   334301    84422    20293     8838
      20:     3768     1556      697

Total Statistics (1883094 events)
   Min:       548
   Max:   4162241
   Avg:     32332
   Geo:  21493.15
   Std:  80650.87
   Log2 Dist:
       8:        0        0      355     5568
      12:    21208    10455   653355   738278
      16:   334301    84422    20293     8838
      20:     3768     1556      697

cmd_get: 1883262
cmd_set: 172032
get_misses: 0
written_bytes: 68953188
read_bytes: 312086766
object_bytes: 24772608

Run time: 362.1s Ops: 2055294 TPS: 5676 Net_rate: 1.0M/s
