servers : 10.0.0.6:11212
threads count: 72
concurrency: 72
run time: 360s
windows size: 1k
set proportion: set_prop=0.00
get proportion: get_prop=1.00
[1;1H[2J
Get Statistics
Type     Time(s)  Ops          TPS(ops/s)   Net(M/s)   Get_miss   Min(us)  Max(us)    Avg(us)    Std_dev    Geo_dist  
Period   10       64483        6448         0.9        0          625      162026     11196      8496.94    9328.24
Global   10       64483        6448         0.9        0          625      162026     11196      8496.94    9328.24

Total Statistics
Type     Time(s)  Ops          TPS(ops/s)   Net(M/s)   Get_miss   Min(us)  Max(us)    Avg(us)    Std_dev    Geo_dist  
Period   10       64483        6448         0.9        0          625      162026     11196      8496.94    9328.24
Global   10       64483        6448         0.9        0          625      162026     11196      8496.94    9328.24

[1;1H[2J
Get Statistics
Type     Time(s)  Ops          TPS(ops/s)   Net(M/s)   Get_miss   Min(us)  Max(us)    Avg(us)    Std_dev    Geo_dist  
Period   10       65735        6573         0.9        0          617      157168     10993      9013.42    9036.75
Global   20       130218       6510         0.9        0          617      162026     11094      8761.42    9179.94

Total Statistics
Type     Time(s)  Ops          TPS(ops/s)   Net(M/s)   Get_miss   Min(us)  Max(us)    Avg(us)    Std_dev    Geo_dist  
Period   10       65735        6573         0.9        0          617      157168     10993      9013.42    9036.75
Global   20       130218       6510         0.9        0          617      162026     11094      8761.42    9179.94

[1;1H[2J
Get Statistics
Type     Time(s)  Ops          TPS(ops/s)   Net(M/s)   Get_miss   Min(us)  Max(us)    Avg(us)    Std_dev    Geo_dist  
Period   10       62974        6297         0.9        0          722      250484     11456      12702.70   9312.69
Global   30       193192       6439         0.9        0          617      250484     11212      10215.97   9223.00

Total Statistics
Type     Time(s)  Ops          TPS(ops/s)   Net(M/s)   Get_miss   Min(us)  Max(us)    Avg(us)    Std_dev    Geo_dist  
Period   10       62974        6297         0.9        0          722      250484     11456      12702.70   9312.69
Global   30       193192       6439         0.9        0          617      250484     11212      10215.97   9223.00

[1;1H[2J
Get Statistics
Type     Time(s)  Ops          TPS(ops/s)   Net(M/s)   Get_miss   Min(us)  Max(us)    Avg(us)    Std_dev    Geo_dist  
Period   10       56026        5602         0.9        0          732      1129969    12926      37653.59   9318.03
Global   40       249218       6230         0.8        0          617      1129969    11597      20003.72   9244.28

Total Statistics
Type     Time(s)  Ops          TPS(ops/s)   Net(M/s)   Get_miss   Min(us)  Max(us)    Avg(us)    Std_dev    Geo_dist  
Period   10       56026        5602         0.9        0          732      1129969    12926      37653.59   9318.03
Global   40       249218       6230         0.8        0          617      1129969    11597      20003.72   9244.28

[1;1H[2J
Get Statistics
Type     Time(s)  Ops          TPS(ops/s)   Net(M/s)   Get_miss   Min(us)  Max(us)    Avg(us)    Std_dev    Geo_dist  
Period   10       67297        6729         0.9        0          551      135288     10736      6630.67    9046.66
Global   50       316515       6330         0.9        0          551      1129969    11414      18014.99   9201.90

Total Statistics
Type     Time(s)  Ops          TPS(ops/s)   Net(M/s)   Get_miss   Min(us)  Max(us)    Avg(us)    Std_dev    Geo_dist  
Period   10       67297        6729         0.9        0          551      135288     10736      6630.67    9046.66
Global   50       316515       6330         0.9        0          551      1129969    11414      18014.99   9201.90

[1;1H[2J
Get Statistics
Type     Time(s)  Ops          TPS(ops/s)   Net(M/s)   Get_miss   Min(us)  Max(us)    Avg(us)    Std_dev    Geo_dist  
Period   10       67533        6753         0.9        0          543      130602     10704      7451.65    8891.55
Global   60       384048       6400         0.9        0          543      1129969    11289      16652.67   9146.55

Total Statistics
Type     Time(s)  Ops          TPS(ops/s)   Net(M/s)   Get_miss   Min(us)  Max(us)    Avg(us)    Std_dev    Geo_dist  
Period   10       67533        6753         0.9        0          543      130602     10704      7451.65    8891.55
Global   60       384048       6400         0.9        0          543      1129969    11289      16652.67   9146.55

[1;1H[2J
Get Statistics
Type     Time(s)  Ops          TPS(ops/s)   Net(M/s)   Get_miss   Min(us)  Max(us)    Avg(us)    Std_dev    Geo_dist  
Period   10       60904        6090         0.9        0          757      473266     11867      21314.95   9212.94
Global   70       444952       6356         0.8        0          543      1129969    11368      17366.12   9155.61

Total Statistics
Type     Time(s)  Ops          TPS(ops/s)   Net(M/s)   Get_miss   Min(us)  Max(us)    Avg(us)    Std_dev    Geo_dist  
Period   10       60904        6090         0.9        0          757      473266     11867      21314.95   9212.94
Global   70       444952       6356         0.8        0          543      1129969    11368      17366.12   9155.61

[1;1H[2J
Get Statistics
Type     Time(s)  Ops          TPS(ops/s)   Net(M/s)   Get_miss   Min(us)  Max(us)    Avg(us)    Std_dev    Geo_dist  
Period   10       65424        6542         0.9        0          734      115462     11043      6716.21    9358.49
Global   80       510376       6379         0.9        0          543      1129969    11327      16392.13   9181.37

Total Statistics
Type     Time(s)  Ops          TPS(ops/s)   Net(M/s)   Get_miss   Min(us)  Max(us)    Avg(us)    Std_dev    Geo_dist  
Period   10       65425        6542         0.9        0          734      115462     11043      6716.17    9358.53
Global   80       510377       6379         0.9        0          543      1129969    11327      16392.11   9181.38

[1;1H[2J
Get Statistics
Type     Time(s)  Ops          TPS(ops/s)   Net(M/s)   Get_miss   Min(us)  Max(us)    Avg(us)    Std_dev    Geo_dist  
Period   10       62863        6286         0.9        0          730      521453     11496      18735.54   9182.11
Global   90       573239       6369         0.9        0          543      1129969    11345      16665.64   9181.60

Total Statistics
Type     Time(s)  Ops          TPS(ops/s)   Net(M/s)   Get_miss   Min(us)  Max(us)    Avg(us)    Std_dev    Geo_dist  
Period   10       62862        6286         0.9        0          730      521453     11497      18735.13   9183.44
Global   90       573239       6369         0.9        0          543      1129969    11345      16665.64   9181.60

[1;1H[2J
Get Statistics
Type     Time(s)  Ops          TPS(ops/s)   Net(M/s)   Get_miss   Min(us)  Max(us)    Avg(us)    Std_dev    Geo_dist  
Period   10       67346        6734         0.9        0          714      142332     10732      7419.45    8941.86
Global   100      640585       6405         0.9        0          543      1129969    11281      15948.55   9156.10

Total Statistics
Type     Time(s)  Ops          TPS(ops/s)   Net(M/s)   Get_miss   Min(us)  Max(us)    Avg(us)    Std_dev    Geo_dist  
Period   10       67346        6734         0.9        0          714      142332     10732      7419.45    8941.86
Global   100      640585       6405         0.9        0          543      1129969    11281      15948.55   9156.10

[1;1H[2J
Get Statistics
Type     Time(s)  Ops          TPS(ops/s)   Net(M/s)   Get_miss   Min(us)  Max(us)    Avg(us)    Std_dev    Geo_dist  
Period   10       63521        6352         0.9        0          780      436464     11373      16423.63   9177.20
Global   110      704106       6400         0.9        0          543      1129969    11289      15992.21   9158.00

Total Statistics
Type     Time(s)  Ops          TPS(ops/s)   Net(M/s)   Get_miss   Min(us)  Max(us)    Avg(us)    Std_dev    Geo_dist  
Period   10       63521        6352         0.9        0          780      436464     11373      16423.63   9177.20
Global   110      704106       6400         0.9        0          543      1129969    11289      15992.21   9158.00

[1;1H[2J
Get Statistics
Type     Time(s)  Ops          TPS(ops/s)   Net(M/s)   Get_miss   Min(us)  Max(us)    Avg(us)    Std_dev    Geo_dist  
Period   10       64506        6450         0.9        0          647      206932     11206      9574.35    9305.44
Global   120      768612       6405         0.9        0          543      1129969    11282      15555.75   9170.28

Total Statistics
Type     Time(s)  Ops          TPS(ops/s)   Net(M/s)   Get_miss   Min(us)  Max(us)    Avg(us)    Std_dev    Geo_dist  
Period   10       64506        6450         0.9        0          647      206932     11206      9574.35    9305.44
Global   120      768612       6405         0.9        0          543      1129969    11282      15555.75   9170.28

[1;1H[2J
Get Statistics
Type     Time(s)  Ops          TPS(ops/s)   Net(M/s)   Get_miss   Min(us)  Max(us)    Avg(us)    Std_dev    Geo_dist  
Period   10       64999        6499         0.9        0          686      223732     11115      11808.96   9081.72
Global   130      833611       6412         0.9        0          543      1129969    11269      15296.67   9163.35

Total Statistics
Type     Time(s)  Ops          TPS(ops/s)   Net(M/s)   Get_miss   Min(us)  Max(us)    Avg(us)    Std_dev    Geo_dist  
Period   10       65000        6500         0.9        0          686      223732     11115      11808.91   9081.78
Global   130      833612       6412         0.9        0          543      1129969    11269      15296.67   9163.35

[1;1H[2J
Get Statistics
Type     Time(s)  Ops          TPS(ops/s)   Net(M/s)   Get_miss   Min(us)  Max(us)    Avg(us)    Std_dev    Geo_dist  
Period   10       55963        5596         0.9        0          713      938985     12920      34696.12   9903.94
Global   140      889574       6354         0.8        0          543      1129969    11373      17180.13   9208.36

Total Statistics
Type     Time(s)  Ops          TPS(ops/s)   Net(M/s)   Get_miss   Min(us)  Max(us)    Avg(us)    Std_dev    Geo_dist  
Period   10       55962        5596         0.9        0          713      938985     12920      34696.47   9905.57
Global   140      889574       6354         0.8        0          543      1129969    11373      17180.13   9208.36

[1;1H[2J
Get Statistics
Type     Time(s)  Ops          TPS(ops/s)   Net(M/s)   Get_miss   Min(us)  Max(us)    Avg(us)    Std_dev    Geo_dist  
Period   10       62806        6280         0.9        0          781      295986     11507      15588.44   9264.53
Global   150      952380       6349         0.9        0          543      1129969    11382      17079.65   9212.05

Total Statistics
Type     Time(s)  Ops          TPS(ops/s)   Net(M/s)   Get_miss   Min(us)  Max(us)    Avg(us)    Std_dev    Geo_dist  
Period   10       62806        6280         0.9        0          781      295986     11507      15588.44   9264.53
Global   150      952380       6349         0.9        0          543      1129969    11382      17079.65   9212.05

[1;1H[2J
Get Statistics
Type     Time(s)  Ops          TPS(ops/s)   Net(M/s)   Get_miss   Min(us)  Max(us)    Avg(us)    Std_dev    Geo_dist  
Period   10       68574        6857         0.9        0          686      219585     10537      7918.37    8982.97
Global   160      1020954      6380         0.9        0          543      1129969    11325      16624.75   9196.48

Total Statistics
Type     Time(s)  Ops          TPS(ops/s)   Net(M/s)   Get_miss   Min(us)  Max(us)    Avg(us)    Std_dev    Geo_dist  
Period   10       68574        6857         0.9        0          686      219585     10537      7918.37    8982.97
Global   160      1020954      6380         0.9        0          543      1129969    11325      16624.75   9196.48

[1;1H[2J
Get Statistics
Type     Time(s)  Ops          TPS(ops/s)   Net(M/s)   Get_miss   Min(us)  Max(us)    Avg(us)    Std_dev    Geo_dist  
Period   10       59836        5983         0.9        0          560      594301     12046      23271.23   9452.51
Global   170      1080790      6357         0.8        0          543      1129969    11365      17061.30   9210.48

Total Statistics
Type     Time(s)  Ops          TPS(ops/s)   Net(M/s)   Get_miss   Min(us)  Max(us)    Avg(us)    Std_dev    Geo_dist  
Period   10       59836        5983         0.9        0          560      594301     12046      23271.21   9451.08
Global   170      1080790      6357         0.8        0          543      1129969    11365      17061.30   9210.48

[1;1H[2J
Get Statistics
Type     Time(s)  Ops          TPS(ops/s)   Net(M/s)   Get_miss   Min(us)  Max(us)    Avg(us)    Std_dev    Geo_dist  
Period   10       48139        4813         0.9        0          866      1614093    15050      69831.20   9857.57
Global   180      1128929      6271         0.7        0          543      1614093    11522      22071.80   9237.18

Total Statistics
Type     Time(s)  Ops          TPS(ops/s)   Net(M/s)   Get_miss   Min(us)  Max(us)    Avg(us)    Std_dev    Geo_dist  
Period   10       48139        4813         0.9        0          866      1614093    15050      69831.20   9857.57
Global   180      1128929      6271         0.7        0          543      1614093    11522      22071.80   9237.18

[1;1H[2J
Get Statistics
Type     Time(s)  Ops          TPS(ops/s)   Net(M/s)   Get_miss   Min(us)  Max(us)    Avg(us)    Std_dev    Geo_dist  
Period   10       65648        6564         0.9        0          689      234861     11016      10464.57   9060.42
Global   190      1194577      6287         0.9        0          543      1614093    11494      21596.94   9227.38

Total Statistics
Type     Time(s)  Ops          TPS(ops/s)   Net(M/s)   Get_miss   Min(us)  Max(us)    Avg(us)    Std_dev    Geo_dist  
Period   10       65648        6564         0.9        0          689      234861     11016      10464.57   9060.42
Global   190      1194577      6287         0.9        0          543      1614093    11494      21596.94   9227.38

[1;1H[2J
Get Statistics
Type     Time(s)  Ops          TPS(ops/s)   Net(M/s)   Get_miss   Min(us)  Max(us)    Avg(us)    Std_dev    Geo_dist  
Period   10       61041        6104         0.9        0          580      239279     11840      13066.23   9458.01
Global   200      1255618      6278         0.8        0          543      1614093    11511      21261.56   9238.46

Total Statistics
Type     Time(s)  Ops          TPS(ops/s)   Net(M/s)   Get_miss   Min(us)  Max(us)    Avg(us)    Std_dev    Geo_dist  
Period   10       61041        6104         0.9        0          580      239279     11840      13066.23   9458.01
Global   200      1255618      6278         0.8        0          543      1614093    11511      21261.56   9238.46

[1;1H[2J
Get Statistics
Type     Time(s)  Ops          TPS(ops/s)   Net(M/s)   Get_miss   Min(us)  Max(us)    Avg(us)    Std_dev    Geo_dist  
Period   10       59138        5913         0.9        0          586      702391     12272      26679.98   9444.17
Global   210      1314756      6260         0.8        0          543      1614093    11545      21535.27   9247.62

Total Statistics
Type     Time(s)  Ops          TPS(ops/s)   Net(M/s)   Get_miss   Min(us)  Max(us)    Avg(us)    Std_dev    Geo_dist  
Period   10       59138        5913         0.9        0          586      702391     12272      26679.98   9444.17
Global   210      1314756      6260         0.8        0          543      1614093    11545      21535.27   9247.62

[1;1H[2J
Get Statistics
Type     Time(s)  Ops          TPS(ops/s)   Net(M/s)   Get_miss   Min(us)  Max(us)    Avg(us)    Std_dev    Geo_dist  
Period   10       63312        6331         0.9        0          620      278368     11459      13218.04   9396.47
Global   220      1378068      6263         0.9        0          543      1614093    11541      21224.74   9254.40

Total Statistics
Type     Time(s)  Ops          TPS(ops/s)   Net(M/s)   Get_miss   Min(us)  Max(us)    Avg(us)    Std_dev    Geo_dist  
Period   10       63313        6331         0.9        0          620      278368     11459      13217.91   9396.47
Global   220      1378069      6263         0.9        0          543      1614093    11541      21224.73   9254.40

[1;1H[2J
Get Statistics
Type     Time(s)  Ops          TPS(ops/s)   Net(M/s)   Get_miss   Min(us)  Max(us)    Avg(us)    Std_dev    Geo_dist  
Period   10       63967        6396         0.9        0          755      258399     11345      10472.50   9429.11
Global   230      1442035      6269         0.9        0          543      1614093    11533      20865.21   9262.14

Total Statistics
Type     Time(s)  Ops          TPS(ops/s)   Net(M/s)   Get_miss   Min(us)  Max(us)    Avg(us)    Std_dev    Geo_dist  
Period   10       63966        6396         0.9        0          755      258399     11345      10472.68   9430.46
Global   230      1442035      6269         0.9        0          543      1614093    11533      20865.21   9262.14

[1;1H[2J
Get Statistics
Type     Time(s)  Ops          TPS(ops/s)   Net(M/s)   Get_miss   Min(us)  Max(us)    Avg(us)    Std_dev    Geo_dist  
Period   10       62254        6225         0.9        0          657      184524     11653      11388.49   9414.76
Global   240      1504289      6267         0.9        0          543      1614093    11538      20559.84   9268.41

Total Statistics
Type     Time(s)  Ops          TPS(ops/s)   Net(M/s)   Get_miss   Min(us)  Max(us)    Avg(us)    Std_dev    Geo_dist  
Period   10       62255        6225         0.9        0          657      184524     11653      11388.36   9414.76
Global   240      1504290      6267         0.9        0          543      1614093    11538      20559.83   9268.41

[1;1H[2J
Get Statistics
Type     Time(s)  Ops          TPS(ops/s)   Net(M/s)   Get_miss   Min(us)  Max(us)    Avg(us)    Std_dev    Geo_dist  
Period   10       52991        5299         0.9        0          683      350732     11660      15921.06   9207.59
Global   250      1557280      6229         0.7        0          543      1614093    11542      20419.42   9266.39

Total Statistics
Type     Time(s)  Ops          TPS(ops/s)   Net(M/s)   Get_miss   Min(us)  Max(us)    Avg(us)    Std_dev    Geo_dist  
Period   10       52990        5299         0.9        0          683      350732     11660      15921.29   9209.18
Global   250      1557280      6229         0.7        0          543      1614093    11542      20419.42   9266.39

[1;1H[2J
Get Statistics
Type     Time(s)  Ops          TPS(ops/s)   Net(M/s)   Get_miss   Min(us)  Max(us)    Avg(us)    Std_dev    Geo_dist  
Period   10       52294        5229         0.9        0          687      2691572    15933      102025.14  9412.00
Global   260      1609574      6190         0.7        0          543      2691572    11685      27243.05   9271.08

Total Statistics
Type     Time(s)  Ops          TPS(ops/s)   Net(M/s)   Get_miss   Min(us)  Max(us)    Avg(us)    Std_dev    Geo_dist  
Period   10       52294        5229         0.9        0          687      2691572    15933      102025.14  9412.00
Global   260      1609574      6190         0.7        0          543      2691572    11685      27243.05   9271.08

[1;1H[2J
Get Statistics
Type     Time(s)  Ops          TPS(ops/s)   Net(M/s)   Get_miss   Min(us)  Max(us)    Avg(us)    Std_dev    Geo_dist  
Period   10       63235        6323         0.9        0          623      662605     11419      22473.36   9006.67
Global   270      1672809      6195         0.9        0          543      2691572    11674      27078.48   9260.95

Total Statistics
Type     Time(s)  Ops          TPS(ops/s)   Net(M/s)   Get_miss   Min(us)  Max(us)    Avg(us)    Std_dev    Geo_dist  
Period   10       63235        6323         0.9        0          623      662605     11419      22473.36   9006.67
Global   270      1672809      6195         0.9        0          543      2691572    11674      27078.48   9260.95

[1;1H[2J
Get Statistics
Type     Time(s)  Ops          TPS(ops/s)   Net(M/s)   Get_miss   Min(us)  Max(us)    Avg(us)    Std_dev    Geo_dist  
Period   10       59312        5931         0.8        0          627      452996     12290      20110.61   9404.93
Global   280      1732121      6186         0.8        0          543      2691572    11696      26869.61   9265.84

Total Statistics
Type     Time(s)  Ops          TPS(ops/s)   Net(M/s)   Get_miss   Min(us)  Max(us)    Avg(us)    Std_dev    Geo_dist  
Period   10       59312        5931         0.8        0          627      452996     12290      20110.61   9404.93
Global   280      1732121      6186         0.8        0          543      2691572    11696      26869.61   9265.84

[1;1H[2J
Get Statistics
Type     Time(s)  Ops          TPS(ops/s)   Net(M/s)   Get_miss   Min(us)  Max(us)    Avg(us)    Std_dev    Geo_dist  
Period   10       60974        6097         0.8        0          527      188737     11906      11954.87   9550.71
Global   290      1793095      6183         0.8        0          527      2691572    11703      26500.75   9275.39

Total Statistics
Type     Time(s)  Ops          TPS(ops/s)   Net(M/s)   Get_miss   Min(us)  Max(us)    Avg(us)    Std_dev    Geo_dist  
Period   10       60974        6097         0.8        0          527      188737     11906      11954.87   9550.71
Global   290      1793095      6183         0.8        0          527      2691572    11703      26500.75   9275.39

[1;1H[2J
Get Statistics
Type     Time(s)  Ops          TPS(ops/s)   Net(M/s)   Get_miss   Min(us)  Max(us)    Avg(us)    Std_dev    Geo_dist  
Period   10       64532        6453         0.9        0          656      324618     11241      12237.76   9222.00
Global   300      1857627      6192         0.9        0          527      2691572    11687      26136.21   9273.53

Total Statistics
Type     Time(s)  Ops          TPS(ops/s)   Net(M/s)   Get_miss   Min(us)  Max(us)    Avg(us)    Std_dev    Geo_dist  
Period   10       64532        6453         0.9        0          656      324618     11241      12237.76   9222.00
Global   300      1857627      6192         0.9        0          527      2691572    11687      26136.21   9273.53

[1;1H[2J
Get Statistics
Type     Time(s)  Ops          TPS(ops/s)   Net(M/s)   Get_miss   Min(us)  Max(us)    Avg(us)    Std_dev    Geo_dist  
Period   10       62265        6226         0.9        0          720      181848     11661      12843.44   9141.78
Global   310      1919892      6193         0.9        0          527      2691572    11686      25812.80   9269.22

Total Statistics
Type     Time(s)  Ops          TPS(ops/s)   Net(M/s)   Get_miss   Min(us)  Max(us)    Avg(us)    Std_dev    Geo_dist  
Period   10       62265        6226         0.9        0          720      181848     11661      12843.37   9140.43
Global   310      1919892      6193         0.9        0          527      2691572    11686      25812.80   9269.22

[1;1H[2J
Get Statistics
Type     Time(s)  Ops          TPS(ops/s)   Net(M/s)   Get_miss   Min(us)  Max(us)    Avg(us)    Std_dev    Geo_dist  
Period   10       62100        6210         0.9        0          683      209217     11576      11164.07   9382.14
Global   320      1981992      6193         0.9        0          527      2691572    11682      25482.20   9272.74

Total Statistics
Type     Time(s)  Ops          TPS(ops/s)   Net(M/s)   Get_miss   Min(us)  Max(us)    Avg(us)    Std_dev    Geo_dist  
Period   10       62100        6210         0.9        0          683      209217     11576      11164.07   9382.14
Global   320      1981992      6193         0.9        0          527      2691572    11682      25482.20   9272.74

[1;1H[2J
Get Statistics
Type     Time(s)  Ops          TPS(ops/s)   Net(M/s)   Get_miss   Min(us)  Max(us)    Avg(us)    Std_dev    Geo_dist  
Period   10       53084        5308         0.8        0          737      716043     13789      31279.05   9743.62
Global   330      2035076      6166         0.7        0          527      2691572    11737      25652.23   9284.73

Total Statistics
Type     Time(s)  Ops          TPS(ops/s)   Net(M/s)   Get_miss   Min(us)  Max(us)    Avg(us)    Std_dev    Geo_dist  
Period   10       53084        5308         0.8        0          737      716043     13789      31279.05   9743.62
Global   330      2035076      6166         0.7        0          527      2691572    11737      25652.23   9284.73

[1;1H[2J
Get Statistics
Type     Time(s)  Ops          TPS(ops/s)   Net(M/s)   Get_miss   Min(us)  Max(us)    Avg(us)    Std_dev    Geo_dist  
Period   10       56869        5686         0.8        0          690      378565     12761      18312.62   9802.73
Global   340      2091945      6152         0.8        0          527      2691572    11765      25481.14   9298.44

Total Statistics
Type     Time(s)  Ops          TPS(ops/s)   Net(M/s)   Get_miss   Min(us)  Max(us)    Avg(us)    Std_dev    Geo_dist  
Period   10       56869        5686         0.8        0          690      378565     12761      18312.62   9802.73
Global   340      2091945      6152         0.8        0          527      2691572    11765      25481.14   9298.44

[1;1H[2J
Get Statistics
Type     Time(s)  Ops          TPS(ops/s)   Net(M/s)   Get_miss   Min(us)  Max(us)    Avg(us)    Std_dev    Geo_dist  
Period   10       64326        6432         0.8        0          680      161891     11273      9653.72    9294.89
Global   350      2156271      6160         0.9        0          527      2691572    11750      25153.80   9298.34

Total Statistics
Type     Time(s)  Ops          TPS(ops/s)   Net(M/s)   Get_miss   Min(us)  Max(us)    Avg(us)    Std_dev    Geo_dist  
Period   10       64326        6432         0.8        0          680      161891     11273      9653.72    9294.89
Global   350      2156271      6160         0.9        0          527      2691572    11750      25153.80   9298.34

[1;1H[2J
Get Statistics
Type     Time(s)  Ops          TPS(ops/s)   Net(M/s)   Get_miss   Min(us)  Max(us)    Avg(us)    Std_dev    Geo_dist  
Period   10       70864        7086         0.8        0          549      148268     10253      8322.88    7963.08
Global   360      2227135      6186         1.0        0          527      2691572    11703      24795.96   9252.59

Total Statistics
Type     Time(s)  Ops          TPS(ops/s)   Net(M/s)   Get_miss   Min(us)  Max(us)    Avg(us)    Std_dev    Geo_dist  
Period   10       70865        7086         0.8        0          549      148268     10253      8322.80    7963.09
Global   360      2227136      6186         1.0        0          527      2691572    11703      24795.96   9252.59

Get Statistics (2227208 events)
   Min:       527
   Max:   2691572
   Avg:     11703
   Geo:   9252.44
   Std:  24795.51
   Log2 Dist:
       8:        0        0     1815    76572
      12:   238309    88907   1534024   258438
      16:    16126     8125     3075     1124
      20:      516      105       72

Total Statistics (2227208 events)
   Min:       527
   Max:   2691572
   Avg:     11703
   Geo:   9252.44
   Std:  24795.51
   Log2 Dist:
       8:        0        0     1815    76572
      12:   238309    88907   1534024   258438
      16:    16126     8125     3075     1124
      20:      516      105       72

cmd_get: 2227280
cmd_set: 73728
get_misses: 0
written_bytes: 60795056
read_bytes: 368079144
object_bytes: 10616832

Run time: 362.1s Ops: 2301008 TPS: 6355 Net_rate: 1.1M/s
