servers : 10.0.0.6:11212
threads count: 72
concurrency: 72
run time: 360s
windows size: 1k
set proportion: set_prop=0.00
get proportion: get_prop=1.00
[1;1H[2J
Get Statistics
Type     Time(s)  Ops          TPS(ops/s)   Net(M/s)   Get_miss   Min(us)  Max(us)    Avg(us)    Std_dev    Geo_dist  
Period   10       70737        7073         1.0        0          482      175415     10248      8402.98    8096.35
Global   10       70737        7073         1.0        0          482      175415     10248      8402.98    8096.35

Total Statistics
Type     Time(s)  Ops          TPS(ops/s)   Net(M/s)   Get_miss   Min(us)  Max(us)    Avg(us)    Std_dev    Geo_dist  
Period   10       70737        7073         1.0        0          482      175415     10248      8402.98    8096.35
Global   10       70737        7073         1.0        0          482      175415     10248      8402.98    8096.35

[1;1H[2J
Get Statistics
Type     Time(s)  Ops          TPS(ops/s)   Net(M/s)   Get_miss   Min(us)  Max(us)    Avg(us)    Std_dev    Geo_dist  
Period   10       66782        6678         0.9        0          720      153455     10857      8845.44    8899.60
Global   20       137519       6875         0.9        0          482      175415     10544      8625.71    8476.94

Total Statistics
Type     Time(s)  Ops          TPS(ops/s)   Net(M/s)   Get_miss   Min(us)  Max(us)    Avg(us)    Std_dev    Geo_dist  
Period   10       66782        6678         0.9        0          720      153455     10857      8845.44    8899.60
Global   20       137519       6875         0.9        0          482      175415     10544      8625.71    8476.94

[1;1H[2J
Get Statistics
Type     Time(s)  Ops          TPS(ops/s)   Net(M/s)   Get_miss   Min(us)  Max(us)    Avg(us)    Std_dev    Geo_dist  
Period   10       64145        6414         0.9        0          700      249897     11317      12558.95   9135.01
Global   30       201664       6722         0.9        0          482      249897     10790      10051.51   8680.95

Total Statistics
Type     Time(s)  Ops          TPS(ops/s)   Net(M/s)   Get_miss   Min(us)  Max(us)    Avg(us)    Std_dev    Geo_dist  
Period   10       64145        6414         0.9        0          700      249897     11317      12558.95   9135.01
Global   30       201664       6722         0.9        0          482      249897     10790      10051.51   8680.95

[1;1H[2J
Get Statistics
Type     Time(s)  Ops          TPS(ops/s)   Net(M/s)   Get_miss   Min(us)  Max(us)    Avg(us)    Std_dev    Geo_dist  
Period   10       56832        5683         0.9        0          674      1132091    12765      38131.91   9207.42
Global   40       258496       6462         0.8        0          482      1132091    11224      19979.24   8794.05

Total Statistics
Type     Time(s)  Ops          TPS(ops/s)   Net(M/s)   Get_miss   Min(us)  Max(us)    Avg(us)    Std_dev    Geo_dist  
Period   10       56832        5683         0.9        0          674      1132091    12765      38131.91   9207.42
Global   40       258496       6462         0.8        0          482      1132091    11224      19979.24   8794.05

[1;1H[2J
Get Statistics
Type     Time(s)  Ops          TPS(ops/s)   Net(M/s)   Get_miss   Min(us)  Max(us)    Avg(us)    Std_dev    Geo_dist  
Period   10       68976        6897         0.9        0          616      135243     10517      6561.68    8806.54
Global   50       327472       6549         0.9        0          482      1132091    11075      18006.82   8796.68

Total Statistics
Type     Time(s)  Ops          TPS(ops/s)   Net(M/s)   Get_miss   Min(us)  Max(us)    Avg(us)    Std_dev    Geo_dist  
Period   10       68978        6897         0.9        0          616      135243     10516      6563.11    8806.48
Global   50       327474       6549         0.9        0          482      1132091    11075      18006.76   8796.67

[1;1H[2J
Get Statistics
Type     Time(s)  Ops          TPS(ops/s)   Net(M/s)   Get_miss   Min(us)  Max(us)    Avg(us)    Std_dev    Geo_dist  
Period   10       67692        6769         0.9        0          522      130737     10718      7413.24    8927.31
Global   60       395164       6586         0.9        0          482      1132091    11014      16677.26   8819.32

Total Statistics
Type     Time(s)  Ops          TPS(ops/s)   Net(M/s)   Get_miss   Min(us)  Max(us)    Avg(us)    Std_dev    Geo_dist  
Period   10       67690        6769         0.9        0          522      130737     10718      7413.57    8928.62
Global   60       395164       6586         0.9        0          482      1132091    11014      16677.26   8819.32

[1;1H[2J
Get Statistics
Type     Time(s)  Ops          TPS(ops/s)   Net(M/s)   Get_miss   Min(us)  Max(us)    Avg(us)    Std_dev    Geo_dist  
Period   10       61740        6174         0.9        0          641      474857     11711      21300.77   9067.57
Global   70       456904       6527         0.8        0          482      1132091    11108      17375.79   8852.46

Total Statistics
Type     Time(s)  Ops          TPS(ops/s)   Net(M/s)   Get_miss   Min(us)  Max(us)    Avg(us)    Std_dev    Geo_dist  
Period   10       61740        6174         0.9        0          641      474857     11711      21300.77   9067.57
Global   70       456904       6527         0.8        0          482      1132091    11108      17375.79   8852.46

[1;1H[2J
Get Statistics
Type     Time(s)  Ops          TPS(ops/s)   Net(M/s)   Get_miss   Min(us)  Max(us)    Avg(us)    Std_dev    Geo_dist  
Period   10       67645        6764         0.9        0          696      123336     10684      6663.90    8978.94
Global   80       524549       6556         0.9        0          482      1132091    11053      16393.20   8868.67

Total Statistics
Type     Time(s)  Ops          TPS(ops/s)   Net(M/s)   Get_miss   Min(us)  Max(us)    Avg(us)    Std_dev    Geo_dist  
Period   10       67645        6764         0.9        0          696      123336     10684      6663.90    8978.94
Global   80       524549       6556         0.9        0          482      1132091    11053      16393.20   8868.67

[1;1H[2J
Get Statistics
Type     Time(s)  Ops          TPS(ops/s)   Net(M/s)   Get_miss   Min(us)  Max(us)    Avg(us)    Std_dev    Geo_dist  
Period   10       64243        6424         0.9        0          642      522563     11251      18132.52   9030.82
Global   90       588792       6542         0.9        0          482      1132091    11075      16591.68   8886.22

Total Statistics
Type     Time(s)  Ops          TPS(ops/s)   Net(M/s)   Get_miss   Min(us)  Max(us)    Avg(us)    Std_dev    Geo_dist  
Period   10       64243        6424         0.9        0          642      522563     11251      18132.52   9030.82
Global   90       588792       6542         0.9        0          482      1132091    11075      16591.68   8886.22

[1;1H[2J
Get Statistics
Type     Time(s)  Ops          TPS(ops/s)   Net(M/s)   Get_miss   Min(us)  Max(us)    Avg(us)    Std_dev    Geo_dist  
Period   10       67131        6713         0.9        0          450      152149     10764      8000.39    8943.10
Global   100      655923       6559         0.9        0          450      1132091    11043      15927.11   8892.03

Total Statistics
Type     Time(s)  Ops          TPS(ops/s)   Net(M/s)   Get_miss   Min(us)  Max(us)    Avg(us)    Std_dev    Geo_dist  
Period   10       67131        6713         0.9        0          450      152149     10764      8000.39    8943.10
Global   100      655923       6559         0.9        0          450      1132091    11043      15927.11   8892.03

[1;1H[2J
Get Statistics
Type     Time(s)  Ops          TPS(ops/s)   Net(M/s)   Get_miss   Min(us)  Max(us)    Avg(us)    Std_dev    Geo_dist  
Period   10       64643        6464         0.9        0          612      437169     11178      16421.60   8878.93
Global   110      720566       6550         0.9        0          450      1132091    11055      15972.21   8890.85

Total Statistics
Type     Time(s)  Ops          TPS(ops/s)   Net(M/s)   Get_miss   Min(us)  Max(us)    Avg(us)    Std_dev    Geo_dist  
Period   10       64643        6464         0.9        0          612      437169     11178      16421.60   8878.93
Global   110      720566       6550         0.9        0          450      1132091    11055      15972.21   8890.85

[1;1H[2J
Get Statistics
Type     Time(s)  Ops          TPS(ops/s)   Net(M/s)   Get_miss   Min(us)  Max(us)    Avg(us)    Std_dev    Geo_dist  
Period   10       65062        6506         0.9        0          456      206557     11099      9515.40    9153.72
Global   120      785628       6546         0.9        0          450      1132091    11059      15539.46   8912.33

Total Statistics
Type     Time(s)  Ops          TPS(ops/s)   Net(M/s)   Get_miss   Min(us)  Max(us)    Avg(us)    Std_dev    Geo_dist  
Period   10       65062        6506         0.9        0          456      206557     11099      9515.40    9153.72
Global   120      785628       6546         0.9        0          450      1132091    11059      15539.46   8912.33

[1;1H[2J
Get Statistics
Type     Time(s)  Ops          TPS(ops/s)   Net(M/s)   Get_miss   Min(us)  Max(us)    Avg(us)    Std_dev    Geo_dist  
Period   10       67258        6725         0.9        0          568      223816     10754      10359.70   8893.91
Global   130      852886       6560         0.9        0          450      1132091    11035      15195.43   8910.88

Total Statistics
Type     Time(s)  Ops          TPS(ops/s)   Net(M/s)   Get_miss   Min(us)  Max(us)    Avg(us)    Std_dev    Geo_dist  
Period   10       67258        6725         0.9        0          568      223816     10754      10359.55   8892.64
Global   130      852886       6560         0.9        0          450      1132091    11035      15195.43   8910.88

[1;1H[2J
Get Statistics
Type     Time(s)  Ops          TPS(ops/s)   Net(M/s)   Get_miss   Min(us)  Max(us)    Avg(us)    Std_dev    Geo_dist  
Period   10       57607        5760         0.9        0          657      937098     12542      34631.82   9357.79
Global   140      910493       6503         0.8        0          450      1132091    11130      17097.28   8938.51

Total Statistics
Type     Time(s)  Ops          TPS(ops/s)   Net(M/s)   Get_miss   Min(us)  Max(us)    Avg(us)    Std_dev    Geo_dist  
Period   10       57607        5760         0.9        0          657      937098     12542      34631.82   9357.79
Global   140      910493       6503         0.8        0          450      1132091    11130      17097.28   8938.51

[1;1H[2J
Get Statistics
Type     Time(s)  Ops          TPS(ops/s)   Net(M/s)   Get_miss   Min(us)  Max(us)    Avg(us)    Std_dev    Geo_dist  
Period   10       63702        6370         0.9        0          655      295823     11117      12247.10   9110.33
Global   150      974195       6494         0.9        0          450      1132091    11129      16823.01   8949.64

Total Statistics
Type     Time(s)  Ops          TPS(ops/s)   Net(M/s)   Get_miss   Min(us)  Max(us)    Avg(us)    Std_dev    Geo_dist  
Period   10       63702        6370         0.9        0          655      295823     11117      12247.10   9110.33
Global   150      974195       6494         0.9        0          450      1132091    11129      16823.01   8949.64

[1;1H[2J
Get Statistics
Type     Time(s)  Ops          TPS(ops/s)   Net(M/s)   Get_miss   Min(us)  Max(us)    Avg(us)    Std_dev    Geo_dist  
Period   10       69247        6924         0.9        0          537      294821     10647      12003.01   8847.09
Global   160      1043442      6521         1.0        0          450      1132091    11097      16547.13   8942.80

Total Statistics
Type     Time(s)  Ops          TPS(ops/s)   Net(M/s)   Get_miss   Min(us)  Max(us)    Avg(us)    Std_dev    Geo_dist  
Period   10       69247        6924         0.9        0          537      294821     10647      12003.01   8847.09
Global   160      1043442      6521         1.0        0          450      1132091    11097      16547.13   8942.80

[1;1H[2J
Get Statistics
Type     Time(s)  Ops          TPS(ops/s)   Net(M/s)   Get_miss   Min(us)  Max(us)    Avg(us)    Std_dev    Geo_dist  
Period   10       62106        6210         0.9        0          709      593821     11636      22882.01   9045.62
Global   170      1105548      6503         0.9        0          450      1132091    11128      16965.79   8948.55

Total Statistics
Type     Time(s)  Ops          TPS(ops/s)   Net(M/s)   Get_miss   Min(us)  Max(us)    Avg(us)    Std_dev    Geo_dist  
Period   10       62106        6210         0.9        0          709      593821     11636      22882.01   9045.62
Global   170      1105548      6503         0.9        0          450      1132091    11128      16965.79   8948.55

[1;1H[2J
Get Statistics
Type     Time(s)  Ops          TPS(ops/s)   Net(M/s)   Get_miss   Min(us)  Max(us)    Avg(us)    Std_dev    Geo_dist  
Period   10       48671        4867         0.9        0          617      1614679    14847      69149.20   9717.79
Global   180      1154219      6412         0.7        0          450      1614679    11284      21861.02   8979.72

Total Statistics
Type     Time(s)  Ops          TPS(ops/s)   Net(M/s)   Get_miss   Min(us)  Max(us)    Avg(us)    Std_dev    Geo_dist  
Period   10       48671        4867         0.9        0          617      1614679    14847      69149.20   9717.79
Global   180      1154219      6412         0.7        0          450      1614679    11284      21861.02   8979.72

[1;1H[2J
Get Statistics
Type     Time(s)  Ops          TPS(ops/s)   Net(M/s)   Get_miss   Min(us)  Max(us)    Avg(us)    Std_dev    Geo_dist  
Period   10       67515        6751         0.9        0          609      244303     10702      10940.47   8633.50
Global   190      1221734      6430         0.9        0          450      1614679    11252      21403.81   8960.23

Total Statistics
Type     Time(s)  Ops          TPS(ops/s)   Net(M/s)   Get_miss   Min(us)  Max(us)    Avg(us)    Std_dev    Geo_dist  
Period   10       67516        6751         0.9        0          609      244303     10702      10940.45   8633.56
Global   190      1221735      6430         0.9        0          450      1614679    11252      21403.80   8960.23

[1;1H[2J
Get Statistics
Type     Time(s)  Ops          TPS(ops/s)   Net(M/s)   Get_miss   Min(us)  Max(us)    Avg(us)    Std_dev    Geo_dist  
Period   10       62419        6241         0.9        0          671      238737     11579      12808.68   9225.91
Global   200      1284153      6420         0.9        0          450      1614679    11268      21067.32   8973.03

Total Statistics
Type     Time(s)  Ops          TPS(ops/s)   Net(M/s)   Get_miss   Min(us)  Max(us)    Avg(us)    Std_dev    Geo_dist  
Period   10       62419        6241         0.9        0          671      238737     11580      12807.84   9227.28
Global   200      1284154      6420         0.9        0          450      1614679    11268      21067.31   8973.03

[1;1H[2J
Get Statistics
Type     Time(s)  Ops          TPS(ops/s)   Net(M/s)   Get_miss   Min(us)  Max(us)    Avg(us)    Std_dev    Geo_dist  
Period   10       60177        6017         0.9        0          471      700995     12006      26297.31   9164.71
Global   210      1344330      6401         0.8        0          450      1614679    11301      21329.43   8981.59

Total Statistics
Type     Time(s)  Ops          TPS(ops/s)   Net(M/s)   Get_miss   Min(us)  Max(us)    Avg(us)    Std_dev    Geo_dist  
Period   10       60177        6017         0.9        0          471      700995     12006      26297.33   9166.10
Global   210      1344331      6401         0.8        0          450      1614679    11301      21329.42   8981.59

[1;1H[2J
Get Statistics
Type     Time(s)  Ops          TPS(ops/s)   Net(M/s)   Get_miss   Min(us)  Max(us)    Avg(us)    Std_dev    Geo_dist  
Period   10       64974        6497         0.9        0          597      277861     11121      13017.87   8976.68
Global   220      1409304      6405         0.9        0          450      1614679    11293      21018.50   8981.36

Total Statistics
Type     Time(s)  Ops          TPS(ops/s)   Net(M/s)   Get_miss   Min(us)  Max(us)    Avg(us)    Std_dev    Geo_dist  
Period   10       64974        6497         0.9        0          597      277861     11121      13017.87   8976.68
Global   220      1409305      6405         0.9        0          450      1614679    11293      21018.49   8981.36

[1;1H[2J
Get Statistics
Type     Time(s)  Ops          TPS(ops/s)   Net(M/s)   Get_miss   Min(us)  Max(us)    Avg(us)    Std_dev    Geo_dist  
Period   10       65898        6589         0.9        0          683      258873     10966      10108.57   9051.23
Global   230      1475202      6413         0.9        0          450      1614679    11278      20654.80   8984.53

Total Statistics
Type     Time(s)  Ops          TPS(ops/s)   Net(M/s)   Get_miss   Min(us)  Max(us)    Avg(us)    Std_dev    Geo_dist  
Period   10       65897        6589         0.9        0          683      258873     10966      10108.66   9051.21
Global   230      1475202      6413         0.9        0          450      1614679    11278      20654.80   8984.53

[1;1H[2J
Get Statistics
Type     Time(s)  Ops          TPS(ops/s)   Net(M/s)   Get_miss   Min(us)  Max(us)    Avg(us)    Std_dev    Geo_dist  
Period   10       62882        6288         0.9        0          643      189695     11491      11304.90   9284.81
Global   240      1538084      6408         0.9        0          450      1614679    11287      20356.80   8996.61

Total Statistics
Type     Time(s)  Ops          TPS(ops/s)   Net(M/s)   Get_miss   Min(us)  Max(us)    Avg(us)    Std_dev    Geo_dist  
Period   10       62887        6288         0.9        0          643      189695     11491      11304.48   9284.91
Global   240      1538089      6408         0.9        0          450      1614679    11287      20356.77   8996.62

[1;1H[2J
Get Statistics
Type     Time(s)  Ops          TPS(ops/s)   Net(M/s)   Get_miss   Min(us)  Max(us)    Avg(us)    Std_dev    Geo_dist  
Period   10       59733        5973         0.9        0          649      428722     11613      15200.19   9202.74
Global   250      1597817      6391         0.8        0          450      1614679    11299      20187.94   9004.49

Total Statistics
Type     Time(s)  Ops          TPS(ops/s)   Net(M/s)   Get_miss   Min(us)  Max(us)    Avg(us)    Std_dev    Geo_dist  
Period   10       59728        5972         0.9        0          649      428722     11614      15200.43   9209.78
Global   250      1597817      6391         0.8        0          450      1614679    11299      20187.94   9004.49

[1;1H[2J
Get Statistics
Type     Time(s)  Ops          TPS(ops/s)   Net(M/s)   Get_miss   Min(us)  Max(us)    Avg(us)    Std_dev    Geo_dist  
Period   10       46293        4629         0.9        0          664      2689657    16237      108530.00  9216.99
Global   260      1644110      6323         0.6        0          450      2689657    11438      26988.74   9010.41

Total Statistics
Type     Time(s)  Ops          TPS(ops/s)   Net(M/s)   Get_miss   Min(us)  Max(us)    Avg(us)    Std_dev    Geo_dist  
Period   10       46293        4629         0.9        0          664      2689657    16237      108530.00  9216.99
Global   260      1644110      6323         0.6        0          450      2689657    11438      26988.74   9010.41

[1;1H[2J
Get Statistics
Type     Time(s)  Ops          TPS(ops/s)   Net(M/s)   Get_miss   Min(us)  Max(us)    Avg(us)    Std_dev    Geo_dist  
Period   10       63042        6304         0.9        0          522      656051     11469      22944.39   8884.73
Global   270      1707152      6322         0.9        0          450      2689657    11439      26850.28   9005.74

Total Statistics
Type     Time(s)  Ops          TPS(ops/s)   Net(M/s)   Get_miss   Min(us)  Max(us)    Avg(us)    Std_dev    Geo_dist  
Period   10       63042        6304         0.9        0          522      656051     11469      22944.39   8884.73
Global   270      1707152      6322         0.9        0          450      2689657    11439      26850.28   9005.74

[1;1H[2J
Get Statistics
Type     Time(s)  Ops          TPS(ops/s)   Net(M/s)   Get_miss   Min(us)  Max(us)    Avg(us)    Std_dev    Geo_dist  
Period   10       60978        6097         0.9        0          671      452314     11850      20045.90   8996.00
Global   280      1768130      6314         0.8        0          450      2689657    11454      26644.31   9005.40

Total Statistics
Type     Time(s)  Ops          TPS(ops/s)   Net(M/s)   Get_miss   Min(us)  Max(us)    Avg(us)    Std_dev    Geo_dist  
Period   10       60978        6097         0.9        0          671      452314     11850      20045.90   8996.00
Global   280      1768130      6314         0.8        0          450      2689657    11454      26644.31   9005.40

[1;1H[2J
Get Statistics
Type     Time(s)  Ops          TPS(ops/s)   Net(M/s)   Get_miss   Min(us)  Max(us)    Avg(us)    Std_dev    Geo_dist  
Period   10       63723        6372         0.9        0          581      190109     11337      10316.26   9150.66
Global   290      1831853      6316         0.9        0          450      2689657    11449      26247.81   9010.42

Total Statistics
Type     Time(s)  Ops          TPS(ops/s)   Net(M/s)   Get_miss   Min(us)  Max(us)    Avg(us)    Std_dev    Geo_dist  
Period   10       63723        6372         0.9        0          581      190109     11337      10316.26   9150.66
Global   290      1831853      6316         0.9        0          450      2689657    11449      26247.81   9010.42

[1;1H[2J
Get Statistics
Type     Time(s)  Ops          TPS(ops/s)   Net(M/s)   Get_miss   Min(us)  Max(us)    Avg(us)    Std_dev    Geo_dist  
Period   10       64589        6458         0.9        0          655      322582     11193      13232.01   9017.83
Global   300      1896442      6321         0.9        0          450      2689657    11441      25912.01   9010.67

Total Statistics
Type     Time(s)  Ops          TPS(ops/s)   Net(M/s)   Get_miss   Min(us)  Max(us)    Avg(us)    Std_dev    Geo_dist  
Period   10       64589        6458         0.9        0          655      322582     11193      13232.01   9017.83
Global   300      1896442      6321         0.9        0          450      2689657    11441      25912.01   9010.67

[1;1H[2J
Get Statistics
Type     Time(s)  Ops          TPS(ops/s)   Net(M/s)   Get_miss   Min(us)  Max(us)    Avg(us)    Std_dev    Geo_dist  
Period   10       63376        6337         0.9        0          518      186008     11399      12785.74   8835.98
Global   310      1959818      6321         0.9        0          450      2689657    11439      25593.37   9004.97

Total Statistics
Type     Time(s)  Ops          TPS(ops/s)   Net(M/s)   Get_miss   Min(us)  Max(us)    Avg(us)    Std_dev    Geo_dist  
Period   10       63376        6337         0.9        0          518      186008     11399      12785.74   8835.98
Global   310      1959818      6321         0.9        0          450      2689657    11439      25593.37   9004.97

[1;1H[2J
Get Statistics
Type     Time(s)  Ops          TPS(ops/s)   Net(M/s)   Get_miss   Min(us)  Max(us)    Avg(us)    Std_dev    Geo_dist  
Period   10       63832        6383         0.9        0          482      209664     11294      10699.60   9060.61
Global   320      2023650      6323         0.9        0          450      2689657    11435      25257.83   9006.72

Total Statistics
Type     Time(s)  Ops          TPS(ops/s)   Net(M/s)   Get_miss   Min(us)  Max(us)    Avg(us)    Std_dev    Geo_dist  
Period   10       63832        6383         0.9        0          482      209664     11294      10699.60   9060.61
Global   320      2023650      6323         0.9        0          450      2689657    11435      25257.83   9006.72

[1;1H[2J
Get Statistics
Type     Time(s)  Ops          TPS(ops/s)   Net(M/s)   Get_miss   Min(us)  Max(us)    Avg(us)    Std_dev    Geo_dist  
Period   10       53571        5357         0.9        0          448      713578     13521      31085.23   9406.52
Global   330      2077221      6294         0.7        0          448      2689657    11489      25426.95   9016.81

Total Statistics
Type     Time(s)  Ops          TPS(ops/s)   Net(M/s)   Get_miss   Min(us)  Max(us)    Avg(us)    Std_dev    Geo_dist  
Period   10       53571        5357         0.9        0          448      713578     13521      31085.23   9406.52
Global   330      2077221      6294         0.7        0          448      2689657    11489      25426.95   9016.81

[1;1H[2J
Get Statistics
Type     Time(s)  Ops          TPS(ops/s)   Net(M/s)   Get_miss   Min(us)  Max(us)    Avg(us)    Std_dev    Geo_dist  
Period   10       58013        5801         0.9        0          682      379142     12446      17526.62   9570.01
Global   340      2135234      6280         0.8        0          448      2689657    11515      25245.47   9031.41

Total Statistics
Type     Time(s)  Ops          TPS(ops/s)   Net(M/s)   Get_miss   Min(us)  Max(us)    Avg(us)    Std_dev    Geo_dist  
Period   10       58013        5801         0.9        0          682      379142     12446      17526.62   9570.01
Global   340      2135234      6280         0.8        0          448      2689657    11515      25245.47   9031.41

[1;1H[2J
Get Statistics
Type     Time(s)  Ops          TPS(ops/s)   Net(M/s)   Get_miss   Min(us)  Max(us)    Avg(us)    Std_dev    Geo_dist  
Period   10       65098        6509         0.9        0          672      211089     11111      10804.49   8958.87
Global   350      2200332      6286         0.9        0          448      2689657    11503      24938.67   9029.25

Total Statistics
Type     Time(s)  Ops          TPS(ops/s)   Net(M/s)   Get_miss   Min(us)  Max(us)    Avg(us)    Std_dev    Geo_dist  
Period   10       65098        6509         0.9        0          672      211089     11111      10804.49   8958.87
Global   350      2200332      6286         0.9        0          448      2689657    11503      24938.67   9029.25

[1;1H[2J
Get Statistics
Type     Time(s)  Ops          TPS(ops/s)   Net(M/s)   Get_miss   Min(us)  Max(us)    Avg(us)    Std_dev    Geo_dist  
Period   10       64683        6468         0.9        0          660      149413     11180      8566.15    9221.24
Global   360      2265015      6291         0.9        0          448      2689657    11493      24623.01   9034.68

Total Statistics
Type     Time(s)  Ops          TPS(ops/s)   Net(M/s)   Get_miss   Min(us)  Max(us)    Avg(us)    Std_dev    Geo_dist  
Period   10       64683        6468         0.9        0          660      149413     11180      8566.15    9221.24
Global   360      2265015      6291         0.9        0          448      2689657    11493      24623.01   9034.68

Get Statistics (2265087 events)
   Min:       448
   Max:   2689657
   Avg:     11493
   Geo:   9034.74
   Std:  24622.64
   Log2 Dist:
       8:        0       10     2375    86661
      12:   254349    97698   1547657   247468
      16:    15925     8093     3046     1115
      20:      507      111       72

Total Statistics (2265087 events)
   Min:       448
   Max:   2689657
   Avg:     11493
   Geo:   9034.74
   Std:  24622.64
   Log2 Dist:
       8:        0       10     2375    86661
      12:   254349    97698   1547657   247468
      16:    15925     8093     3046     1115
      20:      507      111       72

cmd_get: 2265159
cmd_set: 73728
get_misses: 0
written_bytes: 61628394
read_bytes: 374329179
object_bytes: 10616832

Run time: 361.7s Ops: 2338887 TPS: 6467 Net_rate: 1.1M/s
