servers : 10.0.0.6:11212
threads count: 216
concurrency: 216
run time: 720s
windows size: 1k
set proportion: set_prop=0.00
get proportion: get_prop=1.00
[1;1H[2J
Get Statistics
Type     Time(s)  Ops          TPS(ops/s)   Net(M/s)   Get_miss   Min(us)  Max(us)    Avg(us)    Std_dev    Geo_dist  
Period   10       55426        5542         0.8        0          582      290204     39035      47602.53   19869.76
Global   10       55426        5542         0.8        0          582      290204     39035      47602.53   19869.76

Total Statistics
Type     Time(s)  Ops          TPS(ops/s)   Net(M/s)   Get_miss   Min(us)  Max(us)    Avg(us)    Std_dev    Geo_dist  
Period   10       55426        5542         0.8        0          582      290204     39035      47602.53   19869.76
Global   10       55426        5542         0.8        0          582      290204     39035      47602.53   19869.76

[1;1H[2J
Get Statistics
Type     Time(s)  Ops          TPS(ops/s)   Net(M/s)   Get_miss   Min(us)  Max(us)    Avg(us)    Std_dev    Geo_dist  
Period   10       51919        5191         0.7        0          583      307742     41941      56096.91   18763.91
Global   20       107345       5367         0.7        0          582      307742     40441      51904.61   19326.99

Total Statistics
Type     Time(s)  Ops          TPS(ops/s)   Net(M/s)   Get_miss   Min(us)  Max(us)    Avg(us)    Std_dev    Geo_dist  
Period   10       51919        5191         0.7        0          583      307742     41941      56096.91   18763.91
Global   20       107345       5367         0.7        0          582      307742     40441      51904.61   19326.99

[1;1H[2J
Get Statistics
Type     Time(s)  Ops          TPS(ops/s)   Net(M/s)   Get_miss   Min(us)  Max(us)    Avg(us)    Std_dev    Geo_dist  
Period   10       48834        4883         0.7        0          554      419190     44608      62189.58   19265.19
Global   30       156179       5205         0.7        0          554      419190     41744      55359.81   19307.65

Total Statistics
Type     Time(s)  Ops          TPS(ops/s)   Net(M/s)   Get_miss   Min(us)  Max(us)    Avg(us)    Std_dev    Geo_dist  
Period   10       48834        4883         0.7        0          554      419190     44608      62189.58   19265.19
Global   30       156179       5205         0.7        0          554      419190     41744      55359.81   19307.65

[1;1H[2J
Get Statistics
Type     Time(s)  Ops          TPS(ops/s)   Net(M/s)   Get_miss   Min(us)  Max(us)    Avg(us)    Std_dev    Geo_dist  
Period   10       49759        4975         0.7        0          493      491693     43680      60894.31   18962.52
Global   40       205938       5148         0.7        0          493      491693     42211      56753.01   19223.68

Total Statistics
Type     Time(s)  Ops          TPS(ops/s)   Net(M/s)   Get_miss   Min(us)  Max(us)    Avg(us)    Std_dev    Geo_dist  
Period   10       49759        4975         0.7        0          493      491693     43680      60894.31   18962.52
Global   40       205938       5148         0.7        0          493      491693     42211      56753.01   19223.68

[1;1H[2J
Get Statistics
Type     Time(s)  Ops          TPS(ops/s)   Net(M/s)   Get_miss   Min(us)  Max(us)    Avg(us)    Std_dev    Geo_dist  
Period   10       49265        4926         0.7        0          634      363283     44273      57603.67   19772.60
Global   50       255203       5104         0.7        0          493      491693     42609      56923.96   19328.45

Total Statistics
Type     Time(s)  Ops          TPS(ops/s)   Net(M/s)   Get_miss   Min(us)  Max(us)    Avg(us)    Std_dev    Geo_dist  
Period   10       49265        4926         0.7        0          634      363283     44273      57603.67   19772.60
Global   50       255203       5104         0.7        0          493      491693     42609      56923.96   19328.45

[1;1H[2J
Get Statistics
Type     Time(s)  Ops          TPS(ops/s)   Net(M/s)   Get_miss   Min(us)  Max(us)    Avg(us)    Std_dev    Geo_dist  
Period   10       50714        5071         0.7        0          527      348229     42892      57230.92   19042.94
Global   60       305917       5098         0.7        0          493      491693     42656      56974.90   19280.82

Total Statistics
Type     Time(s)  Ops          TPS(ops/s)   Net(M/s)   Get_miss   Min(us)  Max(us)    Avg(us)    Std_dev    Geo_dist  
Period   10       50714        5071         0.7        0          527      348229     42892      57230.92   19042.94
Global   60       305917       5098         0.7        0          493      491693     42656      56974.90   19280.82

[1;1H[2J
Get Statistics
Type     Time(s)  Ops          TPS(ops/s)   Net(M/s)   Get_miss   Min(us)  Max(us)    Avg(us)    Std_dev    Geo_dist  
Period   10       48453        4845         0.7        0          554      461979     44996      61528.45   19973.90
Global   70       354370       5062         0.7        0          493      491693     42976      57624.23   19374.15

Total Statistics
Type     Time(s)  Ops          TPS(ops/s)   Net(M/s)   Get_miss   Min(us)  Max(us)    Avg(us)    Std_dev    Geo_dist  
Period   10       48453        4845         0.7        0          554      461979     44996      61528.45   19973.90
Global   70       354370       5062         0.7        0          493      491693     42976      57624.23   19374.15

[1;1H[2J
Get Statistics
Type     Time(s)  Ops          TPS(ops/s)   Net(M/s)   Get_miss   Min(us)  Max(us)    Avg(us)    Std_dev    Geo_dist  
Period   10       48657        4865         0.7        0          558      632071     44609      64772.13   19374.12
Global   80       403027       5037         0.7        0          493      632071     43173      58535.98   19374.15

Total Statistics
Type     Time(s)  Ops          TPS(ops/s)   Net(M/s)   Get_miss   Min(us)  Max(us)    Avg(us)    Std_dev    Geo_dist  
Period   10       48657        4865         0.7        0          558      632071     44609      64772.13   19374.12
Global   80       403027       5037         0.7        0          493      632071     43173      58535.98   19374.15

[1;1H[2J
Get Statistics
Type     Time(s)  Ops          TPS(ops/s)   Net(M/s)   Get_miss   Min(us)  Max(us)    Avg(us)    Std_dev    Geo_dist  
Period   10       49976        4997         0.7        0          507      330581     43527      52092.23   21432.16
Global   90       453003       5033         0.7        0          493      632071     43212      57860.42   19591.13

Total Statistics
Type     Time(s)  Ops          TPS(ops/s)   Net(M/s)   Get_miss   Min(us)  Max(us)    Avg(us)    Std_dev    Geo_dist  
Period   10       49976        4997         0.7        0          507      330581     43527      52092.23   21432.16
Global   90       453003       5033         0.7        0          493      632071     43212      57860.42   19591.13

[1;1H[2J
Get Statistics
Type     Time(s)  Ops          TPS(ops/s)   Net(M/s)   Get_miss   Min(us)  Max(us)    Avg(us)    Std_dev    Geo_dist  
Period   10       49958        4995         0.7        0          439      286712     43215      56390.85   19356.82
Global   100      502961       5029         0.7        0          439      632071     43213      57715.54   19567.73

Total Statistics
Type     Time(s)  Ops          TPS(ops/s)   Net(M/s)   Get_miss   Min(us)  Max(us)    Avg(us)    Std_dev    Geo_dist  
Period   10       49958        4995         0.7        0          439      286712     43215      56390.85   19356.82
Global   100      502961       5029         0.7        0          439      632071     43213      57715.54   19567.73

[1;1H[2J
Get Statistics
Type     Time(s)  Ops          TPS(ops/s)   Net(M/s)   Get_miss   Min(us)  Max(us)    Avg(us)    Std_dev    Geo_dist  
Period   10       48142        4814         0.7        0          536      558193     45176      64328.84   18783.28
Global   110      551103       5010         0.7        0          439      632071     43384      58326.08   19497.92

Total Statistics
Type     Time(s)  Ops          TPS(ops/s)   Net(M/s)   Get_miss   Min(us)  Max(us)    Avg(us)    Std_dev    Geo_dist  
Period   10       48142        4814         0.7        0          536      558193     45176      64328.84   18783.28
Global   110      551103       5010         0.7        0          439      632071     43384      58326.08   19497.92

[1;1H[2J
Get Statistics
Type     Time(s)  Ops          TPS(ops/s)   Net(M/s)   Get_miss   Min(us)  Max(us)    Avg(us)    Std_dev    Geo_dist  
Period   10       50456        5045         0.7        0          587      369151     42940      60677.95   17931.83
Global   120      601559       5012         0.7        0          439      632071     43347      58526.87   19361.46

Total Statistics
Type     Time(s)  Ops          TPS(ops/s)   Net(M/s)   Get_miss   Min(us)  Max(us)    Avg(us)    Std_dev    Geo_dist  
Period   10       50456        5045         0.7        0          587      369151     42940      60677.95   17931.83
Global   120      601559       5012         0.7        0          439      632071     43347      58526.87   19361.46

[1;1H[2J
Get Statistics
Type     Time(s)  Ops          TPS(ops/s)   Net(M/s)   Get_miss   Min(us)  Max(us)    Avg(us)    Std_dev    Geo_dist  
Period   10       48355        4835         0.7        0          526      420059     44903      58126.14   20511.77
Global   130      649914       4999         0.7        0          439      632071     43463      58498.36   19444.78

Total Statistics
Type     Time(s)  Ops          TPS(ops/s)   Net(M/s)   Get_miss   Min(us)  Max(us)    Avg(us)    Std_dev    Geo_dist  
Period   10       48355        4835         0.7        0          526      420059     44903      58126.14   20511.77
Global   130      649914       4999         0.7        0          439      632071     43463      58498.36   19444.78

[1;1H[2J
Get Statistics
Type     Time(s)  Ops          TPS(ops/s)   Net(M/s)   Get_miss   Min(us)  Max(us)    Avg(us)    Std_dev    Geo_dist  
Period   10       46603        4660         0.7        0          554      574698     46486      68784.43   18866.30
Global   140      696517       4975         0.6        0          439      632071     43665      59247.32   19405.53

Total Statistics
Type     Time(s)  Ops          TPS(ops/s)   Net(M/s)   Get_miss   Min(us)  Max(us)    Avg(us)    Std_dev    Geo_dist  
Period   10       46603        4660         0.7        0          554      574698     46486      68784.43   18866.30
Global   140      696517       4975         0.6        0          439      632071     43665      59247.32   19405.53

[1;1H[2J
Get Statistics
Type     Time(s)  Ops          TPS(ops/s)   Net(M/s)   Get_miss   Min(us)  Max(us)    Avg(us)    Std_dev    Geo_dist  
Period   10       46449        4644         0.7        0          541      550427     46543      69834.02   18585.69
Global   150      742966       4953         0.6        0          439      632071     43845      59967.92   19353.23

Total Statistics
Type     Time(s)  Ops          TPS(ops/s)   Net(M/s)   Get_miss   Min(us)  Max(us)    Avg(us)    Std_dev    Geo_dist  
Period   10       46449        4644         0.7        0          541      550427     46543      69834.02   18585.69
Global   150      742966       4953         0.6        0          439      632071     43845      59967.92   19353.23

[1;1H[2J
Get Statistics
Type     Time(s)  Ops          TPS(ops/s)   Net(M/s)   Get_miss   Min(us)  Max(us)    Avg(us)    Std_dev    Geo_dist  
Period   10       49738        4973         0.7        0          548      447679     43782      58949.31   19669.59
Global   160      792704       4954         0.7        0          439      632071     43841      59904.52   19372.93

Total Statistics
Type     Time(s)  Ops          TPS(ops/s)   Net(M/s)   Get_miss   Min(us)  Max(us)    Avg(us)    Std_dev    Geo_dist  
Period   10       49738        4973         0.7        0          548      447679     43782      58949.31   19669.59
Global   160      792704       4954         0.7        0          439      632071     43841      59904.52   19372.93

[1;1H[2J
Get Statistics
Type     Time(s)  Ops          TPS(ops/s)   Net(M/s)   Get_miss   Min(us)  Max(us)    Avg(us)    Std_dev    Geo_dist  
Period   10       50498        5049         0.7        0          520      454976     42846      58336.31   18971.77
Global   170      843202       4960         0.7        0          439      632071     43781      59812.49   19348.67

Total Statistics
Type     Time(s)  Ops          TPS(ops/s)   Net(M/s)   Get_miss   Min(us)  Max(us)    Avg(us)    Std_dev    Geo_dist  
Period   10       50498        5049         0.7        0          520      454976     42846      58336.31   18971.77
Global   170      843202       4960         0.7        0          439      632071     43781      59812.49   19348.67

[1;1H[2J
Get Statistics
Type     Time(s)  Ops          TPS(ops/s)   Net(M/s)   Get_miss   Min(us)  Max(us)    Avg(us)    Std_dev    Geo_dist  
Period   10       50301        5030         0.7        0          620      339780     43225      58011.62   18681.25
Global   180      893503       4963         0.7        0          439      632071     43750      59712.44   19310.47

Total Statistics
Type     Time(s)  Ops          TPS(ops/s)   Net(M/s)   Get_miss   Min(us)  Max(us)    Avg(us)    Std_dev    Geo_dist  
Period   10       50301        5030         0.7        0          620      339780     43225      58011.62   18681.25
Global   180      893503       4963         0.7        0          439      632071     43750      59712.44   19310.47

[1;1H[2J
Get Statistics
Type     Time(s)  Ops          TPS(ops/s)   Net(M/s)   Get_miss   Min(us)  Max(us)    Avg(us)    Std_dev    Geo_dist  
Period   10       51702        5170         0.7        0          567      271570     41890      55398.70   18762.65
Global   190      945205       4974         0.7        0          439      632071     43648      59486.23   19280.09

Total Statistics
Type     Time(s)  Ops          TPS(ops/s)   Net(M/s)   Get_miss   Min(us)  Max(us)    Avg(us)    Std_dev    Geo_dist  
Period   10       51702        5170         0.7        0          567      271570     41888      55397.50   18758.39
Global   190      945205       4974         0.7        0          439      632071     43648      59486.23   19280.09

[1;1H[2J
Get Statistics
Type     Time(s)  Ops          TPS(ops/s)   Net(M/s)   Get_miss   Min(us)  Max(us)    Avg(us)    Std_dev    Geo_dist  
Period   10       52149        5214         0.7        0          537      329244     41641      56201.46   18334.10
Global   200      997354       4986         0.7        0          439      632071     43543      59320.69   19229.44

Total Statistics
Type     Time(s)  Ops          TPS(ops/s)   Net(M/s)   Get_miss   Min(us)  Max(us)    Avg(us)    Std_dev    Geo_dist  
Period   10       52150        5215         0.7        0          537      329244     41641      56200.65   18333.95
Global   200      997355       4986         0.7        0          439      632071     43543      59320.64   19229.43

[1;1H[2J
Get Statistics
Type     Time(s)  Ops          TPS(ops/s)   Net(M/s)   Get_miss   Min(us)  Max(us)    Avg(us)    Std_dev    Geo_dist  
Period   10       52154        5215         0.7        0          514      325831     41536      53852.21   19209.85
Global   210      1049508      4997         0.7        0          439      632071     43444      59061.94   19228.64

Total Statistics
Type     Time(s)  Ops          TPS(ops/s)   Net(M/s)   Get_miss   Min(us)  Max(us)    Avg(us)    Std_dev    Geo_dist  
Period   10       52153        5215         0.7        0          514      325831     41537      53852.26   19213.48
Global   210      1049508      4997         0.7        0          439      632071     43444      59061.94   19228.64

[1;1H[2J
Get Statistics
Type     Time(s)  Ops          TPS(ops/s)   Net(M/s)   Get_miss   Min(us)  Max(us)    Avg(us)    Std_dev    Geo_dist  
Period   10       50465        5046         0.7        0          522      353706     42942      55111.13   20065.78
Global   220      1099973      4999         0.7        0          439      632071     43421      58886.53   19266.27

Total Statistics
Type     Time(s)  Ops          TPS(ops/s)   Net(M/s)   Get_miss   Min(us)  Max(us)    Avg(us)    Std_dev    Geo_dist  
Period   10       50466        5046         0.7        0          522      353706     42941      55111.04   20064.83
Global   220      1099974      4999         0.7        0          439      632071     43421      58886.49   19266.23

[1;1H[2J
Get Statistics
Type     Time(s)  Ops          TPS(ops/s)   Net(M/s)   Get_miss   Min(us)  Max(us)    Avg(us)    Std_dev    Geo_dist  
Period   10       49489        4948         0.7        0          491      482682     43840      64123.42   18701.17
Global   230      1149462      4997         0.7        0          439      632071     43439      59121.62   19241.72

Total Statistics
Type     Time(s)  Ops          TPS(ops/s)   Net(M/s)   Get_miss   Min(us)  Max(us)    Avg(us)    Std_dev    Geo_dist  
Period   10       49488        4948         0.7        0          491      482682     43841      64123.68   18695.95
Global   230      1149462      4997         0.7        0          439      632071     43439      59121.62   19241.72

[1;1H[2J
Get Statistics
Type     Time(s)  Ops          TPS(ops/s)   Net(M/s)   Get_miss   Min(us)  Max(us)    Avg(us)    Std_dev    Geo_dist  
Period   10       52764        5276         0.7        0          506      250787     41105      56416.92   17691.51
Global   240      1202226      5009         0.7        0          439      632071     43336      59007.84   19170.92

Total Statistics
Type     Time(s)  Ops          TPS(ops/s)   Net(M/s)   Get_miss   Min(us)  Max(us)    Avg(us)    Std_dev    Geo_dist  
Period   10       52764        5276         0.7        0          506      250787     41105      56416.92   17691.51
Global   240      1202226      5009         0.7        0          439      632071     43336      59007.84   19170.92

[1;1H[2J
Get Statistics
Type     Time(s)  Ops          TPS(ops/s)   Net(M/s)   Get_miss   Min(us)  Max(us)    Avg(us)    Std_dev    Geo_dist  
Period   10       49786        4978         0.7        0          600      375137     43526      60366.53   18462.84
Global   250      1252012      5008         0.7        0          439      632071     43344      59062.13   19142.25

Total Statistics
Type     Time(s)  Ops          TPS(ops/s)   Net(M/s)   Get_miss   Min(us)  Max(us)    Avg(us)    Std_dev    Geo_dist  
Period   10       49786        4978         0.7        0          600      375137     43526      60366.53   18462.84
Global   250      1252012      5008         0.7        0          439      632071     43344      59062.13   19142.25

[1;1H[2J
Get Statistics
Type     Time(s)  Ops          TPS(ops/s)   Net(M/s)   Get_miss   Min(us)  Max(us)    Avg(us)    Std_dev    Geo_dist  
Period   10       52095        5209         0.7        0          593      283429     41482      53580.52   19135.28
Global   260      1304107      5015         0.7        0          439      632071     43269      58854.51   19141.97

Total Statistics
Type     Time(s)  Ops          TPS(ops/s)   Net(M/s)   Get_miss   Min(us)  Max(us)    Avg(us)    Std_dev    Geo_dist  
Period   10       52095        5209         0.7        0          593      283429     41482      53580.52   19135.28
Global   260      1304107      5015         0.7        0          439      632071     43269      58854.51   19141.97

[1;1H[2J
Get Statistics
Type     Time(s)  Ops          TPS(ops/s)   Net(M/s)   Get_miss   Min(us)  Max(us)    Avg(us)    Std_dev    Geo_dist  
Period   10       50269        5026         0.7        0          490      372270     43234      59483.47   18618.90
Global   270      1354376      5016         0.7        0          439      632071     43268      58877.74   19122.29

Total Statistics
Type     Time(s)  Ops          TPS(ops/s)   Net(M/s)   Get_miss   Min(us)  Max(us)    Avg(us)    Std_dev    Geo_dist  
Period   10       50269        5026         0.7        0          490      372270     43234      59483.47   18618.90
Global   270      1354376      5016         0.7        0          439      632071     43268      58877.74   19122.29

[1;1H[2J
Get Statistics
Type     Time(s)  Ops          TPS(ops/s)   Net(M/s)   Get_miss   Min(us)  Max(us)    Avg(us)    Std_dev    Geo_dist  
Period   10       50862        5086         0.7        0          561      322046     42755      55734.87   19498.50
Global   280      1405238      5018         0.7        0          439      632071     43250      58766.55   19135.78

Total Statistics
Type     Time(s)  Ops          TPS(ops/s)   Net(M/s)   Get_miss   Min(us)  Max(us)    Avg(us)    Std_dev    Geo_dist  
Period   10       50862        5086         0.7        0          561      322046     42755      55734.87   19498.50
Global   280      1405238      5018         0.7        0          439      632071     43250      58766.55   19135.78

[1;1H[2J
Get Statistics
Type     Time(s)  Ops          TPS(ops/s)   Net(M/s)   Get_miss   Min(us)  Max(us)    Avg(us)    Std_dev    Geo_dist  
Period   10       48798        4879         0.7        0          519      633254     44369      62069.08   19930.44
Global   290      1454036      5013         0.7        0          439      633254     43287      58881.12   19161.93

Total Statistics
Type     Time(s)  Ops          TPS(ops/s)   Net(M/s)   Get_miss   Min(us)  Max(us)    Avg(us)    Std_dev    Geo_dist  
Period   10       48799        4879         0.7        0          519      633254     44369      62068.12   19929.43
Global   290      1454037      5013         0.7        0          439      633254     43287      58881.09   19161.90

[1;1H[2J
Get Statistics
Type     Time(s)  Ops          TPS(ops/s)   Net(M/s)   Get_miss   Min(us)  Max(us)    Avg(us)    Std_dev    Geo_dist  
Period   10       50395        5039         0.7        0          568      259942     43054      58767.04   18379.03
Global   300      1504431      5014         0.7        0          439      633254     43279      58877.44   19135.27

Total Statistics
Type     Time(s)  Ops          TPS(ops/s)   Net(M/s)   Get_miss   Min(us)  Max(us)    Avg(us)    Std_dev    Geo_dist  
Period   10       50394        5039         0.7        0          568      259942     43055      58767.20   18382.62
Global   300      1504431      5014         0.7        0          439      633254     43279      58877.44   19135.27

[1;1H[2J
Get Statistics
Type     Time(s)  Ops          TPS(ops/s)   Net(M/s)   Get_miss   Min(us)  Max(us)    Avg(us)    Std_dev    Geo_dist  
Period   10       50801        5080         0.7        0          477      242750     42666      57736.41   18368.89
Global   310      1555232      5016         0.7        0          439      633254     43259      58840.59   19109.74

Total Statistics
Type     Time(s)  Ops          TPS(ops/s)   Net(M/s)   Get_miss   Min(us)  Max(us)    Avg(us)    Std_dev    Geo_dist  
Period   10       50802        5080         0.7        0          477      242750     42665      57736.29   18368.68
Global   310      1555233      5016         0.7        0          439      633254     43259      58840.56   19109.73

[1;1H[2J
Get Statistics
Type     Time(s)  Ops          TPS(ops/s)   Net(M/s)   Get_miss   Min(us)  Max(us)    Avg(us)    Std_dev    Geo_dist  
Period   10       49124        4912         0.7        0          491      306080     44248      60962.62   18675.71
Global   320      1604356      5013         0.7        0          439      633254     43290      58906.40   19096.41

Total Statistics
Type     Time(s)  Ops          TPS(ops/s)   Net(M/s)   Get_miss   Min(us)  Max(us)    Avg(us)    Std_dev    Geo_dist  
Period   10       49123        4912         0.7        0          491      306080     44249      60962.84   18679.45
Global   320      1604356      5013         0.7        0          439      633254     43290      58906.40   19096.41

[1;1H[2J
Get Statistics
Type     Time(s)  Ops          TPS(ops/s)   Net(M/s)   Get_miss   Min(us)  Max(us)    Avg(us)    Std_dev    Geo_dist  
Period   10       48198        4819         0.7        0          494      309685     44909      56890.14   20601.45
Global   330      1652554      5007         0.7        0          439      633254     43337      58849.34   19138.71

Total Statistics
Type     Time(s)  Ops          TPS(ops/s)   Net(M/s)   Get_miss   Min(us)  Max(us)    Avg(us)    Std_dev    Geo_dist  
Period   10       48198        4819         0.7        0          494      309685     44909      56890.14   20601.45
Global   330      1652554      5007         0.7        0          439      633254     43337      58849.34   19138.71

[1;1H[2J
Get Statistics
Type     Time(s)  Ops          TPS(ops/s)   Net(M/s)   Get_miss   Min(us)  Max(us)    Avg(us)    Std_dev    Geo_dist  
Period   10       45746        4574         0.7        0          448      385326     47735      69343.03   19492.11
Global   340      1698300      4995         0.6        0          439      633254     43455      59161.01   19148.14

Total Statistics
Type     Time(s)  Ops          TPS(ops/s)   Net(M/s)   Get_miss   Min(us)  Max(us)    Avg(us)    Std_dev    Geo_dist  
Period   10       45746        4574         0.7        0          448      385326     47735      69343.03   19492.11
Global   340      1698300      4995         0.6        0          439      633254     43455      59161.01   19148.14

[1;1H[2J
Get Statistics
Type     Time(s)  Ops          TPS(ops/s)   Net(M/s)   Get_miss   Min(us)  Max(us)    Avg(us)    Std_dev    Geo_dist  
Period   10       48900        4890         0.7        0          586      356884     44356      60732.71   19399.86
Global   350      1747200      4992         0.7        0          439      633254     43481      59205.16   19155.14

Total Statistics
Type     Time(s)  Ops          TPS(ops/s)   Net(M/s)   Get_miss   Min(us)  Max(us)    Avg(us)    Std_dev    Geo_dist  
Period   10       48900        4890         0.7        0          586      356884     44356      60732.69   19396.16
Global   350      1747200      4992         0.7        0          439      633254     43481      59205.16   19155.14

[1;1H[2J
Get Statistics
Type     Time(s)  Ops          TPS(ops/s)   Net(M/s)   Get_miss   Min(us)  Max(us)    Avg(us)    Std_dev    Geo_dist  
Period   10       48456        4845         0.7        0          551      321488     44707      62376.64   18516.05
Global   360      1795656      4987         0.7        0          439      633254     43514      59293.34   19137.61

Total Statistics
Type     Time(s)  Ops          TPS(ops/s)   Net(M/s)   Get_miss   Min(us)  Max(us)    Avg(us)    Std_dev    Geo_dist  
Period   10       48456        4845         0.7        0          551      321488     44707      62376.64   18516.05
Global   360      1795656      4987         0.7        0          439      633254     43514      59293.34   19137.61

[1;1H[2J
Get Statistics
Type     Time(s)  Ops          TPS(ops/s)   Net(M/s)   Get_miss   Min(us)  Max(us)    Avg(us)    Std_dev    Geo_dist  
Period   10       50829        5082         0.7        0          591      309853     42663      56815.24   19150.79
Global   370      1846485      4990         0.7        0          439      633254     43490      59227.09   19137.97

Total Statistics
Type     Time(s)  Ops          TPS(ops/s)   Net(M/s)   Get_miss   Min(us)  Max(us)    Avg(us)    Std_dev    Geo_dist  
Period   10       50829        5082         0.7        0          591      309853     42663      56815.24   19150.79
Global   370      1846485      4990         0.7        0          439      633254     43490      59227.09   19137.97

[1;1H[2J
Get Statistics
Type     Time(s)  Ops          TPS(ops/s)   Net(M/s)   Get_miss   Min(us)  Max(us)    Avg(us)    Std_dev    Geo_dist  
Period   10       51744        5174         0.7        0          522      264071     41933      55894.32   18625.70
Global   380      1898229      4995         0.7        0          439      633254     43448      59138.93   19123.82

Total Statistics
Type     Time(s)  Ops          TPS(ops/s)   Net(M/s)   Get_miss   Min(us)  Max(us)    Avg(us)    Std_dev    Geo_dist  
Period   10       51744        5174         0.7        0          522      264071     41933      55894.32   18625.70
Global   380      1898229      4995         0.7        0          439      633254     43448      59138.93   19123.82

[1;1H[2J
Get Statistics
Type     Time(s)  Ops          TPS(ops/s)   Net(M/s)   Get_miss   Min(us)  Max(us)    Avg(us)    Std_dev    Geo_dist  
Period   10       47636        4763         0.7        0          597      320801     45518      61262.12   19752.00
Global   390      1945865      4989         0.7        0          439      633254     43498      59193.16   19138.96

Total Statistics
Type     Time(s)  Ops          TPS(ops/s)   Net(M/s)   Get_miss   Min(us)  Max(us)    Avg(us)    Std_dev    Geo_dist  
Period   10       47636        4763         0.7        0          597      320801     45518      61262.12   19752.00
Global   390      1945865      4989         0.7        0          439      633254     43498      59193.16   19138.96

[1;1H[2J
Get Statistics
Type     Time(s)  Ops          TPS(ops/s)   Net(M/s)   Get_miss   Min(us)  Max(us)    Avg(us)    Std_dev    Geo_dist  
Period   10       50056        5005         0.7        0          541      277034     43350      58913.43   18799.01
Global   400      1995921      4989         0.7        0          439      633254     43495      59185.63   19130.36

Total Statistics
Type     Time(s)  Ops          TPS(ops/s)   Net(M/s)   Get_miss   Min(us)  Max(us)    Avg(us)    Std_dev    Geo_dist  
Period   10       50056        5005         0.7        0          541      277034     43350      58913.43   18799.01
Global   400      1995921      4989         0.7        0          439      633254     43495      59185.63   19130.36

[1;1H[2J
Get Statistics
Type     Time(s)  Ops          TPS(ops/s)   Net(M/s)   Get_miss   Min(us)  Max(us)    Avg(us)    Std_dev    Geo_dist  
Period   10       50474        5047         0.7        0          544      380256     42864      59626.06   18143.15
Global   410      2046395      4991         0.7        0          439      633254     43479      59196.92   19105.38

Total Statistics
Type     Time(s)  Ops          TPS(ops/s)   Net(M/s)   Get_miss   Min(us)  Max(us)    Avg(us)    Std_dev    Geo_dist  
Period   10       50474        5047         0.7        0          544      380256     42864      59626.06   18143.15
Global   410      2046395      4991         0.7        0          439      633254     43479      59196.92   19105.38

[1;1H[2J
Get Statistics
Type     Time(s)  Ops          TPS(ops/s)   Net(M/s)   Get_miss   Min(us)  Max(us)    Avg(us)    Std_dev    Geo_dist  
Period   10       48026        4802         0.7        0          424      391197     44879      64821.15   18038.88
Global   420      2094421      4986         0.7        0          424      633254     43511      59332.29   19080.23

Total Statistics
Type     Time(s)  Ops          TPS(ops/s)   Net(M/s)   Get_miss   Min(us)  Max(us)    Avg(us)    Std_dev    Geo_dist  
Period   10       48026        4802         0.7        0          424      391197     44879      64821.15   18038.88
Global   420      2094421      4986         0.7        0          424      633254     43511      59332.29   19080.23

[1;1H[2J
Get Statistics
Type     Time(s)  Ops          TPS(ops/s)   Net(M/s)   Get_miss   Min(us)  Max(us)    Avg(us)    Std_dev    Geo_dist  
Period   10       48777        4877         0.7        0          564      381086     44805      63550.72   18820.57
Global   430      2143198      4984         0.7        0          424      633254     43541      59431.52   19074.28

Total Statistics
Type     Time(s)  Ops          TPS(ops/s)   Net(M/s)   Get_miss   Min(us)  Max(us)    Avg(us)    Std_dev    Geo_dist  
Period   10       48777        4877         0.7        0          564      381086     44805      63550.72   18820.57
Global   430      2143198      4984         0.7        0          424      633254     43541      59431.52   19074.28

[1;1H[2J
Get Statistics
Type     Time(s)  Ops          TPS(ops/s)   Net(M/s)   Get_miss   Min(us)  Max(us)    Avg(us)    Std_dev    Geo_dist  
Period   10       47281        4728         0.7        0          519      415779     45840      63172.74   19845.06
Global   440      2190479      4978         0.6        0          424      633254     43590      59516.14   19090.60

Total Statistics
Type     Time(s)  Ops          TPS(ops/s)   Net(M/s)   Get_miss   Min(us)  Max(us)    Avg(us)    Std_dev    Geo_dist  
Period   10       47281        4728         0.7        0          519      415779     45840      63172.74   19845.06
Global   440      2190479      4978         0.6        0          424      633254     43590      59516.14   19090.60

[1;1H[2J
Get Statistics
Type     Time(s)  Ops          TPS(ops/s)   Net(M/s)   Get_miss   Min(us)  Max(us)    Avg(us)    Std_dev    Geo_dist  
Period   10       48240        4824         0.7        0          533      351550     44946      64360.79   18516.33
Global   450      2238719      4974         0.7        0          424      633254     43620      59624.42   19078.04

Total Statistics
Type     Time(s)  Ops          TPS(ops/s)   Net(M/s)   Get_miss   Min(us)  Max(us)    Avg(us)    Std_dev    Geo_dist  
Period   10       48240        4824         0.7        0          533      351550     44946      64360.79   18516.33
Global   450      2238719      4974         0.7        0          424      633254     43620      59624.42   19078.04

[1;1H[2J
Get Statistics
Type     Time(s)  Ops          TPS(ops/s)   Net(M/s)   Get_miss   Min(us)  Max(us)    Avg(us)    Std_dev    Geo_dist  
Period   10       50388        5038         0.7        0          513      286351     43008      58147.45   18414.92
Global   460      2289107      4976         0.7        0          424      633254     43606      59592.74   19063.19

Total Statistics
Type     Time(s)  Ops          TPS(ops/s)   Net(M/s)   Get_miss   Min(us)  Max(us)    Avg(us)    Std_dev    Geo_dist  
Period   10       50388        5038         0.7        0          513      286351     43008      58147.45   18414.92
Global   460      2289107      4976         0.7        0          424      633254     43606      59592.74   19063.19

[1;1H[2J
Get Statistics
Type     Time(s)  Ops          TPS(ops/s)   Net(M/s)   Get_miss   Min(us)  Max(us)    Avg(us)    Std_dev    Geo_dist  
Period   10       49710        4971         0.7        0          475      388912     43608      58854.10   19299.90
Global   470      2338817      4976         0.7        0          424      633254     43606      59577.16   19068.19

Total Statistics
Type     Time(s)  Ops          TPS(ops/s)   Net(M/s)   Get_miss   Min(us)  Max(us)    Avg(us)    Std_dev    Geo_dist  
Period   10       49710        4971         0.7        0          475      388912     43608      58854.10   19299.90
Global   470      2338817      4976         0.7        0          424      633254     43606      59577.16   19068.19

[1;1H[2J
Get Statistics
Type     Time(s)  Ops          TPS(ops/s)   Net(M/s)   Get_miss   Min(us)  Max(us)    Avg(us)    Std_dev    Geo_dist  
Period   10       47337        4733         0.7        0          512      848613     45946      71438.77   20602.81
Global   480      2386154      4971         0.7        0          424      848613     43653      59835.78   19097.49

Total Statistics
Type     Time(s)  Ops          TPS(ops/s)   Net(M/s)   Get_miss   Min(us)  Max(us)    Avg(us)    Std_dev    Geo_dist  
Period   10       47337        4733         0.7        0          512      848613     45946      71438.77   20602.81
Global   480      2386154      4971         0.7        0          424      848613     43653      59835.78   19097.49

[1;1H[2J
Get Statistics
Type     Time(s)  Ops          TPS(ops/s)   Net(M/s)   Get_miss   Min(us)  Max(us)    Avg(us)    Std_dev    Geo_dist  
Period   10       51598        5159         0.7        0          506      366328     41991      56567.09   18663.84
Global   490      2437752      4975         0.7        0          424      848613     43617      59769.52   19088.21

Total Statistics
Type     Time(s)  Ops          TPS(ops/s)   Net(M/s)   Get_miss   Min(us)  Max(us)    Avg(us)    Std_dev    Geo_dist  
Period   10       51598        5159         0.7        0          506      366328     41991      56567.09   18663.84
Global   490      2437752      4975         0.7        0          424      848613     43617      59769.52   19088.21

[1;1H[2J
Get Statistics
Type     Time(s)  Ops          TPS(ops/s)   Net(M/s)   Get_miss   Min(us)  Max(us)    Avg(us)    Std_dev    Geo_dist  
Period   10       51542        5154         0.7        0          536      379823     42081      56126.98   19034.39
Global   500      2489294      4978         0.7        0          424      848613     43586      59696.15   19087.02

Total Statistics
Type     Time(s)  Ops          TPS(ops/s)   Net(M/s)   Get_miss   Min(us)  Max(us)    Avg(us)    Std_dev    Geo_dist  
Period   10       51546        5154         0.7        0          536      379823     42081      56125.08   19031.90
Global   500      2489298      4978         0.7        0          424      848613     43586      59696.11   19087.04

[1;1H[2J
Get Statistics
Type     Time(s)  Ops          TPS(ops/s)   Net(M/s)   Get_miss   Min(us)  Max(us)    Avg(us)    Std_dev    Geo_dist  
Period   10       53557        5355         0.7        0          607      242387     40467      52019.53   18875.83
Global   510      2542851      4985         0.7        0          424      848613     43520      59546.60   19082.86

Total Statistics
Type     Time(s)  Ops          TPS(ops/s)   Net(M/s)   Get_miss   Min(us)  Max(us)    Avg(us)    Std_dev    Geo_dist  
Period   10       53553        5355         0.7        0          607      242387     40468      52019.78   18885.62
Global   510      2542851      4985         0.7        0          424      848613     43520      59546.60   19082.86

[1;1H[2J
Get Statistics
Type     Time(s)  Ops          TPS(ops/s)   Net(M/s)   Get_miss   Min(us)  Max(us)    Avg(us)    Std_dev    Geo_dist  
Period   10       49057        4905         0.7        0          477      438498     44098      62147.58   18371.10
Global   520      2591908      4984         0.7        0          424      848613     43531      59596.88   19069.14

Total Statistics
Type     Time(s)  Ops          TPS(ops/s)   Net(M/s)   Get_miss   Min(us)  Max(us)    Avg(us)    Std_dev    Geo_dist  
Period   10       49058        4905         0.7        0          477      438498     44097      62147.35   18370.91
Global   520      2591909      4984         0.7        0          424      848613     43531      59596.86   19069.14

[1;1H[2J
Get Statistics
Type     Time(s)  Ops          TPS(ops/s)   Net(M/s)   Get_miss   Min(us)  Max(us)    Avg(us)    Std_dev    Geo_dist  
Period   10       53346        5334         0.7        0          550      227067     40736      53823.96   18512.21
Global   530      2645254      4991         0.7        0          424      848613     43475      59487.02   19057.81

Total Statistics
Type     Time(s)  Ops          TPS(ops/s)   Net(M/s)   Get_miss   Min(us)  Max(us)    Avg(us)    Std_dev    Geo_dist  
Period   10       53345        5334         0.7        0          550      227067     40737      53823.97   18512.35
Global   530      2645254      4991         0.7        0          424      848613     43475      59487.02   19057.81

[1;1H[2J
Get Statistics
Type     Time(s)  Ops          TPS(ops/s)   Net(M/s)   Get_miss   Min(us)  Max(us)    Avg(us)    Std_dev    Geo_dist  
Period   10       54054        5405         0.7        0          537      195162     40135      50205.79   19049.12
Global   540      2699308      4998         0.7        0          424      848613     43408      59317.33   19057.64

Total Statistics
Type     Time(s)  Ops          TPS(ops/s)   Net(M/s)   Get_miss   Min(us)  Max(us)    Avg(us)    Std_dev    Geo_dist  
Period   10       54054        5405         0.7        0          537      195162     40135      50205.79   19049.12
Global   540      2699308      4998         0.7        0          424      848613     43408      59317.33   19057.64

[1;1H[2J
Get Statistics
Type     Time(s)  Ops          TPS(ops/s)   Net(M/s)   Get_miss   Min(us)  Max(us)    Avg(us)    Std_dev    Geo_dist  
Period   10       47332        4733         0.7        0          544      563500     45732      63195.05   20167.86
Global   550      2746640      4993         0.7        0          424      848613     43448      59387.09   19076.24

Total Statistics
Type     Time(s)  Ops          TPS(ops/s)   Net(M/s)   Get_miss   Min(us)  Max(us)    Avg(us)    Std_dev    Geo_dist  
Period   10       47332        4733         0.7        0          544      563500     45732      63195.05   20167.86
Global   550      2746640      4993         0.7        0          424      848613     43448      59387.09   19076.24

[1;1H[2J
Get Statistics
Type     Time(s)  Ops          TPS(ops/s)   Net(M/s)   Get_miss   Min(us)  Max(us)    Avg(us)    Std_dev    Geo_dist  
Period   10       48099        4809         0.7        0          485      378750     45076      53828.96   22500.20
Global   560      2794739      4990         0.7        0          424      848613     43476      59296.23   19130.52

Total Statistics
Type     Time(s)  Ops          TPS(ops/s)   Net(M/s)   Get_miss   Min(us)  Max(us)    Avg(us)    Std_dev    Geo_dist  
Period   10       48099        4809         0.7        0          485      378750     45076      53828.96   22500.20
Global   560      2794739      4990         0.7        0          424      848613     43476      59296.23   19130.52

[1;1H[2J
Get Statistics
Type     Time(s)  Ops          TPS(ops/s)   Net(M/s)   Get_miss   Min(us)  Max(us)    Avg(us)    Std_dev    Geo_dist  
Period   10       48691        4869         0.7        0          568      485592     44630      64155.48   18667.55
Global   570      2843430      4988         0.7        0          424      848613     43496      59382.78   19122.49

Total Statistics
Type     Time(s)  Ops          TPS(ops/s)   Net(M/s)   Get_miss   Min(us)  Max(us)    Avg(us)    Std_dev    Geo_dist  
Period   10       48691        4869         0.7        0          568      485592     44630      64155.48   18667.55
Global   570      2843430      4988         0.7        0          424      848613     43496      59382.78   19122.49

[1;1H[2J
Get Statistics
Type     Time(s)  Ops          TPS(ops/s)   Net(M/s)   Get_miss   Min(us)  Max(us)    Avg(us)    Std_dev    Geo_dist  
Period   10       51724        5172         0.7        0          570      292101     41928      56131.91   18639.03
Global   580      2895154      4991         0.7        0          424      848613     43468      59326.61   19113.75

Total Statistics
Type     Time(s)  Ops          TPS(ops/s)   Net(M/s)   Get_miss   Min(us)  Max(us)    Avg(us)    Std_dev    Geo_dist  
Period   10       51724        5172         0.7        0          570      292101     41928      56131.91   18639.03
Global   580      2895154      4991         0.7        0          424      848613     43468      59326.61   19113.75

[1;1H[2J
Get Statistics
Type     Time(s)  Ops          TPS(ops/s)   Net(M/s)   Get_miss   Min(us)  Max(us)    Avg(us)    Std_dev    Geo_dist  
Period   10       51813        5181         0.7        0          482      262843     41891      56886.44   18104.78
Global   590      2946967      4994         0.7        0          424      848613     43440      59285.13   19095.53

Total Statistics
Type     Time(s)  Ops          TPS(ops/s)   Net(M/s)   Get_miss   Min(us)  Max(us)    Avg(us)    Std_dev    Geo_dist  
Period   10       51813        5181         0.7        0          482      262843     41891      56886.44   18104.78
Global   590      2946967      4994         0.7        0          424      848613     43440      59285.13   19095.53

[1;1H[2J
Get Statistics
Type     Time(s)  Ops          TPS(ops/s)   Net(M/s)   Get_miss   Min(us)  Max(us)    Avg(us)    Std_dev    Geo_dist  
Period   10       52031        5203         0.7        0          526      258351     41629      55864.12   18276.98
Global   600      2998998      4998         0.7        0          424      848613     43408      59228.35   19081.02

Total Statistics
Type     Time(s)  Ops          TPS(ops/s)   Net(M/s)   Get_miss   Min(us)  Max(us)    Avg(us)    Std_dev    Geo_dist  
Period   10       52031        5203         0.7        0          526      258351     41629      55864.12   18276.98
Global   600      2998998      4998         0.7        0          424      848613     43408      59228.35   19081.02

[1;1H[2J
Get Statistics
Type     Time(s)  Ops          TPS(ops/s)   Net(M/s)   Get_miss   Min(us)  Max(us)    Avg(us)    Std_dev    Geo_dist  
Period   10       52352        5235         0.7        0          508      260097     41543      56595.07   18149.70
Global   610      3051350      5002         0.7        0          424      848613     43376      59184.65   19064.65

Total Statistics
Type     Time(s)  Ops          TPS(ops/s)   Net(M/s)   Get_miss   Min(us)  Max(us)    Avg(us)    Std_dev    Geo_dist  
Period   10       52352        5235         0.7        0          508      260097     41543      56595.07   18149.70
Global   610      3051350      5002         0.7        0          424      848613     43376      59184.65   19064.65

[1;1H[2J
Get Statistics
Type     Time(s)  Ops          TPS(ops/s)   Net(M/s)   Get_miss   Min(us)  Max(us)    Avg(us)    Std_dev    Geo_dist  
Period   10       49763        4976         0.7        0          559      396330     43497      62656.61   17762.68
Global   620      3101113      5001         0.7        0          424      848613     43378      59241.92   19043.02

Total Statistics
Type     Time(s)  Ops          TPS(ops/s)   Net(M/s)   Get_miss   Min(us)  Max(us)    Avg(us)    Std_dev    Geo_dist  
Period   10       49763        4976         0.7        0          559      396330     43497      62656.61   17762.68
Global   620      3101113      5001         0.7        0          424      848613     43378      59241.92   19043.02

[1;1H[2J
Get Statistics
Type     Time(s)  Ops          TPS(ops/s)   Net(M/s)   Get_miss   Min(us)  Max(us)    Avg(us)    Std_dev    Geo_dist  
Period   10       47591        4759         0.7        0          524      455055     45682      68570.36   17835.31
Global   630      3148704      4997         0.7        0          424      848613     43413      59394.34   19024.17

Total Statistics
Type     Time(s)  Ops          TPS(ops/s)   Net(M/s)   Get_miss   Min(us)  Max(us)    Avg(us)    Std_dev    Geo_dist  
Period   10       47591        4759         0.7        0          524      455055     45682      68570.36   17835.31
Global   630      3148704      4997         0.7        0          424      848613     43413      59394.34   19024.17

[1;1H[2J
Get Statistics
Type     Time(s)  Ops          TPS(ops/s)   Net(M/s)   Get_miss   Min(us)  Max(us)    Avg(us)    Std_dev    Geo_dist  
Period   10       48749        4874         0.7        0          499      344896     44430      61292.30   19145.03
Global   640      3197453      4996         0.7        0          424      848613     43429      59423.49   19026.01

Total Statistics
Type     Time(s)  Ops          TPS(ops/s)   Net(M/s)   Get_miss   Min(us)  Max(us)    Avg(us)    Std_dev    Geo_dist  
Period   10       48749        4874         0.7        0          499      344896     44430      61292.30   19145.03
Global   640      3197453      4996         0.7        0          424      848613     43429      59423.49   19026.01

[1;1H[2J
Get Statistics
Type     Time(s)  Ops          TPS(ops/s)   Net(M/s)   Get_miss   Min(us)  Max(us)    Avg(us)    Std_dev    Geo_dist  
Period   10       50689        5068         0.7        0          506      238583     42744      55996.30   19254.65
Global   650      3248142      4997         0.7        0          424      848613     43418      59371.81   19029.55

Total Statistics
Type     Time(s)  Ops          TPS(ops/s)   Net(M/s)   Get_miss   Min(us)  Max(us)    Avg(us)    Std_dev    Geo_dist  
Period   10       50689        5068         0.7        0          506      238583     42744      55996.30   19254.65
Global   650      3248142      4997         0.7        0          424      848613     43418      59371.81   19029.55

[1;1H[2J
Get Statistics
Type     Time(s)  Ops          TPS(ops/s)   Net(M/s)   Get_miss   Min(us)  Max(us)    Avg(us)    Std_dev    Geo_dist  
Period   10       50180        5018         0.7        0          533      354582     43274      54066.57   20584.27
Global   660      3298322      4997         0.7        0          424      848613     43416      59294.51   19052.30

Total Statistics
Type     Time(s)  Ops          TPS(ops/s)   Net(M/s)   Get_miss   Min(us)  Max(us)    Avg(us)    Std_dev    Geo_dist  
Period   10       50180        5018         0.7        0          533      354582     43274      54066.57   20584.27
Global   660      3298322      4997         0.7        0          424      848613     43416      59294.51   19052.30

[1;1H[2J
Get Statistics
Type     Time(s)  Ops          TPS(ops/s)   Net(M/s)   Get_miss   Min(us)  Max(us)    Avg(us)    Std_dev    Geo_dist  
Period   10       51360        5136         0.7        0          595      428170     42236      57343.27   18606.90
Global   670      3349682      4999         0.7        0          424      848613     43398      59265.17   19045.39

Total Statistics
Type     Time(s)  Ops          TPS(ops/s)   Net(M/s)   Get_miss   Min(us)  Max(us)    Avg(us)    Std_dev    Geo_dist  
Period   10       51360        5136         0.7        0          595      428170     42236      57343.27   18606.90
Global   670      3349682      4999         0.7        0          424      848613     43398      59265.17   19045.39

[1;1H[2J
Get Statistics
Type     Time(s)  Ops          TPS(ops/s)   Net(M/s)   Get_miss   Min(us)  Max(us)    Avg(us)    Std_dev    Geo_dist  
Period   10       46008        4600         0.7        0          432      965126     47117      78869.08   21058.90
Global   680      3395690      4993         0.6        0          424      965126     43448      59575.73   19071.35

Total Statistics
Type     Time(s)  Ops          TPS(ops/s)   Net(M/s)   Get_miss   Min(us)  Max(us)    Avg(us)    Std_dev    Geo_dist  
Period   10       46009        4600         0.7        0          432      965126     47117      78868.08   21059.12
Global   680      3395691      4993         0.6        0          424      965126     43448      59575.72   19071.35

[1;1H[2J
Get Statistics
Type     Time(s)  Ops          TPS(ops/s)   Net(M/s)   Get_miss   Min(us)  Max(us)    Avg(us)    Std_dev    Geo_dist  
Period   10       51586        5158         0.7        0          503      293397     42003      56380.28   18313.26
Global   690      3447276      4996         0.7        0          424      965126     43426      59529.71   19059.83

Total Statistics
Type     Time(s)  Ops          TPS(ops/s)   Net(M/s)   Get_miss   Min(us)  Max(us)    Avg(us)    Std_dev    Geo_dist  
Period   10       51585        5158         0.7        0          503      293397     42003      56381.10   18313.38
Global   690      3447276      4996         0.7        0          424      965126     43426      59529.71   19059.83

[1;1H[2J
Get Statistics
Type     Time(s)  Ops          TPS(ops/s)   Net(M/s)   Get_miss   Min(us)  Max(us)    Avg(us)    Std_dev    Geo_dist  
Period   10       47602        4760         0.7        0          395      363702     45505      66182.05   17880.69
Global   700      3494878      4992         0.7        0          395      965126     43455      59625.28   19043.26

Total Statistics
Type     Time(s)  Ops          TPS(ops/s)   Net(M/s)   Get_miss   Min(us)  Max(us)    Avg(us)    Std_dev    Geo_dist  
Period   10       47602        4760         0.7        0          395      363702     45505      66182.05   17880.69
Global   700      3494878      4992         0.7        0          395      965126     43455      59625.28   19043.26

[1;1H[2J
Get Statistics
Type     Time(s)  Ops          TPS(ops/s)   Net(M/s)   Get_miss   Min(us)  Max(us)    Avg(us)    Std_dev    Geo_dist  
Period   10       48354        4835         0.7        0          507      379376     44806      64445.59   18527.02
Global   710      3543232      4990         0.7        0          395      965126     43473      59694.20   19036.12

Total Statistics
Type     Time(s)  Ops          TPS(ops/s)   Net(M/s)   Get_miss   Min(us)  Max(us)    Avg(us)    Std_dev    Geo_dist  
Period   10       48354        4835         0.7        0          507      379376     44806      64445.59   18527.02
Global   710      3543232      4990         0.7        0          395      965126     43473      59694.20   19036.12

[1;1H[2J
Get Statistics
Type     Time(s)  Ops          TPS(ops/s)   Net(M/s)   Get_miss   Min(us)  Max(us)    Avg(us)    Std_dev    Geo_dist  
Period   10       45685        4568         0.7        0          491      1301740    47549      101432.62  18031.70
Global   720      3588917      4984         0.6        0          395      1301740    43525      60408.62   19022.99

Total Statistics
Type     Time(s)  Ops          TPS(ops/s)   Net(M/s)   Get_miss   Min(us)  Max(us)    Avg(us)    Std_dev    Geo_dist  
Period   10       45685        4568         0.7        0          491      1301740    47549      101432.62  18031.70
Global   720      3588917      4984         0.6        0          395      1301740    43525      60408.62   19022.99

Get Statistics (3589133 events)
   Min:       395
   Max:   1301740
   Avg:     43529
   Geo:  19024.67
   Std:  60410.47
   Log2 Dist:
       8:        0       31    27255   216452
      12:   197847   126977   1360169   736227
      16:   174804   157847   572642    17789
      20:      877      216

Total Statistics (3589133 events)
   Min:       395
   Max:   1301740
   Avg:     43529
   Geo:  19024.67
   Std:  60410.47
   Log2 Dist:
       8:        0       31    27255   216452
      12:   197847   126977   1360169   736227
      16:   174804   157847   572642    17789
      20:      877      216

cmd_get: 3589349
cmd_set: 221184
get_misses: 0
written_bytes: 114350366
read_bytes: 593976417
object_bytes: 31850496

Run time: 723.3s Ops: 3810533 TPS: 5268 Net_rate: 0.9M/s
