servers : 10.0.0.6:11212
threads count: 216
concurrency: 216
run time: 720s
windows size: 1k
set proportion: set_prop=0.00
get proportion: get_prop=1.00
[1;1H[2J
Get Statistics
Type     Time(s)  Ops          TPS(ops/s)   Net(M/s)   Get_miss   Min(us)  Max(us)    Avg(us)    Std_dev    Geo_dist  
Period   10       62999        6299         0.9        0          2830     410213     34410      30789.38   28781.50
Global   10       62999        6299         0.9        0          2830     410213     34410      30789.38   28781.50

Total Statistics
Type     Time(s)  Ops          TPS(ops/s)   Net(M/s)   Get_miss   Min(us)  Max(us)    Avg(us)    Std_dev    Geo_dist  
Period   10       62999        6299         0.9        0          2830     410213     34410      30789.38   28781.50
Global   10       62999        6299         0.9        0          2830     410213     34410      30789.38   28781.50

[1;1H[2J
Get Statistics
Type     Time(s)  Ops          TPS(ops/s)   Net(M/s)   Get_miss   Min(us)  Max(us)    Avg(us)    Std_dev    Geo_dist  
Period   10       62515        6251         0.9        0          2512     1062961    34901      35770.59   29343.51
Global   20       125514       6275         0.9        0          2512     1062961    34655      33363.77   29060.06

Total Statistics
Type     Time(s)  Ops          TPS(ops/s)   Net(M/s)   Get_miss   Min(us)  Max(us)    Avg(us)    Std_dev    Geo_dist  
Period   10       62515        6251         0.9        0          2512     1062961    34901      35770.59   29343.51
Global   20       125514       6275         0.9        0          2512     1062961    34655      33363.77   29060.06

[1;1H[2J
Get Statistics
Type     Time(s)  Ops          TPS(ops/s)   Net(M/s)   Get_miss   Min(us)  Max(us)    Avg(us)    Std_dev    Geo_dist  
Period   10       69338        6933         0.9        0          2477     1073017    31419      32467.24   26972.27
Global   30       194852       6495         1.0        0          2477     1073017    33503      33084.22   28299.22

Total Statistics
Type     Time(s)  Ops          TPS(ops/s)   Net(M/s)   Get_miss   Min(us)  Max(us)    Avg(us)    Std_dev    Geo_dist  
Period   10       69338        6933         0.9        0          2477     1073017    31419      32467.24   26972.27
Global   30       194852       6495         1.0        0          2477     1073017    33503      33084.22   28299.22

[1;1H[2J
Get Statistics
Type     Time(s)  Ops          TPS(ops/s)   Net(M/s)   Get_miss   Min(us)  Max(us)    Avg(us)    Std_dev    Geo_dist  
Period   10       71101        7110         0.9        0          2486     397907     28635      16550.55   26171.35
Global   40       265953       6648         1.0        0          2477     1073017    32202      29661.13   27713.96

Total Statistics
Type     Time(s)  Ops          TPS(ops/s)   Net(M/s)   Get_miss   Min(us)  Max(us)    Avg(us)    Std_dev    Geo_dist  
Period   10       71101        7110         0.9        0          2486     397907     28635      16550.55   26171.35
Global   40       265953       6648         1.0        0          2477     1073017    32202      29661.13   27713.96

[1;1H[2J
Get Statistics
Type     Time(s)  Ops          TPS(ops/s)   Net(M/s)   Get_miss   Min(us)  Max(us)    Avg(us)    Std_dev    Geo_dist  
Period   10       59132        5913         0.9        0          2406     1794942    39182      81238.18   29248.88
Global   50       325085       6501         0.8        0          2406     1794942    33471      43903.12   27987.04

Total Statistics
Type     Time(s)  Ops          TPS(ops/s)   Net(M/s)   Get_miss   Min(us)  Max(us)    Avg(us)    Std_dev    Geo_dist  
Period   10       59132        5913         0.9        0          2406     1794942    39182      81238.18   29248.88
Global   50       325085       6501         0.8        0          2406     1794942    33471      43903.12   27987.04

[1;1H[2J
Get Statistics
Type     Time(s)  Ops          TPS(ops/s)   Net(M/s)   Get_miss   Min(us)  Max(us)    Avg(us)    Std_dev    Geo_dist  
Period   10       67493        6749         0.9        0          2691     253684     32148      26271.14   27739.01
Global   60       392578       6542         0.9        0          2406     1794942    33244      41412.31   27944.24

Total Statistics
Type     Time(s)  Ops          TPS(ops/s)   Net(M/s)   Get_miss   Min(us)  Max(us)    Avg(us)    Std_dev    Geo_dist  
Period   10       67493        6749         0.9        0          2691     253684     32148      26271.14   27739.01
Global   60       392578       6542         0.9        0          2406     1794942    33244      41412.31   27944.24

[1;1H[2J
Get Statistics
Type     Time(s)  Ops          TPS(ops/s)   Net(M/s)   Get_miss   Min(us)  Max(us)    Avg(us)    Std_dev    Geo_dist  
Period   10       67238        6723         0.9        0          2643     979042     32483      36502.68   27087.22
Global   70       459816       6568         0.9        0          2406     1794942    33133      40731.96   27817.25

Total Statistics
Type     Time(s)  Ops          TPS(ops/s)   Net(M/s)   Get_miss   Min(us)  Max(us)    Avg(us)    Std_dev    Geo_dist  
Period   10       67239        6723         0.9        0          2643     979042     32484      36501.74   27087.44
Global   70       459817       6568         0.9        0          2406     1794942    33133      40731.95   27817.28

[1;1H[2J
Get Statistics
Type     Time(s)  Ops          TPS(ops/s)   Net(M/s)   Get_miss   Min(us)  Max(us)    Avg(us)    Std_dev    Geo_dist  
Period   10       67511        6751         0.9        0          3119     379935     32268      28838.88   27600.13
Global   80       527327       6591         0.9        0          2406     1794942    33022      39411.50   27789.92

Total Statistics
Type     Time(s)  Ops          TPS(ops/s)   Net(M/s)   Get_miss   Min(us)  Max(us)    Avg(us)    Std_dev    Geo_dist  
Period   10       67510        6751         0.9        0          3119     379935     32268      28839.36   27604.31
Global   80       527327       6591         0.9        0          2406     1794942    33022      39411.50   27789.92

[1;1H[2J
Get Statistics
Type     Time(s)  Ops          TPS(ops/s)   Net(M/s)   Get_miss   Min(us)  Max(us)    Avg(us)    Std_dev    Geo_dist  
Period   10       55502        5550         0.9        0          2890     971393     38919      68152.43   28768.23
Global   90       582829       6475         0.8        0          2406     1794942    33584      43018.88   27881.63

Total Statistics
Type     Time(s)  Ops          TPS(ops/s)   Net(M/s)   Get_miss   Min(us)  Max(us)    Avg(us)    Std_dev    Geo_dist  
Period   10       55502        5550         0.9        0          2890     971393     38919      68152.43   28768.23
Global   90       582829       6475         0.8        0          2406     1794942    33584      43018.88   27881.63

[1;1H[2J
Get Statistics
Type     Time(s)  Ops          TPS(ops/s)   Net(M/s)   Get_miss   Min(us)  Max(us)    Avg(us)    Std_dev    Geo_dist  
Period   10       67819        6781         0.9        0          2877     533826     32271      29061.65   27603.02
Global   100      650648       6506         0.9        0          2406     1794942    33447      41784.33   27852.46

Total Statistics
Type     Time(s)  Ops          TPS(ops/s)   Net(M/s)   Get_miss   Min(us)  Max(us)    Avg(us)    Std_dev    Geo_dist  
Period   10       67820        6782         0.9        0          2877     533826     32271      29062.90   27603.47
Global   100      650649       6506         0.9        0          2406     1794942    33447      41784.40   27852.51

[1;1H[2J
Get Statistics
Type     Time(s)  Ops          TPS(ops/s)   Net(M/s)   Get_miss   Min(us)  Max(us)    Avg(us)    Std_dev    Geo_dist  
Period   10       61666        6166         0.9        0          2953     1048223    35390      44313.81   27915.88
Global   110      712314       6475         0.8        0          2406     1794942    33615      42013.13   27858.39

Total Statistics
Type     Time(s)  Ops          TPS(ops/s)   Net(M/s)   Get_miss   Min(us)  Max(us)    Avg(us)    Std_dev    Geo_dist  
Period   10       61665        6166         0.9        0          2953     1048223    35388      44313.75   27910.32
Global   110      712314       6475         0.8        0          2406     1794942    33615      42013.13   27858.39

[1;1H[2J
Get Statistics
Type     Time(s)  Ops          TPS(ops/s)   Net(M/s)   Get_miss   Min(us)  Max(us)    Avg(us)    Std_dev    Geo_dist  
Period   10       64880        6488         0.9        0          2944     1036373    33286      46354.04   26729.91
Global   120      777194       6476         0.9        0          2406     1794942    33588      42392.21   27762.39

Total Statistics
Type     Time(s)  Ops          TPS(ops/s)   Net(M/s)   Get_miss   Min(us)  Max(us)    Avg(us)    Std_dev    Geo_dist  
Period   10       64880        6488         0.9        0          2944     1036373    33286      46354.04   26729.91
Global   120      777194       6476         0.9        0          2406     1794942    33588      42392.21   27762.39

[1;1H[2J
Get Statistics
Type     Time(s)  Ops          TPS(ops/s)   Net(M/s)   Get_miss   Min(us)  Max(us)    Avg(us)    Std_dev    Geo_dist  
Period   10       65111        6511         0.9        0          2307     1093580    33406      45913.00   26826.32
Global   130      842305       6479         0.9        0          2307     1794942    33574      42674.68   27688.88

Total Statistics
Type     Time(s)  Ops          TPS(ops/s)   Net(M/s)   Get_miss   Min(us)  Max(us)    Avg(us)    Std_dev    Geo_dist  
Period   10       65111        6511         0.9        0          2307     1093580    33406      45913.00   26826.32
Global   130      842305       6479         0.9        0          2307     1794942    33574      42674.68   27688.88

[1;1H[2J
Get Statistics
Type     Time(s)  Ops          TPS(ops/s)   Net(M/s)   Get_miss   Min(us)  Max(us)    Avg(us)    Std_dev    Geo_dist  
Period   10       58513        5851         0.9        0          2761     661206     37528      47670.23   28805.65
Global   140      900818       6434         0.8        0          2307     1794942    33830      43028.45   27760.09

Total Statistics
Type     Time(s)  Ops          TPS(ops/s)   Net(M/s)   Get_miss   Min(us)  Max(us)    Avg(us)    Std_dev    Geo_dist  
Period   10       58513        5851         0.9        0          2761     661206     37528      47670.23   28805.65
Global   140      900818       6434         0.8        0          2307     1794942    33830      43028.45   27760.09

[1;1H[2J
Get Statistics
Type     Time(s)  Ops          TPS(ops/s)   Net(M/s)   Get_miss   Min(us)  Max(us)    Avg(us)    Std_dev    Geo_dist  
Period   10       63751        6375         0.9        0          2715     331909     34184      31901.55   28611.70
Global   150      964569       6430         0.9        0          2307     1794942    33854      42382.89   27815.58

Total Statistics
Type     Time(s)  Ops          TPS(ops/s)   Net(M/s)   Get_miss   Min(us)  Max(us)    Avg(us)    Std_dev    Geo_dist  
Period   10       63751        6375         0.9        0          2715     331909     34184      31901.55   28611.70
Global   150      964569       6430         0.9        0          2307     1794942    33854      42382.89   27815.58

[1;1H[2J
Get Statistics
Type     Time(s)  Ops          TPS(ops/s)   Net(M/s)   Get_miss   Min(us)  Max(us)    Avg(us)    Std_dev    Geo_dist  
Period   10       62422        6242         0.9        0          2746     942728     34855      37199.94   28256.00
Global   160      1026991      6418         0.9        0          2307     1794942    33915      42086.62   27842.15

Total Statistics
Type     Time(s)  Ops          TPS(ops/s)   Net(M/s)   Get_miss   Min(us)  Max(us)    Avg(us)    Std_dev    Geo_dist  
Period   10       62422        6242         0.9        0          2746     942728     34855      37199.94   28256.00
Global   160      1026991      6418         0.9        0          2307     1794942    33915      42086.62   27842.15

[1;1H[2J
Get Statistics
Type     Time(s)  Ops          TPS(ops/s)   Net(M/s)   Get_miss   Min(us)  Max(us)    Avg(us)    Std_dev    Geo_dist  
Period   10       70425        7042         0.9        0          2285     1023702    30887      29839.04   26869.71
Global   170      1097416      6455         1.0        0          2285     1794942    33720      41416.76   27778.70

Total Statistics
Type     Time(s)  Ops          TPS(ops/s)   Net(M/s)   Get_miss   Min(us)  Max(us)    Avg(us)    Std_dev    Geo_dist  
Period   10       70425        7042         0.9        0          2285     1023702    30887      29839.04   26869.71
Global   170      1097416      6455         1.0        0          2285     1794942    33720      41416.76   27778.70

[1;1H[2J
Get Statistics
Type     Time(s)  Ops          TPS(ops/s)   Net(M/s)   Get_miss   Min(us)  Max(us)    Avg(us)    Std_dev    Geo_dist  
Period   10       66846        6684         0.9        0          2361     1366357    32444      41667.02   27177.18
Global   180      1164262      6468         0.9        0          2285     1794942    33647      41432.00   27743.81

Total Statistics
Type     Time(s)  Ops          TPS(ops/s)   Net(M/s)   Get_miss   Min(us)  Max(us)    Avg(us)    Std_dev    Geo_dist  
Period   10       66846        6684         0.9        0          2361     1366357    32444      41667.02   27177.18
Global   180      1164262      6468         0.9        0          2285     1794942    33647      41432.00   27743.81

[1;1H[2J
Get Statistics
Type     Time(s)  Ops          TPS(ops/s)   Net(M/s)   Get_miss   Min(us)  Max(us)    Avg(us)    Std_dev    Geo_dist  
Period   10       69069        6906         0.9        0          2029     1097451    31314      38094.07   26437.61
Global   190      1233331      6491         0.9        0          2029     1794942    33516      41255.97   27668.98

Total Statistics
Type     Time(s)  Ops          TPS(ops/s)   Net(M/s)   Get_miss   Min(us)  Max(us)    Avg(us)    Std_dev    Geo_dist  
Period   10       69069        6906         0.9        0          2029     1097451    31314      38094.07   26437.61
Global   190      1233331      6491         0.9        0          2029     1794942    33516      41255.97   27668.98

[1;1H[2J
Get Statistics
Type     Time(s)  Ops          TPS(ops/s)   Net(M/s)   Get_miss   Min(us)  Max(us)    Avg(us)    Std_dev    Geo_dist  
Period   10       69140        6914         0.9        0          2953     241086     31419      22978.64   27458.74
Global   200      1302471      6512         0.9        0          2029     1794942    33405      40496.07   27657.78

Total Statistics
Type     Time(s)  Ops          TPS(ops/s)   Net(M/s)   Get_miss   Min(us)  Max(us)    Avg(us)    Std_dev    Geo_dist  
Period   10       69140        6914         0.9        0          2953     241086     31419      22978.64   27458.74
Global   200      1302471      6512         0.9        0          2029     1794942    33405      40496.07   27657.78

[1;1H[2J
Get Statistics
Type     Time(s)  Ops          TPS(ops/s)   Net(M/s)   Get_miss   Min(us)  Max(us)    Avg(us)    Std_dev    Geo_dist  
Period   10       60179        6017         0.9        0          2329     1162769    36059      52152.09   27827.32
Global   210      1362650      6488         0.8        0          2029     1794942    33522      41084.47   27665.25

Total Statistics
Type     Time(s)  Ops          TPS(ops/s)   Net(M/s)   Get_miss   Min(us)  Max(us)    Avg(us)    Std_dev    Geo_dist  
Period   10       60179        6017         0.9        0          2329     1162769    36059      52152.09   27827.32
Global   210      1362650      6488         0.8        0          2029     1794942    33522      41084.47   27665.25

[1;1H[2J
Get Statistics
Type     Time(s)  Ops          TPS(ops/s)   Net(M/s)   Get_miss   Min(us)  Max(us)    Avg(us)    Std_dev    Geo_dist  
Period   10       58930        5893         0.9        0          2075     1221033    36549      60026.52   27748.27
Global   220      1421580      6461         0.8        0          2029     1794942    33648      42043.49   27668.68

Total Statistics
Type     Time(s)  Ops          TPS(ops/s)   Net(M/s)   Get_miss   Min(us)  Max(us)    Avg(us)    Std_dev    Geo_dist  
Period   10       58930        5893         0.9        0          2075     1221033    36549      60026.52   27748.27
Global   220      1421580      6461         0.8        0          2029     1794942    33648      42043.49   27668.68

[1;1H[2J
Get Statistics
Type     Time(s)  Ops          TPS(ops/s)   Net(M/s)   Get_miss   Min(us)  Max(us)    Avg(us)    Std_dev    Geo_dist  
Period   10       61377        6137         0.9        0          2966     1165275    35563      44009.15   28233.10
Global   230      1482957      6447         0.8        0          2029     1794942    33727      42128.58   27691.82

Total Statistics
Type     Time(s)  Ops          TPS(ops/s)   Net(M/s)   Get_miss   Min(us)  Max(us)    Avg(us)    Std_dev    Geo_dist  
Period   10       61377        6137         0.9        0          2966     1165275    35563      44009.15   28233.10
Global   230      1482957      6447         0.8        0          2029     1794942    33727      42128.58   27691.82

[1;1H[2J
Get Statistics
Type     Time(s)  Ops          TPS(ops/s)   Net(M/s)   Get_miss   Min(us)  Max(us)    Avg(us)    Std_dev    Geo_dist  
Period   10       63259        6325         0.9        0          2229     1078001    34295      42857.12   27455.04
Global   240      1546216      6442         0.9        0          2029     1794942    33750      42158.96   27682.09

Total Statistics
Type     Time(s)  Ops          TPS(ops/s)   Net(M/s)   Get_miss   Min(us)  Max(us)    Avg(us)    Std_dev    Geo_dist  
Period   10       63260        6326         0.9        0          2229     1078001    34294      42857.44   27454.92
Global   240      1546217      6442         0.9        0          2029     1794942    33750      42158.94   27682.09

[1;1H[2J
Get Statistics
Type     Time(s)  Ops          TPS(ops/s)   Net(M/s)   Get_miss   Min(us)  Max(us)    Avg(us)    Std_dev    Geo_dist  
Period   10       67424        6742         0.9        0          2968     274858     32108      26712.07   27641.31
Global   250      1613640      6454         0.9        0          2029     1794942    33682      41629.24   27680.56

Total Statistics
Type     Time(s)  Ops          TPS(ops/s)   Net(M/s)   Get_miss   Min(us)  Max(us)    Avg(us)    Std_dev    Geo_dist  
Period   10       67423        6742         0.9        0          2968     274858     32109      26711.35   27645.50
Global   250      1613640      6454         0.9        0          2029     1794942    33682      41629.24   27680.56

[1;1H[2J
Get Statistics
Type     Time(s)  Ops          TPS(ops/s)   Net(M/s)   Get_miss   Min(us)  Max(us)    Avg(us)    Std_dev    Geo_dist  
Period   10       59088        5908         0.9        0          3407     1023981    36759      45170.59   28963.55
Global   260      1672728      6433         0.8        0          2029     1794942    33790      41763.86   27724.90

Total Statistics
Type     Time(s)  Ops          TPS(ops/s)   Net(M/s)   Get_miss   Min(us)  Max(us)    Avg(us)    Std_dev    Geo_dist  
Period   10       59088        5908         0.9        0          3407     1023981    36759      45170.59   28963.55
Global   260      1672728      6433         0.8        0          2029     1794942    33790      41763.86   27724.90

[1;1H[2J
Get Statistics
Type     Time(s)  Ops          TPS(ops/s)   Net(M/s)   Get_miss   Min(us)  Max(us)    Avg(us)    Std_dev    Geo_dist  
Period   10       51459        5145         0.9        0          2630     2209302    42125      75145.61   29733.67
Global   270      1724187      6385         0.7        0          2029     2209302    34039      43158.87   27782.84

Total Statistics
Type     Time(s)  Ops          TPS(ops/s)   Net(M/s)   Get_miss   Min(us)  Max(us)    Avg(us)    Std_dev    Geo_dist  
Period   10       51461        5146         0.9        0          2630     2209302    42124      75144.47   29733.65
Global   270      1724189      6385         0.7        0          2029     2209302    34039      43158.84   27782.84

[1;1H[2J
Get Statistics
Type     Time(s)  Ops          TPS(ops/s)   Net(M/s)   Get_miss   Min(us)  Max(us)    Avg(us)    Std_dev    Geo_dist  
Period   10       58479        5847         0.9        0          2686     1027288    36988      45564.18   29049.51
Global   280      1782666      6366         0.8        0          2029     2209302    34136      43242.88   27823.82

Total Statistics
Type     Time(s)  Ops          TPS(ops/s)   Net(M/s)   Get_miss   Min(us)  Max(us)    Avg(us)    Std_dev    Geo_dist  
Period   10       58477        5847         0.9        0          2686     1027288    36990      45563.85   29059.72
Global   280      1782666      6366         0.8        0          2029     2209302    34136      43242.88   27823.82

[1;1H[2J
Get Statistics
Type     Time(s)  Ops          TPS(ops/s)   Net(M/s)   Get_miss   Min(us)  Max(us)    Avg(us)    Std_dev    Geo_dist  
Period   10       64419        6441         0.9        0          2093     1193696    33740      47576.95   27368.06
Global   290      1847085      6369         0.9        0          2029     2209302    34122      43401.51   27807.80

Total Statistics
Type     Time(s)  Ops          TPS(ops/s)   Net(M/s)   Get_miss   Min(us)  Max(us)    Avg(us)    Std_dev    Geo_dist  
Period   10       64420        6442         0.9        0          2093     1193696    33739      47577.15   27367.85
Global   290      1847086      6369         0.9        0          2029     2209302    34122      43401.49   27807.79

[1;1H[2J
Get Statistics
Type     Time(s)  Ops          TPS(ops/s)   Net(M/s)   Get_miss   Min(us)  Max(us)    Avg(us)    Std_dev    Geo_dist  
Period   10       64893        6489         0.9        0          2072     1527539    33429      56131.21   26994.37
Global   300      1911978      6373         0.9        0          2029     2209302    34099      43893.88   27779.93

Total Statistics
Type     Time(s)  Ops          TPS(ops/s)   Net(M/s)   Get_miss   Min(us)  Max(us)    Avg(us)    Std_dev    Geo_dist  
Period   10       64892        6489         0.9        0          2072     1527539    33430      56131.20   26998.62
Global   300      1911978      6373         0.9        0          2029     2209302    34099      43893.88   27779.93

[1;1H[2J
Get Statistics
Type     Time(s)  Ops          TPS(ops/s)   Net(M/s)   Get_miss   Min(us)  Max(us)    Avg(us)    Std_dev    Geo_dist  
Period   10       57416        5741         0.9        0          2055     1473136    37740      65251.20   27837.80
Global   310      1969394      6352         0.8        0          2029     2209302    34205      44665.60   27781.62

Total Statistics
Type     Time(s)  Ops          TPS(ops/s)   Net(M/s)   Get_miss   Min(us)  Max(us)    Avg(us)    Std_dev    Geo_dist  
Period   10       57416        5741         0.9        0          2055     1473136    37740      65251.20   27837.80
Global   310      1969394      6352         0.8        0          2029     2209302    34205      44665.60   27781.62

[1;1H[2J
Get Statistics
Type     Time(s)  Ops          TPS(ops/s)   Net(M/s)   Get_miss   Min(us)  Max(us)    Avg(us)    Std_dev    Geo_dist  
Period   10       66513        6651         0.9        0          2351     578033     32621      30218.12   27895.41
Global   320      2035907      6362         0.9        0          2029     2209302    34153      44269.26   27785.33

Total Statistics
Type     Time(s)  Ops          TPS(ops/s)   Net(M/s)   Get_miss   Min(us)  Max(us)    Avg(us)    Std_dev    Geo_dist  
Period   10       66513        6651         0.9        0          2351     578033     32621      30218.12   27895.41
Global   320      2035907      6362         0.9        0          2029     2209302    34153      44269.26   27785.33

[1;1H[2J
Get Statistics
Type     Time(s)  Ops          TPS(ops/s)   Net(M/s)   Get_miss   Min(us)  Max(us)    Avg(us)    Std_dev    Geo_dist  
Period   10       61970        6197         0.9        0          2109     1347882    34974      42860.92   28359.51
Global   330      2097877      6357         0.9        0          2029     2209302    34177      44228.70   27802.12

Total Statistics
Type     Time(s)  Ops          TPS(ops/s)   Net(M/s)   Get_miss   Min(us)  Max(us)    Avg(us)    Std_dev    Geo_dist  
Period   10       61970        6197         0.9        0          2109     1347882    34974      42860.92   28359.51
Global   330      2097877      6357         0.9        0          2029     2209302    34177      44228.70   27802.12

[1;1H[2J
Get Statistics
Type     Time(s)  Ops          TPS(ops/s)   Net(M/s)   Get_miss   Min(us)  Max(us)    Avg(us)    Std_dev    Geo_dist  
Period   10       63395        6339         0.9        0          2855     1011638    34162      41530.68   27675.45
Global   340      2161272      6356         0.9        0          2029     2209302    34177      44151.56   27798.40

Total Statistics
Type     Time(s)  Ops          TPS(ops/s)   Net(M/s)   Get_miss   Min(us)  Max(us)    Avg(us)    Std_dev    Geo_dist  
Period   10       63395        6339         0.9        0          2855     1011638    34161      41531.20   27670.83
Global   340      2161272      6356         0.9        0          2029     2209302    34177      44151.56   27798.40

[1;1H[2J
Get Statistics
Type     Time(s)  Ops          TPS(ops/s)   Net(M/s)   Get_miss   Min(us)  Max(us)    Avg(us)    Std_dev    Geo_dist  
Period   10       61926        6192         0.9        0          2538     1159444    35057      51875.38   27421.77
Global   350      2223198      6351         0.9        0          2029     2209302    34201      44385.52   27787.84

Total Statistics
Type     Time(s)  Ops          TPS(ops/s)   Net(M/s)   Get_miss   Min(us)  Max(us)    Avg(us)    Std_dev    Geo_dist  
Period   10       61926        6192         0.9        0          2538     1159444    35057      51875.38   27421.77
Global   350      2223198      6351         0.9        0          2029     2209302    34201      44385.52   27787.84

[1;1H[2J
Get Statistics
Type     Time(s)  Ops          TPS(ops/s)   Net(M/s)   Get_miss   Min(us)  Max(us)    Avg(us)    Std_dev    Geo_dist  
Period   10       63423        6342         0.9        0          3031     1135621    34144      45515.98   27515.36
Global   360      2286621      6351         0.9        0          2029     2209302    34200      44416.81   27780.24

Total Statistics
Type     Time(s)  Ops          TPS(ops/s)   Net(M/s)   Get_miss   Min(us)  Max(us)    Avg(us)    Std_dev    Geo_dist  
Period   10       63423        6342         0.9        0          3031     1135621    34144      45515.98   27515.36
Global   360      2286621      6351         0.9        0          2029     2209302    34200      44416.81   27780.24

[1;1H[2J
Get Statistics
Type     Time(s)  Ops          TPS(ops/s)   Net(M/s)   Get_miss   Min(us)  Max(us)    Avg(us)    Std_dev    Geo_dist  
Period   10       63031        6303         0.9        0          3060     1401244    34460      46995.67   27428.76
Global   370      2349652      6350         0.9        0          2029     2209302    34207      44487.93   27770.76

Total Statistics
Type     Time(s)  Ops          TPS(ops/s)   Net(M/s)   Get_miss   Min(us)  Max(us)    Avg(us)    Std_dev    Geo_dist  
Period   10       63031        6303         0.9        0          3060     1401244    34460      46995.67   27428.76
Global   370      2349652      6350         0.9        0          2029     2209302    34207      44487.93   27770.76

[1;1H[2J
Get Statistics
Type     Time(s)  Ops          TPS(ops/s)   Net(M/s)   Get_miss   Min(us)  Max(us)    Avg(us)    Std_dev    Geo_dist  
Period   10       63189        6318         0.9        0          2615     1040347    33787      34499.00   28252.67
Global   380      2412841      6349         0.9        0          2029     2209302    34196      44255.14   27783.27

Total Statistics
Type     Time(s)  Ops          TPS(ops/s)   Net(M/s)   Get_miss   Min(us)  Max(us)    Avg(us)    Std_dev    Geo_dist  
Period   10       63189        6318         0.9        0          2615     1040347    33787      34499.00   28252.67
Global   380      2412841      6349         0.9        0          2029     2209302    34196      44255.14   27783.27

[1;1H[2J
Get Statistics
Type     Time(s)  Ops          TPS(ops/s)   Net(M/s)   Get_miss   Min(us)  Max(us)    Avg(us)    Std_dev    Geo_dist  
Period   10       65974        6597         0.9        0          2674     1161094    33363      36284.72   27667.41
Global   390      2478815      6355         0.9        0          2029     2209302    34173      44062.52   27780.18

Total Statistics
Type     Time(s)  Ops          TPS(ops/s)   Net(M/s)   Get_miss   Min(us)  Max(us)    Avg(us)    Std_dev    Geo_dist  
Period   10       65974        6597         0.9        0          2674     1161094    33363      36284.72   27667.41
Global   390      2478815      6355         0.9        0          2029     2209302    34173      44062.52   27780.18

[1;1H[2J
Get Statistics
Type     Time(s)  Ops          TPS(ops/s)   Net(M/s)   Get_miss   Min(us)  Max(us)    Avg(us)    Std_dev    Geo_dist  
Period   10       62365        6236         0.9        0          2984     1072417    34167      40991.68   28242.89
Global   400      2541180      6352         0.9        0          2029     2209302    34173      43989.60   27791.45

Total Statistics
Type     Time(s)  Ops          TPS(ops/s)   Net(M/s)   Get_miss   Min(us)  Max(us)    Avg(us)    Std_dev    Geo_dist  
Period   10       62365        6236         0.9        0          2984     1072417    34167      40991.68   28242.89
Global   400      2541180      6352         0.9        0          2029     2209302    34173      43989.60   27791.45

[1;1H[2J
Get Statistics
Type     Time(s)  Ops          TPS(ops/s)   Net(M/s)   Get_miss   Min(us)  Max(us)    Avg(us)    Std_dev    Geo_dist  
Period   10       65395        6539         0.9        0          2757     937808     33739      34261.79   27875.55
Global   410      2606575      6357         0.9        0          2029     2209302    34162      43772.13   27793.55

Total Statistics
Type     Time(s)  Ops          TPS(ops/s)   Net(M/s)   Get_miss   Min(us)  Max(us)    Avg(us)    Std_dev    Geo_dist  
Period   10       65395        6539         0.9        0          2757     937808     33739      34261.79   27875.55
Global   410      2606575      6357         0.9        0          2029     2209302    34162      43772.13   27793.55

[1;1H[2J
Get Statistics
Type     Time(s)  Ops          TPS(ops/s)   Net(M/s)   Get_miss   Min(us)  Max(us)    Avg(us)    Std_dev    Geo_dist  
Period   10       65524        6552         0.9        0          2550     245286     32631      25690.46   28168.02
Global   420      2672099      6362         0.9        0          2029     2209302    34125      43419.11   27802.68

Total Statistics
Type     Time(s)  Ops          TPS(ops/s)   Net(M/s)   Get_miss   Min(us)  Max(us)    Avg(us)    Std_dev    Geo_dist  
Period   10       65524        6552         0.9        0          2550     245286     32631      25690.46   28168.02
Global   420      2672099      6362         0.9        0          2029     2209302    34125      43419.11   27802.68

[1;1H[2J
Get Statistics
Type     Time(s)  Ops          TPS(ops/s)   Net(M/s)   Get_miss   Min(us)  Max(us)    Avg(us)    Std_dev    Geo_dist  
Period   10       57665        5766         0.9        0          3835     1337010    37615      54695.38   28546.94
Global   430      2729764      6348         0.8        0          2029     2209302    34199      43690.07   27818.20

Total Statistics
Type     Time(s)  Ops          TPS(ops/s)   Net(M/s)   Get_miss   Min(us)  Max(us)    Avg(us)    Std_dev    Geo_dist  
Period   10       57665        5766         0.9        0          3835     1337010    37615      54695.38   28546.94
Global   430      2729764      6348         0.8        0          2029     2209302    34199      43690.07   27818.20

[1;1H[2J
Get Statistics
Type     Time(s)  Ops          TPS(ops/s)   Net(M/s)   Get_miss   Min(us)  Max(us)    Avg(us)    Std_dev    Geo_dist  
Period   10       61130        6113         0.9        0          1984     1625304    35985      56940.18   28164.78
Global   440      2790894      6342         0.8        0          1984     2209302    34238      44023.89   27825.74

Total Statistics
Type     Time(s)  Ops          TPS(ops/s)   Net(M/s)   Get_miss   Min(us)  Max(us)    Avg(us)    Std_dev    Geo_dist  
Period   10       61130        6113         0.9        0          1984     1625304    35985      56940.18   28164.78
Global   440      2790894      6342         0.8        0          1984     2209302    34238      44023.89   27825.74

[1;1H[2J
Get Statistics
Type     Time(s)  Ops          TPS(ops/s)   Net(M/s)   Get_miss   Min(us)  Max(us)    Avg(us)    Std_dev    Geo_dist  
Period   10       63600        6360         0.9        0          2650     1252029    34090      53964.44   26807.31
Global   450      2854494      6343         0.9        0          1984     2209302    34234      44270.23   27802.53

Total Statistics
Type     Time(s)  Ops          TPS(ops/s)   Net(M/s)   Get_miss   Min(us)  Max(us)    Avg(us)    Std_dev    Geo_dist  
Period   10       63600        6360         0.9        0          2650     1252029    34090      53964.44   26807.31
Global   450      2854494      6343         0.9        0          1984     2209302    34234      44270.23   27802.63

[1;1H[2J
Get Statistics
Type     Time(s)  Ops          TPS(ops/s)   Net(M/s)   Get_miss   Min(us)  Max(us)    Avg(us)    Std_dev    Geo_dist  
Period   10       60148        6014         0.9        0          3188     1024458    35488      45400.59   27962.93
Global   460      2914642      6336         0.8        0          1984     2209302    34260      44294.10   27805.93

Total Statistics
Type     Time(s)  Ops          TPS(ops/s)   Net(M/s)   Get_miss   Min(us)  Max(us)    Avg(us)    Std_dev    Geo_dist  
Period   10       60148        6014         0.9        0          3188     1024458    35487      45401.11   27958.03
Global   460      2914642      6336         0.8        0          1984     2209302    34260      44294.10   27805.93

[1;1H[2J
Get Statistics
Type     Time(s)  Ops          TPS(ops/s)   Net(M/s)   Get_miss   Min(us)  Max(us)    Avg(us)    Std_dev    Geo_dist  
Period   10       63523        6352         0.9        0          2881     988385     34679      37419.96   28326.58
Global   470      2978165      6336         0.9        0          1984     2209302    34269      44158.64   27816.94

Total Statistics
Type     Time(s)  Ops          TPS(ops/s)   Net(M/s)   Get_miss   Min(us)  Max(us)    Avg(us)    Std_dev    Geo_dist  
Period   10       63523        6352         0.9        0          2881     988385     34679      37419.96   28326.58
Global   470      2978165      6336         0.9        0          1984     2209302    34269      44158.64   27816.94

[1;1H[2J
Get Statistics
Type     Time(s)  Ops          TPS(ops/s)   Net(M/s)   Get_miss   Min(us)  Max(us)    Avg(us)    Std_dev    Geo_dist  
Period   10       71916        7191         0.9        0          2097     262917     30129      20702.82   26761.69
Global   480      3050081      6354         1.0        0          1984     2209302    34172      43754.61   27791.58

Total Statistics
Type     Time(s)  Ops          TPS(ops/s)   Net(M/s)   Get_miss   Min(us)  Max(us)    Avg(us)    Std_dev    Geo_dist  
Period   10       71917        7191         0.9        0          2097     262917     30129      20702.64   26761.71
Global   480      3050082      6354         1.0        0          1984     2209302    34172      43754.60   27791.58

[1;1H[2J
Get Statistics
Type     Time(s)  Ops          TPS(ops/s)   Net(M/s)   Get_miss   Min(us)  Max(us)    Avg(us)    Std_dev    Geo_dist  
Period   10       63488        6348         0.9        0          2237     964663     34155      42965.04   27437.86
Global   490      3113569      6354         0.9        0          1984     2209302    34171      43739.16   27784.42

Total Statistics
Type     Time(s)  Ops          TPS(ops/s)   Net(M/s)   Get_miss   Min(us)  Max(us)    Avg(us)    Std_dev    Geo_dist  
Period   10       63487        6348         0.9        0          2237     964663     34155      42965.59   27442.28
Global   490      3113569      6354         0.9        0          1984     2209302    34171      43739.16   27784.42

[1;1H[2J
Get Statistics
Type     Time(s)  Ops          TPS(ops/s)   Net(M/s)   Get_miss   Min(us)  Max(us)    Avg(us)    Std_dev    Geo_dist  
Period   10       66299        6629         0.9        0          2800     793484     32647      30646.42   27629.23
Global   500      3179868      6359         0.9        0          1984     2209302    34139      43507.14   27781.17

Total Statistics
Type     Time(s)  Ops          TPS(ops/s)   Net(M/s)   Get_miss   Min(us)  Max(us)    Avg(us)    Std_dev    Geo_dist  
Period   10       66299        6629         0.9        0          2800     793484     32647      30646.42   27629.23
Global   500      3179868      6359         0.9        0          1984     2209302    34139      43507.14   27781.17

[1;1H[2J
Get Statistics
Type     Time(s)  Ops          TPS(ops/s)   Net(M/s)   Get_miss   Min(us)  Max(us)    Avg(us)    Std_dev    Geo_dist  
Period   10       61085        6108         0.9        0          2464     878638     35591      44603.03   28572.62
Global   510      3240953      6354         0.8        0          1984     2209302    34167      43527.99   27795.88

Total Statistics
Type     Time(s)  Ops          TPS(ops/s)   Net(M/s)   Get_miss   Min(us)  Max(us)    Avg(us)    Std_dev    Geo_dist  
Period   10       61085        6108         0.9        0          2464     878638     35591      44603.03   28572.62
Global   510      3240953      6354         0.8        0          1984     2209302    34167      43527.99   27795.88

[1;1H[2J
Get Statistics
Type     Time(s)  Ops          TPS(ops/s)   Net(M/s)   Get_miss   Min(us)  Max(us)    Avg(us)    Std_dev    Geo_dist  
Period   10       63032        6303         0.9        0          2941     955391     34328      36984.20   28216.97
Global   520      3303985      6353         0.9        0          1984     2209302    34170      43412.44   27803.86

Total Statistics
Type     Time(s)  Ops          TPS(ops/s)   Net(M/s)   Get_miss   Min(us)  Max(us)    Avg(us)    Std_dev    Geo_dist  
Period   10       63032        6303         0.9        0          2941     955391     34328      36984.20   28216.97
Global   520      3303985      6353         0.9        0          1984     2209302    34170      43412.44   27803.86

[1;1H[2J
Get Statistics
Type     Time(s)  Ops          TPS(ops/s)   Net(M/s)   Get_miss   Min(us)  Max(us)    Avg(us)    Std_dev    Geo_dist  
Period   10       65274        6527         0.9        0          2560     491822     32546      24751.68   28259.30
Global   530      3369259      6357         0.9        0          1984     2209302    34138      43128.69   27812.61

Total Statistics
Type     Time(s)  Ops          TPS(ops/s)   Net(M/s)   Get_miss   Min(us)  Max(us)    Avg(us)    Std_dev    Geo_dist  
Period   10       65274        6527         0.9        0          2560     491822     32546      24751.68   28259.30
Global   530      3369259      6357         0.9        0          1984     2209302    34138      43128.69   27812.61

[1;1H[2J
Get Statistics
Type     Time(s)  Ops          TPS(ops/s)   Net(M/s)   Get_miss   Min(us)  Max(us)    Avg(us)    Std_dev    Geo_dist  
Period   10       62480        6248         0.9        0          2428     1068485    35417      43616.12   28380.63
Global   540      3431739      6355         0.9        0          1984     2209302    34162      43137.38   27822.85

Total Statistics
Type     Time(s)  Ops          TPS(ops/s)   Net(M/s)   Get_miss   Min(us)  Max(us)    Avg(us)    Std_dev    Geo_dist  
Period   10       62480        6248         0.9        0          2428     1068485    35417      43616.12   28380.63
Global   540      3431739      6355         0.9        0          1984     2209302    34162      43137.38   27822.85

[1;1H[2J
Get Statistics
Type     Time(s)  Ops          TPS(ops/s)   Net(M/s)   Get_miss   Min(us)  Max(us)    Avg(us)    Std_dev    Geo_dist  
Period   10       62025        6202         0.9        0          2164     1080185    35008      36635.29   29333.53
Global   550      3493764      6352         0.9        0          1984     2209302    34177      43030.67   27848.98

Total Statistics
Type     Time(s)  Ops          TPS(ops/s)   Net(M/s)   Get_miss   Min(us)  Max(us)    Avg(us)    Std_dev    Geo_dist  
Period   10       62025        6202         0.9        0          2164     1080185    35008      36635.29   29333.53
Global   550      3493764      6352         0.9        0          1984     2209302    34177      43030.67   27848.98

[1;1H[2J
Get Statistics
Type     Time(s)  Ops          TPS(ops/s)   Net(M/s)   Get_miss   Min(us)  Max(us)    Avg(us)    Std_dev    Geo_dist  
Period   10       65645        6564         0.9        0          3305     1277477    32840      37325.26   27780.26
Global   560      3559409      6356         0.9        0          1984     2209302    34152      42932.95   27847.71

Total Statistics
Type     Time(s)  Ops          TPS(ops/s)   Net(M/s)   Get_miss   Min(us)  Max(us)    Avg(us)    Std_dev    Geo_dist  
Period   10       65645        6564         0.9        0          3305     1277477    32840      37325.15   27776.01
Global   560      3559409      6356         0.9        0          1984     2209302    34152      42932.95   27847.71

[1;1H[2J
Get Statistics
Type     Time(s)  Ops          TPS(ops/s)   Net(M/s)   Get_miss   Min(us)  Max(us)    Avg(us)    Std_dev    Geo_dist  
Period   10       69151        6915         0.9        0          2396     450425     31120      28722.82   26884.26
Global   570      3628560      6365         0.9        0          1984     2209302    34094      42708.55   27829.03

Total Statistics
Type     Time(s)  Ops          TPS(ops/s)   Net(M/s)   Get_miss   Min(us)  Max(us)    Avg(us)    Std_dev    Geo_dist  
Period   10       69151        6915         0.9        0          2396     450425     31120      28722.82   26884.26
Global   570      3628560      6365         0.9        0          1984     2209302    34094      42708.55   27829.03

[1;1H[2J
Get Statistics
Type     Time(s)  Ops          TPS(ops/s)   Net(M/s)   Get_miss   Min(us)  Max(us)    Avg(us)    Std_dev    Geo_dist  
Period   10       61582        6158         0.9        0          2306     740413     35206      44548.44   27788.47
Global   580      3690142      6362         0.8        0          1984     2209302    34113      42739.78   27828.35

Total Statistics
Type     Time(s)  Ops          TPS(ops/s)   Net(M/s)   Get_miss   Min(us)  Max(us)    Avg(us)    Std_dev    Geo_dist  
Period   10       61582        6158         0.9        0          2306     740413     35206      44548.44   27788.47
Global   580      3690142      6362         0.8        0          1984     2209302    34113      42739.78   27828.35

[1;1H[2J
Get Statistics
Type     Time(s)  Ops          TPS(ops/s)   Net(M/s)   Get_miss   Min(us)  Max(us)    Avg(us)    Std_dev    Geo_dist  
Period   10       68105        6810         0.9        0          2328     969341     32006      31154.44   26999.58
Global   590      3758247      6369         0.9        0          1984     2209302    34075      42558.68   27813.11

Total Statistics
Type     Time(s)  Ops          TPS(ops/s)   Net(M/s)   Get_miss   Min(us)  Max(us)    Avg(us)    Std_dev    Geo_dist  
Period   10       68105        6810         0.9        0          2328     969341     32006      31154.44   26999.58
Global   590      3758247      6369         0.9        0          1984     2209302    34075      42558.68   27813.11

[1;1H[2J
Get Statistics
Type     Time(s)  Ops          TPS(ops/s)   Net(M/s)   Get_miss   Min(us)  Max(us)    Avg(us)    Std_dev    Geo_dist  
Period   10       57398        5739         0.9        0          2175     775254     37886      39904.24   30371.22
Global   600      3815645      6359         0.8        0          1984     2209302    34132      42522.77   27849.95

Total Statistics
Type     Time(s)  Ops          TPS(ops/s)   Net(M/s)   Get_miss   Min(us)  Max(us)    Avg(us)    Std_dev    Geo_dist  
Period   10       57398        5739         0.9        0          2175     775254     37886      39904.24   30371.22
Global   600      3815645      6359         0.8        0          1984     2209302    34132      42522.77   27849.95

[1;1H[2J
Get Statistics
Type     Time(s)  Ops          TPS(ops/s)   Net(M/s)   Get_miss   Min(us)  Max(us)    Avg(us)    Std_dev    Geo_dist  
Period   10       64792        6479         0.9        0          3134     1240332    33680      40276.87   27640.54
Global   610      3880437      6361         0.9        0          1984     2209302    34124      42486.64   27846.44

Total Statistics
Type     Time(s)  Ops          TPS(ops/s)   Net(M/s)   Get_miss   Min(us)  Max(us)    Avg(us)    Std_dev    Geo_dist  
Period   10       64792        6479         0.9        0          3134     1240332    33680      40276.87   27640.54
Global   610      3880437      6361         0.9        0          1984     2209302    34124      42486.64   27846.44

[1;1H[2J
Get Statistics
Type     Time(s)  Ops          TPS(ops/s)   Net(M/s)   Get_miss   Min(us)  Max(us)    Avg(us)    Std_dev    Geo_dist  
Period   10       61683        6168         0.9        0          2062     991171     34152      35992.29   28223.45
Global   620      3942120      6358         0.8        0          1984     2209302    34125      42392.23   27852.30

Total Statistics
Type     Time(s)  Ops          TPS(ops/s)   Net(M/s)   Get_miss   Min(us)  Max(us)    Avg(us)    Std_dev    Geo_dist  
Period   10       61683        6168         0.9        0          2062     991171     34152      35992.29   28223.45
Global   620      3942120      6358         0.8        0          1984     2209302    34125      42392.23   27852.30

[1;1H[2J
Get Statistics
Type     Time(s)  Ops          TPS(ops/s)   Net(M/s)   Get_miss   Min(us)  Max(us)    Avg(us)    Std_dev    Geo_dist  
Period   10       62695        6269         0.9        0          2515     1124278    35361      59700.31   27164.99
Global   630      4004815      6356         0.9        0          1984     2209302    34144      42717.80   27841.41

Total Statistics
Type     Time(s)  Ops          TPS(ops/s)   Net(M/s)   Get_miss   Min(us)  Max(us)    Avg(us)    Std_dev    Geo_dist  
Period   10       62695        6269         0.9        0          2515     1124278    35361      59700.31   27164.99
Global   630      4004815      6356         0.9        0          1984     2209302    34144      42717.80   27841.41

[1;1H[2J
Get Statistics
Type     Time(s)  Ops          TPS(ops/s)   Net(M/s)   Get_miss   Min(us)  Max(us)    Avg(us)    Std_dev    Geo_dist  
Period   10       57631        5763         0.9        0          1868     1377131    37920      90318.48   27075.25
Global   640      4062446      6347         0.8        0          1868     2209302    34198      43758.59   27830.39

Total Statistics
Type     Time(s)  Ops          TPS(ops/s)   Net(M/s)   Get_miss   Min(us)  Max(us)    Avg(us)    Std_dev    Geo_dist  
Period   10       57631        5763         0.9        0          1868     1377131    37920      90318.48   27075.25
Global   640      4062446      6347         0.8        0          1868     2209302    34198      43758.59   27830.39

[1;1H[2J
Get Statistics
Type     Time(s)  Ops          TPS(ops/s)   Net(M/s)   Get_miss   Min(us)  Max(us)    Avg(us)    Std_dev    Geo_dist  
Period   10       56281        5628         0.9        0          2901     1326233    38670      63996.07   28320.23
Global   650      4118727      6336         0.8        0          1868     2209302    34259      44100.89   27837.02

Total Statistics
Type     Time(s)  Ops          TPS(ops/s)   Net(M/s)   Get_miss   Min(us)  Max(us)    Avg(us)    Std_dev    Geo_dist  
Period   10       56281        5628         0.9        0          2901     1326233    38670      63996.07   28320.23
Global   650      4118727      6336         0.8        0          1868     2209302    34259      44100.89   27837.02

[1;1H[2J
Get Statistics
Type     Time(s)  Ops          TPS(ops/s)   Net(M/s)   Get_miss   Min(us)  Max(us)    Avg(us)    Std_dev    Geo_dist  
Period   10       60811        6081         0.9        0          4322     1349962    35830      53795.93   27717.74
Global   660      4179538      6332         0.8        0          1868     2209302    34282      44257.46   27835.29

Total Statistics
Type     Time(s)  Ops          TPS(ops/s)   Net(M/s)   Get_miss   Min(us)  Max(us)    Avg(us)    Std_dev    Geo_dist  
Period   10       60811        6081         0.9        0          4322     1349962    35830      53795.93   27717.74
Global   660      4179538      6332         0.8        0          1868     2209302    34282      44257.46   27835.29

[1;1H[2J
Get Statistics
Type     Time(s)  Ops          TPS(ops/s)   Net(M/s)   Get_miss   Min(us)  Max(us)    Avg(us)    Std_dev    Geo_dist  
Period   10       71144        7114         0.9        0          2796     965981     30592      26022.49   26765.03
Global   670      4250682      6344         1.0        0          1868     2209302    34220      44017.20   27817.02

Total Statistics
Type     Time(s)  Ops          TPS(ops/s)   Net(M/s)   Get_miss   Min(us)  Max(us)    Avg(us)    Std_dev    Geo_dist  
Period   10       71144        7114         0.9        0          2796     965981     30592      26022.49   26765.03
Global   670      4250682      6344         1.0        0          1868     2209302    34220      44017.20   27817.02

[1;1H[2J
Get Statistics
Type     Time(s)  Ops          TPS(ops/s)   Net(M/s)   Get_miss   Min(us)  Max(us)    Avg(us)    Std_dev    Geo_dist  
Period   10       55078        5507         0.9        0          3648     957327     39552      37875.69   32524.92
Global   680      4305760      6332         0.8        0          1868     2209302    34288      43948.30   27872.72

Total Statistics
Type     Time(s)  Ops          TPS(ops/s)   Net(M/s)   Get_miss   Min(us)  Max(us)    Avg(us)    Std_dev    Geo_dist  
Period   10       55078        5507         0.9        0          3648     957327     39552      37875.69   32524.92
Global   680      4305760      6332         0.8        0          1868     2209302    34288      43948.30   27872.72

[1;1H[2J
Get Statistics
Type     Time(s)  Ops          TPS(ops/s)   Net(M/s)   Get_miss   Min(us)  Max(us)    Avg(us)    Std_dev    Geo_dist  
Period   10       66811        6681         0.9        0          2673     506987     32570      30562.80   27154.33
Global   690      4372571      6337         0.9        0          1868     2209302    34262      43774.89   27861.60

Total Statistics
Type     Time(s)  Ops          TPS(ops/s)   Net(M/s)   Get_miss   Min(us)  Max(us)    Avg(us)    Std_dev    Geo_dist  
Period   10       66812        6681         0.9        0          2673     506987     32570      30562.55   27154.38
Global   690      4372572      6337         0.9        0          1868     2209302    34262      43774.88   27861.60

[1;1H[2J
Get Statistics
Type     Time(s)  Ops          TPS(ops/s)   Net(M/s)   Get_miss   Min(us)  Max(us)    Avg(us)    Std_dev    Geo_dist  
Period   10       62174        6217         0.9        0          1946     981622     34966      46784.82   27414.23
Global   700      4434745      6335         0.9        0          1868     2209302    34272      43818.49   27855.34

Total Statistics
Type     Time(s)  Ops          TPS(ops/s)   Net(M/s)   Get_miss   Min(us)  Max(us)    Avg(us)    Std_dev    Geo_dist  
Period   10       62173        6217         0.9        0          1946     981622     34966      46785.33   27414.35
Global   700      4434745      6335         0.9        0          1868     2209302    34272      43818.49   27855.34

[1;1H[2J
Get Statistics
Type     Time(s)  Ops          TPS(ops/s)   Net(M/s)   Get_miss   Min(us)  Max(us)    Avg(us)    Std_dev    Geo_dist  
Period   10       61346        6134         0.9        0          3733     1359383    35318      53344.49   28199.27
Global   710      4496091      6332         0.8        0          1868     2209302    34286      43962.73   27860.01

Total Statistics
Type     Time(s)  Ops          TPS(ops/s)   Net(M/s)   Get_miss   Min(us)  Max(us)    Avg(us)    Std_dev    Geo_dist  
Period   10       61346        6134         0.9        0          3733     1359383    35318      53344.49   28199.27
Global   710      4496091      6332         0.8        0          1868     2209302    34286      43962.73   27860.01

[1;1H[2J
Get Statistics
Type     Time(s)  Ops          TPS(ops/s)   Net(M/s)   Get_miss   Min(us)  Max(us)    Avg(us)    Std_dev    Geo_dist  
Period   10       92026        9202         0.9        0          2311     345809     23612      21772.40   19739.50
Global   720      4588117      6372         1.3        0          1868     2209302    34072      43654.29   27668.12

Total Statistics
Type     Time(s)  Ops          TPS(ops/s)   Net(M/s)   Get_miss   Min(us)  Max(us)    Avg(us)    Std_dev    Geo_dist  
Period   10       92029        9202         0.9        0          2311     345809     23611      21772.76   19737.14
Global   720      4588120      6372         1.3        0          1868     2209302    34072      43654.27   27668.11

Get Statistics (4588336 events)
   Min:      1868
   Max:   2209302
   Avg:     34071
   Geo:  27667.40
   Std:  43653.56
   Log2 Dist:
       8:        0        0        0        9
      12:     2284     5118   339767   3231832
      16:   746091   158711    71762    28377
      20:     3485      893        7

Total Statistics (4588336 events)
   Min:      1868
   Max:   2209302
   Avg:     34071
   Geo:  27667.40
   Std:  43653.56
   Log2 Dist:
       8:        0        0        0        9
      12:     2284     5118   339767   3231832
      16:   746091   158711    71762    28377
      20:     3485      893        7

cmd_get: 4588552
cmd_set: 221184
get_misses: 0
written_bytes: 136332832
read_bytes: 758844912
object_bytes: 31850496

Run time: 723.8s Ops: 4809736 TPS: 6645 Net_rate: 1.2M/s
