servers : 10.0.0.6:11212
threads count: 216
concurrency: 216
run time: 720s
windows size: 1k
set proportion: set_prop=0.00
get proportion: get_prop=1.00
[1;1H[2J
Get Statistics
Type     Time(s)  Ops          TPS(ops/s)   Net(M/s)   Get_miss   Min(us)  Max(us)    Avg(us)    Std_dev    Geo_dist  
Period   10       83996        8399         1.2        0          888      305602     25798      24906.91   20656.31
Global   10       83996        8399         1.2        0          888      305602     25798      24906.91   20656.31

Total Statistics
Type     Time(s)  Ops          TPS(ops/s)   Net(M/s)   Get_miss   Min(us)  Max(us)    Avg(us)    Std_dev    Geo_dist  
Period   10       83996        8399         1.2        0          888      305602     25798      24906.91   20656.31
Global   10       83996        8399         1.2        0          888      305602     25798      24906.91   20656.31

[1;1H[2J
Get Statistics
Type     Time(s)  Ops          TPS(ops/s)   Net(M/s)   Get_miss   Min(us)  Max(us)    Avg(us)    Std_dev    Geo_dist  
Period   10       68524        6852         1.0        0          1166     408239     31555      30578.83   25507.39
Global   20       152520       7626         0.9        0          888      408239     28385      27747.32   22709.77

Total Statistics
Type     Time(s)  Ops          TPS(ops/s)   Net(M/s)   Get_miss   Min(us)  Max(us)    Avg(us)    Std_dev    Geo_dist  
Period   10       68524        6852         1.0        0          1166     408239     31555      30578.83   25507.39
Global   20       152520       7626         0.9        0          888      408239     28385      27747.32   22709.77

[1;1H[2J
Get Statistics
Type     Time(s)  Ops          TPS(ops/s)   Net(M/s)   Get_miss   Min(us)  Max(us)    Avg(us)    Std_dev    Geo_dist  
Period   10       77018        7701         1.1        0          1048     1086766    28235      31245.57   23243.26
Global   30       229538       7651         1.1        0          888      1086766    28334      28968.91   22887.40

Total Statistics
Type     Time(s)  Ops          TPS(ops/s)   Net(M/s)   Get_miss   Min(us)  Max(us)    Avg(us)    Std_dev    Geo_dist  
Period   10       77018        7701         1.1        0          1048     1086766    28235      31245.57   23243.26
Global   30       229538       7651         1.1        0          888      1086766    28334      28968.91   22887.40

[1;1H[2J
Get Statistics
Type     Time(s)  Ops          TPS(ops/s)   Net(M/s)   Get_miss   Min(us)  Max(us)    Avg(us)    Std_dev    Geo_dist  
Period   10       85777        8577         1.1        0          588      1127305    25272      28632.52   21636.88
Global   40       315315       7882         1.2        0          588      1127305    27501      28909.90   22540.22

Total Statistics
Type     Time(s)  Ops          TPS(ops/s)   Net(M/s)   Get_miss   Min(us)  Max(us)    Avg(us)    Std_dev    Geo_dist  
Period   10       85777        8577         1.1        0          588      1127305    25272      28632.52   21636.88
Global   40       315315       7882         1.2        0          588      1127305    27501      28909.90   22540.22

[1;1H[2J
Get Statistics
Type     Time(s)  Ops          TPS(ops/s)   Net(M/s)   Get_miss   Min(us)  Max(us)    Avg(us)    Std_dev    Geo_dist  
Period   10       69315        6931         1.1        0          1052     1775901    30449      70600.00   22835.45
Global   50       384630       7692         1.0        0          588      1775901    28032      39808.22   22593.14

Total Statistics
Type     Time(s)  Ops          TPS(ops/s)   Net(M/s)   Get_miss   Min(us)  Max(us)    Avg(us)    Std_dev    Geo_dist  
Period   10       69315        6931         1.1        0          1052     1775901    30449      70600.00   22835.45
Global   50       384630       7692         1.0        0          588      1775901    28032      39808.22   22593.14

[1;1H[2J
Get Statistics
Type     Time(s)  Ops          TPS(ops/s)   Net(M/s)   Get_miss   Min(us)  Max(us)    Avg(us)    Std_dev    Geo_dist  
Period   10       73496        7349         1.0        0          1057     1355122    30291      32458.51   24473.24
Global   60       458126       7635         1.0        0          588      1775901    28395      38731.59   22884.73

Total Statistics
Type     Time(s)  Ops          TPS(ops/s)   Net(M/s)   Get_miss   Min(us)  Max(us)    Avg(us)    Std_dev    Geo_dist  
Period   10       73496        7349         1.0        0          1057     1355122    30291      32458.51   24473.24
Global   60       458126       7635         1.0        0          588      1775901    28395      38731.59   22884.73

[1;1H[2J
Get Statistics
Type     Time(s)  Ops          TPS(ops/s)   Net(M/s)   Get_miss   Min(us)  Max(us)    Avg(us)    Std_dev    Geo_dist  
Period   10       76924        7692         1.0        0          1160     972137     28205      34863.00   22635.25
Global   70       535050       7643         1.1        0          588      1775901    28367      38200.06   22848.70

Total Statistics
Type     Time(s)  Ops          TPS(ops/s)   Net(M/s)   Get_miss   Min(us)  Max(us)    Avg(us)    Std_dev    Geo_dist  
Period   10       76924        7692         1.0        0          1160     972137     28205      34863.00   22635.25
Global   70       535050       7643         1.1        0          588      1775901    28367      38200.06   22848.70

[1;1H[2J
Get Statistics
Type     Time(s)  Ops          TPS(ops/s)   Net(M/s)   Get_miss   Min(us)  Max(us)    Avg(us)    Std_dev    Geo_dist  
Period   10       76847        7684         1.1        0          1022     375523     28223      29919.24   23012.59
Global   80       611897       7648         1.1        0          588      1775901    28349      37261.21   22869.22

Total Statistics
Type     Time(s)  Ops          TPS(ops/s)   Net(M/s)   Get_miss   Min(us)  Max(us)    Avg(us)    Std_dev    Geo_dist  
Period   10       76847        7684         1.1        0          1022     375523     28223      29919.24   23012.59
Global   80       611897       7648         1.1        0          588      1775901    28349      37261.21   22869.22

[1;1H[2J
Get Statistics
Type     Time(s)  Ops          TPS(ops/s)   Net(M/s)   Get_miss   Min(us)  Max(us)    Avg(us)    Std_dev    Geo_dist  
Period   10       69003        6900         1.0        0          1264     962911     31428      58586.89   23518.97
Global   90       680900       7565         0.9        0          588      1775901    28661      39955.00   22934.24

Total Statistics
Type     Time(s)  Ops          TPS(ops/s)   Net(M/s)   Get_miss   Min(us)  Max(us)    Avg(us)    Std_dev    Geo_dist  
Period   10       69003        6900         1.0        0          1264     962911     31428      58586.89   23518.97
Global   90       680900       7565         0.9        0          588      1775901    28661      39955.00   22934.24

[1;1H[2J
Get Statistics
Type     Time(s)  Ops          TPS(ops/s)   Net(M/s)   Get_miss   Min(us)  Max(us)    Avg(us)    Std_dev    Geo_dist  
Period   10       75769        7576         1.0        0          1426     337788     28580      28841.14   23456.97
Global   100      756669       7566         1.0        0          588      1775901    28653      38985.03   22986.05

Total Statistics
Type     Time(s)  Ops          TPS(ops/s)   Net(M/s)   Get_miss   Min(us)  Max(us)    Avg(us)    Std_dev    Geo_dist  
Period   10       75769        7576         1.0        0          1426     337788     28580      28841.14   23456.97
Global   100      756669       7566         1.0        0          588      1775901    28653      38985.03   22986.05

[1;1H[2J
Get Statistics
Type     Time(s)  Ops          TPS(ops/s)   Net(M/s)   Get_miss   Min(us)  Max(us)    Avg(us)    Std_dev    Geo_dist  
Period   10       74778        7477         1.0        0          694      542928     28885      30410.60   23200.08
Global   110      831447       7558         1.0        0          588      1775901    28674      38292.47   23005.22

Total Statistics
Type     Time(s)  Ops          TPS(ops/s)   Net(M/s)   Get_miss   Min(us)  Max(us)    Avg(us)    Std_dev    Geo_dist  
Period   10       74778        7477         1.0        0          694      542928     28885      30410.60   23200.08
Global   110      831447       7558         1.0        0          588      1775901    28674      38292.47   23005.22

[1;1H[2J
Get Statistics
Type     Time(s)  Ops          TPS(ops/s)   Net(M/s)   Get_miss   Min(us)  Max(us)    Avg(us)    Std_dev    Geo_dist  
Period   10       76376        7637         1.0        0          936      1067582    28518      43984.03   22158.83
Global   120      907823       7565         1.0        0          588      1775901    28661      38803.38   22932.78

Total Statistics
Type     Time(s)  Ops          TPS(ops/s)   Net(M/s)   Get_miss   Min(us)  Max(us)    Avg(us)    Std_dev    Geo_dist  
Period   10       76376        7637         1.0        0          936      1067582    28518      43984.03   22158.83
Global   120      907823       7565         1.0        0          588      1775901    28661      38803.38   22932.78

[1;1H[2J
Get Statistics
Type     Time(s)  Ops          TPS(ops/s)   Net(M/s)   Get_miss   Min(us)  Max(us)    Avg(us)    Std_dev    Geo_dist  
Period   10       72386        7238         1.0        0          1604     1105700    29765      48938.92   22554.28
Global   130      980209       7540         1.0        0          588      1775901    28742      39641.99   22904.62

Total Statistics
Type     Time(s)  Ops          TPS(ops/s)   Net(M/s)   Get_miss   Min(us)  Max(us)    Avg(us)    Std_dev    Geo_dist  
Period   10       72386        7238         1.0        0          1604     1105700    29765      48938.92   22554.28
Global   130      980209       7540         1.0        0          588      1775901    28742      39641.99   22904.62

[1;1H[2J
Get Statistics
Type     Time(s)  Ops          TPS(ops/s)   Net(M/s)   Get_miss   Min(us)  Max(us)    Avg(us)    Std_dev    Geo_dist  
Period   10       68000        6800         1.0        0          1032     941619     32104      43621.65   23890.12
Global   140      1048209      7487         0.9        0          588      1775901    28960      39920.84   22967.30

Total Statistics
Type     Time(s)  Ops          TPS(ops/s)   Net(M/s)   Get_miss   Min(us)  Max(us)    Avg(us)    Std_dev    Geo_dist  
Period   10       68000        6800         1.0        0          1032     941619     32104      43621.65   23890.12
Global   140      1048209      7487         0.9        0          588      1775901    28960      39920.84   22967.30

[1;1H[2J
Get Statistics
Type     Time(s)  Ops          TPS(ops/s)   Net(M/s)   Get_miss   Min(us)  Max(us)    Avg(us)    Std_dev    Geo_dist  
Period   10       72121        7212         1.0        0          999      959456     30074      34975.03   23790.67
Global   150      1120330      7468         1.0        0          588      1775901    29032      39621.77   23019.43

Total Statistics
Type     Time(s)  Ops          TPS(ops/s)   Net(M/s)   Get_miss   Min(us)  Max(us)    Avg(us)    Std_dev    Geo_dist  
Period   10       72121        7212         1.0        0          999      959456     30074      34975.03   23790.67
Global   150      1120330      7468         1.0        0          588      1775901    29032      39621.77   23019.43

[1;1H[2J
Get Statistics
Type     Time(s)  Ops          TPS(ops/s)   Net(M/s)   Get_miss   Min(us)  Max(us)    Avg(us)    Std_dev    Geo_dist  
Period   10       70381        7038         1.0        0          894      444892     30686      36531.02   23736.43
Global   160      1190711      7441         1.0        0          588      1775901    29130      39447.56   23061.20

Total Statistics
Type     Time(s)  Ops          TPS(ops/s)   Net(M/s)   Get_miss   Min(us)  Max(us)    Avg(us)    Std_dev    Geo_dist  
Period   10       70381        7038         1.0        0          894      444892     30686      36531.02   23736.43
Global   160      1190711      7441         1.0        0          588      1775901    29130      39447.56   23061.20

[1;1H[2J
Get Statistics
Type     Time(s)  Ops          TPS(ops/s)   Net(M/s)   Get_miss   Min(us)  Max(us)    Avg(us)    Std_dev    Geo_dist  
Period   10       78749        7874         1.0        0          924      692746     27651      27287.08   22917.35
Global   170      1269460      7467         1.1        0          588      1775901    29038      38806.05   23052.25

Total Statistics
Type     Time(s)  Ops          TPS(ops/s)   Net(M/s)   Get_miss   Min(us)  Max(us)    Avg(us)    Std_dev    Geo_dist  
Period   10       78749        7874         1.0        0          924      692746     27651      27287.08   22917.35
Global   170      1269460      7467         1.1        0          588      1775901    29038      38806.05   23052.25

[1;1H[2J
Get Statistics
Type     Time(s)  Ops          TPS(ops/s)   Net(M/s)   Get_miss   Min(us)  Max(us)    Avg(us)    Std_dev    Geo_dist  
Period   10       76806        7680         1.0        0          1672     1336848    28194      41931.74   22623.19
Global   180      1346266      7479         1.1        0          588      1775901    28990      38991.48   23027.56

Total Statistics
Type     Time(s)  Ops          TPS(ops/s)   Net(M/s)   Get_miss   Min(us)  Max(us)    Avg(us)    Std_dev    Geo_dist  
Period   10       76806        7680         1.0        0          1672     1336848    28194      41931.74   22623.19
Global   180      1346266      7479         1.1        0          588      1775901    28990      38991.48   23027.56

[1;1H[2J
Get Statistics
Type     Time(s)  Ops          TPS(ops/s)   Net(M/s)   Get_miss   Min(us)  Max(us)    Avg(us)    Std_dev    Geo_dist  
Period   10       78571        7857         1.0        0          1025     388469     27156      25740.86   22679.25
Global   190      1424837      7499         1.1        0          588      1775901    28889      38382.33   23008.21

Total Statistics
Type     Time(s)  Ops          TPS(ops/s)   Net(M/s)   Get_miss   Min(us)  Max(us)    Avg(us)    Std_dev    Geo_dist  
Period   10       78572        7857         1.0        0          1025     388469     27156      25740.54   22679.02
Global   190      1424838      7499         1.1        0          588      1775901    28889      38382.31   23008.20

[1;1H[2J
Get Statistics
Type     Time(s)  Ops          TPS(ops/s)   Net(M/s)   Get_miss   Min(us)  Max(us)    Avg(us)    Std_dev    Geo_dist  
Period   10       84309        8430         1.0        0          1133     1092469    26156      34970.96   21853.20
Global   200      1509146      7545         1.2        0          588      1775901    28736      38205.17   22942.25

Total Statistics
Type     Time(s)  Ops          TPS(ops/s)   Net(M/s)   Get_miss   Min(us)  Max(us)    Avg(us)    Std_dev    Geo_dist  
Period   10       84308        8430         1.0        0          1133     1092469    26156      34971.28   21855.79
Global   200      1509146      7545         1.2        0          588      1775901    28736      38205.17   22942.25

[1;1H[2J
Get Statistics
Type     Time(s)  Ops          TPS(ops/s)   Net(M/s)   Get_miss   Min(us)  Max(us)    Avg(us)    Std_dev    Geo_dist  
Period   10       70485        7048         1.0        0          1409     1161774    30695      46742.38   23329.28
Global   210      1579631      7522         1.0        0          588      1775901    28824      38628.01   22959.38

Total Statistics
Type     Time(s)  Ops          TPS(ops/s)   Net(M/s)   Get_miss   Min(us)  Max(us)    Avg(us)    Std_dev    Geo_dist  
Period   10       70485        7048         1.0        0          1409     1161774    30695      46742.38   23329.28
Global   210      1579631      7522         1.0        0          588      1775901    28824      38628.01   22959.38

[1;1H[2J
Get Statistics
Type     Time(s)  Ops          TPS(ops/s)   Net(M/s)   Get_miss   Min(us)  Max(us)    Avg(us)    Std_dev    Geo_dist  
Period   10       74185        7418         1.0        0          1000     587884     28888      36130.31   22922.49
Global   220      1653816      7517         1.0        0          588      1775901    28826      38520.09   22957.72

Total Statistics
Type     Time(s)  Ops          TPS(ops/s)   Net(M/s)   Get_miss   Min(us)  Max(us)    Avg(us)    Std_dev    Geo_dist  
Period   10       74185        7418         1.0        0          1000     587884     28888      36130.31   22922.49
Global   220      1653816      7517         1.0        0          588      1775901    28826      38520.09   22957.72

[1;1H[2J
Get Statistics
Type     Time(s)  Ops          TPS(ops/s)   Net(M/s)   Get_miss   Min(us)  Max(us)    Avg(us)    Std_dev    Geo_dist  
Period   10       66408        6640         1.0        0          703      1313021    33131      62667.76   22978.70
Global   230      1720224      7479         0.9        0          588      1775901    28993      39733.66   22958.53

Total Statistics
Type     Time(s)  Ops          TPS(ops/s)   Net(M/s)   Get_miss   Min(us)  Max(us)    Avg(us)    Std_dev    Geo_dist  
Period   10       66408        6640         1.0        0          703      1313021    33131      62667.76   22978.70
Global   230      1720224      7479         0.9        0          588      1775901    28993      39733.66   22958.53

[1;1H[2J
Get Statistics
Type     Time(s)  Ops          TPS(ops/s)   Net(M/s)   Get_miss   Min(us)  Max(us)    Avg(us)    Std_dev    Geo_dist  
Period   10       71333        7133         1.0        0          714      1039088    30391      42160.74   23252.00
Global   240      1791557      7464         1.0        0          588      1775901    29048      39834.53   22970.15

Total Statistics
Type     Time(s)  Ops          TPS(ops/s)   Net(M/s)   Get_miss   Min(us)  Max(us)    Avg(us)    Std_dev    Geo_dist  
Period   10       71333        7133         1.0        0          714      1039088    30391      42160.74   23252.00
Global   240      1791557      7464         1.0        0          588      1775901    29048      39834.53   22970.15

[1;1H[2J
Get Statistics
Type     Time(s)  Ops          TPS(ops/s)   Net(M/s)   Get_miss   Min(us)  Max(us)    Avg(us)    Std_dev    Geo_dist  
Period   10       77832        7783         1.0        0          691      270332     27653      25368.85   23023.90
Global   250      1869389      7477         1.1        0          588      1775901    28990      39339.44   22972.38

Total Statistics
Type     Time(s)  Ops          TPS(ops/s)   Net(M/s)   Get_miss   Min(us)  Max(us)    Avg(us)    Std_dev    Geo_dist  
Period   10       77832        7783         1.0        0          691      270332     27653      25368.85   23023.90
Global   250      1869389      7477         1.1        0          588      1775901    28990      39339.44   22972.38

[1;1H[2J
Get Statistics
Type     Time(s)  Ops          TPS(ops/s)   Net(M/s)   Get_miss   Min(us)  Max(us)    Avg(us)    Std_dev    Geo_dist  
Period   10       74924        7492         1.0        0          1212     315801     29161      29985.59   23612.09
Global   260      1944313      7478         1.0        0          588      1775901    28997      39020.26   22996.71

Total Statistics
Type     Time(s)  Ops          TPS(ops/s)   Net(M/s)   Get_miss   Min(us)  Max(us)    Avg(us)    Std_dev    Geo_dist  
Period   10       74924        7492         1.0        0          1212     315801     29161      29985.59   23612.09
Global   260      1944313      7478         1.0        0          588      1775901    28997      39020.26   22996.71

[1;1H[2J
Get Statistics
Type     Time(s)  Ops          TPS(ops/s)   Net(M/s)   Get_miss   Min(us)  Max(us)    Avg(us)    Std_dev    Geo_dist  
Period   10       55931        5593         1.0        0          1141     2246721    38773      76938.56   25293.66
Global   270      2000244      7408         0.8        0          588      2246721    29270      40597.34   23058.01

Total Statistics
Type     Time(s)  Ops          TPS(ops/s)   Net(M/s)   Get_miss   Min(us)  Max(us)    Avg(us)    Std_dev    Geo_dist  
Period   10       55931        5593         1.0        0          1141     2246721    38773      76938.56   25293.66
Global   270      2000244      7408         0.8        0          588      2246721    29270      40597.34   23058.01

[1;1H[2J
Get Statistics
Type     Time(s)  Ops          TPS(ops/s)   Net(M/s)   Get_miss   Min(us)  Max(us)    Avg(us)    Std_dev    Geo_dist  
Period   10       70283        7028         1.0        0          985      1016651    30852      39952.24   23948.53
Global   280      2070527      7394         1.0        0          588      2246721    29324      40576.40   23087.69

Total Statistics
Type     Time(s)  Ops          TPS(ops/s)   Net(M/s)   Get_miss   Min(us)  Max(us)    Avg(us)    Std_dev    Geo_dist  
Period   10       70283        7028         1.0        0          985      1016651    30852      39952.24   23948.53
Global   280      2070527      7394         1.0        0          588      2246721    29324      40576.40   23087.69

[1;1H[2J
Get Statistics
Type     Time(s)  Ops          TPS(ops/s)   Net(M/s)   Get_miss   Min(us)  Max(us)    Avg(us)    Std_dev    Geo_dist  
Period   10       70924        7092         1.0        0          879      1021809    30577      38756.91   23746.93
Global   290      2141451      7384         1.0        0          588      2246721    29365      40518.42   23109.23

Total Statistics
Type     Time(s)  Ops          TPS(ops/s)   Net(M/s)   Get_miss   Min(us)  Max(us)    Avg(us)    Std_dev    Geo_dist  
Period   10       70924        7092         1.0        0          879      1021809    30577      38756.91   23746.93
Global   290      2141451      7384         1.0        0          588      2246721    29365      40518.42   23109.23

[1;1H[2J
Get Statistics
Type     Time(s)  Ops          TPS(ops/s)   Net(M/s)   Get_miss   Min(us)  Max(us)    Avg(us)    Std_dev    Geo_dist  
Period   10       69235        6923         1.0        0          690      1465948    30363      57174.74   22183.59
Global   300      2210686      7368         1.0        0          588      2246721    29397      41142.30   23079.66

Total Statistics
Type     Time(s)  Ops          TPS(ops/s)   Net(M/s)   Get_miss   Min(us)  Max(us)    Avg(us)    Std_dev    Geo_dist  
Period   10       69236        6923         1.0        0          690      1465948    30363      57175.27   22184.05
Global   300      2210687      7368         1.0        0          588      2246721    29397      41142.33   23079.67

[1;1H[2J
Get Statistics
Type     Time(s)  Ops          TPS(ops/s)   Net(M/s)   Get_miss   Min(us)  Max(us)    Avg(us)    Std_dev    Geo_dist  
Period   10       77930        7793         1.0        0          948      1506406    28665      44296.31   23153.10
Global   310      2288616      7382         1.1        0          588      2246721    29372      41253.96   23082.27

Total Statistics
Type     Time(s)  Ops          TPS(ops/s)   Net(M/s)   Get_miss   Min(us)  Max(us)    Avg(us)    Std_dev    Geo_dist  
Period   10       77929        7792         1.0        0          948      1506406    28665      44296.71   23156.09
Global   310      2288616      7382         1.1        0          588      2246721    29372      41253.96   23082.27

[1;1H[2J
Get Statistics
Type     Time(s)  Ops          TPS(ops/s)   Net(M/s)   Get_miss   Min(us)  Max(us)    Avg(us)    Std_dev    Geo_dist  
Period   10       68262        6826         1.0        0          624      1229225    31733      55877.69   22816.74
Global   320      2356878      7365         0.9        0          588      2246721    29440      41751.73   23074.54

Total Statistics
Type     Time(s)  Ops          TPS(ops/s)   Net(M/s)   Get_miss   Min(us)  Max(us)    Avg(us)    Std_dev    Geo_dist  
Period   10       68262        6826         1.0        0          624      1229225    31733      55877.69   22816.74
Global   320      2356878      7365         0.9        0          588      2246721    29440      41751.73   23074.54

[1;1H[2J
Get Statistics
Type     Time(s)  Ops          TPS(ops/s)   Net(M/s)   Get_miss   Min(us)  Max(us)    Avg(us)    Std_dev    Geo_dist  
Period   10       78501        7850         1.0        0          999      870292     27565      31147.63   22914.12
Global   330      2435379      7379         1.1        0          588      2246721    29380      41453.26   23069.35

Total Statistics
Type     Time(s)  Ops          TPS(ops/s)   Net(M/s)   Get_miss   Min(us)  Max(us)    Avg(us)    Std_dev    Geo_dist  
Period   10       78501        7850         1.0        0          999      870292     27565      31147.63   22914.12
Global   330      2435379      7379         1.1        0          588      2246721    29380      41453.26   23069.35

[1;1H[2J
Get Statistics
Type     Time(s)  Ops          TPS(ops/s)   Net(M/s)   Get_miss   Min(us)  Max(us)    Avg(us)    Std_dev    Geo_dist  
Period   10       68550        6855         1.0        0          1277     1338808    31747      42547.66   24102.07
Global   340      2503929      7364         0.9        0          588      2246721    29444      41485.97   23097.02

Total Statistics
Type     Time(s)  Ops          TPS(ops/s)   Net(M/s)   Get_miss   Min(us)  Max(us)    Avg(us)    Std_dev    Geo_dist  
Period   10       68550        6855         1.0        0          1277     1338808    31747      42547.66   24102.07
Global   340      2503929      7364         0.9        0          588      2246721    29444      41485.97   23097.02

[1;1H[2J
Get Statistics
Type     Time(s)  Ops          TPS(ops/s)   Net(M/s)   Get_miss   Min(us)  Max(us)    Avg(us)    Std_dev    Geo_dist  
Period   10       68039        6803         1.0        0          838      1157115    31857      44905.33   23892.00
Global   350      2571968      7348         0.9        0          588      2246721    29508      41581.72   23117.71

Total Statistics
Type     Time(s)  Ops          TPS(ops/s)   Net(M/s)   Get_miss   Min(us)  Max(us)    Avg(us)    Std_dev    Geo_dist  
Period   10       68039        6803         1.0        0          838      1157115    31857      44905.33   23892.00
Global   350      2571968      7348         0.9        0          588      2246721    29508      41581.72   23117.71

[1;1H[2J
Get Statistics
Type     Time(s)  Ops          TPS(ops/s)   Net(M/s)   Get_miss   Min(us)  Max(us)    Avg(us)    Std_dev    Geo_dist  
Period   10       77430        7743         1.0        0          1122     1142008    28018      43206.87   22352.88
Global   360      2649398      7359         1.1        0          588      2246721    29465      41630.48   23094.99

Total Statistics
Type     Time(s)  Ops          TPS(ops/s)   Net(M/s)   Get_miss   Min(us)  Max(us)    Avg(us)    Std_dev    Geo_dist  
Period   10       77430        7743         1.0        0          1122     1142008    28018      43206.87   22352.88
Global   360      2649398      7359         1.1        0          588      2246721    29465      41630.48   23094.99

[1;1H[2J
Get Statistics
Type     Time(s)  Ops          TPS(ops/s)   Net(M/s)   Get_miss   Min(us)  Max(us)    Avg(us)    Std_dev    Geo_dist  
Period   10       74739        7473         1.0        0          837      1131825    28979      42761.23   22446.52
Global   370      2724137      7362         1.0        0          588      2246721    29451      41662.45   23076.95

Total Statistics
Type     Time(s)  Ops          TPS(ops/s)   Net(M/s)   Get_miss   Min(us)  Max(us)    Avg(us)    Std_dev    Geo_dist  
Period   10       74739        7473         1.0        0          837      1131825    28979      42761.23   22446.52
Global   370      2724137      7362         1.0        0          588      2246721    29451      41662.45   23076.95

[1;1H[2J
Get Statistics
Type     Time(s)  Ops          TPS(ops/s)   Net(M/s)   Get_miss   Min(us)  Max(us)    Avg(us)    Std_dev    Geo_dist  
Period   10       75591        7559         1.0        0          1267     1157840    28720      39287.97   22723.90
Global   380      2799728      7367         1.0        0          588      2246721    29432      41599.76   23067.35

Total Statistics
Type     Time(s)  Ops          TPS(ops/s)   Net(M/s)   Get_miss   Min(us)  Max(us)    Avg(us)    Std_dev    Geo_dist  
Period   10       75591        7559         1.0        0          1267     1157840    28720      39287.97   22723.90
Global   380      2799728      7367         1.0        0          588      2246721    29432      41599.76   23067.35

[1;1H[2J
Get Statistics
Type     Time(s)  Ops          TPS(ops/s)   Net(M/s)   Get_miss   Min(us)  Max(us)    Avg(us)    Std_dev    Geo_dist  
Period   10       64787        6478         1.0        0          985      1160891    33303      41251.64   25287.11
Global   390      2864515      7344         0.9        0          588      2246721    29519      41596.28   23115.33

Total Statistics
Type     Time(s)  Ops          TPS(ops/s)   Net(M/s)   Get_miss   Min(us)  Max(us)    Avg(us)    Std_dev    Geo_dist  
Period   10       64787        6478         1.0        0          985      1160891    33303      41251.64   25287.11
Global   390      2864515      7344         0.9        0          588      2246721    29519      41596.28   23115.33

[1;1H[2J
Get Statistics
Type     Time(s)  Ops          TPS(ops/s)   Net(M/s)   Get_miss   Min(us)  Max(us)    Avg(us)    Std_dev    Geo_dist  
Period   10       82178        8217         1.0        0          1051     1110818    26454      32263.22   22237.50
Global   400      2946693      7366         1.1        0          588      2246721    29434      41367.29   23090.39

Total Statistics
Type     Time(s)  Ops          TPS(ops/s)   Net(M/s)   Get_miss   Min(us)  Max(us)    Avg(us)    Std_dev    Geo_dist  
Period   10       82178        8217         1.0        0          1051     1110818    26454      32263.22   22237.50
Global   400      2946693      7366         1.1        0          588      2246721    29434      41367.29   23090.39

[1;1H[2J
Get Statistics
Type     Time(s)  Ops          TPS(ops/s)   Net(M/s)   Get_miss   Min(us)  Max(us)    Avg(us)    Std_dev    Geo_dist  
Period   10       72756        7275         1.0        0          733      991815     29812      36374.69   23507.72
Global   410      3019449      7364         1.0        0          588      2246721    29443      41254.21   23100.35

Total Statistics
Type     Time(s)  Ops          TPS(ops/s)   Net(M/s)   Get_miss   Min(us)  Max(us)    Avg(us)    Std_dev    Geo_dist  
Period   10       72756        7275         1.0        0          733      991815     29812      36374.69   23507.72
Global   410      3019449      7364         1.0        0          588      2246721    29443      41254.21   23100.35

[1;1H[2J
Get Statistics
Type     Time(s)  Ops          TPS(ops/s)   Net(M/s)   Get_miss   Min(us)  Max(us)    Avg(us)    Std_dev    Geo_dist  
Period   10       75051        7505         1.0        0          1084     329108     28808      28896.11   23295.27
Global   420      3094500      7367         1.0        0          588      2246721    29427      40999.13   23105.06

Total Statistics
Type     Time(s)  Ops          TPS(ops/s)   Net(M/s)   Get_miss   Min(us)  Max(us)    Avg(us)    Std_dev    Geo_dist  
Period   10       75051        7505         1.0        0          1084     329108     28808      28896.11   23295.27
Global   420      3094500      7367         1.0        0          588      2246721    29427      40999.13   23105.06

[1;1H[2J
Get Statistics
Type     Time(s)  Ops          TPS(ops/s)   Net(M/s)   Get_miss   Min(us)  Max(us)    Avg(us)    Std_dev    Geo_dist  
Period   10       71839        7183         1.0        0          1572     732180     30348      35816.41   24022.36
Global   430      3166339      7363         1.0        0          588      2246721    29448      40888.98   23125.48

Total Statistics
Type     Time(s)  Ops          TPS(ops/s)   Net(M/s)   Get_miss   Min(us)  Max(us)    Avg(us)    Std_dev    Geo_dist  
Period   10       71840        7184         1.0        0          1572     732180     30348      35816.16   24022.44
Global   430      3166340      7363         1.0        0          588      2246721    29448      40888.97   23125.48

[1;1H[2J
Get Statistics
Type     Time(s)  Ops          TPS(ops/s)   Net(M/s)   Get_miss   Min(us)  Max(us)    Avg(us)    Std_dev    Geo_dist  
Period   10       65418        6541         1.0        0          676      1405573    33142      61084.02   23446.48
Global   440      3231757      7344         0.9        0          588      2246721    29523      41398.68   23132.01

Total Statistics
Type     Time(s)  Ops          TPS(ops/s)   Net(M/s)   Get_miss   Min(us)  Max(us)    Avg(us)    Std_dev    Geo_dist  
Period   10       65417        6541         1.0        0          676      1405573    33143      61084.08   23450.09
Global   440      3231757      7344         0.9        0          588      2246721    29523      41398.68   23132.01

[1;1H[2J
Get Statistics
Type     Time(s)  Ops          TPS(ops/s)   Net(M/s)   Get_miss   Min(us)  Max(us)    Avg(us)    Std_dev    Geo_dist  
Period   10       71175        7117         1.0        0          901      1401344    30471      52680.31   23133.50
Global   450      3302932      7339         1.0        0          588      2246721    29544      41673.81   23132.04

Total Statistics
Type     Time(s)  Ops          TPS(ops/s)   Net(M/s)   Get_miss   Min(us)  Max(us)    Avg(us)    Std_dev    Geo_dist  
Period   10       71176        7117         1.0        0          901      1401344    30471      52679.88   23133.47
Global   450      3302933      7339         1.0        0          588      2246721    29544      41673.80   23132.04

[1;1H[2J
Get Statistics
Type     Time(s)  Ops          TPS(ops/s)   Net(M/s)   Get_miss   Min(us)  Max(us)    Avg(us)    Std_dev    Geo_dist  
Period   10       74648        7464         1.0        0          1475     1005022    29022      39103.28   22777.37
Global   460      3377580      7342         1.0        0          588      2246721    29532      41619.11   23124.21

Total Statistics
Type     Time(s)  Ops          TPS(ops/s)   Net(M/s)   Get_miss   Min(us)  Max(us)    Avg(us)    Std_dev    Geo_dist  
Period   10       74647        7464         1.0        0          1475     1005022    29023      39102.94   22780.44
Global   460      3377580      7342         1.0        0          588      2246721    29532      41619.11   23124.21

[1;1H[2J
Get Statistics
Type     Time(s)  Ops          TPS(ops/s)   Net(M/s)   Get_miss   Min(us)  Max(us)    Avg(us)    Std_dev    Geo_dist  
Period   10       71397        7139         1.0        0          1134     993348     30273      36989.11   23553.86
Global   470      3448977      7338         1.0        0          588      2246721    29547      41528.87   23133.03

Total Statistics
Type     Time(s)  Ops          TPS(ops/s)   Net(M/s)   Get_miss   Min(us)  Max(us)    Avg(us)    Std_dev    Geo_dist  
Period   10       71397        7139         1.0        0          1134     993348     30273      36989.11   23553.86
Global   470      3448977      7338         1.0        0          588      2246721    29547      41528.87   23133.03

[1;1H[2J
Get Statistics
Type     Time(s)  Ops          TPS(ops/s)   Net(M/s)   Get_miss   Min(us)  Max(us)    Avg(us)    Std_dev    Geo_dist  
Period   10       79935        7993         1.0        0          1325     989615     27241      29143.30   22653.26
Global   480      3528912      7351         1.1        0          588      2246721    29495      41290.72   23122.05

Total Statistics
Type     Time(s)  Ops          TPS(ops/s)   Net(M/s)   Get_miss   Min(us)  Max(us)    Avg(us)    Std_dev    Geo_dist  
Period   10       79935        7993         1.0        0          1325     989615     27241      29143.30   22653.26
Global   480      3528912      7351         1.1        0          588      2246721    29495      41290.72   23122.05

[1;1H[2J
Get Statistics
Type     Time(s)  Ops          TPS(ops/s)   Net(M/s)   Get_miss   Min(us)  Max(us)    Avg(us)    Std_dev    Geo_dist  
Period   10       76001        7600         1.0        0          820      383136     28529      30699.25   23128.19
Global   490      3604913      7356         1.0        0          588      2246721    29475      41095.57   23122.18

Total Statistics
Type     Time(s)  Ops          TPS(ops/s)   Net(M/s)   Get_miss   Min(us)  Max(us)    Avg(us)    Std_dev    Geo_dist  
Period   10       76001        7600         1.0        0          820      383136     28529      30699.25   23128.19
Global   490      3604913      7356         1.0        0          588      2246721    29475      41095.57   23122.18

[1;1H[2J
Get Statistics
Type     Time(s)  Ops          TPS(ops/s)   Net(M/s)   Get_miss   Min(us)  Max(us)    Avg(us)    Std_dev    Geo_dist  
Period   10       78949        7894         1.0        0          997      955051     27469      31251.39   22446.19
Global   500      3683862      7367         1.1        0          588      2246721    29432      40910.48   23107.48

Total Statistics
Type     Time(s)  Ops          TPS(ops/s)   Net(M/s)   Get_miss   Min(us)  Max(us)    Avg(us)    Std_dev    Geo_dist  
Period   10       78949        7894         1.0        0          997      955051     27469      31251.39   22446.19
Global   500      3683862      7367         1.1        0          588      2246721    29432      40910.48   23107.48

[1;1H[2J
Get Statistics
Type     Time(s)  Ops          TPS(ops/s)   Net(M/s)   Get_miss   Min(us)  Max(us)    Avg(us)    Std_dev    Geo_dist  
Period   10       72566        7256         1.0        0          1108     830966     29886      35446.24   23581.90
Global   510      3756428      7365         1.0        0          588      2246721    29441      40811.73   23116.55

Total Statistics
Type     Time(s)  Ops          TPS(ops/s)   Net(M/s)   Get_miss   Min(us)  Max(us)    Avg(us)    Std_dev    Geo_dist  
Period   10       72566        7256         1.0        0          1108     830966     29886      35446.24   23581.90
Global   510      3756428      7365         1.0        0          588      2246721    29441      40811.73   23116.55

[1;1H[2J
Get Statistics
Type     Time(s)  Ops          TPS(ops/s)   Net(M/s)   Get_miss   Min(us)  Max(us)    Avg(us)    Std_dev    Geo_dist  
Period   10       77285        7728         1.0        0          1097     631734     28081      33017.42   22848.49
Global   520      3833713      7372         1.1        0          588      2246721    29413      40670.23   23111.12

Total Statistics
Type     Time(s)  Ops          TPS(ops/s)   Net(M/s)   Get_miss   Min(us)  Max(us)    Avg(us)    Std_dev    Geo_dist  
Period   10       77285        7728         1.0        0          1097     631734     28081      33017.42   22848.49
Global   520      3833713      7372         1.1        0          588      2246721    29413      40670.23   23111.12

[1;1H[2J
Get Statistics
Type     Time(s)  Ops          TPS(ops/s)   Net(M/s)   Get_miss   Min(us)  Max(us)    Avg(us)    Std_dev    Geo_dist  
Period   10       68745        6874         1.0        0          1201     924391     31659      37269.83   24803.12
Global   530      3902458      7363         0.9        0          588      2246721    29453      40613.54   23139.90

Total Statistics
Type     Time(s)  Ops          TPS(ops/s)   Net(M/s)   Get_miss   Min(us)  Max(us)    Avg(us)    Std_dev    Geo_dist  
Period   10       68746        6874         1.0        0          1201     924391     31659      37269.45   24803.05
Global   530      3902459      7363         0.9        0          588      2246721    29453      40613.54   23139.90

[1;1H[2J
Get Statistics
Type     Time(s)  Ops          TPS(ops/s)   Net(M/s)   Get_miss   Min(us)  Max(us)    Avg(us)    Std_dev    Geo_dist  
Period   10       75762        7576         1.0        0          968      914756     28618      29636.72   23242.48
Global   540      3978220      7367         1.0        0          588      2246721    29437      40432.58   23141.91

Total Statistics
Type     Time(s)  Ops          TPS(ops/s)   Net(M/s)   Get_miss   Min(us)  Max(us)    Avg(us)    Std_dev    Geo_dist  
Period   10       75761        7576         1.0        0          968      914756     28618      29637.00   23242.51
Global   540      3978220      7367         1.0        0          588      2246721    29437      40432.58   23141.91

[1;1H[2J
Get Statistics
Type     Time(s)  Ops          TPS(ops/s)   Net(M/s)   Get_miss   Min(us)  Max(us)    Avg(us)    Std_dev    Geo_dist  
Period   10       65894        6589         1.0        0          749      1145230    32866      49462.05   24718.42
Global   550      4044114      7352         0.9        0          588      2246721    29493      40598.02   23166.77

Total Statistics
Type     Time(s)  Ops          TPS(ops/s)   Net(M/s)   Get_miss   Min(us)  Max(us)    Avg(us)    Std_dev    Geo_dist  
Period   10       65894        6589         1.0        0          749      1145230    32866      49462.05   24718.42
Global   550      4044114      7352         0.9        0          588      2246721    29493      40598.02   23166.77

[1;1H[2J
Get Statistics
Type     Time(s)  Ops          TPS(ops/s)   Net(M/s)   Get_miss   Min(us)  Max(us)    Avg(us)    Std_dev    Geo_dist  
Period   10       75739        7573         1.0        0          1146     1276977    28670      33829.99   23444.90
Global   560      4119853      7356         1.0        0          588      2246721    29478      40483.86   23171.85

Total Statistics
Type     Time(s)  Ops          TPS(ops/s)   Net(M/s)   Get_miss   Min(us)  Max(us)    Avg(us)    Std_dev    Geo_dist  
Period   10       75739        7573         1.0        0          1146     1276977    28670      33829.99   23444.90
Global   560      4119853      7356         1.0        0          588      2246721    29478      40483.86   23171.85

[1;1H[2J
Get Statistics
Type     Time(s)  Ops          TPS(ops/s)   Net(M/s)   Get_miss   Min(us)  Max(us)    Avg(us)    Std_dev    Geo_dist  
Period   10       78955        7895         1.0        0          801      449986     27457      25895.01   23151.37
Global   570      4198808      7366         1.1        0          588      2246721    29440      40259.26   23171.47

Total Statistics
Type     Time(s)  Ops          TPS(ops/s)   Net(M/s)   Get_miss   Min(us)  Max(us)    Avg(us)    Std_dev    Geo_dist  
Period   10       78955        7895         1.0        0          801      449986     27457      25895.01   23151.37
Global   570      4198808      7366         1.1        0          588      2246721    29440      40259.26   23171.47

[1;1H[2J
Get Statistics
Type     Time(s)  Ops          TPS(ops/s)   Net(M/s)   Get_miss   Min(us)  Max(us)    Avg(us)    Std_dev    Geo_dist  
Period   10       74460        7446         1.0        0          963      433898     28729      30480.12   23138.72
Global   580      4273268      7367         1.0        0          588      2246721    29427      40109.83   23170.90

Total Statistics
Type     Time(s)  Ops          TPS(ops/s)   Net(M/s)   Get_miss   Min(us)  Max(us)    Avg(us)    Std_dev    Geo_dist  
Period   10       74460        7446         1.0        0          963      433898     28729      30480.12   23138.72
Global   580      4273268      7367         1.0        0          588      2246721    29427      40109.83   23170.90

[1;1H[2J
Get Statistics
Type     Time(s)  Ops          TPS(ops/s)   Net(M/s)   Get_miss   Min(us)  Max(us)    Avg(us)    Std_dev    Geo_dist  
Period   10       72932        7293         1.0        0          1203     1004082    29918      41002.93   23191.50
Global   590      4346200      7366         1.0        0          588      2246721    29435      40125.20   23171.24

Total Statistics
Type     Time(s)  Ops          TPS(ops/s)   Net(M/s)   Get_miss   Min(us)  Max(us)    Avg(us)    Std_dev    Geo_dist  
Period   10       72932        7293         1.0        0          1203     1004082    29918      41002.93   23191.50
Global   590      4346200      7366         1.0        0          588      2246721    29435      40125.20   23171.24

[1;1H[2J
Get Statistics
Type     Time(s)  Ops          TPS(ops/s)   Net(M/s)   Get_miss   Min(us)  Max(us)    Avg(us)    Std_dev    Geo_dist  
Period   10       76528        7652         1.0        0          1004     773700     28535      32473.35   23010.41
Global   600      4422728      7371         1.1        0          588      2246721    29420      40004.99   23168.45

Total Statistics
Type     Time(s)  Ops          TPS(ops/s)   Net(M/s)   Get_miss   Min(us)  Max(us)    Avg(us)    Std_dev    Geo_dist  
Period   10       76528        7652         1.0        0          1004     773700     28535      32473.35   23010.41
Global   600      4422728      7371         1.1        0          588      2246721    29420      40004.99   23168.45

[1;1H[2J
Get Statistics
Type     Time(s)  Ops          TPS(ops/s)   Net(M/s)   Get_miss   Min(us)  Max(us)    Avg(us)    Std_dev    Geo_dist  
Period   10       64406        6440         1.0        0          1038     1130107    33682      45705.50   25071.26
Global   610      4487134      7355         0.9        0          588      2246721    29481      40095.88   23194.71

Total Statistics
Type     Time(s)  Ops          TPS(ops/s)   Net(M/s)   Get_miss   Min(us)  Max(us)    Avg(us)    Std_dev    Geo_dist  
Period   10       64406        6440         1.0        0          1038     1130107    33682      45705.50   25071.26
Global   610      4487134      7355         0.9        0          588      2246721    29481      40095.88   23194.71

[1;1H[2J
Get Statistics
Type     Time(s)  Ops          TPS(ops/s)   Net(M/s)   Get_miss   Min(us)  Max(us)    Avg(us)    Std_dev    Geo_dist  
Period   10       78795        7879         1.0        0          1508     989534     27513      29372.91   22748.96
Global   620      4565929      7364         1.1        0          588      2246721    29447      39936.10   23186.95

Total Statistics
Type     Time(s)  Ops          TPS(ops/s)   Net(M/s)   Get_miss   Min(us)  Max(us)    Avg(us)    Std_dev    Geo_dist  
Period   10       78795        7879         1.0        0          1508     989534     27513      29372.91   22748.96
Global   620      4565929      7364         1.1        0          588      2246721    29447      39936.10   23186.95

[1;1H[2J
Get Statistics
Type     Time(s)  Ops          TPS(ops/s)   Net(M/s)   Get_miss   Min(us)  Max(us)    Avg(us)    Std_dev    Geo_dist  
Period   10       74473        7447         1.0        0          661      1068562    29108      49207.32   22352.45
Global   630      4640402      7365         1.0        0          588      2246721    29442      40101.51   23173.31

Total Statistics
Type     Time(s)  Ops          TPS(ops/s)   Net(M/s)   Get_miss   Min(us)  Max(us)    Avg(us)    Std_dev    Geo_dist  
Period   10       74473        7447         1.0        0          661      1068562    29108      49207.32   22352.45
Global   630      4640402      7365         1.0        0          588      2246721    29442      40101.51   23173.31

[1;1H[2J
Get Statistics
Type     Time(s)  Ops          TPS(ops/s)   Net(M/s)   Get_miss   Min(us)  Max(us)    Avg(us)    Std_dev    Geo_dist  
Period   10       60549        6054         1.0        0          518      1387725    35839      91745.79   23364.74
Global   640      4700951      7345         0.8        0          518      2246721    29524      41187.09   23175.77

Total Statistics
Type     Time(s)  Ops          TPS(ops/s)   Net(M/s)   Get_miss   Min(us)  Max(us)    Avg(us)    Std_dev    Geo_dist  
Period   10       60549        6054         1.0        0          518      1387725    35839      91745.79   23364.74
Global   640      4700951      7345         0.8        0          518      2246721    29524      41187.09   23175.77

[1;1H[2J
Get Statistics
Type     Time(s)  Ops          TPS(ops/s)   Net(M/s)   Get_miss   Min(us)  Max(us)    Avg(us)    Std_dev    Geo_dist  
Period   10       68656        6865         1.0        0          1417     1250834    31136      52691.11   22950.68
Global   650      4769607      7337         0.9        0          518      2246721    29547      41375.96   23172.51

Total Statistics
Type     Time(s)  Ops          TPS(ops/s)   Net(M/s)   Get_miss   Min(us)  Max(us)    Avg(us)    Std_dev    Geo_dist  
Period   10       68656        6865         1.0        0          1417     1250834    31136      52691.11   22950.68
Global   650      4769607      7337         0.9        0          518      2246721    29547      41375.96   23172.51

[1;1H[2J
Get Statistics
Type     Time(s)  Ops          TPS(ops/s)   Net(M/s)   Get_miss   Min(us)  Max(us)    Avg(us)    Std_dev    Geo_dist  
Period   10       70356        7035         1.0        0          989      1453789    31255      52466.57   23097.05
Global   660      4839963      7333         1.0        0          518      2246721    29572      41558.76   23171.41

Total Statistics
Type     Time(s)  Ops          TPS(ops/s)   Net(M/s)   Get_miss   Min(us)  Max(us)    Avg(us)    Std_dev    Geo_dist  
Period   10       70356        7035         1.0        0          989      1453789    31255      52466.57   23097.05
Global   660      4839963      7333         1.0        0          518      2246721    29572      41558.76   23171.41

[1;1H[2J
Get Statistics
Type     Time(s)  Ops          TPS(ops/s)   Net(M/s)   Get_miss   Min(us)  Max(us)    Avg(us)    Std_dev    Geo_dist  
Period   10       77483        7748         1.0        0          1281     1095571    27980      35676.32   22706.46
Global   670      4917446      7339         1.1        0          518      2246721    29547      41472.95   23164.01

Total Statistics
Type     Time(s)  Ops          TPS(ops/s)   Net(M/s)   Get_miss   Min(us)  Max(us)    Avg(us)    Std_dev    Geo_dist  
Period   10       77483        7748         1.0        0          1281     1095571    27980      35676.32   22706.46
Global   670      4917446      7339         1.1        0          518      2246721    29547      41472.95   23164.01

[1;1H[2J
Get Statistics
Type     Time(s)  Ops          TPS(ops/s)   Net(M/s)   Get_miss   Min(us)  Max(us)    Avg(us)    Std_dev    Geo_dist  
Period   10       72447        7244         1.0        0          990      740453     29927      38337.04   23290.26
Global   680      4989893      7338         1.0        0          518      2246721    29552      41429.51   23165.84

Total Statistics
Type     Time(s)  Ops          TPS(ops/s)   Net(M/s)   Get_miss   Min(us)  Max(us)    Avg(us)    Std_dev    Geo_dist  
Period   10       72447        7244         1.0        0          990      740453     29927      38337.04   23290.26
Global   680      4989893      7338         1.0        0          518      2246721    29552      41429.51   23165.84

[1;1H[2J
Get Statistics
Type     Time(s)  Ops          TPS(ops/s)   Net(M/s)   Get_miss   Min(us)  Max(us)    Avg(us)    Std_dev    Geo_dist  
Period   10       66372        6637         1.0        0          870      300051     32676      27372.43   26854.97
Global   690      5056265      7327         0.9        0          518      2246721    29593      41277.54   23210.82

Total Statistics
Type     Time(s)  Ops          TPS(ops/s)   Net(M/s)   Get_miss   Min(us)  Max(us)    Avg(us)    Std_dev    Geo_dist  
Period   10       66372        6637         1.0        0          870      300051     32676      27372.43   26854.97
Global   690      5056265      7327         0.9        0          518      2246721    29593      41277.54   23210.82

[1;1H[2J
Get Statistics
Type     Time(s)  Ops          TPS(ops/s)   Net(M/s)   Get_miss   Min(us)  Max(us)    Avg(us)    Std_dev    Geo_dist  
Period   10       75997        7599         1.0        0          1157     380943     28536      31530.53   22876.05
Global   700      5132262      7331         1.0        0          518      2246721    29578      41149.78   23205.83

Total Statistics
Type     Time(s)  Ops          TPS(ops/s)   Net(M/s)   Get_miss   Min(us)  Max(us)    Avg(us)    Std_dev    Geo_dist  
Period   10       75997        7599         1.0        0          1157     380943     28536      31530.53   22876.05
Global   700      5132262      7331         1.0        0          518      2246721    29578      41149.78   23205.83

[1;1H[2J
Get Statistics
Type     Time(s)  Ops          TPS(ops/s)   Net(M/s)   Get_miss   Min(us)  Max(us)    Avg(us)    Std_dev    Geo_dist  
Period   10       68641        6864         1.0        0          539      1345112    31593      60264.16   22447.01
Global   710      5200903      7325         0.9        0          518      2246721    29604      41460.53   23195.65

Total Statistics
Type     Time(s)  Ops          TPS(ops/s)   Net(M/s)   Get_miss   Min(us)  Max(us)    Avg(us)    Std_dev    Geo_dist  
Period   10       68641        6864         1.0        0          539      1345112    31593      60264.16   22447.01
Global   710      5200903      7325         0.9        0          518      2246721    29604      41460.53   23195.65

[1;1H[2J
Get Statistics
Type     Time(s)  Ops          TPS(ops/s)   Net(M/s)   Get_miss   Min(us)  Max(us)    Avg(us)    Std_dev    Geo_dist  
Period   10       78892        7889         1.0        0          1263     334810     27473      24967.35   23021.11
Global   720      5279795      7333         1.1        0          518      2246721    29573      41262.84   23193.03

Total Statistics
Type     Time(s)  Ops          TPS(ops/s)   Net(M/s)   Get_miss   Min(us)  Max(us)    Avg(us)    Std_dev    Geo_dist  
Period   10       78893        7889         1.0        0          1263     334810     27472      24968.23   23021.11
Global   720      5279796      7333         1.1        0          518      2246721    29573      41262.83   23193.03

Get Statistics (5280012 events)
   Min:       518
   Max:   2246721
   Avg:     29573
   Geo:  23193.33
   Std:  41262.20
   Log2 Dist:
       8:        0        0      298     3763
      12:     9735    11568   1030328   3351496
      16:   619826   151139    70290    27228
      20:     3442      894        5

Total Statistics (5280012 events)
   Min:       518
   Max:   2246721
   Avg:     29573
   Geo:  23193.33
   Std:  41262.20
   Log2 Dist:
       8:        0        0      298     3763
      12:     9735    11568   1030328   3351496
      16:   619826   151139    70290    27228
      20:     3442      894        5

cmd_get: 5280228
cmd_set: 221184
get_misses: 0
written_bytes: 151549704
read_bytes: 872971452
object_bytes: 31850496

Run time: 722.9s Ops: 5501412 TPS: 7610 Net_rate: 1.4M/s
