servers : 10.0.0.6:11212
threads count: 120
concurrency: 120
run time: 360s
windows size: 1k
set proportion: set_prop=0.00
get proportion: get_prop=1.00
[1;1H[2J
Get Statistics
Type     Time(s)  Ops          TPS(ops/s)   Net(M/s)   Get_miss   Min(us)  Max(us)    Avg(us)    Std_dev    Geo_dist  
Period   10       62439        6243         0.9        0          870      265045     18949      17979.44   16037.00
Global   10       62439        6243         0.9        0          870      265045     18949      17979.44   16037.00

Total Statistics
Type     Time(s)  Ops          TPS(ops/s)   Net(M/s)   Get_miss   Min(us)  Max(us)    Avg(us)    Std_dev    Geo_dist  
Period   10       62439        6243         0.9        0          870      265045     18949      17979.44   16037.00
Global   10       62439        6243         0.9        0          870      265045     18949      17979.44   16037.00

[1;1H[2J
Get Statistics
Type     Time(s)  Ops          TPS(ops/s)   Net(M/s)   Get_miss   Min(us)  Max(us)    Avg(us)    Std_dev    Geo_dist  
Period   10       61836        6183         0.9        0          876      1975417    19821      54466.92   14826.30
Global   20       124275       6213         0.8        0          870      1975417    19383      40481.01   15422.71

Total Statistics
Type     Time(s)  Ops          TPS(ops/s)   Net(M/s)   Get_miss   Min(us)  Max(us)    Avg(us)    Std_dev    Geo_dist  
Period   10       61836        6183         0.9        0          876      1975417    19821      54466.92   14826.30
Global   20       124275       6213         0.8        0          870      1975417    19383      40481.01   15422.71

[1;1H[2J
Get Statistics
Type     Time(s)  Ops          TPS(ops/s)   Net(M/s)   Get_miss   Min(us)  Max(us)    Avg(us)    Std_dev    Geo_dist  
Period   10       66319        6631         0.9        0          1075     1236694    18142      46972.92   14545.32
Global   30       190594       6353         0.9        0          870      1975417    18951      42855.69   15111.57

Total Statistics
Type     Time(s)  Ops          TPS(ops/s)   Net(M/s)   Get_miss   Min(us)  Max(us)    Avg(us)    Std_dev    Geo_dist  
Period   10       66319        6631         0.9        0          1075     1236694    18142      46972.92   14545.32
Global   30       190594       6353         0.9        0          870      1975417    18951      42855.69   15111.57

[1;1H[2J
Get Statistics
Type     Time(s)  Ops          TPS(ops/s)   Net(M/s)   Get_miss   Min(us)  Max(us)    Avg(us)    Std_dev    Geo_dist  
Period   10       64410        6441         0.9        0          1172     1653592    18720      32320.13   15021.68
Global   40       255004       6375         0.9        0          870      1975417    18893      40454.30   15088.81

Total Statistics
Type     Time(s)  Ops          TPS(ops/s)   Net(M/s)   Get_miss   Min(us)  Max(us)    Avg(us)    Std_dev    Geo_dist  
Period   10       64410        6441         0.9        0          1172     1653592    18720      32320.13   15021.68
Global   40       255004       6375         0.9        0          870      1975417    18893      40454.30   15088.81

[1;1H[2J
Get Statistics
Type     Time(s)  Ops          TPS(ops/s)   Net(M/s)   Get_miss   Min(us)  Max(us)    Avg(us)    Std_dev    Geo_dist  
Period   10       67160        6716         0.9        0          906      329911     17929      19486.75   15149.55
Global   50       322164       6443         0.9        0          870      1975417    18692      37076.95   15101.45

Total Statistics
Type     Time(s)  Ops          TPS(ops/s)   Net(M/s)   Get_miss   Min(us)  Max(us)    Avg(us)    Std_dev    Geo_dist  
Period   10       67160        6716         0.9        0          906      329911     17929      19486.75   15149.55
Global   50       322164       6443         0.9        0          870      1975417    18692      37076.95   15101.45

[1;1H[2J
Get Statistics
Type     Time(s)  Ops          TPS(ops/s)   Net(M/s)   Get_miss   Min(us)  Max(us)    Avg(us)    Std_dev    Geo_dist  
Period   10       67144        6714         0.9        0          1199     411787     17960      20841.47   15107.00
Global   60       389308       6488         0.9        0          870      1975417    18565      34822.75   15102.41

Total Statistics
Type     Time(s)  Ops          TPS(ops/s)   Net(M/s)   Get_miss   Min(us)  Max(us)    Avg(us)    Std_dev    Geo_dist  
Period   10       67144        6714         0.9        0          1199     411787     17960      20841.47   15107.00
Global   60       389308       6488         0.9        0          870      1975417    18565      34822.75   15102.41

[1;1H[2J
Get Statistics
Type     Time(s)  Ops          TPS(ops/s)   Net(M/s)   Get_miss   Min(us)  Max(us)    Avg(us)    Std_dev    Geo_dist  
Period   10       59055        5905         0.9        0          848      917023     20362      39858.78   15176.99
Global   70       448363       6405         0.8        0          848      1975417    18802      35531.89   15112.21

Total Statistics
Type     Time(s)  Ops          TPS(ops/s)   Net(M/s)   Get_miss   Min(us)  Max(us)    Avg(us)    Std_dev    Geo_dist  
Period   10       59055        5905         0.9        0          848      917023     20362      39858.78   15176.99
Global   70       448363       6405         0.8        0          848      1975417    18802      35531.89   15112.21

[1;1H[2J
Get Statistics
Type     Time(s)  Ops          TPS(ops/s)   Net(M/s)   Get_miss   Min(us)  Max(us)    Avg(us)    Std_dev    Geo_dist  
Period   10       60448        6044         0.9        0          1302     1204712    18672      25928.65   15272.63
Global   80       508811       6360         0.8        0          848      1975417    18787      34530.84   15131.18

Total Statistics
Type     Time(s)  Ops          TPS(ops/s)   Net(M/s)   Get_miss   Min(us)  Max(us)    Avg(us)    Std_dev    Geo_dist  
Period   10       60448        6044         0.9        0          1302     1204712    18672      25928.65   15272.63
Global   80       508811       6360         0.8        0          848      1975417    18787      34530.84   15131.18

[1;1H[2J
Get Statistics
Type     Time(s)  Ops          TPS(ops/s)   Net(M/s)   Get_miss   Min(us)  Max(us)    Avg(us)    Std_dev    Geo_dist  
Period   10       51998        5199         0.9        0          1329     4623547    24626      119727.56  15201.49
Global   90       560809       6231         0.7        0          848      4623547    19328      49130.32   15137.69

Total Statistics
Type     Time(s)  Ops          TPS(ops/s)   Net(M/s)   Get_miss   Min(us)  Max(us)    Avg(us)    Std_dev    Geo_dist  
Period   10       51998        5199         0.9        0          1329     4623547    24626      119727.56  15201.49
Global   90       560809       6231         0.7        0          848      4623547    19328      49130.32   15137.69

[1;1H[2J
Get Statistics
Type     Time(s)  Ops          TPS(ops/s)   Net(M/s)   Get_miss   Min(us)  Max(us)    Avg(us)    Std_dev    Geo_dist  
Period   10       66653        6665         0.9        0          979      274982     18110      19121.14   15313.62
Global   100      627462       6274         0.9        0          848      4623547    19199      46865.17   15156.28

Total Statistics
Type     Time(s)  Ops          TPS(ops/s)   Net(M/s)   Get_miss   Min(us)  Max(us)    Avg(us)    Std_dev    Geo_dist  
Period   10       66653        6665         0.9        0          979      274982     18110      19121.14   15313.62
Global   100      627462       6274         0.9        0          848      4623547    19199      46865.17   15156.28

[1;1H[2J
Get Statistics
Type     Time(s)  Ops          TPS(ops/s)   Net(M/s)   Get_miss   Min(us)  Max(us)    Avg(us)    Std_dev    Geo_dist  
Period   10       66652        6665         0.9        0          805      459617     18067      26888.93   14786.01
Global   110      694114       6310         0.9        0          805      4623547    19090      45332.00   15120.33

Total Statistics
Type     Time(s)  Ops          TPS(ops/s)   Net(M/s)   Get_miss   Min(us)  Max(us)    Avg(us)    Std_dev    Geo_dist  
Period   10       66653        6665         0.9        0          805      459617     18067      26888.74   14786.06
Global   110      694115       6310         0.9        0          805      4623547    19090      45331.96   15120.33

[1;1H[2J
Get Statistics
Type     Time(s)  Ops          TPS(ops/s)   Net(M/s)   Get_miss   Min(us)  Max(us)    Avg(us)    Std_dev    Geo_dist  
Period   10       63426        6342         0.9        0          1111     638449     19002      32816.52   14841.72
Global   120      757540       6312         0.9        0          805      4623547    19083      44419.43   15097.00

Total Statistics
Type     Time(s)  Ops          TPS(ops/s)   Net(M/s)   Get_miss   Min(us)  Max(us)    Avg(us)    Std_dev    Geo_dist  
Period   10       63425        6342         0.9        0          1111     638449     19002      32816.87   14843.97
Global   120      757540       6312         0.9        0          805      4623547    19083      44419.43   15097.00

[1;1H[2J
Get Statistics
Type     Time(s)  Ops          TPS(ops/s)   Net(M/s)   Get_miss   Min(us)  Max(us)    Avg(us)    Std_dev    Geo_dist  
Period   10       64368        6436         0.9        0          1017     242482     18709      16080.89   15909.67
Global   130      821908       6322         0.9        0          805      4623547    19053      42881.83   15159.11

Total Statistics
Type     Time(s)  Ops          TPS(ops/s)   Net(M/s)   Get_miss   Min(us)  Max(us)    Avg(us)    Std_dev    Geo_dist  
Period   10       64368        6436         0.9        0          1017     242482     18709      16080.89   15909.67
Global   130      821908       6322         0.9        0          805      4623547    19053      42881.83   15159.11

[1;1H[2J
Get Statistics
Type     Time(s)  Ops          TPS(ops/s)   Net(M/s)   Get_miss   Min(us)  Max(us)    Avg(us)    Std_dev    Geo_dist  
Period   10       58272        5827         0.9        0          932      4399896    20671      110820.75  14337.54
Global   140      880180       6287         0.8        0          805      4623547    19161      50302.09   15103.30

Total Statistics
Type     Time(s)  Ops          TPS(ops/s)   Net(M/s)   Get_miss   Min(us)  Max(us)    Avg(us)    Std_dev    Geo_dist  
Period   10       58272        5827         0.9        0          932      4399896    20671      110820.75  14337.54
Global   140      880180       6287         0.8        0          805      4623547    19161      50302.09   15103.30

[1;1H[2J
Get Statistics
Type     Time(s)  Ops          TPS(ops/s)   Net(M/s)   Get_miss   Min(us)  Max(us)    Avg(us)    Std_dev    Geo_dist  
Period   10       70116        7011         0.9        0          901      473903     17175      24795.78   14341.90
Global   150      950296       6335         1.0        0          805      4623547    19014      48880.03   15045.76

Total Statistics
Type     Time(s)  Ops          TPS(ops/s)   Net(M/s)   Get_miss   Min(us)  Max(us)    Avg(us)    Std_dev    Geo_dist  
Period   10       70116        7011         0.9        0          901      473903     17175      24795.78   14341.90
Global   150      950296       6335         1.0        0          805      4623547    19014      48880.03   15045.76

[1;1H[2J
Get Statistics
Type     Time(s)  Ops          TPS(ops/s)   Net(M/s)   Get_miss   Min(us)  Max(us)    Avg(us)    Std_dev    Geo_dist  
Period   10       63250        6325         0.9        0          875      943564     19061      43150.46   14906.01
Global   160      1013546      6334         0.9        0          805      4623547    19017      48542.22   15037.00

Total Statistics
Type     Time(s)  Ops          TPS(ops/s)   Net(M/s)   Get_miss   Min(us)  Max(us)    Avg(us)    Std_dev    Geo_dist  
Period   10       63250        6325         0.9        0          875      943564     19061      43150.46   14906.01
Global   160      1013546      6334         0.9        0          805      4623547    19017      48542.22   15037.00

[1;1H[2J
Get Statistics
Type     Time(s)  Ops          TPS(ops/s)   Net(M/s)   Get_miss   Min(us)  Max(us)    Avg(us)    Std_dev    Geo_dist  
Period   10       66481        6648         0.9        0          1235     295798     18120      19998.89   15109.92
Global   170      1080027      6353         0.9        0          805      4623547    18962      47285.94   15041.48

Total Statistics
Type     Time(s)  Ops          TPS(ops/s)   Net(M/s)   Get_miss   Min(us)  Max(us)    Avg(us)    Std_dev    Geo_dist  
Period   10       66481        6648         0.9        0          1235     295798     18120      19998.89   15109.92
Global   170      1080027      6353         0.9        0          805      4623547    18962      47285.94   15041.48

[1;1H[2J
Get Statistics
Type     Time(s)  Ops          TPS(ops/s)   Net(M/s)   Get_miss   Min(us)  Max(us)    Avg(us)    Std_dev    Geo_dist  
Period   10       53771        5377         0.9        0          1031     827345     22391      55351.03   15588.39
Global   180      1133798      6298         0.7        0          805      4623547    19124      47705.03   15066.98

Total Statistics
Type     Time(s)  Ops          TPS(ops/s)   Net(M/s)   Get_miss   Min(us)  Max(us)    Avg(us)    Std_dev    Geo_dist  
Period   10       53771        5377         0.9        0          1031     827345     22391      55351.03   15588.39
Global   180      1133798      6298         0.7        0          805      4623547    19124      47705.03   15066.98

[1;1H[2J
Get Statistics
Type     Time(s)  Ops          TPS(ops/s)   Net(M/s)   Get_miss   Min(us)  Max(us)    Avg(us)    Std_dev    Geo_dist  
Period   10       72135        7213         0.9        0          857      242639     16699      14551.65   14515.38
Global   190      1205933      6347         1.0        0          805      4623547    18979      46396.50   15033.40

Total Statistics
Type     Time(s)  Ops          TPS(ops/s)   Net(M/s)   Get_miss   Min(us)  Max(us)    Avg(us)    Std_dev    Geo_dist  
Period   10       72136        7213         0.9        0          857      242639     16699      14551.47   14515.30
Global   190      1205934      6347         1.0        0          805      4623547    18979      46396.48   15033.40

[1;1H[2J
Get Statistics
Type     Time(s)  Ops          TPS(ops/s)   Net(M/s)   Get_miss   Min(us)  Max(us)    Avg(us)    Std_dev    Geo_dist  
Period   10       64334        6433         0.9        0          1006     728551     18742      32701.86   15312.56
Global   200      1270267      6351         0.9        0          805      4623547    18967      45801.48   15047.53

Total Statistics
Type     Time(s)  Ops          TPS(ops/s)   Net(M/s)   Get_miss   Min(us)  Max(us)    Avg(us)    Std_dev    Geo_dist  
Period   10       64333        6433         0.9        0          1006     728551     18742      32702.20   15314.85
Global   200      1270267      6351         0.9        0          805      4623547    18967      45801.48   15047.53

[1;1H[2J
Get Statistics
Type     Time(s)  Ops          TPS(ops/s)   Net(M/s)   Get_miss   Min(us)  Max(us)    Avg(us)    Std_dev    Geo_dist  
Period   10       63860        6386         0.9        0          752      1393627    18776      38987.62   14986.94
Global   210      1334127      6352         0.9        0          752      4623547    18958      45498.53   15044.62

Total Statistics
Type     Time(s)  Ops          TPS(ops/s)   Net(M/s)   Get_miss   Min(us)  Max(us)    Avg(us)    Std_dev    Geo_dist  
Period   10       63860        6386         0.9        0          752      1393627    18776      38987.62   14986.94
Global   210      1334127      6352         0.9        0          752      4623547    18958      45498.53   15044.62

[1;1H[2J
Get Statistics
Type     Time(s)  Ops          TPS(ops/s)   Net(M/s)   Get_miss   Min(us)  Max(us)    Avg(us)    Std_dev    Geo_dist  
Period   10       67495        6749         0.9        0          856      1645016    18034      18595.79   15179.10
Global   220      1401622      6371         0.9        0          752      4623547    18914      44576.93   15051.07

Total Statistics
Type     Time(s)  Ops          TPS(ops/s)   Net(M/s)   Get_miss   Min(us)  Max(us)    Avg(us)    Std_dev    Geo_dist  
Period   10       67495        6749         0.9        0          856      1645016    18034      18595.79   15179.10
Global   220      1401622      6371         0.9        0          752      4623547    18914      44576.93   15051.07

[1;1H[2J
Get Statistics
Type     Time(s)  Ops          TPS(ops/s)   Net(M/s)   Get_miss   Min(us)  Max(us)    Avg(us)    Std_dev    Geo_dist  
Period   10       51076        5107         0.9        0          1253     1263289    23683      58242.03   15620.35
Global   230      1452698      6316         0.7        0          752      4623547    19081      45136.43   15070.73

Total Statistics
Type     Time(s)  Ops          TPS(ops/s)   Net(M/s)   Get_miss   Min(us)  Max(us)    Avg(us)    Std_dev    Geo_dist  
Period   10       51076        5107         0.9        0          1253     1263289    23683      58242.03   15620.35
Global   230      1452698      6316         0.7        0          752      4623547    19081      45136.43   15070.73

[1;1H[2J
Get Statistics
Type     Time(s)  Ops          TPS(ops/s)   Net(M/s)   Get_miss   Min(us)  Max(us)    Avg(us)    Std_dev    Geo_dist  
Period   10       60873        6087         0.9        0          1178     1154812    19862      50063.89   14860.18
Global   240      1513571      6306         0.8        0          752      4623547    19113      45344.93   15062.20

Total Statistics
Type     Time(s)  Ops          TPS(ops/s)   Net(M/s)   Get_miss   Min(us)  Max(us)    Avg(us)    Std_dev    Geo_dist  
Period   10       60873        6087         0.9        0          1178     1154812    19862      50063.87   14857.92
Global   240      1513571      6306         0.8        0          752      4623547    19113      45344.93   15062.20

[1;1H[2J
Get Statistics
Type     Time(s)  Ops          TPS(ops/s)   Net(M/s)   Get_miss   Min(us)  Max(us)    Avg(us)    Std_dev    Geo_dist  
Period   10       71719        7171         0.9        0          729      412422     16869      19843.85   14354.43
Global   250      1585290      6341         1.0        0          729      4623547    19011      44510.58   15029.44

Total Statistics
Type     Time(s)  Ops          TPS(ops/s)   Net(M/s)   Get_miss   Min(us)  Max(us)    Avg(us)    Std_dev    Geo_dist  
Period   10       71719        7171         0.9        0          729      412422     16869      19843.85   14354.43
Global   250      1585290      6341         1.0        0          729      4623547    19011      44510.58   15029.44

[1;1H[2J
Get Statistics
Type     Time(s)  Ops          TPS(ops/s)   Net(M/s)   Get_miss   Min(us)  Max(us)    Avg(us)    Std_dev    Geo_dist  
Period   10       44680        4468         0.9        0          797      2029682    26954      108867.83  16461.29
Global   260      1629970      6269         0.6        0          729      4623547    19229      47470.37   15066.98

Total Statistics
Type     Time(s)  Ops          TPS(ops/s)   Net(M/s)   Get_miss   Min(us)  Max(us)    Avg(us)    Std_dev    Geo_dist  
Period   10       44680        4468         0.9        0          797      2029682    26954      108867.83  16461.29
Global   260      1629970      6269         0.6        0          729      4623547    19229      47470.37   15066.98

[1;1H[2J
Get Statistics
Type     Time(s)  Ops          TPS(ops/s)   Net(M/s)   Get_miss   Min(us)  Max(us)    Avg(us)    Std_dev    Geo_dist  
Period   10       65287        6528         0.9        0          859      953176     18594      26542.95   14921.43
Global   270      1695257      6278         0.9        0          729      4623547    19204      46838.24   15061.35

Total Statistics
Type     Time(s)  Ops          TPS(ops/s)   Net(M/s)   Get_miss   Min(us)  Max(us)    Avg(us)    Std_dev    Geo_dist  
Period   10       65287        6528         0.9        0          859      953176     18594      26542.95   14921.43
Global   270      1695257      6278         0.9        0          729      4623547    19204      46838.24   15061.35

[1;1H[2J
Get Statistics
Type     Time(s)  Ops          TPS(ops/s)   Net(M/s)   Get_miss   Min(us)  Max(us)    Avg(us)    Std_dev    Geo_dist  
Period   10       63361        6336         0.9        0          1034     298347     19106      25622.20   15216.64
Global   280      1758618      6280         0.9        0          729      4623547    19201      46242.97   15066.92

Total Statistics
Type     Time(s)  Ops          TPS(ops/s)   Net(M/s)   Get_miss   Min(us)  Max(us)    Avg(us)    Std_dev    Geo_dist  
Period   10       63361        6336         0.9        0          1034     298347     19106      25622.20   15216.64
Global   280      1758618      6280         0.9        0          729      4623547    19201      46242.97   15066.92

[1;1H[2J
Get Statistics
Type     Time(s)  Ops          TPS(ops/s)   Net(M/s)   Get_miss   Min(us)  Max(us)    Avg(us)    Std_dev    Geo_dist  
Period   10       64818        6481         0.9        0          880      337695     18649      22224.51   15299.29
Global   290      1823436      6287         0.9        0          729      4623547    19181      45606.80   15075.11

Total Statistics
Type     Time(s)  Ops          TPS(ops/s)   Net(M/s)   Get_miss   Min(us)  Max(us)    Avg(us)    Std_dev    Geo_dist  
Period   10       64818        6481         0.9        0          880      337695     18649      22224.51   15299.29
Global   290      1823436      6287         0.9        0          729      4623547    19181      45606.80   15075.11

[1;1H[2J
Get Statistics
Type     Time(s)  Ops          TPS(ops/s)   Net(M/s)   Get_miss   Min(us)  Max(us)    Avg(us)    Std_dev    Geo_dist  
Period   10       66248        6624         0.9        0          1006     347332     18264      20022.79   15277.70
Global   300      1889684      6298         0.9        0          729      4623547    19149      44957.07   15082.17

Total Statistics
Type     Time(s)  Ops          TPS(ops/s)   Net(M/s)   Get_miss   Min(us)  Max(us)    Avg(us)    Std_dev    Geo_dist  
Period   10       66248        6624         0.9        0          1006     347332     18264      20022.79   15277.70
Global   300      1889684      6298         0.9        0          729      4623547    19149      44957.07   15082.17

[1;1H[2J
Get Statistics
Type     Time(s)  Ops          TPS(ops/s)   Net(M/s)   Get_miss   Min(us)  Max(us)    Avg(us)    Std_dev    Geo_dist  
Period   10       65782        6578         0.9        0          1299     621096     18387      32434.91   14842.97
Global   310      1955466      6307         0.9        0          729      4623547    19123      44593.38   15074.06

Total Statistics
Type     Time(s)  Ops          TPS(ops/s)   Net(M/s)   Get_miss   Min(us)  Max(us)    Avg(us)    Std_dev    Geo_dist  
Period   10       65782        6578         0.9        0          1299     621096     18387      32434.91   14842.97
Global   310      1955466      6307         0.9        0          729      4623547    19123      44593.38   15074.06

[1;1H[2J
Get Statistics
Type     Time(s)  Ops          TPS(ops/s)   Net(M/s)   Get_miss   Min(us)  Max(us)    Avg(us)    Std_dev    Geo_dist  
Period   10       57627        5762         0.9        0          1239     577453     19845      34474.38   15209.81
Global   320      2013093      6290         0.8        0          729      4623547    19144      44335.85   15077.93

Total Statistics
Type     Time(s)  Ops          TPS(ops/s)   Net(M/s)   Get_miss   Min(us)  Max(us)    Avg(us)    Std_dev    Geo_dist  
Period   10       57627        5762         0.9        0          1239     577453     19845      34474.38   15209.81
Global   320      2013093      6290         0.8        0          729      4623547    19144      44335.85   15077.93

[1;1H[2J
Get Statistics
Type     Time(s)  Ops          TPS(ops/s)   Net(M/s)   Get_miss   Min(us)  Max(us)    Avg(us)    Std_dev    Geo_dist  
Period   10       64936        6493         0.9        0          1003     777287     19632      39281.46   15136.29
Global   330      2078029      6297         0.9        0          729      4623547    19159      44186.84   15079.75

Total Statistics
Type     Time(s)  Ops          TPS(ops/s)   Net(M/s)   Get_miss   Min(us)  Max(us)    Avg(us)    Std_dev    Geo_dist  
Period   10       64936        6493         0.9        0          1003     777287     19632      39281.46   15136.29
Global   330      2078029      6297         0.9        0          729      4623547    19159      44186.84   15079.75

[1;1H[2J
Get Statistics
Type     Time(s)  Ops          TPS(ops/s)   Net(M/s)   Get_miss   Min(us)  Max(us)    Avg(us)    Std_dev    Geo_dist  
Period   10       66565        6656         0.9        0          868      326984     18172      20779.63   15074.20
Global   340      2144594      6307         0.9        0          729      4623547    19129      43649.53   15079.58

Total Statistics
Type     Time(s)  Ops          TPS(ops/s)   Net(M/s)   Get_miss   Min(us)  Max(us)    Avg(us)    Std_dev    Geo_dist  
Period   10       66565        6656         0.9        0          868      326984     18172      20779.36   15069.73
Global   340      2144594      6307         0.9        0          729      4623547    19129      43649.53   15079.58

[1;1H[2J
Get Statistics
Type     Time(s)  Ops          TPS(ops/s)   Net(M/s)   Get_miss   Min(us)  Max(us)    Avg(us)    Std_dev    Geo_dist  
Period   10       66527        6652         0.9        0          834      1373917    18181      35069.07   14713.15
Global   350      2211121      6317         0.9        0          729      4623547    19100      43416.62   15068.42

Total Statistics
Type     Time(s)  Ops          TPS(ops/s)   Net(M/s)   Get_miss   Min(us)  Max(us)    Avg(us)    Std_dev    Geo_dist  
Period   10       66527        6652         0.9        0          834      1373917    18181      35069.07   14713.15
Global   350      2211121      6317         0.9        0          729      4623547    19100      43416.62   15068.42

[1;1H[2J
Get Statistics
Type     Time(s)  Ops          TPS(ops/s)   Net(M/s)   Get_miss   Min(us)  Max(us)    Avg(us)    Std_dev    Geo_dist  
Period   10       78785        7878         0.9        0          734      424301     15354      21151.42   12183.88
Global   360      2289906      6360         1.1        0          729      4623547    18971      42848.71   14958.66

Total Statistics
Type     Time(s)  Ops          TPS(ops/s)   Net(M/s)   Get_miss   Min(us)  Max(us)    Avg(us)    Std_dev    Geo_dist  
Period   10       78785        7878         0.9        0          734      424301     15354      21151.42   12183.88
Global   360      2289906      6360         1.1        0          729      4623547    18971      42848.71   14958.66

Get Statistics (2290026 events)
   Min:       729
   Max:   4623547
   Avg:     18971
   Geo:  14958.20
   Std:  42847.41
   Log2 Dist:
       8:        0        0      108     4667
      12:    24879    25716   1290794   839369
      16:    64536    21833    11520     4165
      20:     1847      353      237        2

Total Statistics (2290026 events)
   Min:       729
   Max:   4623547
   Avg:     18971
   Geo:  14958.20
   Std:  42847.41
   Log2 Dist:
       8:        0        0      108     4667
      12:    24879    25716   1290794   839369
      16:    64536    21833    11520     4165
      20:     1847      353      237        2

cmd_get: 2290146
cmd_set: 122880
get_misses: 0
written_bytes: 70041372
read_bytes: 378837330
object_bytes: 17694720

Run time: 362.1s Ops: 2413026 TPS: 6664 Net_rate: 1.2M/s
