servers : 10.0.0.6:11212
threads count: 120
concurrency: 120
run time: 360s
windows size: 1k
set proportion: set_prop=0.00
get proportion: get_prop=1.00
[1;1H[2J
Get Statistics
Type     Time(s)  Ops          TPS(ops/s)   Net(M/s)   Get_miss   Min(us)  Max(us)    Avg(us)    Std_dev    Geo_dist  
Period   10       63513        6351         0.9        0          734      228027     18951      15034.62   16414.37
Global   10       63513        6351         0.9        0          734      228027     18951      15034.62   16414.37

Total Statistics
Type     Time(s)  Ops          TPS(ops/s)   Net(M/s)   Get_miss   Min(us)  Max(us)    Avg(us)    Std_dev    Geo_dist  
Period   10       63513        6351         0.9        0          734      228027     18951      15034.62   16414.37
Global   10       63513        6351         0.9        0          734      228027     18951      15034.62   16414.37

[1;1H[2J
Get Statistics
Type     Time(s)  Ops          TPS(ops/s)   Net(M/s)   Get_miss   Min(us)  Max(us)    Avg(us)    Std_dev    Geo_dist  
Period   10       57679        5767         0.8        0          771      1162320    20890      56253.51   15347.71
Global   20       121192       6059         0.8        0          734      1162320    19874      40316.74   15897.77

Total Statistics
Type     Time(s)  Ops          TPS(ops/s)   Net(M/s)   Get_miss   Min(us)  Max(us)    Avg(us)    Std_dev    Geo_dist  
Period   10       57679        5767         0.8        0          771      1162320    20890      56253.51   15347.71
Global   20       121192       6059         0.8        0          734      1162320    19874      40316.74   15897.77

[1;1H[2J
Get Statistics
Type     Time(s)  Ops          TPS(ops/s)   Net(M/s)   Get_miss   Min(us)  Max(us)    Avg(us)    Std_dev    Geo_dist  
Period   10       67343        6734         0.9        0          930      780458     16725      18470.09   14831.61
Global   30       188535       6284         0.9        0          734      1162320    18749      34190.37   15508.42

Total Statistics
Type     Time(s)  Ops          TPS(ops/s)   Net(M/s)   Get_miss   Min(us)  Max(us)    Avg(us)    Std_dev    Geo_dist  
Period   10       67343        6734         0.9        0          930      780458     16725      18470.09   14831.61
Global   30       188535       6284         0.9        0          734      1162320    18749      34190.37   15508.42

[1;1H[2J
Get Statistics
Type     Time(s)  Ops          TPS(ops/s)   Net(M/s)   Get_miss   Min(us)  Max(us)    Avg(us)    Std_dev    Geo_dist  
Period   10       60975        6097         0.9        0          1292     1656198    21034      55494.25   15402.89
Global   40       249510       6237         0.8        0          734      1656198    19308      40457.75   15482.57

Total Statistics
Type     Time(s)  Ops          TPS(ops/s)   Net(M/s)   Get_miss   Min(us)  Max(us)    Avg(us)    Std_dev    Geo_dist  
Period   10       60975        6097         0.9        0          1292     1656198    21034      55494.25   15402.89
Global   40       249510       6237         0.8        0          734      1656198    19308      40457.75   15482.57

[1;1H[2J
Get Statistics
Type     Time(s)  Ops          TPS(ops/s)   Net(M/s)   Get_miss   Min(us)  Max(us)    Avg(us)    Std_dev    Geo_dist  
Period   10       66118        6611         0.9        0          758      329146     18214      19684.14   15423.72
Global   50       315628       6312         0.9        0          734      1656198    19079      37085.06   15470.22

Total Statistics
Type     Time(s)  Ops          TPS(ops/s)   Net(M/s)   Get_miss   Min(us)  Max(us)    Avg(us)    Std_dev    Geo_dist  
Period   10       66118        6611         0.9        0          758      329146     18214      19684.14   15423.72
Global   50       315628       6312         0.9        0          734      1656198    19079      37085.06   15470.22

[1;1H[2J
Get Statistics
Type     Time(s)  Ops          TPS(ops/s)   Net(M/s)   Get_miss   Min(us)  Max(us)    Avg(us)    Std_dev    Geo_dist  
Period   10       68127        6812         0.9        0          1283     191972     17520      14169.35   15274.44
Global   60       383755       6395         0.9        0          734      1656198    18802      34163.62   15435.28

Total Statistics
Type     Time(s)  Ops          TPS(ops/s)   Net(M/s)   Get_miss   Min(us)  Max(us)    Avg(us)    Std_dev    Geo_dist  
Period   10       68127        6812         0.9        0          1283     191972     17520      14169.35   15274.44
Global   60       383755       6395         0.9        0          734      1656198    18802      34163.62   15435.28

[1;1H[2J
Get Statistics
Type     Time(s)  Ops          TPS(ops/s)   Net(M/s)   Get_miss   Min(us)  Max(us)    Avg(us)    Std_dev    Geo_dist  
Period   10       58660        5866         0.9        0          730      413067     19956      29558.26   15517.42
Global   70       442415       6320         0.8        0          730      1656198    18955      33591.58   15446.15

Total Statistics
Type     Time(s)  Ops          TPS(ops/s)   Net(M/s)   Get_miss   Min(us)  Max(us)    Avg(us)    Std_dev    Geo_dist  
Period   10       58660        5866         0.9        0          730      413067     19956      29558.26   15517.42
Global   70       442415       6320         0.8        0          730      1656198    18955      33591.58   15446.15

[1;1H[2J
Get Statistics
Type     Time(s)  Ops          TPS(ops/s)   Net(M/s)   Get_miss   Min(us)  Max(us)    Avg(us)    Std_dev    Geo_dist  
Period   10       59675        5967         0.9        0          1627     957964     20724      39706.92   15975.16
Global   80       502090       6276         0.8        0          730      1656198    19165      34380.28   15508.09

Total Statistics
Type     Time(s)  Ops          TPS(ops/s)   Net(M/s)   Get_miss   Min(us)  Max(us)    Avg(us)    Std_dev    Geo_dist  
Period   10       59675        5967         0.9        0          1627     957964     20724      39706.92   15975.16
Global   80       502090       6276         0.8        0          730      1656198    19165      34380.28   15508.09

[1;1H[2J
Get Statistics
Type     Time(s)  Ops          TPS(ops/s)   Net(M/s)   Get_miss   Min(us)  Max(us)    Avg(us)    Std_dev    Geo_dist  
Period   10       46807        4680         0.8        0          1346     4168581    26033      129947.17  15549.96
Global   90       548897       6098         0.6        0          730      4168581    19751      50247.56   15511.66

Total Statistics
Type     Time(s)  Ops          TPS(ops/s)   Net(M/s)   Get_miss   Min(us)  Max(us)    Avg(us)    Std_dev    Geo_dist  
Period   10       46807        4680         0.8        0          1346     4168581    26033      129947.17  15549.96
Global   90       548897       6098         0.6        0          730      4168581    19751      50247.56   15511.66

[1;1H[2J
Get Statistics
Type     Time(s)  Ops          TPS(ops/s)   Net(M/s)   Get_miss   Min(us)  Max(us)    Avg(us)    Std_dev    Geo_dist  
Period   10       64571        6457         0.8        0          899      276354     18619      19329.79   15786.28
Global   100      613468       6134         0.9        0          730      4168581    19632      47942.75   15540.34

Total Statistics
Type     Time(s)  Ops          TPS(ops/s)   Net(M/s)   Get_miss   Min(us)  Max(us)    Avg(us)    Std_dev    Geo_dist  
Period   10       64571        6457         0.8        0          899      276354     18619      19329.79   15786.28
Global   100      613468       6134         0.9        0          730      4168581    19632      47942.75   15540.34

[1;1H[2J
Get Statistics
Type     Time(s)  Ops          TPS(ops/s)   Net(M/s)   Get_miss   Min(us)  Max(us)    Avg(us)    Std_dev    Geo_dist  
Period   10       65122        6512         0.8        0          1376     460079     18532      27328.94   15238.99
Global   110      678590       6169         0.9        0          730      4168581    19526      46365.10   15511.16

Total Statistics
Type     Time(s)  Ops          TPS(ops/s)   Net(M/s)   Get_miss   Min(us)  Max(us)    Avg(us)    Std_dev    Geo_dist  
Period   10       65122        6512         0.8        0          1376     460079     18532      27328.94   15238.99
Global   110      678590       6169         0.9        0          730      4168581    19526      46365.10   15511.16

[1;1H[2J
Get Statistics
Type     Time(s)  Ops          TPS(ops/s)   Net(M/s)   Get_miss   Min(us)  Max(us)    Avg(us)    Std_dev    Geo_dist  
Period   10       62067        6206         0.8        0          1180     646036     19401      33418.27   15205.53
Global   120      740657       6172         0.9        0          730      4168581    19516      45421.84   15485.32

Total Statistics
Type     Time(s)  Ops          TPS(ops/s)   Net(M/s)   Get_miss   Min(us)  Max(us)    Avg(us)    Std_dev    Geo_dist  
Period   10       62067        6206         0.8        0          1180     646036     19401      33418.27   15205.53
Global   120      740657       6172         0.9        0          730      4168581    19516      45421.84   15485.32

[1;1H[2J
Get Statistics
Type     Time(s)  Ops          TPS(ops/s)   Net(M/s)   Get_miss   Min(us)  Max(us)    Avg(us)    Std_dev    Geo_dist  
Period   10       63085        6308         0.8        0          1080     242167     19108      16357.08   16316.08
Global   130      803742       6182         0.9        0          730      4168581    19484      43843.13   15548.96

Total Statistics
Type     Time(s)  Ops          TPS(ops/s)   Net(M/s)   Get_miss   Min(us)  Max(us)    Avg(us)    Std_dev    Geo_dist  
Period   10       63085        6308         0.8        0          1080     242167     19108      16357.08   16316.08
Global   130      803742       6182         0.9        0          730      4168581    19484      43843.13   15548.96

[1;1H[2J
Get Statistics
Type     Time(s)  Ops          TPS(ops/s)   Net(M/s)   Get_miss   Min(us)  Max(us)    Avg(us)    Std_dev    Geo_dist  
Period   10       56958        5695         0.8        0          814      2661637    21027      110981.95  14727.57
Global   140      860700       6147         0.8        0          730      4168581    19586      51090.57   15493.22

Total Statistics
Type     Time(s)  Ops          TPS(ops/s)   Net(M/s)   Get_miss   Min(us)  Max(us)    Avg(us)    Std_dev    Geo_dist  
Period   10       56958        5695         0.8        0          814      2661637    21027      110981.95  14727.57
Global   140      860700       6147         0.8        0          730      4168581    19586      51090.57   15493.22

[1;1H[2J
Get Statistics
Type     Time(s)  Ops          TPS(ops/s)   Net(M/s)   Get_miss   Min(us)  Max(us)    Avg(us)    Std_dev    Geo_dist  
Period   10       68791        6879         0.9        0          796      474735     17613      25382.57   14703.06
Global   150      929491       6196         0.9        0          730      4168581    19440      49648.88   15433.31

Total Statistics
Type     Time(s)  Ops          TPS(ops/s)   Net(M/s)   Get_miss   Min(us)  Max(us)    Avg(us)    Std_dev    Geo_dist  
Period   10       68791        6879         0.9        0          796      474735     17613      25382.57   14703.06
Global   150      929491       6196         0.9        0          730      4168581    19440      49648.88   15433.31

[1;1H[2J
Get Statistics
Type     Time(s)  Ops          TPS(ops/s)   Net(M/s)   Get_miss   Min(us)  Max(us)    Avg(us)    Std_dev    Geo_dist  
Period   10       62070        6207         0.9        0          724      943940     19337      43512.03   15212.77
Global   160      991561       6197         0.9        0          724      4168581    19433      49287.35   15419.41

Total Statistics
Type     Time(s)  Ops          TPS(ops/s)   Net(M/s)   Get_miss   Min(us)  Max(us)    Avg(us)    Std_dev    Geo_dist  
Period   10       62070        6207         0.9        0          724      943940     19337      43512.03   15212.77
Global   160      991561       6197         0.9        0          724      4168581    19433      49287.35   15419.41

[1;1H[2J
Get Statistics
Type     Time(s)  Ops          TPS(ops/s)   Net(M/s)   Get_miss   Min(us)  Max(us)    Avg(us)    Std_dev    Geo_dist  
Period   10       64766        6476         0.9        0          1311     296220     18662      20208.19   15638.29
Global   170      1056327      6213         0.9        0          724      4168581    19386      48014.18   15432.74

Total Statistics
Type     Time(s)  Ops          TPS(ops/s)   Net(M/s)   Get_miss   Min(us)  Max(us)    Avg(us)    Std_dev    Geo_dist  
Period   10       64766        6476         0.9        0          1311     296220     18662      20208.19   15638.29
Global   170      1056327      6213         0.9        0          724      4168581    19386      48014.18   15432.74

[1;1H[2J
Get Statistics
Type     Time(s)  Ops          TPS(ops/s)   Net(M/s)   Get_miss   Min(us)  Max(us)    Avg(us)    Std_dev    Geo_dist  
Period   10       53773        5377         0.8        0          1143     833954     22412      55725.62   15750.84
Global   180      1110100      6167         0.7        0          724      4168581    19533      48420.20   15448.00

Total Statistics
Type     Time(s)  Ops          TPS(ops/s)   Net(M/s)   Get_miss   Min(us)  Max(us)    Avg(us)    Std_dev    Geo_dist  
Period   10       53773        5377         0.8        0          1143     833954     22412      55725.62   15750.84
Global   180      1110100      6167         0.7        0          724      4168581    19533      48420.20   15448.00

[1;1H[2J
Get Statistics
Type     Time(s)  Ops          TPS(ops/s)   Net(M/s)   Get_miss   Min(us)  Max(us)    Avg(us)    Std_dev    Geo_dist  
Period   10       70035        7003         0.9        0          937      238998     17197      14746.83   14994.75
Global   190      1180135      6211         1.0        0          724      4168581    19394      47102.07   15420.73

Total Statistics
Type     Time(s)  Ops          TPS(ops/s)   Net(M/s)   Get_miss   Min(us)  Max(us)    Avg(us)    Std_dev    Geo_dist  
Period   10       70035        7003         0.9        0          937      238998     17197      14746.83   14994.75
Global   190      1180135      6211         1.0        0          724      4168581    19394      47102.07   15420.73

[1;1H[2J
Get Statistics
Type     Time(s)  Ops          TPS(ops/s)   Net(M/s)   Get_miss   Min(us)  Max(us)    Avg(us)    Std_dev    Geo_dist  
Period   10       62541        6254         0.9        0          815      729226     19259      33470.15   15705.30
Global   200      1242676      6213         0.9        0          724      4168581    19387      46511.66   15434.92

Total Statistics
Type     Time(s)  Ops          TPS(ops/s)   Net(M/s)   Get_miss   Min(us)  Max(us)    Avg(us)    Std_dev    Geo_dist  
Period   10       62541        6254         0.9        0          815      729226     19259      33470.15   15705.30
Global   200      1242676      6213         0.9        0          724      4168581    19387      46511.66   15434.92

[1;1H[2J
Get Statistics
Type     Time(s)  Ops          TPS(ops/s)   Net(M/s)   Get_miss   Min(us)  Max(us)    Avg(us)    Std_dev    Geo_dist  
Period   10       65046        6504         0.9        0          896      833462     18280      33833.80   15143.71
Global   210      1307722      6227         0.9        0          724      4168581    19332      45964.38   15420.31

Total Statistics
Type     Time(s)  Ops          TPS(ops/s)   Net(M/s)   Get_miss   Min(us)  Max(us)    Avg(us)    Std_dev    Geo_dist  
Period   10       65047        6504         0.9        0          896      833462     18280      33833.49   15143.66
Global   210      1307723      6227         0.9        0          724      4168581    19332      45964.36   15420.31

[1;1H[2J
Get Statistics
Type     Time(s)  Ops          TPS(ops/s)   Net(M/s)   Get_miss   Min(us)  Max(us)    Avg(us)    Std_dev    Geo_dist  
Period   10       63139        6313         0.9        0          553      1395303    19334      28864.68   15749.36
Global   220      1370861      6231         0.9        0          553      4168581    19332      45318.80   15435.42

Total Statistics
Type     Time(s)  Ops          TPS(ops/s)   Net(M/s)   Get_miss   Min(us)  Max(us)    Avg(us)    Std_dev    Geo_dist  
Period   10       63138        6313         0.9        0          553      1395303    19335      28864.34   15751.77
Global   220      1370861      6231         0.9        0          553      4168581    19332      45318.80   15435.42

[1;1H[2J
Get Statistics
Type     Time(s)  Ops          TPS(ops/s)   Net(M/s)   Get_miss   Min(us)  Max(us)    Avg(us)    Std_dev    Geo_dist  
Period   10       51281        5128         0.8        0          915      1267940    23482      56094.27   15936.37
Global   230      1422142      6183         0.7        0          553      4168581    19482      45757.84   15453.20

Total Statistics
Type     Time(s)  Ops          TPS(ops/s)   Net(M/s)   Get_miss   Min(us)  Max(us)    Avg(us)    Std_dev    Geo_dist  
Period   10       51281        5128         0.8        0          915      1267940    23482      56094.27   15936.37
Global   230      1422142      6183         0.7        0          553      4168581    19482      45757.84   15453.20

[1;1H[2J
Get Statistics
Type     Time(s)  Ops          TPS(ops/s)   Net(M/s)   Get_miss   Min(us)  Max(us)    Avg(us)    Std_dev    Geo_dist  
Period   10       57801        5780         0.8        0          1060     1149833    20826      51456.27   15376.54
Global   240      1479943      6166         0.8        0          553      4168581    19534      45994.58   15450.20

Total Statistics
Type     Time(s)  Ops          TPS(ops/s)   Net(M/s)   Get_miss   Min(us)  Max(us)    Avg(us)    Std_dev    Geo_dist  
Period   10       57801        5780         0.8        0          1060     1149833    20826      51456.27   15376.54
Global   240      1479943      6166         0.8        0          553      4168581    19534      45994.58   15450.20

[1;1H[2J
Get Statistics
Type     Time(s)  Ops          TPS(ops/s)   Net(M/s)   Get_miss   Min(us)  Max(us)    Avg(us)    Std_dev    Geo_dist  
Period   10       69331        6933         0.9        0          1136     409743     17389      20303.80   14802.62
Global   250      1549274      6197         1.0        0          553      4168581    19438      45160.56   15420.63

Total Statistics
Type     Time(s)  Ops          TPS(ops/s)   Net(M/s)   Get_miss   Min(us)  Max(us)    Avg(us)    Std_dev    Geo_dist  
Period   10       69331        6933         0.9        0          1136     409743     17389      20303.80   14802.62
Global   250      1549274      6197         1.0        0          553      4168581    19438      45160.56   15420.63

[1;1H[2J
Get Statistics
Type     Time(s)  Ops          TPS(ops/s)   Net(M/s)   Get_miss   Min(us)  Max(us)    Avg(us)    Std_dev    Geo_dist  
Period   10       47873        4787         0.8        0          912      2028174    25161      101986.60  16522.94
Global   260      1597147      6142         0.7        0          553      4168581    19610      47864.82   15452.57

Total Statistics
Type     Time(s)  Ops          TPS(ops/s)   Net(M/s)   Get_miss   Min(us)  Max(us)    Avg(us)    Std_dev    Geo_dist  
Period   10       47873        4787         0.8        0          912      2028174    25161      101986.60  16522.94
Global   260      1597147      6142         0.7        0          553      4168581    19610      47864.82   15452.57

[1;1H[2J
Get Statistics
Type     Time(s)  Ops          TPS(ops/s)   Net(M/s)   Get_miss   Min(us)  Max(us)    Avg(us)    Std_dev    Geo_dist  
Period   10       58878        5887         0.8        0          904      952373     20442      36320.02   15552.48
Global   270      1656025      6133         0.8        0          553      4168581    19640      47502.56   15456.11

Total Statistics
Type     Time(s)  Ops          TPS(ops/s)   Net(M/s)   Get_miss   Min(us)  Max(us)    Avg(us)    Std_dev    Geo_dist  
Period   10       58878        5887         0.8        0          904      952373     20442      36320.02   15552.48
Global   270      1656025      6133         0.8        0          553      4168581    19640      47502.56   15456.11

[1;1H[2J
Get Statistics
Type     Time(s)  Ops          TPS(ops/s)   Net(M/s)   Get_miss   Min(us)  Max(us)    Avg(us)    Std_dev    Geo_dist  
Period   10       63150        6315         0.8        0          1139     298091     19094      24577.97   15487.87
Global   280      1719175      6139         0.9        0          553      4168581    19620      46859.40   15457.28

Total Statistics
Type     Time(s)  Ops          TPS(ops/s)   Net(M/s)   Get_miss   Min(us)  Max(us)    Avg(us)    Std_dev    Geo_dist  
Period   10       63150        6315         0.8        0          1139     298091     19094      24577.97   15487.87
Global   280      1719175      6139         0.9        0          553      4168581    19620      46859.40   15457.28

[1;1H[2J
Get Statistics
Type     Time(s)  Ops          TPS(ops/s)   Net(M/s)   Get_miss   Min(us)  Max(us)    Avg(us)    Std_dev    Geo_dist  
Period   10       62277        6227         0.8        0          1037     336156     19361      23645.11   15689.54
Global   290      1781452      6142         0.9        0          553      4168581    19610      46245.27   15465.34

Total Statistics
Type     Time(s)  Ops          TPS(ops/s)   Net(M/s)   Get_miss   Min(us)  Max(us)    Avg(us)    Std_dev    Geo_dist  
Period   10       62277        6227         0.8        0          1037     336156     19361      23645.11   15689.54
Global   290      1781452      6142         0.9        0          553      4168581    19610      46245.27   15465.34

[1;1H[2J
Get Statistics
Type     Time(s)  Ops          TPS(ops/s)   Net(M/s)   Get_miss   Min(us)  Max(us)    Avg(us)    Std_dev    Geo_dist  
Period   10       64911        6491         0.8        0          1006     330851     18485      20023.17   15619.70
Global   300      1846363      6154         0.9        0          553      4168581    19571      45580.21   15470.74

Total Statistics
Type     Time(s)  Ops          TPS(ops/s)   Net(M/s)   Get_miss   Min(us)  Max(us)    Avg(us)    Std_dev    Geo_dist  
Period   10       64911        6491         0.8        0          1006     330851     18485      20023.17   15619.70
Global   300      1846363      6154         0.9        0          553      4168581    19571      45580.21   15470.74

[1;1H[2J
Get Statistics
Type     Time(s)  Ops          TPS(ops/s)   Net(M/s)   Get_miss   Min(us)  Max(us)    Avg(us)    Std_dev    Geo_dist  
Period   10       68094        6809         0.8        0          1114     370573     17756      20625.91   15198.61
Global   310      1914457      6175         0.9        0          553      4168581    19506      44932.42   15460.98

Total Statistics
Type     Time(s)  Ops          TPS(ops/s)   Net(M/s)   Get_miss   Min(us)  Max(us)    Avg(us)    Std_dev    Geo_dist  
Period   10       68094        6809         0.8        0          1114     370573     17756      20625.91   15198.61
Global   310      1914457      6175         0.9        0          553      4168581    19506      44932.42   15460.98

[1;1H[2J
Get Statistics
Type     Time(s)  Ops          TPS(ops/s)   Net(M/s)   Get_miss   Min(us)  Max(us)    Avg(us)    Std_dev    Geo_dist  
Period   10       56255        5625         0.8        0          1141     620817     21478      44034.19   15692.88
Global   320      1970712      6158         0.8        0          553      4168581    19563      44907.91   15467.55

Total Statistics
Type     Time(s)  Ops          TPS(ops/s)   Net(M/s)   Get_miss   Min(us)  Max(us)    Avg(us)    Std_dev    Geo_dist  
Period   10       56255        5625         0.8        0          1141     620817     21478      44034.19   15692.88
Global   320      1970712      6158         0.8        0          553      4168581    19563      44907.91   15467.55

[1;1H[2J
Get Statistics
Type     Time(s)  Ops          TPS(ops/s)   Net(M/s)   Get_miss   Min(us)  Max(us)    Avg(us)    Std_dev    Geo_dist  
Period   10       60071        6007         0.8        0          1149     780000     20138      40938.49   15407.50
Global   330      2030783      6153         0.8        0          553      4168581    19580      44795.64   15465.77

Total Statistics
Type     Time(s)  Ops          TPS(ops/s)   Net(M/s)   Get_miss   Min(us)  Max(us)    Avg(us)    Std_dev    Geo_dist  
Period   10       60072        6007         0.8        0          1149     780000     20138      40938.11   15407.49
Global   330      2030784      6153         0.8        0          553      4168581    19580      44795.63   15465.77

[1;1H[2J
Get Statistics
Type     Time(s)  Ops          TPS(ops/s)   Net(M/s)   Get_miss   Min(us)  Max(us)    Avg(us)    Std_dev    Geo_dist  
Period   10       65269        6526         0.8        0          996      325021     18530      20962.54   15369.06
Global   340      2096052      6164         0.9        0          553      4168581    19547      44248.08   15462.82

Total Statistics
Type     Time(s)  Ops          TPS(ops/s)   Net(M/s)   Get_miss   Min(us)  Max(us)    Avg(us)    Std_dev    Geo_dist  
Period   10       65268        6526         0.8        0          996      325021     18531      20961.94   15371.33
Global   340      2096052      6164         0.9        0          553      4168581    19547      44248.08   15462.82

[1;1H[2J
Get Statistics
Type     Time(s)  Ops          TPS(ops/s)   Net(M/s)   Get_miss   Min(us)  Max(us)    Avg(us)    Std_dev    Geo_dist  
Period   10       65593        6559         0.8        0          952      1368072    18438      35037.79   15038.67
Global   350      2161645      6176         0.9        0          553      4168581    19513      43997.54   15449.78

Total Statistics
Type     Time(s)  Ops          TPS(ops/s)   Net(M/s)   Get_miss   Min(us)  Max(us)    Avg(us)    Std_dev    Geo_dist  
Period   10       65593        6559         0.8        0          952      1368072    18438      35037.79   15038.67
Global   350      2161645      6176         0.9        0          553      4168581    19513      43997.54   15449.78

[1;1H[2J
Get Statistics
Type     Time(s)  Ops          TPS(ops/s)   Net(M/s)   Get_miss   Min(us)  Max(us)    Avg(us)    Std_dev    Geo_dist  
Period   10       69252        6925         0.9        0          685      423262     17465      22309.09   14593.70
Global   360      2230897      6196         1.0        0          553      4168581    19450      43488.45   15422.46

Total Statistics
Type     Time(s)  Ops          TPS(ops/s)   Net(M/s)   Get_miss   Min(us)  Max(us)    Avg(us)    Std_dev    Geo_dist  
Period   10       69253        6925         0.9        0          685      423262     17465      22308.95   14591.82
Global   360      2230898      6196         1.0        0          553      4168581    19450      43488.44   15422.46

Get Statistics (2231018 events)
   Min:       553
   Max:   4168581
   Avg:     19450
   Geo:  15422.48
   Std:  43487.22
   Log2 Dist:
       8:        0        0       55     2269
      12:    15748    19271   1218461   868423
      16:    66649    22049    11422     4237
      20:     1853      341      240

Total Statistics (2231018 events)
   Min:       553
   Max:   4168581
   Avg:     19450
   Geo:  15422.48
   Std:  43487.22
   Log2 Dist:
       8:        0        0       55     2269
      12:    15748    19271   1218461   868423
      16:    66649    22049    11422     4237
      20:     1853      341      240

cmd_get: 2231138
cmd_set: 122880
get_misses: 0
written_bytes: 68743196
read_bytes: 369101010
object_bytes: 17694720

Run time: 361.7s Ops: 2354018 TPS: 6509 Net_rate: 1.2M/s
